[2021-07-20 16:15:36,791] {taskinstance.py:876} INFO - Dependencies all met for <TaskInstance: trigger_rule.task2 2021-07-20T16:15:35.180434+00:00 [queued]>
[2021-07-20 16:15:36,845] {taskinstance.py:876} INFO - Dependencies all met for <TaskInstance: trigger_rule.task2 2021-07-20T16:15:35.180434+00:00 [queued]>
[2021-07-20 16:15:36,846] {taskinstance.py:1067} INFO - 
--------------------------------------------------------------------------------
[2021-07-20 16:15:36,847] {taskinstance.py:1068} INFO - Starting attempt 1 of 1
[2021-07-20 16:15:36,847] {taskinstance.py:1069} INFO - 
--------------------------------------------------------------------------------
[2021-07-20 16:15:36,888] {taskinstance.py:1087} INFO - Executing <Task(BashOperator): task2> on 2021-07-20T16:15:35.180434+00:00
[2021-07-20 16:15:36,894] {standard_task_runner.py:52} INFO - Started process 8835 to run task
[2021-07-20 16:15:36,927] {standard_task_runner.py:76} INFO - Running: ['airflow', 'tasks', 'run', 'trigger_rule', 'task2', '2021-07-20T16:15:35.180434+00:00', '--job-id', '221', '--pool', 'default_pool', '--raw', '--subdir', 'DAGS_FOLDER/trigger_rule.py', '--cfg-path', '/tmp/tmpmjc8jr2r', '--error-file', '/tmp/tmpww_8d8he']
[2021-07-20 16:15:36,932] {standard_task_runner.py:77} INFO - Job 221: Subtask task2
[2021-07-20 16:15:37,110] {logging_mixin.py:104} INFO - Running <TaskInstance: trigger_rule.task2 2021-07-20T16:15:35.180434+00:00 [running]> on host airflowvm
[2021-07-20 16:15:37,424] {taskinstance.py:1280} INFO - Exporting the following env vars:
AIRFLOW_CTX_DAG_OWNER=airflow
AIRFLOW_CTX_DAG_ID=trigger_rule
AIRFLOW_CTX_TASK_ID=task2
AIRFLOW_CTX_EXECUTION_DATE=2021-07-20T16:15:35.180434+00:00
AIRFLOW_CTX_DAG_RUN_ID=manual__2021-07-20T16:15:35.180434+00:00
[2021-07-20 16:15:37,425] {subprocess.py:52} INFO - Tmp dir root location: 
 /tmp
[2021-07-20 16:15:37,426] {subprocess.py:63} INFO - Running command: ['bash', '-c', 'exit 0']
[2021-07-20 16:15:37,450] {subprocess.py:75} INFO - Output:
[2021-07-20 16:15:37,458] {subprocess.py:83} INFO - Command exited with return code 0
[2021-07-20 16:15:37,499] {taskinstance.py:1184} INFO - Marking task as SUCCESS. dag_id=trigger_rule, task_id=task2, execution_date=20210720T161535, start_date=20210720T161536, end_date=20210720T161537
[2021-07-20 16:15:37,606] {taskinstance.py:1245} INFO - 1 downstream tasks scheduled from follow-on schedule check
[2021-07-20 16:15:37,656] {local_task_job.py:151} INFO - Task exited with return code 0
