[2021-07-20 16:23:37,241] {taskinstance.py:876} INFO - Dependencies all met for <TaskInstance: xcom_dag.downloading_data 2021-07-20T16:23:35.459514+00:00 [queued]>
[2021-07-20 16:23:37,298] {taskinstance.py:876} INFO - Dependencies all met for <TaskInstance: xcom_dag.downloading_data 2021-07-20T16:23:35.459514+00:00 [queued]>
[2021-07-20 16:23:37,303] {taskinstance.py:1067} INFO - 
--------------------------------------------------------------------------------
[2021-07-20 16:23:37,307] {taskinstance.py:1068} INFO - Starting attempt 1 of 1
[2021-07-20 16:23:37,308] {taskinstance.py:1069} INFO - 
--------------------------------------------------------------------------------
[2021-07-20 16:23:37,328] {taskinstance.py:1087} INFO - Executing <Task(BashOperator): downloading_data> on 2021-07-20T16:23:35.459514+00:00
[2021-07-20 16:23:37,333] {standard_task_runner.py:52} INFO - Started process 9659 to run task
[2021-07-20 16:23:37,346] {standard_task_runner.py:76} INFO - Running: ['airflow', 'tasks', 'run', 'xcom_dag', 'downloading_data', '2021-07-20T16:23:35.459514+00:00', '--job-id', '234', '--pool', 'default_pool', '--raw', '--subdir', 'DAGS_FOLDER/xcom_dag.py', '--cfg-path', '/tmp/tmpmeal4ujf', '--error-file', '/tmp/tmpe19j94ci']
[2021-07-20 16:23:37,348] {standard_task_runner.py:77} INFO - Job 234: Subtask downloading_data
[2021-07-20 16:23:37,456] {logging_mixin.py:104} INFO - Running <TaskInstance: xcom_dag.downloading_data 2021-07-20T16:23:35.459514+00:00 [running]> on host airflowvm
[2021-07-20 16:23:37,602] {taskinstance.py:1280} INFO - Exporting the following env vars:
AIRFLOW_CTX_DAG_OWNER=airflow
AIRFLOW_CTX_DAG_ID=xcom_dag
AIRFLOW_CTX_TASK_ID=downloading_data
AIRFLOW_CTX_EXECUTION_DATE=2021-07-20T16:23:35.459514+00:00
AIRFLOW_CTX_DAG_RUN_ID=manual__2021-07-20T16:23:35.459514+00:00
[2021-07-20 16:23:37,606] {subprocess.py:52} INFO - Tmp dir root location: 
 /tmp
[2021-07-20 16:23:37,610] {subprocess.py:63} INFO - Running command: ['bash', '-c', 'sleep 3']
[2021-07-20 16:23:37,618] {subprocess.py:75} INFO - Output:
[2021-07-20 16:23:40,623] {subprocess.py:83} INFO - Command exited with return code 0
[2021-07-20 16:23:40,643] {taskinstance.py:1184} INFO - Marking task as SUCCESS. dag_id=xcom_dag, task_id=downloading_data, execution_date=20210720T162335, start_date=20210720T162337, end_date=20210720T162340
[2021-07-20 16:23:40,697] {taskinstance.py:1245} INFO - 3 downstream tasks scheduled from follow-on schedule check
[2021-07-20 16:23:40,743] {local_task_job.py:151} INFO - Task exited with return code 0
