[2021-07-20 04:40:26,024] {taskinstance.py:876} INFO - Dependencies all met for <TaskInstance: xcom_dag.downloading_data 2021-07-20T04:40:24.815441+00:00 [queued]>
[2021-07-20 04:40:26,092] {taskinstance.py:876} INFO - Dependencies all met for <TaskInstance: xcom_dag.downloading_data 2021-07-20T04:40:24.815441+00:00 [queued]>
[2021-07-20 04:40:26,097] {taskinstance.py:1067} INFO - 
--------------------------------------------------------------------------------
[2021-07-20 04:40:26,098] {taskinstance.py:1068} INFO - Starting attempt 1 of 1
[2021-07-20 04:40:26,098] {taskinstance.py:1069} INFO - 
--------------------------------------------------------------------------------
[2021-07-20 04:40:26,124] {taskinstance.py:1087} INFO - Executing <Task(BashOperator): downloading_data> on 2021-07-20T04:40:24.815441+00:00
[2021-07-20 04:40:26,131] {standard_task_runner.py:52} INFO - Started process 4083 to run task
[2021-07-20 04:40:26,149] {standard_task_runner.py:76} INFO - Running: ['airflow', 'tasks', 'run', 'xcom_dag', 'downloading_data', '2021-07-20T04:40:24.815441+00:00', '--job-id', '175', '--pool', 'default_pool', '--raw', '--subdir', 'DAGS_FOLDER/xcom_dag.py', '--cfg-path', '/tmp/tmpgb94a4l7', '--error-file', '/tmp/tmppfvevvr8']
[2021-07-20 04:40:26,153] {standard_task_runner.py:77} INFO - Job 175: Subtask downloading_data
[2021-07-20 04:40:26,317] {logging_mixin.py:104} INFO - Running <TaskInstance: xcom_dag.downloading_data 2021-07-20T04:40:24.815441+00:00 [running]> on host airflowvm
[2021-07-20 04:40:26,484] {taskinstance.py:1280} INFO - Exporting the following env vars:
AIRFLOW_CTX_DAG_OWNER=airflow
AIRFLOW_CTX_DAG_ID=xcom_dag
AIRFLOW_CTX_TASK_ID=downloading_data
AIRFLOW_CTX_EXECUTION_DATE=2021-07-20T04:40:24.815441+00:00
AIRFLOW_CTX_DAG_RUN_ID=manual__2021-07-20T04:40:24.815441+00:00
[2021-07-20 04:40:26,486] {subprocess.py:52} INFO - Tmp dir root location: 
 /tmp
[2021-07-20 04:40:26,495] {subprocess.py:63} INFO - Running command: ['bash', '-c', 'sleep 3']
[2021-07-20 04:40:26,506] {subprocess.py:75} INFO - Output:
[2021-07-20 04:40:29,511] {subprocess.py:83} INFO - Command exited with return code 0
[2021-07-20 04:40:29,560] {taskinstance.py:1184} INFO - Marking task as SUCCESS. dag_id=xcom_dag, task_id=downloading_data, execution_date=20210720T044024, start_date=20210720T044026, end_date=20210720T044029
[2021-07-20 04:40:29,625] {taskinstance.py:1245} INFO - 3 downstream tasks scheduled from follow-on schedule check
[2021-07-20 04:40:29,665] {local_task_job.py:151} INFO - Task exited with return code 0
