[2021-07-19 20:32:34,537] {taskinstance.py:876} INFO - Dependencies all met for <TaskInstance: parallel_dag.task2 2020-01-01T00:00:00+00:00 [queued]>
[2021-07-19 20:32:35,371] {taskinstance.py:876} INFO - Dependencies all met for <TaskInstance: parallel_dag.task2 2020-01-01T00:00:00+00:00 [queued]>
[2021-07-19 20:32:35,373] {taskinstance.py:1067} INFO - 
--------------------------------------------------------------------------------
[2021-07-19 20:32:35,408] {taskinstance.py:1068} INFO - Starting attempt 1 of 1
[2021-07-19 20:32:35,409] {taskinstance.py:1069} INFO - 
--------------------------------------------------------------------------------
[2021-07-19 20:32:35,884] {taskinstance.py:1087} INFO - Executing <Task(BashOperator): task2> on 2020-01-01T00:00:00+00:00
[2021-07-19 20:32:36,016] {standard_task_runner.py:52} INFO - Started process 6965 to run task
[2021-07-19 20:32:36,501] {standard_task_runner.py:76} INFO - Running: ['airflow', 'tasks', 'run', 'parallel_dag', 'task2', '2020-01-01T00:00:00+00:00', '--job-id', '64', '--pool', 'default_pool', '--raw', '--subdir', 'DAGS_FOLDER/parallel_dag.py', '--cfg-path', '/tmp/tmplp9d4kwe', '--error-file', '/tmp/tmp53w7vuni']
[2021-07-19 20:32:36,674] {standard_task_runner.py:77} INFO - Job 64: Subtask task2
[2021-07-19 20:32:38,884] {logging_mixin.py:104} INFO - Running <TaskInstance: parallel_dag.task2 2020-01-01T00:00:00+00:00 [running]> on host airflowvm
[2021-07-19 20:32:40,916] {taskinstance.py:1280} INFO - Exporting the following env vars:
AIRFLOW_CTX_DAG_OWNER=airflow
AIRFLOW_CTX_DAG_ID=parallel_dag
AIRFLOW_CTX_TASK_ID=task2
AIRFLOW_CTX_EXECUTION_DATE=2020-01-01T00:00:00+00:00
AIRFLOW_CTX_DAG_RUN_ID=scheduled__2020-01-01T00:00:00+00:00
[2021-07-19 20:32:40,917] {subprocess.py:52} INFO - Tmp dir root location: 
 /tmp
[2021-07-19 20:32:40,986] {subprocess.py:63} INFO - Running command: ['bash', '-c', 'sleep 3']
[2021-07-19 20:32:41,807] {subprocess.py:75} INFO - Output:
[2021-07-19 20:32:45,153] {subprocess.py:83} INFO - Command exited with return code 0
[2021-07-19 20:32:45,810] {taskinstance.py:1184} INFO - Marking task as SUCCESS. dag_id=parallel_dag, task_id=task2, execution_date=20200101T000000, start_date=20210719T203234, end_date=20210719T203245
[2021-07-19 20:32:49,201] {taskinstance.py:1245} INFO - 0 downstream tasks scheduled from follow-on schedule check
[2021-07-19 20:32:49,361] {local_task_job.py:151} INFO - Task exited with return code 0
