[2021-07-20 14:22:00,773] {taskinstance.py:876} INFO - Dependencies all met for <TaskInstance: xcom_dag.processing_tasks.training_model_a 2021-07-20T14:21:54.318311+00:00 [queued]>
[2021-07-20 14:22:00,860] {taskinstance.py:876} INFO - Dependencies all met for <TaskInstance: xcom_dag.processing_tasks.training_model_a 2021-07-20T14:21:54.318311+00:00 [queued]>
[2021-07-20 14:22:00,861] {taskinstance.py:1067} INFO - 
--------------------------------------------------------------------------------
[2021-07-20 14:22:00,862] {taskinstance.py:1068} INFO - Starting attempt 1 of 1
[2021-07-20 14:22:00,866] {taskinstance.py:1069} INFO - 
--------------------------------------------------------------------------------
[2021-07-20 14:22:00,910] {taskinstance.py:1087} INFO - Executing <Task(PythonOperator): processing_tasks.training_model_a> on 2021-07-20T14:21:54.318311+00:00
[2021-07-20 14:22:00,931] {standard_task_runner.py:52} INFO - Started process 2129 to run task
[2021-07-20 14:22:00,960] {standard_task_runner.py:76} INFO - Running: ['airflow', 'tasks', 'run', 'xcom_dag', 'processing_tasks.training_model_a', '2021-07-20T14:21:54.318311+00:00', '--job-id', '188', '--pool', 'default_pool', '--raw', '--subdir', 'DAGS_FOLDER/xcom_dag.py', '--cfg-path', '/tmp/tmpvpi8quhp', '--error-file', '/tmp/tmptmrrj0ko']
[2021-07-20 14:22:00,965] {standard_task_runner.py:77} INFO - Job 188: Subtask processing_tasks.training_model_a
[2021-07-20 14:22:01,240] {logging_mixin.py:104} INFO - Running <TaskInstance: xcom_dag.processing_tasks.training_model_a 2021-07-20T14:21:54.318311+00:00 [running]> on host airflowvm
[2021-07-20 14:22:01,592] {taskinstance.py:1280} INFO - Exporting the following env vars:
AIRFLOW_CTX_DAG_OWNER=airflow
AIRFLOW_CTX_DAG_ID=xcom_dag
AIRFLOW_CTX_TASK_ID=processing_tasks.training_model_a
AIRFLOW_CTX_EXECUTION_DATE=2021-07-20T14:21:54.318311+00:00
AIRFLOW_CTX_DAG_RUN_ID=manual__2021-07-20T14:21:54.318311+00:00
[2021-07-20 14:22:01,593] {logging_mixin.py:104} INFO - model's accuracy: 8.429848661754127
[2021-07-20 14:22:01,714] {python.py:151} INFO - Done. Returned value was: None
[2021-07-20 14:22:01,762] {taskinstance.py:1184} INFO - Marking task as SUCCESS. dag_id=xcom_dag, task_id=processing_tasks.training_model_a, execution_date=20210720T142154, start_date=20210720T142200, end_date=20210720T142201
[2021-07-20 14:22:01,928] {taskinstance.py:1245} INFO - 1 downstream tasks scheduled from follow-on schedule check
[2021-07-20 14:22:01,956] {local_task_job.py:151} INFO - Task exited with return code 0
