[2021-07-20 14:34:19,496] {taskinstance.py:876} INFO - Dependencies all met for <TaskInstance: xcom_dag.Choose_model 2021-07-20T14:34:10.768125+00:00 [queued]>
[2021-07-20 14:34:19,520] {taskinstance.py:876} INFO - Dependencies all met for <TaskInstance: xcom_dag.Choose_model 2021-07-20T14:34:10.768125+00:00 [queued]>
[2021-07-20 14:34:19,521] {taskinstance.py:1067} INFO - 
--------------------------------------------------------------------------------
[2021-07-20 14:34:19,521] {taskinstance.py:1068} INFO - Starting attempt 1 of 1
[2021-07-20 14:34:19,522] {taskinstance.py:1069} INFO - 
--------------------------------------------------------------------------------
[2021-07-20 14:34:19,536] {taskinstance.py:1087} INFO - Executing <Task(PythonOperator): Choose_model> on 2021-07-20T14:34:10.768125+00:00
[2021-07-20 14:34:19,540] {standard_task_runner.py:52} INFO - Started process 2931 to run task
[2021-07-20 14:34:19,549] {standard_task_runner.py:76} INFO - Running: ['airflow', 'tasks', 'run', 'xcom_dag', 'Choose_model', '2021-07-20T14:34:10.768125+00:00', '--job-id', '195', '--pool', 'default_pool', '--raw', '--subdir', 'DAGS_FOLDER/xcom_dag.py', '--cfg-path', '/tmp/tmp9roz7s_8', '--error-file', '/tmp/tmpwrfimx9e']
[2021-07-20 14:34:19,552] {standard_task_runner.py:77} INFO - Job 195: Subtask Choose_model
[2021-07-20 14:34:19,634] {logging_mixin.py:104} INFO - Running <TaskInstance: xcom_dag.Choose_model 2021-07-20T14:34:10.768125+00:00 [running]> on host airflowvm
[2021-07-20 14:34:19,750] {taskinstance.py:1280} INFO - Exporting the following env vars:
AIRFLOW_CTX_DAG_OWNER=airflow
AIRFLOW_CTX_DAG_ID=xcom_dag
AIRFLOW_CTX_TASK_ID=Choose_model
AIRFLOW_CTX_EXECUTION_DATE=2021-07-20T14:34:10.768125+00:00
AIRFLOW_CTX_DAG_RUN_ID=manual__2021-07-20T14:34:10.768125+00:00
[2021-07-20 14:34:19,752] {logging_mixin.py:104} INFO - choose best model
[2021-07-20 14:34:19,770] {logging_mixin.py:104} INFO - [5.87664773328696, 8.492973901279887, 3.2653679117159684]
[2021-07-20 14:34:19,771] {python.py:151} INFO - Done. Returned value was: None
[2021-07-20 14:34:19,790] {taskinstance.py:1184} INFO - Marking task as SUCCESS. dag_id=xcom_dag, task_id=Choose_model, execution_date=20210720T143410, start_date=20210720T143419, end_date=20210720T143419
[2021-07-20 14:34:19,843] {taskinstance.py:1245} INFO - 0 downstream tasks scheduled from follow-on schedule check
[2021-07-20 14:34:19,887] {local_task_job.py:151} INFO - Task exited with return code 0
