[2021-07-19 20:33:02,763] {taskinstance.py:876} INFO - Dependencies all met for <TaskInstance: parallel_dag.task1 2020-01-13T00:00:00+00:00 [queued]>
[2021-07-19 20:33:02,992] {taskinstance.py:876} INFO - Dependencies all met for <TaskInstance: parallel_dag.task1 2020-01-13T00:00:00+00:00 [queued]>
[2021-07-19 20:33:02,993] {taskinstance.py:1067} INFO - 
--------------------------------------------------------------------------------
[2021-07-19 20:33:02,993] {taskinstance.py:1068} INFO - Starting attempt 1 of 1
[2021-07-19 20:33:02,994] {taskinstance.py:1069} INFO - 
--------------------------------------------------------------------------------
[2021-07-19 20:33:03,111] {taskinstance.py:1087} INFO - Executing <Task(BashOperator): task1> on 2020-01-13T00:00:00+00:00
[2021-07-19 20:33:03,232] {standard_task_runner.py:76} INFO - Running: ['airflow', 'tasks', 'run', 'parallel_dag', 'task1', '2020-01-13T00:00:00+00:00', '--job-id', '85', '--pool', 'default_pool', '--raw', '--subdir', 'DAGS_FOLDER/parallel_dag.py', '--cfg-path', '/tmp/tmp4wl6tiin', '--error-file', '/tmp/tmpvl9ibfxa']
[2021-07-19 20:33:03,164] {standard_task_runner.py:52} INFO - Started process 7571 to run task
[2021-07-19 20:33:03,280] {standard_task_runner.py:77} INFO - Job 85: Subtask task1
[2021-07-19 20:33:04,612] {logging_mixin.py:104} INFO - Running <TaskInstance: parallel_dag.task1 2020-01-13T00:00:00+00:00 [running]> on host airflowvm
[2021-07-19 20:33:05,775] {taskinstance.py:1280} INFO - Exporting the following env vars:
AIRFLOW_CTX_DAG_OWNER=airflow
AIRFLOW_CTX_DAG_ID=parallel_dag
AIRFLOW_CTX_TASK_ID=task1
AIRFLOW_CTX_EXECUTION_DATE=2020-01-13T00:00:00+00:00
AIRFLOW_CTX_DAG_RUN_ID=scheduled__2020-01-13T00:00:00+00:00
[2021-07-19 20:33:05,785] {subprocess.py:52} INFO - Tmp dir root location: 
 /tmp
[2021-07-19 20:33:05,794] {subprocess.py:63} INFO - Running command: ['bash', '-c', 'sleep 3']
[2021-07-19 20:33:05,865] {subprocess.py:75} INFO - Output:
[2021-07-19 20:33:08,887] {subprocess.py:83} INFO - Command exited with return code 0
[2021-07-19 20:33:09,497] {taskinstance.py:1184} INFO - Marking task as SUCCESS. dag_id=parallel_dag, task_id=task1, execution_date=20200113T000000, start_date=20210719T203302, end_date=20210719T203309
[2021-07-19 20:33:11,439] {taskinstance.py:1245} INFO - 0 downstream tasks scheduled from follow-on schedule check
[2021-07-19 20:33:11,528] {local_task_job.py:151} INFO - Task exited with return code 0
