[2021-07-20 14:46:40,197] {taskinstance.py:876} INFO - Dependencies all met for <TaskInstance: xcom_dag.Choose_model 2021-07-20T14:46:15.930069+00:00 [queued]>
[2021-07-20 14:46:40,246] {taskinstance.py:876} INFO - Dependencies all met for <TaskInstance: xcom_dag.Choose_model 2021-07-20T14:46:15.930069+00:00 [queued]>
[2021-07-20 14:46:40,257] {taskinstance.py:1067} INFO - 
--------------------------------------------------------------------------------
[2021-07-20 14:46:40,259] {taskinstance.py:1068} INFO - Starting attempt 1 of 1
[2021-07-20 14:46:40,263] {taskinstance.py:1069} INFO - 
--------------------------------------------------------------------------------
[2021-07-20 14:46:40,296] {taskinstance.py:1087} INFO - Executing <Task(PythonOperator): Choose_model> on 2021-07-20T14:46:15.930069+00:00
[2021-07-20 14:46:40,301] {standard_task_runner.py:52} INFO - Started process 3669 to run task
[2021-07-20 14:46:40,318] {standard_task_runner.py:76} INFO - Running: ['airflow', 'tasks', 'run', 'xcom_dag', 'Choose_model', '2021-07-20T14:46:15.930069+00:00', '--job-id', '200', '--pool', 'default_pool', '--raw', '--subdir', 'DAGS_FOLDER/xcom_dag.py', '--cfg-path', '/tmp/tmpmik60shd', '--error-file', '/tmp/tmptvq3mw22']
[2021-07-20 14:46:40,322] {standard_task_runner.py:77} INFO - Job 200: Subtask Choose_model
[2021-07-20 14:46:40,411] {logging_mixin.py:104} INFO - Running <TaskInstance: xcom_dag.Choose_model 2021-07-20T14:46:15.930069+00:00 [running]> on host airflowvm
[2021-07-20 14:46:40,536] {taskinstance.py:1280} INFO - Exporting the following env vars:
AIRFLOW_CTX_DAG_OWNER=airflow
AIRFLOW_CTX_DAG_ID=xcom_dag
AIRFLOW_CTX_TASK_ID=Choose_model
AIRFLOW_CTX_EXECUTION_DATE=2021-07-20T14:46:15.930069+00:00
AIRFLOW_CTX_DAG_RUN_ID=manual__2021-07-20T14:46:15.930069+00:00
[2021-07-20 14:46:40,539] {logging_mixin.py:104} INFO - choose best model
[2021-07-20 14:46:40,560] {logging_mixin.py:104} INFO - [1.415281981443601, 1.484362304019678, 3.816060463399523]
[2021-07-20 14:46:40,561] {python.py:151} INFO - Done. Returned value was: None
[2021-07-20 14:46:40,580] {taskinstance.py:1184} INFO - Marking task as SUCCESS. dag_id=xcom_dag, task_id=Choose_model, execution_date=20210720T144615, start_date=20210720T144640, end_date=20210720T144640
[2021-07-20 14:46:40,643] {taskinstance.py:1245} INFO - 1 downstream tasks scheduled from follow-on schedule check
[2021-07-20 14:46:40,654] {local_task_job.py:151} INFO - Task exited with return code 0
