[2021-07-20 01:45:43,148] {taskinstance.py:876} INFO - Dependencies all met for <TaskInstance: parallel_dag.processing_tasks.task2 2021-07-20T01:45:36.613132+00:00 [queued]>
[2021-07-20 01:45:43,203] {taskinstance.py:876} INFO - Dependencies all met for <TaskInstance: parallel_dag.processing_tasks.task2 2021-07-20T01:45:36.613132+00:00 [queued]>
[2021-07-20 01:45:43,203] {taskinstance.py:1067} INFO - 
--------------------------------------------------------------------------------
[2021-07-20 01:45:43,206] {taskinstance.py:1068} INFO - Starting attempt 1 of 1
[2021-07-20 01:45:43,206] {taskinstance.py:1069} INFO - 
--------------------------------------------------------------------------------
[2021-07-20 01:45:43,235] {taskinstance.py:1087} INFO - Executing <Task(BashOperator): processing_tasks.task2> on 2021-07-20T01:45:36.613132+00:00
[2021-07-20 01:45:43,242] {standard_task_runner.py:52} INFO - Started process 50854 to run task
[2021-07-20 01:45:43,268] {standard_task_runner.py:76} INFO - Running: ['airflow', 'tasks', 'run', 'parallel_dag', 'processing_tasks.task2', '2021-07-20T01:45:36.613132+00:00', '--job-id', '155', '--pool', 'default_pool', '--raw', '--subdir', 'DAGS_FOLDER/parallel_dag.py', '--cfg-path', '/tmp/tmpo98qhfq7', '--error-file', '/tmp/tmpg8q92sg3']
[2021-07-20 01:45:43,281] {standard_task_runner.py:77} INFO - Job 155: Subtask processing_tasks.task2
[2021-07-20 01:45:43,494] {logging_mixin.py:104} INFO - Running <TaskInstance: parallel_dag.processing_tasks.task2 2021-07-20T01:45:36.613132+00:00 [running]> on host airflowvm
[2021-07-20 01:45:43,707] {taskinstance.py:1280} INFO - Exporting the following env vars:
AIRFLOW_CTX_DAG_OWNER=airflow
AIRFLOW_CTX_DAG_ID=parallel_dag
AIRFLOW_CTX_TASK_ID=processing_tasks.task2
AIRFLOW_CTX_EXECUTION_DATE=2021-07-20T01:45:36.613132+00:00
AIRFLOW_CTX_DAG_RUN_ID=manual__2021-07-20T01:45:36.613132+00:00
[2021-07-20 01:45:43,708] {subprocess.py:52} INFO - Tmp dir root location: 
 /tmp
[2021-07-20 01:45:43,708] {subprocess.py:63} INFO - Running command: ['bash', '-c', 'sleep 3']
[2021-07-20 01:45:43,724] {subprocess.py:75} INFO - Output:
[2021-07-20 01:45:46,727] {subprocess.py:83} INFO - Command exited with return code 0
[2021-07-20 01:45:46,808] {taskinstance.py:1184} INFO - Marking task as SUCCESS. dag_id=parallel_dag, task_id=processing_tasks.task2, execution_date=20210720T014536, start_date=20210720T014543, end_date=20210720T014546
[2021-07-20 01:45:46,890] {taskinstance.py:1245} INFO - 1 downstream tasks scheduled from follow-on schedule check
[2021-07-20 01:45:46,935] {local_task_job.py:151} INFO - Task exited with return code 0
