[2021-07-19 20:33:15,176] {taskinstance.py:876} INFO - Dependencies all met for <TaskInstance: parallel_dag.task1 2020-01-16T00:00:00+00:00 [queued]>
[2021-07-19 20:33:15,351] {taskinstance.py:876} INFO - Dependencies all met for <TaskInstance: parallel_dag.task1 2020-01-16T00:00:00+00:00 [queued]>
[2021-07-19 20:33:15,359] {taskinstance.py:1067} INFO - 
--------------------------------------------------------------------------------
[2021-07-19 20:33:15,366] {taskinstance.py:1068} INFO - Starting attempt 1 of 1
[2021-07-19 20:33:15,366] {taskinstance.py:1069} INFO - 
--------------------------------------------------------------------------------
[2021-07-19 20:33:15,542] {taskinstance.py:1087} INFO - Executing <Task(BashOperator): task1> on 2020-01-16T00:00:00+00:00
[2021-07-19 20:33:15,849] {standard_task_runner.py:52} INFO - Started process 8014 to run task
[2021-07-19 20:33:16,161] {standard_task_runner.py:76} INFO - Running: ['airflow', 'tasks', 'run', 'parallel_dag', 'task1', '2020-01-16T00:00:00+00:00', '--job-id', '96', '--pool', 'default_pool', '--raw', '--subdir', 'DAGS_FOLDER/parallel_dag.py', '--cfg-path', '/tmp/tmpay5wmf7h', '--error-file', '/tmp/tmpiueyxd0i']
[2021-07-19 20:33:16,219] {standard_task_runner.py:77} INFO - Job 96: Subtask task1
[2021-07-19 20:33:17,382] {logging_mixin.py:104} INFO - Running <TaskInstance: parallel_dag.task1 2020-01-16T00:00:00+00:00 [running]> on host airflowvm
[2021-07-19 20:33:18,429] {taskinstance.py:1280} INFO - Exporting the following env vars:
AIRFLOW_CTX_DAG_OWNER=airflow
AIRFLOW_CTX_DAG_ID=parallel_dag
AIRFLOW_CTX_TASK_ID=task1
AIRFLOW_CTX_EXECUTION_DATE=2020-01-16T00:00:00+00:00
AIRFLOW_CTX_DAG_RUN_ID=scheduled__2020-01-16T00:00:00+00:00
[2021-07-19 20:33:18,443] {subprocess.py:52} INFO - Tmp dir root location: 
 /tmp
[2021-07-19 20:33:18,444] {subprocess.py:63} INFO - Running command: ['bash', '-c', 'sleep 3']
[2021-07-19 20:33:18,511] {subprocess.py:75} INFO - Output:
[2021-07-19 20:33:21,566] {subprocess.py:83} INFO - Command exited with return code 0
[2021-07-19 20:33:22,124] {taskinstance.py:1184} INFO - Marking task as SUCCESS. dag_id=parallel_dag, task_id=task1, execution_date=20200116T000000, start_date=20210719T203315, end_date=20210719T203322
[2021-07-19 20:33:23,071] {taskinstance.py:1245} INFO - 2 downstream tasks scheduled from follow-on schedule check
[2021-07-19 20:33:23,181] {local_task_job.py:151} INFO - Task exited with return code 0
