[2021-07-19 20:34:11,107] {taskinstance.py:876} INFO - Dependencies all met for <TaskInstance: parallel_dag.task1 2020-01-25T00:00:00+00:00 [queued]>
[2021-07-19 20:34:11,416] {taskinstance.py:876} INFO - Dependencies all met for <TaskInstance: parallel_dag.task1 2020-01-25T00:00:00+00:00 [queued]>
[2021-07-19 20:34:11,420] {taskinstance.py:1067} INFO - 
--------------------------------------------------------------------------------
[2021-07-19 20:34:11,426] {taskinstance.py:1068} INFO - Starting attempt 1 of 1
[2021-07-19 20:34:11,427] {taskinstance.py:1069} INFO - 
--------------------------------------------------------------------------------
[2021-07-19 20:34:11,569] {taskinstance.py:1087} INFO - Executing <Task(BashOperator): task1> on 2020-01-25T00:00:00+00:00
[2021-07-19 20:34:11,620] {standard_task_runner.py:52} INFO - Started process 9361 to run task
[2021-07-19 20:34:11,722] {standard_task_runner.py:76} INFO - Running: ['airflow', 'tasks', 'run', 'parallel_dag', 'task1', '2020-01-25T00:00:00+00:00', '--job-id', '136', '--pool', 'default_pool', '--raw', '--subdir', 'DAGS_FOLDER/parallel_dag.py', '--cfg-path', '/tmp/tmph_bskgic', '--error-file', '/tmp/tmpudsg456h']
[2021-07-19 20:34:11,728] {standard_task_runner.py:77} INFO - Job 136: Subtask task1
[2021-07-19 20:34:12,747] {logging_mixin.py:104} INFO - Running <TaskInstance: parallel_dag.task1 2020-01-25T00:00:00+00:00 [running]> on host airflowvm
[2021-07-19 20:34:13,859] {taskinstance.py:1280} INFO - Exporting the following env vars:
AIRFLOW_CTX_DAG_OWNER=airflow
AIRFLOW_CTX_DAG_ID=parallel_dag
AIRFLOW_CTX_TASK_ID=task1
AIRFLOW_CTX_EXECUTION_DATE=2020-01-25T00:00:00+00:00
AIRFLOW_CTX_DAG_RUN_ID=scheduled__2020-01-25T00:00:00+00:00
[2021-07-19 20:34:13,860] {subprocess.py:52} INFO - Tmp dir root location: 
 /tmp
[2021-07-19 20:34:13,871] {subprocess.py:63} INFO - Running command: ['bash', '-c', 'sleep 3']
[2021-07-19 20:34:13,905] {subprocess.py:75} INFO - Output:
[2021-07-19 20:34:16,923] {subprocess.py:83} INFO - Command exited with return code 0
[2021-07-19 20:34:17,791] {taskinstance.py:1184} INFO - Marking task as SUCCESS. dag_id=parallel_dag, task_id=task1, execution_date=20200125T000000, start_date=20210719T203411, end_date=20210719T203417
[2021-07-19 20:34:18,426] {taskinstance.py:1245} INFO - 2 downstream tasks scheduled from follow-on schedule check
[2021-07-19 20:34:18,492] {local_task_job.py:151} INFO - Task exited with return code 0
