[2021-07-20 16:12:46,169] {taskinstance.py:876} INFO - Dependencies all met for <TaskInstance: trigger_rule.task1 2021-07-19T00:00:00+00:00 [queued]>
[2021-07-20 16:12:46,235] {taskinstance.py:876} INFO - Dependencies all met for <TaskInstance: trigger_rule.task1 2021-07-19T00:00:00+00:00 [queued]>
[2021-07-20 16:12:46,237] {taskinstance.py:1067} INFO - 
--------------------------------------------------------------------------------
[2021-07-20 16:12:46,237] {taskinstance.py:1068} INFO - Starting attempt 1 of 1
[2021-07-20 16:12:46,239] {taskinstance.py:1069} INFO - 
--------------------------------------------------------------------------------
[2021-07-20 16:12:46,265] {taskinstance.py:1087} INFO - Executing <Task(BashOperator): task1> on 2021-07-19T00:00:00+00:00
[2021-07-20 16:12:46,274] {standard_task_runner.py:52} INFO - Started process 8496 to run task
[2021-07-20 16:12:46,288] {standard_task_runner.py:76} INFO - Running: ['airflow', 'tasks', 'run', 'trigger_rule', 'task1', '2021-07-19T00:00:00+00:00', '--job-id', '213', '--pool', 'default_pool', '--raw', '--subdir', 'DAGS_FOLDER/trigger_rule.py', '--cfg-path', '/tmp/tmp9xk_arsp', '--error-file', '/tmp/tmp07kvt6fc']
[2021-07-20 16:12:46,292] {standard_task_runner.py:77} INFO - Job 213: Subtask task1
[2021-07-20 16:12:46,431] {logging_mixin.py:104} INFO - Running <TaskInstance: trigger_rule.task1 2021-07-19T00:00:00+00:00 [running]> on host airflowvm
[2021-07-20 16:12:46,612] {taskinstance.py:1280} INFO - Exporting the following env vars:
AIRFLOW_CTX_DAG_OWNER=airflow
AIRFLOW_CTX_DAG_ID=trigger_rule
AIRFLOW_CTX_TASK_ID=task1
AIRFLOW_CTX_EXECUTION_DATE=2021-07-19T00:00:00+00:00
AIRFLOW_CTX_DAG_RUN_ID=scheduled__2021-07-19T00:00:00+00:00
[2021-07-20 16:12:46,614] {subprocess.py:52} INFO - Tmp dir root location: 
 /tmp
[2021-07-20 16:12:46,615] {subprocess.py:63} INFO - Running command: ['bash', '-c', 'exit 0']
[2021-07-20 16:12:46,635] {subprocess.py:75} INFO - Output:
[2021-07-20 16:12:46,655] {subprocess.py:83} INFO - Command exited with return code 0
[2021-07-20 16:12:46,689] {taskinstance.py:1184} INFO - Marking task as SUCCESS. dag_id=trigger_rule, task_id=task1, execution_date=20210719T000000, start_date=20210720T161246, end_date=20210720T161246
[2021-07-20 16:12:46,800] {taskinstance.py:1245} INFO - 0 downstream tasks scheduled from follow-on schedule check
[2021-07-20 16:12:46,826] {local_task_job.py:151} INFO - Task exited with return code 0
