[2021-07-15 19:41:03,923] {taskinstance.py:876} INFO - Dependencies all met for <TaskInstance: user_processing.processing_user 2021-07-14T00:00:00+00:00 [queued]>
[2021-07-15 19:41:03,931] {taskinstance.py:876} INFO - Dependencies all met for <TaskInstance: user_processing.processing_user 2021-07-14T00:00:00+00:00 [queued]>
[2021-07-15 19:41:03,932] {taskinstance.py:1067} INFO - 
--------------------------------------------------------------------------------
[2021-07-15 19:41:03,932] {taskinstance.py:1068} INFO - Starting attempt 2 of 2
[2021-07-15 19:41:03,933] {taskinstance.py:1069} INFO - 
--------------------------------------------------------------------------------
[2021-07-15 19:41:03,950] {taskinstance.py:1087} INFO - Executing <Task(PythonOperator): processing_user> on 2021-07-14T00:00:00+00:00
[2021-07-15 19:41:03,952] {standard_task_runner.py:52} INFO - Started process 14047 to run task
[2021-07-15 19:41:03,960] {standard_task_runner.py:76} INFO - Running: ['airflow', 'tasks', 'run', 'user_processing', 'processing_user', '2021-07-14T00:00:00+00:00', '--job-id', '27', '--pool', 'default_pool', '--raw', '--subdir', 'DAGS_FOLDER/user_processing.py', '--cfg-path', '/tmp/tmpf7tgu8xj', '--error-file', '/tmp/tmpv5_bilg1']
[2021-07-15 19:41:03,961] {standard_task_runner.py:77} INFO - Job 27: Subtask processing_user
[2021-07-15 19:41:04,016] {logging_mixin.py:104} INFO - Running <TaskInstance: user_processing.processing_user 2021-07-14T00:00:00+00:00 [running]> on host airflowvm
[2021-07-15 19:41:04,060] {taskinstance.py:1280} INFO - Exporting the following env vars:
AIRFLOW_CTX_DAG_OWNER=airflow
AIRFLOW_CTX_DAG_ID=user_processing
AIRFLOW_CTX_TASK_ID=processing_user
AIRFLOW_CTX_EXECUTION_DATE=2021-07-14T00:00:00+00:00
AIRFLOW_CTX_DAG_RUN_ID=scheduled__2021-07-14T00:00:00+00:00
[2021-07-15 19:41:04,070] {python.py:151} INFO - Done. Returned value was: None
[2021-07-15 19:41:04,075] {taskinstance.py:1184} INFO - Marking task as SUCCESS. dag_id=user_processing, task_id=processing_user, execution_date=20210714T000000, start_date=20210715T194103, end_date=20210715T194104
[2021-07-15 19:41:04,104] {taskinstance.py:1245} INFO - 1 downstream tasks scheduled from follow-on schedule check
[2021-07-15 19:41:04,134] {local_task_job.py:151} INFO - Task exited with return code 0
