[2021-07-20 01:45:37,697] {taskinstance.py:876} INFO - Dependencies all met for <TaskInstance: parallel_dag.task1 2021-07-20T01:45:36.613132+00:00 [queued]>
[2021-07-20 01:45:37,783] {taskinstance.py:876} INFO - Dependencies all met for <TaskInstance: parallel_dag.task1 2021-07-20T01:45:36.613132+00:00 [queued]>
[2021-07-20 01:45:37,794] {taskinstance.py:1067} INFO - 
--------------------------------------------------------------------------------
[2021-07-20 01:45:37,796] {taskinstance.py:1068} INFO - Starting attempt 1 of 1
[2021-07-20 01:45:37,796] {taskinstance.py:1069} INFO - 
--------------------------------------------------------------------------------
[2021-07-20 01:45:37,937] {taskinstance.py:1087} INFO - Executing <Task(BashOperator): task1> on 2021-07-20T01:45:36.613132+00:00
[2021-07-20 01:45:37,959] {standard_task_runner.py:52} INFO - Started process 50817 to run task
[2021-07-20 01:45:38,016] {standard_task_runner.py:76} INFO - Running: ['airflow', 'tasks', 'run', 'parallel_dag', 'task1', '2021-07-20T01:45:36.613132+00:00', '--job-id', '154', '--pool', 'default_pool', '--raw', '--subdir', 'DAGS_FOLDER/parallel_dag.py', '--cfg-path', '/tmp/tmpu8xqtaha', '--error-file', '/tmp/tmp72icx5sv']
[2021-07-20 01:45:38,034] {standard_task_runner.py:77} INFO - Job 154: Subtask task1
[2021-07-20 01:45:38,423] {logging_mixin.py:104} INFO - Running <TaskInstance: parallel_dag.task1 2021-07-20T01:45:36.613132+00:00 [running]> on host airflowvm
[2021-07-20 01:45:38,695] {taskinstance.py:1280} INFO - Exporting the following env vars:
AIRFLOW_CTX_DAG_OWNER=airflow
AIRFLOW_CTX_DAG_ID=parallel_dag
AIRFLOW_CTX_TASK_ID=task1
AIRFLOW_CTX_EXECUTION_DATE=2021-07-20T01:45:36.613132+00:00
AIRFLOW_CTX_DAG_RUN_ID=manual__2021-07-20T01:45:36.613132+00:00
[2021-07-20 01:45:38,695] {subprocess.py:52} INFO - Tmp dir root location: 
 /tmp
[2021-07-20 01:45:38,696] {subprocess.py:63} INFO - Running command: ['bash', '-c', 'sleep 3']
[2021-07-20 01:45:38,718] {subprocess.py:75} INFO - Output:
[2021-07-20 01:45:41,722] {subprocess.py:83} INFO - Command exited with return code 0
[2021-07-20 01:45:41,781] {taskinstance.py:1184} INFO - Marking task as SUCCESS. dag_id=parallel_dag, task_id=task1, execution_date=20210720T014536, start_date=20210720T014537, end_date=20210720T014541
[2021-07-20 01:45:41,843] {taskinstance.py:1245} INFO - 2 downstream tasks scheduled from follow-on schedule check
[2021-07-20 01:45:41,876] {local_task_job.py:151} INFO - Task exited with return code 0
