[2021-07-20 16:12:47,191] {taskinstance.py:876} INFO - Dependencies all met for <TaskInstance: trigger_rule.task3 2021-07-19T00:00:00+00:00 [queued]>
[2021-07-20 16:12:47,214] {taskinstance.py:876} INFO - Dependencies all met for <TaskInstance: trigger_rule.task3 2021-07-19T00:00:00+00:00 [queued]>
[2021-07-20 16:12:47,216] {taskinstance.py:1067} INFO - 
--------------------------------------------------------------------------------
[2021-07-20 16:12:47,216] {taskinstance.py:1068} INFO - Starting attempt 1 of 1
[2021-07-20 16:12:47,216] {taskinstance.py:1069} INFO - 
--------------------------------------------------------------------------------
[2021-07-20 16:12:47,227] {taskinstance.py:1087} INFO - Executing <Task(BashOperator): task3> on 2021-07-19T00:00:00+00:00
[2021-07-20 16:12:47,231] {standard_task_runner.py:52} INFO - Started process 8533 to run task
[2021-07-20 16:12:47,239] {standard_task_runner.py:76} INFO - Running: ['airflow', 'tasks', 'run', 'trigger_rule', 'task3', '2021-07-19T00:00:00+00:00', '--job-id', '215', '--pool', 'default_pool', '--raw', '--subdir', 'DAGS_FOLDER/trigger_rule.py', '--cfg-path', '/tmp/tmp4cy0onst', '--error-file', '/tmp/tmpd8k1faps']
[2021-07-20 16:12:47,240] {standard_task_runner.py:77} INFO - Job 215: Subtask task3
[2021-07-20 16:12:47,312] {logging_mixin.py:104} INFO - Running <TaskInstance: trigger_rule.task3 2021-07-19T00:00:00+00:00 [running]> on host airflowvm
[2021-07-20 16:12:47,415] {taskinstance.py:1280} INFO - Exporting the following env vars:
AIRFLOW_CTX_DAG_OWNER=airflow
AIRFLOW_CTX_DAG_ID=trigger_rule
AIRFLOW_CTX_TASK_ID=task3
AIRFLOW_CTX_EXECUTION_DATE=2021-07-19T00:00:00+00:00
AIRFLOW_CTX_DAG_RUN_ID=scheduled__2021-07-19T00:00:00+00:00
[2021-07-20 16:12:47,416] {subprocess.py:52} INFO - Tmp dir root location: 
 /tmp
[2021-07-20 16:12:47,417] {subprocess.py:63} INFO - Running command: ['bash', '-c', 'exit 0']
[2021-07-20 16:12:47,424] {subprocess.py:75} INFO - Output:
[2021-07-20 16:12:47,427] {subprocess.py:83} INFO - Command exited with return code 0
[2021-07-20 16:12:47,442] {taskinstance.py:1184} INFO - Marking task as SUCCESS. dag_id=trigger_rule, task_id=task3, execution_date=20210719T000000, start_date=20210720T161247, end_date=20210720T161247
[2021-07-20 16:12:47,481] {taskinstance.py:1245} INFO - 0 downstream tasks scheduled from follow-on schedule check
[2021-07-20 16:12:47,491] {local_task_job.py:151} INFO - Task exited with return code 0
