[2021-07-19 20:32:20,636] {taskinstance.py:876} INFO - Dependencies all met for <TaskInstance: parallel_dag.task1 2020-01-05T00:00:00+00:00 [queued]>
[2021-07-19 20:32:20,972] {taskinstance.py:876} INFO - Dependencies all met for <TaskInstance: parallel_dag.task1 2020-01-05T00:00:00+00:00 [queued]>
[2021-07-19 20:32:20,972] {taskinstance.py:1067} INFO - 
--------------------------------------------------------------------------------
[2021-07-19 20:32:20,983] {taskinstance.py:1068} INFO - Starting attempt 1 of 1
[2021-07-19 20:32:20,986] {taskinstance.py:1069} INFO - 
--------------------------------------------------------------------------------
[2021-07-19 20:32:21,204] {taskinstance.py:1087} INFO - Executing <Task(BashOperator): task1> on 2020-01-05T00:00:00+00:00
[2021-07-19 20:32:21,243] {standard_task_runner.py:52} INFO - Started process 6775 to run task
[2021-07-19 20:32:21,322] {standard_task_runner.py:76} INFO - Running: ['airflow', 'tasks', 'run', 'parallel_dag', 'task1', '2020-01-05T00:00:00+00:00', '--job-id', '59', '--pool', 'default_pool', '--raw', '--subdir', 'DAGS_FOLDER/parallel_dag.py', '--cfg-path', '/tmp/tmp3dwy16gb', '--error-file', '/tmp/tmp1w6__vlx']
[2021-07-19 20:32:21,355] {standard_task_runner.py:77} INFO - Job 59: Subtask task1
[2021-07-19 20:32:22,471] {logging_mixin.py:104} INFO - Running <TaskInstance: parallel_dag.task1 2020-01-05T00:00:00+00:00 [running]> on host airflowvm
[2021-07-19 20:32:23,549] {taskinstance.py:1280} INFO - Exporting the following env vars:
AIRFLOW_CTX_DAG_OWNER=airflow
AIRFLOW_CTX_DAG_ID=parallel_dag
AIRFLOW_CTX_TASK_ID=task1
AIRFLOW_CTX_EXECUTION_DATE=2020-01-05T00:00:00+00:00
AIRFLOW_CTX_DAG_RUN_ID=scheduled__2020-01-05T00:00:00+00:00
[2021-07-19 20:32:23,550] {subprocess.py:52} INFO - Tmp dir root location: 
 /tmp
[2021-07-19 20:32:23,561] {subprocess.py:63} INFO - Running command: ['bash', '-c', 'sleep 3']
[2021-07-19 20:32:23,690] {subprocess.py:75} INFO - Output:
[2021-07-19 20:32:26,835] {subprocess.py:83} INFO - Command exited with return code 0
[2021-07-19 20:32:27,606] {taskinstance.py:1184} INFO - Marking task as SUCCESS. dag_id=parallel_dag, task_id=task1, execution_date=20200105T000000, start_date=20210719T203220, end_date=20210719T203227
[2021-07-19 20:32:30,843] {taskinstance.py:1245} INFO - 0 downstream tasks scheduled from follow-on schedule check
[2021-07-19 20:32:31,134] {local_task_job.py:151} INFO - Task exited with return code 0
