[2021-07-19 20:33:19,455] {taskinstance.py:876} INFO - Dependencies all met for <TaskInstance: parallel_dag.task2 2020-01-13T00:00:00+00:00 [queued]>
[2021-07-19 20:33:19,855] {taskinstance.py:876} INFO - Dependencies all met for <TaskInstance: parallel_dag.task2 2020-01-13T00:00:00+00:00 [queued]>
[2021-07-19 20:33:19,856] {taskinstance.py:1067} INFO - 
--------------------------------------------------------------------------------
[2021-07-19 20:33:19,857] {taskinstance.py:1068} INFO - Starting attempt 1 of 1
[2021-07-19 20:33:19,891] {taskinstance.py:1069} INFO - 
--------------------------------------------------------------------------------
[2021-07-19 20:33:20,098] {taskinstance.py:1087} INFO - Executing <Task(BashOperator): task2> on 2020-01-13T00:00:00+00:00
[2021-07-19 20:33:20,159] {standard_task_runner.py:52} INFO - Started process 8136 to run task
[2021-07-19 20:33:20,255] {standard_task_runner.py:76} INFO - Running: ['airflow', 'tasks', 'run', 'parallel_dag', 'task2', '2020-01-13T00:00:00+00:00', '--job-id', '97', '--pool', 'default_pool', '--raw', '--subdir', 'DAGS_FOLDER/parallel_dag.py', '--cfg-path', '/tmp/tmpxqd0ur4f', '--error-file', '/tmp/tmpvh14kwzo']
[2021-07-19 20:33:20,305] {standard_task_runner.py:77} INFO - Job 97: Subtask task2
[2021-07-19 20:33:21,277] {logging_mixin.py:104} INFO - Running <TaskInstance: parallel_dag.task2 2020-01-13T00:00:00+00:00 [running]> on host airflowvm
[2021-07-19 20:33:22,562] {taskinstance.py:1280} INFO - Exporting the following env vars:
AIRFLOW_CTX_DAG_OWNER=airflow
AIRFLOW_CTX_DAG_ID=parallel_dag
AIRFLOW_CTX_TASK_ID=task2
AIRFLOW_CTX_EXECUTION_DATE=2020-01-13T00:00:00+00:00
AIRFLOW_CTX_DAG_RUN_ID=scheduled__2020-01-13T00:00:00+00:00
[2021-07-19 20:33:22,565] {subprocess.py:52} INFO - Tmp dir root location: 
 /tmp
[2021-07-19 20:33:22,590] {subprocess.py:63} INFO - Running command: ['bash', '-c', 'sleep 3']
[2021-07-19 20:33:22,671] {subprocess.py:75} INFO - Output:
[2021-07-19 20:33:25,718] {subprocess.py:83} INFO - Command exited with return code 0
[2021-07-19 20:33:26,466] {taskinstance.py:1184} INFO - Marking task as SUCCESS. dag_id=parallel_dag, task_id=task2, execution_date=20200113T000000, start_date=20210719T203319, end_date=20210719T203326
[2021-07-19 20:33:27,215] {taskinstance.py:1245} INFO - 1 downstream tasks scheduled from follow-on schedule check
[2021-07-19 20:33:27,351] {local_task_job.py:151} INFO - Task exited with return code 0
