[2021-07-20 16:25:58,547] {taskinstance.py:876} INFO - Dependencies all met for <TaskInstance: xcom_dag.downloading_data 2021-07-20T16:25:57.185371+00:00 [queued]>
[2021-07-20 16:25:58,576] {taskinstance.py:876} INFO - Dependencies all met for <TaskInstance: xcom_dag.downloading_data 2021-07-20T16:25:57.185371+00:00 [queued]>
[2021-07-20 16:25:58,577] {taskinstance.py:1067} INFO - 
--------------------------------------------------------------------------------
[2021-07-20 16:25:58,578] {taskinstance.py:1068} INFO - Starting attempt 1 of 1
[2021-07-20 16:25:58,578] {taskinstance.py:1069} INFO - 
--------------------------------------------------------------------------------
[2021-07-20 16:25:58,594] {taskinstance.py:1087} INFO - Executing <Task(BashOperator): downloading_data> on 2021-07-20T16:25:57.185371+00:00
[2021-07-20 16:25:58,597] {standard_task_runner.py:52} INFO - Started process 10052 to run task
[2021-07-20 16:25:58,613] {standard_task_runner.py:76} INFO - Running: ['airflow', 'tasks', 'run', 'xcom_dag', 'downloading_data', '2021-07-20T16:25:57.185371+00:00', '--job-id', '244', '--pool', 'default_pool', '--raw', '--subdir', 'DAGS_FOLDER/xcom_dag.py', '--cfg-path', '/tmp/tmpj80jv47d', '--error-file', '/tmp/tmp3ett9xq6']
[2021-07-20 16:25:58,614] {standard_task_runner.py:77} INFO - Job 244: Subtask downloading_data
[2021-07-20 16:25:58,712] {logging_mixin.py:104} INFO - Running <TaskInstance: xcom_dag.downloading_data 2021-07-20T16:25:57.185371+00:00 [running]> on host airflowvm
[2021-07-20 16:25:58,856] {taskinstance.py:1280} INFO - Exporting the following env vars:
AIRFLOW_CTX_DAG_OWNER=airflow
AIRFLOW_CTX_DAG_ID=xcom_dag
AIRFLOW_CTX_TASK_ID=downloading_data
AIRFLOW_CTX_EXECUTION_DATE=2021-07-20T16:25:57.185371+00:00
AIRFLOW_CTX_DAG_RUN_ID=manual__2021-07-20T16:25:57.185371+00:00
[2021-07-20 16:25:58,858] {subprocess.py:52} INFO - Tmp dir root location: 
 /tmp
[2021-07-20 16:25:58,865] {subprocess.py:63} INFO - Running command: ['bash', '-c', 'sleep 3']
[2021-07-20 16:25:58,879] {subprocess.py:75} INFO - Output:
[2021-07-20 16:26:01,885] {subprocess.py:83} INFO - Command exited with return code 0
[2021-07-20 16:26:01,902] {taskinstance.py:1184} INFO - Marking task as SUCCESS. dag_id=xcom_dag, task_id=downloading_data, execution_date=20210720T162557, start_date=20210720T162558, end_date=20210720T162601
[2021-07-20 16:26:01,959] {taskinstance.py:1245} INFO - 3 downstream tasks scheduled from follow-on schedule check
[2021-07-20 16:26:02,004] {local_task_job.py:151} INFO - Task exited with return code 0
