[2021-07-20 15:33:58,826] {taskinstance.py:876} INFO - Dependencies all met for <TaskInstance: xcom_dag.processing_tasks.training_model_b 2021-07-20T15:33:53.397986+00:00 [queued]>
[2021-07-20 15:33:58,901] {taskinstance.py:876} INFO - Dependencies all met for <TaskInstance: xcom_dag.processing_tasks.training_model_b 2021-07-20T15:33:53.397986+00:00 [queued]>
[2021-07-20 15:33:58,901] {taskinstance.py:1067} INFO - 
--------------------------------------------------------------------------------
[2021-07-20 15:33:58,901] {taskinstance.py:1068} INFO - Starting attempt 1 of 1
[2021-07-20 15:33:58,902] {taskinstance.py:1069} INFO - 
--------------------------------------------------------------------------------
[2021-07-20 15:33:58,934] {taskinstance.py:1087} INFO - Executing <Task(PythonOperator): processing_tasks.training_model_b> on 2021-07-20T15:33:53.397986+00:00
[2021-07-20 15:33:58,946] {standard_task_runner.py:52} INFO - Started process 5983 to run task
[2021-07-20 15:33:58,977] {standard_task_runner.py:76} INFO - Running: ['airflow', 'tasks', 'run', 'xcom_dag', 'processing_tasks.training_model_b', '2021-07-20T15:33:53.397986+00:00', '--job-id', '205', '--pool', 'default_pool', '--raw', '--subdir', 'DAGS_FOLDER/xcom_dag.py', '--cfg-path', '/tmp/tmpq8ijta5i', '--error-file', '/tmp/tmpw3gntvh0']
[2021-07-20 15:33:58,983] {standard_task_runner.py:77} INFO - Job 205: Subtask processing_tasks.training_model_b
[2021-07-20 15:33:59,236] {logging_mixin.py:104} INFO - Running <TaskInstance: xcom_dag.processing_tasks.training_model_b 2021-07-20T15:33:53.397986+00:00 [running]> on host airflowvm
[2021-07-20 15:33:59,564] {taskinstance.py:1280} INFO - Exporting the following env vars:
AIRFLOW_CTX_DAG_OWNER=airflow
AIRFLOW_CTX_DAG_ID=xcom_dag
AIRFLOW_CTX_TASK_ID=processing_tasks.training_model_b
AIRFLOW_CTX_EXECUTION_DATE=2021-07-20T15:33:53.397986+00:00
AIRFLOW_CTX_DAG_RUN_ID=manual__2021-07-20T15:33:53.397986+00:00
[2021-07-20 15:33:59,568] {logging_mixin.py:104} INFO - model's accuracy: 0.6812888583568693
[2021-07-20 15:33:59,654] {python.py:151} INFO - Done. Returned value was: None
[2021-07-20 15:33:59,701] {taskinstance.py:1184} INFO - Marking task as SUCCESS. dag_id=xcom_dag, task_id=processing_tasks.training_model_b, execution_date=20210720T153353, start_date=20210720T153358, end_date=20210720T153359
[2021-07-20 15:33:59,822] {taskinstance.py:1245} INFO - 1 downstream tasks scheduled from follow-on schedule check
[2021-07-20 15:33:59,837] {local_task_job.py:151} INFO - Task exited with return code 0
