[2021-07-19 20:33:50,718] {taskinstance.py:876} INFO - Dependencies all met for <TaskInstance: parallel_dag.task1 2020-01-21T00:00:00+00:00 [queued]>
[2021-07-19 20:33:51,122] {taskinstance.py:876} INFO - Dependencies all met for <TaskInstance: parallel_dag.task1 2020-01-21T00:00:00+00:00 [queued]>
[2021-07-19 20:33:51,123] {taskinstance.py:1067} INFO - 
--------------------------------------------------------------------------------
[2021-07-19 20:33:51,123] {taskinstance.py:1068} INFO - Starting attempt 1 of 1
[2021-07-19 20:33:51,143] {taskinstance.py:1069} INFO - 
--------------------------------------------------------------------------------
[2021-07-19 20:33:51,360] {taskinstance.py:1087} INFO - Executing <Task(BashOperator): task1> on 2020-01-21T00:00:00+00:00
[2021-07-19 20:33:51,447] {standard_task_runner.py:52} INFO - Started process 8976 to run task
[2021-07-19 20:33:51,597] {standard_task_runner.py:76} INFO - Running: ['airflow', 'tasks', 'run', 'parallel_dag', 'task1', '2020-01-21T00:00:00+00:00', '--job-id', '123', '--pool', 'default_pool', '--raw', '--subdir', 'DAGS_FOLDER/parallel_dag.py', '--cfg-path', '/tmp/tmpi9hn43jo', '--error-file', '/tmp/tmpclvc7rjq']
[2021-07-19 20:33:51,621] {standard_task_runner.py:77} INFO - Job 123: Subtask task1
[2021-07-19 20:33:52,596] {logging_mixin.py:104} INFO - Running <TaskInstance: parallel_dag.task1 2020-01-21T00:00:00+00:00 [running]> on host airflowvm
[2021-07-19 20:33:53,611] {taskinstance.py:1280} INFO - Exporting the following env vars:
AIRFLOW_CTX_DAG_OWNER=airflow
AIRFLOW_CTX_DAG_ID=parallel_dag
AIRFLOW_CTX_TASK_ID=task1
AIRFLOW_CTX_EXECUTION_DATE=2020-01-21T00:00:00+00:00
AIRFLOW_CTX_DAG_RUN_ID=scheduled__2020-01-21T00:00:00+00:00
[2021-07-19 20:33:53,613] {subprocess.py:52} INFO - Tmp dir root location: 
 /tmp
[2021-07-19 20:33:53,654] {subprocess.py:63} INFO - Running command: ['bash', '-c', 'sleep 3']
[2021-07-19 20:33:53,903] {subprocess.py:75} INFO - Output:
[2021-07-19 20:33:56,871] {subprocess.py:83} INFO - Command exited with return code 0
[2021-07-19 20:33:58,015] {taskinstance.py:1184} INFO - Marking task as SUCCESS. dag_id=parallel_dag, task_id=task1, execution_date=20200121T000000, start_date=20210719T203350, end_date=20210719T203358
[2021-07-19 20:33:58,792] {taskinstance.py:1245} INFO - 2 downstream tasks scheduled from follow-on schedule check
[2021-07-19 20:33:58,907] {local_task_job.py:151} INFO - Task exited with return code 0
