[2021-07-20 00:00:00,753] {taskinstance.py:876} INFO - Dependencies all met for <TaskInstance: parallel_dag.task1 2021-07-19T00:00:00+00:00 [queued]>
[2021-07-20 00:00:00,787] {taskinstance.py:876} INFO - Dependencies all met for <TaskInstance: parallel_dag.task1 2021-07-19T00:00:00+00:00 [queued]>
[2021-07-20 00:00:00,788] {taskinstance.py:1067} INFO - 
--------------------------------------------------------------------------------
[2021-07-20 00:00:00,789] {taskinstance.py:1068} INFO - Starting attempt 1 of 1
[2021-07-20 00:00:00,789] {taskinstance.py:1069} INFO - 
--------------------------------------------------------------------------------
[2021-07-20 00:00:00,804] {taskinstance.py:1087} INFO - Executing <Task(BashOperator): task1> on 2021-07-19T00:00:00+00:00
[2021-07-20 00:00:00,810] {standard_task_runner.py:52} INFO - Started process 47580 to run task
[2021-07-20 00:00:00,821] {standard_task_runner.py:76} INFO - Running: ['airflow', 'tasks', 'run', 'parallel_dag', 'task1', '2021-07-19T00:00:00+00:00', '--job-id', '149', '--pool', 'default_pool', '--raw', '--subdir', 'DAGS_FOLDER/parallel_dag.py', '--cfg-path', '/tmp/tmpbj2v9_w_', '--error-file', '/tmp/tmpib5vd8sf']
[2021-07-20 00:00:00,823] {standard_task_runner.py:77} INFO - Job 149: Subtask task1
[2021-07-20 00:00:00,912] {logging_mixin.py:104} INFO - Running <TaskInstance: parallel_dag.task1 2021-07-19T00:00:00+00:00 [running]> on host airflowvm
[2021-07-20 00:00:01,094] {taskinstance.py:1280} INFO - Exporting the following env vars:
AIRFLOW_CTX_DAG_OWNER=airflow
AIRFLOW_CTX_DAG_ID=parallel_dag
AIRFLOW_CTX_TASK_ID=task1
AIRFLOW_CTX_EXECUTION_DATE=2021-07-19T00:00:00+00:00
AIRFLOW_CTX_DAG_RUN_ID=scheduled__2021-07-19T00:00:00+00:00
[2021-07-20 00:00:01,095] {subprocess.py:52} INFO - Tmp dir root location: 
 /tmp
[2021-07-20 00:00:01,096] {subprocess.py:63} INFO - Running command: ['bash', '-c', 'sleep 3']
[2021-07-20 00:00:01,113] {subprocess.py:75} INFO - Output:
[2021-07-20 00:00:04,116] {subprocess.py:83} INFO - Command exited with return code 0
[2021-07-20 00:00:04,161] {taskinstance.py:1184} INFO - Marking task as SUCCESS. dag_id=parallel_dag, task_id=task1, execution_date=20210719T000000, start_date=20210720T000000, end_date=20210720T000004
[2021-07-20 00:00:04,225] {taskinstance.py:1245} INFO - 1 downstream tasks scheduled from follow-on schedule check
[2021-07-20 00:00:04,255] {local_task_job.py:151} INFO - Task exited with return code 0
