[2021-07-19 20:33:32,640] {taskinstance.py:876} INFO - Dependencies all met for <TaskInstance: parallel_dag.task3 2020-01-16T00:00:00+00:00 [queued]>
[2021-07-19 20:33:32,867] {taskinstance.py:876} INFO - Dependencies all met for <TaskInstance: parallel_dag.task3 2020-01-16T00:00:00+00:00 [queued]>
[2021-07-19 20:33:32,867] {taskinstance.py:1067} INFO - 
--------------------------------------------------------------------------------
[2021-07-19 20:33:32,868] {taskinstance.py:1068} INFO - Starting attempt 1 of 1
[2021-07-19 20:33:32,875] {taskinstance.py:1069} INFO - 
--------------------------------------------------------------------------------
[2021-07-19 20:33:32,998] {taskinstance.py:1087} INFO - Executing <Task(BashOperator): task3> on 2020-01-16T00:00:00+00:00
[2021-07-19 20:33:33,048] {standard_task_runner.py:52} INFO - Started process 8569 to run task
[2021-07-19 20:33:33,165] {standard_task_runner.py:76} INFO - Running: ['airflow', 'tasks', 'run', 'parallel_dag', 'task3', '2020-01-16T00:00:00+00:00', '--job-id', '112', '--pool', 'default_pool', '--raw', '--subdir', 'DAGS_FOLDER/parallel_dag.py', '--cfg-path', '/tmp/tmpoqgmyids', '--error-file', '/tmp/tmpjkwhykri']
[2021-07-19 20:33:33,216] {standard_task_runner.py:77} INFO - Job 112: Subtask task3
[2021-07-19 20:33:34,003] {logging_mixin.py:104} INFO - Running <TaskInstance: parallel_dag.task3 2020-01-16T00:00:00+00:00 [running]> on host airflowvm
[2021-07-19 20:33:34,907] {taskinstance.py:1280} INFO - Exporting the following env vars:
AIRFLOW_CTX_DAG_OWNER=airflow
AIRFLOW_CTX_DAG_ID=parallel_dag
AIRFLOW_CTX_TASK_ID=task3
AIRFLOW_CTX_EXECUTION_DATE=2020-01-16T00:00:00+00:00
AIRFLOW_CTX_DAG_RUN_ID=scheduled__2020-01-16T00:00:00+00:00
[2021-07-19 20:33:34,911] {subprocess.py:52} INFO - Tmp dir root location: 
 /tmp
[2021-07-19 20:33:34,978] {subprocess.py:63} INFO - Running command: ['bash', '-c', 'sleep 3']
[2021-07-19 20:33:35,189] {subprocess.py:75} INFO - Output:
[2021-07-19 20:33:38,234] {subprocess.py:83} INFO - Command exited with return code 0
[2021-07-19 20:33:39,300] {taskinstance.py:1184} INFO - Marking task as SUCCESS. dag_id=parallel_dag, task_id=task3, execution_date=20200116T000000, start_date=20210719T203332, end_date=20210719T203339
[2021-07-19 20:33:39,957] {taskinstance.py:1245} INFO - 1 downstream tasks scheduled from follow-on schedule check
[2021-07-19 20:33:40,111] {local_task_job.py:151} INFO - Task exited with return code 0
