[2021-07-19 20:32:40,437] {taskinstance.py:876} INFO - Dependencies all met for <TaskInstance: parallel_dag.task2 2020-01-02T00:00:00+00:00 [queued]>
[2021-07-19 20:32:41,492] {taskinstance.py:876} INFO - Dependencies all met for <TaskInstance: parallel_dag.task2 2020-01-02T00:00:00+00:00 [queued]>
[2021-07-19 20:32:41,619] {taskinstance.py:1067} INFO - 
--------------------------------------------------------------------------------
[2021-07-19 20:32:41,659] {taskinstance.py:1068} INFO - Starting attempt 1 of 1
[2021-07-19 20:32:41,660] {taskinstance.py:1069} INFO - 
--------------------------------------------------------------------------------
[2021-07-19 20:32:42,456] {taskinstance.py:1087} INFO - Executing <Task(BashOperator): task2> on 2020-01-02T00:00:00+00:00
[2021-07-19 20:32:43,021] {standard_task_runner.py:52} INFO - Started process 7055 to run task
[2021-07-19 20:32:43,414] {standard_task_runner.py:76} INFO - Running: ['airflow', 'tasks', 'run', 'parallel_dag', 'task2', '2020-01-02T00:00:00+00:00', '--job-id', '67', '--pool', 'default_pool', '--raw', '--subdir', 'DAGS_FOLDER/parallel_dag.py', '--cfg-path', '/tmp/tmpw1yjpaeb', '--error-file', '/tmp/tmpz8wjzczk']
[2021-07-19 20:32:43,524] {standard_task_runner.py:77} INFO - Job 67: Subtask task2
[2021-07-19 20:32:46,023] {logging_mixin.py:104} INFO - Running <TaskInstance: parallel_dag.task2 2020-01-02T00:00:00+00:00 [running]> on host airflowvm
[2021-07-19 20:32:47,496] {taskinstance.py:1280} INFO - Exporting the following env vars:
AIRFLOW_CTX_DAG_OWNER=airflow
AIRFLOW_CTX_DAG_ID=parallel_dag
AIRFLOW_CTX_TASK_ID=task2
AIRFLOW_CTX_EXECUTION_DATE=2020-01-02T00:00:00+00:00
AIRFLOW_CTX_DAG_RUN_ID=scheduled__2020-01-02T00:00:00+00:00
[2021-07-19 20:32:47,500] {subprocess.py:52} INFO - Tmp dir root location: 
 /tmp
[2021-07-19 20:32:47,556] {subprocess.py:63} INFO - Running command: ['bash', '-c', 'sleep 3']
[2021-07-19 20:32:47,767] {subprocess.py:75} INFO - Output:
[2021-07-19 20:32:50,819] {subprocess.py:83} INFO - Command exited with return code 0
[2021-07-19 20:32:51,658] {taskinstance.py:1184} INFO - Marking task as SUCCESS. dag_id=parallel_dag, task_id=task2, execution_date=20200102T000000, start_date=20210719T203240, end_date=20210719T203251
[2021-07-19 20:32:52,571] {taskinstance.py:1245} INFO - 1 downstream tasks scheduled from follow-on schedule check
[2021-07-19 20:32:52,660] {local_task_job.py:151} INFO - Task exited with return code 0
