[2021-07-20 16:19:17,591] {taskinstance.py:876} INFO - Dependencies all met for <TaskInstance: xcom_dag.Choose_model 2021-07-20T16:19:08.864717+00:00 [queued]>
[2021-07-20 16:19:17,617] {taskinstance.py:876} INFO - Dependencies all met for <TaskInstance: xcom_dag.Choose_model 2021-07-20T16:19:08.864717+00:00 [queued]>
[2021-07-20 16:19:17,617] {taskinstance.py:1067} INFO - 
--------------------------------------------------------------------------------
[2021-07-20 16:19:17,618] {taskinstance.py:1068} INFO - Starting attempt 1 of 1
[2021-07-20 16:19:17,618] {taskinstance.py:1069} INFO - 
--------------------------------------------------------------------------------
[2021-07-20 16:19:17,631] {taskinstance.py:1087} INFO - Executing <Task(PythonOperator): Choose_model> on 2021-07-20T16:19:08.864717+00:00
[2021-07-20 16:19:17,635] {standard_task_runner.py:52} INFO - Started process 9376 to run task
[2021-07-20 16:19:17,645] {standard_task_runner.py:76} INFO - Running: ['airflow', 'tasks', 'run', 'xcom_dag', 'Choose_model', '2021-07-20T16:19:08.864717+00:00', '--job-id', '233', '--pool', 'default_pool', '--raw', '--subdir', 'DAGS_FOLDER/xcom_dag.py', '--cfg-path', '/tmp/tmp_95i2106', '--error-file', '/tmp/tmpmmxx8ou_']
[2021-07-20 16:19:17,648] {standard_task_runner.py:77} INFO - Job 233: Subtask Choose_model
[2021-07-20 16:19:17,731] {logging_mixin.py:104} INFO - Running <TaskInstance: xcom_dag.Choose_model 2021-07-20T16:19:08.864717+00:00 [running]> on host airflowvm
[2021-07-20 16:19:17,836] {taskinstance.py:1280} INFO - Exporting the following env vars:
AIRFLOW_CTX_DAG_OWNER=airflow
AIRFLOW_CTX_DAG_ID=xcom_dag
AIRFLOW_CTX_TASK_ID=Choose_model
AIRFLOW_CTX_EXECUTION_DATE=2021-07-20T16:19:08.864717+00:00
AIRFLOW_CTX_DAG_RUN_ID=manual__2021-07-20T16:19:08.864717+00:00
[2021-07-20 16:19:17,838] {logging_mixin.py:104} INFO - choose best model
[2021-07-20 16:19:17,858] {python.py:151} INFO - Done. Returned value was: inaccurate
[2021-07-20 16:19:17,905] {taskinstance.py:1184} INFO - Marking task as SUCCESS. dag_id=xcom_dag, task_id=Choose_model, execution_date=20210720T161908, start_date=20210720T161917, end_date=20210720T161917
[2021-07-20 16:19:17,957] {taskinstance.py:1245} INFO - 2 downstream tasks scheduled from follow-on schedule check
[2021-07-20 16:19:17,978] {local_task_job.py:151} INFO - Task exited with return code 0
