[2021-07-19 20:24:08,536] {taskinstance.py:876} INFO - Dependencies all met for <TaskInstance: parallel_dag.task2 2021-07-18T00:00:00+00:00 [queued]>
[2021-07-19 20:24:08,684] {taskinstance.py:876} INFO - Dependencies all met for <TaskInstance: parallel_dag.task2 2021-07-18T00:00:00+00:00 [queued]>
[2021-07-19 20:24:08,685] {taskinstance.py:1067} INFO - 
--------------------------------------------------------------------------------
[2021-07-19 20:24:08,685] {taskinstance.py:1068} INFO - Starting attempt 1 of 1
[2021-07-19 20:24:08,695] {taskinstance.py:1069} INFO - 
--------------------------------------------------------------------------------
[2021-07-19 20:24:08,781] {taskinstance.py:1087} INFO - Executing <Task(BashOperator): task2> on 2021-07-18T00:00:00+00:00
[2021-07-19 20:24:08,812] {standard_task_runner.py:52} INFO - Started process 2017 to run task
[2021-07-19 20:24:08,861] {standard_task_runner.py:76} INFO - Running: ['airflow', 'tasks', 'run', 'parallel_dag', 'task2', '2021-07-18T00:00:00+00:00', '--job-id', '51', '--pool', 'default_pool', '--raw', '--subdir', 'DAGS_FOLDER/parallel_dag.py', '--cfg-path', '/tmp/tmpv_75gqd5', '--error-file', '/tmp/tmplcebhima']
[2021-07-19 20:24:08,891] {standard_task_runner.py:77} INFO - Job 51: Subtask task2
[2021-07-19 20:24:09,287] {logging_mixin.py:104} INFO - Running <TaskInstance: parallel_dag.task2 2021-07-18T00:00:00+00:00 [running]> on host airflowvm
[2021-07-19 20:24:09,753] {taskinstance.py:1280} INFO - Exporting the following env vars:
AIRFLOW_CTX_DAG_OWNER=airflow
AIRFLOW_CTX_DAG_ID=parallel_dag
AIRFLOW_CTX_TASK_ID=task2
AIRFLOW_CTX_EXECUTION_DATE=2021-07-18T00:00:00+00:00
AIRFLOW_CTX_DAG_RUN_ID=scheduled__2021-07-18T00:00:00+00:00
[2021-07-19 20:24:09,754] {subprocess.py:52} INFO - Tmp dir root location: 
 /tmp
[2021-07-19 20:24:09,760] {subprocess.py:63} INFO - Running command: ['bash', '-c', 'sleep 3']
[2021-07-19 20:24:09,782] {subprocess.py:75} INFO - Output:
[2021-07-19 20:24:12,798] {subprocess.py:83} INFO - Command exited with return code 0
[2021-07-19 20:24:12,972] {taskinstance.py:1184} INFO - Marking task as SUCCESS. dag_id=parallel_dag, task_id=task2, execution_date=20210718T000000, start_date=20210719T202408, end_date=20210719T202412
[2021-07-19 20:24:13,326] {taskinstance.py:1245} INFO - 0 downstream tasks scheduled from follow-on schedule check
[2021-07-19 20:24:13,422] {local_task_job.py:151} INFO - Task exited with return code 0
