[2021-07-19 20:32:23,433] {taskinstance.py:876} INFO - Dependencies all met for <TaskInstance: parallel_dag.task1 2020-01-06T00:00:00+00:00 [queued]>
[2021-07-19 20:32:23,842] {taskinstance.py:876} INFO - Dependencies all met for <TaskInstance: parallel_dag.task1 2020-01-06T00:00:00+00:00 [queued]>
[2021-07-19 20:32:23,851] {taskinstance.py:1067} INFO - 
--------------------------------------------------------------------------------
[2021-07-19 20:32:23,852] {taskinstance.py:1068} INFO - Starting attempt 1 of 1
[2021-07-19 20:32:23,867] {taskinstance.py:1069} INFO - 
--------------------------------------------------------------------------------
[2021-07-19 20:32:23,983] {taskinstance.py:1087} INFO - Executing <Task(BashOperator): task1> on 2020-01-06T00:00:00+00:00
[2021-07-19 20:32:24,005] {standard_task_runner.py:52} INFO - Started process 6831 to run task
[2021-07-19 20:32:24,056] {standard_task_runner.py:76} INFO - Running: ['airflow', 'tasks', 'run', 'parallel_dag', 'task1', '2020-01-06T00:00:00+00:00', '--job-id', '60', '--pool', 'default_pool', '--raw', '--subdir', 'DAGS_FOLDER/parallel_dag.py', '--cfg-path', '/tmp/tmp_lkzs3g1', '--error-file', '/tmp/tmp3ycrn1ig']
[2021-07-19 20:32:24,090] {standard_task_runner.py:77} INFO - Job 60: Subtask task1
[2021-07-19 20:32:25,152] {logging_mixin.py:104} INFO - Running <TaskInstance: parallel_dag.task1 2020-01-06T00:00:00+00:00 [running]> on host airflowvm
[2021-07-19 20:32:26,871] {taskinstance.py:1280} INFO - Exporting the following env vars:
AIRFLOW_CTX_DAG_OWNER=airflow
AIRFLOW_CTX_DAG_ID=parallel_dag
AIRFLOW_CTX_TASK_ID=task1
AIRFLOW_CTX_EXECUTION_DATE=2020-01-06T00:00:00+00:00
AIRFLOW_CTX_DAG_RUN_ID=scheduled__2020-01-06T00:00:00+00:00
[2021-07-19 20:32:26,933] {subprocess.py:52} INFO - Tmp dir root location: 
 /tmp
[2021-07-19 20:32:26,936] {subprocess.py:63} INFO - Running command: ['bash', '-c', 'sleep 3']
[2021-07-19 20:32:27,153] {subprocess.py:75} INFO - Output:
[2021-07-19 20:32:30,444] {subprocess.py:83} INFO - Command exited with return code 0
[2021-07-19 20:32:31,440] {taskinstance.py:1184} INFO - Marking task as SUCCESS. dag_id=parallel_dag, task_id=task1, execution_date=20200106T000000, start_date=20210719T203223, end_date=20210719T203231
[2021-07-19 20:32:32,945] {taskinstance.py:1245} INFO - 2 downstream tasks scheduled from follow-on schedule check
[2021-07-19 20:32:33,171] {local_task_job.py:151} INFO - Task exited with return code 0
