[2021-07-19 23:18:43,518] {taskinstance.py:876} INFO - Dependencies all met for <TaskInstance: parallel_dag.processing_tasks 2021-07-18T00:00:00+00:00 [queued]>
[2021-07-19 23:18:43,563] {taskinstance.py:876} INFO - Dependencies all met for <TaskInstance: parallel_dag.processing_tasks 2021-07-18T00:00:00+00:00 [queued]>
[2021-07-19 23:18:43,564] {taskinstance.py:1067} INFO - 
--------------------------------------------------------------------------------
[2021-07-19 23:18:43,565] {taskinstance.py:1068} INFO - Starting attempt 1 of 1
[2021-07-19 23:18:43,565] {taskinstance.py:1069} INFO - 
--------------------------------------------------------------------------------
[2021-07-19 23:18:43,594] {taskinstance.py:1087} INFO - Executing <Task(SubDagOperator): processing_tasks> on 2021-07-18T00:00:00+00:00
[2021-07-19 23:18:43,600] {standard_task_runner.py:52} INFO - Started process 45869 to run task
[2021-07-19 23:18:43,614] {standard_task_runner.py:76} INFO - Running: ['airflow', 'tasks', 'run', 'parallel_dag', 'processing_tasks', '2021-07-18T00:00:00+00:00', '--job-id', '145', '--pool', 'default_pool', '--raw', '--subdir', 'DAGS_FOLDER/parallel_dag.py', '--cfg-path', '/tmp/tmp55sljc_u', '--error-file', '/tmp/tmp3x9dfjjq']
[2021-07-19 23:18:43,617] {standard_task_runner.py:77} INFO - Job 145: Subtask processing_tasks
[2021-07-19 23:18:43,758] {logging_mixin.py:104} INFO - Running <TaskInstance: parallel_dag.processing_tasks 2021-07-18T00:00:00+00:00 [running]> on host airflowvm
[2021-07-19 23:18:43,939] {taskinstance.py:1280} INFO - Exporting the following env vars:
AIRFLOW_CTX_DAG_OWNER=airflow
AIRFLOW_CTX_DAG_ID=parallel_dag
AIRFLOW_CTX_TASK_ID=processing_tasks
AIRFLOW_CTX_EXECUTION_DATE=2021-07-18T00:00:00+00:00
AIRFLOW_CTX_DAG_RUN_ID=scheduled__2021-07-18T00:00:00+00:00
[2021-07-19 23:18:44,035] {subdag.py:155} INFO - Created DagRun: scheduled__2021-07-18T00:00:00+00:00
[2021-07-19 23:19:44,141] {base.py:243} INFO - Success criteria met. Exiting.
[2021-07-19 23:19:44,158] {subdag.py:169} INFO - Execution finished. State is success
[2021-07-19 23:19:44,186] {taskinstance.py:1184} INFO - Marking task as SUCCESS. dag_id=parallel_dag, task_id=processing_tasks, execution_date=20210718T000000, start_date=20210719T231843, end_date=20210719T231944
[2021-07-19 23:19:44,299] {taskinstance.py:1245} INFO - 1 downstream tasks scheduled from follow-on schedule check
[2021-07-19 23:19:44,333] {local_task_job.py:151} INFO - Task exited with return code 0
