[2021-07-20 16:19:14,792] {taskinstance.py:876} INFO - Dependencies all met for <TaskInstance: xcom_dag.processing_tasks.training_model_b 2021-07-20T16:19:08.864717+00:00 [queued]>
[2021-07-20 16:19:14,884] {taskinstance.py:876} INFO - Dependencies all met for <TaskInstance: xcom_dag.processing_tasks.training_model_b 2021-07-20T16:19:08.864717+00:00 [queued]>
[2021-07-20 16:19:14,884] {taskinstance.py:1067} INFO - 
--------------------------------------------------------------------------------
[2021-07-20 16:19:14,884] {taskinstance.py:1068} INFO - Starting attempt 1 of 1
[2021-07-20 16:19:14,884] {taskinstance.py:1069} INFO - 
--------------------------------------------------------------------------------
[2021-07-20 16:19:14,924] {taskinstance.py:1087} INFO - Executing <Task(PythonOperator): processing_tasks.training_model_b> on 2021-07-20T16:19:08.864717+00:00
[2021-07-20 16:19:14,942] {standard_task_runner.py:52} INFO - Started process 9299 to run task
[2021-07-20 16:19:14,969] {standard_task_runner.py:76} INFO - Running: ['airflow', 'tasks', 'run', 'xcom_dag', 'processing_tasks.training_model_b', '2021-07-20T16:19:08.864717+00:00', '--job-id', '231', '--pool', 'default_pool', '--raw', '--subdir', 'DAGS_FOLDER/xcom_dag.py', '--cfg-path', '/tmp/tmpyq468lat', '--error-file', '/tmp/tmptey37wq2']
[2021-07-20 16:19:14,973] {standard_task_runner.py:77} INFO - Job 231: Subtask processing_tasks.training_model_b
[2021-07-20 16:19:15,249] {logging_mixin.py:104} INFO - Running <TaskInstance: xcom_dag.processing_tasks.training_model_b 2021-07-20T16:19:08.864717+00:00 [running]> on host airflowvm
[2021-07-20 16:19:15,726] {taskinstance.py:1280} INFO - Exporting the following env vars:
AIRFLOW_CTX_DAG_OWNER=airflow
AIRFLOW_CTX_DAG_ID=xcom_dag
AIRFLOW_CTX_TASK_ID=processing_tasks.training_model_b
AIRFLOW_CTX_EXECUTION_DATE=2021-07-20T16:19:08.864717+00:00
AIRFLOW_CTX_DAG_RUN_ID=manual__2021-07-20T16:19:08.864717+00:00
[2021-07-20 16:19:15,736] {logging_mixin.py:104} INFO - model's accuracy: 8.699739334612111
[2021-07-20 16:19:15,954] {python.py:151} INFO - Done. Returned value was: None
[2021-07-20 16:19:16,025] {taskinstance.py:1184} INFO - Marking task as SUCCESS. dag_id=xcom_dag, task_id=processing_tasks.training_model_b, execution_date=20210720T161908, start_date=20210720T161914, end_date=20210720T161916
[2021-07-20 16:19:16,244] {taskinstance.py:1245} INFO - 1 downstream tasks scheduled from follow-on schedule check
[2021-07-20 16:19:16,270] {local_task_job.py:151} INFO - Task exited with return code 0
