[2021-07-19 20:33:37,083] {taskinstance.py:876} INFO - Dependencies all met for <TaskInstance: parallel_dag.task4 2020-01-12T00:00:00+00:00 [queued]>
[2021-07-19 20:33:37,408] {taskinstance.py:876} INFO - Dependencies all met for <TaskInstance: parallel_dag.task4 2020-01-12T00:00:00+00:00 [queued]>
[2021-07-19 20:33:37,431] {taskinstance.py:1067} INFO - 
--------------------------------------------------------------------------------
[2021-07-19 20:33:37,431] {taskinstance.py:1068} INFO - Starting attempt 1 of 1
[2021-07-19 20:33:37,432] {taskinstance.py:1069} INFO - 
--------------------------------------------------------------------------------
[2021-07-19 20:33:37,615] {taskinstance.py:1087} INFO - Executing <Task(BashOperator): task4> on 2020-01-12T00:00:00+00:00
[2021-07-19 20:33:37,673] {standard_task_runner.py:52} INFO - Started process 8672 to run task
[2021-07-19 20:33:37,748] {standard_task_runner.py:76} INFO - Running: ['airflow', 'tasks', 'run', 'parallel_dag', 'task4', '2020-01-12T00:00:00+00:00', '--job-id', '116', '--pool', 'default_pool', '--raw', '--subdir', 'DAGS_FOLDER/parallel_dag.py', '--cfg-path', '/tmp/tmpnhj6f74x', '--error-file', '/tmp/tmp62z6ntit']
[2021-07-19 20:33:37,779] {standard_task_runner.py:77} INFO - Job 116: Subtask task4
[2021-07-19 20:33:39,698] {logging_mixin.py:104} INFO - Running <TaskInstance: parallel_dag.task4 2020-01-12T00:00:00+00:00 [running]> on host airflowvm
[2021-07-19 20:33:41,123] {taskinstance.py:1280} INFO - Exporting the following env vars:
AIRFLOW_CTX_DAG_OWNER=airflow
AIRFLOW_CTX_DAG_ID=parallel_dag
AIRFLOW_CTX_TASK_ID=task4
AIRFLOW_CTX_EXECUTION_DATE=2020-01-12T00:00:00+00:00
AIRFLOW_CTX_DAG_RUN_ID=scheduled__2020-01-12T00:00:00+00:00
[2021-07-19 20:33:41,125] {subprocess.py:52} INFO - Tmp dir root location: 
 /tmp
[2021-07-19 20:33:41,126] {subprocess.py:63} INFO - Running command: ['bash', '-c', 'sleep 3']
[2021-07-19 20:33:41,245] {subprocess.py:75} INFO - Output:
[2021-07-19 20:33:44,257] {subprocess.py:83} INFO - Command exited with return code 0
[2021-07-19 20:33:44,638] {taskinstance.py:1184} INFO - Marking task as SUCCESS. dag_id=parallel_dag, task_id=task4, execution_date=20200112T000000, start_date=20210719T203337, end_date=20210719T203344
[2021-07-19 20:33:45,799] {taskinstance.py:1245} INFO - 0 downstream tasks scheduled from follow-on schedule check
[2021-07-19 20:33:45,892] {local_task_job.py:151} INFO - Task exited with return code 0
