[2021-07-15 19:42:53,557] {taskinstance.py:876} INFO - Dependencies all met for <TaskInstance: user_processing.extracting_user 2020-01-02T00:00:00+00:00 [queued]>
[2021-07-15 19:42:53,568] {taskinstance.py:876} INFO - Dependencies all met for <TaskInstance: user_processing.extracting_user 2020-01-02T00:00:00+00:00 [queued]>
[2021-07-15 19:42:53,569] {taskinstance.py:1067} INFO - 
--------------------------------------------------------------------------------
[2021-07-15 19:42:53,569] {taskinstance.py:1068} INFO - Starting attempt 1 of 1
[2021-07-15 19:42:53,570] {taskinstance.py:1069} INFO - 
--------------------------------------------------------------------------------
[2021-07-15 19:42:53,588] {taskinstance.py:1087} INFO - Executing <Task(SimpleHttpOperator): extracting_user> on 2020-01-02T00:00:00+00:00
[2021-07-15 19:42:53,590] {standard_task_runner.py:52} INFO - Started process 14155 to run task
[2021-07-15 19:42:53,600] {standard_task_runner.py:76} INFO - Running: ['airflow', 'tasks', 'run', 'user_processing', 'extracting_user', '2020-01-02T00:00:00+00:00', '--job-id', '37', '--pool', 'default_pool', '--raw', '--subdir', 'DAGS_FOLDER/user_processing.py', '--cfg-path', '/tmp/tmpt_sq9js1', '--error-file', '/tmp/tmp8dpy9doy']
[2021-07-15 19:42:53,602] {standard_task_runner.py:77} INFO - Job 37: Subtask extracting_user
[2021-07-15 19:42:53,661] {logging_mixin.py:104} INFO - Running <TaskInstance: user_processing.extracting_user 2020-01-02T00:00:00+00:00 [running]> on host airflowvm
[2021-07-15 19:42:53,741] {taskinstance.py:1280} INFO - Exporting the following env vars:
AIRFLOW_CTX_DAG_OWNER=airflow
AIRFLOW_CTX_DAG_ID=user_processing
AIRFLOW_CTX_TASK_ID=extracting_user
AIRFLOW_CTX_EXECUTION_DATE=2020-01-02T00:00:00+00:00
AIRFLOW_CTX_DAG_RUN_ID=scheduled__2020-01-02T00:00:00+00:00
[2021-07-15 19:42:53,742] {http.py:111} INFO - Calling HTTP method
[2021-07-15 19:42:53,752] {base.py:69} INFO - Using connection to: id: user_api. Host: https://randomuser.me/, Port: None, Schema: , Login: , Password: None, extra: {}
[2021-07-15 19:42:53,754] {http.py:140} INFO - Sending 'GET' to url: https://randomuser.me/api/
[2021-07-15 19:42:53,897] {http.py:115} INFO - {"results":[{"gender":"male","name":{"title":"Mr","first":"Hans-Willi","last":"Bruns"},"location":{"street":{"number":6360,"name":"Drosselweg"},"city":"Leverkusen","state":"Berlin","country":"Germany","postcode":76909,"coordinates":{"latitude":"-41.0094","longitude":"-36.6135"},"timezone":{"offset":"-5:00","description":"Eastern Time (US & Canada), Bogota, Lima"}},"email":"hans-willi.bruns@example.com","login":{"uuid":"614a372b-2d8f-4047-9d1e-948e8c3d1c92","username":"bigtiger642","password":"stuart","salt":"hZG0bsC3","md5":"6cb18fc41a9fd0ca67c529f7b813b5d4","sha1":"3db0a44aa8c660f63843f112baf160be7b566dc2","sha256":"9f7177400f089045fb6f9f7bec3a88b36a878342bd3c53b45d6eeff218f414f2"},"dob":{"date":"1958-04-29T19:43:41.209Z","age":63},"registered":{"date":"2011-09-01T12:52:40.559Z","age":10},"phone":"0572-8175147","cell":"0178-7725877","id":{"name":"","value":null},"picture":{"large":"https://randomuser.me/api/portraits/men/88.jpg","medium":"https://randomuser.me/api/portraits/med/men/88.jpg","thumbnail":"https://randomuser.me/api/portraits/thumb/men/88.jpg"},"nat":"DE"}],"info":{"seed":"f2325d1a5085f624","results":1,"page":1,"version":"1.3"}}
[2021-07-15 19:42:53,919] {taskinstance.py:1184} INFO - Marking task as SUCCESS. dag_id=user_processing, task_id=extracting_user, execution_date=20200102T000000, start_date=20210715T194253, end_date=20210715T194253
[2021-07-15 19:42:53,964] {taskinstance.py:1245} INFO - 1 downstream tasks scheduled from follow-on schedule check
[2021-07-15 19:42:53,973] {local_task_job.py:151} INFO - Task exited with return code 0
