[2021-07-19 20:33:43,951] {taskinstance.py:876} INFO - Dependencies all met for <TaskInstance: parallel_dag.task1 2020-01-19T00:00:00+00:00 [queued]>
[2021-07-19 20:33:44,210] {taskinstance.py:876} INFO - Dependencies all met for <TaskInstance: parallel_dag.task1 2020-01-19T00:00:00+00:00 [queued]>
[2021-07-19 20:33:44,210] {taskinstance.py:1067} INFO - 
--------------------------------------------------------------------------------
[2021-07-19 20:33:44,211] {taskinstance.py:1068} INFO - Starting attempt 1 of 1
[2021-07-19 20:33:44,211] {taskinstance.py:1069} INFO - 
--------------------------------------------------------------------------------
[2021-07-19 20:33:44,403] {taskinstance.py:1087} INFO - Executing <Task(BashOperator): task1> on 2020-01-19T00:00:00+00:00
[2021-07-19 20:33:44,487] {standard_task_runner.py:52} INFO - Started process 8844 to run task
[2021-07-19 20:33:44,636] {standard_task_runner.py:76} INFO - Running: ['airflow', 'tasks', 'run', 'parallel_dag', 'task1', '2020-01-19T00:00:00+00:00', '--job-id', '119', '--pool', 'default_pool', '--raw', '--subdir', 'DAGS_FOLDER/parallel_dag.py', '--cfg-path', '/tmp/tmp8a8vs02i', '--error-file', '/tmp/tmp68_7o0u0']
[2021-07-19 20:33:44,664] {standard_task_runner.py:77} INFO - Job 119: Subtask task1
[2021-07-19 20:33:45,251] {logging_mixin.py:104} INFO - Running <TaskInstance: parallel_dag.task1 2020-01-19T00:00:00+00:00 [running]> on host airflowvm
[2021-07-19 20:33:46,058] {taskinstance.py:1280} INFO - Exporting the following env vars:
AIRFLOW_CTX_DAG_OWNER=airflow
AIRFLOW_CTX_DAG_ID=parallel_dag
AIRFLOW_CTX_TASK_ID=task1
AIRFLOW_CTX_EXECUTION_DATE=2020-01-19T00:00:00+00:00
AIRFLOW_CTX_DAG_RUN_ID=scheduled__2020-01-19T00:00:00+00:00
[2021-07-19 20:33:46,085] {subprocess.py:52} INFO - Tmp dir root location: 
 /tmp
[2021-07-19 20:33:46,086] {subprocess.py:63} INFO - Running command: ['bash', '-c', 'sleep 3']
[2021-07-19 20:33:46,305] {subprocess.py:75} INFO - Output:
[2021-07-19 20:33:49,342] {subprocess.py:83} INFO - Command exited with return code 0
[2021-07-19 20:33:50,551] {taskinstance.py:1184} INFO - Marking task as SUCCESS. dag_id=parallel_dag, task_id=task1, execution_date=20200119T000000, start_date=20210719T203343, end_date=20210719T203350
[2021-07-19 20:33:51,251] {taskinstance.py:1245} INFO - 2 downstream tasks scheduled from follow-on schedule check
[2021-07-19 20:33:51,384] {local_task_job.py:151} INFO - Task exited with return code 0
