[2021-07-19 20:38:04,562] {taskinstance.py:876} INFO - Dependencies all met for <TaskInstance: parallel_dag.task1 2020-01-02T00:00:00+00:00 [queued]>
[2021-07-19 20:38:04,867] {taskinstance.py:876} INFO - Dependencies all met for <TaskInstance: parallel_dag.task1 2020-01-02T00:00:00+00:00 [queued]>
[2021-07-19 20:38:04,878] {taskinstance.py:1067} INFO - 
--------------------------------------------------------------------------------
[2021-07-19 20:38:04,887] {taskinstance.py:1068} INFO - Starting attempt 2 of 2
[2021-07-19 20:38:04,892] {taskinstance.py:1069} INFO - 
--------------------------------------------------------------------------------
[2021-07-19 20:38:05,030] {taskinstance.py:1087} INFO - Executing <Task(BashOperator): task1> on 2020-01-02T00:00:00+00:00
[2021-07-19 20:38:05,082] {standard_task_runner.py:52} INFO - Started process 10954 to run task
[2021-07-19 20:38:05,157] {standard_task_runner.py:76} INFO - Running: ['airflow', 'tasks', 'run', 'parallel_dag', 'task1', '2020-01-02T00:00:00+00:00', '--job-id', '140', '--pool', 'default_pool', '--raw', '--subdir', 'DAGS_FOLDER/parallel_dag.py', '--cfg-path', '/tmp/tmp72dh7y8h', '--error-file', '/tmp/tmpl1gh6yno']
[2021-07-19 20:38:05,166] {standard_task_runner.py:77} INFO - Job 140: Subtask task1
[2021-07-19 20:38:05,611] {logging_mixin.py:104} INFO - Running <TaskInstance: parallel_dag.task1 2020-01-02T00:00:00+00:00 [running]> on host airflowvm
[2021-07-19 20:38:06,032] {taskinstance.py:1280} INFO - Exporting the following env vars:
AIRFLOW_CTX_DAG_OWNER=airflow
AIRFLOW_CTX_DAG_ID=parallel_dag
AIRFLOW_CTX_TASK_ID=task1
AIRFLOW_CTX_EXECUTION_DATE=2020-01-02T00:00:00+00:00
AIRFLOW_CTX_DAG_RUN_ID=scheduled__2020-01-02T00:00:00+00:00
[2021-07-19 20:38:06,042] {subprocess.py:52} INFO - Tmp dir root location: 
 /tmp
[2021-07-19 20:38:06,049] {subprocess.py:63} INFO - Running command: ['bash', '-c', 'sleep 3']
[2021-07-19 20:38:06,105] {subprocess.py:75} INFO - Output:
[2021-07-19 20:38:09,118] {subprocess.py:83} INFO - Command exited with return code 0
[2021-07-19 20:38:09,315] {taskinstance.py:1184} INFO - Marking task as SUCCESS. dag_id=parallel_dag, task_id=task1, execution_date=20200102T000000, start_date=20210719T203804, end_date=20210719T203809
[2021-07-19 20:38:09,575] {taskinstance.py:1245} INFO - 2 downstream tasks scheduled from follow-on schedule check
[2021-07-19 20:38:09,653] {local_task_job.py:151} INFO - Task exited with return code 0
