[2021-07-20 04:37:36,312] {taskinstance.py:876} INFO - Dependencies all met for <TaskInstance: xcom_dag.processing_tasks.training_model_a 2021-07-20T04:37:30.625939+00:00 [queued]>
[2021-07-20 04:37:36,382] {taskinstance.py:876} INFO - Dependencies all met for <TaskInstance: xcom_dag.processing_tasks.training_model_a 2021-07-20T04:37:30.625939+00:00 [queued]>
[2021-07-20 04:37:36,382] {taskinstance.py:1067} INFO - 
--------------------------------------------------------------------------------
[2021-07-20 04:37:36,382] {taskinstance.py:1068} INFO - Starting attempt 1 of 1
[2021-07-20 04:37:36,383] {taskinstance.py:1069} INFO - 
--------------------------------------------------------------------------------
[2021-07-20 04:37:36,414] {taskinstance.py:1087} INFO - Executing <Task(PythonOperator): processing_tasks.training_model_a> on 2021-07-20T04:37:30.625939+00:00
[2021-07-20 04:37:36,426] {standard_task_runner.py:52} INFO - Started process 3856 to run task
[2021-07-20 04:37:36,456] {standard_task_runner.py:76} INFO - Running: ['airflow', 'tasks', 'run', 'xcom_dag', 'processing_tasks.training_model_a', '2021-07-20T04:37:30.625939+00:00', '--job-id', '172', '--pool', 'default_pool', '--raw', '--subdir', 'DAGS_FOLDER/xcom_dag.py', '--cfg-path', '/tmp/tmpx8ykexm7', '--error-file', '/tmp/tmpmzmt7jid']
[2021-07-20 04:37:36,464] {standard_task_runner.py:77} INFO - Job 172: Subtask processing_tasks.training_model_a
[2021-07-20 04:37:36,659] {logging_mixin.py:104} INFO - Running <TaskInstance: xcom_dag.processing_tasks.training_model_a 2021-07-20T04:37:30.625939+00:00 [running]> on host airflowvm
[2021-07-20 04:37:36,975] {taskinstance.py:1280} INFO - Exporting the following env vars:
AIRFLOW_CTX_DAG_OWNER=airflow
AIRFLOW_CTX_DAG_ID=xcom_dag
AIRFLOW_CTX_TASK_ID=processing_tasks.training_model_a
AIRFLOW_CTX_EXECUTION_DATE=2021-07-20T04:37:30.625939+00:00
AIRFLOW_CTX_DAG_RUN_ID=manual__2021-07-20T04:37:30.625939+00:00
[2021-07-20 04:37:36,976] {logging_mixin.py:104} INFO - model's accuracy: 6.71718059226253
[2021-07-20 04:37:37,095] {python.py:151} INFO - Done. Returned value was: None
[2021-07-20 04:37:37,161] {taskinstance.py:1184} INFO - Marking task as SUCCESS. dag_id=xcom_dag, task_id=processing_tasks.training_model_a, execution_date=20210720T043730, start_date=20210720T043736, end_date=20210720T043737
[2021-07-20 04:37:37,325] {taskinstance.py:1245} INFO - 1 downstream tasks scheduled from follow-on schedule check
[2021-07-20 04:37:37,379] {local_task_job.py:151} INFO - Task exited with return code 0
