[2021-07-19 20:33:29,678] {taskinstance.py:876} INFO - Dependencies all met for <TaskInstance: parallel_dag.task2 2020-01-15T00:00:00+00:00 [queued]>
[2021-07-19 20:33:30,004] {taskinstance.py:876} INFO - Dependencies all met for <TaskInstance: parallel_dag.task2 2020-01-15T00:00:00+00:00 [queued]>
[2021-07-19 20:33:30,005] {taskinstance.py:1067} INFO - 
--------------------------------------------------------------------------------
[2021-07-19 20:33:30,006] {taskinstance.py:1068} INFO - Starting attempt 1 of 1
[2021-07-19 20:33:30,007] {taskinstance.py:1069} INFO - 
--------------------------------------------------------------------------------
[2021-07-19 20:33:30,191] {taskinstance.py:1087} INFO - Executing <Task(BashOperator): task2> on 2020-01-15T00:00:00+00:00
[2021-07-19 20:33:30,295] {standard_task_runner.py:52} INFO - Started process 8477 to run task
[2021-07-19 20:33:30,442] {standard_task_runner.py:76} INFO - Running: ['airflow', 'tasks', 'run', 'parallel_dag', 'task2', '2020-01-15T00:00:00+00:00', '--job-id', '109', '--pool', 'default_pool', '--raw', '--subdir', 'DAGS_FOLDER/parallel_dag.py', '--cfg-path', '/tmp/tmpug73zaud', '--error-file', '/tmp/tmpl6fiqhbe']
[2021-07-19 20:33:30,470] {standard_task_runner.py:77} INFO - Job 109: Subtask task2
[2021-07-19 20:33:31,312] {logging_mixin.py:104} INFO - Running <TaskInstance: parallel_dag.task2 2020-01-15T00:00:00+00:00 [running]> on host airflowvm
[2021-07-19 20:33:31,940] {taskinstance.py:1280} INFO - Exporting the following env vars:
AIRFLOW_CTX_DAG_OWNER=airflow
AIRFLOW_CTX_DAG_ID=parallel_dag
AIRFLOW_CTX_TASK_ID=task2
AIRFLOW_CTX_EXECUTION_DATE=2020-01-15T00:00:00+00:00
AIRFLOW_CTX_DAG_RUN_ID=scheduled__2020-01-15T00:00:00+00:00
[2021-07-19 20:33:31,954] {subprocess.py:52} INFO - Tmp dir root location: 
 /tmp
[2021-07-19 20:33:31,967] {subprocess.py:63} INFO - Running command: ['bash', '-c', 'sleep 3']
[2021-07-19 20:33:32,084] {subprocess.py:75} INFO - Output:
[2021-07-19 20:33:35,156] {subprocess.py:83} INFO - Command exited with return code 0
[2021-07-19 20:33:36,056] {taskinstance.py:1184} INFO - Marking task as SUCCESS. dag_id=parallel_dag, task_id=task2, execution_date=20200115T000000, start_date=20210719T203329, end_date=20210719T203336
[2021-07-19 20:33:36,938] {taskinstance.py:1245} INFO - 0 downstream tasks scheduled from follow-on schedule check
[2021-07-19 20:33:37,156] {local_task_job.py:151} INFO - Task exited with return code 0
