[2021-07-19 20:24:08,471] {taskinstance.py:876} INFO - Dependencies all met for <TaskInstance: parallel_dag.task3 2021-07-18T00:00:00+00:00 [queued]>
[2021-07-19 20:24:08,605] {taskinstance.py:876} INFO - Dependencies all met for <TaskInstance: parallel_dag.task3 2021-07-18T00:00:00+00:00 [queued]>
[2021-07-19 20:24:08,607] {taskinstance.py:1067} INFO - 
--------------------------------------------------------------------------------
[2021-07-19 20:24:08,617] {taskinstance.py:1068} INFO - Starting attempt 1 of 1
[2021-07-19 20:24:08,620] {taskinstance.py:1069} INFO - 
--------------------------------------------------------------------------------
[2021-07-19 20:24:08,706] {taskinstance.py:1087} INFO - Executing <Task(BashOperator): task3> on 2021-07-18T00:00:00+00:00
[2021-07-19 20:24:08,717] {standard_task_runner.py:52} INFO - Started process 2015 to run task
[2021-07-19 20:24:08,788] {standard_task_runner.py:76} INFO - Running: ['airflow', 'tasks', 'run', 'parallel_dag', 'task3', '2021-07-18T00:00:00+00:00', '--job-id', '50', '--pool', 'default_pool', '--raw', '--subdir', 'DAGS_FOLDER/parallel_dag.py', '--cfg-path', '/tmp/tmpsj6w6utd', '--error-file', '/tmp/tmp600x_r86']
[2021-07-19 20:24:08,806] {standard_task_runner.py:77} INFO - Job 50: Subtask task3
[2021-07-19 20:24:09,208] {logging_mixin.py:104} INFO - Running <TaskInstance: parallel_dag.task3 2021-07-18T00:00:00+00:00 [running]> on host airflowvm
[2021-07-19 20:24:09,665] {taskinstance.py:1280} INFO - Exporting the following env vars:
AIRFLOW_CTX_DAG_OWNER=airflow
AIRFLOW_CTX_DAG_ID=parallel_dag
AIRFLOW_CTX_TASK_ID=task3
AIRFLOW_CTX_EXECUTION_DATE=2021-07-18T00:00:00+00:00
AIRFLOW_CTX_DAG_RUN_ID=scheduled__2021-07-18T00:00:00+00:00
[2021-07-19 20:24:09,666] {subprocess.py:52} INFO - Tmp dir root location: 
 /tmp
[2021-07-19 20:24:09,678] {subprocess.py:63} INFO - Running command: ['bash', '-c', 'sleep 3']
[2021-07-19 20:24:09,724] {subprocess.py:75} INFO - Output:
[2021-07-19 20:24:12,763] {subprocess.py:83} INFO - Command exited with return code 0
[2021-07-19 20:24:12,921] {taskinstance.py:1184} INFO - Marking task as SUCCESS. dag_id=parallel_dag, task_id=task3, execution_date=20210718T000000, start_date=20210719T202408, end_date=20210719T202412
[2021-07-19 20:24:13,239] {taskinstance.py:1245} INFO - 1 downstream tasks scheduled from follow-on schedule check
[2021-07-19 20:24:13,338] {local_task_job.py:151} INFO - Task exited with return code 0
