[2021-07-20 16:26:05,614] {taskinstance.py:876} INFO - Dependencies all met for <TaskInstance: xcom_dag.Choose_model 2021-07-20T16:25:57.185371+00:00 [queued]>
[2021-07-20 16:26:05,639] {taskinstance.py:876} INFO - Dependencies all met for <TaskInstance: xcom_dag.Choose_model 2021-07-20T16:25:57.185371+00:00 [queued]>
[2021-07-20 16:26:05,640] {taskinstance.py:1067} INFO - 
--------------------------------------------------------------------------------
[2021-07-20 16:26:05,640] {taskinstance.py:1068} INFO - Starting attempt 1 of 1
[2021-07-20 16:26:05,641] {taskinstance.py:1069} INFO - 
--------------------------------------------------------------------------------
[2021-07-20 16:26:05,654] {taskinstance.py:1087} INFO - Executing <Task(PythonOperator): Choose_model> on 2021-07-20T16:25:57.185371+00:00
[2021-07-20 16:26:05,657] {standard_task_runner.py:52} INFO - Started process 10148 to run task
[2021-07-20 16:26:05,666] {standard_task_runner.py:76} INFO - Running: ['airflow', 'tasks', 'run', 'xcom_dag', 'Choose_model', '2021-07-20T16:25:57.185371+00:00', '--job-id', '248', '--pool', 'default_pool', '--raw', '--subdir', 'DAGS_FOLDER/xcom_dag.py', '--cfg-path', '/tmp/tmp2bc32o6z', '--error-file', '/tmp/tmpwbh2_54m']
[2021-07-20 16:26:05,669] {standard_task_runner.py:77} INFO - Job 248: Subtask Choose_model
[2021-07-20 16:26:05,764] {logging_mixin.py:104} INFO - Running <TaskInstance: xcom_dag.Choose_model 2021-07-20T16:25:57.185371+00:00 [running]> on host airflowvm
[2021-07-20 16:26:05,871] {taskinstance.py:1280} INFO - Exporting the following env vars:
AIRFLOW_CTX_DAG_OWNER=airflow
AIRFLOW_CTX_DAG_ID=xcom_dag
AIRFLOW_CTX_TASK_ID=Choose_model
AIRFLOW_CTX_EXECUTION_DATE=2021-07-20T16:25:57.185371+00:00
AIRFLOW_CTX_DAG_RUN_ID=manual__2021-07-20T16:25:57.185371+00:00
[2021-07-20 16:26:05,872] {logging_mixin.py:104} INFO - choose best model
[2021-07-20 16:26:05,889] {python.py:151} INFO - Done. Returned value was: inaccurate
[2021-07-20 16:26:05,945] {taskinstance.py:1184} INFO - Marking task as SUCCESS. dag_id=xcom_dag, task_id=Choose_model, execution_date=20210720T162557, start_date=20210720T162605, end_date=20210720T162605
[2021-07-20 16:26:06,015] {taskinstance.py:1245} INFO - 2 downstream tasks scheduled from follow-on schedule check
[2021-07-20 16:26:06,038] {local_task_job.py:151} INFO - Task exited with return code 0
