[2021-07-15 19:42:56,580] {taskinstance.py:876} INFO - Dependencies all met for <TaskInstance: user_processing.processing_user 2020-01-01T00:00:00+00:00 [queued]>
[2021-07-15 19:42:56,588] {taskinstance.py:876} INFO - Dependencies all met for <TaskInstance: user_processing.processing_user 2020-01-01T00:00:00+00:00 [queued]>
[2021-07-15 19:42:56,588] {taskinstance.py:1067} INFO - 
--------------------------------------------------------------------------------
[2021-07-15 19:42:56,588] {taskinstance.py:1068} INFO - Starting attempt 2 of 1
[2021-07-15 19:42:56,589] {taskinstance.py:1069} INFO - 
--------------------------------------------------------------------------------
[2021-07-15 19:42:56,604] {taskinstance.py:1087} INFO - Executing <Task(PythonOperator): processing_user> on 2020-01-01T00:00:00+00:00
[2021-07-15 19:42:56,611] {standard_task_runner.py:52} INFO - Started process 14158 to run task
[2021-07-15 19:42:56,617] {standard_task_runner.py:76} INFO - Running: ['airflow', 'tasks', 'run', 'user_processing', 'processing_user', '2020-01-01T00:00:00+00:00', '--job-id', '38', '--pool', 'default_pool', '--raw', '--subdir', 'DAGS_FOLDER/user_processing.py', '--cfg-path', '/tmp/tmp6p7wwqi_', '--error-file', '/tmp/tmpchzwh4fj']
[2021-07-15 19:42:56,619] {standard_task_runner.py:77} INFO - Job 38: Subtask processing_user
[2021-07-15 19:42:56,684] {logging_mixin.py:104} INFO - Running <TaskInstance: user_processing.processing_user 2020-01-01T00:00:00+00:00 [running]> on host airflowvm
[2021-07-15 19:42:56,744] {taskinstance.py:1280} INFO - Exporting the following env vars:
AIRFLOW_CTX_DAG_OWNER=airflow
AIRFLOW_CTX_DAG_ID=user_processing
AIRFLOW_CTX_TASK_ID=processing_user
AIRFLOW_CTX_EXECUTION_DATE=2020-01-01T00:00:00+00:00
AIRFLOW_CTX_DAG_RUN_ID=scheduled__2020-01-01T00:00:00+00:00
[2021-07-15 19:42:56,757] {python.py:151} INFO - Done. Returned value was: None
[2021-07-15 19:42:56,762] {taskinstance.py:1184} INFO - Marking task as SUCCESS. dag_id=user_processing, task_id=processing_user, execution_date=20200101T000000, start_date=20210715T194256, end_date=20210715T194256
[2021-07-15 19:42:56,796] {taskinstance.py:1245} INFO - 1 downstream tasks scheduled from follow-on schedule check
[2021-07-15 19:42:56,832] {local_task_job.py:151} INFO - Task exited with return code 0
