[2021-07-20 04:29:06,897] {taskinstance.py:876} INFO - Dependencies all met for <TaskInstance: xcom_dag.processing_tasks.training_model_a 2021-07-19T00:00:00+00:00 [queued]>
[2021-07-20 04:29:06,973] {taskinstance.py:876} INFO - Dependencies all met for <TaskInstance: xcom_dag.processing_tasks.training_model_a 2021-07-19T00:00:00+00:00 [queued]>
[2021-07-20 04:29:06,976] {taskinstance.py:1067} INFO - 
--------------------------------------------------------------------------------
[2021-07-20 04:29:06,980] {taskinstance.py:1068} INFO - Starting attempt 2 of 2
[2021-07-20 04:29:06,982] {taskinstance.py:1069} INFO - 
--------------------------------------------------------------------------------
[2021-07-20 04:29:07,046] {taskinstance.py:1087} INFO - Executing <Task(PythonOperator): processing_tasks.training_model_a> on 2021-07-19T00:00:00+00:00
[2021-07-20 04:29:07,058] {standard_task_runner.py:52} INFO - Started process 3298 to run task
[2021-07-20 04:29:07,099] {standard_task_runner.py:76} INFO - Running: ['airflow', 'tasks', 'run', 'xcom_dag', 'processing_tasks.training_model_a', '2021-07-19T00:00:00+00:00', '--job-id', '167', '--pool', 'default_pool', '--raw', '--subdir', 'DAGS_FOLDER/xcom_dag.py', '--cfg-path', '/tmp/tmps28o1g1c', '--error-file', '/tmp/tmppnym452r']
[2021-07-20 04:29:07,117] {standard_task_runner.py:77} INFO - Job 167: Subtask processing_tasks.training_model_a
[2021-07-20 04:29:07,394] {logging_mixin.py:104} INFO - Running <TaskInstance: xcom_dag.processing_tasks.training_model_a 2021-07-19T00:00:00+00:00 [running]> on host airflowvm
[2021-07-20 04:29:07,794] {taskinstance.py:1280} INFO - Exporting the following env vars:
AIRFLOW_CTX_DAG_OWNER=airflow
AIRFLOW_CTX_DAG_ID=xcom_dag
AIRFLOW_CTX_TASK_ID=processing_tasks.training_model_a
AIRFLOW_CTX_EXECUTION_DATE=2021-07-19T00:00:00+00:00
AIRFLOW_CTX_DAG_RUN_ID=scheduled__2021-07-19T00:00:00+00:00
[2021-07-20 04:29:07,796] {logging_mixin.py:104} INFO - model's accuracy: 7.373804550492495
[2021-07-20 04:29:07,888] {python.py:151} INFO - Done. Returned value was: None
[2021-07-20 04:29:07,945] {taskinstance.py:1184} INFO - Marking task as SUCCESS. dag_id=xcom_dag, task_id=processing_tasks.training_model_a, execution_date=20210719T000000, start_date=20210720T042906, end_date=20210720T042907
[2021-07-20 04:29:08,088] {taskinstance.py:1245} INFO - 0 downstream tasks scheduled from follow-on schedule check
[2021-07-20 04:29:08,122] {local_task_job.py:151} INFO - Task exited with return code 0
