[2021-07-20 14:19:59,664] {taskinstance.py:876} INFO - Dependencies all met for <TaskInstance: xcom_dag.processing_tasks.training_model_a 2021-07-19T00:00:00+00:00 [queued]>
[2021-07-20 14:19:59,741] {taskinstance.py:876} INFO - Dependencies all met for <TaskInstance: xcom_dag.processing_tasks.training_model_a 2021-07-19T00:00:00+00:00 [queued]>
[2021-07-20 14:19:59,744] {taskinstance.py:1067} INFO - 
--------------------------------------------------------------------------------
[2021-07-20 14:19:59,744] {taskinstance.py:1068} INFO - Starting attempt 3 of 3
[2021-07-20 14:19:59,747] {taskinstance.py:1069} INFO - 
--------------------------------------------------------------------------------
[2021-07-20 14:19:59,806] {taskinstance.py:1087} INFO - Executing <Task(PythonOperator): processing_tasks.training_model_a> on 2021-07-19T00:00:00+00:00
[2021-07-20 14:19:59,824] {standard_task_runner.py:52} INFO - Started process 1909 to run task
[2021-07-20 14:19:59,893] {standard_task_runner.py:76} INFO - Running: ['airflow', 'tasks', 'run', 'xcom_dag', 'processing_tasks.training_model_a', '2021-07-19T00:00:00+00:00', '--job-id', '184', '--pool', 'default_pool', '--raw', '--subdir', 'DAGS_FOLDER/xcom_dag.py', '--cfg-path', '/tmp/tmpfjvfha3b', '--error-file', '/tmp/tmp_wacpex2']
[2021-07-20 14:19:59,904] {standard_task_runner.py:77} INFO - Job 184: Subtask processing_tasks.training_model_a
[2021-07-20 14:20:00,148] {logging_mixin.py:104} INFO - Running <TaskInstance: xcom_dag.processing_tasks.training_model_a 2021-07-19T00:00:00+00:00 [running]> on host airflowvm
[2021-07-20 14:20:00,483] {taskinstance.py:1280} INFO - Exporting the following env vars:
AIRFLOW_CTX_DAG_OWNER=airflow
AIRFLOW_CTX_DAG_ID=xcom_dag
AIRFLOW_CTX_TASK_ID=processing_tasks.training_model_a
AIRFLOW_CTX_EXECUTION_DATE=2021-07-19T00:00:00+00:00
AIRFLOW_CTX_DAG_RUN_ID=scheduled__2021-07-19T00:00:00+00:00
[2021-07-20 14:20:00,485] {logging_mixin.py:104} INFO - model's accuracy: 2.3612331431536737
[2021-07-20 14:20:00,579] {python.py:151} INFO - Done. Returned value was: None
[2021-07-20 14:20:00,631] {taskinstance.py:1184} INFO - Marking task as SUCCESS. dag_id=xcom_dag, task_id=processing_tasks.training_model_a, execution_date=20210719T000000, start_date=20210720T141959, end_date=20210720T142000
[2021-07-20 14:20:00,789] {taskinstance.py:1245} INFO - 1 downstream tasks scheduled from follow-on schedule check
[2021-07-20 14:20:00,823] {local_task_job.py:151} INFO - Task exited with return code 0
