[2021-07-19 20:32:40,478] {taskinstance.py:876} INFO - Dependencies all met for <TaskInstance: parallel_dag.task1 2020-01-09T00:00:00+00:00 [queued]>
[2021-07-19 20:32:41,411] {taskinstance.py:876} INFO - Dependencies all met for <TaskInstance: parallel_dag.task1 2020-01-09T00:00:00+00:00 [queued]>
[2021-07-19 20:32:41,412] {taskinstance.py:1067} INFO - 
--------------------------------------------------------------------------------
[2021-07-19 20:32:41,413] {taskinstance.py:1068} INFO - Starting attempt 1 of 1
[2021-07-19 20:32:41,413] {taskinstance.py:1069} INFO - 
--------------------------------------------------------------------------------
[2021-07-19 20:32:42,357] {taskinstance.py:1087} INFO - Executing <Task(BashOperator): task1> on 2020-01-09T00:00:00+00:00
[2021-07-19 20:32:42,865] {standard_task_runner.py:52} INFO - Started process 7054 to run task
[2021-07-19 20:32:43,420] {standard_task_runner.py:76} INFO - Running: ['airflow', 'tasks', 'run', 'parallel_dag', 'task1', '2020-01-09T00:00:00+00:00', '--job-id', '66', '--pool', 'default_pool', '--raw', '--subdir', 'DAGS_FOLDER/parallel_dag.py', '--cfg-path', '/tmp/tmprwd2a6bg', '--error-file', '/tmp/tmp7v4a2o51']
[2021-07-19 20:32:43,507] {standard_task_runner.py:77} INFO - Job 66: Subtask task1
[2021-07-19 20:32:45,921] {logging_mixin.py:104} INFO - Running <TaskInstance: parallel_dag.task1 2020-01-09T00:00:00+00:00 [running]> on host airflowvm
[2021-07-19 20:32:47,456] {taskinstance.py:1280} INFO - Exporting the following env vars:
AIRFLOW_CTX_DAG_OWNER=airflow
AIRFLOW_CTX_DAG_ID=parallel_dag
AIRFLOW_CTX_TASK_ID=task1
AIRFLOW_CTX_EXECUTION_DATE=2020-01-09T00:00:00+00:00
AIRFLOW_CTX_DAG_RUN_ID=scheduled__2020-01-09T00:00:00+00:00
[2021-07-19 20:32:47,532] {subprocess.py:52} INFO - Tmp dir root location: 
 /tmp
[2021-07-19 20:32:47,572] {subprocess.py:63} INFO - Running command: ['bash', '-c', 'sleep 3']
[2021-07-19 20:32:47,877] {subprocess.py:75} INFO - Output:
[2021-07-19 20:32:50,954] {subprocess.py:83} INFO - Command exited with return code 0
[2021-07-19 20:32:51,820] {taskinstance.py:1184} INFO - Marking task as SUCCESS. dag_id=parallel_dag, task_id=task1, execution_date=20200109T000000, start_date=20210719T203240, end_date=20210719T203251
[2021-07-19 20:32:54,523] {taskinstance.py:1245} INFO - 0 downstream tasks scheduled from follow-on schedule check
[2021-07-19 20:32:54,539] {local_task_job.py:196} WARNING - State of this instance has been externally set to success. Terminating instance.
[2021-07-19 20:32:54,875] {process_utils.py:100} INFO - Sending Signals.SIGTERM to GPID 7054
[2021-07-19 20:32:54,878] {process_utils.py:66} INFO - Process psutil.Process(pid=7054, status='terminated', exitcode=0, started='20:32:42') (7054) terminated with exit code 0
