[2021-07-20 16:17:57,248] {taskinstance.py:876} INFO - Dependencies all met for <TaskInstance: trigger_rule.task2 2021-07-20T16:17:55.525669+00:00 [queued]>
[2021-07-20 16:17:57,327] {taskinstance.py:876} INFO - Dependencies all met for <TaskInstance: trigger_rule.task2 2021-07-20T16:17:55.525669+00:00 [queued]>
[2021-07-20 16:17:57,329] {taskinstance.py:1067} INFO - 
--------------------------------------------------------------------------------
[2021-07-20 16:17:57,329] {taskinstance.py:1068} INFO - Starting attempt 1 of 1
[2021-07-20 16:17:57,331] {taskinstance.py:1069} INFO - 
--------------------------------------------------------------------------------
[2021-07-20 16:17:57,371] {taskinstance.py:1087} INFO - Executing <Task(BashOperator): task2> on 2021-07-20T16:17:55.525669+00:00
[2021-07-20 16:17:57,381] {standard_task_runner.py:52} INFO - Started process 9109 to run task
[2021-07-20 16:17:57,403] {standard_task_runner.py:76} INFO - Running: ['airflow', 'tasks', 'run', 'trigger_rule', 'task2', '2021-07-20T16:17:55.525669+00:00', '--job-id', '227', '--pool', 'default_pool', '--raw', '--subdir', 'DAGS_FOLDER/trigger_rule.py', '--cfg-path', '/tmp/tmpxxb0u_0m', '--error-file', '/tmp/tmpy2fwz3c9']
[2021-07-20 16:17:57,420] {standard_task_runner.py:77} INFO - Job 227: Subtask task2
[2021-07-20 16:17:57,564] {logging_mixin.py:104} INFO - Running <TaskInstance: trigger_rule.task2 2021-07-20T16:17:55.525669+00:00 [running]> on host airflowvm
[2021-07-20 16:17:57,835] {taskinstance.py:1280} INFO - Exporting the following env vars:
AIRFLOW_CTX_DAG_OWNER=airflow
AIRFLOW_CTX_DAG_ID=trigger_rule
AIRFLOW_CTX_TASK_ID=task2
AIRFLOW_CTX_EXECUTION_DATE=2021-07-20T16:17:55.525669+00:00
AIRFLOW_CTX_DAG_RUN_ID=manual__2021-07-20T16:17:55.525669+00:00
[2021-07-20 16:17:57,836] {subprocess.py:52} INFO - Tmp dir root location: 
 /tmp
[2021-07-20 16:17:57,837] {subprocess.py:63} INFO - Running command: ['bash', '-c', 'sleep 30']
[2021-07-20 16:17:57,863] {subprocess.py:75} INFO - Output:
[2021-07-20 16:18:27,877] {subprocess.py:83} INFO - Command exited with return code 0
[2021-07-20 16:18:27,910] {taskinstance.py:1184} INFO - Marking task as SUCCESS. dag_id=trigger_rule, task_id=task2, execution_date=20210720T161755, start_date=20210720T161757, end_date=20210720T161827
[2021-07-20 16:18:27,967] {taskinstance.py:1245} INFO - 0 downstream tasks scheduled from follow-on schedule check
[2021-07-20 16:18:28,011] {local_task_job.py:151} INFO - Task exited with return code 0
