[2021-07-20 14:34:11,574] {taskinstance.py:876} INFO - Dependencies all met for <TaskInstance: xcom_dag.downloading_data 2021-07-20T14:34:10.768125+00:00 [queued]>
[2021-07-20 14:34:11,605] {taskinstance.py:876} INFO - Dependencies all met for <TaskInstance: xcom_dag.downloading_data 2021-07-20T14:34:10.768125+00:00 [queued]>
[2021-07-20 14:34:11,606] {taskinstance.py:1067} INFO - 
--------------------------------------------------------------------------------
[2021-07-20 14:34:11,607] {taskinstance.py:1068} INFO - Starting attempt 1 of 1
[2021-07-20 14:34:11,608] {taskinstance.py:1069} INFO - 
--------------------------------------------------------------------------------
[2021-07-20 14:34:11,626] {taskinstance.py:1087} INFO - Executing <Task(BashOperator): downloading_data> on 2021-07-20T14:34:10.768125+00:00
[2021-07-20 14:34:11,633] {standard_task_runner.py:52} INFO - Started process 2830 to run task
[2021-07-20 14:34:11,649] {standard_task_runner.py:76} INFO - Running: ['airflow', 'tasks', 'run', 'xcom_dag', 'downloading_data', '2021-07-20T14:34:10.768125+00:00', '--job-id', '191', '--pool', 'default_pool', '--raw', '--subdir', 'DAGS_FOLDER/xcom_dag.py', '--cfg-path', '/tmp/tmp9jkiqm7o', '--error-file', '/tmp/tmpqzhjcluu']
[2021-07-20 14:34:11,651] {standard_task_runner.py:77} INFO - Job 191: Subtask downloading_data
[2021-07-20 14:34:11,746] {logging_mixin.py:104} INFO - Running <TaskInstance: xcom_dag.downloading_data 2021-07-20T14:34:10.768125+00:00 [running]> on host airflowvm
[2021-07-20 14:34:11,873] {taskinstance.py:1280} INFO - Exporting the following env vars:
AIRFLOW_CTX_DAG_OWNER=airflow
AIRFLOW_CTX_DAG_ID=xcom_dag
AIRFLOW_CTX_TASK_ID=downloading_data
AIRFLOW_CTX_EXECUTION_DATE=2021-07-20T14:34:10.768125+00:00
AIRFLOW_CTX_DAG_RUN_ID=manual__2021-07-20T14:34:10.768125+00:00
[2021-07-20 14:34:11,874] {subprocess.py:52} INFO - Tmp dir root location: 
 /tmp
[2021-07-20 14:34:11,875] {subprocess.py:63} INFO - Running command: ['bash', '-c', 'sleep 3']
[2021-07-20 14:34:11,887] {subprocess.py:75} INFO - Output:
[2021-07-20 14:34:14,891] {subprocess.py:83} INFO - Command exited with return code 0
[2021-07-20 14:34:14,909] {taskinstance.py:1184} INFO - Marking task as SUCCESS. dag_id=xcom_dag, task_id=downloading_data, execution_date=20210720T143410, start_date=20210720T143411, end_date=20210720T143414
[2021-07-20 14:34:14,958] {taskinstance.py:1245} INFO - 3 downstream tasks scheduled from follow-on schedule check
[2021-07-20 14:34:14,984] {local_task_job.py:151} INFO - Task exited with return code 0
