[2021-07-16 17:57:05,140] {taskinstance.py:876} INFO - Dependencies all met for <TaskInstance: parallel_dag.task4 2021-07-15T00:00:00+00:00 [queued]>
[2021-07-16 17:57:05,162] {taskinstance.py:876} INFO - Dependencies all met for <TaskInstance: parallel_dag.task4 2021-07-15T00:00:00+00:00 [queued]>
[2021-07-16 17:57:05,163] {taskinstance.py:1067} INFO - 
--------------------------------------------------------------------------------
[2021-07-16 17:57:05,163] {taskinstance.py:1068} INFO - Starting attempt 1 of 1
[2021-07-16 17:57:05,163] {taskinstance.py:1069} INFO - 
--------------------------------------------------------------------------------
[2021-07-16 17:57:05,174] {taskinstance.py:1087} INFO - Executing <Task(BashOperator): task4> on 2021-07-15T00:00:00+00:00
[2021-07-16 17:57:05,177] {standard_task_runner.py:52} INFO - Started process 6637 to run task
[2021-07-16 17:57:05,183] {standard_task_runner.py:76} INFO - Running: ['airflow', 'tasks', 'run', 'parallel_dag', 'task4', '2021-07-15T00:00:00+00:00', '--job-id', '5', '--pool', 'default_pool', '--raw', '--subdir', 'DAGS_FOLDER/parallel_dag.py', '--cfg-path', '/tmp/tmpk9q6ysne', '--error-file', '/tmp/tmphia9bncz']
[2021-07-16 17:57:05,185] {standard_task_runner.py:77} INFO - Job 5: Subtask task4
[2021-07-16 17:57:05,258] {logging_mixin.py:104} INFO - Running <TaskInstance: parallel_dag.task4 2021-07-15T00:00:00+00:00 [running]> on host airflowvm
[2021-07-16 17:57:05,365] {taskinstance.py:1280} INFO - Exporting the following env vars:
AIRFLOW_CTX_DAG_OWNER=airflow
AIRFLOW_CTX_DAG_ID=parallel_dag
AIRFLOW_CTX_TASK_ID=task4
AIRFLOW_CTX_EXECUTION_DATE=2021-07-15T00:00:00+00:00
AIRFLOW_CTX_DAG_RUN_ID=scheduled__2021-07-15T00:00:00+00:00
[2021-07-16 17:57:05,366] {subprocess.py:52} INFO - Tmp dir root location: 
 /tmp
[2021-07-16 17:57:05,367] {subprocess.py:63} INFO - Running command: ['bash', '-c', 'sleep 3']
[2021-07-16 17:57:05,379] {subprocess.py:75} INFO - Output:
[2021-07-16 17:57:08,382] {subprocess.py:83} INFO - Command exited with return code 0
[2021-07-16 17:57:08,428] {taskinstance.py:1184} INFO - Marking task as SUCCESS. dag_id=parallel_dag, task_id=task4, execution_date=20210715T000000, start_date=20210716T175705, end_date=20210716T175708
[2021-07-16 17:57:08,464] {taskinstance.py:1245} INFO - 0 downstream tasks scheduled from follow-on schedule check
[2021-07-16 17:57:08,491] {local_task_job.py:151} INFO - Task exited with return code 0
[2021-07-16 21:19:17,042] {taskinstance.py:876} INFO - Dependencies all met for <TaskInstance: parallel_dag.task4 2021-07-15T00:00:00+00:00 [queued]>
[2021-07-16 21:19:17,071] {taskinstance.py:876} INFO - Dependencies all met for <TaskInstance: parallel_dag.task4 2021-07-15T00:00:00+00:00 [queued]>
[2021-07-16 21:19:17,072] {taskinstance.py:1067} INFO - 
--------------------------------------------------------------------------------
[2021-07-16 21:19:17,072] {taskinstance.py:1068} INFO - Starting attempt 1 of 1
[2021-07-16 21:19:17,073] {taskinstance.py:1069} INFO - 
--------------------------------------------------------------------------------
[2021-07-16 21:19:17,118] {taskinstance.py:1087} INFO - Executing <Task(BashOperator): task4> on 2021-07-15T00:00:00+00:00
[2021-07-16 21:19:17,140] {standard_task_runner.py:52} INFO - Started process 44653 to run task
[2021-07-16 21:19:17,152] {standard_task_runner.py:76} INFO - Running: ['airflow', 'tasks', 'run', 'parallel_dag', 'task4', '2021-07-15T00:00:00+00:00', '--job-id', '10', '--pool', 'default_pool', '--raw', '--subdir', 'DAGS_FOLDER/parallel_dag.py', '--cfg-path', '/tmp/tmpll0p0yhp', '--error-file', '/tmp/tmpds91h_ev']
[2021-07-16 21:19:17,153] {standard_task_runner.py:77} INFO - Job 10: Subtask task4
[2021-07-16 21:19:17,290] {logging_mixin.py:104} INFO - Running <TaskInstance: parallel_dag.task4 2021-07-15T00:00:00+00:00 [running]> on host airflowvm
[2021-07-16 21:19:17,447] {taskinstance.py:1280} INFO - Exporting the following env vars:
AIRFLOW_CTX_DAG_OWNER=airflow
AIRFLOW_CTX_DAG_ID=parallel_dag
AIRFLOW_CTX_TASK_ID=task4
AIRFLOW_CTX_EXECUTION_DATE=2021-07-15T00:00:00+00:00
AIRFLOW_CTX_DAG_RUN_ID=scheduled__2021-07-15T00:00:00+00:00
[2021-07-16 21:19:17,449] {subprocess.py:52} INFO - Tmp dir root location: 
 /tmp
[2021-07-16 21:19:17,453] {subprocess.py:63} INFO - Running command: ['bash', '-c', 'sleep 3']
[2021-07-16 21:19:17,461] {subprocess.py:75} INFO - Output:
[2021-07-16 21:19:20,465] {subprocess.py:83} INFO - Command exited with return code 0
[2021-07-16 21:19:20,546] {taskinstance.py:1184} INFO - Marking task as SUCCESS. dag_id=parallel_dag, task_id=task4, execution_date=20210715T000000, start_date=20210716T211917, end_date=20210716T211920
[2021-07-16 21:19:20,617] {taskinstance.py:1245} INFO - 0 downstream tasks scheduled from follow-on schedule check
[2021-07-16 21:19:20,661] {local_task_job.py:151} INFO - Task exited with return code 0
