[2021-07-22 02:04:00,651] {taskinstance.py:876} INFO - Dependencies all met for <TaskInstance: elasticsearch_dag.connections_to_es 2021-07-21T00:00:00+00:00 [queued]>
[2021-07-22 02:04:00,757] {taskinstance.py:876} INFO - Dependencies all met for <TaskInstance: elasticsearch_dag.connections_to_es 2021-07-21T00:00:00+00:00 [queued]>
[2021-07-22 02:04:00,759] {taskinstance.py:1067} INFO - 
--------------------------------------------------------------------------------
[2021-07-22 02:04:00,762] {taskinstance.py:1068} INFO - Starting attempt 1 of 1
[2021-07-22 02:04:00,763] {taskinstance.py:1069} INFO - 
--------------------------------------------------------------------------------
[2021-07-22 02:04:00,806] {taskinstance.py:1087} INFO - Executing <Task(PostgresToElasticOperator): connections_to_es> on 2021-07-21T00:00:00+00:00
[2021-07-22 02:04:00,838] {standard_task_runner.py:52} INFO - Started process 48234 to run task
[2021-07-22 02:04:00,864] {standard_task_runner.py:76} INFO - Running: ['airflow', 'tasks', 'run', 'elasticsearch_dag', 'connections_to_es', '2021-07-21T00:00:00+00:00', '--job-id', '288', '--pool', 'default_pool', '--raw', '--subdir', 'DAGS_FOLDER/elasticsearch_dag.py', '--cfg-path', '/tmp/tmpxf61lnj4', '--error-file', '/tmp/tmp28jxpaf_']
[2021-07-22 02:04:00,877] {standard_task_runner.py:77} INFO - Job 288: Subtask connections_to_es
[2021-07-22 02:04:01,164] {logging_mixin.py:104} INFO - Running <TaskInstance: elasticsearch_dag.connections_to_es 2021-07-21T00:00:00+00:00 [running]> on host airflowvm
[2021-07-22 02:04:01,495] {taskinstance.py:1280} INFO - Exporting the following env vars:
AIRFLOW_CTX_DAG_OWNER=airflow
AIRFLOW_CTX_DAG_ID=elasticsearch_dag
AIRFLOW_CTX_TASK_ID=connections_to_es
AIRFLOW_CTX_EXECUTION_DATE=2021-07-21T00:00:00+00:00
AIRFLOW_CTX_DAG_RUN_ID=scheduled__2021-07-21T00:00:00+00:00
[2021-07-22 02:04:01,572] {base.py:69} INFO - Using connection to: id: elasticsearch_default. Host: localhost, Port: 9200, Schema: http, Login: None, Password: None, extra: {}
[2021-07-22 02:04:01,634] {base.py:69} INFO - Using connection to: id: ***_default. Host: localhost, Port: 5432, Schema: , Login: ***, Password: ***, extra: {'cursor': 'realdictcursor'}
[2021-07-22 02:04:01,719] {base.py:183} INFO - POST http://localhost:9200/connections/external [status:201 request:0.066s]
[2021-07-22 02:04:01,746] {base.py:183} INFO - POST http://localhost:9200/connections/external [status:201 request:0.024s]
[2021-07-22 02:04:01,770] {base.py:183} INFO - POST http://localhost:9200/connections/external [status:201 request:0.023s]
[2021-07-22 02:04:01,802] {base.py:183} INFO - POST http://localhost:9200/connections/external [status:201 request:0.032s]
[2021-07-22 02:04:01,822] {base.py:183} INFO - POST http://localhost:9200/connections/external [status:201 request:0.020s]
[2021-07-22 02:04:01,854] {base.py:183} INFO - POST http://localhost:9200/connections/external [status:201 request:0.032s]
[2021-07-22 02:04:01,886] {base.py:183} INFO - POST http://localhost:9200/connections/external [status:201 request:0.032s]
[2021-07-22 02:04:01,914] {base.py:183} INFO - POST http://localhost:9200/connections/external [status:201 request:0.028s]
[2021-07-22 02:04:01,946] {base.py:183} INFO - POST http://localhost:9200/connections/external [status:201 request:0.031s]
[2021-07-22 02:04:01,966] {base.py:183} INFO - POST http://localhost:9200/connections/external [status:201 request:0.019s]
[2021-07-22 02:04:01,994] {base.py:183} INFO - POST http://localhost:9200/connections/external [status:201 request:0.028s]
[2021-07-22 02:04:02,014] {base.py:183} INFO - POST http://localhost:9200/connections/external [status:201 request:0.020s]
[2021-07-22 02:04:02,035] {base.py:183} INFO - POST http://localhost:9200/connections/external [status:201 request:0.020s]
[2021-07-22 02:04:02,059] {base.py:183} INFO - POST http://localhost:9200/connections/external [status:201 request:0.023s]
[2021-07-22 02:04:02,094] {base.py:183} INFO - POST http://localhost:9200/connections/external [status:201 request:0.034s]
[2021-07-22 02:04:02,114] {base.py:183} INFO - POST http://localhost:9200/connections/external [status:201 request:0.020s]
[2021-07-22 02:04:02,134] {base.py:183} INFO - POST http://localhost:9200/connections/external [status:201 request:0.019s]
[2021-07-22 02:04:02,154] {base.py:183} INFO - POST http://localhost:9200/connections/external [status:201 request:0.020s]
[2021-07-22 02:04:02,182] {base.py:183} INFO - POST http://localhost:9200/connections/external [status:201 request:0.027s]
[2021-07-22 02:04:02,210] {base.py:183} INFO - POST http://localhost:9200/connections/external [status:201 request:0.028s]
[2021-07-22 02:04:02,245] {base.py:183} INFO - POST http://localhost:9200/connections/external [status:201 request:0.034s]
[2021-07-22 02:04:02,298] {base.py:183} INFO - POST http://localhost:9200/connections/external [status:201 request:0.053s]
[2021-07-22 02:04:02,327] {base.py:183} INFO - POST http://localhost:9200/connections/external [status:201 request:0.028s]
[2021-07-22 02:04:02,345] {base.py:183} INFO - POST http://localhost:9200/connections/external [status:201 request:0.017s]
[2021-07-22 02:04:02,374] {base.py:183} INFO - POST http://localhost:9200/connections/external [status:201 request:0.027s]
[2021-07-22 02:04:02,390] {base.py:183} INFO - POST http://localhost:9200/connections/external [status:201 request:0.015s]
[2021-07-22 02:04:02,411] {base.py:183} INFO - POST http://localhost:9200/connections/external [status:201 request:0.020s]
[2021-07-22 02:04:02,427] {base.py:183} INFO - POST http://localhost:9200/connections/external [status:201 request:0.015s]
[2021-07-22 02:04:02,446] {base.py:183} INFO - POST http://localhost:9200/connections/external [status:201 request:0.014s]
[2021-07-22 02:04:02,474] {base.py:183} INFO - POST http://localhost:9200/connections/external [status:201 request:0.027s]
[2021-07-22 02:04:02,490] {base.py:183} INFO - POST http://localhost:9200/connections/external [status:201 request:0.014s]
[2021-07-22 02:04:02,514] {base.py:183} INFO - POST http://localhost:9200/connections/external [status:201 request:0.019s]
[2021-07-22 02:04:02,538] {base.py:183} INFO - POST http://localhost:9200/connections/external [status:201 request:0.023s]
[2021-07-22 02:04:02,558] {base.py:183} INFO - POST http://localhost:9200/connections/external [status:201 request:0.020s]
[2021-07-22 02:04:02,578] {base.py:183} INFO - POST http://localhost:9200/connections/external [status:201 request:0.019s]
[2021-07-22 02:04:02,598] {base.py:183} INFO - POST http://localhost:9200/connections/external [status:201 request:0.019s]
[2021-07-22 02:04:02,615] {base.py:183} INFO - POST http://localhost:9200/connections/external [status:201 request:0.017s]
[2021-07-22 02:04:02,634] {base.py:183} INFO - POST http://localhost:9200/connections/external [status:201 request:0.019s]
[2021-07-22 02:04:02,662] {base.py:183} INFO - POST http://localhost:9200/connections/external [status:201 request:0.028s]
[2021-07-22 02:04:02,681] {base.py:183} INFO - POST http://localhost:9200/connections/external [status:201 request:0.018s]
[2021-07-22 02:04:02,701] {base.py:183} INFO - POST http://localhost:9200/connections/external [status:201 request:0.020s]
[2021-07-22 02:04:02,713] {base.py:183} INFO - POST http://localhost:9200/connections/external [status:201 request:0.011s]
[2021-07-22 02:04:02,730] {base.py:183} INFO - POST http://localhost:9200/connections/external [status:201 request:0.017s]
[2021-07-22 02:04:02,747] {base.py:183} INFO - POST http://localhost:9200/connections/external [status:201 request:0.016s]
[2021-07-22 02:04:02,766] {base.py:183} INFO - POST http://localhost:9200/connections/external [status:201 request:0.019s]
[2021-07-22 02:04:02,790] {base.py:183} INFO - POST http://localhost:9200/connections/external [status:201 request:0.023s]
[2021-07-22 02:04:02,810] {base.py:183} INFO - POST http://localhost:9200/connections/external [status:201 request:0.020s]
[2021-07-22 02:04:02,832] {base.py:183} INFO - POST http://localhost:9200/connections/external [status:201 request:0.020s]
[2021-07-22 02:04:02,849] {base.py:183} INFO - POST http://localhost:9200/connections/external [status:201 request:0.017s]
[2021-07-22 02:04:02,887] {taskinstance.py:1184} INFO - Marking task as SUCCESS. dag_id=elasticsearch_dag, task_id=connections_to_es, execution_date=20210721T000000, start_date=20210722T020400, end_date=20210722T020402
[2021-07-22 02:04:03,095] {taskinstance.py:1245} INFO - 0 downstream tasks scheduled from follow-on schedule check
[2021-07-22 02:04:03,164] {local_task_job.py:151} INFO - Task exited with return code 0
