[2021-07-20 16:30:47,556] {taskinstance.py:876} INFO - Dependencies all met for <TaskInstance: xcom_dag.processing_tasks.training_model_c 2021-07-20T16:30:42.271690+00:00 [queued]>
[2021-07-20 16:30:47,634] {taskinstance.py:876} INFO - Dependencies all met for <TaskInstance: xcom_dag.processing_tasks.training_model_c 2021-07-20T16:30:42.271690+00:00 [queued]>
[2021-07-20 16:30:47,635] {taskinstance.py:1067} INFO - 
--------------------------------------------------------------------------------
[2021-07-20 16:30:47,636] {taskinstance.py:1068} INFO - Starting attempt 1 of 1
[2021-07-20 16:30:47,636] {taskinstance.py:1069} INFO - 
--------------------------------------------------------------------------------
[2021-07-20 16:30:47,671] {taskinstance.py:1087} INFO - Executing <Task(PythonOperator): processing_tasks.training_model_c> on 2021-07-20T16:30:42.271690+00:00
[2021-07-20 16:30:47,684] {standard_task_runner.py:52} INFO - Started process 10622 to run task
[2021-07-20 16:30:47,702] {standard_task_runner.py:76} INFO - Running: ['airflow', 'tasks', 'run', 'xcom_dag', 'processing_tasks.training_model_c', '2021-07-20T16:30:42.271690+00:00', '--job-id', '256', '--pool', 'default_pool', '--raw', '--subdir', 'DAGS_FOLDER/xcom_dag.py', '--cfg-path', '/tmp/tmpf44nkvlm', '--error-file', '/tmp/tmp1ux_hwi5']
[2021-07-20 16:30:47,710] {standard_task_runner.py:77} INFO - Job 256: Subtask processing_tasks.training_model_c
[2021-07-20 16:30:47,891] {logging_mixin.py:104} INFO - Running <TaskInstance: xcom_dag.processing_tasks.training_model_c 2021-07-20T16:30:42.271690+00:00 [running]> on host airflowvm
[2021-07-20 16:30:48,164] {taskinstance.py:1280} INFO - Exporting the following env vars:
AIRFLOW_CTX_DAG_OWNER=airflow
AIRFLOW_CTX_DAG_ID=xcom_dag
AIRFLOW_CTX_TASK_ID=processing_tasks.training_model_c
AIRFLOW_CTX_EXECUTION_DATE=2021-07-20T16:30:42.271690+00:00
AIRFLOW_CTX_DAG_RUN_ID=manual__2021-07-20T16:30:42.271690+00:00
[2021-07-20 16:30:48,165] {logging_mixin.py:104} INFO - model's accuracy: 0.9743785224787282
[2021-07-20 16:30:48,231] {python.py:151} INFO - Done. Returned value was: None
[2021-07-20 16:30:48,276] {taskinstance.py:1184} INFO - Marking task as SUCCESS. dag_id=xcom_dag, task_id=processing_tasks.training_model_c, execution_date=20210720T163042, start_date=20210720T163047, end_date=20210720T163048
[2021-07-20 16:30:48,393] {taskinstance.py:1245} INFO - 1 downstream tasks scheduled from follow-on schedule check
[2021-07-20 16:30:48,415] {local_task_job.py:151} INFO - Task exited with return code 0
