[2021-07-19 20:38:13,764] {taskinstance.py:876} INFO - Dependencies all met for <TaskInstance: parallel_dag.task1 2020-01-03T00:00:00+00:00 [queued]>
[2021-07-19 20:38:13,828] {taskinstance.py:876} INFO - Dependencies all met for <TaskInstance: parallel_dag.task1 2020-01-03T00:00:00+00:00 [queued]>
[2021-07-19 20:38:13,829] {taskinstance.py:1067} INFO - 
--------------------------------------------------------------------------------
[2021-07-19 20:38:13,830] {taskinstance.py:1068} INFO - Starting attempt 2 of 2
[2021-07-19 20:38:13,831] {taskinstance.py:1069} INFO - 
--------------------------------------------------------------------------------
[2021-07-19 20:38:13,863] {taskinstance.py:1087} INFO - Executing <Task(BashOperator): task1> on 2020-01-03T00:00:00+00:00
[2021-07-19 20:38:13,873] {standard_task_runner.py:52} INFO - Started process 11052 to run task
[2021-07-19 20:38:13,894] {standard_task_runner.py:76} INFO - Running: ['airflow', 'tasks', 'run', 'parallel_dag', 'task1', '2020-01-03T00:00:00+00:00', '--job-id', '141', '--pool', 'default_pool', '--raw', '--subdir', 'DAGS_FOLDER/parallel_dag.py', '--cfg-path', '/tmp/tmpwhfqfwwx', '--error-file', '/tmp/tmp632rb95m']
[2021-07-19 20:38:13,897] {standard_task_runner.py:77} INFO - Job 141: Subtask task1
[2021-07-19 20:38:14,067] {logging_mixin.py:104} INFO - Running <TaskInstance: parallel_dag.task1 2020-01-03T00:00:00+00:00 [running]> on host airflowvm
[2021-07-19 20:38:14,433] {taskinstance.py:1280} INFO - Exporting the following env vars:
AIRFLOW_CTX_DAG_OWNER=airflow
AIRFLOW_CTX_DAG_ID=parallel_dag
AIRFLOW_CTX_TASK_ID=task1
AIRFLOW_CTX_EXECUTION_DATE=2020-01-03T00:00:00+00:00
AIRFLOW_CTX_DAG_RUN_ID=scheduled__2020-01-03T00:00:00+00:00
[2021-07-19 20:38:14,436] {subprocess.py:52} INFO - Tmp dir root location: 
 /tmp
[2021-07-19 20:38:14,439] {subprocess.py:63} INFO - Running command: ['bash', '-c', 'sleep 3']
[2021-07-19 20:38:14,470] {subprocess.py:75} INFO - Output:
[2021-07-19 20:38:17,482] {subprocess.py:83} INFO - Command exited with return code 0
[2021-07-19 20:38:17,612] {taskinstance.py:1184} INFO - Marking task as SUCCESS. dag_id=parallel_dag, task_id=task1, execution_date=20200103T000000, start_date=20210719T203813, end_date=20210719T203817
[2021-07-19 20:38:17,702] {taskinstance.py:1245} INFO - 2 downstream tasks scheduled from follow-on schedule check
[2021-07-19 20:38:17,760] {local_task_job.py:151} INFO - Task exited with return code 0
