[2021-07-20 16:17:03,834] {taskinstance.py:876} INFO - Dependencies all met for <TaskInstance: trigger_rule.task2 2021-07-20T16:17:02.188356+00:00 [queued]>
[2021-07-20 16:17:03,885] {taskinstance.py:876} INFO - Dependencies all met for <TaskInstance: trigger_rule.task2 2021-07-20T16:17:02.188356+00:00 [queued]>
[2021-07-20 16:17:03,889] {taskinstance.py:1067} INFO - 
--------------------------------------------------------------------------------
[2021-07-20 16:17:03,890] {taskinstance.py:1068} INFO - Starting attempt 1 of 1
[2021-07-20 16:17:03,891] {taskinstance.py:1069} INFO - 
--------------------------------------------------------------------------------
[2021-07-20 16:17:03,918] {taskinstance.py:1087} INFO - Executing <Task(BashOperator): task2> on 2021-07-20T16:17:02.188356+00:00
[2021-07-20 16:17:03,932] {standard_task_runner.py:52} INFO - Started process 8976 to run task
[2021-07-20 16:17:03,962] {standard_task_runner.py:76} INFO - Running: ['airflow', 'tasks', 'run', 'trigger_rule', 'task2', '2021-07-20T16:17:02.188356+00:00', '--job-id', '223', '--pool', 'default_pool', '--raw', '--subdir', 'DAGS_FOLDER/trigger_rule.py', '--cfg-path', '/tmp/tmpmb14z152', '--error-file', '/tmp/tmpeg_4ds29']
[2021-07-20 16:17:03,967] {standard_task_runner.py:77} INFO - Job 223: Subtask task2
[2021-07-20 16:17:04,175] {logging_mixin.py:104} INFO - Running <TaskInstance: trigger_rule.task2 2021-07-20T16:17:02.188356+00:00 [running]> on host airflowvm
[2021-07-20 16:17:04,385] {taskinstance.py:1280} INFO - Exporting the following env vars:
AIRFLOW_CTX_DAG_OWNER=airflow
AIRFLOW_CTX_DAG_ID=trigger_rule
AIRFLOW_CTX_TASK_ID=task2
AIRFLOW_CTX_EXECUTION_DATE=2021-07-20T16:17:02.188356+00:00
AIRFLOW_CTX_DAG_RUN_ID=manual__2021-07-20T16:17:02.188356+00:00
[2021-07-20 16:17:04,391] {subprocess.py:52} INFO - Tmp dir root location: 
 /tmp
[2021-07-20 16:17:04,396] {subprocess.py:63} INFO - Running command: ['bash', '-c', 'exit 0']
[2021-07-20 16:17:04,422] {subprocess.py:75} INFO - Output:
[2021-07-20 16:17:04,433] {subprocess.py:83} INFO - Command exited with return code 0
[2021-07-20 16:17:04,464] {taskinstance.py:1184} INFO - Marking task as SUCCESS. dag_id=trigger_rule, task_id=task2, execution_date=20210720T161702, start_date=20210720T161703, end_date=20210720T161704
[2021-07-20 16:17:04,570] {taskinstance.py:1245} INFO - 0 downstream tasks scheduled from follow-on schedule check
[2021-07-20 16:17:04,622] {local_task_job.py:151} INFO - Task exited with return code 0
