[2021-07-20 04:37:36,315] {taskinstance.py:876} INFO - Dependencies all met for <TaskInstance: xcom_dag.processing_tasks.training_model_c 2021-07-20T04:37:30.625939+00:00 [queued]>
[2021-07-20 04:37:36,386] {taskinstance.py:876} INFO - Dependencies all met for <TaskInstance: xcom_dag.processing_tasks.training_model_c 2021-07-20T04:37:30.625939+00:00 [queued]>
[2021-07-20 04:37:36,389] {taskinstance.py:1067} INFO - 
--------------------------------------------------------------------------------
[2021-07-20 04:37:36,389] {taskinstance.py:1068} INFO - Starting attempt 1 of 1
[2021-07-20 04:37:36,389] {taskinstance.py:1069} INFO - 
--------------------------------------------------------------------------------
[2021-07-20 04:37:36,423] {taskinstance.py:1087} INFO - Executing <Task(PythonOperator): processing_tasks.training_model_c> on 2021-07-20T04:37:30.625939+00:00
[2021-07-20 04:37:36,434] {standard_task_runner.py:52} INFO - Started process 3857 to run task
[2021-07-20 04:37:36,462] {standard_task_runner.py:76} INFO - Running: ['airflow', 'tasks', 'run', 'xcom_dag', 'processing_tasks.training_model_c', '2021-07-20T04:37:30.625939+00:00', '--job-id', '173', '--pool', 'default_pool', '--raw', '--subdir', 'DAGS_FOLDER/xcom_dag.py', '--cfg-path', '/tmp/tmp0ke6c5jn', '--error-file', '/tmp/tmpqxdhagrc']
[2021-07-20 04:37:36,474] {standard_task_runner.py:77} INFO - Job 173: Subtask processing_tasks.training_model_c
[2021-07-20 04:37:36,711] {logging_mixin.py:104} INFO - Running <TaskInstance: xcom_dag.processing_tasks.training_model_c 2021-07-20T04:37:30.625939+00:00 [running]> on host airflowvm
[2021-07-20 04:37:37,014] {taskinstance.py:1280} INFO - Exporting the following env vars:
AIRFLOW_CTX_DAG_OWNER=airflow
AIRFLOW_CTX_DAG_ID=xcom_dag
AIRFLOW_CTX_TASK_ID=processing_tasks.training_model_c
AIRFLOW_CTX_EXECUTION_DATE=2021-07-20T04:37:30.625939+00:00
AIRFLOW_CTX_DAG_RUN_ID=manual__2021-07-20T04:37:30.625939+00:00
[2021-07-20 04:37:37,015] {logging_mixin.py:104} INFO - model's accuracy: 7.766394754131523
[2021-07-20 04:37:37,144] {python.py:151} INFO - Done. Returned value was: None
[2021-07-20 04:37:37,222] {taskinstance.py:1184} INFO - Marking task as SUCCESS. dag_id=xcom_dag, task_id=processing_tasks.training_model_c, execution_date=20210720T043730, start_date=20210720T043736, end_date=20210720T043737
[2021-07-20 04:37:37,346] {taskinstance.py:1245} INFO - 0 downstream tasks scheduled from follow-on schedule check
[2021-07-20 04:37:37,381] {local_task_job.py:151} INFO - Task exited with return code 0
