[2021-07-15 20:39:48,001] {taskinstance.py:876} INFO - Dependencies all met for <TaskInstance: parallel_dag.task2 2021-07-14T00:00:00+00:00 [queued]>
[2021-07-15 20:39:48,008] {taskinstance.py:876} INFO - Dependencies all met for <TaskInstance: parallel_dag.task2 2021-07-14T00:00:00+00:00 [queued]>
[2021-07-15 20:39:48,009] {taskinstance.py:1067} INFO - 
--------------------------------------------------------------------------------
[2021-07-15 20:39:48,010] {taskinstance.py:1068} INFO - Starting attempt 1 of 1
[2021-07-15 20:39:48,010] {taskinstance.py:1069} INFO - 
--------------------------------------------------------------------------------
[2021-07-15 20:39:48,028] {taskinstance.py:1087} INFO - Executing <Task(BashOperator): task2> on 2021-07-14T00:00:00+00:00
[2021-07-15 20:39:48,030] {standard_task_runner.py:52} INFO - Started process 16854 to run task
[2021-07-15 20:39:48,040] {standard_task_runner.py:76} INFO - Running: ['airflow', 'tasks', 'run', 'parallel_dag', 'task2', '2021-07-14T00:00:00+00:00', '--job-id', '45', '--pool', 'default_pool', '--raw', '--subdir', 'DAGS_FOLDER/parallel_dag.py', '--cfg-path', '/tmp/tmpeoeccdxf', '--error-file', '/tmp/tmprr9r8_5m']
[2021-07-15 20:39:48,042] {standard_task_runner.py:77} INFO - Job 45: Subtask task2
[2021-07-15 20:39:48,103] {logging_mixin.py:104} INFO - Running <TaskInstance: parallel_dag.task2 2021-07-14T00:00:00+00:00 [running]> on host airflowvm
[2021-07-15 20:39:48,169] {taskinstance.py:1280} INFO - Exporting the following env vars:
AIRFLOW_CTX_DAG_OWNER=airflow
AIRFLOW_CTX_DAG_ID=parallel_dag
AIRFLOW_CTX_TASK_ID=task2
AIRFLOW_CTX_EXECUTION_DATE=2021-07-14T00:00:00+00:00
AIRFLOW_CTX_DAG_RUN_ID=scheduled__2021-07-14T00:00:00+00:00
[2021-07-15 20:39:48,170] {subprocess.py:52} INFO - Tmp dir root location: 
 /tmp
[2021-07-15 20:39:48,171] {subprocess.py:63} INFO - Running command: ['bash', '-c', 'sleep 3']
[2021-07-15 20:39:48,178] {subprocess.py:75} INFO - Output:
[2021-07-15 20:39:51,181] {subprocess.py:83} INFO - Command exited with return code 0
[2021-07-15 20:39:51,214] {taskinstance.py:1184} INFO - Marking task as SUCCESS. dag_id=parallel_dag, task_id=task2, execution_date=20210714T000000, start_date=20210715T203948, end_date=20210715T203951
[2021-07-15 20:39:51,246] {taskinstance.py:1245} INFO - 0 downstream tasks scheduled from follow-on schedule check
[2021-07-15 20:39:51,285] {local_task_job.py:151} INFO - Task exited with return code 0
