[2021-07-19 20:33:36,803] {taskinstance.py:876} INFO - Dependencies all met for <TaskInstance: parallel_dag.task4 2020-01-11T00:00:00+00:00 [queued]>
[2021-07-19 20:33:37,271] {taskinstance.py:876} INFO - Dependencies all met for <TaskInstance: parallel_dag.task4 2020-01-11T00:00:00+00:00 [queued]>
[2021-07-19 20:33:37,273] {taskinstance.py:1067} INFO - 
--------------------------------------------------------------------------------
[2021-07-19 20:33:37,273] {taskinstance.py:1068} INFO - Starting attempt 1 of 1
[2021-07-19 20:33:37,275] {taskinstance.py:1069} INFO - 
--------------------------------------------------------------------------------
[2021-07-19 20:33:37,522] {taskinstance.py:1087} INFO - Executing <Task(BashOperator): task4> on 2020-01-11T00:00:00+00:00
[2021-07-19 20:33:37,549] {standard_task_runner.py:52} INFO - Started process 8669 to run task
[2021-07-19 20:33:37,793] {standard_task_runner.py:76} INFO - Running: ['airflow', 'tasks', 'run', 'parallel_dag', 'task4', '2020-01-11T00:00:00+00:00', '--job-id', '114', '--pool', 'default_pool', '--raw', '--subdir', 'DAGS_FOLDER/parallel_dag.py', '--cfg-path', '/tmp/tmp8dvmxkn1', '--error-file', '/tmp/tmpibudrgd7']
[2021-07-19 20:33:37,831] {standard_task_runner.py:77} INFO - Job 114: Subtask task4
[2021-07-19 20:33:39,535] {logging_mixin.py:104} INFO - Running <TaskInstance: parallel_dag.task4 2020-01-11T00:00:00+00:00 [running]> on host airflowvm
[2021-07-19 20:33:40,791] {taskinstance.py:1280} INFO - Exporting the following env vars:
AIRFLOW_CTX_DAG_OWNER=airflow
AIRFLOW_CTX_DAG_ID=parallel_dag
AIRFLOW_CTX_TASK_ID=task4
AIRFLOW_CTX_EXECUTION_DATE=2020-01-11T00:00:00+00:00
AIRFLOW_CTX_DAG_RUN_ID=scheduled__2020-01-11T00:00:00+00:00
[2021-07-19 20:33:40,792] {subprocess.py:52} INFO - Tmp dir root location: 
 /tmp
[2021-07-19 20:33:40,823] {subprocess.py:63} INFO - Running command: ['bash', '-c', 'sleep 3']
[2021-07-19 20:33:41,056] {subprocess.py:75} INFO - Output:
[2021-07-19 20:33:44,085] {subprocess.py:83} INFO - Command exited with return code 0
[2021-07-19 20:33:44,623] {taskinstance.py:1184} INFO - Marking task as SUCCESS. dag_id=parallel_dag, task_id=task4, execution_date=20200111T000000, start_date=20210719T203336, end_date=20210719T203344
[2021-07-19 20:33:45,769] {taskinstance.py:1245} INFO - 0 downstream tasks scheduled from follow-on schedule check
[2021-07-19 20:33:45,895] {local_task_job.py:151} INFO - Task exited with return code 0
