[2021-07-20 16:26:03,065] {taskinstance.py:876} INFO - Dependencies all met for <TaskInstance: xcom_dag.processing_tasks.training_model_b 2021-07-20T16:25:57.185371+00:00 [queued]>
[2021-07-20 16:26:03,163] {taskinstance.py:876} INFO - Dependencies all met for <TaskInstance: xcom_dag.processing_tasks.training_model_b 2021-07-20T16:25:57.185371+00:00 [queued]>
[2021-07-20 16:26:03,164] {taskinstance.py:1067} INFO - 
--------------------------------------------------------------------------------
[2021-07-20 16:26:03,165] {taskinstance.py:1068} INFO - Starting attempt 1 of 1
[2021-07-20 16:26:03,183] {taskinstance.py:1069} INFO - 
--------------------------------------------------------------------------------
[2021-07-20 16:26:03,243] {taskinstance.py:1087} INFO - Executing <Task(PythonOperator): processing_tasks.training_model_b> on 2021-07-20T16:25:57.185371+00:00
[2021-07-20 16:26:03,268] {standard_task_runner.py:52} INFO - Started process 10093 to run task
[2021-07-20 16:26:03,311] {standard_task_runner.py:76} INFO - Running: ['airflow', 'tasks', 'run', 'xcom_dag', 'processing_tasks.training_model_b', '2021-07-20T16:25:57.185371+00:00', '--job-id', '246', '--pool', 'default_pool', '--raw', '--subdir', 'DAGS_FOLDER/xcom_dag.py', '--cfg-path', '/tmp/tmphi43l10b', '--error-file', '/tmp/tmp0j5uhm1u']
[2021-07-20 16:26:03,321] {standard_task_runner.py:77} INFO - Job 246: Subtask processing_tasks.training_model_b
[2021-07-20 16:26:03,674] {logging_mixin.py:104} INFO - Running <TaskInstance: xcom_dag.processing_tasks.training_model_b 2021-07-20T16:25:57.185371+00:00 [running]> on host airflowvm
[2021-07-20 16:26:04,089] {taskinstance.py:1280} INFO - Exporting the following env vars:
AIRFLOW_CTX_DAG_OWNER=airflow
AIRFLOW_CTX_DAG_ID=xcom_dag
AIRFLOW_CTX_TASK_ID=processing_tasks.training_model_b
AIRFLOW_CTX_EXECUTION_DATE=2021-07-20T16:25:57.185371+00:00
AIRFLOW_CTX_DAG_RUN_ID=manual__2021-07-20T16:25:57.185371+00:00
[2021-07-20 16:26:04,090] {logging_mixin.py:104} INFO - model's accuracy: 0.796884155401626
[2021-07-20 16:26:04,242] {python.py:151} INFO - Done. Returned value was: None
[2021-07-20 16:26:04,302] {taskinstance.py:1184} INFO - Marking task as SUCCESS. dag_id=xcom_dag, task_id=processing_tasks.training_model_b, execution_date=20210720T162557, start_date=20210720T162603, end_date=20210720T162604
[2021-07-20 16:26:04,453] {taskinstance.py:1245} INFO - 1 downstream tasks scheduled from follow-on schedule check
[2021-07-20 16:26:04,473] {local_task_job.py:151} INFO - Task exited with return code 0
