[2021-07-19 20:32:27,711] {taskinstance.py:876} INFO - Dependencies all met for <TaskInstance: parallel_dag.task1 2020-01-07T00:00:00+00:00 [queued]>
[2021-07-19 20:32:28,115] {taskinstance.py:876} INFO - Dependencies all met for <TaskInstance: parallel_dag.task1 2020-01-07T00:00:00+00:00 [queued]>
[2021-07-19 20:32:28,116] {taskinstance.py:1067} INFO - 
--------------------------------------------------------------------------------
[2021-07-19 20:32:28,118] {taskinstance.py:1068} INFO - Starting attempt 1 of 1
[2021-07-19 20:32:28,146] {taskinstance.py:1069} INFO - 
--------------------------------------------------------------------------------
[2021-07-19 20:32:28,335] {taskinstance.py:1087} INFO - Executing <Task(BashOperator): task1> on 2020-01-07T00:00:00+00:00
[2021-07-19 20:32:28,383] {standard_task_runner.py:52} INFO - Started process 6882 to run task
[2021-07-19 20:32:28,598] {standard_task_runner.py:76} INFO - Running: ['airflow', 'tasks', 'run', 'parallel_dag', 'task1', '2020-01-07T00:00:00+00:00', '--job-id', '61', '--pool', 'default_pool', '--raw', '--subdir', 'DAGS_FOLDER/parallel_dag.py', '--cfg-path', '/tmp/tmpi7hs1qxe', '--error-file', '/tmp/tmpvvjhbqx0']
[2021-07-19 20:32:28,645] {standard_task_runner.py:77} INFO - Job 61: Subtask task1
[2021-07-19 20:32:30,063] {logging_mixin.py:104} INFO - Running <TaskInstance: parallel_dag.task1 2020-01-07T00:00:00+00:00 [running]> on host airflowvm
[2021-07-19 20:32:32,219] {taskinstance.py:1280} INFO - Exporting the following env vars:
AIRFLOW_CTX_DAG_OWNER=airflow
AIRFLOW_CTX_DAG_ID=parallel_dag
AIRFLOW_CTX_TASK_ID=task1
AIRFLOW_CTX_EXECUTION_DATE=2020-01-07T00:00:00+00:00
AIRFLOW_CTX_DAG_RUN_ID=scheduled__2020-01-07T00:00:00+00:00
[2021-07-19 20:32:32,236] {subprocess.py:52} INFO - Tmp dir root location: 
 /tmp
[2021-07-19 20:32:32,236] {subprocess.py:63} INFO - Running command: ['bash', '-c', 'sleep 3']
[2021-07-19 20:32:32,728] {subprocess.py:75} INFO - Output:
[2021-07-19 20:32:35,853] {subprocess.py:83} INFO - Command exited with return code 0
[2021-07-19 20:32:37,095] {taskinstance.py:1184} INFO - Marking task as SUCCESS. dag_id=parallel_dag, task_id=task1, execution_date=20200107T000000, start_date=20210719T203227, end_date=20210719T203237
[2021-07-19 20:32:40,498] {taskinstance.py:1245} INFO - 0 downstream tasks scheduled from follow-on schedule check
[2021-07-19 20:32:41,698] {local_task_job.py:151} INFO - Task exited with return code 0
