[2021-07-20 14:22:00,798] {taskinstance.py:876} INFO - Dependencies all met for <TaskInstance: xcom_dag.processing_tasks.training_model_c 2021-07-20T14:21:54.318311+00:00 [queued]>
[2021-07-20 14:22:00,878] {taskinstance.py:876} INFO - Dependencies all met for <TaskInstance: xcom_dag.processing_tasks.training_model_c 2021-07-20T14:21:54.318311+00:00 [queued]>
[2021-07-20 14:22:00,879] {taskinstance.py:1067} INFO - 
--------------------------------------------------------------------------------
[2021-07-20 14:22:00,880] {taskinstance.py:1068} INFO - Starting attempt 1 of 1
[2021-07-20 14:22:00,884] {taskinstance.py:1069} INFO - 
--------------------------------------------------------------------------------
[2021-07-20 14:22:00,927] {taskinstance.py:1087} INFO - Executing <Task(PythonOperator): processing_tasks.training_model_c> on 2021-07-20T14:21:54.318311+00:00
[2021-07-20 14:22:00,934] {standard_task_runner.py:52} INFO - Started process 2130 to run task
[2021-07-20 14:22:00,963] {standard_task_runner.py:76} INFO - Running: ['airflow', 'tasks', 'run', 'xcom_dag', 'processing_tasks.training_model_c', '2021-07-20T14:21:54.318311+00:00', '--job-id', '189', '--pool', 'default_pool', '--raw', '--subdir', 'DAGS_FOLDER/xcom_dag.py', '--cfg-path', '/tmp/tmpfoywepn0', '--error-file', '/tmp/tmp_vuer7xy']
[2021-07-20 14:22:00,975] {standard_task_runner.py:77} INFO - Job 189: Subtask processing_tasks.training_model_c
[2021-07-20 14:22:01,232] {logging_mixin.py:104} INFO - Running <TaskInstance: xcom_dag.processing_tasks.training_model_c 2021-07-20T14:21:54.318311+00:00 [running]> on host airflowvm
[2021-07-20 14:22:01,607] {taskinstance.py:1280} INFO - Exporting the following env vars:
AIRFLOW_CTX_DAG_OWNER=airflow
AIRFLOW_CTX_DAG_ID=xcom_dag
AIRFLOW_CTX_TASK_ID=processing_tasks.training_model_c
AIRFLOW_CTX_EXECUTION_DATE=2021-07-20T14:21:54.318311+00:00
AIRFLOW_CTX_DAG_RUN_ID=manual__2021-07-20T14:21:54.318311+00:00
[2021-07-20 14:22:01,608] {logging_mixin.py:104} INFO - model's accuracy: 4.413376748843539
[2021-07-20 14:22:01,720] {python.py:151} INFO - Done. Returned value was: None
[2021-07-20 14:22:01,781] {taskinstance.py:1184} INFO - Marking task as SUCCESS. dag_id=xcom_dag, task_id=processing_tasks.training_model_c, execution_date=20210720T142154, start_date=20210720T142200, end_date=20210720T142201
[2021-07-20 14:22:01,960] {taskinstance.py:1245} INFO - 0 downstream tasks scheduled from follow-on schedule check
[2021-07-20 14:22:01,999] {local_task_job.py:151} INFO - Task exited with return code 0
