[2021-07-20 16:28:53,969] {taskinstance.py:876} INFO - Dependencies all met for <TaskInstance: xcom_dag.Choose_model 2021-07-20T16:28:45.651114+00:00 [queued]>
[2021-07-20 16:28:53,996] {taskinstance.py:876} INFO - Dependencies all met for <TaskInstance: xcom_dag.Choose_model 2021-07-20T16:28:45.651114+00:00 [queued]>
[2021-07-20 16:28:53,997] {taskinstance.py:1067} INFO - 
--------------------------------------------------------------------------------
[2021-07-20 16:28:53,997] {taskinstance.py:1068} INFO - Starting attempt 1 of 1
[2021-07-20 16:28:53,997] {taskinstance.py:1069} INFO - 
--------------------------------------------------------------------------------
[2021-07-20 16:28:54,011] {taskinstance.py:1087} INFO - Executing <Task(PythonOperator): Choose_model> on 2021-07-20T16:28:45.651114+00:00
[2021-07-20 16:28:54,014] {standard_task_runner.py:52} INFO - Started process 10437 to run task
[2021-07-20 16:28:54,022] {standard_task_runner.py:76} INFO - Running: ['airflow', 'tasks', 'run', 'xcom_dag', 'Choose_model', '2021-07-20T16:28:45.651114+00:00', '--job-id', '253', '--pool', 'default_pool', '--raw', '--subdir', 'DAGS_FOLDER/xcom_dag.py', '--cfg-path', '/tmp/tmp80lfv7cf', '--error-file', '/tmp/tmpvllhnfzz']
[2021-07-20 16:28:54,026] {standard_task_runner.py:77} INFO - Job 253: Subtask Choose_model
[2021-07-20 16:28:54,100] {logging_mixin.py:104} INFO - Running <TaskInstance: xcom_dag.Choose_model 2021-07-20T16:28:45.651114+00:00 [running]> on host airflowvm
[2021-07-20 16:28:54,210] {taskinstance.py:1280} INFO - Exporting the following env vars:
AIRFLOW_CTX_DAG_OWNER=airflow
AIRFLOW_CTX_DAG_ID=xcom_dag
AIRFLOW_CTX_TASK_ID=Choose_model
AIRFLOW_CTX_EXECUTION_DATE=2021-07-20T16:28:45.651114+00:00
AIRFLOW_CTX_DAG_RUN_ID=manual__2021-07-20T16:28:45.651114+00:00
[2021-07-20 16:28:54,211] {logging_mixin.py:104} INFO - choose best model
[2021-07-20 16:28:54,226] {python.py:151} INFO - Done. Returned value was: inaccurate
[2021-07-20 16:28:54,268] {taskinstance.py:1184} INFO - Marking task as SUCCESS. dag_id=xcom_dag, task_id=Choose_model, execution_date=20210720T162845, start_date=20210720T162853, end_date=20210720T162854
[2021-07-20 16:28:54,314] {taskinstance.py:1245} INFO - 2 downstream tasks scheduled from follow-on schedule check
[2021-07-20 16:28:54,354] {local_task_job.py:151} INFO - Task exited with return code 0
