[2021-07-16 17:56:54,365] {taskinstance.py:876} INFO - Dependencies all met for <TaskInstance: parallel_dag.task1 2021-07-15T00:00:00+00:00 [queued]>
[2021-07-16 17:56:54,433] {taskinstance.py:876} INFO - Dependencies all met for <TaskInstance: parallel_dag.task1 2021-07-15T00:00:00+00:00 [queued]>
[2021-07-16 17:56:54,438] {taskinstance.py:1067} INFO - 
--------------------------------------------------------------------------------
[2021-07-16 17:56:54,439] {taskinstance.py:1068} INFO - Starting attempt 1 of 1
[2021-07-16 17:56:54,439] {taskinstance.py:1069} INFO - 
--------------------------------------------------------------------------------
[2021-07-16 17:56:54,472] {taskinstance.py:1087} INFO - Executing <Task(BashOperator): task1> on 2021-07-15T00:00:00+00:00
[2021-07-16 17:56:54,489] {standard_task_runner.py:52} INFO - Started process 6480 to run task
[2021-07-16 17:56:54,516] {standard_task_runner.py:76} INFO - Running: ['airflow', 'tasks', 'run', 'parallel_dag', 'task1', '2021-07-15T00:00:00+00:00', '--job-id', '2', '--pool', 'default_pool', '--raw', '--subdir', 'DAGS_FOLDER/parallel_dag.py', '--cfg-path', '/tmp/tmpykinx0w2', '--error-file', '/tmp/tmpm5qz8ulf']
[2021-07-16 17:56:54,532] {standard_task_runner.py:77} INFO - Job 2: Subtask task1
[2021-07-16 17:56:54,732] {logging_mixin.py:104} INFO - Running <TaskInstance: parallel_dag.task1 2021-07-15T00:00:00+00:00 [running]> on host airflowvm
[2021-07-16 17:56:54,964] {taskinstance.py:1280} INFO - Exporting the following env vars:
AIRFLOW_CTX_DAG_OWNER=airflow
AIRFLOW_CTX_DAG_ID=parallel_dag
AIRFLOW_CTX_TASK_ID=task1
AIRFLOW_CTX_EXECUTION_DATE=2021-07-15T00:00:00+00:00
AIRFLOW_CTX_DAG_RUN_ID=scheduled__2021-07-15T00:00:00+00:00
[2021-07-16 17:56:54,966] {subprocess.py:52} INFO - Tmp dir root location: 
 /tmp
[2021-07-16 17:56:54,969] {subprocess.py:63} INFO - Running command: ['bash', '-c', 'sleep 3']
[2021-07-16 17:56:55,019] {subprocess.py:75} INFO - Output:
[2021-07-16 17:56:58,037] {subprocess.py:83} INFO - Command exited with return code 0
[2021-07-16 17:56:58,090] {taskinstance.py:1184} INFO - Marking task as SUCCESS. dag_id=parallel_dag, task_id=task1, execution_date=20210715T000000, start_date=20210716T175654, end_date=20210716T175658
[2021-07-16 17:56:58,198] {taskinstance.py:1245} INFO - 2 downstream tasks scheduled from follow-on schedule check
[2021-07-16 17:56:58,232] {local_task_job.py:151} INFO - Task exited with return code 0
[2021-07-16 21:19:06,063] {taskinstance.py:876} INFO - Dependencies all met for <TaskInstance: parallel_dag.task1 2021-07-15T00:00:00+00:00 [queued]>
[2021-07-16 21:19:06,083] {taskinstance.py:876} INFO - Dependencies all met for <TaskInstance: parallel_dag.task1 2021-07-15T00:00:00+00:00 [queued]>
[2021-07-16 21:19:06,084] {taskinstance.py:1067} INFO - 
--------------------------------------------------------------------------------
[2021-07-16 21:19:06,084] {taskinstance.py:1068} INFO - Starting attempt 1 of 1
[2021-07-16 21:19:06,085] {taskinstance.py:1069} INFO - 
--------------------------------------------------------------------------------
[2021-07-16 21:19:06,134] {taskinstance.py:1087} INFO - Executing <Task(BashOperator): task1> on 2021-07-15T00:00:00+00:00
[2021-07-16 21:19:06,139] {standard_task_runner.py:52} INFO - Started process 44531 to run task
[2021-07-16 21:19:06,162] {standard_task_runner.py:76} INFO - Running: ['airflow', 'tasks', 'run', 'parallel_dag', 'task1', '2021-07-15T00:00:00+00:00', '--job-id', '7', '--pool', 'default_pool', '--raw', '--subdir', 'DAGS_FOLDER/parallel_dag.py', '--cfg-path', '/tmp/tmp1ekh1n03', '--error-file', '/tmp/tmp8khuxmoo']
[2021-07-16 21:19:06,165] {standard_task_runner.py:77} INFO - Job 7: Subtask task1
[2021-07-16 21:19:06,323] {logging_mixin.py:104} INFO - Running <TaskInstance: parallel_dag.task1 2021-07-15T00:00:00+00:00 [running]> on host airflowvm
[2021-07-16 21:19:06,613] {taskinstance.py:1280} INFO - Exporting the following env vars:
AIRFLOW_CTX_DAG_OWNER=airflow
AIRFLOW_CTX_DAG_ID=parallel_dag
AIRFLOW_CTX_TASK_ID=task1
AIRFLOW_CTX_EXECUTION_DATE=2021-07-15T00:00:00+00:00
AIRFLOW_CTX_DAG_RUN_ID=scheduled__2021-07-15T00:00:00+00:00
[2021-07-16 21:19:06,614] {subprocess.py:52} INFO - Tmp dir root location: 
 /tmp
[2021-07-16 21:19:06,615] {subprocess.py:63} INFO - Running command: ['bash', '-c', 'sleep 3']
[2021-07-16 21:19:06,647] {subprocess.py:75} INFO - Output:
[2021-07-16 21:19:09,665] {subprocess.py:83} INFO - Command exited with return code 0
[2021-07-16 21:19:09,734] {taskinstance.py:1184} INFO - Marking task as SUCCESS. dag_id=parallel_dag, task_id=task1, execution_date=20210715T000000, start_date=20210716T211906, end_date=20210716T211909
[2021-07-16 21:19:09,821] {taskinstance.py:1245} INFO - 2 downstream tasks scheduled from follow-on schedule check
[2021-07-16 21:19:09,872] {local_task_job.py:151} INFO - Task exited with return code 0
