[2021-07-22 02:03:56,956] {scheduler_job.py:182} INFO - Started process (PID=48194) to work on /home/airflow/airflow/dags/subdags/subdag_parallel_dag.py
[2021-07-22 02:03:56,962] {scheduler_job.py:633} INFO - Processing file /home/airflow/airflow/dags/subdags/subdag_parallel_dag.py for tasks to queue
[2021-07-22 02:03:56,979] {logging_mixin.py:104} INFO - [2021-07-22 02:03:56,979] {dagbag.py:487} INFO - Filling up the DagBag from /home/airflow/airflow/dags/subdags/subdag_parallel_dag.py
[2021-07-22 02:03:57,017] {scheduler_job.py:645} WARNING - No viable dags retrieved from /home/airflow/airflow/dags/subdags/subdag_parallel_dag.py
[2021-07-22 02:03:57,114] {scheduler_job.py:190} INFO - Processing /home/airflow/airflow/dags/subdags/subdag_parallel_dag.py took 0.187 seconds
[2021-07-22 02:04:27,345] {scheduler_job.py:182} INFO - Started process (PID=48283) to work on /home/airflow/airflow/dags/subdags/subdag_parallel_dag.py
[2021-07-22 02:04:27,360] {scheduler_job.py:633} INFO - Processing file /home/airflow/airflow/dags/subdags/subdag_parallel_dag.py for tasks to queue
[2021-07-22 02:04:27,361] {logging_mixin.py:104} INFO - [2021-07-22 02:04:27,361] {dagbag.py:487} INFO - Filling up the DagBag from /home/airflow/airflow/dags/subdags/subdag_parallel_dag.py
[2021-07-22 02:04:27,372] {scheduler_job.py:645} WARNING - No viable dags retrieved from /home/airflow/airflow/dags/subdags/subdag_parallel_dag.py
[2021-07-22 02:04:27,403] {scheduler_job.py:190} INFO - Processing /home/airflow/airflow/dags/subdags/subdag_parallel_dag.py took 0.066 seconds
[2021-07-22 02:04:58,298] {scheduler_job.py:182} INFO - Started process (PID=48525) to work on /home/airflow/airflow/dags/subdags/subdag_parallel_dag.py
[2021-07-22 02:04:58,300] {scheduler_job.py:633} INFO - Processing file /home/airflow/airflow/dags/subdags/subdag_parallel_dag.py for tasks to queue
[2021-07-22 02:04:58,301] {logging_mixin.py:104} INFO - [2021-07-22 02:04:58,300] {dagbag.py:487} INFO - Filling up the DagBag from /home/airflow/airflow/dags/subdags/subdag_parallel_dag.py
[2021-07-22 02:04:58,307] {scheduler_job.py:645} WARNING - No viable dags retrieved from /home/airflow/airflow/dags/subdags/subdag_parallel_dag.py
[2021-07-22 02:04:58,324] {scheduler_job.py:190} INFO - Processing /home/airflow/airflow/dags/subdags/subdag_parallel_dag.py took 0.029 seconds
[2021-07-22 02:05:28,782] {scheduler_job.py:182} INFO - Started process (PID=48567) to work on /home/airflow/airflow/dags/subdags/subdag_parallel_dag.py
[2021-07-22 02:05:28,784] {scheduler_job.py:633} INFO - Processing file /home/airflow/airflow/dags/subdags/subdag_parallel_dag.py for tasks to queue
[2021-07-22 02:05:28,784] {logging_mixin.py:104} INFO - [2021-07-22 02:05:28,784] {dagbag.py:487} INFO - Filling up the DagBag from /home/airflow/airflow/dags/subdags/subdag_parallel_dag.py
[2021-07-22 02:05:28,790] {scheduler_job.py:645} WARNING - No viable dags retrieved from /home/airflow/airflow/dags/subdags/subdag_parallel_dag.py
[2021-07-22 02:05:28,813] {scheduler_job.py:190} INFO - Processing /home/airflow/airflow/dags/subdags/subdag_parallel_dag.py took 0.034 seconds
[2021-07-22 02:05:59,317] {scheduler_job.py:182} INFO - Started process (PID=48603) to work on /home/airflow/airflow/dags/subdags/subdag_parallel_dag.py
[2021-07-22 02:05:59,325] {scheduler_job.py:633} INFO - Processing file /home/airflow/airflow/dags/subdags/subdag_parallel_dag.py for tasks to queue
[2021-07-22 02:05:59,326] {logging_mixin.py:104} INFO - [2021-07-22 02:05:59,325] {dagbag.py:487} INFO - Filling up the DagBag from /home/airflow/airflow/dags/subdags/subdag_parallel_dag.py
[2021-07-22 02:05:59,334] {scheduler_job.py:645} WARNING - No viable dags retrieved from /home/airflow/airflow/dags/subdags/subdag_parallel_dag.py
[2021-07-22 02:05:59,353] {scheduler_job.py:190} INFO - Processing /home/airflow/airflow/dags/subdags/subdag_parallel_dag.py took 0.041 seconds
[2021-07-22 02:06:29,746] {scheduler_job.py:182} INFO - Started process (PID=48662) to work on /home/airflow/airflow/dags/subdags/subdag_parallel_dag.py
[2021-07-22 02:06:29,747] {scheduler_job.py:633} INFO - Processing file /home/airflow/airflow/dags/subdags/subdag_parallel_dag.py for tasks to queue
[2021-07-22 02:06:29,748] {logging_mixin.py:104} INFO - [2021-07-22 02:06:29,748] {dagbag.py:487} INFO - Filling up the DagBag from /home/airflow/airflow/dags/subdags/subdag_parallel_dag.py
[2021-07-22 02:06:29,752] {scheduler_job.py:645} WARNING - No viable dags retrieved from /home/airflow/airflow/dags/subdags/subdag_parallel_dag.py
[2021-07-22 02:06:29,766] {scheduler_job.py:190} INFO - Processing /home/airflow/airflow/dags/subdags/subdag_parallel_dag.py took 0.023 seconds
[2021-07-22 02:07:00,191] {scheduler_job.py:182} INFO - Started process (PID=48700) to work on /home/airflow/airflow/dags/subdags/subdag_parallel_dag.py
[2021-07-22 02:07:00,192] {scheduler_job.py:633} INFO - Processing file /home/airflow/airflow/dags/subdags/subdag_parallel_dag.py for tasks to queue
[2021-07-22 02:07:00,193] {logging_mixin.py:104} INFO - [2021-07-22 02:07:00,193] {dagbag.py:487} INFO - Filling up the DagBag from /home/airflow/airflow/dags/subdags/subdag_parallel_dag.py
[2021-07-22 02:07:00,197] {scheduler_job.py:645} WARNING - No viable dags retrieved from /home/airflow/airflow/dags/subdags/subdag_parallel_dag.py
[2021-07-22 02:07:00,212] {scheduler_job.py:190} INFO - Processing /home/airflow/airflow/dags/subdags/subdag_parallel_dag.py took 0.025 seconds
[2021-07-22 02:07:30,601] {scheduler_job.py:182} INFO - Started process (PID=48740) to work on /home/airflow/airflow/dags/subdags/subdag_parallel_dag.py
[2021-07-22 02:07:30,602] {scheduler_job.py:633} INFO - Processing file /home/airflow/airflow/dags/subdags/subdag_parallel_dag.py for tasks to queue
[2021-07-22 02:07:30,603] {logging_mixin.py:104} INFO - [2021-07-22 02:07:30,603] {dagbag.py:487} INFO - Filling up the DagBag from /home/airflow/airflow/dags/subdags/subdag_parallel_dag.py
[2021-07-22 02:07:30,607] {scheduler_job.py:645} WARNING - No viable dags retrieved from /home/airflow/airflow/dags/subdags/subdag_parallel_dag.py
[2021-07-22 02:07:30,621] {scheduler_job.py:190} INFO - Processing /home/airflow/airflow/dags/subdags/subdag_parallel_dag.py took 0.023 seconds
[2021-07-22 02:08:01,097] {scheduler_job.py:182} INFO - Started process (PID=48776) to work on /home/airflow/airflow/dags/subdags/subdag_parallel_dag.py
[2021-07-22 02:08:01,103] {scheduler_job.py:633} INFO - Processing file /home/airflow/airflow/dags/subdags/subdag_parallel_dag.py for tasks to queue
[2021-07-22 02:08:01,104] {logging_mixin.py:104} INFO - [2021-07-22 02:08:01,104] {dagbag.py:487} INFO - Filling up the DagBag from /home/airflow/airflow/dags/subdags/subdag_parallel_dag.py
[2021-07-22 02:08:01,109] {scheduler_job.py:645} WARNING - No viable dags retrieved from /home/airflow/airflow/dags/subdags/subdag_parallel_dag.py
[2021-07-22 02:08:01,122] {scheduler_job.py:190} INFO - Processing /home/airflow/airflow/dags/subdags/subdag_parallel_dag.py took 0.028 seconds
[2021-07-22 02:08:31,559] {scheduler_job.py:182} INFO - Started process (PID=48817) to work on /home/airflow/airflow/dags/subdags/subdag_parallel_dag.py
[2021-07-22 02:08:31,566] {scheduler_job.py:633} INFO - Processing file /home/airflow/airflow/dags/subdags/subdag_parallel_dag.py for tasks to queue
[2021-07-22 02:08:31,568] {logging_mixin.py:104} INFO - [2021-07-22 02:08:31,568] {dagbag.py:487} INFO - Filling up the DagBag from /home/airflow/airflow/dags/subdags/subdag_parallel_dag.py
[2021-07-22 02:08:31,572] {scheduler_job.py:645} WARNING - No viable dags retrieved from /home/airflow/airflow/dags/subdags/subdag_parallel_dag.py
[2021-07-22 02:08:31,589] {scheduler_job.py:190} INFO - Processing /home/airflow/airflow/dags/subdags/subdag_parallel_dag.py took 0.034 seconds
[2021-07-22 02:09:02,027] {scheduler_job.py:182} INFO - Started process (PID=48854) to work on /home/airflow/airflow/dags/subdags/subdag_parallel_dag.py
[2021-07-22 02:09:02,029] {scheduler_job.py:633} INFO - Processing file /home/airflow/airflow/dags/subdags/subdag_parallel_dag.py for tasks to queue
[2021-07-22 02:09:02,029] {logging_mixin.py:104} INFO - [2021-07-22 02:09:02,029] {dagbag.py:487} INFO - Filling up the DagBag from /home/airflow/airflow/dags/subdags/subdag_parallel_dag.py
[2021-07-22 02:09:02,034] {scheduler_job.py:645} WARNING - No viable dags retrieved from /home/airflow/airflow/dags/subdags/subdag_parallel_dag.py
[2021-07-22 02:09:02,049] {scheduler_job.py:190} INFO - Processing /home/airflow/airflow/dags/subdags/subdag_parallel_dag.py took 0.025 seconds
[2021-07-22 02:09:32,555] {scheduler_job.py:182} INFO - Started process (PID=48891) to work on /home/airflow/airflow/dags/subdags/subdag_parallel_dag.py
[2021-07-22 02:09:32,562] {scheduler_job.py:633} INFO - Processing file /home/airflow/airflow/dags/subdags/subdag_parallel_dag.py for tasks to queue
[2021-07-22 02:09:32,563] {logging_mixin.py:104} INFO - [2021-07-22 02:09:32,563] {dagbag.py:487} INFO - Filling up the DagBag from /home/airflow/airflow/dags/subdags/subdag_parallel_dag.py
[2021-07-22 02:09:32,568] {scheduler_job.py:645} WARNING - No viable dags retrieved from /home/airflow/airflow/dags/subdags/subdag_parallel_dag.py
[2021-07-22 02:09:32,585] {scheduler_job.py:190} INFO - Processing /home/airflow/airflow/dags/subdags/subdag_parallel_dag.py took 0.034 seconds
[2021-07-22 02:10:02,976] {scheduler_job.py:182} INFO - Started process (PID=48967) to work on /home/airflow/airflow/dags/subdags/subdag_parallel_dag.py
[2021-07-22 02:10:02,977] {scheduler_job.py:633} INFO - Processing file /home/airflow/airflow/dags/subdags/subdag_parallel_dag.py for tasks to queue
[2021-07-22 02:10:02,978] {logging_mixin.py:104} INFO - [2021-07-22 02:10:02,978] {dagbag.py:487} INFO - Filling up the DagBag from /home/airflow/airflow/dags/subdags/subdag_parallel_dag.py
[2021-07-22 02:10:02,982] {scheduler_job.py:645} WARNING - No viable dags retrieved from /home/airflow/airflow/dags/subdags/subdag_parallel_dag.py
[2021-07-22 02:10:02,997] {scheduler_job.py:190} INFO - Processing /home/airflow/airflow/dags/subdags/subdag_parallel_dag.py took 0.024 seconds
[2021-07-22 02:10:33,410] {scheduler_job.py:182} INFO - Started process (PID=49058) to work on /home/airflow/airflow/dags/subdags/subdag_parallel_dag.py
[2021-07-22 02:10:33,411] {scheduler_job.py:633} INFO - Processing file /home/airflow/airflow/dags/subdags/subdag_parallel_dag.py for tasks to queue
[2021-07-22 02:10:33,412] {logging_mixin.py:104} INFO - [2021-07-22 02:10:33,412] {dagbag.py:487} INFO - Filling up the DagBag from /home/airflow/airflow/dags/subdags/subdag_parallel_dag.py
[2021-07-22 02:10:33,419] {scheduler_job.py:645} WARNING - No viable dags retrieved from /home/airflow/airflow/dags/subdags/subdag_parallel_dag.py
[2021-07-22 02:10:33,434] {scheduler_job.py:190} INFO - Processing /home/airflow/airflow/dags/subdags/subdag_parallel_dag.py took 0.027 seconds
[2021-07-22 02:11:03,837] {scheduler_job.py:182} INFO - Started process (PID=49133) to work on /home/airflow/airflow/dags/subdags/subdag_parallel_dag.py
[2021-07-22 02:11:03,838] {scheduler_job.py:633} INFO - Processing file /home/airflow/airflow/dags/subdags/subdag_parallel_dag.py for tasks to queue
[2021-07-22 02:11:03,839] {logging_mixin.py:104} INFO - [2021-07-22 02:11:03,839] {dagbag.py:487} INFO - Filling up the DagBag from /home/airflow/airflow/dags/subdags/subdag_parallel_dag.py
[2021-07-22 02:11:03,845] {scheduler_job.py:645} WARNING - No viable dags retrieved from /home/airflow/airflow/dags/subdags/subdag_parallel_dag.py
[2021-07-22 02:11:03,859] {scheduler_job.py:190} INFO - Processing /home/airflow/airflow/dags/subdags/subdag_parallel_dag.py took 0.025 seconds
[2021-07-22 02:11:34,260] {scheduler_job.py:182} INFO - Started process (PID=49196) to work on /home/airflow/airflow/dags/subdags/subdag_parallel_dag.py
[2021-07-22 02:11:34,264] {scheduler_job.py:633} INFO - Processing file /home/airflow/airflow/dags/subdags/subdag_parallel_dag.py for tasks to queue
[2021-07-22 02:11:34,265] {logging_mixin.py:104} INFO - [2021-07-22 02:11:34,265] {dagbag.py:487} INFO - Filling up the DagBag from /home/airflow/airflow/dags/subdags/subdag_parallel_dag.py
[2021-07-22 02:11:34,269] {scheduler_job.py:645} WARNING - No viable dags retrieved from /home/airflow/airflow/dags/subdags/subdag_parallel_dag.py
[2021-07-22 02:11:34,283] {scheduler_job.py:190} INFO - Processing /home/airflow/airflow/dags/subdags/subdag_parallel_dag.py took 0.026 seconds
[2021-07-22 02:12:04,683] {scheduler_job.py:182} INFO - Started process (PID=49246) to work on /home/airflow/airflow/dags/subdags/subdag_parallel_dag.py
[2021-07-22 02:12:04,685] {scheduler_job.py:633} INFO - Processing file /home/airflow/airflow/dags/subdags/subdag_parallel_dag.py for tasks to queue
[2021-07-22 02:12:04,686] {logging_mixin.py:104} INFO - [2021-07-22 02:12:04,686] {dagbag.py:487} INFO - Filling up the DagBag from /home/airflow/airflow/dags/subdags/subdag_parallel_dag.py
[2021-07-22 02:12:04,689] {scheduler_job.py:645} WARNING - No viable dags retrieved from /home/airflow/airflow/dags/subdags/subdag_parallel_dag.py
[2021-07-22 02:12:04,703] {scheduler_job.py:190} INFO - Processing /home/airflow/airflow/dags/subdags/subdag_parallel_dag.py took 0.022 seconds
[2021-07-22 02:12:35,185] {scheduler_job.py:182} INFO - Started process (PID=49315) to work on /home/airflow/airflow/dags/subdags/subdag_parallel_dag.py
[2021-07-22 02:12:35,188] {scheduler_job.py:633} INFO - Processing file /home/airflow/airflow/dags/subdags/subdag_parallel_dag.py for tasks to queue
[2021-07-22 02:12:35,189] {logging_mixin.py:104} INFO - [2021-07-22 02:12:35,189] {dagbag.py:487} INFO - Filling up the DagBag from /home/airflow/airflow/dags/subdags/subdag_parallel_dag.py
[2021-07-22 02:12:35,196] {scheduler_job.py:645} WARNING - No viable dags retrieved from /home/airflow/airflow/dags/subdags/subdag_parallel_dag.py
[2021-07-22 02:12:35,215] {scheduler_job.py:190} INFO - Processing /home/airflow/airflow/dags/subdags/subdag_parallel_dag.py took 0.036 seconds
[2021-07-22 02:13:05,659] {scheduler_job.py:182} INFO - Started process (PID=49381) to work on /home/airflow/airflow/dags/subdags/subdag_parallel_dag.py
[2021-07-22 02:13:05,661] {scheduler_job.py:633} INFO - Processing file /home/airflow/airflow/dags/subdags/subdag_parallel_dag.py for tasks to queue
[2021-07-22 02:13:05,666] {logging_mixin.py:104} INFO - [2021-07-22 02:13:05,666] {dagbag.py:487} INFO - Filling up the DagBag from /home/airflow/airflow/dags/subdags/subdag_parallel_dag.py
[2021-07-22 02:13:05,670] {scheduler_job.py:645} WARNING - No viable dags retrieved from /home/airflow/airflow/dags/subdags/subdag_parallel_dag.py
[2021-07-22 02:13:05,684] {scheduler_job.py:190} INFO - Processing /home/airflow/airflow/dags/subdags/subdag_parallel_dag.py took 0.028 seconds
[2021-07-22 02:13:36,114] {scheduler_job.py:182} INFO - Started process (PID=49425) to work on /home/airflow/airflow/dags/subdags/subdag_parallel_dag.py
[2021-07-22 02:13:36,120] {scheduler_job.py:633} INFO - Processing file /home/airflow/airflow/dags/subdags/subdag_parallel_dag.py for tasks to queue
[2021-07-22 02:13:36,121] {logging_mixin.py:104} INFO - [2021-07-22 02:13:36,121] {dagbag.py:487} INFO - Filling up the DagBag from /home/airflow/airflow/dags/subdags/subdag_parallel_dag.py
[2021-07-22 02:13:36,126] {scheduler_job.py:645} WARNING - No viable dags retrieved from /home/airflow/airflow/dags/subdags/subdag_parallel_dag.py
[2021-07-22 02:13:36,140] {scheduler_job.py:190} INFO - Processing /home/airflow/airflow/dags/subdags/subdag_parallel_dag.py took 0.029 seconds
[2021-07-22 02:14:06,563] {scheduler_job.py:182} INFO - Started process (PID=49462) to work on /home/airflow/airflow/dags/subdags/subdag_parallel_dag.py
[2021-07-22 02:14:06,569] {scheduler_job.py:633} INFO - Processing file /home/airflow/airflow/dags/subdags/subdag_parallel_dag.py for tasks to queue
[2021-07-22 02:14:06,570] {logging_mixin.py:104} INFO - [2021-07-22 02:14:06,570] {dagbag.py:487} INFO - Filling up the DagBag from /home/airflow/airflow/dags/subdags/subdag_parallel_dag.py
[2021-07-22 02:14:06,573] {scheduler_job.py:645} WARNING - No viable dags retrieved from /home/airflow/airflow/dags/subdags/subdag_parallel_dag.py
[2021-07-22 02:14:06,587] {scheduler_job.py:190} INFO - Processing /home/airflow/airflow/dags/subdags/subdag_parallel_dag.py took 0.027 seconds
[2021-07-22 02:14:36,999] {scheduler_job.py:182} INFO - Started process (PID=49500) to work on /home/airflow/airflow/dags/subdags/subdag_parallel_dag.py
[2021-07-22 02:14:37,001] {scheduler_job.py:633} INFO - Processing file /home/airflow/airflow/dags/subdags/subdag_parallel_dag.py for tasks to queue
[2021-07-22 02:14:37,001] {logging_mixin.py:104} INFO - [2021-07-22 02:14:37,001] {dagbag.py:487} INFO - Filling up the DagBag from /home/airflow/airflow/dags/subdags/subdag_parallel_dag.py
[2021-07-22 02:14:37,006] {scheduler_job.py:645} WARNING - No viable dags retrieved from /home/airflow/airflow/dags/subdags/subdag_parallel_dag.py
[2021-07-22 02:14:37,020] {scheduler_job.py:190} INFO - Processing /home/airflow/airflow/dags/subdags/subdag_parallel_dag.py took 0.024 seconds
[2021-07-22 02:15:07,439] {scheduler_job.py:182} INFO - Started process (PID=49540) to work on /home/airflow/airflow/dags/subdags/subdag_parallel_dag.py
[2021-07-22 02:15:07,444] {scheduler_job.py:633} INFO - Processing file /home/airflow/airflow/dags/subdags/subdag_parallel_dag.py for tasks to queue
[2021-07-22 02:15:07,445] {logging_mixin.py:104} INFO - [2021-07-22 02:15:07,445] {dagbag.py:487} INFO - Filling up the DagBag from /home/airflow/airflow/dags/subdags/subdag_parallel_dag.py
[2021-07-22 02:15:07,449] {scheduler_job.py:645} WARNING - No viable dags retrieved from /home/airflow/airflow/dags/subdags/subdag_parallel_dag.py
[2021-07-22 02:15:07,473] {scheduler_job.py:190} INFO - Processing /home/airflow/airflow/dags/subdags/subdag_parallel_dag.py took 0.038 seconds
[2021-07-22 02:15:37,876] {scheduler_job.py:182} INFO - Started process (PID=49583) to work on /home/airflow/airflow/dags/subdags/subdag_parallel_dag.py
[2021-07-22 02:15:37,877] {scheduler_job.py:633} INFO - Processing file /home/airflow/airflow/dags/subdags/subdag_parallel_dag.py for tasks to queue
[2021-07-22 02:15:37,883] {logging_mixin.py:104} INFO - [2021-07-22 02:15:37,882] {dagbag.py:487} INFO - Filling up the DagBag from /home/airflow/airflow/dags/subdags/subdag_parallel_dag.py
[2021-07-22 02:15:37,888] {scheduler_job.py:645} WARNING - No viable dags retrieved from /home/airflow/airflow/dags/subdags/subdag_parallel_dag.py
[2021-07-22 02:15:37,903] {scheduler_job.py:190} INFO - Processing /home/airflow/airflow/dags/subdags/subdag_parallel_dag.py took 0.030 seconds
[2021-07-22 02:16:08,411] {scheduler_job.py:182} INFO - Started process (PID=49664) to work on /home/airflow/airflow/dags/subdags/subdag_parallel_dag.py
[2021-07-22 02:16:08,413] {scheduler_job.py:633} INFO - Processing file /home/airflow/airflow/dags/subdags/subdag_parallel_dag.py for tasks to queue
[2021-07-22 02:16:08,414] {logging_mixin.py:104} INFO - [2021-07-22 02:16:08,414] {dagbag.py:487} INFO - Filling up the DagBag from /home/airflow/airflow/dags/subdags/subdag_parallel_dag.py
[2021-07-22 02:16:08,419] {scheduler_job.py:645} WARNING - No viable dags retrieved from /home/airflow/airflow/dags/subdags/subdag_parallel_dag.py
[2021-07-22 02:16:08,434] {scheduler_job.py:190} INFO - Processing /home/airflow/airflow/dags/subdags/subdag_parallel_dag.py took 0.027 seconds
