[2021-07-20 16:31:40,304] {taskinstance.py:876} INFO - Dependencies all met for <TaskInstance: xcom_dag.processing_tasks.training_model_c 2021-07-20T16:31:35.069600+00:00 [queued]>
[2021-07-20 16:31:40,379] {taskinstance.py:876} INFO - Dependencies all met for <TaskInstance: xcom_dag.processing_tasks.training_model_c 2021-07-20T16:31:35.069600+00:00 [queued]>
[2021-07-20 16:31:40,380] {taskinstance.py:1067} INFO - 
--------------------------------------------------------------------------------
[2021-07-20 16:31:40,380] {taskinstance.py:1068} INFO - Starting attempt 1 of 1
[2021-07-20 16:31:40,381] {taskinstance.py:1069} INFO - 
--------------------------------------------------------------------------------
[2021-07-20 16:31:40,416] {taskinstance.py:1087} INFO - Executing <Task(PythonOperator): processing_tasks.training_model_c> on 2021-07-20T16:31:35.069600+00:00
[2021-07-20 16:31:40,431] {standard_task_runner.py:52} INFO - Started process 10804 to run task
[2021-07-20 16:31:40,454] {standard_task_runner.py:76} INFO - Running: ['airflow', 'tasks', 'run', 'xcom_dag', 'processing_tasks.training_model_c', '2021-07-20T16:31:35.069600+00:00', '--job-id', '262', '--pool', 'default_pool', '--raw', '--subdir', 'DAGS_FOLDER/xcom_dag.py', '--cfg-path', '/tmp/tmp4p2fcp1q', '--error-file', '/tmp/tmp5vb7svwd']
[2021-07-20 16:31:40,459] {standard_task_runner.py:77} INFO - Job 262: Subtask processing_tasks.training_model_c
[2021-07-20 16:31:40,646] {logging_mixin.py:104} INFO - Running <TaskInstance: xcom_dag.processing_tasks.training_model_c 2021-07-20T16:31:35.069600+00:00 [running]> on host airflowvm
[2021-07-20 16:31:40,874] {taskinstance.py:1280} INFO - Exporting the following env vars:
AIRFLOW_CTX_DAG_OWNER=airflow
AIRFLOW_CTX_DAG_ID=xcom_dag
AIRFLOW_CTX_TASK_ID=processing_tasks.training_model_c
AIRFLOW_CTX_EXECUTION_DATE=2021-07-20T16:31:35.069600+00:00
AIRFLOW_CTX_DAG_RUN_ID=manual__2021-07-20T16:31:35.069600+00:00
[2021-07-20 16:31:40,875] {logging_mixin.py:104} INFO - model's accuracy: 8.349312085340538
[2021-07-20 16:31:40,950] {python.py:151} INFO - Done. Returned value was: None
[2021-07-20 16:31:40,992] {taskinstance.py:1184} INFO - Marking task as SUCCESS. dag_id=xcom_dag, task_id=processing_tasks.training_model_c, execution_date=20210720T163135, start_date=20210720T163140, end_date=20210720T163140
[2021-07-20 16:31:41,096] {taskinstance.py:1245} INFO - 0 downstream tasks scheduled from follow-on schedule check
[2021-07-20 16:31:41,118] {local_task_job.py:151} INFO - Task exited with return code 0
