[2021-07-19 20:32:48,883] {taskinstance.py:876} INFO - Dependencies all met for <TaskInstance: parallel_dag.task1 2020-01-10T00:00:00+00:00 [queued]>
[2021-07-19 20:32:49,386] {taskinstance.py:876} INFO - Dependencies all met for <TaskInstance: parallel_dag.task1 2020-01-10T00:00:00+00:00 [queued]>
[2021-07-19 20:32:49,387] {taskinstance.py:1067} INFO - 
--------------------------------------------------------------------------------
[2021-07-19 20:32:49,387] {taskinstance.py:1068} INFO - Starting attempt 1 of 1
[2021-07-19 20:32:49,403] {taskinstance.py:1069} INFO - 
--------------------------------------------------------------------------------
[2021-07-19 20:32:49,705] {taskinstance.py:1087} INFO - Executing <Task(BashOperator): task1> on 2020-01-10T00:00:00+00:00
[2021-07-19 20:32:49,809] {standard_task_runner.py:52} INFO - Started process 7200 to run task
[2021-07-19 20:32:50,036] {standard_task_runner.py:76} INFO - Running: ['airflow', 'tasks', 'run', 'parallel_dag', 'task1', '2020-01-10T00:00:00+00:00', '--job-id', '73', '--pool', 'default_pool', '--raw', '--subdir', 'DAGS_FOLDER/parallel_dag.py', '--cfg-path', '/tmp/tmpe03ip84_', '--error-file', '/tmp/tmp3hybutt2']
[2021-07-19 20:32:50,094] {standard_task_runner.py:77} INFO - Job 73: Subtask task1
[2021-07-19 20:32:51,906] {logging_mixin.py:104} INFO - Running <TaskInstance: parallel_dag.task1 2020-01-10T00:00:00+00:00 [running]> on host airflowvm
[2021-07-19 20:32:53,349] {taskinstance.py:1280} INFO - Exporting the following env vars:
AIRFLOW_CTX_DAG_OWNER=airflow
AIRFLOW_CTX_DAG_ID=parallel_dag
AIRFLOW_CTX_TASK_ID=task1
AIRFLOW_CTX_EXECUTION_DATE=2020-01-10T00:00:00+00:00
AIRFLOW_CTX_DAG_RUN_ID=scheduled__2020-01-10T00:00:00+00:00
[2021-07-19 20:32:53,351] {subprocess.py:52} INFO - Tmp dir root location: 
 /tmp
[2021-07-19 20:32:53,368] {subprocess.py:63} INFO - Running command: ['bash', '-c', 'sleep 3']
[2021-07-19 20:32:53,500] {subprocess.py:75} INFO - Output:
[2021-07-19 20:32:56,547] {subprocess.py:83} INFO - Command exited with return code 0
[2021-07-19 20:32:57,073] {taskinstance.py:1184} INFO - Marking task as SUCCESS. dag_id=parallel_dag, task_id=task1, execution_date=20200110T000000, start_date=20210719T203248, end_date=20210719T203257
[2021-07-19 20:32:58,984] {taskinstance.py:1245} INFO - 0 downstream tasks scheduled from follow-on schedule check
[2021-07-19 20:32:59,075] {local_task_job.py:151} INFO - Task exited with return code 0
