[2021-07-15 20:37:37,830] {scheduler_job.py:182} INFO - Started process (PID=16730) to work on /home/airflow/airflow/dags/parallel_dag.py
[2021-07-15 20:37:37,831] {scheduler_job.py:633} INFO - Processing file /home/airflow/airflow/dags/parallel_dag.py for tasks to queue
[2021-07-15 20:37:37,832] {logging_mixin.py:104} INFO - [2021-07-15 20:37:37,832] {dagbag.py:487} INFO - Filling up the DagBag from /home/airflow/airflow/dags/parallel_dag.py
[2021-07-15 20:37:37,841] {logging_mixin.py:104} INFO - [2021-07-15 20:37:37,840] {dagbag.py:320} ERROR - Failed to import: /home/airflow/airflow/dags/parallel_dag.py
Traceback (most recent call last):
  File "/home/airflow/sandbox/lib/python3.8/site-packages/airflow/models/dagbag.py", line 317, in _load_modules_from_file
    loader.exec_module(new_module)
  File "<frozen importlib._bootstrap_external>", line 848, in exec_module
  File "<frozen importlib._bootstrap>", line 219, in _call_with_frames_removed
  File "/home/airflow/airflow/dags/parallel_dag.py", line 12, in <module>
    with DAG('parallel_dag', schedule_interval ='@daily',
TypeError: __init__() got an unexpected keyword argument 'catup'
[2021-07-15 20:37:37,842] {scheduler_job.py:645} WARNING - No viable dags retrieved from /home/airflow/airflow/dags/parallel_dag.py
[2021-07-15 20:37:37,861] {scheduler_job.py:190} INFO - Processing /home/airflow/airflow/dags/parallel_dag.py took 0.033 seconds
[2021-07-15 20:38:08,669] {scheduler_job.py:182} INFO - Started process (PID=16763) to work on /home/airflow/airflow/dags/parallel_dag.py
[2021-07-15 20:38:08,671] {scheduler_job.py:633} INFO - Processing file /home/airflow/airflow/dags/parallel_dag.py for tasks to queue
[2021-07-15 20:38:08,672] {logging_mixin.py:104} INFO - [2021-07-15 20:38:08,672] {dagbag.py:487} INFO - Filling up the DagBag from /home/airflow/airflow/dags/parallel_dag.py
[2021-07-15 20:38:08,690] {logging_mixin.py:104} INFO - [2021-07-15 20:38:08,689] {dagbag.py:320} ERROR - Failed to import: /home/airflow/airflow/dags/parallel_dag.py
Traceback (most recent call last):
  File "/home/airflow/sandbox/lib/python3.8/site-packages/airflow/models/dagbag.py", line 317, in _load_modules_from_file
    loader.exec_module(new_module)
  File "<frozen importlib._bootstrap_external>", line 848, in exec_module
  File "<frozen importlib._bootstrap>", line 219, in _call_with_frames_removed
  File "/home/airflow/airflow/dags/parallel_dag.py", line 12, in <module>
    with DAG('parallel_dag', schedule_interval ='@daily',
TypeError: __init__() got an unexpected keyword argument 'catup'
[2021-07-15 20:38:08,693] {scheduler_job.py:645} WARNING - No viable dags retrieved from /home/airflow/airflow/dags/parallel_dag.py
[2021-07-15 20:38:08,714] {scheduler_job.py:190} INFO - Processing /home/airflow/airflow/dags/parallel_dag.py took 0.048 seconds
[2021-07-15 20:38:40,901] {scheduler_job.py:182} INFO - Started process (PID=16793) to work on /home/airflow/airflow/dags/parallel_dag.py
[2021-07-15 20:38:40,903] {scheduler_job.py:633} INFO - Processing file /home/airflow/airflow/dags/parallel_dag.py for tasks to queue
[2021-07-15 20:38:40,904] {logging_mixin.py:104} INFO - [2021-07-15 20:38:40,904] {dagbag.py:487} INFO - Filling up the DagBag from /home/airflow/airflow/dags/parallel_dag.py
[2021-07-15 20:38:40,923] {scheduler_job.py:643} INFO - DAG(s) dict_keys(['parallel_dag']) retrieved from /home/airflow/airflow/dags/parallel_dag.py
[2021-07-15 20:38:41,606] {logging_mixin.py:104} INFO - [2021-07-15 20:38:41,605] {dag.py:1832} INFO - Sync 1 DAGs
[2021-07-15 20:38:41,612] {logging_mixin.py:104} INFO - [2021-07-15 20:38:41,612] {dag.py:1851} INFO - Creating ORM DAG for parallel_dag
[2021-07-15 20:38:41,619] {logging_mixin.py:104} INFO - [2021-07-15 20:38:41,619] {dag.py:2305} INFO - Setting next_dagrun for parallel_dag to 2021-07-14 00:00:00+00:00
[2021-07-15 20:38:41,638] {scheduler_job.py:190} INFO - Processing /home/airflow/airflow/dags/parallel_dag.py took 0.739 seconds
[2021-07-15 20:39:12,304] {scheduler_job.py:182} INFO - Started process (PID=16821) to work on /home/airflow/airflow/dags/parallel_dag.py
[2021-07-15 20:39:12,307] {scheduler_job.py:633} INFO - Processing file /home/airflow/airflow/dags/parallel_dag.py for tasks to queue
[2021-07-15 20:39:12,308] {logging_mixin.py:104} INFO - [2021-07-15 20:39:12,308] {dagbag.py:487} INFO - Filling up the DagBag from /home/airflow/airflow/dags/parallel_dag.py
[2021-07-15 20:39:12,319] {scheduler_job.py:643} INFO - DAG(s) dict_keys(['parallel_dag']) retrieved from /home/airflow/airflow/dags/parallel_dag.py
[2021-07-15 20:39:12,331] {logging_mixin.py:104} INFO - [2021-07-15 20:39:12,330] {dag.py:1832} INFO - Sync 1 DAGs
[2021-07-15 20:39:12,345] {logging_mixin.py:104} INFO - [2021-07-15 20:39:12,345] {dag.py:2305} INFO - Setting next_dagrun for parallel_dag to 2021-07-14 00:00:00+00:00
[2021-07-15 20:39:12,361] {scheduler_job.py:190} INFO - Processing /home/airflow/airflow/dags/parallel_dag.py took 0.059 seconds
[2021-07-15 20:40:06,232] {scheduler_job.py:182} INFO - Started process (PID=16868) to work on /home/airflow/airflow/dags/parallel_dag.py
[2021-07-15 20:40:06,234] {scheduler_job.py:633} INFO - Processing file /home/airflow/airflow/dags/parallel_dag.py for tasks to queue
[2021-07-15 20:40:06,235] {logging_mixin.py:104} INFO - [2021-07-15 20:40:06,235] {dagbag.py:487} INFO - Filling up the DagBag from /home/airflow/airflow/dags/parallel_dag.py
[2021-07-15 20:40:06,248] {scheduler_job.py:643} INFO - DAG(s) dict_keys(['parallel_dag']) retrieved from /home/airflow/airflow/dags/parallel_dag.py
[2021-07-15 20:40:06,264] {logging_mixin.py:104} INFO - [2021-07-15 20:40:06,264] {dag.py:1832} INFO - Sync 1 DAGs
[2021-07-15 20:40:06,278] {logging_mixin.py:104} INFO - [2021-07-15 20:40:06,278] {dag.py:2305} INFO - Setting next_dagrun for parallel_dag to 2021-07-15 00:00:00+00:00
[2021-07-15 20:40:06,300] {scheduler_job.py:190} INFO - Processing /home/airflow/airflow/dags/parallel_dag.py took 0.070 seconds
[2021-07-15 20:40:40,673] {scheduler_job.py:182} INFO - Started process (PID=16901) to work on /home/airflow/airflow/dags/parallel_dag.py
[2021-07-15 20:40:40,675] {scheduler_job.py:633} INFO - Processing file /home/airflow/airflow/dags/parallel_dag.py for tasks to queue
[2021-07-15 20:40:40,676] {logging_mixin.py:104} INFO - [2021-07-15 20:40:40,676] {dagbag.py:487} INFO - Filling up the DagBag from /home/airflow/airflow/dags/parallel_dag.py
[2021-07-15 20:40:40,689] {scheduler_job.py:643} INFO - DAG(s) dict_keys(['parallel_dag']) retrieved from /home/airflow/airflow/dags/parallel_dag.py
[2021-07-15 20:40:40,710] {logging_mixin.py:104} INFO - [2021-07-15 20:40:40,710] {dag.py:1832} INFO - Sync 1 DAGs
[2021-07-15 20:40:40,728] {logging_mixin.py:104} INFO - [2021-07-15 20:40:40,728] {dag.py:2305} INFO - Setting next_dagrun for parallel_dag to 2021-07-15 00:00:00+00:00
[2021-07-15 20:40:40,752] {scheduler_job.py:190} INFO - Processing /home/airflow/airflow/dags/parallel_dag.py took 0.081 seconds
[2021-07-15 20:41:16,883] {scheduler_job.py:182} INFO - Started process (PID=16934) to work on /home/airflow/airflow/dags/parallel_dag.py
[2021-07-15 20:41:16,886] {scheduler_job.py:633} INFO - Processing file /home/airflow/airflow/dags/parallel_dag.py for tasks to queue
[2021-07-15 20:41:16,887] {logging_mixin.py:104} INFO - [2021-07-15 20:41:16,887] {dagbag.py:487} INFO - Filling up the DagBag from /home/airflow/airflow/dags/parallel_dag.py
[2021-07-15 20:41:16,909] {scheduler_job.py:643} INFO - DAG(s) dict_keys(['parallel_dag']) retrieved from /home/airflow/airflow/dags/parallel_dag.py
[2021-07-15 20:41:16,936] {logging_mixin.py:104} INFO - [2021-07-15 20:41:16,936] {dag.py:1832} INFO - Sync 1 DAGs
[2021-07-15 20:41:16,955] {logging_mixin.py:104} INFO - [2021-07-15 20:41:16,955] {dag.py:2305} INFO - Setting next_dagrun for parallel_dag to 2021-07-15 00:00:00+00:00
[2021-07-15 20:41:16,980] {scheduler_job.py:190} INFO - Processing /home/airflow/airflow/dags/parallel_dag.py took 0.103 seconds
[2021-07-15 20:41:58,193] {scheduler_job.py:182} INFO - Started process (PID=16967) to work on /home/airflow/airflow/dags/parallel_dag.py
[2021-07-15 20:41:58,194] {scheduler_job.py:633} INFO - Processing file /home/airflow/airflow/dags/parallel_dag.py for tasks to queue
[2021-07-15 20:41:58,198] {logging_mixin.py:104} INFO - [2021-07-15 20:41:58,198] {dagbag.py:487} INFO - Filling up the DagBag from /home/airflow/airflow/dags/parallel_dag.py
[2021-07-15 20:41:58,230] {scheduler_job.py:643} INFO - DAG(s) dict_keys(['parallel_dag']) retrieved from /home/airflow/airflow/dags/parallel_dag.py
[2021-07-15 20:41:58,257] {logging_mixin.py:104} INFO - [2021-07-15 20:41:58,257] {dag.py:1832} INFO - Sync 1 DAGs
[2021-07-15 20:41:58,272] {logging_mixin.py:104} INFO - [2021-07-15 20:41:58,272] {dag.py:2305} INFO - Setting next_dagrun for parallel_dag to 2021-07-15 00:00:00+00:00
[2021-07-15 20:41:58,290] {scheduler_job.py:190} INFO - Processing /home/airflow/airflow/dags/parallel_dag.py took 0.100 seconds
[2021-07-15 20:42:29,492] {scheduler_job.py:182} INFO - Started process (PID=16996) to work on /home/airflow/airflow/dags/parallel_dag.py
[2021-07-15 20:42:29,495] {scheduler_job.py:633} INFO - Processing file /home/airflow/airflow/dags/parallel_dag.py for tasks to queue
[2021-07-15 20:42:29,497] {logging_mixin.py:104} INFO - [2021-07-15 20:42:29,497] {dagbag.py:487} INFO - Filling up the DagBag from /home/airflow/airflow/dags/parallel_dag.py
[2021-07-15 20:42:29,514] {scheduler_job.py:643} INFO - DAG(s) dict_keys(['parallel_dag']) retrieved from /home/airflow/airflow/dags/parallel_dag.py
[2021-07-15 20:42:29,529] {logging_mixin.py:104} INFO - [2021-07-15 20:42:29,529] {dag.py:1832} INFO - Sync 1 DAGs
[2021-07-15 20:42:29,548] {logging_mixin.py:104} INFO - [2021-07-15 20:42:29,548] {dag.py:2305} INFO - Setting next_dagrun for parallel_dag to 2021-07-15 00:00:00+00:00
[2021-07-15 20:42:29,564] {scheduler_job.py:190} INFO - Processing /home/airflow/airflow/dags/parallel_dag.py took 0.080 seconds
[2021-07-15 20:43:03,730] {scheduler_job.py:182} INFO - Started process (PID=17022) to work on /home/airflow/airflow/dags/parallel_dag.py
[2021-07-15 20:43:03,732] {scheduler_job.py:633} INFO - Processing file /home/airflow/airflow/dags/parallel_dag.py for tasks to queue
[2021-07-15 20:43:03,733] {logging_mixin.py:104} INFO - [2021-07-15 20:43:03,733] {dagbag.py:487} INFO - Filling up the DagBag from /home/airflow/airflow/dags/parallel_dag.py
[2021-07-15 20:43:03,747] {scheduler_job.py:643} INFO - DAG(s) dict_keys(['parallel_dag']) retrieved from /home/airflow/airflow/dags/parallel_dag.py
[2021-07-15 20:43:03,763] {logging_mixin.py:104} INFO - [2021-07-15 20:43:03,763] {dag.py:1832} INFO - Sync 1 DAGs
[2021-07-15 20:43:03,777] {logging_mixin.py:104} INFO - [2021-07-15 20:43:03,777] {dag.py:2305} INFO - Setting next_dagrun for parallel_dag to 2021-07-15 00:00:00+00:00
[2021-07-15 20:43:03,801] {scheduler_job.py:190} INFO - Processing /home/airflow/airflow/dags/parallel_dag.py took 0.073 seconds
[2021-07-15 20:43:35,222] {scheduler_job.py:182} INFO - Started process (PID=17053) to work on /home/airflow/airflow/dags/parallel_dag.py
[2021-07-15 20:43:35,223] {scheduler_job.py:633} INFO - Processing file /home/airflow/airflow/dags/parallel_dag.py for tasks to queue
[2021-07-15 20:43:35,224] {logging_mixin.py:104} INFO - [2021-07-15 20:43:35,224] {dagbag.py:487} INFO - Filling up the DagBag from /home/airflow/airflow/dags/parallel_dag.py
[2021-07-15 20:43:35,236] {scheduler_job.py:643} INFO - DAG(s) dict_keys(['parallel_dag']) retrieved from /home/airflow/airflow/dags/parallel_dag.py
[2021-07-15 20:43:35,247] {logging_mixin.py:104} INFO - [2021-07-15 20:43:35,247] {dag.py:1832} INFO - Sync 1 DAGs
[2021-07-15 20:43:35,259] {logging_mixin.py:104} INFO - [2021-07-15 20:43:35,259] {dag.py:2305} INFO - Setting next_dagrun for parallel_dag to 2021-07-15 00:00:00+00:00
[2021-07-15 20:43:35,280] {scheduler_job.py:190} INFO - Processing /home/airflow/airflow/dags/parallel_dag.py took 0.061 seconds
[2021-07-15 20:44:05,360] {scheduler_job.py:182} INFO - Started process (PID=17081) to work on /home/airflow/airflow/dags/parallel_dag.py
[2021-07-15 20:44:05,362] {scheduler_job.py:633} INFO - Processing file /home/airflow/airflow/dags/parallel_dag.py for tasks to queue
[2021-07-15 20:44:05,363] {logging_mixin.py:104} INFO - [2021-07-15 20:44:05,363] {dagbag.py:487} INFO - Filling up the DagBag from /home/airflow/airflow/dags/parallel_dag.py
[2021-07-15 20:44:05,377] {scheduler_job.py:643} INFO - DAG(s) dict_keys(['parallel_dag']) retrieved from /home/airflow/airflow/dags/parallel_dag.py
[2021-07-15 20:44:05,391] {logging_mixin.py:104} INFO - [2021-07-15 20:44:05,391] {dag.py:1832} INFO - Sync 1 DAGs
[2021-07-15 20:44:05,404] {logging_mixin.py:104} INFO - [2021-07-15 20:44:05,404] {dag.py:2305} INFO - Setting next_dagrun for parallel_dag to 2021-07-15 00:00:00+00:00
[2021-07-15 20:44:05,416] {scheduler_job.py:190} INFO - Processing /home/airflow/airflow/dags/parallel_dag.py took 0.059 seconds
[2021-07-15 20:44:40,332] {scheduler_job.py:182} INFO - Started process (PID=17114) to work on /home/airflow/airflow/dags/parallel_dag.py
[2021-07-15 20:44:40,334] {scheduler_job.py:633} INFO - Processing file /home/airflow/airflow/dags/parallel_dag.py for tasks to queue
[2021-07-15 20:44:40,335] {logging_mixin.py:104} INFO - [2021-07-15 20:44:40,334] {dagbag.py:487} INFO - Filling up the DagBag from /home/airflow/airflow/dags/parallel_dag.py
[2021-07-15 20:44:40,347] {scheduler_job.py:643} INFO - DAG(s) dict_keys(['parallel_dag']) retrieved from /home/airflow/airflow/dags/parallel_dag.py
[2021-07-15 20:44:40,358] {logging_mixin.py:104} INFO - [2021-07-15 20:44:40,358] {dag.py:1832} INFO - Sync 1 DAGs
[2021-07-15 20:44:40,369] {logging_mixin.py:104} INFO - [2021-07-15 20:44:40,369] {dag.py:2305} INFO - Setting next_dagrun for parallel_dag to 2021-07-15 00:00:00+00:00
[2021-07-15 20:44:40,387] {scheduler_job.py:190} INFO - Processing /home/airflow/airflow/dags/parallel_dag.py took 0.057 seconds
[2021-07-15 20:45:12,012] {scheduler_job.py:182} INFO - Started process (PID=17145) to work on /home/airflow/airflow/dags/parallel_dag.py
[2021-07-15 20:45:12,013] {scheduler_job.py:633} INFO - Processing file /home/airflow/airflow/dags/parallel_dag.py for tasks to queue
[2021-07-15 20:45:12,014] {logging_mixin.py:104} INFO - [2021-07-15 20:45:12,014] {dagbag.py:487} INFO - Filling up the DagBag from /home/airflow/airflow/dags/parallel_dag.py
[2021-07-15 20:45:12,026] {scheduler_job.py:643} INFO - DAG(s) dict_keys(['parallel_dag']) retrieved from /home/airflow/airflow/dags/parallel_dag.py
[2021-07-15 20:45:12,042] {logging_mixin.py:104} INFO - [2021-07-15 20:45:12,042] {dag.py:1832} INFO - Sync 1 DAGs
[2021-07-15 20:45:12,055] {logging_mixin.py:104} INFO - [2021-07-15 20:45:12,055] {dag.py:2305} INFO - Setting next_dagrun for parallel_dag to 2021-07-15 00:00:00+00:00
[2021-07-15 20:45:12,076] {scheduler_job.py:190} INFO - Processing /home/airflow/airflow/dags/parallel_dag.py took 0.067 seconds
[2021-07-15 20:45:43,704] {scheduler_job.py:182} INFO - Started process (PID=17175) to work on /home/airflow/airflow/dags/parallel_dag.py
[2021-07-15 20:45:43,705] {scheduler_job.py:633} INFO - Processing file /home/airflow/airflow/dags/parallel_dag.py for tasks to queue
[2021-07-15 20:45:43,706] {logging_mixin.py:104} INFO - [2021-07-15 20:45:43,706] {dagbag.py:487} INFO - Filling up the DagBag from /home/airflow/airflow/dags/parallel_dag.py
[2021-07-15 20:45:43,723] {scheduler_job.py:643} INFO - DAG(s) dict_keys(['parallel_dag']) retrieved from /home/airflow/airflow/dags/parallel_dag.py
[2021-07-15 20:45:43,735] {logging_mixin.py:104} INFO - [2021-07-15 20:45:43,734] {dag.py:1832} INFO - Sync 1 DAGs
[2021-07-15 20:45:43,748] {logging_mixin.py:104} INFO - [2021-07-15 20:45:43,748] {dag.py:2305} INFO - Setting next_dagrun for parallel_dag to 2021-07-15 00:00:00+00:00
[2021-07-15 20:45:43,771] {scheduler_job.py:190} INFO - Processing /home/airflow/airflow/dags/parallel_dag.py took 0.070 seconds
[2021-07-15 20:46:14,697] {scheduler_job.py:182} INFO - Started process (PID=17205) to work on /home/airflow/airflow/dags/parallel_dag.py
[2021-07-15 20:46:14,698] {scheduler_job.py:633} INFO - Processing file /home/airflow/airflow/dags/parallel_dag.py for tasks to queue
[2021-07-15 20:46:14,699] {logging_mixin.py:104} INFO - [2021-07-15 20:46:14,699] {dagbag.py:487} INFO - Filling up the DagBag from /home/airflow/airflow/dags/parallel_dag.py
[2021-07-15 20:46:14,711] {scheduler_job.py:643} INFO - DAG(s) dict_keys(['parallel_dag']) retrieved from /home/airflow/airflow/dags/parallel_dag.py
[2021-07-15 20:46:14,722] {logging_mixin.py:104} INFO - [2021-07-15 20:46:14,722] {dag.py:1832} INFO - Sync 1 DAGs
[2021-07-15 20:46:14,733] {logging_mixin.py:104} INFO - [2021-07-15 20:46:14,733] {dag.py:2305} INFO - Setting next_dagrun for parallel_dag to 2021-07-15 00:00:00+00:00
[2021-07-15 20:46:14,747] {scheduler_job.py:190} INFO - Processing /home/airflow/airflow/dags/parallel_dag.py took 0.053 seconds
[2021-07-15 20:46:45,882] {scheduler_job.py:182} INFO - Started process (PID=17236) to work on /home/airflow/airflow/dags/parallel_dag.py
[2021-07-15 20:46:45,884] {scheduler_job.py:633} INFO - Processing file /home/airflow/airflow/dags/parallel_dag.py for tasks to queue
[2021-07-15 20:46:45,885] {logging_mixin.py:104} INFO - [2021-07-15 20:46:45,885] {dagbag.py:487} INFO - Filling up the DagBag from /home/airflow/airflow/dags/parallel_dag.py
[2021-07-15 20:46:45,896] {scheduler_job.py:643} INFO - DAG(s) dict_keys(['parallel_dag']) retrieved from /home/airflow/airflow/dags/parallel_dag.py
[2021-07-15 20:46:45,908] {logging_mixin.py:104} INFO - [2021-07-15 20:46:45,908] {dag.py:1832} INFO - Sync 1 DAGs
[2021-07-15 20:46:45,920] {logging_mixin.py:104} INFO - [2021-07-15 20:46:45,920] {dag.py:2305} INFO - Setting next_dagrun for parallel_dag to 2021-07-15 00:00:00+00:00
[2021-07-15 20:46:45,932] {scheduler_job.py:190} INFO - Processing /home/airflow/airflow/dags/parallel_dag.py took 0.053 seconds
[2021-07-15 20:47:18,929] {scheduler_job.py:182} INFO - Started process (PID=17268) to work on /home/airflow/airflow/dags/parallel_dag.py
[2021-07-15 20:47:18,930] {scheduler_job.py:633} INFO - Processing file /home/airflow/airflow/dags/parallel_dag.py for tasks to queue
[2021-07-15 20:47:18,931] {logging_mixin.py:104} INFO - [2021-07-15 20:47:18,931] {dagbag.py:487} INFO - Filling up the DagBag from /home/airflow/airflow/dags/parallel_dag.py
[2021-07-15 20:47:18,943] {scheduler_job.py:643} INFO - DAG(s) dict_keys(['parallel_dag']) retrieved from /home/airflow/airflow/dags/parallel_dag.py
[2021-07-15 20:47:18,956] {logging_mixin.py:104} INFO - [2021-07-15 20:47:18,956] {dag.py:1832} INFO - Sync 1 DAGs
[2021-07-15 20:47:18,968] {logging_mixin.py:104} INFO - [2021-07-15 20:47:18,968] {dag.py:2305} INFO - Setting next_dagrun for parallel_dag to 2021-07-15 00:00:00+00:00
[2021-07-15 20:47:18,989] {scheduler_job.py:190} INFO - Processing /home/airflow/airflow/dags/parallel_dag.py took 0.063 seconds
[2021-07-15 20:47:52,366] {scheduler_job.py:182} INFO - Started process (PID=17301) to work on /home/airflow/airflow/dags/parallel_dag.py
[2021-07-15 20:47:52,367] {scheduler_job.py:633} INFO - Processing file /home/airflow/airflow/dags/parallel_dag.py for tasks to queue
[2021-07-15 20:47:52,368] {logging_mixin.py:104} INFO - [2021-07-15 20:47:52,368] {dagbag.py:487} INFO - Filling up the DagBag from /home/airflow/airflow/dags/parallel_dag.py
[2021-07-15 20:47:52,380] {scheduler_job.py:643} INFO - DAG(s) dict_keys(['parallel_dag']) retrieved from /home/airflow/airflow/dags/parallel_dag.py
[2021-07-15 20:47:52,392] {logging_mixin.py:104} INFO - [2021-07-15 20:47:52,392] {dag.py:1832} INFO - Sync 1 DAGs
[2021-07-15 20:47:52,404] {logging_mixin.py:104} INFO - [2021-07-15 20:47:52,404] {dag.py:2305} INFO - Setting next_dagrun for parallel_dag to 2021-07-15 00:00:00+00:00
[2021-07-15 20:47:52,425] {scheduler_job.py:190} INFO - Processing /home/airflow/airflow/dags/parallel_dag.py took 0.062 seconds
[2021-07-15 20:48:26,317] {scheduler_job.py:182} INFO - Started process (PID=17334) to work on /home/airflow/airflow/dags/parallel_dag.py
[2021-07-15 20:48:26,319] {scheduler_job.py:633} INFO - Processing file /home/airflow/airflow/dags/parallel_dag.py for tasks to queue
[2021-07-15 20:48:26,320] {logging_mixin.py:104} INFO - [2021-07-15 20:48:26,320] {dagbag.py:487} INFO - Filling up the DagBag from /home/airflow/airflow/dags/parallel_dag.py
[2021-07-15 20:48:26,331] {scheduler_job.py:643} INFO - DAG(s) dict_keys(['parallel_dag']) retrieved from /home/airflow/airflow/dags/parallel_dag.py
[2021-07-15 20:48:26,343] {logging_mixin.py:104} INFO - [2021-07-15 20:48:26,343] {dag.py:1832} INFO - Sync 1 DAGs
[2021-07-15 20:48:26,355] {logging_mixin.py:104} INFO - [2021-07-15 20:48:26,355] {dag.py:2305} INFO - Setting next_dagrun for parallel_dag to 2021-07-15 00:00:00+00:00
[2021-07-15 20:48:26,376] {scheduler_job.py:190} INFO - Processing /home/airflow/airflow/dags/parallel_dag.py took 0.061 seconds
[2021-07-15 20:48:57,176] {scheduler_job.py:182} INFO - Started process (PID=17365) to work on /home/airflow/airflow/dags/parallel_dag.py
[2021-07-15 20:48:57,178] {scheduler_job.py:633} INFO - Processing file /home/airflow/airflow/dags/parallel_dag.py for tasks to queue
[2021-07-15 20:48:57,179] {logging_mixin.py:104} INFO - [2021-07-15 20:48:57,179] {dagbag.py:487} INFO - Filling up the DagBag from /home/airflow/airflow/dags/parallel_dag.py
[2021-07-15 20:48:57,191] {scheduler_job.py:643} INFO - DAG(s) dict_keys(['parallel_dag']) retrieved from /home/airflow/airflow/dags/parallel_dag.py
[2021-07-15 20:48:57,202] {logging_mixin.py:104} INFO - [2021-07-15 20:48:57,202] {dag.py:1832} INFO - Sync 1 DAGs
[2021-07-15 20:48:57,214] {logging_mixin.py:104} INFO - [2021-07-15 20:48:57,214] {dag.py:2305} INFO - Setting next_dagrun for parallel_dag to 2021-07-15 00:00:00+00:00
[2021-07-15 20:48:57,236] {scheduler_job.py:190} INFO - Processing /home/airflow/airflow/dags/parallel_dag.py took 0.062 seconds
[2021-07-15 20:49:30,291] {scheduler_job.py:182} INFO - Started process (PID=17396) to work on /home/airflow/airflow/dags/parallel_dag.py
[2021-07-15 20:49:30,292] {scheduler_job.py:633} INFO - Processing file /home/airflow/airflow/dags/parallel_dag.py for tasks to queue
[2021-07-15 20:49:30,293] {logging_mixin.py:104} INFO - [2021-07-15 20:49:30,293] {dagbag.py:487} INFO - Filling up the DagBag from /home/airflow/airflow/dags/parallel_dag.py
[2021-07-15 20:49:30,306] {scheduler_job.py:643} INFO - DAG(s) dict_keys(['parallel_dag']) retrieved from /home/airflow/airflow/dags/parallel_dag.py
[2021-07-15 20:49:30,319] {logging_mixin.py:104} INFO - [2021-07-15 20:49:30,319] {dag.py:1832} INFO - Sync 1 DAGs
[2021-07-15 20:49:30,331] {logging_mixin.py:104} INFO - [2021-07-15 20:49:30,331] {dag.py:2305} INFO - Setting next_dagrun for parallel_dag to 2021-07-15 00:00:00+00:00
[2021-07-15 20:49:30,352] {scheduler_job.py:190} INFO - Processing /home/airflow/airflow/dags/parallel_dag.py took 0.064 seconds
[2021-07-15 20:50:02,682] {scheduler_job.py:182} INFO - Started process (PID=17428) to work on /home/airflow/airflow/dags/parallel_dag.py
[2021-07-15 20:50:02,684] {scheduler_job.py:633} INFO - Processing file /home/airflow/airflow/dags/parallel_dag.py for tasks to queue
[2021-07-15 20:50:02,684] {logging_mixin.py:104} INFO - [2021-07-15 20:50:02,684] {dagbag.py:487} INFO - Filling up the DagBag from /home/airflow/airflow/dags/parallel_dag.py
[2021-07-15 20:50:02,696] {scheduler_job.py:643} INFO - DAG(s) dict_keys(['parallel_dag']) retrieved from /home/airflow/airflow/dags/parallel_dag.py
[2021-07-15 20:50:02,707] {logging_mixin.py:104} INFO - [2021-07-15 20:50:02,707] {dag.py:1832} INFO - Sync 1 DAGs
[2021-07-15 20:50:02,720] {logging_mixin.py:104} INFO - [2021-07-15 20:50:02,719] {dag.py:2305} INFO - Setting next_dagrun for parallel_dag to 2021-07-15 00:00:00+00:00
[2021-07-15 20:50:02,740] {scheduler_job.py:190} INFO - Processing /home/airflow/airflow/dags/parallel_dag.py took 0.061 seconds
[2021-07-15 20:50:34,251] {scheduler_job.py:182} INFO - Started process (PID=17460) to work on /home/airflow/airflow/dags/parallel_dag.py
[2021-07-15 20:50:34,253] {scheduler_job.py:633} INFO - Processing file /home/airflow/airflow/dags/parallel_dag.py for tasks to queue
[2021-07-15 20:50:34,254] {logging_mixin.py:104} INFO - [2021-07-15 20:50:34,253] {dagbag.py:487} INFO - Filling up the DagBag from /home/airflow/airflow/dags/parallel_dag.py
[2021-07-15 20:50:34,265] {scheduler_job.py:643} INFO - DAG(s) dict_keys(['parallel_dag']) retrieved from /home/airflow/airflow/dags/parallel_dag.py
[2021-07-15 20:50:34,276] {logging_mixin.py:104} INFO - [2021-07-15 20:50:34,276] {dag.py:1832} INFO - Sync 1 DAGs
[2021-07-15 20:50:34,288] {logging_mixin.py:104} INFO - [2021-07-15 20:50:34,288] {dag.py:2305} INFO - Setting next_dagrun for parallel_dag to 2021-07-15 00:00:00+00:00
[2021-07-15 20:50:34,310] {scheduler_job.py:190} INFO - Processing /home/airflow/airflow/dags/parallel_dag.py took 0.063 seconds
[2021-07-15 20:51:08,913] {scheduler_job.py:182} INFO - Started process (PID=17493) to work on /home/airflow/airflow/dags/parallel_dag.py
[2021-07-15 20:51:08,914] {scheduler_job.py:633} INFO - Processing file /home/airflow/airflow/dags/parallel_dag.py for tasks to queue
[2021-07-15 20:51:08,915] {logging_mixin.py:104} INFO - [2021-07-15 20:51:08,915] {dagbag.py:487} INFO - Filling up the DagBag from /home/airflow/airflow/dags/parallel_dag.py
[2021-07-15 20:51:08,926] {scheduler_job.py:643} INFO - DAG(s) dict_keys(['parallel_dag']) retrieved from /home/airflow/airflow/dags/parallel_dag.py
[2021-07-15 20:51:08,939] {logging_mixin.py:104} INFO - [2021-07-15 20:51:08,938] {dag.py:1832} INFO - Sync 1 DAGs
[2021-07-15 20:51:08,952] {logging_mixin.py:104} INFO - [2021-07-15 20:51:08,952] {dag.py:2305} INFO - Setting next_dagrun for parallel_dag to 2021-07-15 00:00:00+00:00
[2021-07-15 20:51:08,967] {scheduler_job.py:190} INFO - Processing /home/airflow/airflow/dags/parallel_dag.py took 0.057 seconds
[2021-07-15 20:51:41,198] {scheduler_job.py:182} INFO - Started process (PID=17525) to work on /home/airflow/airflow/dags/parallel_dag.py
[2021-07-15 20:51:41,200] {scheduler_job.py:633} INFO - Processing file /home/airflow/airflow/dags/parallel_dag.py for tasks to queue
[2021-07-15 20:51:41,201] {logging_mixin.py:104} INFO - [2021-07-15 20:51:41,200] {dagbag.py:487} INFO - Filling up the DagBag from /home/airflow/airflow/dags/parallel_dag.py
[2021-07-15 20:51:41,212] {scheduler_job.py:643} INFO - DAG(s) dict_keys(['parallel_dag']) retrieved from /home/airflow/airflow/dags/parallel_dag.py
[2021-07-15 20:51:41,223] {logging_mixin.py:104} INFO - [2021-07-15 20:51:41,223] {dag.py:1832} INFO - Sync 1 DAGs
[2021-07-15 20:51:41,235] {logging_mixin.py:104} INFO - [2021-07-15 20:51:41,235] {dag.py:2305} INFO - Setting next_dagrun for parallel_dag to 2021-07-15 00:00:00+00:00
[2021-07-15 20:51:41,257] {scheduler_job.py:190} INFO - Processing /home/airflow/airflow/dags/parallel_dag.py took 0.061 seconds
[2021-07-15 20:52:11,338] {scheduler_job.py:182} INFO - Started process (PID=17554) to work on /home/airflow/airflow/dags/parallel_dag.py
[2021-07-15 20:52:11,340] {scheduler_job.py:633} INFO - Processing file /home/airflow/airflow/dags/parallel_dag.py for tasks to queue
[2021-07-15 20:52:11,340] {logging_mixin.py:104} INFO - [2021-07-15 20:52:11,340] {dagbag.py:487} INFO - Filling up the DagBag from /home/airflow/airflow/dags/parallel_dag.py
[2021-07-15 20:52:11,352] {scheduler_job.py:643} INFO - DAG(s) dict_keys(['parallel_dag']) retrieved from /home/airflow/airflow/dags/parallel_dag.py
[2021-07-15 20:52:11,363] {logging_mixin.py:104} INFO - [2021-07-15 20:52:11,363] {dag.py:1832} INFO - Sync 1 DAGs
[2021-07-15 20:52:11,375] {logging_mixin.py:104} INFO - [2021-07-15 20:52:11,375] {dag.py:2305} INFO - Setting next_dagrun for parallel_dag to 2021-07-15 00:00:00+00:00
[2021-07-15 20:52:11,389] {scheduler_job.py:190} INFO - Processing /home/airflow/airflow/dags/parallel_dag.py took 0.054 seconds
[2021-07-15 20:52:46,217] {scheduler_job.py:182} INFO - Started process (PID=17588) to work on /home/airflow/airflow/dags/parallel_dag.py
[2021-07-15 20:52:46,219] {scheduler_job.py:633} INFO - Processing file /home/airflow/airflow/dags/parallel_dag.py for tasks to queue
[2021-07-15 20:52:46,220] {logging_mixin.py:104} INFO - [2021-07-15 20:52:46,220] {dagbag.py:487} INFO - Filling up the DagBag from /home/airflow/airflow/dags/parallel_dag.py
[2021-07-15 20:52:46,231] {scheduler_job.py:643} INFO - DAG(s) dict_keys(['parallel_dag']) retrieved from /home/airflow/airflow/dags/parallel_dag.py
[2021-07-15 20:52:46,243] {logging_mixin.py:104} INFO - [2021-07-15 20:52:46,243] {dag.py:1832} INFO - Sync 1 DAGs
[2021-07-15 20:52:46,254] {logging_mixin.py:104} INFO - [2021-07-15 20:52:46,254] {dag.py:2305} INFO - Setting next_dagrun for parallel_dag to 2021-07-15 00:00:00+00:00
[2021-07-15 20:52:46,276] {scheduler_job.py:190} INFO - Processing /home/airflow/airflow/dags/parallel_dag.py took 0.061 seconds
[2021-07-15 20:53:17,670] {scheduler_job.py:182} INFO - Started process (PID=17620) to work on /home/airflow/airflow/dags/parallel_dag.py
[2021-07-15 20:53:17,673] {scheduler_job.py:633} INFO - Processing file /home/airflow/airflow/dags/parallel_dag.py for tasks to queue
[2021-07-15 20:53:17,674] {logging_mixin.py:104} INFO - [2021-07-15 20:53:17,674] {dagbag.py:487} INFO - Filling up the DagBag from /home/airflow/airflow/dags/parallel_dag.py
[2021-07-15 20:53:17,693] {scheduler_job.py:643} INFO - DAG(s) dict_keys(['parallel_dag']) retrieved from /home/airflow/airflow/dags/parallel_dag.py
[2021-07-15 20:53:17,709] {logging_mixin.py:104} INFO - [2021-07-15 20:53:17,708] {dag.py:1832} INFO - Sync 1 DAGs
[2021-07-15 20:53:17,726] {logging_mixin.py:104} INFO - [2021-07-15 20:53:17,726] {dag.py:2305} INFO - Setting next_dagrun for parallel_dag to 2021-07-15 00:00:00+00:00
[2021-07-15 20:53:17,742] {scheduler_job.py:190} INFO - Processing /home/airflow/airflow/dags/parallel_dag.py took 0.078 seconds
[2021-07-15 20:53:52,829] {scheduler_job.py:182} INFO - Started process (PID=17629) to work on /home/airflow/airflow/dags/parallel_dag.py
[2021-07-15 20:53:52,832] {scheduler_job.py:633} INFO - Processing file /home/airflow/airflow/dags/parallel_dag.py for tasks to queue
[2021-07-15 20:53:52,834] {logging_mixin.py:104} INFO - [2021-07-15 20:53:52,834] {dagbag.py:487} INFO - Filling up the DagBag from /home/airflow/airflow/dags/parallel_dag.py
[2021-07-15 20:53:52,850] {scheduler_job.py:643} INFO - DAG(s) dict_keys(['parallel_dag']) retrieved from /home/airflow/airflow/dags/parallel_dag.py
[2021-07-15 20:53:52,865] {logging_mixin.py:104} INFO - [2021-07-15 20:53:52,865] {dag.py:1832} INFO - Sync 1 DAGs
[2021-07-15 20:53:52,879] {logging_mixin.py:104} INFO - [2021-07-15 20:53:52,879] {dag.py:2305} INFO - Setting next_dagrun for parallel_dag to 2021-07-15 00:00:00+00:00
[2021-07-15 20:53:52,901] {scheduler_job.py:190} INFO - Processing /home/airflow/airflow/dags/parallel_dag.py took 0.080 seconds
[2021-07-15 20:54:24,858] {scheduler_job.py:182} INFO - Started process (PID=17658) to work on /home/airflow/airflow/dags/parallel_dag.py
[2021-07-15 20:54:24,860] {scheduler_job.py:633} INFO - Processing file /home/airflow/airflow/dags/parallel_dag.py for tasks to queue
[2021-07-15 20:54:24,861] {logging_mixin.py:104} INFO - [2021-07-15 20:54:24,861] {dagbag.py:487} INFO - Filling up the DagBag from /home/airflow/airflow/dags/parallel_dag.py
[2021-07-15 20:54:24,875] {scheduler_job.py:643} INFO - DAG(s) dict_keys(['parallel_dag']) retrieved from /home/airflow/airflow/dags/parallel_dag.py
[2021-07-15 20:54:24,888] {logging_mixin.py:104} INFO - [2021-07-15 20:54:24,888] {dag.py:1832} INFO - Sync 1 DAGs
[2021-07-15 20:54:24,903] {logging_mixin.py:104} INFO - [2021-07-15 20:54:24,903] {dag.py:2305} INFO - Setting next_dagrun for parallel_dag to 2021-07-15 00:00:00+00:00
[2021-07-15 20:54:24,918] {scheduler_job.py:190} INFO - Processing /home/airflow/airflow/dags/parallel_dag.py took 0.063 seconds
[2021-07-15 20:55:02,269] {scheduler_job.py:182} INFO - Started process (PID=17691) to work on /home/airflow/airflow/dags/parallel_dag.py
[2021-07-15 20:55:02,271] {scheduler_job.py:633} INFO - Processing file /home/airflow/airflow/dags/parallel_dag.py for tasks to queue
[2021-07-15 20:55:02,272] {logging_mixin.py:104} INFO - [2021-07-15 20:55:02,272] {dagbag.py:487} INFO - Filling up the DagBag from /home/airflow/airflow/dags/parallel_dag.py
[2021-07-15 20:55:02,284] {scheduler_job.py:643} INFO - DAG(s) dict_keys(['parallel_dag']) retrieved from /home/airflow/airflow/dags/parallel_dag.py
[2021-07-15 20:55:02,297] {logging_mixin.py:104} INFO - [2021-07-15 20:55:02,297] {dag.py:1832} INFO - Sync 1 DAGs
[2021-07-15 20:55:02,311] {logging_mixin.py:104} INFO - [2021-07-15 20:55:02,311] {dag.py:2305} INFO - Setting next_dagrun for parallel_dag to 2021-07-15 00:00:00+00:00
[2021-07-15 20:55:02,326] {scheduler_job.py:190} INFO - Processing /home/airflow/airflow/dags/parallel_dag.py took 0.059 seconds
[2021-07-15 20:55:34,072] {scheduler_job.py:182} INFO - Started process (PID=17723) to work on /home/airflow/airflow/dags/parallel_dag.py
[2021-07-15 20:55:34,074] {scheduler_job.py:633} INFO - Processing file /home/airflow/airflow/dags/parallel_dag.py for tasks to queue
[2021-07-15 20:55:34,075] {logging_mixin.py:104} INFO - [2021-07-15 20:55:34,075] {dagbag.py:487} INFO - Filling up the DagBag from /home/airflow/airflow/dags/parallel_dag.py
[2021-07-15 20:55:34,087] {scheduler_job.py:643} INFO - DAG(s) dict_keys(['parallel_dag']) retrieved from /home/airflow/airflow/dags/parallel_dag.py
[2021-07-15 20:55:34,100] {logging_mixin.py:104} INFO - [2021-07-15 20:55:34,100] {dag.py:1832} INFO - Sync 1 DAGs
[2021-07-15 20:55:34,112] {logging_mixin.py:104} INFO - [2021-07-15 20:55:34,112] {dag.py:2305} INFO - Setting next_dagrun for parallel_dag to 2021-07-15 00:00:00+00:00
[2021-07-15 20:55:34,129] {scheduler_job.py:190} INFO - Processing /home/airflow/airflow/dags/parallel_dag.py took 0.059 seconds
[2021-07-15 20:56:09,441] {scheduler_job.py:182} INFO - Started process (PID=17755) to work on /home/airflow/airflow/dags/parallel_dag.py
[2021-07-15 20:56:09,443] {scheduler_job.py:633} INFO - Processing file /home/airflow/airflow/dags/parallel_dag.py for tasks to queue
[2021-07-15 20:56:09,444] {logging_mixin.py:104} INFO - [2021-07-15 20:56:09,444] {dagbag.py:487} INFO - Filling up the DagBag from /home/airflow/airflow/dags/parallel_dag.py
[2021-07-15 20:56:09,456] {scheduler_job.py:643} INFO - DAG(s) dict_keys(['parallel_dag']) retrieved from /home/airflow/airflow/dags/parallel_dag.py
[2021-07-15 20:56:09,467] {logging_mixin.py:104} INFO - [2021-07-15 20:56:09,467] {dag.py:1832} INFO - Sync 1 DAGs
[2021-07-15 20:56:09,480] {logging_mixin.py:104} INFO - [2021-07-15 20:56:09,480] {dag.py:2305} INFO - Setting next_dagrun for parallel_dag to 2021-07-15 00:00:00+00:00
[2021-07-15 20:56:09,505] {scheduler_job.py:190} INFO - Processing /home/airflow/airflow/dags/parallel_dag.py took 0.067 seconds
[2021-07-15 20:56:41,086] {scheduler_job.py:182} INFO - Started process (PID=17786) to work on /home/airflow/airflow/dags/parallel_dag.py
[2021-07-15 20:56:41,088] {scheduler_job.py:633} INFO - Processing file /home/airflow/airflow/dags/parallel_dag.py for tasks to queue
[2021-07-15 20:56:41,089] {logging_mixin.py:104} INFO - [2021-07-15 20:56:41,089] {dagbag.py:487} INFO - Filling up the DagBag from /home/airflow/airflow/dags/parallel_dag.py
[2021-07-15 20:56:41,100] {scheduler_job.py:643} INFO - DAG(s) dict_keys(['parallel_dag']) retrieved from /home/airflow/airflow/dags/parallel_dag.py
[2021-07-15 20:56:41,112] {logging_mixin.py:104} INFO - [2021-07-15 20:56:41,112] {dag.py:1832} INFO - Sync 1 DAGs
[2021-07-15 20:56:41,124] {logging_mixin.py:104} INFO - [2021-07-15 20:56:41,124] {dag.py:2305} INFO - Setting next_dagrun for parallel_dag to 2021-07-15 00:00:00+00:00
[2021-07-15 20:56:41,145] {scheduler_job.py:190} INFO - Processing /home/airflow/airflow/dags/parallel_dag.py took 0.062 seconds
[2021-07-15 20:57:12,457] {scheduler_job.py:182} INFO - Started process (PID=17817) to work on /home/airflow/airflow/dags/parallel_dag.py
[2021-07-15 20:57:12,459] {scheduler_job.py:633} INFO - Processing file /home/airflow/airflow/dags/parallel_dag.py for tasks to queue
[2021-07-15 20:57:12,460] {logging_mixin.py:104} INFO - [2021-07-15 20:57:12,460] {dagbag.py:487} INFO - Filling up the DagBag from /home/airflow/airflow/dags/parallel_dag.py
[2021-07-15 20:57:12,472] {scheduler_job.py:643} INFO - DAG(s) dict_keys(['parallel_dag']) retrieved from /home/airflow/airflow/dags/parallel_dag.py
[2021-07-15 20:57:12,483] {logging_mixin.py:104} INFO - [2021-07-15 20:57:12,483] {dag.py:1832} INFO - Sync 1 DAGs
[2021-07-15 20:57:12,495] {logging_mixin.py:104} INFO - [2021-07-15 20:57:12,495] {dag.py:2305} INFO - Setting next_dagrun for parallel_dag to 2021-07-15 00:00:00+00:00
[2021-07-15 20:57:12,510] {scheduler_job.py:190} INFO - Processing /home/airflow/airflow/dags/parallel_dag.py took 0.055 seconds
[2021-07-15 20:57:44,716] {scheduler_job.py:182} INFO - Started process (PID=17848) to work on /home/airflow/airflow/dags/parallel_dag.py
[2021-07-15 20:57:44,718] {scheduler_job.py:633} INFO - Processing file /home/airflow/airflow/dags/parallel_dag.py for tasks to queue
[2021-07-15 20:57:44,719] {logging_mixin.py:104} INFO - [2021-07-15 20:57:44,719] {dagbag.py:487} INFO - Filling up the DagBag from /home/airflow/airflow/dags/parallel_dag.py
[2021-07-15 20:57:44,735] {scheduler_job.py:643} INFO - DAG(s) dict_keys(['parallel_dag']) retrieved from /home/airflow/airflow/dags/parallel_dag.py
[2021-07-15 20:57:44,748] {logging_mixin.py:104} INFO - [2021-07-15 20:57:44,747] {dag.py:1832} INFO - Sync 1 DAGs
[2021-07-15 20:57:44,761] {logging_mixin.py:104} INFO - [2021-07-15 20:57:44,761] {dag.py:2305} INFO - Setting next_dagrun for parallel_dag to 2021-07-15 00:00:00+00:00
[2021-07-15 20:57:44,775] {scheduler_job.py:190} INFO - Processing /home/airflow/airflow/dags/parallel_dag.py took 0.061 seconds
[2021-07-15 20:58:18,441] {scheduler_job.py:182} INFO - Started process (PID=17879) to work on /home/airflow/airflow/dags/parallel_dag.py
[2021-07-15 20:58:18,442] {scheduler_job.py:633} INFO - Processing file /home/airflow/airflow/dags/parallel_dag.py for tasks to queue
[2021-07-15 20:58:18,443] {logging_mixin.py:104} INFO - [2021-07-15 20:58:18,443] {dagbag.py:487} INFO - Filling up the DagBag from /home/airflow/airflow/dags/parallel_dag.py
[2021-07-15 20:58:18,455] {scheduler_job.py:643} INFO - DAG(s) dict_keys(['parallel_dag']) retrieved from /home/airflow/airflow/dags/parallel_dag.py
[2021-07-15 20:58:18,466] {logging_mixin.py:104} INFO - [2021-07-15 20:58:18,466] {dag.py:1832} INFO - Sync 1 DAGs
[2021-07-15 20:58:18,478] {logging_mixin.py:104} INFO - [2021-07-15 20:58:18,478] {dag.py:2305} INFO - Setting next_dagrun for parallel_dag to 2021-07-15 00:00:00+00:00
[2021-07-15 20:58:18,499] {scheduler_job.py:190} INFO - Processing /home/airflow/airflow/dags/parallel_dag.py took 0.061 seconds
[2021-07-15 20:58:51,754] {scheduler_job.py:182} INFO - Started process (PID=17912) to work on /home/airflow/airflow/dags/parallel_dag.py
[2021-07-15 20:58:51,755] {scheduler_job.py:633} INFO - Processing file /home/airflow/airflow/dags/parallel_dag.py for tasks to queue
[2021-07-15 20:58:51,756] {logging_mixin.py:104} INFO - [2021-07-15 20:58:51,756] {dagbag.py:487} INFO - Filling up the DagBag from /home/airflow/airflow/dags/parallel_dag.py
[2021-07-15 20:58:51,768] {scheduler_job.py:643} INFO - DAG(s) dict_keys(['parallel_dag']) retrieved from /home/airflow/airflow/dags/parallel_dag.py
[2021-07-15 20:58:51,780] {logging_mixin.py:104} INFO - [2021-07-15 20:58:51,780] {dag.py:1832} INFO - Sync 1 DAGs
[2021-07-15 20:58:51,792] {logging_mixin.py:104} INFO - [2021-07-15 20:58:51,792] {dag.py:2305} INFO - Setting next_dagrun for parallel_dag to 2021-07-15 00:00:00+00:00
[2021-07-15 20:58:51,805] {scheduler_job.py:190} INFO - Processing /home/airflow/airflow/dags/parallel_dag.py took 0.054 seconds
[2021-07-15 20:59:26,056] {scheduler_job.py:182} INFO - Started process (PID=17945) to work on /home/airflow/airflow/dags/parallel_dag.py
[2021-07-15 20:59:26,058] {scheduler_job.py:633} INFO - Processing file /home/airflow/airflow/dags/parallel_dag.py for tasks to queue
[2021-07-15 20:59:26,059] {logging_mixin.py:104} INFO - [2021-07-15 20:59:26,059] {dagbag.py:487} INFO - Filling up the DagBag from /home/airflow/airflow/dags/parallel_dag.py
[2021-07-15 20:59:26,071] {scheduler_job.py:643} INFO - DAG(s) dict_keys(['parallel_dag']) retrieved from /home/airflow/airflow/dags/parallel_dag.py
[2021-07-15 20:59:26,083] {logging_mixin.py:104} INFO - [2021-07-15 20:59:26,083] {dag.py:1832} INFO - Sync 1 DAGs
[2021-07-15 20:59:26,095] {logging_mixin.py:104} INFO - [2021-07-15 20:59:26,095] {dag.py:2305} INFO - Setting next_dagrun for parallel_dag to 2021-07-15 00:00:00+00:00
[2021-07-15 20:59:26,107] {scheduler_job.py:190} INFO - Processing /home/airflow/airflow/dags/parallel_dag.py took 0.054 seconds
[2021-07-15 21:00:00,030] {scheduler_job.py:182} INFO - Started process (PID=17978) to work on /home/airflow/airflow/dags/parallel_dag.py
[2021-07-15 21:00:00,032] {scheduler_job.py:633} INFO - Processing file /home/airflow/airflow/dags/parallel_dag.py for tasks to queue
[2021-07-15 21:00:00,032] {logging_mixin.py:104} INFO - [2021-07-15 21:00:00,032] {dagbag.py:487} INFO - Filling up the DagBag from /home/airflow/airflow/dags/parallel_dag.py
[2021-07-15 21:00:00,049] {scheduler_job.py:643} INFO - DAG(s) dict_keys(['parallel_dag']) retrieved from /home/airflow/airflow/dags/parallel_dag.py
[2021-07-15 21:00:00,062] {logging_mixin.py:104} INFO - [2021-07-15 21:00:00,062] {dag.py:1832} INFO - Sync 1 DAGs
[2021-07-15 21:00:00,077] {logging_mixin.py:104} INFO - [2021-07-15 21:00:00,076] {dag.py:2305} INFO - Setting next_dagrun for parallel_dag to 2021-07-15 00:00:00+00:00
[2021-07-15 21:00:00,092] {scheduler_job.py:190} INFO - Processing /home/airflow/airflow/dags/parallel_dag.py took 0.065 seconds
[2021-07-15 21:00:31,962] {scheduler_job.py:182} INFO - Started process (PID=18008) to work on /home/airflow/airflow/dags/parallel_dag.py
[2021-07-15 21:00:31,964] {scheduler_job.py:633} INFO - Processing file /home/airflow/airflow/dags/parallel_dag.py for tasks to queue
[2021-07-15 21:00:31,965] {logging_mixin.py:104} INFO - [2021-07-15 21:00:31,964] {dagbag.py:487} INFO - Filling up the DagBag from /home/airflow/airflow/dags/parallel_dag.py
[2021-07-15 21:00:31,976] {scheduler_job.py:643} INFO - DAG(s) dict_keys(['parallel_dag']) retrieved from /home/airflow/airflow/dags/parallel_dag.py
[2021-07-15 21:00:31,988] {logging_mixin.py:104} INFO - [2021-07-15 21:00:31,987] {dag.py:1832} INFO - Sync 1 DAGs
[2021-07-15 21:00:31,999] {logging_mixin.py:104} INFO - [2021-07-15 21:00:31,999] {dag.py:2305} INFO - Setting next_dagrun for parallel_dag to 2021-07-15 00:00:00+00:00
[2021-07-15 21:00:32,020] {scheduler_job.py:190} INFO - Processing /home/airflow/airflow/dags/parallel_dag.py took 0.061 seconds
[2021-07-15 21:01:03,041] {scheduler_job.py:182} INFO - Started process (PID=18038) to work on /home/airflow/airflow/dags/parallel_dag.py
[2021-07-15 21:01:03,043] {scheduler_job.py:633} INFO - Processing file /home/airflow/airflow/dags/parallel_dag.py for tasks to queue
[2021-07-15 21:01:03,044] {logging_mixin.py:104} INFO - [2021-07-15 21:01:03,044] {dagbag.py:487} INFO - Filling up the DagBag from /home/airflow/airflow/dags/parallel_dag.py
[2021-07-15 21:01:03,057] {scheduler_job.py:643} INFO - DAG(s) dict_keys(['parallel_dag']) retrieved from /home/airflow/airflow/dags/parallel_dag.py
[2021-07-15 21:01:03,069] {logging_mixin.py:104} INFO - [2021-07-15 21:01:03,069] {dag.py:1832} INFO - Sync 1 DAGs
[2021-07-15 21:01:03,081] {logging_mixin.py:104} INFO - [2021-07-15 21:01:03,081] {dag.py:2305} INFO - Setting next_dagrun for parallel_dag to 2021-07-15 00:00:00+00:00
[2021-07-15 21:01:03,096] {scheduler_job.py:190} INFO - Processing /home/airflow/airflow/dags/parallel_dag.py took 0.056 seconds
[2021-07-15 21:01:37,845] {scheduler_job.py:182} INFO - Started process (PID=18072) to work on /home/airflow/airflow/dags/parallel_dag.py
[2021-07-15 21:01:37,847] {scheduler_job.py:633} INFO - Processing file /home/airflow/airflow/dags/parallel_dag.py for tasks to queue
[2021-07-15 21:01:37,848] {logging_mixin.py:104} INFO - [2021-07-15 21:01:37,848] {dagbag.py:487} INFO - Filling up the DagBag from /home/airflow/airflow/dags/parallel_dag.py
[2021-07-15 21:01:37,860] {scheduler_job.py:643} INFO - DAG(s) dict_keys(['parallel_dag']) retrieved from /home/airflow/airflow/dags/parallel_dag.py
[2021-07-15 21:01:37,872] {logging_mixin.py:104} INFO - [2021-07-15 21:01:37,872] {dag.py:1832} INFO - Sync 1 DAGs
[2021-07-15 21:01:37,884] {logging_mixin.py:104} INFO - [2021-07-15 21:01:37,884] {dag.py:2305} INFO - Setting next_dagrun for parallel_dag to 2021-07-15 00:00:00+00:00
[2021-07-15 21:01:37,906] {scheduler_job.py:190} INFO - Processing /home/airflow/airflow/dags/parallel_dag.py took 0.063 seconds
[2021-07-15 21:02:09,450] {scheduler_job.py:182} INFO - Started process (PID=18102) to work on /home/airflow/airflow/dags/parallel_dag.py
[2021-07-15 21:02:09,452] {scheduler_job.py:633} INFO - Processing file /home/airflow/airflow/dags/parallel_dag.py for tasks to queue
[2021-07-15 21:02:09,453] {logging_mixin.py:104} INFO - [2021-07-15 21:02:09,453] {dagbag.py:487} INFO - Filling up the DagBag from /home/airflow/airflow/dags/parallel_dag.py
[2021-07-15 21:02:09,466] {scheduler_job.py:643} INFO - DAG(s) dict_keys(['parallel_dag']) retrieved from /home/airflow/airflow/dags/parallel_dag.py
[2021-07-15 21:02:09,478] {logging_mixin.py:104} INFO - [2021-07-15 21:02:09,478] {dag.py:1832} INFO - Sync 1 DAGs
[2021-07-15 21:02:09,490] {logging_mixin.py:104} INFO - [2021-07-15 21:02:09,490] {dag.py:2305} INFO - Setting next_dagrun for parallel_dag to 2021-07-15 00:00:00+00:00
[2021-07-15 21:02:09,508] {scheduler_job.py:190} INFO - Processing /home/airflow/airflow/dags/parallel_dag.py took 0.060 seconds
[2021-07-15 21:02:41,518] {scheduler_job.py:182} INFO - Started process (PID=18133) to work on /home/airflow/airflow/dags/parallel_dag.py
[2021-07-15 21:02:41,520] {scheduler_job.py:633} INFO - Processing file /home/airflow/airflow/dags/parallel_dag.py for tasks to queue
[2021-07-15 21:02:41,521] {logging_mixin.py:104} INFO - [2021-07-15 21:02:41,521] {dagbag.py:487} INFO - Filling up the DagBag from /home/airflow/airflow/dags/parallel_dag.py
[2021-07-15 21:02:41,533] {scheduler_job.py:643} INFO - DAG(s) dict_keys(['parallel_dag']) retrieved from /home/airflow/airflow/dags/parallel_dag.py
[2021-07-15 21:02:41,544] {logging_mixin.py:104} INFO - [2021-07-15 21:02:41,544] {dag.py:1832} INFO - Sync 1 DAGs
[2021-07-15 21:02:41,557] {logging_mixin.py:104} INFO - [2021-07-15 21:02:41,557] {dag.py:2305} INFO - Setting next_dagrun for parallel_dag to 2021-07-15 00:00:00+00:00
[2021-07-15 21:02:41,574] {scheduler_job.py:190} INFO - Processing /home/airflow/airflow/dags/parallel_dag.py took 0.057 seconds
[2021-07-15 21:03:13,923] {scheduler_job.py:182} INFO - Started process (PID=18163) to work on /home/airflow/airflow/dags/parallel_dag.py
[2021-07-15 21:03:13,925] {scheduler_job.py:633} INFO - Processing file /home/airflow/airflow/dags/parallel_dag.py for tasks to queue
[2021-07-15 21:03:13,926] {logging_mixin.py:104} INFO - [2021-07-15 21:03:13,926] {dagbag.py:487} INFO - Filling up the DagBag from /home/airflow/airflow/dags/parallel_dag.py
[2021-07-15 21:03:13,938] {scheduler_job.py:643} INFO - DAG(s) dict_keys(['parallel_dag']) retrieved from /home/airflow/airflow/dags/parallel_dag.py
[2021-07-15 21:03:13,949] {logging_mixin.py:104} INFO - [2021-07-15 21:03:13,949] {dag.py:1832} INFO - Sync 1 DAGs
[2021-07-15 21:03:13,962] {logging_mixin.py:104} INFO - [2021-07-15 21:03:13,962] {dag.py:2305} INFO - Setting next_dagrun for parallel_dag to 2021-07-15 00:00:00+00:00
[2021-07-15 21:03:13,974] {scheduler_job.py:190} INFO - Processing /home/airflow/airflow/dags/parallel_dag.py took 0.053 seconds
[2021-07-15 21:03:45,968] {scheduler_job.py:182} INFO - Started process (PID=18195) to work on /home/airflow/airflow/dags/parallel_dag.py
[2021-07-15 21:03:45,970] {scheduler_job.py:633} INFO - Processing file /home/airflow/airflow/dags/parallel_dag.py for tasks to queue
[2021-07-15 21:03:45,970] {logging_mixin.py:104} INFO - [2021-07-15 21:03:45,970] {dagbag.py:487} INFO - Filling up the DagBag from /home/airflow/airflow/dags/parallel_dag.py
[2021-07-15 21:03:45,982] {scheduler_job.py:643} INFO - DAG(s) dict_keys(['parallel_dag']) retrieved from /home/airflow/airflow/dags/parallel_dag.py
[2021-07-15 21:03:45,994] {logging_mixin.py:104} INFO - [2021-07-15 21:03:45,993] {dag.py:1832} INFO - Sync 1 DAGs
[2021-07-15 21:03:46,006] {logging_mixin.py:104} INFO - [2021-07-15 21:03:46,006] {dag.py:2305} INFO - Setting next_dagrun for parallel_dag to 2021-07-15 00:00:00+00:00
[2021-07-15 21:03:46,026] {scheduler_job.py:190} INFO - Processing /home/airflow/airflow/dags/parallel_dag.py took 0.060 seconds
[2021-07-15 21:04:19,409] {scheduler_job.py:182} INFO - Started process (PID=18227) to work on /home/airflow/airflow/dags/parallel_dag.py
[2021-07-15 21:04:19,411] {scheduler_job.py:633} INFO - Processing file /home/airflow/airflow/dags/parallel_dag.py for tasks to queue
[2021-07-15 21:04:19,412] {logging_mixin.py:104} INFO - [2021-07-15 21:04:19,412] {dagbag.py:487} INFO - Filling up the DagBag from /home/airflow/airflow/dags/parallel_dag.py
[2021-07-15 21:04:19,424] {scheduler_job.py:643} INFO - DAG(s) dict_keys(['parallel_dag']) retrieved from /home/airflow/airflow/dags/parallel_dag.py
[2021-07-15 21:04:19,436] {logging_mixin.py:104} INFO - [2021-07-15 21:04:19,436] {dag.py:1832} INFO - Sync 1 DAGs
[2021-07-15 21:04:19,448] {logging_mixin.py:104} INFO - [2021-07-15 21:04:19,448] {dag.py:2305} INFO - Setting next_dagrun for parallel_dag to 2021-07-15 00:00:00+00:00
[2021-07-15 21:04:19,469] {scheduler_job.py:190} INFO - Processing /home/airflow/airflow/dags/parallel_dag.py took 0.062 seconds
[2021-07-15 21:04:51,285] {scheduler_job.py:182} INFO - Started process (PID=18259) to work on /home/airflow/airflow/dags/parallel_dag.py
[2021-07-15 21:04:51,287] {scheduler_job.py:633} INFO - Processing file /home/airflow/airflow/dags/parallel_dag.py for tasks to queue
[2021-07-15 21:04:51,288] {logging_mixin.py:104} INFO - [2021-07-15 21:04:51,288] {dagbag.py:487} INFO - Filling up the DagBag from /home/airflow/airflow/dags/parallel_dag.py
[2021-07-15 21:04:51,299] {scheduler_job.py:643} INFO - DAG(s) dict_keys(['parallel_dag']) retrieved from /home/airflow/airflow/dags/parallel_dag.py
[2021-07-15 21:04:51,310] {logging_mixin.py:104} INFO - [2021-07-15 21:04:51,310] {dag.py:1832} INFO - Sync 1 DAGs
[2021-07-15 21:04:51,322] {logging_mixin.py:104} INFO - [2021-07-15 21:04:51,322] {dag.py:2305} INFO - Setting next_dagrun for parallel_dag to 2021-07-15 00:00:00+00:00
[2021-07-15 21:04:51,343] {scheduler_job.py:190} INFO - Processing /home/airflow/airflow/dags/parallel_dag.py took 0.061 seconds
