[2021-07-19 20:34:10,804] {taskinstance.py:876} INFO - Dependencies all met for <TaskInstance: parallel_dag.task2 2020-01-21T00:00:00+00:00 [queued]>
[2021-07-19 20:34:11,159] {taskinstance.py:876} INFO - Dependencies all met for <TaskInstance: parallel_dag.task2 2020-01-21T00:00:00+00:00 [queued]>
[2021-07-19 20:34:11,160] {taskinstance.py:1067} INFO - 
--------------------------------------------------------------------------------
[2021-07-19 20:34:11,160] {taskinstance.py:1068} INFO - Starting attempt 1 of 1
[2021-07-19 20:34:11,161] {taskinstance.py:1069} INFO - 
--------------------------------------------------------------------------------
[2021-07-19 20:34:11,371] {taskinstance.py:1087} INFO - Executing <Task(BashOperator): task2> on 2020-01-21T00:00:00+00:00
[2021-07-19 20:34:11,437] {standard_task_runner.py:52} INFO - Started process 9355 to run task
[2021-07-19 20:34:11,510] {standard_task_runner.py:76} INFO - Running: ['airflow', 'tasks', 'run', 'parallel_dag', 'task2', '2020-01-21T00:00:00+00:00', '--job-id', '133', '--pool', 'default_pool', '--raw', '--subdir', 'DAGS_FOLDER/parallel_dag.py', '--cfg-path', '/tmp/tmpg3d44zzs', '--error-file', '/tmp/tmpsz6kmd41']
[2021-07-19 20:34:11,547] {standard_task_runner.py:77} INFO - Job 133: Subtask task2
[2021-07-19 20:34:12,237] {logging_mixin.py:104} INFO - Running <TaskInstance: parallel_dag.task2 2020-01-21T00:00:00+00:00 [running]> on host airflowvm
[2021-07-19 20:34:13,469] {taskinstance.py:1280} INFO - Exporting the following env vars:
AIRFLOW_CTX_DAG_OWNER=airflow
AIRFLOW_CTX_DAG_ID=parallel_dag
AIRFLOW_CTX_TASK_ID=task2
AIRFLOW_CTX_EXECUTION_DATE=2020-01-21T00:00:00+00:00
AIRFLOW_CTX_DAG_RUN_ID=scheduled__2020-01-21T00:00:00+00:00
[2021-07-19 20:34:13,490] {subprocess.py:52} INFO - Tmp dir root location: 
 /tmp
[2021-07-19 20:34:13,491] {subprocess.py:63} INFO - Running command: ['bash', '-c', 'sleep 3']
[2021-07-19 20:34:13,671] {subprocess.py:75} INFO - Output:
[2021-07-19 20:34:16,721] {subprocess.py:83} INFO - Command exited with return code 0
[2021-07-19 20:34:17,546] {taskinstance.py:1184} INFO - Marking task as SUCCESS. dag_id=parallel_dag, task_id=task2, execution_date=20200121T000000, start_date=20210719T203410, end_date=20210719T203417
[2021-07-19 20:34:18,215] {taskinstance.py:1245} INFO - 0 downstream tasks scheduled from follow-on schedule check
[2021-07-19 20:34:18,283] {local_task_job.py:151} INFO - Task exited with return code 0
