[2021-07-19 20:33:20,027] {taskinstance.py:876} INFO - Dependencies all met for <TaskInstance: parallel_dag.task2 2020-01-12T00:00:00+00:00 [queued]>
[2021-07-19 20:33:20,301] {taskinstance.py:876} INFO - Dependencies all met for <TaskInstance: parallel_dag.task2 2020-01-12T00:00:00+00:00 [queued]>
[2021-07-19 20:33:20,301] {taskinstance.py:1067} INFO - 
--------------------------------------------------------------------------------
[2021-07-19 20:33:20,302] {taskinstance.py:1068} INFO - Starting attempt 1 of 1
[2021-07-19 20:33:20,302] {taskinstance.py:1069} INFO - 
--------------------------------------------------------------------------------
[2021-07-19 20:33:20,459] {taskinstance.py:1087} INFO - Executing <Task(BashOperator): task2> on 2020-01-12T00:00:00+00:00
[2021-07-19 20:33:20,541] {standard_task_runner.py:52} INFO - Started process 8150 to run task
[2021-07-19 20:33:20,610] {standard_task_runner.py:76} INFO - Running: ['airflow', 'tasks', 'run', 'parallel_dag', 'task2', '2020-01-12T00:00:00+00:00', '--job-id', '101', '--pool', 'default_pool', '--raw', '--subdir', 'DAGS_FOLDER/parallel_dag.py', '--cfg-path', '/tmp/tmpiikl3ubu', '--error-file', '/tmp/tmpfvy7xeu7']
[2021-07-19 20:33:20,717] {standard_task_runner.py:77} INFO - Job 101: Subtask task2
[2021-07-19 20:33:21,893] {logging_mixin.py:104} INFO - Running <TaskInstance: parallel_dag.task2 2020-01-12T00:00:00+00:00 [running]> on host airflowvm
[2021-07-19 20:33:22,946] {taskinstance.py:1280} INFO - Exporting the following env vars:
AIRFLOW_CTX_DAG_OWNER=airflow
AIRFLOW_CTX_DAG_ID=parallel_dag
AIRFLOW_CTX_TASK_ID=task2
AIRFLOW_CTX_EXECUTION_DATE=2020-01-12T00:00:00+00:00
AIRFLOW_CTX_DAG_RUN_ID=scheduled__2020-01-12T00:00:00+00:00
[2021-07-19 20:33:22,947] {subprocess.py:52} INFO - Tmp dir root location: 
 /tmp
[2021-07-19 20:33:22,948] {subprocess.py:63} INFO - Running command: ['bash', '-c', 'sleep 3']
[2021-07-19 20:33:23,057] {subprocess.py:75} INFO - Output:
[2021-07-19 20:33:26,101] {subprocess.py:83} INFO - Command exited with return code 0
[2021-07-19 20:33:26,730] {taskinstance.py:1184} INFO - Marking task as SUCCESS. dag_id=parallel_dag, task_id=task2, execution_date=20200112T000000, start_date=20210719T203320, end_date=20210719T203326
[2021-07-19 20:33:27,375] {taskinstance.py:1245} INFO - 0 downstream tasks scheduled from follow-on schedule check
[2021-07-19 20:33:27,489] {local_task_job.py:151} INFO - Task exited with return code 0
