[2021-07-19 20:33:06,852] {taskinstance.py:876} INFO - Dependencies all met for <TaskInstance: parallel_dag.task2 2020-01-10T00:00:00+00:00 [queued]>
[2021-07-19 20:33:07,043] {taskinstance.py:876} INFO - Dependencies all met for <TaskInstance: parallel_dag.task2 2020-01-10T00:00:00+00:00 [queued]>
[2021-07-19 20:33:07,049] {taskinstance.py:1067} INFO - 
--------------------------------------------------------------------------------
[2021-07-19 20:33:07,051] {taskinstance.py:1068} INFO - Starting attempt 1 of 1
[2021-07-19 20:33:07,055] {taskinstance.py:1069} INFO - 
--------------------------------------------------------------------------------
[2021-07-19 20:33:07,169] {taskinstance.py:1087} INFO - Executing <Task(BashOperator): task2> on 2020-01-10T00:00:00+00:00
[2021-07-19 20:33:07,212] {standard_task_runner.py:52} INFO - Started process 7707 to run task
[2021-07-19 20:33:07,268] {standard_task_runner.py:76} INFO - Running: ['airflow', 'tasks', 'run', 'parallel_dag', 'task2', '2020-01-10T00:00:00+00:00', '--job-id', '90', '--pool', 'default_pool', '--raw', '--subdir', 'DAGS_FOLDER/parallel_dag.py', '--cfg-path', '/tmp/tmprbr78hnt', '--error-file', '/tmp/tmpyhqwrkrf']
[2021-07-19 20:33:07,270] {standard_task_runner.py:77} INFO - Job 90: Subtask task2
[2021-07-19 20:33:08,089] {logging_mixin.py:104} INFO - Running <TaskInstance: parallel_dag.task2 2020-01-10T00:00:00+00:00 [running]> on host airflowvm
[2021-07-19 20:33:09,753] {taskinstance.py:1280} INFO - Exporting the following env vars:
AIRFLOW_CTX_DAG_OWNER=airflow
AIRFLOW_CTX_DAG_ID=parallel_dag
AIRFLOW_CTX_TASK_ID=task2
AIRFLOW_CTX_EXECUTION_DATE=2020-01-10T00:00:00+00:00
AIRFLOW_CTX_DAG_RUN_ID=scheduled__2020-01-10T00:00:00+00:00
[2021-07-19 20:33:09,756] {subprocess.py:52} INFO - Tmp dir root location: 
 /tmp
[2021-07-19 20:33:09,761] {subprocess.py:63} INFO - Running command: ['bash', '-c', 'sleep 3']
[2021-07-19 20:33:09,903] {subprocess.py:75} INFO - Output:
[2021-07-19 20:33:12,939] {subprocess.py:83} INFO - Command exited with return code 0
[2021-07-19 20:33:13,428] {taskinstance.py:1184} INFO - Marking task as SUCCESS. dag_id=parallel_dag, task_id=task2, execution_date=20200110T000000, start_date=20210719T203306, end_date=20210719T203313
[2021-07-19 20:33:15,511] {taskinstance.py:1245} INFO - 0 downstream tasks scheduled from follow-on schedule check
[2021-07-19 20:33:15,636] {local_task_job.py:151} INFO - Task exited with return code 0
