[2021-07-20 14:21:55,277] {taskinstance.py:876} INFO - Dependencies all met for <TaskInstance: xcom_dag.downloading_data 2021-07-20T14:21:54.318311+00:00 [queued]>
[2021-07-20 14:21:55,301] {taskinstance.py:876} INFO - Dependencies all met for <TaskInstance: xcom_dag.downloading_data 2021-07-20T14:21:54.318311+00:00 [queued]>
[2021-07-20 14:21:55,302] {taskinstance.py:1067} INFO - 
--------------------------------------------------------------------------------
[2021-07-20 14:21:55,302] {taskinstance.py:1068} INFO - Starting attempt 1 of 1
[2021-07-20 14:21:55,303] {taskinstance.py:1069} INFO - 
--------------------------------------------------------------------------------
[2021-07-20 14:21:55,316] {taskinstance.py:1087} INFO - Executing <Task(BashOperator): downloading_data> on 2021-07-20T14:21:54.318311+00:00
[2021-07-20 14:21:55,320] {standard_task_runner.py:52} INFO - Started process 2067 to run task
[2021-07-20 14:21:55,330] {standard_task_runner.py:76} INFO - Running: ['airflow', 'tasks', 'run', 'xcom_dag', 'downloading_data', '2021-07-20T14:21:54.318311+00:00', '--job-id', '186', '--pool', 'default_pool', '--raw', '--subdir', 'DAGS_FOLDER/xcom_dag.py', '--cfg-path', '/tmp/tmp_wq86q4l', '--error-file', '/tmp/tmpitps175y']
[2021-07-20 14:21:55,333] {standard_task_runner.py:77} INFO - Job 186: Subtask downloading_data
[2021-07-20 14:21:55,470] {logging_mixin.py:104} INFO - Running <TaskInstance: xcom_dag.downloading_data 2021-07-20T14:21:54.318311+00:00 [running]> on host airflowvm
[2021-07-20 14:21:55,595] {taskinstance.py:1280} INFO - Exporting the following env vars:
AIRFLOW_CTX_DAG_OWNER=airflow
AIRFLOW_CTX_DAG_ID=xcom_dag
AIRFLOW_CTX_TASK_ID=downloading_data
AIRFLOW_CTX_EXECUTION_DATE=2021-07-20T14:21:54.318311+00:00
AIRFLOW_CTX_DAG_RUN_ID=manual__2021-07-20T14:21:54.318311+00:00
[2021-07-20 14:21:55,597] {subprocess.py:52} INFO - Tmp dir root location: 
 /tmp
[2021-07-20 14:21:55,598] {subprocess.py:63} INFO - Running command: ['bash', '-c', 'sleep 3']
[2021-07-20 14:21:55,608] {subprocess.py:75} INFO - Output:
[2021-07-20 14:21:58,612] {subprocess.py:83} INFO - Command exited with return code 0
[2021-07-20 14:21:58,658] {taskinstance.py:1184} INFO - Marking task as SUCCESS. dag_id=xcom_dag, task_id=downloading_data, execution_date=20210720T142154, start_date=20210720T142155, end_date=20210720T142158
[2021-07-20 14:21:58,717] {taskinstance.py:1245} INFO - 3 downstream tasks scheduled from follow-on schedule check
[2021-07-20 14:21:58,752] {local_task_job.py:151} INFO - Task exited with return code 0
