[2021-07-19 20:33:02,568] {taskinstance.py:876} INFO - Dependencies all met for <TaskInstance: parallel_dag.task3 2020-01-09T00:00:00+00:00 [queued]>
[2021-07-19 20:33:02,777] {taskinstance.py:876} INFO - Dependencies all met for <TaskInstance: parallel_dag.task3 2020-01-09T00:00:00+00:00 [queued]>
[2021-07-19 20:33:02,778] {taskinstance.py:1067} INFO - 
--------------------------------------------------------------------------------
[2021-07-19 20:33:02,778] {taskinstance.py:1068} INFO - Starting attempt 1 of 1
[2021-07-19 20:33:02,779] {taskinstance.py:1069} INFO - 
--------------------------------------------------------------------------------
[2021-07-19 20:33:02,909] {taskinstance.py:1087} INFO - Executing <Task(BashOperator): task3> on 2020-01-09T00:00:00+00:00
[2021-07-19 20:33:02,960] {standard_task_runner.py:52} INFO - Started process 7567 to run task
[2021-07-19 20:33:03,036] {standard_task_runner.py:76} INFO - Running: ['airflow', 'tasks', 'run', 'parallel_dag', 'task3', '2020-01-09T00:00:00+00:00', '--job-id', '82', '--pool', 'default_pool', '--raw', '--subdir', 'DAGS_FOLDER/parallel_dag.py', '--cfg-path', '/tmp/tmpw8y3u0h4', '--error-file', '/tmp/tmpx3wk08uj']
[2021-07-19 20:33:03,058] {standard_task_runner.py:77} INFO - Job 82: Subtask task3
[2021-07-19 20:33:04,236] {logging_mixin.py:104} INFO - Running <TaskInstance: parallel_dag.task3 2020-01-09T00:00:00+00:00 [running]> on host airflowvm
[2021-07-19 20:33:05,492] {taskinstance.py:1280} INFO - Exporting the following env vars:
AIRFLOW_CTX_DAG_OWNER=airflow
AIRFLOW_CTX_DAG_ID=parallel_dag
AIRFLOW_CTX_TASK_ID=task3
AIRFLOW_CTX_EXECUTION_DATE=2020-01-09T00:00:00+00:00
AIRFLOW_CTX_DAG_RUN_ID=scheduled__2020-01-09T00:00:00+00:00
[2021-07-19 20:33:05,493] {subprocess.py:52} INFO - Tmp dir root location: 
 /tmp
[2021-07-19 20:33:05,496] {subprocess.py:63} INFO - Running command: ['bash', '-c', 'sleep 3']
[2021-07-19 20:33:05,615] {subprocess.py:75} INFO - Output:
[2021-07-19 20:33:08,707] {subprocess.py:83} INFO - Command exited with return code 0
[2021-07-19 20:33:09,351] {taskinstance.py:1184} INFO - Marking task as SUCCESS. dag_id=parallel_dag, task_id=task3, execution_date=20200109T000000, start_date=20210719T203302, end_date=20210719T203309
[2021-07-19 20:33:11,484] {taskinstance.py:1245} INFO - 0 downstream tasks scheduled from follow-on schedule check
[2021-07-19 20:33:11,629] {local_task_job.py:151} INFO - Task exited with return code 0
