[2021-07-19 23:18:38,669] {taskinstance.py:876} INFO - Dependencies all met for <TaskInstance: parallel_dag.task1 2021-07-18T00:00:00+00:00 [queued]>
[2021-07-19 23:18:38,747] {taskinstance.py:876} INFO - Dependencies all met for <TaskInstance: parallel_dag.task1 2021-07-18T00:00:00+00:00 [queued]>
[2021-07-19 23:18:38,748] {taskinstance.py:1067} INFO - 
--------------------------------------------------------------------------------
[2021-07-19 23:18:38,750] {taskinstance.py:1068} INFO - Starting attempt 2 of 2
[2021-07-19 23:18:38,751] {taskinstance.py:1069} INFO - 
--------------------------------------------------------------------------------
[2021-07-19 23:18:38,776] {taskinstance.py:1087} INFO - Executing <Task(BashOperator): task1> on 2021-07-18T00:00:00+00:00
[2021-07-19 23:18:38,783] {standard_task_runner.py:52} INFO - Started process 45843 to run task
[2021-07-19 23:18:38,798] {standard_task_runner.py:76} INFO - Running: ['airflow', 'tasks', 'run', 'parallel_dag', 'task1', '2021-07-18T00:00:00+00:00', '--job-id', '144', '--pool', 'default_pool', '--raw', '--subdir', 'DAGS_FOLDER/parallel_dag.py', '--cfg-path', '/tmp/tmp8h7te19c', '--error-file', '/tmp/tmp9h3qlve2']
[2021-07-19 23:18:38,803] {standard_task_runner.py:77} INFO - Job 144: Subtask task1
[2021-07-19 23:18:38,956] {logging_mixin.py:104} INFO - Running <TaskInstance: parallel_dag.task1 2021-07-18T00:00:00+00:00 [running]> on host airflowvm
[2021-07-19 23:18:39,143] {taskinstance.py:1280} INFO - Exporting the following env vars:
AIRFLOW_CTX_DAG_OWNER=airflow
AIRFLOW_CTX_DAG_ID=parallel_dag
AIRFLOW_CTX_TASK_ID=task1
AIRFLOW_CTX_EXECUTION_DATE=2021-07-18T00:00:00+00:00
AIRFLOW_CTX_DAG_RUN_ID=scheduled__2021-07-18T00:00:00+00:00
[2021-07-19 23:18:39,146] {subprocess.py:52} INFO - Tmp dir root location: 
 /tmp
[2021-07-19 23:18:39,149] {subprocess.py:63} INFO - Running command: ['bash', '-c', 'sleep 3']
[2021-07-19 23:18:39,179] {subprocess.py:75} INFO - Output:
[2021-07-19 23:18:42,189] {subprocess.py:83} INFO - Command exited with return code 0
[2021-07-19 23:18:42,265] {taskinstance.py:1184} INFO - Marking task as SUCCESS. dag_id=parallel_dag, task_id=task1, execution_date=20210718T000000, start_date=20210719T231838, end_date=20210719T231842
[2021-07-19 23:18:42,348] {taskinstance.py:1245} INFO - 1 downstream tasks scheduled from follow-on schedule check
[2021-07-19 23:18:42,357] {local_task_job.py:151} INFO - Task exited with return code 0
