[2021-07-19 20:32:48,794] {taskinstance.py:876} INFO - Dependencies all met for <TaskInstance: parallel_dag.task2 2020-01-05T00:00:00+00:00 [queued]>
[2021-07-19 20:32:49,313] {taskinstance.py:876} INFO - Dependencies all met for <TaskInstance: parallel_dag.task2 2020-01-05T00:00:00+00:00 [queued]>
[2021-07-19 20:32:49,313] {taskinstance.py:1067} INFO - 
--------------------------------------------------------------------------------
[2021-07-19 20:32:49,314] {taskinstance.py:1068} INFO - Starting attempt 1 of 1
[2021-07-19 20:32:49,314] {taskinstance.py:1069} INFO - 
--------------------------------------------------------------------------------
[2021-07-19 20:32:49,572] {taskinstance.py:1087} INFO - Executing <Task(BashOperator): task2> on 2020-01-05T00:00:00+00:00
[2021-07-19 20:32:49,609] {standard_task_runner.py:52} INFO - Started process 7196 to run task
[2021-07-19 20:32:50,016] {standard_task_runner.py:76} INFO - Running: ['airflow', 'tasks', 'run', 'parallel_dag', 'task2', '2020-01-05T00:00:00+00:00', '--job-id', '72', '--pool', 'default_pool', '--raw', '--subdir', 'DAGS_FOLDER/parallel_dag.py', '--cfg-path', '/tmp/tmpw6xtgvcp', '--error-file', '/tmp/tmpd5o9v0gp']
[2021-07-19 20:32:50,090] {standard_task_runner.py:77} INFO - Job 72: Subtask task2
[2021-07-19 20:32:51,830] {logging_mixin.py:104} INFO - Running <TaskInstance: parallel_dag.task2 2020-01-05T00:00:00+00:00 [running]> on host airflowvm
[2021-07-19 20:32:53,361] {taskinstance.py:1280} INFO - Exporting the following env vars:
AIRFLOW_CTX_DAG_OWNER=airflow
AIRFLOW_CTX_DAG_ID=parallel_dag
AIRFLOW_CTX_TASK_ID=task2
AIRFLOW_CTX_EXECUTION_DATE=2020-01-05T00:00:00+00:00
AIRFLOW_CTX_DAG_RUN_ID=scheduled__2020-01-05T00:00:00+00:00
[2021-07-19 20:32:53,362] {subprocess.py:52} INFO - Tmp dir root location: 
 /tmp
[2021-07-19 20:32:53,382] {subprocess.py:63} INFO - Running command: ['bash', '-c', 'sleep 3']
[2021-07-19 20:32:53,474] {subprocess.py:75} INFO - Output:
[2021-07-19 20:32:56,507] {subprocess.py:83} INFO - Command exited with return code 0
[2021-07-19 20:32:57,047] {taskinstance.py:1184} INFO - Marking task as SUCCESS. dag_id=parallel_dag, task_id=task2, execution_date=20200105T000000, start_date=20210719T203248, end_date=20210719T203257
[2021-07-19 20:32:58,991] {taskinstance.py:1245} INFO - 0 downstream tasks scheduled from follow-on schedule check
[2021-07-19 20:32:59,051] {local_task_job.py:151} INFO - Task exited with return code 0
