[2021-07-19 20:33:23,965] {taskinstance.py:876} INFO - Dependencies all met for <TaskInstance: parallel_dag.task2 2020-01-14T00:00:00+00:00 [queued]>
[2021-07-19 20:33:24,212] {taskinstance.py:876} INFO - Dependencies all met for <TaskInstance: parallel_dag.task2 2020-01-14T00:00:00+00:00 [queued]>
[2021-07-19 20:33:24,213] {taskinstance.py:1067} INFO - 
--------------------------------------------------------------------------------
[2021-07-19 20:33:24,213] {taskinstance.py:1068} INFO - Starting attempt 1 of 1
[2021-07-19 20:33:24,213] {taskinstance.py:1069} INFO - 
--------------------------------------------------------------------------------
[2021-07-19 20:33:24,395] {taskinstance.py:1087} INFO - Executing <Task(BashOperator): task2> on 2020-01-14T00:00:00+00:00
[2021-07-19 20:33:24,426] {standard_task_runner.py:52} INFO - Started process 8283 to run task
[2021-07-19 20:33:24,517] {standard_task_runner.py:76} INFO - Running: ['airflow', 'tasks', 'run', 'parallel_dag', 'task2', '2020-01-14T00:00:00+00:00', '--job-id', '102', '--pool', 'default_pool', '--raw', '--subdir', 'DAGS_FOLDER/parallel_dag.py', '--cfg-path', '/tmp/tmpk4uidzln', '--error-file', '/tmp/tmp5ogskz4x']
[2021-07-19 20:33:24,569] {standard_task_runner.py:77} INFO - Job 102: Subtask task2
[2021-07-19 20:33:25,253] {logging_mixin.py:104} INFO - Running <TaskInstance: parallel_dag.task2 2020-01-14T00:00:00+00:00 [running]> on host airflowvm
[2021-07-19 20:33:26,716] {taskinstance.py:1280} INFO - Exporting the following env vars:
AIRFLOW_CTX_DAG_OWNER=airflow
AIRFLOW_CTX_DAG_ID=parallel_dag
AIRFLOW_CTX_TASK_ID=task2
AIRFLOW_CTX_EXECUTION_DATE=2020-01-14T00:00:00+00:00
AIRFLOW_CTX_DAG_RUN_ID=scheduled__2020-01-14T00:00:00+00:00
[2021-07-19 20:33:26,717] {subprocess.py:52} INFO - Tmp dir root location: 
 /tmp
[2021-07-19 20:33:26,779] {subprocess.py:63} INFO - Running command: ['bash', '-c', 'sleep 3']
[2021-07-19 20:33:26,982] {subprocess.py:75} INFO - Output:
[2021-07-19 20:33:30,009] {subprocess.py:83} INFO - Command exited with return code 0
[2021-07-19 20:33:30,407] {taskinstance.py:1184} INFO - Marking task as SUCCESS. dag_id=parallel_dag, task_id=task2, execution_date=20200114T000000, start_date=20210719T203324, end_date=20210719T203330
[2021-07-19 20:33:32,167] {taskinstance.py:1245} INFO - 0 downstream tasks scheduled from follow-on schedule check
[2021-07-19 20:33:32,197] {local_task_job.py:151} INFO - Task exited with return code 0
