[2021-07-19 20:33:06,760] {taskinstance.py:876} INFO - Dependencies all met for <TaskInstance: parallel_dag.task4 2020-01-02T00:00:00+00:00 [queued]>
[2021-07-19 20:33:06,970] {taskinstance.py:876} INFO - Dependencies all met for <TaskInstance: parallel_dag.task4 2020-01-02T00:00:00+00:00 [queued]>
[2021-07-19 20:33:06,970] {taskinstance.py:1067} INFO - 
--------------------------------------------------------------------------------
[2021-07-19 20:33:06,971] {taskinstance.py:1068} INFO - Starting attempt 1 of 1
[2021-07-19 20:33:06,971] {taskinstance.py:1069} INFO - 
--------------------------------------------------------------------------------
[2021-07-19 20:33:07,093] {taskinstance.py:1087} INFO - Executing <Task(BashOperator): task4> on 2020-01-02T00:00:00+00:00
[2021-07-19 20:33:07,118] {standard_task_runner.py:52} INFO - Started process 7703 to run task
[2021-07-19 20:33:07,214] {standard_task_runner.py:76} INFO - Running: ['airflow', 'tasks', 'run', 'parallel_dag', 'task4', '2020-01-02T00:00:00+00:00', '--job-id', '86', '--pool', 'default_pool', '--raw', '--subdir', 'DAGS_FOLDER/parallel_dag.py', '--cfg-path', '/tmp/tmptq0661a6', '--error-file', '/tmp/tmptrg0z0gz']
[2021-07-19 20:33:07,239] {standard_task_runner.py:77} INFO - Job 86: Subtask task4
[2021-07-19 20:33:07,925] {logging_mixin.py:104} INFO - Running <TaskInstance: parallel_dag.task4 2020-01-02T00:00:00+00:00 [running]> on host airflowvm
[2021-07-19 20:33:09,576] {taskinstance.py:1280} INFO - Exporting the following env vars:
AIRFLOW_CTX_DAG_OWNER=airflow
AIRFLOW_CTX_DAG_ID=parallel_dag
AIRFLOW_CTX_TASK_ID=task4
AIRFLOW_CTX_EXECUTION_DATE=2020-01-02T00:00:00+00:00
AIRFLOW_CTX_DAG_RUN_ID=scheduled__2020-01-02T00:00:00+00:00
[2021-07-19 20:33:09,578] {subprocess.py:52} INFO - Tmp dir root location: 
 /tmp
[2021-07-19 20:33:09,629] {subprocess.py:63} INFO - Running command: ['bash', '-c', 'sleep 3']
[2021-07-19 20:33:09,710] {subprocess.py:75} INFO - Output:
[2021-07-19 20:33:12,786] {subprocess.py:83} INFO - Command exited with return code 0
[2021-07-19 20:33:13,534] {taskinstance.py:1184} INFO - Marking task as SUCCESS. dag_id=parallel_dag, task_id=task4, execution_date=20200102T000000, start_date=20210719T203306, end_date=20210719T203313
[2021-07-19 20:33:15,469] {taskinstance.py:1245} INFO - 0 downstream tasks scheduled from follow-on schedule check
[2021-07-19 20:33:15,590] {local_task_job.py:151} INFO - Task exited with return code 0
