[2021-07-20 16:24:30,827] {taskinstance.py:876} INFO - Dependencies all met for <TaskInstance: xcom_dag.processing_tasks.training_model_a 2021-07-20T16:24:24.911039+00:00 [queued]>
[2021-07-20 16:24:30,914] {taskinstance.py:876} INFO - Dependencies all met for <TaskInstance: xcom_dag.processing_tasks.training_model_a 2021-07-20T16:24:24.911039+00:00 [queued]>
[2021-07-20 16:24:30,917] {taskinstance.py:1067} INFO - 
--------------------------------------------------------------------------------
[2021-07-20 16:24:30,922] {taskinstance.py:1068} INFO - Starting attempt 1 of 1
[2021-07-20 16:24:30,923] {taskinstance.py:1069} INFO - 
--------------------------------------------------------------------------------
[2021-07-20 16:24:30,974] {taskinstance.py:1087} INFO - Executing <Task(PythonOperator): processing_tasks.training_model_a> on 2021-07-20T16:24:24.911039+00:00
[2021-07-20 16:24:30,985] {standard_task_runner.py:52} INFO - Started process 9877 to run task
[2021-07-20 16:24:31,011] {standard_task_runner.py:76} INFO - Running: ['airflow', 'tasks', 'run', 'xcom_dag', 'processing_tasks.training_model_a', '2021-07-20T16:24:24.911039+00:00', '--job-id', '242', '--pool', 'default_pool', '--raw', '--subdir', 'DAGS_FOLDER/xcom_dag.py', '--cfg-path', '/tmp/tmp54b_pv8z', '--error-file', '/tmp/tmpszlvymjb']
[2021-07-20 16:24:31,031] {standard_task_runner.py:77} INFO - Job 242: Subtask processing_tasks.training_model_a
[2021-07-20 16:24:31,257] {logging_mixin.py:104} INFO - Running <TaskInstance: xcom_dag.processing_tasks.training_model_a 2021-07-20T16:24:24.911039+00:00 [running]> on host airflowvm
[2021-07-20 16:24:31,641] {taskinstance.py:1280} INFO - Exporting the following env vars:
AIRFLOW_CTX_DAG_OWNER=airflow
AIRFLOW_CTX_DAG_ID=xcom_dag
AIRFLOW_CTX_TASK_ID=processing_tasks.training_model_a
AIRFLOW_CTX_EXECUTION_DATE=2021-07-20T16:24:24.911039+00:00
AIRFLOW_CTX_DAG_RUN_ID=manual__2021-07-20T16:24:24.911039+00:00
[2021-07-20 16:24:31,642] {logging_mixin.py:104} INFO - model's accuracy: 7.854262008216805
[2021-07-20 16:24:31,730] {python.py:151} INFO - Done. Returned value was: None
[2021-07-20 16:24:31,773] {taskinstance.py:1184} INFO - Marking task as SUCCESS. dag_id=xcom_dag, task_id=processing_tasks.training_model_a, execution_date=20210720T162424, start_date=20210720T162430, end_date=20210720T162431
[2021-07-20 16:24:31,926] {taskinstance.py:1245} INFO - 1 downstream tasks scheduled from follow-on schedule check
[2021-07-20 16:24:31,963] {local_task_job.py:151} INFO - Task exited with return code 0
