[2021-07-19 23:19:45,567] {taskinstance.py:876} INFO - Dependencies all met for <TaskInstance: parallel_dag.task4 2021-07-18T00:00:00+00:00 [queued]>
[2021-07-19 23:19:45,602] {taskinstance.py:876} INFO - Dependencies all met for <TaskInstance: parallel_dag.task4 2021-07-18T00:00:00+00:00 [queued]>
[2021-07-19 23:19:45,603] {taskinstance.py:1067} INFO - 
--------------------------------------------------------------------------------
[2021-07-19 23:19:45,603] {taskinstance.py:1068} INFO - Starting attempt 2 of 2
[2021-07-19 23:19:45,604] {taskinstance.py:1069} INFO - 
--------------------------------------------------------------------------------
[2021-07-19 23:19:45,619] {taskinstance.py:1087} INFO - Executing <Task(BashOperator): task4> on 2021-07-18T00:00:00+00:00
[2021-07-19 23:19:45,624] {standard_task_runner.py:52} INFO - Started process 46021 to run task
[2021-07-19 23:19:45,636] {standard_task_runner.py:76} INFO - Running: ['airflow', 'tasks', 'run', 'parallel_dag', 'task4', '2021-07-18T00:00:00+00:00', '--job-id', '148', '--pool', 'default_pool', '--raw', '--subdir', 'DAGS_FOLDER/parallel_dag.py', '--cfg-path', '/tmp/tmpgxuusdjr', '--error-file', '/tmp/tmpkpxjjrqr']
[2021-07-19 23:19:45,637] {standard_task_runner.py:77} INFO - Job 148: Subtask task4
[2021-07-19 23:19:45,739] {logging_mixin.py:104} INFO - Running <TaskInstance: parallel_dag.task4 2021-07-18T00:00:00+00:00 [running]> on host airflowvm
[2021-07-19 23:19:45,888] {taskinstance.py:1280} INFO - Exporting the following env vars:
AIRFLOW_CTX_DAG_OWNER=airflow
AIRFLOW_CTX_DAG_ID=parallel_dag
AIRFLOW_CTX_TASK_ID=task4
AIRFLOW_CTX_EXECUTION_DATE=2021-07-18T00:00:00+00:00
AIRFLOW_CTX_DAG_RUN_ID=scheduled__2021-07-18T00:00:00+00:00
[2021-07-19 23:19:45,889] {subprocess.py:52} INFO - Tmp dir root location: 
 /tmp
[2021-07-19 23:19:45,890] {subprocess.py:63} INFO - Running command: ['bash', '-c', 'sleep 3']
[2021-07-19 23:19:45,904] {subprocess.py:75} INFO - Output:
[2021-07-19 23:19:48,907] {subprocess.py:83} INFO - Command exited with return code 0
[2021-07-19 23:19:48,954] {taskinstance.py:1184} INFO - Marking task as SUCCESS. dag_id=parallel_dag, task_id=task4, execution_date=20210718T000000, start_date=20210719T231945, end_date=20210719T231948
[2021-07-19 23:19:49,001] {taskinstance.py:1245} INFO - 0 downstream tasks scheduled from follow-on schedule check
[2021-07-19 23:19:49,033] {local_task_job.py:151} INFO - Task exited with return code 0
