[2021-07-20 04:40:31,894] {taskinstance.py:876} INFO - Dependencies all met for <TaskInstance: xcom_dag.processing_tasks.training_model_a 2021-07-20T04:40:24.815441+00:00 [queued]>
[2021-07-20 04:40:32,005] {taskinstance.py:876} INFO - Dependencies all met for <TaskInstance: xcom_dag.processing_tasks.training_model_a 2021-07-20T04:40:24.815441+00:00 [queued]>
[2021-07-20 04:40:32,007] {taskinstance.py:1067} INFO - 
--------------------------------------------------------------------------------
[2021-07-20 04:40:32,008] {taskinstance.py:1068} INFO - Starting attempt 1 of 1
[2021-07-20 04:40:32,015] {taskinstance.py:1069} INFO - 
--------------------------------------------------------------------------------
[2021-07-20 04:40:32,060] {taskinstance.py:1087} INFO - Executing <Task(PythonOperator): processing_tasks.training_model_a> on 2021-07-20T04:40:24.815441+00:00
[2021-07-20 04:40:32,082] {standard_task_runner.py:52} INFO - Started process 4126 to run task
[2021-07-20 04:40:32,113] {standard_task_runner.py:76} INFO - Running: ['airflow', 'tasks', 'run', 'xcom_dag', 'processing_tasks.training_model_a', '2021-07-20T04:40:24.815441+00:00', '--job-id', '178', '--pool', 'default_pool', '--raw', '--subdir', 'DAGS_FOLDER/xcom_dag.py', '--cfg-path', '/tmp/tmp3pmyp8d3', '--error-file', '/tmp/tmpz30dqm7l']
[2021-07-20 04:40:32,122] {standard_task_runner.py:77} INFO - Job 178: Subtask processing_tasks.training_model_a
[2021-07-20 04:40:32,405] {logging_mixin.py:104} INFO - Running <TaskInstance: xcom_dag.processing_tasks.training_model_a 2021-07-20T04:40:24.815441+00:00 [running]> on host airflowvm
[2021-07-20 04:40:32,854] {taskinstance.py:1280} INFO - Exporting the following env vars:
AIRFLOW_CTX_DAG_OWNER=airflow
AIRFLOW_CTX_DAG_ID=xcom_dag
AIRFLOW_CTX_TASK_ID=processing_tasks.training_model_a
AIRFLOW_CTX_EXECUTION_DATE=2021-07-20T04:40:24.815441+00:00
AIRFLOW_CTX_DAG_RUN_ID=manual__2021-07-20T04:40:24.815441+00:00
[2021-07-20 04:40:32,855] {logging_mixin.py:104} INFO - model's accuracy: 9.568179398382021
[2021-07-20 04:40:32,983] {python.py:151} INFO - Done. Returned value was: None
[2021-07-20 04:40:33,100] {taskinstance.py:1184} INFO - Marking task as SUCCESS. dag_id=xcom_dag, task_id=processing_tasks.training_model_a, execution_date=20210720T044024, start_date=20210720T044031, end_date=20210720T044033
[2021-07-20 04:40:33,271] {taskinstance.py:1245} INFO - 1 downstream tasks scheduled from follow-on schedule check
[2021-07-20 04:40:33,310] {local_task_job.py:151} INFO - Task exited with return code 0
