[2021-07-20 16:31:40,294] {taskinstance.py:876} INFO - Dependencies all met for <TaskInstance: xcom_dag.processing_tasks.training_model_b 2021-07-20T16:31:35.069600+00:00 [queued]>
[2021-07-20 16:31:40,379] {taskinstance.py:876} INFO - Dependencies all met for <TaskInstance: xcom_dag.processing_tasks.training_model_b 2021-07-20T16:31:35.069600+00:00 [queued]>
[2021-07-20 16:31:40,380] {taskinstance.py:1067} INFO - 
--------------------------------------------------------------------------------
[2021-07-20 16:31:40,384] {taskinstance.py:1068} INFO - Starting attempt 1 of 1
[2021-07-20 16:31:40,384] {taskinstance.py:1069} INFO - 
--------------------------------------------------------------------------------
[2021-07-20 16:31:40,412] {taskinstance.py:1087} INFO - Executing <Task(PythonOperator): processing_tasks.training_model_b> on 2021-07-20T16:31:35.069600+00:00
[2021-07-20 16:31:40,430] {standard_task_runner.py:52} INFO - Started process 10805 to run task
[2021-07-20 16:31:40,453] {standard_task_runner.py:76} INFO - Running: ['airflow', 'tasks', 'run', 'xcom_dag', 'processing_tasks.training_model_b', '2021-07-20T16:31:35.069600+00:00', '--job-id', '261', '--pool', 'default_pool', '--raw', '--subdir', 'DAGS_FOLDER/xcom_dag.py', '--cfg-path', '/tmp/tmpn90w1np3', '--error-file', '/tmp/tmpf0wdkv96']
[2021-07-20 16:31:40,471] {standard_task_runner.py:77} INFO - Job 261: Subtask processing_tasks.training_model_b
[2021-07-20 16:31:40,621] {logging_mixin.py:104} INFO - Running <TaskInstance: xcom_dag.processing_tasks.training_model_b 2021-07-20T16:31:35.069600+00:00 [running]> on host airflowvm
[2021-07-20 16:31:40,824] {taskinstance.py:1280} INFO - Exporting the following env vars:
AIRFLOW_CTX_DAG_OWNER=airflow
AIRFLOW_CTX_DAG_ID=xcom_dag
AIRFLOW_CTX_TASK_ID=processing_tasks.training_model_b
AIRFLOW_CTX_EXECUTION_DATE=2021-07-20T16:31:35.069600+00:00
AIRFLOW_CTX_DAG_RUN_ID=manual__2021-07-20T16:31:35.069600+00:00
[2021-07-20 16:31:40,825] {logging_mixin.py:104} INFO - model's accuracy: 4.38482096107967
[2021-07-20 16:31:40,897] {python.py:151} INFO - Done. Returned value was: None
[2021-07-20 16:31:40,937] {taskinstance.py:1184} INFO - Marking task as SUCCESS. dag_id=xcom_dag, task_id=processing_tasks.training_model_b, execution_date=20210720T163135, start_date=20210720T163140, end_date=20210720T163140
[2021-07-20 16:31:41,083] {taskinstance.py:1245} INFO - 1 downstream tasks scheduled from follow-on schedule check
[2021-07-20 16:31:41,100] {local_task_job.py:151} INFO - Task exited with return code 0
