[2021-07-20 16:30:49,500] {taskinstance.py:876} INFO - Dependencies all met for <TaskInstance: xcom_dag.Choose_model 2021-07-20T16:30:42.271690+00:00 [queued]>
[2021-07-20 16:30:49,526] {taskinstance.py:876} INFO - Dependencies all met for <TaskInstance: xcom_dag.Choose_model 2021-07-20T16:30:42.271690+00:00 [queued]>
[2021-07-20 16:30:49,526] {taskinstance.py:1067} INFO - 
--------------------------------------------------------------------------------
[2021-07-20 16:30:49,527] {taskinstance.py:1068} INFO - Starting attempt 1 of 1
[2021-07-20 16:30:49,527] {taskinstance.py:1069} INFO - 
--------------------------------------------------------------------------------
[2021-07-20 16:30:49,539] {taskinstance.py:1087} INFO - Executing <Task(PythonOperator): Choose_model> on 2021-07-20T16:30:42.271690+00:00
[2021-07-20 16:30:49,542] {standard_task_runner.py:52} INFO - Started process 10682 to run task
[2021-07-20 16:30:49,549] {standard_task_runner.py:76} INFO - Running: ['airflow', 'tasks', 'run', 'xcom_dag', 'Choose_model', '2021-07-20T16:30:42.271690+00:00', '--job-id', '258', '--pool', 'default_pool', '--raw', '--subdir', 'DAGS_FOLDER/xcom_dag.py', '--cfg-path', '/tmp/tmpdz8ggvkc', '--error-file', '/tmp/tmpyb5klhdm']
[2021-07-20 16:30:49,550] {standard_task_runner.py:77} INFO - Job 258: Subtask Choose_model
[2021-07-20 16:30:49,625] {logging_mixin.py:104} INFO - Running <TaskInstance: xcom_dag.Choose_model 2021-07-20T16:30:42.271690+00:00 [running]> on host airflowvm
[2021-07-20 16:30:49,711] {taskinstance.py:1280} INFO - Exporting the following env vars:
AIRFLOW_CTX_DAG_OWNER=airflow
AIRFLOW_CTX_DAG_ID=xcom_dag
AIRFLOW_CTX_TASK_ID=Choose_model
AIRFLOW_CTX_EXECUTION_DATE=2021-07-20T16:30:42.271690+00:00
AIRFLOW_CTX_DAG_RUN_ID=manual__2021-07-20T16:30:42.271690+00:00
[2021-07-20 16:30:49,712] {logging_mixin.py:104} INFO - choose best model
[2021-07-20 16:30:49,725] {python.py:151} INFO - Done. Returned value was: inaccurate
[2021-07-20 16:30:49,795] {taskinstance.py:1184} INFO - Marking task as SUCCESS. dag_id=xcom_dag, task_id=Choose_model, execution_date=20210720T163042, start_date=20210720T163049, end_date=20210720T163049
[2021-07-20 16:30:49,843] {taskinstance.py:1245} INFO - 0 downstream tasks scheduled from follow-on schedule check
[2021-07-20 16:30:49,883] {local_task_job.py:151} INFO - Task exited with return code 0
