[2021-07-20 00:00:06,224] {taskinstance.py:876} INFO - Dependencies all met for <TaskInstance: parallel_dag.processing_tasks.task2 2021-07-19T00:00:00+00:00 [queued]>
[2021-07-20 00:00:06,269] {taskinstance.py:876} INFO - Dependencies all met for <TaskInstance: parallel_dag.processing_tasks.task2 2021-07-19T00:00:00+00:00 [queued]>
[2021-07-20 00:00:06,270] {taskinstance.py:1067} INFO - 
--------------------------------------------------------------------------------
[2021-07-20 00:00:06,273] {taskinstance.py:1068} INFO - Starting attempt 1 of 1
[2021-07-20 00:00:06,275] {taskinstance.py:1069} INFO - 
--------------------------------------------------------------------------------
[2021-07-20 00:00:06,304] {taskinstance.py:1087} INFO - Executing <Task(BashOperator): task2> on 2021-07-19T00:00:00+00:00
[2021-07-20 00:00:06,313] {standard_task_runner.py:52} INFO - Started process 47650 to run task
[2021-07-20 00:00:06,336] {standard_task_runner.py:76} INFO - Running: ['airflow', 'tasks', 'run', 'parallel_dag.processing_tasks', 'task2', '2021-07-19T00:00:00+00:00', '--job-id', '152', '--pool', 'default_pool', '--raw', '--subdir', 'DAGS_FOLDER/parallel_dag.py', '--cfg-path', '/tmp/tmpnl0c_43j', '--error-file', '/tmp/tmp07chxqng']
[2021-07-20 00:00:06,341] {standard_task_runner.py:77} INFO - Job 152: Subtask task2
[2021-07-20 00:00:06,505] {logging_mixin.py:104} INFO - Running <TaskInstance: parallel_dag.processing_tasks.task2 2021-07-19T00:00:00+00:00 [running]> on host airflowvm
[2021-07-20 00:00:06,719] {taskinstance.py:1280} INFO - Exporting the following env vars:
AIRFLOW_CTX_DAG_OWNER=airflow
AIRFLOW_CTX_DAG_ID=parallel_dag.processing_tasks
AIRFLOW_CTX_TASK_ID=task2
AIRFLOW_CTX_EXECUTION_DATE=2021-07-19T00:00:00+00:00
AIRFLOW_CTX_DAG_RUN_ID=scheduled__2021-07-19T00:00:00+00:00
[2021-07-20 00:00:06,720] {subprocess.py:52} INFO - Tmp dir root location: 
 /tmp
[2021-07-20 00:00:06,720] {subprocess.py:63} INFO - Running command: ['bash', '-c', 'sleep 3']
[2021-07-20 00:00:06,745] {subprocess.py:75} INFO - Output:
[2021-07-20 00:00:09,761] {subprocess.py:83} INFO - Command exited with return code 0
[2021-07-20 00:00:09,858] {taskinstance.py:1184} INFO - Marking task as SUCCESS. dag_id=parallel_dag.processing_tasks, task_id=task2, execution_date=20210719T000000, start_date=20210720T000006, end_date=20210720T000009
[2021-07-20 00:00:09,980] {taskinstance.py:1245} INFO - 0 downstream tasks scheduled from follow-on schedule check
[2021-07-20 00:00:10,015] {local_task_job.py:151} INFO - Task exited with return code 0
