[2021-07-20 15:38:01,191] {taskinstance.py:876} INFO - Dependencies all met for <TaskInstance: xcom_dag.processing_tasks.training_model_c 2021-07-20T15:37:55.455363+00:00 [queued]>
[2021-07-20 15:38:01,297] {taskinstance.py:876} INFO - Dependencies all met for <TaskInstance: xcom_dag.processing_tasks.training_model_c 2021-07-20T15:37:55.455363+00:00 [queued]>
[2021-07-20 15:38:01,303] {taskinstance.py:1067} INFO - 
--------------------------------------------------------------------------------
[2021-07-20 15:38:01,304] {taskinstance.py:1068} INFO - Starting attempt 1 of 1
[2021-07-20 15:38:01,305] {taskinstance.py:1069} INFO - 
--------------------------------------------------------------------------------
[2021-07-20 15:38:01,388] {taskinstance.py:1087} INFO - Executing <Task(PythonOperator): processing_tasks.training_model_c> on 2021-07-20T15:37:55.455363+00:00
[2021-07-20 15:38:01,396] {standard_task_runner.py:52} INFO - Started process 6307 to run task
[2021-07-20 15:38:01,421] {standard_task_runner.py:76} INFO - Running: ['airflow', 'tasks', 'run', 'xcom_dag', 'processing_tasks.training_model_c', '2021-07-20T15:37:55.455363+00:00', '--job-id', '210', '--pool', 'default_pool', '--raw', '--subdir', 'DAGS_FOLDER/xcom_dag.py', '--cfg-path', '/tmp/tmpbedzgzvi', '--error-file', '/tmp/tmptnwoc0wd']
[2021-07-20 15:38:01,426] {standard_task_runner.py:77} INFO - Job 210: Subtask processing_tasks.training_model_c
[2021-07-20 15:38:01,630] {logging_mixin.py:104} INFO - Running <TaskInstance: xcom_dag.processing_tasks.training_model_c 2021-07-20T15:37:55.455363+00:00 [running]> on host airflowvm
[2021-07-20 15:38:01,979] {taskinstance.py:1280} INFO - Exporting the following env vars:
AIRFLOW_CTX_DAG_OWNER=airflow
AIRFLOW_CTX_DAG_ID=xcom_dag
AIRFLOW_CTX_TASK_ID=processing_tasks.training_model_c
AIRFLOW_CTX_EXECUTION_DATE=2021-07-20T15:37:55.455363+00:00
AIRFLOW_CTX_DAG_RUN_ID=manual__2021-07-20T15:37:55.455363+00:00
[2021-07-20 15:38:02,001] {logging_mixin.py:104} INFO - model's accuracy: 1.5239268925015688
[2021-07-20 15:38:02,135] {python.py:151} INFO - Done. Returned value was: None
[2021-07-20 15:38:02,201] {taskinstance.py:1184} INFO - Marking task as SUCCESS. dag_id=xcom_dag, task_id=processing_tasks.training_model_c, execution_date=20210720T153755, start_date=20210720T153801, end_date=20210720T153802
[2021-07-20 15:38:02,354] {taskinstance.py:1245} INFO - 0 downstream tasks scheduled from follow-on schedule check
[2021-07-20 15:38:02,364] {local_task_job.py:151} INFO - Task exited with return code 0
