[2021-07-20 16:31:35,818] {taskinstance.py:876} INFO - Dependencies all met for <TaskInstance: xcom_dag.downloading_data 2021-07-20T16:31:35.069600+00:00 [queued]>
[2021-07-20 16:31:35,841] {taskinstance.py:876} INFO - Dependencies all met for <TaskInstance: xcom_dag.downloading_data 2021-07-20T16:31:35.069600+00:00 [queued]>
[2021-07-20 16:31:35,841] {taskinstance.py:1067} INFO - 
--------------------------------------------------------------------------------
[2021-07-20 16:31:35,842] {taskinstance.py:1068} INFO - Starting attempt 1 of 1
[2021-07-20 16:31:35,842] {taskinstance.py:1069} INFO - 
--------------------------------------------------------------------------------
[2021-07-20 16:31:35,854] {taskinstance.py:1087} INFO - Executing <Task(BashOperator): downloading_data> on 2021-07-20T16:31:35.069600+00:00
[2021-07-20 16:31:35,857] {standard_task_runner.py:52} INFO - Started process 10764 to run task
[2021-07-20 16:31:35,863] {standard_task_runner.py:76} INFO - Running: ['airflow', 'tasks', 'run', 'xcom_dag', 'downloading_data', '2021-07-20T16:31:35.069600+00:00', '--job-id', '259', '--pool', 'default_pool', '--raw', '--subdir', 'DAGS_FOLDER/xcom_dag.py', '--cfg-path', '/tmp/tmpefb7fuds', '--error-file', '/tmp/tmpml2n6kwf']
[2021-07-20 16:31:35,876] {standard_task_runner.py:77} INFO - Job 259: Subtask downloading_data
[2021-07-20 16:31:35,963] {logging_mixin.py:104} INFO - Running <TaskInstance: xcom_dag.downloading_data 2021-07-20T16:31:35.069600+00:00 [running]> on host airflowvm
[2021-07-20 16:31:36,063] {taskinstance.py:1280} INFO - Exporting the following env vars:
AIRFLOW_CTX_DAG_OWNER=airflow
AIRFLOW_CTX_DAG_ID=xcom_dag
AIRFLOW_CTX_TASK_ID=downloading_data
AIRFLOW_CTX_EXECUTION_DATE=2021-07-20T16:31:35.069600+00:00
AIRFLOW_CTX_DAG_RUN_ID=manual__2021-07-20T16:31:35.069600+00:00
[2021-07-20 16:31:36,065] {subprocess.py:52} INFO - Tmp dir root location: 
 /tmp
[2021-07-20 16:31:36,066] {subprocess.py:63} INFO - Running command: ['bash', '-c', 'sleep 3']
[2021-07-20 16:31:36,075] {subprocess.py:75} INFO - Output:
[2021-07-20 16:31:39,078] {subprocess.py:83} INFO - Command exited with return code 0
[2021-07-20 16:31:39,104] {taskinstance.py:1184} INFO - Marking task as SUCCESS. dag_id=xcom_dag, task_id=downloading_data, execution_date=20210720T163135, start_date=20210720T163135, end_date=20210720T163139
[2021-07-20 16:31:39,156] {taskinstance.py:1245} INFO - 3 downstream tasks scheduled from follow-on schedule check
[2021-07-20 16:31:39,185] {local_task_job.py:151} INFO - Task exited with return code 0
