[2021-07-20 00:01:06,389] {taskinstance.py:876} INFO - Dependencies all met for <TaskInstance: parallel_dag.task4 2021-07-19T00:00:00+00:00 [queued]>
[2021-07-20 00:01:06,448] {taskinstance.py:876} INFO - Dependencies all met for <TaskInstance: parallel_dag.task4 2021-07-19T00:00:00+00:00 [queued]>
[2021-07-20 00:01:06,450] {taskinstance.py:1067} INFO - 
--------------------------------------------------------------------------------
[2021-07-20 00:01:06,453] {taskinstance.py:1068} INFO - Starting attempt 1 of 1
[2021-07-20 00:01:06,456] {taskinstance.py:1069} INFO - 
--------------------------------------------------------------------------------
[2021-07-20 00:01:06,477] {taskinstance.py:1087} INFO - Executing <Task(BashOperator): task4> on 2021-07-19T00:00:00+00:00
[2021-07-20 00:01:06,482] {standard_task_runner.py:52} INFO - Started process 47796 to run task
[2021-07-20 00:01:06,509] {standard_task_runner.py:76} INFO - Running: ['airflow', 'tasks', 'run', 'parallel_dag', 'task4', '2021-07-19T00:00:00+00:00', '--job-id', '153', '--pool', 'default_pool', '--raw', '--subdir', 'DAGS_FOLDER/parallel_dag.py', '--cfg-path', '/tmp/tmp1lz0wijb', '--error-file', '/tmp/tmpgu12djoi']
[2021-07-20 00:01:06,512] {standard_task_runner.py:77} INFO - Job 153: Subtask task4
[2021-07-20 00:01:06,698] {logging_mixin.py:104} INFO - Running <TaskInstance: parallel_dag.task4 2021-07-19T00:00:00+00:00 [running]> on host airflowvm
[2021-07-20 00:01:06,963] {taskinstance.py:1280} INFO - Exporting the following env vars:
AIRFLOW_CTX_DAG_OWNER=airflow
AIRFLOW_CTX_DAG_ID=parallel_dag
AIRFLOW_CTX_TASK_ID=task4
AIRFLOW_CTX_EXECUTION_DATE=2021-07-19T00:00:00+00:00
AIRFLOW_CTX_DAG_RUN_ID=scheduled__2021-07-19T00:00:00+00:00
[2021-07-20 00:01:06,987] {subprocess.py:52} INFO - Tmp dir root location: 
 /tmp
[2021-07-20 00:01:06,990] {subprocess.py:63} INFO - Running command: ['bash', '-c', 'sleep 3']
[2021-07-20 00:01:07,037] {subprocess.py:75} INFO - Output:
[2021-07-20 00:01:10,059] {subprocess.py:83} INFO - Command exited with return code 0
[2021-07-20 00:01:10,111] {taskinstance.py:1184} INFO - Marking task as SUCCESS. dag_id=parallel_dag, task_id=task4, execution_date=20210719T000000, start_date=20210720T000106, end_date=20210720T000110
[2021-07-20 00:01:10,209] {taskinstance.py:1245} INFO - 0 downstream tasks scheduled from follow-on schedule check
[2021-07-20 00:01:10,261] {local_task_job.py:151} INFO - Task exited with return code 0
