[2021-07-20 16:28:52,211] {taskinstance.py:876} INFO - Dependencies all met for <TaskInstance: xcom_dag.processing_tasks.training_model_c 2021-07-20T16:28:45.651114+00:00 [queued]>
[2021-07-20 16:28:52,317] {taskinstance.py:876} INFO - Dependencies all met for <TaskInstance: xcom_dag.processing_tasks.training_model_c 2021-07-20T16:28:45.651114+00:00 [queued]>
[2021-07-20 16:28:52,325] {taskinstance.py:1067} INFO - 
--------------------------------------------------------------------------------
[2021-07-20 16:28:52,331] {taskinstance.py:1068} INFO - Starting attempt 1 of 1
[2021-07-20 16:28:52,332] {taskinstance.py:1069} INFO - 
--------------------------------------------------------------------------------
[2021-07-20 16:28:52,381] {taskinstance.py:1087} INFO - Executing <Task(PythonOperator): processing_tasks.training_model_c> on 2021-07-20T16:28:45.651114+00:00
[2021-07-20 16:28:52,399] {standard_task_runner.py:52} INFO - Started process 10383 to run task
[2021-07-20 16:28:52,440] {standard_task_runner.py:76} INFO - Running: ['airflow', 'tasks', 'run', 'xcom_dag', 'processing_tasks.training_model_c', '2021-07-20T16:28:45.651114+00:00', '--job-id', '251', '--pool', 'default_pool', '--raw', '--subdir', 'DAGS_FOLDER/xcom_dag.py', '--cfg-path', '/tmp/tmpxikon1oc', '--error-file', '/tmp/tmpo9hnqw9k']
[2021-07-20 16:28:52,449] {standard_task_runner.py:77} INFO - Job 251: Subtask processing_tasks.training_model_c
[2021-07-20 16:28:52,666] {logging_mixin.py:104} INFO - Running <TaskInstance: xcom_dag.processing_tasks.training_model_c 2021-07-20T16:28:45.651114+00:00 [running]> on host airflowvm
[2021-07-20 16:28:53,061] {taskinstance.py:1280} INFO - Exporting the following env vars:
AIRFLOW_CTX_DAG_OWNER=airflow
AIRFLOW_CTX_DAG_ID=xcom_dag
AIRFLOW_CTX_TASK_ID=processing_tasks.training_model_c
AIRFLOW_CTX_EXECUTION_DATE=2021-07-20T16:28:45.651114+00:00
AIRFLOW_CTX_DAG_RUN_ID=manual__2021-07-20T16:28:45.651114+00:00
[2021-07-20 16:28:53,062] {logging_mixin.py:104} INFO - model's accuracy: 8.77979444534517
[2021-07-20 16:28:53,174] {python.py:151} INFO - Done. Returned value was: None
[2021-07-20 16:28:53,246] {taskinstance.py:1184} INFO - Marking task as SUCCESS. dag_id=xcom_dag, task_id=processing_tasks.training_model_c, execution_date=20210720T162845, start_date=20210720T162852, end_date=20210720T162853
[2021-07-20 16:28:53,444] {taskinstance.py:1245} INFO - 0 downstream tasks scheduled from follow-on schedule check
[2021-07-20 16:28:53,501] {local_task_job.py:151} INFO - Task exited with return code 0
