[2021-07-15 19:11:43,715] {taskinstance.py:876} INFO - Dependencies all met for <TaskInstance: user_processing.storing_user 2021-07-14T00:00:00+00:00 [queued]>
[2021-07-15 19:11:43,722] {taskinstance.py:876} INFO - Dependencies all met for <TaskInstance: user_processing.storing_user 2021-07-14T00:00:00+00:00 [queued]>
[2021-07-15 19:11:43,723] {taskinstance.py:1067} INFO - 
--------------------------------------------------------------------------------
[2021-07-15 19:11:43,724] {taskinstance.py:1068} INFO - Starting attempt 1 of 1
[2021-07-15 19:11:43,725] {taskinstance.py:1069} INFO - 
--------------------------------------------------------------------------------
[2021-07-15 19:11:43,747] {taskinstance.py:1087} INFO - Executing <Task(BashOperator): storing_user> on 2021-07-14T00:00:00+00:00
[2021-07-15 19:11:43,750] {standard_task_runner.py:52} INFO - Started process 12404 to run task
[2021-07-15 19:11:43,760] {standard_task_runner.py:76} INFO - Running: ['airflow', 'tasks', 'run', 'user_processing', 'storing_user', '2021-07-14T00:00:00+00:00', '--job-id', '22', '--pool', 'default_pool', '--raw', '--subdir', 'DAGS_FOLDER/user_processing.py', '--cfg-path', '/tmp/tmpex2rqobx', '--error-file', '/tmp/tmp94yj9okv']
[2021-07-15 19:11:43,762] {standard_task_runner.py:77} INFO - Job 22: Subtask storing_user
[2021-07-15 19:11:43,823] {logging_mixin.py:104} INFO - Running <TaskInstance: user_processing.storing_user 2021-07-14T00:00:00+00:00 [running]> on host airflowvm
[2021-07-15 19:11:43,896] {taskinstance.py:1280} INFO - Exporting the following env vars:
AIRFLOW_CTX_DAG_OWNER=airflow
AIRFLOW_CTX_DAG_ID=user_processing
AIRFLOW_CTX_TASK_ID=storing_user
AIRFLOW_CTX_EXECUTION_DATE=2021-07-14T00:00:00+00:00
AIRFLOW_CTX_DAG_RUN_ID=scheduled__2021-07-14T00:00:00+00:00
[2021-07-15 19:11:43,897] {subprocess.py:52} INFO - Tmp dir root location: 
 /tmp
[2021-07-15 19:11:43,898] {subprocess.py:63} INFO - Running command: ['bash', '-c', 'echo -e ".separator ","\n.import /tmp/processed_user.csv users" | sqlite3 /home/airflow/airflow/airflow.db']
[2021-07-15 19:11:43,905] {subprocess.py:75} INFO - Output:
[2021-07-15 19:11:43,919] {subprocess.py:83} INFO - Command exited with return code 0
[2021-07-15 19:11:43,946] {taskinstance.py:1184} INFO - Marking task as SUCCESS. dag_id=user_processing, task_id=storing_user, execution_date=20210714T000000, start_date=20210715T191143, end_date=20210715T191143
[2021-07-15 19:11:43,972] {taskinstance.py:1245} INFO - 0 downstream tasks scheduled from follow-on schedule check
[2021-07-15 19:11:44,012] {local_task_job.py:151} INFO - Task exited with return code 0
