[2021-07-15 19:41:07,196] {taskinstance.py:876} INFO - Dependencies all met for <TaskInstance: user_processing.storing_user 2021-07-14T00:00:00+00:00 [queued]>
[2021-07-15 19:41:07,210] {taskinstance.py:876} INFO - Dependencies all met for <TaskInstance: user_processing.storing_user 2021-07-14T00:00:00+00:00 [queued]>
[2021-07-15 19:41:07,212] {taskinstance.py:1067} INFO - 
--------------------------------------------------------------------------------
[2021-07-15 19:41:07,214] {taskinstance.py:1068} INFO - Starting attempt 2 of 2
[2021-07-15 19:41:07,220] {taskinstance.py:1069} INFO - 
--------------------------------------------------------------------------------
[2021-07-15 19:41:07,256] {taskinstance.py:1087} INFO - Executing <Task(BashOperator): storing_user> on 2021-07-14T00:00:00+00:00
[2021-07-15 19:41:07,264] {standard_task_runner.py:52} INFO - Started process 14051 to run task
[2021-07-15 19:41:07,270] {standard_task_runner.py:76} INFO - Running: ['airflow', 'tasks', 'run', 'user_processing', 'storing_user', '2021-07-14T00:00:00+00:00', '--job-id', '28', '--pool', 'default_pool', '--raw', '--subdir', 'DAGS_FOLDER/user_processing.py', '--cfg-path', '/tmp/tmp1fh1zkq0', '--error-file', '/tmp/tmpwsllzjbf']
[2021-07-15 19:41:07,271] {standard_task_runner.py:77} INFO - Job 28: Subtask storing_user
[2021-07-15 19:41:07,329] {logging_mixin.py:104} INFO - Running <TaskInstance: user_processing.storing_user 2021-07-14T00:00:00+00:00 [running]> on host airflowvm
[2021-07-15 19:41:07,389] {taskinstance.py:1280} INFO - Exporting the following env vars:
AIRFLOW_CTX_DAG_OWNER=airflow
AIRFLOW_CTX_DAG_ID=user_processing
AIRFLOW_CTX_TASK_ID=storing_user
AIRFLOW_CTX_EXECUTION_DATE=2021-07-14T00:00:00+00:00
AIRFLOW_CTX_DAG_RUN_ID=scheduled__2021-07-14T00:00:00+00:00
[2021-07-15 19:41:07,390] {subprocess.py:52} INFO - Tmp dir root location: 
 /tmp
[2021-07-15 19:41:07,391] {subprocess.py:63} INFO - Running command: ['bash', '-c', 'echo -e ".separator ","\n.import /tmp/processed_user.csv users" | sqlite3 /home/airflow/airflow/airflow.db']
[2021-07-15 19:41:07,397] {subprocess.py:75} INFO - Output:
[2021-07-15 19:41:07,408] {subprocess.py:83} INFO - Command exited with return code 0
[2021-07-15 19:41:07,428] {taskinstance.py:1184} INFO - Marking task as SUCCESS. dag_id=user_processing, task_id=storing_user, execution_date=20210714T000000, start_date=20210715T194107, end_date=20210715T194107
[2021-07-15 19:41:07,447] {taskinstance.py:1245} INFO - 0 downstream tasks scheduled from follow-on schedule check
[2021-07-15 19:41:07,486] {local_task_job.py:151} INFO - Task exited with return code 0
