[2021-07-19 20:32:40,445] {taskinstance.py:876} INFO - Dependencies all met for <TaskInstance: parallel_dag.task2 2020-01-03T00:00:00+00:00 [queued]>
[2021-07-19 20:32:42,025] {taskinstance.py:876} INFO - Dependencies all met for <TaskInstance: parallel_dag.task2 2020-01-03T00:00:00+00:00 [queued]>
[2021-07-19 20:32:42,026] {taskinstance.py:1067} INFO - 
--------------------------------------------------------------------------------
[2021-07-19 20:32:42,026] {taskinstance.py:1068} INFO - Starting attempt 1 of 1
[2021-07-19 20:32:42,044] {taskinstance.py:1069} INFO - 
--------------------------------------------------------------------------------
[2021-07-19 20:32:43,198] {taskinstance.py:1087} INFO - Executing <Task(BashOperator): task2> on 2020-01-03T00:00:00+00:00
[2021-07-19 20:32:43,392] {standard_task_runner.py:52} INFO - Started process 7058 to run task
[2021-07-19 20:32:43,756] {standard_task_runner.py:76} INFO - Running: ['airflow', 'tasks', 'run', 'parallel_dag', 'task2', '2020-01-03T00:00:00+00:00', '--job-id', '68', '--pool', 'default_pool', '--raw', '--subdir', 'DAGS_FOLDER/parallel_dag.py', '--cfg-path', '/tmp/tmpfsqvzewb', '--error-file', '/tmp/tmpkj7atv4b']
[2021-07-19 20:32:43,824] {standard_task_runner.py:77} INFO - Job 68: Subtask task2
[2021-07-19 20:32:45,984] {logging_mixin.py:104} INFO - Running <TaskInstance: parallel_dag.task2 2020-01-03T00:00:00+00:00 [running]> on host airflowvm
[2021-07-19 20:32:47,283] {taskinstance.py:1280} INFO - Exporting the following env vars:
AIRFLOW_CTX_DAG_OWNER=airflow
AIRFLOW_CTX_DAG_ID=parallel_dag
AIRFLOW_CTX_TASK_ID=task2
AIRFLOW_CTX_EXECUTION_DATE=2020-01-03T00:00:00+00:00
AIRFLOW_CTX_DAG_RUN_ID=scheduled__2020-01-03T00:00:00+00:00
[2021-07-19 20:32:47,286] {subprocess.py:52} INFO - Tmp dir root location: 
 /tmp
[2021-07-19 20:32:47,333] {subprocess.py:63} INFO - Running command: ['bash', '-c', 'sleep 3']
[2021-07-19 20:32:47,561] {subprocess.py:75} INFO - Output:
[2021-07-19 20:32:50,721] {subprocess.py:83} INFO - Command exited with return code 0
[2021-07-19 20:32:51,651] {taskinstance.py:1184} INFO - Marking task as SUCCESS. dag_id=parallel_dag, task_id=task2, execution_date=20200103T000000, start_date=20210719T203240, end_date=20210719T203251
[2021-07-19 20:32:54,513] {taskinstance.py:1245} INFO - 0 downstream tasks scheduled from follow-on schedule check
[2021-07-19 20:32:54,958] {local_task_job.py:151} INFO - Task exited with return code 0
