[2021-07-19 20:33:06,820] {taskinstance.py:876} INFO - Dependencies all met for <TaskInstance: parallel_dag.task3 2020-01-10T00:00:00+00:00 [queued]>
[2021-07-19 20:33:07,018] {taskinstance.py:876} INFO - Dependencies all met for <TaskInstance: parallel_dag.task3 2020-01-10T00:00:00+00:00 [queued]>
[2021-07-19 20:33:07,029] {taskinstance.py:1067} INFO - 
--------------------------------------------------------------------------------
[2021-07-19 20:33:07,029] {taskinstance.py:1068} INFO - Starting attempt 1 of 1
[2021-07-19 20:33:07,029] {taskinstance.py:1069} INFO - 
--------------------------------------------------------------------------------
[2021-07-19 20:33:07,138] {taskinstance.py:1087} INFO - Executing <Task(BashOperator): task3> on 2020-01-10T00:00:00+00:00
[2021-07-19 20:33:07,168] {standard_task_runner.py:52} INFO - Started process 7706 to run task
[2021-07-19 20:33:07,244] {standard_task_runner.py:76} INFO - Running: ['airflow', 'tasks', 'run', 'parallel_dag', 'task3', '2020-01-10T00:00:00+00:00', '--job-id', '88', '--pool', 'default_pool', '--raw', '--subdir', 'DAGS_FOLDER/parallel_dag.py', '--cfg-path', '/tmp/tmp_wv63mtf', '--error-file', '/tmp/tmpp6xkz12c']
[2021-07-19 20:33:07,245] {standard_task_runner.py:77} INFO - Job 88: Subtask task3
[2021-07-19 20:33:08,561] {logging_mixin.py:104} INFO - Running <TaskInstance: parallel_dag.task3 2020-01-10T00:00:00+00:00 [running]> on host airflowvm
[2021-07-19 20:33:09,953] {taskinstance.py:1280} INFO - Exporting the following env vars:
AIRFLOW_CTX_DAG_OWNER=airflow
AIRFLOW_CTX_DAG_ID=parallel_dag
AIRFLOW_CTX_TASK_ID=task3
AIRFLOW_CTX_EXECUTION_DATE=2020-01-10T00:00:00+00:00
AIRFLOW_CTX_DAG_RUN_ID=scheduled__2020-01-10T00:00:00+00:00
[2021-07-19 20:33:09,954] {subprocess.py:52} INFO - Tmp dir root location: 
 /tmp
[2021-07-19 20:33:09,976] {subprocess.py:63} INFO - Running command: ['bash', '-c', 'sleep 3']
[2021-07-19 20:33:10,031] {subprocess.py:75} INFO - Output:
[2021-07-19 20:33:13,050] {subprocess.py:83} INFO - Command exited with return code 0
[2021-07-19 20:33:13,568] {taskinstance.py:1184} INFO - Marking task as SUCCESS. dag_id=parallel_dag, task_id=task3, execution_date=20200110T000000, start_date=20210719T203306, end_date=20210719T203313
[2021-07-19 20:33:15,579] {taskinstance.py:1245} INFO - 0 downstream tasks scheduled from follow-on schedule check
[2021-07-19 20:33:15,694] {local_task_job.py:151} INFO - Task exited with return code 0
