[2021-07-20 15:38:03,672] {taskinstance.py:876} INFO - Dependencies all met for <TaskInstance: xcom_dag.Choose_model 2021-07-20T15:37:55.455363+00:00 [queued]>
[2021-07-20 15:38:03,718] {taskinstance.py:876} INFO - Dependencies all met for <TaskInstance: xcom_dag.Choose_model 2021-07-20T15:37:55.455363+00:00 [queued]>
[2021-07-20 15:38:03,718] {taskinstance.py:1067} INFO - 
--------------------------------------------------------------------------------
[2021-07-20 15:38:03,719] {taskinstance.py:1068} INFO - Starting attempt 1 of 1
[2021-07-20 15:38:03,720] {taskinstance.py:1069} INFO - 
--------------------------------------------------------------------------------
[2021-07-20 15:38:03,742] {taskinstance.py:1087} INFO - Executing <Task(PythonOperator): Choose_model> on 2021-07-20T15:37:55.455363+00:00
[2021-07-20 15:38:03,749] {standard_task_runner.py:52} INFO - Started process 6364 to run task
[2021-07-20 15:38:03,769] {standard_task_runner.py:76} INFO - Running: ['airflow', 'tasks', 'run', 'xcom_dag', 'Choose_model', '2021-07-20T15:37:55.455363+00:00', '--job-id', '211', '--pool', 'default_pool', '--raw', '--subdir', 'DAGS_FOLDER/xcom_dag.py', '--cfg-path', '/tmp/tmp94000mja', '--error-file', '/tmp/tmpkzk4jzyq']
[2021-07-20 15:38:03,772] {standard_task_runner.py:77} INFO - Job 211: Subtask Choose_model
[2021-07-20 15:38:03,898] {logging_mixin.py:104} INFO - Running <TaskInstance: xcom_dag.Choose_model 2021-07-20T15:37:55.455363+00:00 [running]> on host airflowvm
[2021-07-20 15:38:04,054] {taskinstance.py:1280} INFO - Exporting the following env vars:
AIRFLOW_CTX_DAG_OWNER=airflow
AIRFLOW_CTX_DAG_ID=xcom_dag
AIRFLOW_CTX_TASK_ID=Choose_model
AIRFLOW_CTX_EXECUTION_DATE=2021-07-20T15:37:55.455363+00:00
AIRFLOW_CTX_DAG_RUN_ID=manual__2021-07-20T15:37:55.455363+00:00
[2021-07-20 15:38:04,056] {logging_mixin.py:104} INFO - choose best model
[2021-07-20 15:38:04,081] {python.py:151} INFO - Done. Returned value was: inaccurate
[2021-07-20 15:38:04,140] {taskinstance.py:1184} INFO - Marking task as SUCCESS. dag_id=xcom_dag, task_id=Choose_model, execution_date=20210720T153755, start_date=20210720T153803, end_date=20210720T153804
[2021-07-20 15:38:04,212] {taskinstance.py:1245} INFO - 2 downstream tasks scheduled from follow-on schedule check
[2021-07-20 15:38:04,218] {local_task_job.py:151} INFO - Task exited with return code 0
