[2021-07-20 14:22:00,642] {taskinstance.py:876} INFO - Dependencies all met for <TaskInstance: xcom_dag.processing_tasks.training_model_b 2021-07-20T14:21:54.318311+00:00 [queued]>
[2021-07-20 14:22:00,780] {taskinstance.py:876} INFO - Dependencies all met for <TaskInstance: xcom_dag.processing_tasks.training_model_b 2021-07-20T14:21:54.318311+00:00 [queued]>
[2021-07-20 14:22:00,780] {taskinstance.py:1067} INFO - 
--------------------------------------------------------------------------------
[2021-07-20 14:22:00,780] {taskinstance.py:1068} INFO - Starting attempt 1 of 1
[2021-07-20 14:22:00,780] {taskinstance.py:1069} INFO - 
--------------------------------------------------------------------------------
[2021-07-20 14:22:00,817] {taskinstance.py:1087} INFO - Executing <Task(PythonOperator): processing_tasks.training_model_b> on 2021-07-20T14:21:54.318311+00:00
[2021-07-20 14:22:00,830] {standard_task_runner.py:52} INFO - Started process 2126 to run task
[2021-07-20 14:22:00,886] {standard_task_runner.py:76} INFO - Running: ['airflow', 'tasks', 'run', 'xcom_dag', 'processing_tasks.training_model_b', '2021-07-20T14:21:54.318311+00:00', '--job-id', '187', '--pool', 'default_pool', '--raw', '--subdir', 'DAGS_FOLDER/xcom_dag.py', '--cfg-path', '/tmp/tmp33y2_npv', '--error-file', '/tmp/tmpx4s_daci']
[2021-07-20 14:22:00,892] {standard_task_runner.py:77} INFO - Job 187: Subtask processing_tasks.training_model_b
[2021-07-20 14:22:01,099] {logging_mixin.py:104} INFO - Running <TaskInstance: xcom_dag.processing_tasks.training_model_b 2021-07-20T14:21:54.318311+00:00 [running]> on host airflowvm
[2021-07-20 14:22:01,409] {taskinstance.py:1280} INFO - Exporting the following env vars:
AIRFLOW_CTX_DAG_OWNER=airflow
AIRFLOW_CTX_DAG_ID=xcom_dag
AIRFLOW_CTX_TASK_ID=processing_tasks.training_model_b
AIRFLOW_CTX_EXECUTION_DATE=2021-07-20T14:21:54.318311+00:00
AIRFLOW_CTX_DAG_RUN_ID=manual__2021-07-20T14:21:54.318311+00:00
[2021-07-20 14:22:01,410] {logging_mixin.py:104} INFO - model's accuracy: 7.79538311985668
[2021-07-20 14:22:01,516] {python.py:151} INFO - Done. Returned value was: None
[2021-07-20 14:22:01,603] {taskinstance.py:1184} INFO - Marking task as SUCCESS. dag_id=xcom_dag, task_id=processing_tasks.training_model_b, execution_date=20210720T142154, start_date=20210720T142200, end_date=20210720T142201
[2021-07-20 14:22:01,801] {taskinstance.py:1245} INFO - 0 downstream tasks scheduled from follow-on schedule check
[2021-07-20 14:22:01,822] {local_task_job.py:151} INFO - Task exited with return code 0
