[2021-07-19 20:33:46,129] {taskinstance.py:876} INFO - Dependencies all met for <TaskInstance: parallel_dag.task1 2020-01-20T00:00:00+00:00 [queued]>
[2021-07-19 20:33:46,474] {taskinstance.py:876} INFO - Dependencies all met for <TaskInstance: parallel_dag.task1 2020-01-20T00:00:00+00:00 [queued]>
[2021-07-19 20:33:46,483] {taskinstance.py:1067} INFO - 
--------------------------------------------------------------------------------
[2021-07-19 20:33:46,484] {taskinstance.py:1068} INFO - Starting attempt 1 of 1
[2021-07-19 20:33:46,484] {taskinstance.py:1069} INFO - 
--------------------------------------------------------------------------------
[2021-07-19 20:33:46,630] {taskinstance.py:1087} INFO - Executing <Task(BashOperator): task1> on 2020-01-20T00:00:00+00:00
[2021-07-19 20:33:46,691] {standard_task_runner.py:52} INFO - Started process 8895 to run task
[2021-07-19 20:33:46,741] {standard_task_runner.py:76} INFO - Running: ['airflow', 'tasks', 'run', 'parallel_dag', 'task1', '2020-01-20T00:00:00+00:00', '--job-id', '120', '--pool', 'default_pool', '--raw', '--subdir', 'DAGS_FOLDER/parallel_dag.py', '--cfg-path', '/tmp/tmp27ax5l26', '--error-file', '/tmp/tmpprac78aw']
[2021-07-19 20:33:46,808] {standard_task_runner.py:77} INFO - Job 120: Subtask task1
[2021-07-19 20:33:47,830] {logging_mixin.py:104} INFO - Running <TaskInstance: parallel_dag.task1 2020-01-20T00:00:00+00:00 [running]> on host airflowvm
[2021-07-19 20:33:48,653] {taskinstance.py:1280} INFO - Exporting the following env vars:
AIRFLOW_CTX_DAG_OWNER=airflow
AIRFLOW_CTX_DAG_ID=parallel_dag
AIRFLOW_CTX_TASK_ID=task1
AIRFLOW_CTX_EXECUTION_DATE=2020-01-20T00:00:00+00:00
AIRFLOW_CTX_DAG_RUN_ID=scheduled__2020-01-20T00:00:00+00:00
[2021-07-19 20:33:48,671] {subprocess.py:52} INFO - Tmp dir root location: 
 /tmp
[2021-07-19 20:33:48,672] {subprocess.py:63} INFO - Running command: ['bash', '-c', 'sleep 3']
[2021-07-19 20:33:48,797] {subprocess.py:75} INFO - Output:
[2021-07-19 20:33:51,883] {subprocess.py:83} INFO - Command exited with return code 0
[2021-07-19 20:33:52,271] {taskinstance.py:1184} INFO - Marking task as SUCCESS. dag_id=parallel_dag, task_id=task1, execution_date=20200120T000000, start_date=20210719T203346, end_date=20210719T203352
[2021-07-19 20:33:53,201] {taskinstance.py:1245} INFO - 2 downstream tasks scheduled from follow-on schedule check
[2021-07-19 20:33:53,348] {local_task_job.py:151} INFO - Task exited with return code 0
