[2021-07-20 14:22:03,041] {taskinstance.py:876} INFO - Dependencies all met for <TaskInstance: xcom_dag.task_4 2021-07-20T14:21:54.318311+00:00 [queued]>
[2021-07-20 14:22:03,065] {taskinstance.py:876} INFO - Dependencies all met for <TaskInstance: xcom_dag.task_4 2021-07-20T14:21:54.318311+00:00 [queued]>
[2021-07-20 14:22:03,066] {taskinstance.py:1067} INFO - 
--------------------------------------------------------------------------------
[2021-07-20 14:22:03,067] {taskinstance.py:1068} INFO - Starting attempt 1 of 1
[2021-07-20 14:22:03,067] {taskinstance.py:1069} INFO - 
--------------------------------------------------------------------------------
[2021-07-20 14:22:03,080] {taskinstance.py:1087} INFO - Executing <Task(PythonOperator): task_4> on 2021-07-20T14:21:54.318311+00:00
[2021-07-20 14:22:03,084] {standard_task_runner.py:52} INFO - Started process 2183 to run task
[2021-07-20 14:22:03,092] {standard_task_runner.py:76} INFO - Running: ['airflow', 'tasks', 'run', 'xcom_dag', 'task_4', '2021-07-20T14:21:54.318311+00:00', '--job-id', '190', '--pool', 'default_pool', '--raw', '--subdir', 'DAGS_FOLDER/xcom_dag.py', '--cfg-path', '/tmp/tmph63ajsel', '--error-file', '/tmp/tmp9a0a0xxv']
[2021-07-20 14:22:03,095] {standard_task_runner.py:77} INFO - Job 190: Subtask task_4
[2021-07-20 14:22:03,183] {logging_mixin.py:104} INFO - Running <TaskInstance: xcom_dag.task_4 2021-07-20T14:21:54.318311+00:00 [running]> on host airflowvm
[2021-07-20 14:22:03,286] {taskinstance.py:1280} INFO - Exporting the following env vars:
AIRFLOW_CTX_DAG_OWNER=airflow
AIRFLOW_CTX_DAG_ID=xcom_dag
AIRFLOW_CTX_TASK_ID=task_4
AIRFLOW_CTX_EXECUTION_DATE=2021-07-20T14:21:54.318311+00:00
AIRFLOW_CTX_DAG_RUN_ID=manual__2021-07-20T14:21:54.318311+00:00
[2021-07-20 14:22:03,287] {logging_mixin.py:104} INFO - choose best model
[2021-07-20 14:22:03,302] {logging_mixin.py:104} INFO - [8.429848661754127, 7.79538311985668, 4.413376748843539]
[2021-07-20 14:22:03,303] {python.py:151} INFO - Done. Returned value was: None
[2021-07-20 14:22:03,320] {taskinstance.py:1184} INFO - Marking task as SUCCESS. dag_id=xcom_dag, task_id=task_4, execution_date=20210720T142154, start_date=20210720T142203, end_date=20210720T142203
[2021-07-20 14:22:03,362] {taskinstance.py:1245} INFO - 0 downstream tasks scheduled from follow-on schedule check
[2021-07-20 14:22:03,392] {local_task_job.py:151} INFO - Task exited with return code 0
