[2021-07-20 14:46:41,313] {taskinstance.py:876} INFO - Dependencies all met for <TaskInstance: xcom_dag.is_accurate 2021-07-20T14:46:15.930069+00:00 [queued]>
[2021-07-20 14:46:41,339] {taskinstance.py:876} INFO - Dependencies all met for <TaskInstance: xcom_dag.is_accurate 2021-07-20T14:46:15.930069+00:00 [queued]>
[2021-07-20 14:46:41,340] {taskinstance.py:1067} INFO - 
--------------------------------------------------------------------------------
[2021-07-20 14:46:41,340] {taskinstance.py:1068} INFO - Starting attempt 1 of 1
[2021-07-20 14:46:41,340] {taskinstance.py:1069} INFO - 
--------------------------------------------------------------------------------
[2021-07-20 14:46:41,353] {taskinstance.py:1087} INFO - Executing <Task(BranchPythonOperator): is_accurate> on 2021-07-20T14:46:15.930069+00:00
[2021-07-20 14:46:41,357] {standard_task_runner.py:52} INFO - Started process 3693 to run task
[2021-07-20 14:46:41,369] {standard_task_runner.py:76} INFO - Running: ['airflow', 'tasks', 'run', 'xcom_dag', 'is_accurate', '2021-07-20T14:46:15.930069+00:00', '--job-id', '201', '--pool', 'default_pool', '--raw', '--subdir', 'DAGS_FOLDER/xcom_dag.py', '--cfg-path', '/tmp/tmp30zw_tuy', '--error-file', '/tmp/tmpek0mw1nk']
[2021-07-20 14:46:41,371] {standard_task_runner.py:77} INFO - Job 201: Subtask is_accurate
[2021-07-20 14:46:41,446] {logging_mixin.py:104} INFO - Running <TaskInstance: xcom_dag.is_accurate 2021-07-20T14:46:15.930069+00:00 [running]> on host airflowvm
[2021-07-20 14:46:41,543] {taskinstance.py:1280} INFO - Exporting the following env vars:
AIRFLOW_CTX_DAG_OWNER=airflow
AIRFLOW_CTX_DAG_ID=xcom_dag
AIRFLOW_CTX_TASK_ID=is_accurate
AIRFLOW_CTX_EXECUTION_DATE=2021-07-20T14:46:15.930069+00:00
AIRFLOW_CTX_DAG_RUN_ID=manual__2021-07-20T14:46:15.930069+00:00
[2021-07-20 14:46:41,544] {python.py:151} INFO - Done. Returned value was: accurate
[2021-07-20 14:46:41,545] {skipmixin.py:124} INFO - Following branch accurate
[2021-07-20 14:46:41,559] {skipmixin.py:155} INFO - Skipping tasks ['inaccurate']
[2021-07-20 14:46:41,641] {taskinstance.py:1184} INFO - Marking task as SUCCESS. dag_id=xcom_dag, task_id=is_accurate, execution_date=20210720T144615, start_date=20210720T144641, end_date=20210720T144641
[2021-07-20 14:46:41,690] {taskinstance.py:1245} INFO - 1 downstream tasks scheduled from follow-on schedule check
[2021-07-20 14:46:41,701] {local_task_job.py:151} INFO - Task exited with return code 0
