[2021-07-19 20:33:55,789] {taskinstance.py:876} INFO - Dependencies all met for <TaskInstance: parallel_dag.task1 2020-01-22T00:00:00+00:00 [queued]>
[2021-07-19 20:33:56,175] {taskinstance.py:876} INFO - Dependencies all met for <TaskInstance: parallel_dag.task1 2020-01-22T00:00:00+00:00 [queued]>
[2021-07-19 20:33:56,176] {taskinstance.py:1067} INFO - 
--------------------------------------------------------------------------------
[2021-07-19 20:33:56,192] {taskinstance.py:1068} INFO - Starting attempt 1 of 1
[2021-07-19 20:33:56,195] {taskinstance.py:1069} INFO - 
--------------------------------------------------------------------------------
[2021-07-19 20:33:56,674] {taskinstance.py:1087} INFO - Executing <Task(BashOperator): task1> on 2020-01-22T00:00:00+00:00
[2021-07-19 20:33:56,857] {standard_task_runner.py:52} INFO - Started process 9063 to run task
[2021-07-19 20:33:57,152] {standard_task_runner.py:76} INFO - Running: ['airflow', 'tasks', 'run', 'parallel_dag', 'task1', '2020-01-22T00:00:00+00:00', '--job-id', '126', '--pool', 'default_pool', '--raw', '--subdir', 'DAGS_FOLDER/parallel_dag.py', '--cfg-path', '/tmp/tmpt9n1re7w', '--error-file', '/tmp/tmpqsh6pn6p']
[2021-07-19 20:33:57,387] {standard_task_runner.py:77} INFO - Job 126: Subtask task1
[2021-07-19 20:33:59,006] {logging_mixin.py:104} INFO - Running <TaskInstance: parallel_dag.task1 2020-01-22T00:00:00+00:00 [running]> on host airflowvm
[2021-07-19 20:34:00,621] {taskinstance.py:1280} INFO - Exporting the following env vars:
AIRFLOW_CTX_DAG_OWNER=airflow
AIRFLOW_CTX_DAG_ID=parallel_dag
AIRFLOW_CTX_TASK_ID=task1
AIRFLOW_CTX_EXECUTION_DATE=2020-01-22T00:00:00+00:00
AIRFLOW_CTX_DAG_RUN_ID=scheduled__2020-01-22T00:00:00+00:00
[2021-07-19 20:34:00,647] {subprocess.py:52} INFO - Tmp dir root location: 
 /tmp
[2021-07-19 20:34:00,648] {subprocess.py:63} INFO - Running command: ['bash', '-c', 'sleep 3']
[2021-07-19 20:34:00,900] {subprocess.py:75} INFO - Output:
[2021-07-19 20:34:04,031] {subprocess.py:83} INFO - Command exited with return code 0
[2021-07-19 20:34:04,664] {taskinstance.py:1184} INFO - Marking task as SUCCESS. dag_id=parallel_dag, task_id=task1, execution_date=20200122T000000, start_date=20210719T203355, end_date=20210719T203404
[2021-07-19 20:34:05,491] {taskinstance.py:1245} INFO - 2 downstream tasks scheduled from follow-on schedule check
[2021-07-19 20:34:05,601] {local_task_job.py:151} INFO - Task exited with return code 0
