[2021-07-19 20:32:19,021] {taskinstance.py:876} INFO - Dependencies all met for <TaskInstance: parallel_dag.task1 2020-01-04T00:00:00+00:00 [queued]>
[2021-07-19 20:32:19,311] {taskinstance.py:876} INFO - Dependencies all met for <TaskInstance: parallel_dag.task1 2020-01-04T00:00:00+00:00 [queued]>
[2021-07-19 20:32:19,313] {taskinstance.py:1067} INFO - 
--------------------------------------------------------------------------------
[2021-07-19 20:32:19,318] {taskinstance.py:1068} INFO - Starting attempt 1 of 1
[2021-07-19 20:32:19,331] {taskinstance.py:1069} INFO - 
--------------------------------------------------------------------------------
[2021-07-19 20:32:19,480] {taskinstance.py:1087} INFO - Executing <Task(BashOperator): task1> on 2020-01-04T00:00:00+00:00
[2021-07-19 20:32:19,509] {standard_task_runner.py:52} INFO - Started process 6736 to run task
[2021-07-19 20:32:19,725] {standard_task_runner.py:76} INFO - Running: ['airflow', 'tasks', 'run', 'parallel_dag', 'task1', '2020-01-04T00:00:00+00:00', '--job-id', '58', '--pool', 'default_pool', '--raw', '--subdir', 'DAGS_FOLDER/parallel_dag.py', '--cfg-path', '/tmp/tmpiaqnq5z2', '--error-file', '/tmp/tmpkiz_at4u']
[2021-07-19 20:32:19,754] {standard_task_runner.py:77} INFO - Job 58: Subtask task1
[2021-07-19 20:32:20,444] {logging_mixin.py:104} INFO - Running <TaskInstance: parallel_dag.task1 2020-01-04T00:00:00+00:00 [running]> on host airflowvm
[2021-07-19 20:32:21,346] {taskinstance.py:1280} INFO - Exporting the following env vars:
AIRFLOW_CTX_DAG_OWNER=airflow
AIRFLOW_CTX_DAG_ID=parallel_dag
AIRFLOW_CTX_TASK_ID=task1
AIRFLOW_CTX_EXECUTION_DATE=2020-01-04T00:00:00+00:00
AIRFLOW_CTX_DAG_RUN_ID=scheduled__2020-01-04T00:00:00+00:00
[2021-07-19 20:32:21,351] {subprocess.py:52} INFO - Tmp dir root location: 
 /tmp
[2021-07-19 20:32:21,368] {subprocess.py:63} INFO - Running command: ['bash', '-c', 'sleep 3']
[2021-07-19 20:32:21,613] {subprocess.py:75} INFO - Output:
[2021-07-19 20:32:24,694] {subprocess.py:83} INFO - Command exited with return code 0
[2021-07-19 20:32:25,601] {taskinstance.py:1184} INFO - Marking task as SUCCESS. dag_id=parallel_dag, task_id=task1, execution_date=20200104T000000, start_date=20210719T203219, end_date=20210719T203225
[2021-07-19 20:32:26,330] {taskinstance.py:1245} INFO - 2 downstream tasks scheduled from follow-on schedule check
[2021-07-19 20:32:26,512] {local_task_job.py:151} INFO - Task exited with return code 0
