[2021-07-20 14:46:36,537] {taskinstance.py:876} INFO - Dependencies all met for <TaskInstance: xcom_dag.processing_tasks.training_model_a 2021-07-20T14:46:15.930069+00:00 [queued]>
[2021-07-20 14:46:36,650] {taskinstance.py:876} INFO - Dependencies all met for <TaskInstance: xcom_dag.processing_tasks.training_model_a 2021-07-20T14:46:15.930069+00:00 [queued]>
[2021-07-20 14:46:36,651] {taskinstance.py:1067} INFO - 
--------------------------------------------------------------------------------
[2021-07-20 14:46:36,651] {taskinstance.py:1068} INFO - Starting attempt 1 of 1
[2021-07-20 14:46:36,656] {taskinstance.py:1069} INFO - 
--------------------------------------------------------------------------------
[2021-07-20 14:46:36,718] {taskinstance.py:1087} INFO - Executing <Task(PythonOperator): processing_tasks.training_model_a> on 2021-07-20T14:46:15.930069+00:00
[2021-07-20 14:46:36,731] {standard_task_runner.py:52} INFO - Started process 3602 to run task
[2021-07-20 14:46:36,780] {standard_task_runner.py:76} INFO - Running: ['airflow', 'tasks', 'run', 'xcom_dag', 'processing_tasks.training_model_a', '2021-07-20T14:46:15.930069+00:00', '--job-id', '197', '--pool', 'default_pool', '--raw', '--subdir', 'DAGS_FOLDER/xcom_dag.py', '--cfg-path', '/tmp/tmp0g9rf95x', '--error-file', '/tmp/tmp2nnvovm6']
[2021-07-20 14:46:36,791] {standard_task_runner.py:77} INFO - Job 197: Subtask processing_tasks.training_model_a
[2021-07-20 14:46:37,099] {logging_mixin.py:104} INFO - Running <TaskInstance: xcom_dag.processing_tasks.training_model_a 2021-07-20T14:46:15.930069+00:00 [running]> on host airflowvm
[2021-07-20 14:46:37,684] {taskinstance.py:1280} INFO - Exporting the following env vars:
AIRFLOW_CTX_DAG_OWNER=airflow
AIRFLOW_CTX_DAG_ID=xcom_dag
AIRFLOW_CTX_TASK_ID=processing_tasks.training_model_a
AIRFLOW_CTX_EXECUTION_DATE=2021-07-20T14:46:15.930069+00:00
AIRFLOW_CTX_DAG_RUN_ID=manual__2021-07-20T14:46:15.930069+00:00
[2021-07-20 14:46:37,697] {logging_mixin.py:104} INFO - model's accuracy: 1.415281981443601
[2021-07-20 14:46:37,938] {python.py:151} INFO - Done. Returned value was: None
[2021-07-20 14:46:38,095] {taskinstance.py:1184} INFO - Marking task as SUCCESS. dag_id=xcom_dag, task_id=processing_tasks.training_model_a, execution_date=20210720T144615, start_date=20210720T144636, end_date=20210720T144638
[2021-07-20 14:46:38,710] {taskinstance.py:1245} INFO - 1 downstream tasks scheduled from follow-on schedule check
[2021-07-20 14:46:38,774] {local_task_job.py:151} INFO - Task exited with return code 0
