[2021-07-19 23:08:22,568] {scheduler_job.py:182} INFO - Started process (PID=45420) to work on /home/airflow/airflow/dags/subdags/subdag_parallel_dag.py
[2021-07-19 23:08:22,571] {scheduler_job.py:633} INFO - Processing file /home/airflow/airflow/dags/subdags/subdag_parallel_dag.py for tasks to queue
[2021-07-19 23:08:22,572] {logging_mixin.py:104} INFO - [2021-07-19 23:08:22,571] {dagbag.py:487} INFO - Filling up the DagBag from /home/airflow/airflow/dags/subdags/subdag_parallel_dag.py
[2021-07-19 23:08:22,579] {scheduler_job.py:645} WARNING - No viable dags retrieved from /home/airflow/airflow/dags/subdags/subdag_parallel_dag.py
[2021-07-19 23:08:22,596] {scheduler_job.py:190} INFO - Processing /home/airflow/airflow/dags/subdags/subdag_parallel_dag.py took 0.034 seconds
[2021-07-19 23:08:52,703] {scheduler_job.py:182} INFO - Started process (PID=45439) to work on /home/airflow/airflow/dags/subdags/subdag_parallel_dag.py
[2021-07-19 23:08:52,705] {scheduler_job.py:633} INFO - Processing file /home/airflow/airflow/dags/subdags/subdag_parallel_dag.py for tasks to queue
[2021-07-19 23:08:52,706] {logging_mixin.py:104} INFO - [2021-07-19 23:08:52,706] {dagbag.py:487} INFO - Filling up the DagBag from /home/airflow/airflow/dags/subdags/subdag_parallel_dag.py
[2021-07-19 23:08:52,711] {scheduler_job.py:645} WARNING - No viable dags retrieved from /home/airflow/airflow/dags/subdags/subdag_parallel_dag.py
[2021-07-19 23:08:52,727] {scheduler_job.py:190} INFO - Processing /home/airflow/airflow/dags/subdags/subdag_parallel_dag.py took 0.028 seconds
[2021-07-19 23:09:22,872] {scheduler_job.py:182} INFO - Started process (PID=45460) to work on /home/airflow/airflow/dags/subdags/subdag_parallel_dag.py
[2021-07-19 23:09:22,876] {scheduler_job.py:633} INFO - Processing file /home/airflow/airflow/dags/subdags/subdag_parallel_dag.py for tasks to queue
[2021-07-19 23:09:22,879] {logging_mixin.py:104} INFO - [2021-07-19 23:09:22,879] {dagbag.py:487} INFO - Filling up the DagBag from /home/airflow/airflow/dags/subdags/subdag_parallel_dag.py
[2021-07-19 23:09:22,887] {scheduler_job.py:645} WARNING - No viable dags retrieved from /home/airflow/airflow/dags/subdags/subdag_parallel_dag.py
[2021-07-19 23:09:22,918] {scheduler_job.py:190} INFO - Processing /home/airflow/airflow/dags/subdags/subdag_parallel_dag.py took 0.051 seconds
[2021-07-19 23:09:53,294] {scheduler_job.py:182} INFO - Started process (PID=45479) to work on /home/airflow/airflow/dags/subdags/subdag_parallel_dag.py
[2021-07-19 23:09:53,296] {scheduler_job.py:633} INFO - Processing file /home/airflow/airflow/dags/subdags/subdag_parallel_dag.py for tasks to queue
[2021-07-19 23:09:53,297] {logging_mixin.py:104} INFO - [2021-07-19 23:09:53,297] {dagbag.py:487} INFO - Filling up the DagBag from /home/airflow/airflow/dags/subdags/subdag_parallel_dag.py
[2021-07-19 23:09:53,303] {scheduler_job.py:645} WARNING - No viable dags retrieved from /home/airflow/airflow/dags/subdags/subdag_parallel_dag.py
[2021-07-19 23:09:53,320] {scheduler_job.py:190} INFO - Processing /home/airflow/airflow/dags/subdags/subdag_parallel_dag.py took 0.032 seconds
[2021-07-19 23:10:24,175] {scheduler_job.py:182} INFO - Started process (PID=45500) to work on /home/airflow/airflow/dags/subdags/subdag_parallel_dag.py
[2021-07-19 23:10:24,179] {scheduler_job.py:633} INFO - Processing file /home/airflow/airflow/dags/subdags/subdag_parallel_dag.py for tasks to queue
[2021-07-19 23:10:24,181] {logging_mixin.py:104} INFO - [2021-07-19 23:10:24,180] {dagbag.py:487} INFO - Filling up the DagBag from /home/airflow/airflow/dags/subdags/subdag_parallel_dag.py
[2021-07-19 23:10:24,187] {scheduler_job.py:645} WARNING - No viable dags retrieved from /home/airflow/airflow/dags/subdags/subdag_parallel_dag.py
[2021-07-19 23:10:24,206] {scheduler_job.py:190} INFO - Processing /home/airflow/airflow/dags/subdags/subdag_parallel_dag.py took 0.035 seconds
[2021-07-19 23:10:54,508] {scheduler_job.py:182} INFO - Started process (PID=45520) to work on /home/airflow/airflow/dags/subdags/subdag_parallel_dag.py
[2021-07-19 23:10:54,510] {scheduler_job.py:633} INFO - Processing file /home/airflow/airflow/dags/subdags/subdag_parallel_dag.py for tasks to queue
[2021-07-19 23:10:54,511] {logging_mixin.py:104} INFO - [2021-07-19 23:10:54,511] {dagbag.py:487} INFO - Filling up the DagBag from /home/airflow/airflow/dags/subdags/subdag_parallel_dag.py
[2021-07-19 23:10:54,516] {scheduler_job.py:645} WARNING - No viable dags retrieved from /home/airflow/airflow/dags/subdags/subdag_parallel_dag.py
[2021-07-19 23:10:54,538] {scheduler_job.py:190} INFO - Processing /home/airflow/airflow/dags/subdags/subdag_parallel_dag.py took 0.034 seconds
[2021-07-19 23:11:24,713] {scheduler_job.py:182} INFO - Started process (PID=45539) to work on /home/airflow/airflow/dags/subdags/subdag_parallel_dag.py
[2021-07-19 23:11:24,715] {scheduler_job.py:633} INFO - Processing file /home/airflow/airflow/dags/subdags/subdag_parallel_dag.py for tasks to queue
[2021-07-19 23:11:24,716] {logging_mixin.py:104} INFO - [2021-07-19 23:11:24,716] {dagbag.py:487} INFO - Filling up the DagBag from /home/airflow/airflow/dags/subdags/subdag_parallel_dag.py
[2021-07-19 23:11:24,721] {scheduler_job.py:645} WARNING - No viable dags retrieved from /home/airflow/airflow/dags/subdags/subdag_parallel_dag.py
[2021-07-19 23:11:24,739] {scheduler_job.py:190} INFO - Processing /home/airflow/airflow/dags/subdags/subdag_parallel_dag.py took 0.032 seconds
[2021-07-19 23:11:54,918] {scheduler_job.py:182} INFO - Started process (PID=45558) to work on /home/airflow/airflow/dags/subdags/subdag_parallel_dag.py
[2021-07-19 23:11:54,920] {scheduler_job.py:633} INFO - Processing file /home/airflow/airflow/dags/subdags/subdag_parallel_dag.py for tasks to queue
[2021-07-19 23:11:54,921] {logging_mixin.py:104} INFO - [2021-07-19 23:11:54,921] {dagbag.py:487} INFO - Filling up the DagBag from /home/airflow/airflow/dags/subdags/subdag_parallel_dag.py
[2021-07-19 23:11:54,925] {scheduler_job.py:645} WARNING - No viable dags retrieved from /home/airflow/airflow/dags/subdags/subdag_parallel_dag.py
[2021-07-19 23:11:54,941] {scheduler_job.py:190} INFO - Processing /home/airflow/airflow/dags/subdags/subdag_parallel_dag.py took 0.028 seconds
[2021-07-19 23:12:25,204] {scheduler_job.py:182} INFO - Started process (PID=45578) to work on /home/airflow/airflow/dags/subdags/subdag_parallel_dag.py
[2021-07-19 23:12:25,207] {scheduler_job.py:633} INFO - Processing file /home/airflow/airflow/dags/subdags/subdag_parallel_dag.py for tasks to queue
[2021-07-19 23:12:25,209] {logging_mixin.py:104} INFO - [2021-07-19 23:12:25,208] {dagbag.py:487} INFO - Filling up the DagBag from /home/airflow/airflow/dags/subdags/subdag_parallel_dag.py
[2021-07-19 23:12:25,224] {scheduler_job.py:645} WARNING - No viable dags retrieved from /home/airflow/airflow/dags/subdags/subdag_parallel_dag.py
[2021-07-19 23:12:25,243] {scheduler_job.py:190} INFO - Processing /home/airflow/airflow/dags/subdags/subdag_parallel_dag.py took 0.042 seconds
[2021-07-19 23:12:55,419] {scheduler_job.py:182} INFO - Started process (PID=45598) to work on /home/airflow/airflow/dags/subdags/subdag_parallel_dag.py
[2021-07-19 23:12:55,427] {scheduler_job.py:633} INFO - Processing file /home/airflow/airflow/dags/subdags/subdag_parallel_dag.py for tasks to queue
[2021-07-19 23:12:55,430] {logging_mixin.py:104} INFO - [2021-07-19 23:12:55,429] {dagbag.py:487} INFO - Filling up the DagBag from /home/airflow/airflow/dags/subdags/subdag_parallel_dag.py
[2021-07-19 23:12:55,468] {scheduler_job.py:645} WARNING - No viable dags retrieved from /home/airflow/airflow/dags/subdags/subdag_parallel_dag.py
[2021-07-19 23:12:55,535] {scheduler_job.py:190} INFO - Processing /home/airflow/airflow/dags/subdags/subdag_parallel_dag.py took 0.134 seconds
[2021-07-19 23:13:25,646] {scheduler_job.py:182} INFO - Started process (PID=45621) to work on /home/airflow/airflow/dags/subdags/subdag_parallel_dag.py
[2021-07-19 23:13:25,650] {scheduler_job.py:633} INFO - Processing file /home/airflow/airflow/dags/subdags/subdag_parallel_dag.py for tasks to queue
[2021-07-19 23:13:25,652] {logging_mixin.py:104} INFO - [2021-07-19 23:13:25,652] {dagbag.py:487} INFO - Filling up the DagBag from /home/airflow/airflow/dags/subdags/subdag_parallel_dag.py
[2021-07-19 23:13:25,659] {scheduler_job.py:645} WARNING - No viable dags retrieved from /home/airflow/airflow/dags/subdags/subdag_parallel_dag.py
[2021-07-19 23:13:25,679] {scheduler_job.py:190} INFO - Processing /home/airflow/airflow/dags/subdags/subdag_parallel_dag.py took 0.037 seconds
[2021-07-19 23:13:55,837] {scheduler_job.py:182} INFO - Started process (PID=45640) to work on /home/airflow/airflow/dags/subdags/subdag_parallel_dag.py
[2021-07-19 23:13:55,842] {scheduler_job.py:633} INFO - Processing file /home/airflow/airflow/dags/subdags/subdag_parallel_dag.py for tasks to queue
[2021-07-19 23:13:55,843] {logging_mixin.py:104} INFO - [2021-07-19 23:13:55,843] {dagbag.py:487} INFO - Filling up the DagBag from /home/airflow/airflow/dags/subdags/subdag_parallel_dag.py
[2021-07-19 23:13:55,851] {scheduler_job.py:645} WARNING - No viable dags retrieved from /home/airflow/airflow/dags/subdags/subdag_parallel_dag.py
[2021-07-19 23:13:55,883] {scheduler_job.py:190} INFO - Processing /home/airflow/airflow/dags/subdags/subdag_parallel_dag.py took 0.052 seconds
[2021-07-19 23:14:25,999] {scheduler_job.py:182} INFO - Started process (PID=45659) to work on /home/airflow/airflow/dags/subdags/subdag_parallel_dag.py
[2021-07-19 23:14:26,000] {scheduler_job.py:633} INFO - Processing file /home/airflow/airflow/dags/subdags/subdag_parallel_dag.py for tasks to queue
[2021-07-19 23:14:26,001] {logging_mixin.py:104} INFO - [2021-07-19 23:14:26,001] {dagbag.py:487} INFO - Filling up the DagBag from /home/airflow/airflow/dags/subdags/subdag_parallel_dag.py
[2021-07-19 23:14:26,005] {scheduler_job.py:645} WARNING - No viable dags retrieved from /home/airflow/airflow/dags/subdags/subdag_parallel_dag.py
[2021-07-19 23:14:26,021] {scheduler_job.py:190} INFO - Processing /home/airflow/airflow/dags/subdags/subdag_parallel_dag.py took 0.025 seconds
[2021-07-19 23:14:56,149] {scheduler_job.py:182} INFO - Started process (PID=45678) to work on /home/airflow/airflow/dags/subdags/subdag_parallel_dag.py
[2021-07-19 23:14:56,151] {scheduler_job.py:633} INFO - Processing file /home/airflow/airflow/dags/subdags/subdag_parallel_dag.py for tasks to queue
[2021-07-19 23:14:56,152] {logging_mixin.py:104} INFO - [2021-07-19 23:14:56,152] {dagbag.py:487} INFO - Filling up the DagBag from /home/airflow/airflow/dags/subdags/subdag_parallel_dag.py
[2021-07-19 23:14:56,167] {scheduler_job.py:645} WARNING - No viable dags retrieved from /home/airflow/airflow/dags/subdags/subdag_parallel_dag.py
[2021-07-19 23:14:56,187] {scheduler_job.py:190} INFO - Processing /home/airflow/airflow/dags/subdags/subdag_parallel_dag.py took 0.043 seconds
[2021-07-19 23:15:26,672] {scheduler_job.py:182} INFO - Started process (PID=45701) to work on /home/airflow/airflow/dags/subdags/subdag_parallel_dag.py
[2021-07-19 23:15:26,673] {scheduler_job.py:633} INFO - Processing file /home/airflow/airflow/dags/subdags/subdag_parallel_dag.py for tasks to queue
[2021-07-19 23:15:26,674] {logging_mixin.py:104} INFO - [2021-07-19 23:15:26,674] {dagbag.py:487} INFO - Filling up the DagBag from /home/airflow/airflow/dags/subdags/subdag_parallel_dag.py
[2021-07-19 23:15:26,679] {scheduler_job.py:645} WARNING - No viable dags retrieved from /home/airflow/airflow/dags/subdags/subdag_parallel_dag.py
[2021-07-19 23:15:26,696] {scheduler_job.py:190} INFO - Processing /home/airflow/airflow/dags/subdags/subdag_parallel_dag.py took 0.028 seconds
[2021-07-19 23:15:56,761] {scheduler_job.py:182} INFO - Started process (PID=45720) to work on /home/airflow/airflow/dags/subdags/subdag_parallel_dag.py
[2021-07-19 23:15:56,765] {scheduler_job.py:633} INFO - Processing file /home/airflow/airflow/dags/subdags/subdag_parallel_dag.py for tasks to queue
[2021-07-19 23:15:56,766] {logging_mixin.py:104} INFO - [2021-07-19 23:15:56,765] {dagbag.py:487} INFO - Filling up the DagBag from /home/airflow/airflow/dags/subdags/subdag_parallel_dag.py
[2021-07-19 23:15:56,774] {scheduler_job.py:645} WARNING - No viable dags retrieved from /home/airflow/airflow/dags/subdags/subdag_parallel_dag.py
[2021-07-19 23:15:56,808] {scheduler_job.py:190} INFO - Processing /home/airflow/airflow/dags/subdags/subdag_parallel_dag.py took 0.050 seconds
[2021-07-19 23:16:27,051] {scheduler_job.py:182} INFO - Started process (PID=45740) to work on /home/airflow/airflow/dags/subdags/subdag_parallel_dag.py
[2021-07-19 23:16:27,053] {scheduler_job.py:633} INFO - Processing file /home/airflow/airflow/dags/subdags/subdag_parallel_dag.py for tasks to queue
[2021-07-19 23:16:27,054] {logging_mixin.py:104} INFO - [2021-07-19 23:16:27,053] {dagbag.py:487} INFO - Filling up the DagBag from /home/airflow/airflow/dags/subdags/subdag_parallel_dag.py
[2021-07-19 23:16:27,061] {scheduler_job.py:645} WARNING - No viable dags retrieved from /home/airflow/airflow/dags/subdags/subdag_parallel_dag.py
[2021-07-19 23:16:27,080] {scheduler_job.py:190} INFO - Processing /home/airflow/airflow/dags/subdags/subdag_parallel_dag.py took 0.033 seconds
[2021-07-19 23:16:57,262] {scheduler_job.py:182} INFO - Started process (PID=45761) to work on /home/airflow/airflow/dags/subdags/subdag_parallel_dag.py
[2021-07-19 23:16:57,264] {scheduler_job.py:633} INFO - Processing file /home/airflow/airflow/dags/subdags/subdag_parallel_dag.py for tasks to queue
[2021-07-19 23:16:57,265] {logging_mixin.py:104} INFO - [2021-07-19 23:16:57,265] {dagbag.py:487} INFO - Filling up the DagBag from /home/airflow/airflow/dags/subdags/subdag_parallel_dag.py
[2021-07-19 23:16:57,270] {scheduler_job.py:645} WARNING - No viable dags retrieved from /home/airflow/airflow/dags/subdags/subdag_parallel_dag.py
[2021-07-19 23:16:57,286] {scheduler_job.py:190} INFO - Processing /home/airflow/airflow/dags/subdags/subdag_parallel_dag.py took 0.030 seconds
[2021-07-19 23:17:27,518] {scheduler_job.py:182} INFO - Started process (PID=45783) to work on /home/airflow/airflow/dags/subdags/subdag_parallel_dag.py
[2021-07-19 23:17:27,526] {scheduler_job.py:633} INFO - Processing file /home/airflow/airflow/dags/subdags/subdag_parallel_dag.py for tasks to queue
[2021-07-19 23:17:27,527] {logging_mixin.py:104} INFO - [2021-07-19 23:17:27,527] {dagbag.py:487} INFO - Filling up the DagBag from /home/airflow/airflow/dags/subdags/subdag_parallel_dag.py
[2021-07-19 23:17:27,538] {scheduler_job.py:645} WARNING - No viable dags retrieved from /home/airflow/airflow/dags/subdags/subdag_parallel_dag.py
[2021-07-19 23:17:27,581] {scheduler_job.py:190} INFO - Processing /home/airflow/airflow/dags/subdags/subdag_parallel_dag.py took 0.072 seconds
[2021-07-19 23:17:57,746] {scheduler_job.py:182} INFO - Started process (PID=45802) to work on /home/airflow/airflow/dags/subdags/subdag_parallel_dag.py
[2021-07-19 23:17:57,749] {scheduler_job.py:633} INFO - Processing file /home/airflow/airflow/dags/subdags/subdag_parallel_dag.py for tasks to queue
[2021-07-19 23:17:57,751] {logging_mixin.py:104} INFO - [2021-07-19 23:17:57,751] {dagbag.py:487} INFO - Filling up the DagBag from /home/airflow/airflow/dags/subdags/subdag_parallel_dag.py
[2021-07-19 23:17:57,757] {scheduler_job.py:645} WARNING - No viable dags retrieved from /home/airflow/airflow/dags/subdags/subdag_parallel_dag.py
[2021-07-19 23:17:57,790] {scheduler_job.py:190} INFO - Processing /home/airflow/airflow/dags/subdags/subdag_parallel_dag.py took 0.049 seconds
[2021-07-19 23:18:27,931] {scheduler_job.py:182} INFO - Started process (PID=45822) to work on /home/airflow/airflow/dags/subdags/subdag_parallel_dag.py
[2021-07-19 23:18:27,933] {scheduler_job.py:633} INFO - Processing file /home/airflow/airflow/dags/subdags/subdag_parallel_dag.py for tasks to queue
[2021-07-19 23:18:27,935] {logging_mixin.py:104} INFO - [2021-07-19 23:18:27,934] {dagbag.py:487} INFO - Filling up the DagBag from /home/airflow/airflow/dags/subdags/subdag_parallel_dag.py
[2021-07-19 23:18:27,942] {scheduler_job.py:645} WARNING - No viable dags retrieved from /home/airflow/airflow/dags/subdags/subdag_parallel_dag.py
[2021-07-19 23:18:27,964] {scheduler_job.py:190} INFO - Processing /home/airflow/airflow/dags/subdags/subdag_parallel_dag.py took 0.037 seconds
[2021-07-19 23:18:58,317] {scheduler_job.py:182} INFO - Started process (PID=45946) to work on /home/airflow/airflow/dags/subdags/subdag_parallel_dag.py
[2021-07-19 23:18:58,319] {scheduler_job.py:633} INFO - Processing file /home/airflow/airflow/dags/subdags/subdag_parallel_dag.py for tasks to queue
[2021-07-19 23:18:58,321] {logging_mixin.py:104} INFO - [2021-07-19 23:18:58,321] {dagbag.py:487} INFO - Filling up the DagBag from /home/airflow/airflow/dags/subdags/subdag_parallel_dag.py
[2021-07-19 23:18:58,331] {scheduler_job.py:645} WARNING - No viable dags retrieved from /home/airflow/airflow/dags/subdags/subdag_parallel_dag.py
[2021-07-19 23:18:58,363] {scheduler_job.py:190} INFO - Processing /home/airflow/airflow/dags/subdags/subdag_parallel_dag.py took 0.052 seconds
[2021-07-19 23:19:28,558] {scheduler_job.py:182} INFO - Started process (PID=45984) to work on /home/airflow/airflow/dags/subdags/subdag_parallel_dag.py
[2021-07-19 23:19:28,562] {scheduler_job.py:633} INFO - Processing file /home/airflow/airflow/dags/subdags/subdag_parallel_dag.py for tasks to queue
[2021-07-19 23:19:28,569] {logging_mixin.py:104} INFO - [2021-07-19 23:19:28,568] {dagbag.py:487} INFO - Filling up the DagBag from /home/airflow/airflow/dags/subdags/subdag_parallel_dag.py
[2021-07-19 23:19:28,575] {scheduler_job.py:645} WARNING - No viable dags retrieved from /home/airflow/airflow/dags/subdags/subdag_parallel_dag.py
[2021-07-19 23:19:28,606] {scheduler_job.py:190} INFO - Processing /home/airflow/airflow/dags/subdags/subdag_parallel_dag.py took 0.052 seconds
[2021-07-19 23:19:58,815] {scheduler_job.py:182} INFO - Started process (PID=46045) to work on /home/airflow/airflow/dags/subdags/subdag_parallel_dag.py
[2021-07-19 23:19:58,817] {scheduler_job.py:633} INFO - Processing file /home/airflow/airflow/dags/subdags/subdag_parallel_dag.py for tasks to queue
[2021-07-19 23:19:58,819] {logging_mixin.py:104} INFO - [2021-07-19 23:19:58,819] {dagbag.py:487} INFO - Filling up the DagBag from /home/airflow/airflow/dags/subdags/subdag_parallel_dag.py
[2021-07-19 23:19:58,829] {scheduler_job.py:645} WARNING - No viable dags retrieved from /home/airflow/airflow/dags/subdags/subdag_parallel_dag.py
[2021-07-19 23:19:58,853] {scheduler_job.py:190} INFO - Processing /home/airflow/airflow/dags/subdags/subdag_parallel_dag.py took 0.041 seconds
[2021-07-19 23:20:28,952] {scheduler_job.py:182} INFO - Started process (PID=46065) to work on /home/airflow/airflow/dags/subdags/subdag_parallel_dag.py
[2021-07-19 23:20:28,953] {scheduler_job.py:633} INFO - Processing file /home/airflow/airflow/dags/subdags/subdag_parallel_dag.py for tasks to queue
[2021-07-19 23:20:28,954] {logging_mixin.py:104} INFO - [2021-07-19 23:20:28,954] {dagbag.py:487} INFO - Filling up the DagBag from /home/airflow/airflow/dags/subdags/subdag_parallel_dag.py
[2021-07-19 23:20:28,961] {scheduler_job.py:645} WARNING - No viable dags retrieved from /home/airflow/airflow/dags/subdags/subdag_parallel_dag.py
[2021-07-19 23:20:28,980] {scheduler_job.py:190} INFO - Processing /home/airflow/airflow/dags/subdags/subdag_parallel_dag.py took 0.031 seconds
[2021-07-19 23:20:59,089] {scheduler_job.py:182} INFO - Started process (PID=46084) to work on /home/airflow/airflow/dags/subdags/subdag_parallel_dag.py
[2021-07-19 23:20:59,092] {scheduler_job.py:633} INFO - Processing file /home/airflow/airflow/dags/subdags/subdag_parallel_dag.py for tasks to queue
[2021-07-19 23:20:59,093] {logging_mixin.py:104} INFO - [2021-07-19 23:20:59,093] {dagbag.py:487} INFO - Filling up the DagBag from /home/airflow/airflow/dags/subdags/subdag_parallel_dag.py
[2021-07-19 23:20:59,099] {scheduler_job.py:645} WARNING - No viable dags retrieved from /home/airflow/airflow/dags/subdags/subdag_parallel_dag.py
[2021-07-19 23:20:59,125] {scheduler_job.py:190} INFO - Processing /home/airflow/airflow/dags/subdags/subdag_parallel_dag.py took 0.042 seconds
[2021-07-19 23:21:29,292] {scheduler_job.py:182} INFO - Started process (PID=46100) to work on /home/airflow/airflow/dags/subdags/subdag_parallel_dag.py
[2021-07-19 23:21:29,296] {scheduler_job.py:633} INFO - Processing file /home/airflow/airflow/dags/subdags/subdag_parallel_dag.py for tasks to queue
[2021-07-19 23:21:29,298] {logging_mixin.py:104} INFO - [2021-07-19 23:21:29,298] {dagbag.py:487} INFO - Filling up the DagBag from /home/airflow/airflow/dags/subdags/subdag_parallel_dag.py
[2021-07-19 23:21:29,319] {scheduler_job.py:645} WARNING - No viable dags retrieved from /home/airflow/airflow/dags/subdags/subdag_parallel_dag.py
[2021-07-19 23:21:29,387] {scheduler_job.py:190} INFO - Processing /home/airflow/airflow/dags/subdags/subdag_parallel_dag.py took 0.114 seconds
[2021-07-19 23:21:59,712] {scheduler_job.py:182} INFO - Started process (PID=46116) to work on /home/airflow/airflow/dags/subdags/subdag_parallel_dag.py
[2021-07-19 23:21:59,720] {scheduler_job.py:633} INFO - Processing file /home/airflow/airflow/dags/subdags/subdag_parallel_dag.py for tasks to queue
[2021-07-19 23:21:59,724] {logging_mixin.py:104} INFO - [2021-07-19 23:21:59,724] {dagbag.py:487} INFO - Filling up the DagBag from /home/airflow/airflow/dags/subdags/subdag_parallel_dag.py
[2021-07-19 23:21:59,744] {scheduler_job.py:645} WARNING - No viable dags retrieved from /home/airflow/airflow/dags/subdags/subdag_parallel_dag.py
[2021-07-19 23:21:59,805] {scheduler_job.py:190} INFO - Processing /home/airflow/airflow/dags/subdags/subdag_parallel_dag.py took 0.101 seconds
[2021-07-19 23:22:30,048] {scheduler_job.py:182} INFO - Started process (PID=46136) to work on /home/airflow/airflow/dags/subdags/subdag_parallel_dag.py
[2021-07-19 23:22:30,063] {scheduler_job.py:633} INFO - Processing file /home/airflow/airflow/dags/subdags/subdag_parallel_dag.py for tasks to queue
[2021-07-19 23:22:30,068] {logging_mixin.py:104} INFO - [2021-07-19 23:22:30,067] {dagbag.py:487} INFO - Filling up the DagBag from /home/airflow/airflow/dags/subdags/subdag_parallel_dag.py
[2021-07-19 23:22:30,125] {scheduler_job.py:645} WARNING - No viable dags retrieved from /home/airflow/airflow/dags/subdags/subdag_parallel_dag.py
[2021-07-19 23:22:30,264] {scheduler_job.py:190} INFO - Processing /home/airflow/airflow/dags/subdags/subdag_parallel_dag.py took 0.235 seconds
[2021-07-19 23:23:00,485] {scheduler_job.py:182} INFO - Started process (PID=46155) to work on /home/airflow/airflow/dags/subdags/subdag_parallel_dag.py
[2021-07-19 23:23:00,488] {scheduler_job.py:633} INFO - Processing file /home/airflow/airflow/dags/subdags/subdag_parallel_dag.py for tasks to queue
[2021-07-19 23:23:00,489] {logging_mixin.py:104} INFO - [2021-07-19 23:23:00,489] {dagbag.py:487} INFO - Filling up the DagBag from /home/airflow/airflow/dags/subdags/subdag_parallel_dag.py
[2021-07-19 23:23:00,495] {scheduler_job.py:645} WARNING - No viable dags retrieved from /home/airflow/airflow/dags/subdags/subdag_parallel_dag.py
[2021-07-19 23:23:00,510] {scheduler_job.py:190} INFO - Processing /home/airflow/airflow/dags/subdags/subdag_parallel_dag.py took 0.028 seconds
[2021-07-19 23:23:31,210] {scheduler_job.py:182} INFO - Started process (PID=46174) to work on /home/airflow/airflow/dags/subdags/subdag_parallel_dag.py
[2021-07-19 23:23:31,212] {scheduler_job.py:633} INFO - Processing file /home/airflow/airflow/dags/subdags/subdag_parallel_dag.py for tasks to queue
[2021-07-19 23:23:31,214] {logging_mixin.py:104} INFO - [2021-07-19 23:23:31,214] {dagbag.py:487} INFO - Filling up the DagBag from /home/airflow/airflow/dags/subdags/subdag_parallel_dag.py
[2021-07-19 23:23:31,218] {scheduler_job.py:645} WARNING - No viable dags retrieved from /home/airflow/airflow/dags/subdags/subdag_parallel_dag.py
[2021-07-19 23:23:31,233] {scheduler_job.py:190} INFO - Processing /home/airflow/airflow/dags/subdags/subdag_parallel_dag.py took 0.028 seconds
[2021-07-19 23:24:01,334] {scheduler_job.py:182} INFO - Started process (PID=46193) to work on /home/airflow/airflow/dags/subdags/subdag_parallel_dag.py
[2021-07-19 23:24:01,335] {scheduler_job.py:633} INFO - Processing file /home/airflow/airflow/dags/subdags/subdag_parallel_dag.py for tasks to queue
[2021-07-19 23:24:01,336] {logging_mixin.py:104} INFO - [2021-07-19 23:24:01,336] {dagbag.py:487} INFO - Filling up the DagBag from /home/airflow/airflow/dags/subdags/subdag_parallel_dag.py
[2021-07-19 23:24:01,340] {scheduler_job.py:645} WARNING - No viable dags retrieved from /home/airflow/airflow/dags/subdags/subdag_parallel_dag.py
[2021-07-19 23:24:01,358] {scheduler_job.py:190} INFO - Processing /home/airflow/airflow/dags/subdags/subdag_parallel_dag.py took 0.029 seconds
[2021-07-19 23:24:31,467] {scheduler_job.py:182} INFO - Started process (PID=46212) to work on /home/airflow/airflow/dags/subdags/subdag_parallel_dag.py
[2021-07-19 23:24:31,468] {scheduler_job.py:633} INFO - Processing file /home/airflow/airflow/dags/subdags/subdag_parallel_dag.py for tasks to queue
[2021-07-19 23:24:31,471] {logging_mixin.py:104} INFO - [2021-07-19 23:24:31,471] {dagbag.py:487} INFO - Filling up the DagBag from /home/airflow/airflow/dags/subdags/subdag_parallel_dag.py
[2021-07-19 23:24:31,476] {scheduler_job.py:645} WARNING - No viable dags retrieved from /home/airflow/airflow/dags/subdags/subdag_parallel_dag.py
[2021-07-19 23:24:31,492] {scheduler_job.py:190} INFO - Processing /home/airflow/airflow/dags/subdags/subdag_parallel_dag.py took 0.029 seconds
[2021-07-19 23:25:02,164] {scheduler_job.py:182} INFO - Started process (PID=46234) to work on /home/airflow/airflow/dags/subdags/subdag_parallel_dag.py
[2021-07-19 23:25:02,165] {scheduler_job.py:633} INFO - Processing file /home/airflow/airflow/dags/subdags/subdag_parallel_dag.py for tasks to queue
[2021-07-19 23:25:02,166] {logging_mixin.py:104} INFO - [2021-07-19 23:25:02,166] {dagbag.py:487} INFO - Filling up the DagBag from /home/airflow/airflow/dags/subdags/subdag_parallel_dag.py
[2021-07-19 23:25:02,170] {scheduler_job.py:645} WARNING - No viable dags retrieved from /home/airflow/airflow/dags/subdags/subdag_parallel_dag.py
[2021-07-19 23:25:02,185] {scheduler_job.py:190} INFO - Processing /home/airflow/airflow/dags/subdags/subdag_parallel_dag.py took 0.025 seconds
[2021-07-19 23:25:32,283] {scheduler_job.py:182} INFO - Started process (PID=46254) to work on /home/airflow/airflow/dags/subdags/subdag_parallel_dag.py
[2021-07-19 23:25:32,284] {scheduler_job.py:633} INFO - Processing file /home/airflow/airflow/dags/subdags/subdag_parallel_dag.py for tasks to queue
[2021-07-19 23:25:32,285] {logging_mixin.py:104} INFO - [2021-07-19 23:25:32,285] {dagbag.py:487} INFO - Filling up the DagBag from /home/airflow/airflow/dags/subdags/subdag_parallel_dag.py
[2021-07-19 23:25:32,290] {scheduler_job.py:645} WARNING - No viable dags retrieved from /home/airflow/airflow/dags/subdags/subdag_parallel_dag.py
[2021-07-19 23:25:32,305] {scheduler_job.py:190} INFO - Processing /home/airflow/airflow/dags/subdags/subdag_parallel_dag.py took 0.025 seconds
[2021-07-19 23:26:02,964] {scheduler_job.py:182} INFO - Started process (PID=46273) to work on /home/airflow/airflow/dags/subdags/subdag_parallel_dag.py
[2021-07-19 23:26:02,968] {scheduler_job.py:633} INFO - Processing file /home/airflow/airflow/dags/subdags/subdag_parallel_dag.py for tasks to queue
[2021-07-19 23:26:02,969] {logging_mixin.py:104} INFO - [2021-07-19 23:26:02,969] {dagbag.py:487} INFO - Filling up the DagBag from /home/airflow/airflow/dags/subdags/subdag_parallel_dag.py
[2021-07-19 23:26:02,973] {scheduler_job.py:645} WARNING - No viable dags retrieved from /home/airflow/airflow/dags/subdags/subdag_parallel_dag.py
[2021-07-19 23:26:02,988] {scheduler_job.py:190} INFO - Processing /home/airflow/airflow/dags/subdags/subdag_parallel_dag.py took 0.028 seconds
[2021-07-19 23:26:33,280] {scheduler_job.py:182} INFO - Started process (PID=46292) to work on /home/airflow/airflow/dags/subdags/subdag_parallel_dag.py
[2021-07-19 23:26:33,281] {scheduler_job.py:633} INFO - Processing file /home/airflow/airflow/dags/subdags/subdag_parallel_dag.py for tasks to queue
[2021-07-19 23:26:33,282] {logging_mixin.py:104} INFO - [2021-07-19 23:26:33,282] {dagbag.py:487} INFO - Filling up the DagBag from /home/airflow/airflow/dags/subdags/subdag_parallel_dag.py
[2021-07-19 23:26:33,288] {scheduler_job.py:645} WARNING - No viable dags retrieved from /home/airflow/airflow/dags/subdags/subdag_parallel_dag.py
[2021-07-19 23:26:33,303] {scheduler_job.py:190} INFO - Processing /home/airflow/airflow/dags/subdags/subdag_parallel_dag.py took 0.026 seconds
[2021-07-19 23:27:03,487] {scheduler_job.py:182} INFO - Started process (PID=46312) to work on /home/airflow/airflow/dags/subdags/subdag_parallel_dag.py
[2021-07-19 23:27:03,488] {scheduler_job.py:633} INFO - Processing file /home/airflow/airflow/dags/subdags/subdag_parallel_dag.py for tasks to queue
[2021-07-19 23:27:03,490] {logging_mixin.py:104} INFO - [2021-07-19 23:27:03,490] {dagbag.py:487} INFO - Filling up the DagBag from /home/airflow/airflow/dags/subdags/subdag_parallel_dag.py
[2021-07-19 23:27:03,496] {scheduler_job.py:645} WARNING - No viable dags retrieved from /home/airflow/airflow/dags/subdags/subdag_parallel_dag.py
[2021-07-19 23:27:03,512] {scheduler_job.py:190} INFO - Processing /home/airflow/airflow/dags/subdags/subdag_parallel_dag.py took 0.029 seconds
[2021-07-19 23:27:33,692] {scheduler_job.py:182} INFO - Started process (PID=46331) to work on /home/airflow/airflow/dags/subdags/subdag_parallel_dag.py
[2021-07-19 23:27:33,693] {scheduler_job.py:633} INFO - Processing file /home/airflow/airflow/dags/subdags/subdag_parallel_dag.py for tasks to queue
[2021-07-19 23:27:33,695] {logging_mixin.py:104} INFO - [2021-07-19 23:27:33,695] {dagbag.py:487} INFO - Filling up the DagBag from /home/airflow/airflow/dags/subdags/subdag_parallel_dag.py
[2021-07-19 23:27:33,700] {scheduler_job.py:645} WARNING - No viable dags retrieved from /home/airflow/airflow/dags/subdags/subdag_parallel_dag.py
[2021-07-19 23:27:33,718] {scheduler_job.py:190} INFO - Processing /home/airflow/airflow/dags/subdags/subdag_parallel_dag.py took 0.029 seconds
[2021-07-19 23:28:03,881] {scheduler_job.py:182} INFO - Started process (PID=46350) to work on /home/airflow/airflow/dags/subdags/subdag_parallel_dag.py
[2021-07-19 23:28:03,884] {scheduler_job.py:633} INFO - Processing file /home/airflow/airflow/dags/subdags/subdag_parallel_dag.py for tasks to queue
[2021-07-19 23:28:03,885] {logging_mixin.py:104} INFO - [2021-07-19 23:28:03,885] {dagbag.py:487} INFO - Filling up the DagBag from /home/airflow/airflow/dags/subdags/subdag_parallel_dag.py
[2021-07-19 23:28:03,890] {scheduler_job.py:645} WARNING - No viable dags retrieved from /home/airflow/airflow/dags/subdags/subdag_parallel_dag.py
[2021-07-19 23:28:03,906] {scheduler_job.py:190} INFO - Processing /home/airflow/airflow/dags/subdags/subdag_parallel_dag.py took 0.029 seconds
[2021-07-19 23:28:34,083] {scheduler_job.py:182} INFO - Started process (PID=46372) to work on /home/airflow/airflow/dags/subdags/subdag_parallel_dag.py
[2021-07-19 23:28:34,085] {scheduler_job.py:633} INFO - Processing file /home/airflow/airflow/dags/subdags/subdag_parallel_dag.py for tasks to queue
[2021-07-19 23:28:34,087] {logging_mixin.py:104} INFO - [2021-07-19 23:28:34,087] {dagbag.py:487} INFO - Filling up the DagBag from /home/airflow/airflow/dags/subdags/subdag_parallel_dag.py
[2021-07-19 23:28:34,092] {scheduler_job.py:645} WARNING - No viable dags retrieved from /home/airflow/airflow/dags/subdags/subdag_parallel_dag.py
[2021-07-19 23:28:34,109] {scheduler_job.py:190} INFO - Processing /home/airflow/airflow/dags/subdags/subdag_parallel_dag.py took 0.029 seconds
[2021-07-19 23:29:04,311] {scheduler_job.py:182} INFO - Started process (PID=46392) to work on /home/airflow/airflow/dags/subdags/subdag_parallel_dag.py
[2021-07-19 23:29:04,315] {scheduler_job.py:633} INFO - Processing file /home/airflow/airflow/dags/subdags/subdag_parallel_dag.py for tasks to queue
[2021-07-19 23:29:04,319] {logging_mixin.py:104} INFO - [2021-07-19 23:29:04,319] {dagbag.py:487} INFO - Filling up the DagBag from /home/airflow/airflow/dags/subdags/subdag_parallel_dag.py
[2021-07-19 23:29:04,328] {scheduler_job.py:645} WARNING - No viable dags retrieved from /home/airflow/airflow/dags/subdags/subdag_parallel_dag.py
[2021-07-19 23:29:04,346] {scheduler_job.py:190} INFO - Processing /home/airflow/airflow/dags/subdags/subdag_parallel_dag.py took 0.040 seconds
[2021-07-19 23:29:34,528] {scheduler_job.py:182} INFO - Started process (PID=46411) to work on /home/airflow/airflow/dags/subdags/subdag_parallel_dag.py
[2021-07-19 23:29:34,530] {scheduler_job.py:633} INFO - Processing file /home/airflow/airflow/dags/subdags/subdag_parallel_dag.py for tasks to queue
[2021-07-19 23:29:34,531] {logging_mixin.py:104} INFO - [2021-07-19 23:29:34,531] {dagbag.py:487} INFO - Filling up the DagBag from /home/airflow/airflow/dags/subdags/subdag_parallel_dag.py
[2021-07-19 23:29:34,535] {scheduler_job.py:645} WARNING - No viable dags retrieved from /home/airflow/airflow/dags/subdags/subdag_parallel_dag.py
[2021-07-19 23:29:34,551] {scheduler_job.py:190} INFO - Processing /home/airflow/airflow/dags/subdags/subdag_parallel_dag.py took 0.027 seconds
[2021-07-19 23:30:04,708] {scheduler_job.py:182} INFO - Started process (PID=46432) to work on /home/airflow/airflow/dags/subdags/subdag_parallel_dag.py
[2021-07-19 23:30:04,710] {scheduler_job.py:633} INFO - Processing file /home/airflow/airflow/dags/subdags/subdag_parallel_dag.py for tasks to queue
[2021-07-19 23:30:04,710] {logging_mixin.py:104} INFO - [2021-07-19 23:30:04,710] {dagbag.py:487} INFO - Filling up the DagBag from /home/airflow/airflow/dags/subdags/subdag_parallel_dag.py
[2021-07-19 23:30:04,718] {scheduler_job.py:645} WARNING - No viable dags retrieved from /home/airflow/airflow/dags/subdags/subdag_parallel_dag.py
[2021-07-19 23:30:04,735] {scheduler_job.py:190} INFO - Processing /home/airflow/airflow/dags/subdags/subdag_parallel_dag.py took 0.030 seconds
[2021-07-19 23:30:34,905] {scheduler_job.py:182} INFO - Started process (PID=46451) to work on /home/airflow/airflow/dags/subdags/subdag_parallel_dag.py
[2021-07-19 23:30:34,911] {scheduler_job.py:633} INFO - Processing file /home/airflow/airflow/dags/subdags/subdag_parallel_dag.py for tasks to queue
[2021-07-19 23:30:34,912] {logging_mixin.py:104} INFO - [2021-07-19 23:30:34,912] {dagbag.py:487} INFO - Filling up the DagBag from /home/airflow/airflow/dags/subdags/subdag_parallel_dag.py
[2021-07-19 23:30:34,921] {scheduler_job.py:645} WARNING - No viable dags retrieved from /home/airflow/airflow/dags/subdags/subdag_parallel_dag.py
[2021-07-19 23:30:34,937] {scheduler_job.py:190} INFO - Processing /home/airflow/airflow/dags/subdags/subdag_parallel_dag.py took 0.040 seconds
[2021-07-19 23:31:05,105] {scheduler_job.py:182} INFO - Started process (PID=46471) to work on /home/airflow/airflow/dags/subdags/subdag_parallel_dag.py
[2021-07-19 23:31:05,108] {scheduler_job.py:633} INFO - Processing file /home/airflow/airflow/dags/subdags/subdag_parallel_dag.py for tasks to queue
[2021-07-19 23:31:05,109] {logging_mixin.py:104} INFO - [2021-07-19 23:31:05,109] {dagbag.py:487} INFO - Filling up the DagBag from /home/airflow/airflow/dags/subdags/subdag_parallel_dag.py
[2021-07-19 23:31:05,113] {scheduler_job.py:645} WARNING - No viable dags retrieved from /home/airflow/airflow/dags/subdags/subdag_parallel_dag.py
[2021-07-19 23:31:05,129] {scheduler_job.py:190} INFO - Processing /home/airflow/airflow/dags/subdags/subdag_parallel_dag.py took 0.028 seconds
[2021-07-19 23:31:35,289] {scheduler_job.py:182} INFO - Started process (PID=46491) to work on /home/airflow/airflow/dags/subdags/subdag_parallel_dag.py
[2021-07-19 23:31:35,291] {scheduler_job.py:633} INFO - Processing file /home/airflow/airflow/dags/subdags/subdag_parallel_dag.py for tasks to queue
[2021-07-19 23:31:35,292] {logging_mixin.py:104} INFO - [2021-07-19 23:31:35,292] {dagbag.py:487} INFO - Filling up the DagBag from /home/airflow/airflow/dags/subdags/subdag_parallel_dag.py
[2021-07-19 23:31:35,297] {scheduler_job.py:645} WARNING - No viable dags retrieved from /home/airflow/airflow/dags/subdags/subdag_parallel_dag.py
[2021-07-19 23:31:35,314] {scheduler_job.py:190} INFO - Processing /home/airflow/airflow/dags/subdags/subdag_parallel_dag.py took 0.028 seconds
[2021-07-19 23:32:05,484] {scheduler_job.py:182} INFO - Started process (PID=46511) to work on /home/airflow/airflow/dags/subdags/subdag_parallel_dag.py
[2021-07-19 23:32:05,486] {scheduler_job.py:633} INFO - Processing file /home/airflow/airflow/dags/subdags/subdag_parallel_dag.py for tasks to queue
[2021-07-19 23:32:05,486] {logging_mixin.py:104} INFO - [2021-07-19 23:32:05,486] {dagbag.py:487} INFO - Filling up the DagBag from /home/airflow/airflow/dags/subdags/subdag_parallel_dag.py
[2021-07-19 23:32:05,490] {scheduler_job.py:645} WARNING - No viable dags retrieved from /home/airflow/airflow/dags/subdags/subdag_parallel_dag.py
[2021-07-19 23:32:05,506] {scheduler_job.py:190} INFO - Processing /home/airflow/airflow/dags/subdags/subdag_parallel_dag.py took 0.027 seconds
[2021-07-19 23:32:38,809] {scheduler_job.py:182} INFO - Started process (PID=46530) to work on /home/airflow/airflow/dags/subdags/subdag_parallel_dag.py
[2021-07-19 23:32:39,098] {scheduler_job.py:633} INFO - Processing file /home/airflow/airflow/dags/subdags/subdag_parallel_dag.py for tasks to queue
[2021-07-19 23:32:39,293] {logging_mixin.py:104} INFO - [2021-07-19 23:32:39,273] {dagbag.py:487} INFO - Filling up the DagBag from /home/airflow/airflow/dags/subdags/subdag_parallel_dag.py
[2021-07-19 23:32:42,393] {scheduler_job.py:645} WARNING - No viable dags retrieved from /home/airflow/airflow/dags/subdags/subdag_parallel_dag.py
[2021-07-19 23:32:49,348] {scheduler_job.py:190} INFO - Processing /home/airflow/airflow/dags/subdags/subdag_parallel_dag.py took 11.174 seconds
[2021-07-19 23:33:20,221] {scheduler_job.py:182} INFO - Started process (PID=46551) to work on /home/airflow/airflow/dags/subdags/subdag_parallel_dag.py
[2021-07-19 23:33:20,223] {scheduler_job.py:633} INFO - Processing file /home/airflow/airflow/dags/subdags/subdag_parallel_dag.py for tasks to queue
[2021-07-19 23:33:20,224] {logging_mixin.py:104} INFO - [2021-07-19 23:33:20,224] {dagbag.py:487} INFO - Filling up the DagBag from /home/airflow/airflow/dags/subdags/subdag_parallel_dag.py
[2021-07-19 23:33:20,237] {scheduler_job.py:645} WARNING - No viable dags retrieved from /home/airflow/airflow/dags/subdags/subdag_parallel_dag.py
[2021-07-19 23:33:20,268] {scheduler_job.py:190} INFO - Processing /home/airflow/airflow/dags/subdags/subdag_parallel_dag.py took 0.052 seconds
[2021-07-19 23:33:50,466] {scheduler_job.py:182} INFO - Started process (PID=46570) to work on /home/airflow/airflow/dags/subdags/subdag_parallel_dag.py
[2021-07-19 23:33:50,469] {scheduler_job.py:633} INFO - Processing file /home/airflow/airflow/dags/subdags/subdag_parallel_dag.py for tasks to queue
[2021-07-19 23:33:50,472] {logging_mixin.py:104} INFO - [2021-07-19 23:33:50,472] {dagbag.py:487} INFO - Filling up the DagBag from /home/airflow/airflow/dags/subdags/subdag_parallel_dag.py
[2021-07-19 23:33:50,483] {scheduler_job.py:645} WARNING - No viable dags retrieved from /home/airflow/airflow/dags/subdags/subdag_parallel_dag.py
[2021-07-19 23:33:50,543] {scheduler_job.py:190} INFO - Processing /home/airflow/airflow/dags/subdags/subdag_parallel_dag.py took 0.084 seconds
[2021-07-19 23:34:21,113] {scheduler_job.py:182} INFO - Started process (PID=46591) to work on /home/airflow/airflow/dags/subdags/subdag_parallel_dag.py
[2021-07-19 23:34:21,114] {scheduler_job.py:633} INFO - Processing file /home/airflow/airflow/dags/subdags/subdag_parallel_dag.py for tasks to queue
[2021-07-19 23:34:21,116] {logging_mixin.py:104} INFO - [2021-07-19 23:34:21,115] {dagbag.py:487} INFO - Filling up the DagBag from /home/airflow/airflow/dags/subdags/subdag_parallel_dag.py
[2021-07-19 23:34:21,125] {scheduler_job.py:645} WARNING - No viable dags retrieved from /home/airflow/airflow/dags/subdags/subdag_parallel_dag.py
[2021-07-19 23:34:21,147] {scheduler_job.py:190} INFO - Processing /home/airflow/airflow/dags/subdags/subdag_parallel_dag.py took 0.040 seconds
[2021-07-19 23:34:51,301] {scheduler_job.py:182} INFO - Started process (PID=46610) to work on /home/airflow/airflow/dags/subdags/subdag_parallel_dag.py
[2021-07-19 23:34:51,305] {scheduler_job.py:633} INFO - Processing file /home/airflow/airflow/dags/subdags/subdag_parallel_dag.py for tasks to queue
[2021-07-19 23:34:51,307] {logging_mixin.py:104} INFO - [2021-07-19 23:34:51,307] {dagbag.py:487} INFO - Filling up the DagBag from /home/airflow/airflow/dags/subdags/subdag_parallel_dag.py
[2021-07-19 23:34:51,328] {scheduler_job.py:645} WARNING - No viable dags retrieved from /home/airflow/airflow/dags/subdags/subdag_parallel_dag.py
[2021-07-19 23:34:51,377] {scheduler_job.py:190} INFO - Processing /home/airflow/airflow/dags/subdags/subdag_parallel_dag.py took 0.080 seconds
[2021-07-19 23:35:21,962] {scheduler_job.py:182} INFO - Started process (PID=46632) to work on /home/airflow/airflow/dags/subdags/subdag_parallel_dag.py
[2021-07-19 23:35:21,964] {scheduler_job.py:633} INFO - Processing file /home/airflow/airflow/dags/subdags/subdag_parallel_dag.py for tasks to queue
[2021-07-19 23:35:21,965] {logging_mixin.py:104} INFO - [2021-07-19 23:35:21,965] {dagbag.py:487} INFO - Filling up the DagBag from /home/airflow/airflow/dags/subdags/subdag_parallel_dag.py
[2021-07-19 23:35:21,977] {scheduler_job.py:645} WARNING - No viable dags retrieved from /home/airflow/airflow/dags/subdags/subdag_parallel_dag.py
[2021-07-19 23:35:22,001] {scheduler_job.py:190} INFO - Processing /home/airflow/airflow/dags/subdags/subdag_parallel_dag.py took 0.044 seconds
[2021-07-19 23:35:52,393] {scheduler_job.py:182} INFO - Started process (PID=46651) to work on /home/airflow/airflow/dags/subdags/subdag_parallel_dag.py
[2021-07-19 23:35:52,405] {scheduler_job.py:633} INFO - Processing file /home/airflow/airflow/dags/subdags/subdag_parallel_dag.py for tasks to queue
[2021-07-19 23:35:52,418] {logging_mixin.py:104} INFO - [2021-07-19 23:35:52,417] {dagbag.py:487} INFO - Filling up the DagBag from /home/airflow/airflow/dags/subdags/subdag_parallel_dag.py
[2021-07-19 23:35:52,483] {scheduler_job.py:645} WARNING - No viable dags retrieved from /home/airflow/airflow/dags/subdags/subdag_parallel_dag.py
[2021-07-19 23:35:52,565] {scheduler_job.py:190} INFO - Processing /home/airflow/airflow/dags/subdags/subdag_parallel_dag.py took 0.187 seconds
[2021-07-19 23:36:22,795] {scheduler_job.py:182} INFO - Started process (PID=46670) to work on /home/airflow/airflow/dags/subdags/subdag_parallel_dag.py
[2021-07-19 23:36:22,804] {scheduler_job.py:633} INFO - Processing file /home/airflow/airflow/dags/subdags/subdag_parallel_dag.py for tasks to queue
[2021-07-19 23:36:22,807] {logging_mixin.py:104} INFO - [2021-07-19 23:36:22,807] {dagbag.py:487} INFO - Filling up the DagBag from /home/airflow/airflow/dags/subdags/subdag_parallel_dag.py
[2021-07-19 23:36:22,824] {scheduler_job.py:645} WARNING - No viable dags retrieved from /home/airflow/airflow/dags/subdags/subdag_parallel_dag.py
[2021-07-19 23:36:22,864] {scheduler_job.py:190} INFO - Processing /home/airflow/airflow/dags/subdags/subdag_parallel_dag.py took 0.074 seconds
[2021-07-19 23:36:53,260] {scheduler_job.py:182} INFO - Started process (PID=46689) to work on /home/airflow/airflow/dags/subdags/subdag_parallel_dag.py
[2021-07-19 23:36:53,268] {scheduler_job.py:633} INFO - Processing file /home/airflow/airflow/dags/subdags/subdag_parallel_dag.py for tasks to queue
[2021-07-19 23:36:53,272] {logging_mixin.py:104} INFO - [2021-07-19 23:36:53,272] {dagbag.py:487} INFO - Filling up the DagBag from /home/airflow/airflow/dags/subdags/subdag_parallel_dag.py
[2021-07-19 23:36:53,285] {scheduler_job.py:645} WARNING - No viable dags retrieved from /home/airflow/airflow/dags/subdags/subdag_parallel_dag.py
[2021-07-19 23:36:53,343] {scheduler_job.py:190} INFO - Processing /home/airflow/airflow/dags/subdags/subdag_parallel_dag.py took 0.091 seconds
[2021-07-19 23:37:23,701] {scheduler_job.py:182} INFO - Started process (PID=46709) to work on /home/airflow/airflow/dags/subdags/subdag_parallel_dag.py
[2021-07-19 23:37:23,705] {scheduler_job.py:633} INFO - Processing file /home/airflow/airflow/dags/subdags/subdag_parallel_dag.py for tasks to queue
[2021-07-19 23:37:23,708] {logging_mixin.py:104} INFO - [2021-07-19 23:37:23,708] {dagbag.py:487} INFO - Filling up the DagBag from /home/airflow/airflow/dags/subdags/subdag_parallel_dag.py
[2021-07-19 23:37:23,715] {scheduler_job.py:645} WARNING - No viable dags retrieved from /home/airflow/airflow/dags/subdags/subdag_parallel_dag.py
[2021-07-19 23:37:23,745] {scheduler_job.py:190} INFO - Processing /home/airflow/airflow/dags/subdags/subdag_parallel_dag.py took 0.055 seconds
[2021-07-19 23:37:53,910] {scheduler_job.py:182} INFO - Started process (PID=46728) to work on /home/airflow/airflow/dags/subdags/subdag_parallel_dag.py
[2021-07-19 23:37:53,914] {scheduler_job.py:633} INFO - Processing file /home/airflow/airflow/dags/subdags/subdag_parallel_dag.py for tasks to queue
[2021-07-19 23:37:53,917] {logging_mixin.py:104} INFO - [2021-07-19 23:37:53,917] {dagbag.py:487} INFO - Filling up the DagBag from /home/airflow/airflow/dags/subdags/subdag_parallel_dag.py
[2021-07-19 23:37:53,925] {scheduler_job.py:645} WARNING - No viable dags retrieved from /home/airflow/airflow/dags/subdags/subdag_parallel_dag.py
[2021-07-19 23:37:53,952] {scheduler_job.py:190} INFO - Processing /home/airflow/airflow/dags/subdags/subdag_parallel_dag.py took 0.047 seconds
[2021-07-19 23:38:24,237] {scheduler_job.py:182} INFO - Started process (PID=46747) to work on /home/airflow/airflow/dags/subdags/subdag_parallel_dag.py
[2021-07-19 23:38:24,240] {scheduler_job.py:633} INFO - Processing file /home/airflow/airflow/dags/subdags/subdag_parallel_dag.py for tasks to queue
[2021-07-19 23:38:24,243] {logging_mixin.py:104} INFO - [2021-07-19 23:38:24,243] {dagbag.py:487} INFO - Filling up the DagBag from /home/airflow/airflow/dags/subdags/subdag_parallel_dag.py
[2021-07-19 23:38:24,251] {scheduler_job.py:645} WARNING - No viable dags retrieved from /home/airflow/airflow/dags/subdags/subdag_parallel_dag.py
[2021-07-19 23:38:24,279] {scheduler_job.py:190} INFO - Processing /home/airflow/airflow/dags/subdags/subdag_parallel_dag.py took 0.048 seconds
[2021-07-19 23:38:54,636] {scheduler_job.py:182} INFO - Started process (PID=46766) to work on /home/airflow/airflow/dags/subdags/subdag_parallel_dag.py
[2021-07-19 23:38:54,639] {scheduler_job.py:633} INFO - Processing file /home/airflow/airflow/dags/subdags/subdag_parallel_dag.py for tasks to queue
[2021-07-19 23:38:54,641] {logging_mixin.py:104} INFO - [2021-07-19 23:38:54,641] {dagbag.py:487} INFO - Filling up the DagBag from /home/airflow/airflow/dags/subdags/subdag_parallel_dag.py
[2021-07-19 23:38:54,665] {scheduler_job.py:645} WARNING - No viable dags retrieved from /home/airflow/airflow/dags/subdags/subdag_parallel_dag.py
[2021-07-19 23:38:54,752] {scheduler_job.py:190} INFO - Processing /home/airflow/airflow/dags/subdags/subdag_parallel_dag.py took 0.143 seconds
[2021-07-19 23:39:24,998] {scheduler_job.py:182} INFO - Started process (PID=46785) to work on /home/airflow/airflow/dags/subdags/subdag_parallel_dag.py
[2021-07-19 23:39:24,999] {scheduler_job.py:633} INFO - Processing file /home/airflow/airflow/dags/subdags/subdag_parallel_dag.py for tasks to queue
[2021-07-19 23:39:25,001] {logging_mixin.py:104} INFO - [2021-07-19 23:39:25,000] {dagbag.py:487} INFO - Filling up the DagBag from /home/airflow/airflow/dags/subdags/subdag_parallel_dag.py
[2021-07-19 23:39:25,012] {scheduler_job.py:645} WARNING - No viable dags retrieved from /home/airflow/airflow/dags/subdags/subdag_parallel_dag.py
[2021-07-19 23:39:25,035] {scheduler_job.py:190} INFO - Processing /home/airflow/airflow/dags/subdags/subdag_parallel_dag.py took 0.042 seconds
[2021-07-19 23:39:55,433] {scheduler_job.py:182} INFO - Started process (PID=46804) to work on /home/airflow/airflow/dags/subdags/subdag_parallel_dag.py
[2021-07-19 23:39:55,437] {scheduler_job.py:633} INFO - Processing file /home/airflow/airflow/dags/subdags/subdag_parallel_dag.py for tasks to queue
[2021-07-19 23:39:55,439] {logging_mixin.py:104} INFO - [2021-07-19 23:39:55,439] {dagbag.py:487} INFO - Filling up the DagBag from /home/airflow/airflow/dags/subdags/subdag_parallel_dag.py
[2021-07-19 23:39:55,465] {scheduler_job.py:645} WARNING - No viable dags retrieved from /home/airflow/airflow/dags/subdags/subdag_parallel_dag.py
[2021-07-19 23:39:55,536] {scheduler_job.py:190} INFO - Processing /home/airflow/airflow/dags/subdags/subdag_parallel_dag.py took 0.148 seconds
[2021-07-19 23:40:25,696] {scheduler_job.py:182} INFO - Started process (PID=46819) to work on /home/airflow/airflow/dags/subdags/subdag_parallel_dag.py
[2021-07-19 23:40:25,701] {scheduler_job.py:633} INFO - Processing file /home/airflow/airflow/dags/subdags/subdag_parallel_dag.py for tasks to queue
[2021-07-19 23:40:25,709] {logging_mixin.py:104} INFO - [2021-07-19 23:40:25,709] {dagbag.py:487} INFO - Filling up the DagBag from /home/airflow/airflow/dags/subdags/subdag_parallel_dag.py
[2021-07-19 23:40:25,730] {scheduler_job.py:645} WARNING - No viable dags retrieved from /home/airflow/airflow/dags/subdags/subdag_parallel_dag.py
[2021-07-19 23:40:25,785] {scheduler_job.py:190} INFO - Processing /home/airflow/airflow/dags/subdags/subdag_parallel_dag.py took 0.105 seconds
[2021-07-19 23:40:56,159] {scheduler_job.py:182} INFO - Started process (PID=46838) to work on /home/airflow/airflow/dags/subdags/subdag_parallel_dag.py
[2021-07-19 23:40:56,161] {scheduler_job.py:633} INFO - Processing file /home/airflow/airflow/dags/subdags/subdag_parallel_dag.py for tasks to queue
[2021-07-19 23:40:56,162] {logging_mixin.py:104} INFO - [2021-07-19 23:40:56,162] {dagbag.py:487} INFO - Filling up the DagBag from /home/airflow/airflow/dags/subdags/subdag_parallel_dag.py
[2021-07-19 23:40:56,169] {scheduler_job.py:645} WARNING - No viable dags retrieved from /home/airflow/airflow/dags/subdags/subdag_parallel_dag.py
[2021-07-19 23:40:56,199] {scheduler_job.py:190} INFO - Processing /home/airflow/airflow/dags/subdags/subdag_parallel_dag.py took 0.043 seconds
[2021-07-19 23:41:26,361] {scheduler_job.py:182} INFO - Started process (PID=46857) to work on /home/airflow/airflow/dags/subdags/subdag_parallel_dag.py
[2021-07-19 23:41:26,364] {scheduler_job.py:633} INFO - Processing file /home/airflow/airflow/dags/subdags/subdag_parallel_dag.py for tasks to queue
[2021-07-19 23:41:26,367] {logging_mixin.py:104} INFO - [2021-07-19 23:41:26,366] {dagbag.py:487} INFO - Filling up the DagBag from /home/airflow/airflow/dags/subdags/subdag_parallel_dag.py
[2021-07-19 23:41:26,374] {scheduler_job.py:645} WARNING - No viable dags retrieved from /home/airflow/airflow/dags/subdags/subdag_parallel_dag.py
[2021-07-19 23:41:26,398] {scheduler_job.py:190} INFO - Processing /home/airflow/airflow/dags/subdags/subdag_parallel_dag.py took 0.041 seconds
[2021-07-19 23:41:56,695] {scheduler_job.py:182} INFO - Started process (PID=46876) to work on /home/airflow/airflow/dags/subdags/subdag_parallel_dag.py
[2021-07-19 23:41:56,697] {scheduler_job.py:633} INFO - Processing file /home/airflow/airflow/dags/subdags/subdag_parallel_dag.py for tasks to queue
[2021-07-19 23:41:56,698] {logging_mixin.py:104} INFO - [2021-07-19 23:41:56,698] {dagbag.py:487} INFO - Filling up the DagBag from /home/airflow/airflow/dags/subdags/subdag_parallel_dag.py
[2021-07-19 23:41:56,706] {scheduler_job.py:645} WARNING - No viable dags retrieved from /home/airflow/airflow/dags/subdags/subdag_parallel_dag.py
[2021-07-19 23:41:56,748] {scheduler_job.py:190} INFO - Processing /home/airflow/airflow/dags/subdags/subdag_parallel_dag.py took 0.058 seconds
[2021-07-19 23:42:26,936] {scheduler_job.py:182} INFO - Started process (PID=46895) to work on /home/airflow/airflow/dags/subdags/subdag_parallel_dag.py
[2021-07-19 23:42:26,938] {scheduler_job.py:633} INFO - Processing file /home/airflow/airflow/dags/subdags/subdag_parallel_dag.py for tasks to queue
[2021-07-19 23:42:26,939] {logging_mixin.py:104} INFO - [2021-07-19 23:42:26,939] {dagbag.py:487} INFO - Filling up the DagBag from /home/airflow/airflow/dags/subdags/subdag_parallel_dag.py
[2021-07-19 23:42:26,952] {scheduler_job.py:645} WARNING - No viable dags retrieved from /home/airflow/airflow/dags/subdags/subdag_parallel_dag.py
[2021-07-19 23:42:26,978] {scheduler_job.py:190} INFO - Processing /home/airflow/airflow/dags/subdags/subdag_parallel_dag.py took 0.046 seconds
[2021-07-19 23:42:57,142] {scheduler_job.py:182} INFO - Started process (PID=46914) to work on /home/airflow/airflow/dags/subdags/subdag_parallel_dag.py
[2021-07-19 23:42:57,144] {scheduler_job.py:633} INFO - Processing file /home/airflow/airflow/dags/subdags/subdag_parallel_dag.py for tasks to queue
[2021-07-19 23:42:57,145] {logging_mixin.py:104} INFO - [2021-07-19 23:42:57,145] {dagbag.py:487} INFO - Filling up the DagBag from /home/airflow/airflow/dags/subdags/subdag_parallel_dag.py
[2021-07-19 23:42:57,157] {scheduler_job.py:645} WARNING - No viable dags retrieved from /home/airflow/airflow/dags/subdags/subdag_parallel_dag.py
[2021-07-19 23:42:57,192] {scheduler_job.py:190} INFO - Processing /home/airflow/airflow/dags/subdags/subdag_parallel_dag.py took 0.055 seconds
[2021-07-19 23:43:27,577] {scheduler_job.py:182} INFO - Started process (PID=46935) to work on /home/airflow/airflow/dags/subdags/subdag_parallel_dag.py
[2021-07-19 23:43:27,584] {scheduler_job.py:633} INFO - Processing file /home/airflow/airflow/dags/subdags/subdag_parallel_dag.py for tasks to queue
[2021-07-19 23:43:27,586] {logging_mixin.py:104} INFO - [2021-07-19 23:43:27,585] {dagbag.py:487} INFO - Filling up the DagBag from /home/airflow/airflow/dags/subdags/subdag_parallel_dag.py
[2021-07-19 23:43:27,594] {scheduler_job.py:645} WARNING - No viable dags retrieved from /home/airflow/airflow/dags/subdags/subdag_parallel_dag.py
[2021-07-19 23:43:27,620] {scheduler_job.py:190} INFO - Processing /home/airflow/airflow/dags/subdags/subdag_parallel_dag.py took 0.053 seconds
[2021-07-19 23:43:57,806] {scheduler_job.py:182} INFO - Started process (PID=46954) to work on /home/airflow/airflow/dags/subdags/subdag_parallel_dag.py
[2021-07-19 23:43:57,808] {scheduler_job.py:633} INFO - Processing file /home/airflow/airflow/dags/subdags/subdag_parallel_dag.py for tasks to queue
[2021-07-19 23:43:57,812] {logging_mixin.py:104} INFO - [2021-07-19 23:43:57,811] {dagbag.py:487} INFO - Filling up the DagBag from /home/airflow/airflow/dags/subdags/subdag_parallel_dag.py
[2021-07-19 23:43:57,820] {scheduler_job.py:645} WARNING - No viable dags retrieved from /home/airflow/airflow/dags/subdags/subdag_parallel_dag.py
[2021-07-19 23:43:57,853] {scheduler_job.py:190} INFO - Processing /home/airflow/airflow/dags/subdags/subdag_parallel_dag.py took 0.052 seconds
[2021-07-19 23:44:28,043] {scheduler_job.py:182} INFO - Started process (PID=46973) to work on /home/airflow/airflow/dags/subdags/subdag_parallel_dag.py
[2021-07-19 23:44:28,045] {scheduler_job.py:633} INFO - Processing file /home/airflow/airflow/dags/subdags/subdag_parallel_dag.py for tasks to queue
[2021-07-19 23:44:28,047] {logging_mixin.py:104} INFO - [2021-07-19 23:44:28,047] {dagbag.py:487} INFO - Filling up the DagBag from /home/airflow/airflow/dags/subdags/subdag_parallel_dag.py
[2021-07-19 23:44:28,057] {scheduler_job.py:645} WARNING - No viable dags retrieved from /home/airflow/airflow/dags/subdags/subdag_parallel_dag.py
[2021-07-19 23:44:28,087] {scheduler_job.py:190} INFO - Processing /home/airflow/airflow/dags/subdags/subdag_parallel_dag.py took 0.047 seconds
[2021-07-19 23:44:58,211] {scheduler_job.py:182} INFO - Started process (PID=46992) to work on /home/airflow/airflow/dags/subdags/subdag_parallel_dag.py
[2021-07-19 23:44:58,212] {scheduler_job.py:633} INFO - Processing file /home/airflow/airflow/dags/subdags/subdag_parallel_dag.py for tasks to queue
[2021-07-19 23:44:58,213] {logging_mixin.py:104} INFO - [2021-07-19 23:44:58,213] {dagbag.py:487} INFO - Filling up the DagBag from /home/airflow/airflow/dags/subdags/subdag_parallel_dag.py
[2021-07-19 23:44:58,228] {scheduler_job.py:645} WARNING - No viable dags retrieved from /home/airflow/airflow/dags/subdags/subdag_parallel_dag.py
[2021-07-19 23:44:58,259] {scheduler_job.py:190} INFO - Processing /home/airflow/airflow/dags/subdags/subdag_parallel_dag.py took 0.059 seconds
[2021-07-19 23:45:28,485] {scheduler_job.py:182} INFO - Started process (PID=47014) to work on /home/airflow/airflow/dags/subdags/subdag_parallel_dag.py
[2021-07-19 23:45:28,486] {scheduler_job.py:633} INFO - Processing file /home/airflow/airflow/dags/subdags/subdag_parallel_dag.py for tasks to queue
[2021-07-19 23:45:28,487] {logging_mixin.py:104} INFO - [2021-07-19 23:45:28,487] {dagbag.py:487} INFO - Filling up the DagBag from /home/airflow/airflow/dags/subdags/subdag_parallel_dag.py
[2021-07-19 23:45:28,500] {scheduler_job.py:645} WARNING - No viable dags retrieved from /home/airflow/airflow/dags/subdags/subdag_parallel_dag.py
[2021-07-19 23:45:28,526] {scheduler_job.py:190} INFO - Processing /home/airflow/airflow/dags/subdags/subdag_parallel_dag.py took 0.047 seconds
[2021-07-19 23:45:58,839] {scheduler_job.py:182} INFO - Started process (PID=47033) to work on /home/airflow/airflow/dags/subdags/subdag_parallel_dag.py
[2021-07-19 23:45:58,841] {scheduler_job.py:633} INFO - Processing file /home/airflow/airflow/dags/subdags/subdag_parallel_dag.py for tasks to queue
[2021-07-19 23:45:58,842] {logging_mixin.py:104} INFO - [2021-07-19 23:45:58,842] {dagbag.py:487} INFO - Filling up the DagBag from /home/airflow/airflow/dags/subdags/subdag_parallel_dag.py
[2021-07-19 23:45:58,850] {scheduler_job.py:645} WARNING - No viable dags retrieved from /home/airflow/airflow/dags/subdags/subdag_parallel_dag.py
[2021-07-19 23:45:58,875] {scheduler_job.py:190} INFO - Processing /home/airflow/airflow/dags/subdags/subdag_parallel_dag.py took 0.044 seconds
[2021-07-19 23:46:29,081] {scheduler_job.py:182} INFO - Started process (PID=47053) to work on /home/airflow/airflow/dags/subdags/subdag_parallel_dag.py
[2021-07-19 23:46:29,083] {scheduler_job.py:633} INFO - Processing file /home/airflow/airflow/dags/subdags/subdag_parallel_dag.py for tasks to queue
[2021-07-19 23:46:29,085] {logging_mixin.py:104} INFO - [2021-07-19 23:46:29,085] {dagbag.py:487} INFO - Filling up the DagBag from /home/airflow/airflow/dags/subdags/subdag_parallel_dag.py
[2021-07-19 23:46:29,096] {scheduler_job.py:645} WARNING - No viable dags retrieved from /home/airflow/airflow/dags/subdags/subdag_parallel_dag.py
[2021-07-19 23:46:29,141] {scheduler_job.py:190} INFO - Processing /home/airflow/airflow/dags/subdags/subdag_parallel_dag.py took 0.064 seconds
[2021-07-19 23:46:59,357] {scheduler_job.py:182} INFO - Started process (PID=47072) to work on /home/airflow/airflow/dags/subdags/subdag_parallel_dag.py
[2021-07-19 23:46:59,359] {scheduler_job.py:633} INFO - Processing file /home/airflow/airflow/dags/subdags/subdag_parallel_dag.py for tasks to queue
[2021-07-19 23:46:59,360] {logging_mixin.py:104} INFO - [2021-07-19 23:46:59,360] {dagbag.py:487} INFO - Filling up the DagBag from /home/airflow/airflow/dags/subdags/subdag_parallel_dag.py
[2021-07-19 23:46:59,369] {scheduler_job.py:645} WARNING - No viable dags retrieved from /home/airflow/airflow/dags/subdags/subdag_parallel_dag.py
[2021-07-19 23:46:59,419] {scheduler_job.py:190} INFO - Processing /home/airflow/airflow/dags/subdags/subdag_parallel_dag.py took 0.068 seconds
[2021-07-19 23:47:29,661] {scheduler_job.py:182} INFO - Started process (PID=47091) to work on /home/airflow/airflow/dags/subdags/subdag_parallel_dag.py
[2021-07-19 23:47:29,665] {scheduler_job.py:633} INFO - Processing file /home/airflow/airflow/dags/subdags/subdag_parallel_dag.py for tasks to queue
[2021-07-19 23:47:29,667] {logging_mixin.py:104} INFO - [2021-07-19 23:47:29,667] {dagbag.py:487} INFO - Filling up the DagBag from /home/airflow/airflow/dags/subdags/subdag_parallel_dag.py
[2021-07-19 23:47:29,674] {scheduler_job.py:645} WARNING - No viable dags retrieved from /home/airflow/airflow/dags/subdags/subdag_parallel_dag.py
[2021-07-19 23:47:29,715] {scheduler_job.py:190} INFO - Processing /home/airflow/airflow/dags/subdags/subdag_parallel_dag.py took 0.059 seconds
[2021-07-19 23:47:59,914] {scheduler_job.py:182} INFO - Started process (PID=47110) to work on /home/airflow/airflow/dags/subdags/subdag_parallel_dag.py
[2021-07-19 23:47:59,917] {scheduler_job.py:633} INFO - Processing file /home/airflow/airflow/dags/subdags/subdag_parallel_dag.py for tasks to queue
[2021-07-19 23:47:59,918] {logging_mixin.py:104} INFO - [2021-07-19 23:47:59,918] {dagbag.py:487} INFO - Filling up the DagBag from /home/airflow/airflow/dags/subdags/subdag_parallel_dag.py
[2021-07-19 23:47:59,923] {scheduler_job.py:645} WARNING - No viable dags retrieved from /home/airflow/airflow/dags/subdags/subdag_parallel_dag.py
[2021-07-19 23:47:59,947] {scheduler_job.py:190} INFO - Processing /home/airflow/airflow/dags/subdags/subdag_parallel_dag.py took 0.038 seconds
[2021-07-19 23:48:30,160] {scheduler_job.py:182} INFO - Started process (PID=47129) to work on /home/airflow/airflow/dags/subdags/subdag_parallel_dag.py
[2021-07-19 23:48:30,162] {scheduler_job.py:633} INFO - Processing file /home/airflow/airflow/dags/subdags/subdag_parallel_dag.py for tasks to queue
[2021-07-19 23:48:30,163] {logging_mixin.py:104} INFO - [2021-07-19 23:48:30,163] {dagbag.py:487} INFO - Filling up the DagBag from /home/airflow/airflow/dags/subdags/subdag_parallel_dag.py
[2021-07-19 23:48:30,169] {scheduler_job.py:645} WARNING - No viable dags retrieved from /home/airflow/airflow/dags/subdags/subdag_parallel_dag.py
[2021-07-19 23:48:30,219] {scheduler_job.py:190} INFO - Processing /home/airflow/airflow/dags/subdags/subdag_parallel_dag.py took 0.063 seconds
[2021-07-19 23:49:00,371] {scheduler_job.py:182} INFO - Started process (PID=47149) to work on /home/airflow/airflow/dags/subdags/subdag_parallel_dag.py
[2021-07-19 23:49:00,376] {scheduler_job.py:633} INFO - Processing file /home/airflow/airflow/dags/subdags/subdag_parallel_dag.py for tasks to queue
[2021-07-19 23:49:00,381] {logging_mixin.py:104} INFO - [2021-07-19 23:49:00,381] {dagbag.py:487} INFO - Filling up the DagBag from /home/airflow/airflow/dags/subdags/subdag_parallel_dag.py
[2021-07-19 23:49:00,392] {scheduler_job.py:645} WARNING - No viable dags retrieved from /home/airflow/airflow/dags/subdags/subdag_parallel_dag.py
[2021-07-19 23:49:00,446] {scheduler_job.py:190} INFO - Processing /home/airflow/airflow/dags/subdags/subdag_parallel_dag.py took 0.080 seconds
[2021-07-19 23:49:30,704] {scheduler_job.py:182} INFO - Started process (PID=47169) to work on /home/airflow/airflow/dags/subdags/subdag_parallel_dag.py
[2021-07-19 23:49:30,706] {scheduler_job.py:633} INFO - Processing file /home/airflow/airflow/dags/subdags/subdag_parallel_dag.py for tasks to queue
[2021-07-19 23:49:30,707] {logging_mixin.py:104} INFO - [2021-07-19 23:49:30,707] {dagbag.py:487} INFO - Filling up the DagBag from /home/airflow/airflow/dags/subdags/subdag_parallel_dag.py
[2021-07-19 23:49:30,714] {scheduler_job.py:645} WARNING - No viable dags retrieved from /home/airflow/airflow/dags/subdags/subdag_parallel_dag.py
[2021-07-19 23:49:30,740] {scheduler_job.py:190} INFO - Processing /home/airflow/airflow/dags/subdags/subdag_parallel_dag.py took 0.045 seconds
[2021-07-19 23:50:00,980] {scheduler_job.py:182} INFO - Started process (PID=47188) to work on /home/airflow/airflow/dags/subdags/subdag_parallel_dag.py
[2021-07-19 23:50:00,983] {scheduler_job.py:633} INFO - Processing file /home/airflow/airflow/dags/subdags/subdag_parallel_dag.py for tasks to queue
[2021-07-19 23:50:00,987] {logging_mixin.py:104} INFO - [2021-07-19 23:50:00,987] {dagbag.py:487} INFO - Filling up the DagBag from /home/airflow/airflow/dags/subdags/subdag_parallel_dag.py
[2021-07-19 23:50:00,997] {scheduler_job.py:645} WARNING - No viable dags retrieved from /home/airflow/airflow/dags/subdags/subdag_parallel_dag.py
[2021-07-19 23:50:01,024] {scheduler_job.py:190} INFO - Processing /home/airflow/airflow/dags/subdags/subdag_parallel_dag.py took 0.048 seconds
[2021-07-19 23:50:31,134] {scheduler_job.py:182} INFO - Started process (PID=47208) to work on /home/airflow/airflow/dags/subdags/subdag_parallel_dag.py
[2021-07-19 23:50:31,136] {scheduler_job.py:633} INFO - Processing file /home/airflow/airflow/dags/subdags/subdag_parallel_dag.py for tasks to queue
[2021-07-19 23:50:31,137] {logging_mixin.py:104} INFO - [2021-07-19 23:50:31,137] {dagbag.py:487} INFO - Filling up the DagBag from /home/airflow/airflow/dags/subdags/subdag_parallel_dag.py
[2021-07-19 23:50:31,143] {scheduler_job.py:645} WARNING - No viable dags retrieved from /home/airflow/airflow/dags/subdags/subdag_parallel_dag.py
[2021-07-19 23:50:31,162] {scheduler_job.py:190} INFO - Processing /home/airflow/airflow/dags/subdags/subdag_parallel_dag.py took 0.030 seconds
[2021-07-19 23:51:01,221] {scheduler_job.py:182} INFO - Started process (PID=47227) to work on /home/airflow/airflow/dags/subdags/subdag_parallel_dag.py
[2021-07-19 23:51:01,224] {scheduler_job.py:633} INFO - Processing file /home/airflow/airflow/dags/subdags/subdag_parallel_dag.py for tasks to queue
[2021-07-19 23:51:01,227] {logging_mixin.py:104} INFO - [2021-07-19 23:51:01,227] {dagbag.py:487} INFO - Filling up the DagBag from /home/airflow/airflow/dags/subdags/subdag_parallel_dag.py
[2021-07-19 23:51:01,236] {scheduler_job.py:645} WARNING - No viable dags retrieved from /home/airflow/airflow/dags/subdags/subdag_parallel_dag.py
[2021-07-19 23:51:01,265] {scheduler_job.py:190} INFO - Processing /home/airflow/airflow/dags/subdags/subdag_parallel_dag.py took 0.049 seconds
[2021-07-19 23:51:31,405] {scheduler_job.py:182} INFO - Started process (PID=47246) to work on /home/airflow/airflow/dags/subdags/subdag_parallel_dag.py
[2021-07-19 23:51:31,412] {scheduler_job.py:633} INFO - Processing file /home/airflow/airflow/dags/subdags/subdag_parallel_dag.py for tasks to queue
[2021-07-19 23:51:31,415] {logging_mixin.py:104} INFO - [2021-07-19 23:51:31,414] {dagbag.py:487} INFO - Filling up the DagBag from /home/airflow/airflow/dags/subdags/subdag_parallel_dag.py
[2021-07-19 23:51:31,421] {scheduler_job.py:645} WARNING - No viable dags retrieved from /home/airflow/airflow/dags/subdags/subdag_parallel_dag.py
[2021-07-19 23:51:31,465] {scheduler_job.py:190} INFO - Processing /home/airflow/airflow/dags/subdags/subdag_parallel_dag.py took 0.068 seconds
[2021-07-19 23:52:01,559] {scheduler_job.py:182} INFO - Started process (PID=47265) to work on /home/airflow/airflow/dags/subdags/subdag_parallel_dag.py
[2021-07-19 23:52:01,562] {scheduler_job.py:633} INFO - Processing file /home/airflow/airflow/dags/subdags/subdag_parallel_dag.py for tasks to queue
[2021-07-19 23:52:01,563] {logging_mixin.py:104} INFO - [2021-07-19 23:52:01,563] {dagbag.py:487} INFO - Filling up the DagBag from /home/airflow/airflow/dags/subdags/subdag_parallel_dag.py
[2021-07-19 23:52:01,571] {scheduler_job.py:645} WARNING - No viable dags retrieved from /home/airflow/airflow/dags/subdags/subdag_parallel_dag.py
[2021-07-19 23:52:01,596] {scheduler_job.py:190} INFO - Processing /home/airflow/airflow/dags/subdags/subdag_parallel_dag.py took 0.043 seconds
[2021-07-19 23:52:32,021] {scheduler_job.py:182} INFO - Started process (PID=47285) to work on /home/airflow/airflow/dags/subdags/subdag_parallel_dag.py
[2021-07-19 23:52:32,025] {scheduler_job.py:633} INFO - Processing file /home/airflow/airflow/dags/subdags/subdag_parallel_dag.py for tasks to queue
[2021-07-19 23:52:32,028] {logging_mixin.py:104} INFO - [2021-07-19 23:52:32,028] {dagbag.py:487} INFO - Filling up the DagBag from /home/airflow/airflow/dags/subdags/subdag_parallel_dag.py
[2021-07-19 23:52:32,057] {scheduler_job.py:645} WARNING - No viable dags retrieved from /home/airflow/airflow/dags/subdags/subdag_parallel_dag.py
[2021-07-19 23:52:32,118] {scheduler_job.py:190} INFO - Processing /home/airflow/airflow/dags/subdags/subdag_parallel_dag.py took 0.105 seconds
[2021-07-19 23:53:02,254] {scheduler_job.py:182} INFO - Started process (PID=47304) to work on /home/airflow/airflow/dags/subdags/subdag_parallel_dag.py
[2021-07-19 23:53:02,256] {scheduler_job.py:633} INFO - Processing file /home/airflow/airflow/dags/subdags/subdag_parallel_dag.py for tasks to queue
[2021-07-19 23:53:02,259] {logging_mixin.py:104} INFO - [2021-07-19 23:53:02,259] {dagbag.py:487} INFO - Filling up the DagBag from /home/airflow/airflow/dags/subdags/subdag_parallel_dag.py
[2021-07-19 23:53:02,283] {scheduler_job.py:645} WARNING - No viable dags retrieved from /home/airflow/airflow/dags/subdags/subdag_parallel_dag.py
[2021-07-19 23:53:02,314] {scheduler_job.py:190} INFO - Processing /home/airflow/airflow/dags/subdags/subdag_parallel_dag.py took 0.075 seconds
[2021-07-19 23:53:32,507] {scheduler_job.py:182} INFO - Started process (PID=47323) to work on /home/airflow/airflow/dags/subdags/subdag_parallel_dag.py
[2021-07-19 23:53:32,509] {scheduler_job.py:633} INFO - Processing file /home/airflow/airflow/dags/subdags/subdag_parallel_dag.py for tasks to queue
[2021-07-19 23:53:32,509] {logging_mixin.py:104} INFO - [2021-07-19 23:53:32,509] {dagbag.py:487} INFO - Filling up the DagBag from /home/airflow/airflow/dags/subdags/subdag_parallel_dag.py
[2021-07-19 23:53:32,520] {scheduler_job.py:645} WARNING - No viable dags retrieved from /home/airflow/airflow/dags/subdags/subdag_parallel_dag.py
[2021-07-19 23:53:32,557] {scheduler_job.py:190} INFO - Processing /home/airflow/airflow/dags/subdags/subdag_parallel_dag.py took 0.054 seconds
[2021-07-19 23:54:02,660] {scheduler_job.py:182} INFO - Started process (PID=47342) to work on /home/airflow/airflow/dags/subdags/subdag_parallel_dag.py
[2021-07-19 23:54:02,662] {scheduler_job.py:633} INFO - Processing file /home/airflow/airflow/dags/subdags/subdag_parallel_dag.py for tasks to queue
[2021-07-19 23:54:02,663] {logging_mixin.py:104} INFO - [2021-07-19 23:54:02,663] {dagbag.py:487} INFO - Filling up the DagBag from /home/airflow/airflow/dags/subdags/subdag_parallel_dag.py
[2021-07-19 23:54:02,668] {scheduler_job.py:645} WARNING - No viable dags retrieved from /home/airflow/airflow/dags/subdags/subdag_parallel_dag.py
[2021-07-19 23:54:02,689] {scheduler_job.py:190} INFO - Processing /home/airflow/airflow/dags/subdags/subdag_parallel_dag.py took 0.032 seconds
[2021-07-19 23:54:32,881] {scheduler_job.py:182} INFO - Started process (PID=47361) to work on /home/airflow/airflow/dags/subdags/subdag_parallel_dag.py
[2021-07-19 23:54:32,883] {scheduler_job.py:633} INFO - Processing file /home/airflow/airflow/dags/subdags/subdag_parallel_dag.py for tasks to queue
[2021-07-19 23:54:32,884] {logging_mixin.py:104} INFO - [2021-07-19 23:54:32,884] {dagbag.py:487} INFO - Filling up the DagBag from /home/airflow/airflow/dags/subdags/subdag_parallel_dag.py
[2021-07-19 23:54:32,888] {scheduler_job.py:645} WARNING - No viable dags retrieved from /home/airflow/airflow/dags/subdags/subdag_parallel_dag.py
[2021-07-19 23:54:32,906] {scheduler_job.py:190} INFO - Processing /home/airflow/airflow/dags/subdags/subdag_parallel_dag.py took 0.029 seconds
[2021-07-19 23:55:03,099] {scheduler_job.py:182} INFO - Started process (PID=47380) to work on /home/airflow/airflow/dags/subdags/subdag_parallel_dag.py
[2021-07-19 23:55:03,112] {scheduler_job.py:633} INFO - Processing file /home/airflow/airflow/dags/subdags/subdag_parallel_dag.py for tasks to queue
[2021-07-19 23:55:03,120] {logging_mixin.py:104} INFO - [2021-07-19 23:55:03,119] {dagbag.py:487} INFO - Filling up the DagBag from /home/airflow/airflow/dags/subdags/subdag_parallel_dag.py
[2021-07-19 23:55:03,187] {scheduler_job.py:645} WARNING - No viable dags retrieved from /home/airflow/airflow/dags/subdags/subdag_parallel_dag.py
[2021-07-19 23:55:03,304] {scheduler_job.py:190} INFO - Processing /home/airflow/airflow/dags/subdags/subdag_parallel_dag.py took 0.230 seconds
[2021-07-19 23:55:33,503] {scheduler_job.py:182} INFO - Started process (PID=47397) to work on /home/airflow/airflow/dags/subdags/subdag_parallel_dag.py
[2021-07-19 23:55:33,505] {scheduler_job.py:633} INFO - Processing file /home/airflow/airflow/dags/subdags/subdag_parallel_dag.py for tasks to queue
[2021-07-19 23:55:33,507] {logging_mixin.py:104} INFO - [2021-07-19 23:55:33,507] {dagbag.py:487} INFO - Filling up the DagBag from /home/airflow/airflow/dags/subdags/subdag_parallel_dag.py
[2021-07-19 23:55:33,520] {scheduler_job.py:645} WARNING - No viable dags retrieved from /home/airflow/airflow/dags/subdags/subdag_parallel_dag.py
[2021-07-19 23:55:33,546] {scheduler_job.py:190} INFO - Processing /home/airflow/airflow/dags/subdags/subdag_parallel_dag.py took 0.048 seconds
[2021-07-19 23:56:03,606] {scheduler_job.py:182} INFO - Started process (PID=47416) to work on /home/airflow/airflow/dags/subdags/subdag_parallel_dag.py
[2021-07-19 23:56:03,609] {scheduler_job.py:633} INFO - Processing file /home/airflow/airflow/dags/subdags/subdag_parallel_dag.py for tasks to queue
[2021-07-19 23:56:03,610] {logging_mixin.py:104} INFO - [2021-07-19 23:56:03,609] {dagbag.py:487} INFO - Filling up the DagBag from /home/airflow/airflow/dags/subdags/subdag_parallel_dag.py
[2021-07-19 23:56:03,615] {scheduler_job.py:645} WARNING - No viable dags retrieved from /home/airflow/airflow/dags/subdags/subdag_parallel_dag.py
[2021-07-19 23:56:03,631] {scheduler_job.py:190} INFO - Processing /home/airflow/airflow/dags/subdags/subdag_parallel_dag.py took 0.028 seconds
[2021-07-19 23:56:33,732] {scheduler_job.py:182} INFO - Started process (PID=47436) to work on /home/airflow/airflow/dags/subdags/subdag_parallel_dag.py
[2021-07-19 23:56:33,734] {scheduler_job.py:633} INFO - Processing file /home/airflow/airflow/dags/subdags/subdag_parallel_dag.py for tasks to queue
[2021-07-19 23:56:33,735] {logging_mixin.py:104} INFO - [2021-07-19 23:56:33,735] {dagbag.py:487} INFO - Filling up the DagBag from /home/airflow/airflow/dags/subdags/subdag_parallel_dag.py
[2021-07-19 23:56:33,739] {scheduler_job.py:645} WARNING - No viable dags retrieved from /home/airflow/airflow/dags/subdags/subdag_parallel_dag.py
[2021-07-19 23:56:33,755] {scheduler_job.py:190} INFO - Processing /home/airflow/airflow/dags/subdags/subdag_parallel_dag.py took 0.026 seconds
[2021-07-19 23:57:04,325] {scheduler_job.py:182} INFO - Started process (PID=47455) to work on /home/airflow/airflow/dags/subdags/subdag_parallel_dag.py
[2021-07-19 23:57:04,326] {scheduler_job.py:633} INFO - Processing file /home/airflow/airflow/dags/subdags/subdag_parallel_dag.py for tasks to queue
[2021-07-19 23:57:04,327] {logging_mixin.py:104} INFO - [2021-07-19 23:57:04,327] {dagbag.py:487} INFO - Filling up the DagBag from /home/airflow/airflow/dags/subdags/subdag_parallel_dag.py
[2021-07-19 23:57:04,331] {scheduler_job.py:645} WARNING - No viable dags retrieved from /home/airflow/airflow/dags/subdags/subdag_parallel_dag.py
[2021-07-19 23:57:04,347] {scheduler_job.py:190} INFO - Processing /home/airflow/airflow/dags/subdags/subdag_parallel_dag.py took 0.026 seconds
[2021-07-19 23:57:34,442] {scheduler_job.py:182} INFO - Started process (PID=47476) to work on /home/airflow/airflow/dags/subdags/subdag_parallel_dag.py
[2021-07-19 23:57:34,444] {scheduler_job.py:633} INFO - Processing file /home/airflow/airflow/dags/subdags/subdag_parallel_dag.py for tasks to queue
[2021-07-19 23:57:34,445] {logging_mixin.py:104} INFO - [2021-07-19 23:57:34,445] {dagbag.py:487} INFO - Filling up the DagBag from /home/airflow/airflow/dags/subdags/subdag_parallel_dag.py
[2021-07-19 23:57:34,450] {scheduler_job.py:645} WARNING - No viable dags retrieved from /home/airflow/airflow/dags/subdags/subdag_parallel_dag.py
[2021-07-19 23:57:34,465] {scheduler_job.py:190} INFO - Processing /home/airflow/airflow/dags/subdags/subdag_parallel_dag.py took 0.026 seconds
[2021-07-19 23:58:04,553] {scheduler_job.py:182} INFO - Started process (PID=47495) to work on /home/airflow/airflow/dags/subdags/subdag_parallel_dag.py
[2021-07-19 23:58:04,555] {scheduler_job.py:633} INFO - Processing file /home/airflow/airflow/dags/subdags/subdag_parallel_dag.py for tasks to queue
[2021-07-19 23:58:04,555] {logging_mixin.py:104} INFO - [2021-07-19 23:58:04,555] {dagbag.py:487} INFO - Filling up the DagBag from /home/airflow/airflow/dags/subdags/subdag_parallel_dag.py
[2021-07-19 23:58:04,560] {scheduler_job.py:645} WARNING - No viable dags retrieved from /home/airflow/airflow/dags/subdags/subdag_parallel_dag.py
[2021-07-19 23:58:04,575] {scheduler_job.py:190} INFO - Processing /home/airflow/airflow/dags/subdags/subdag_parallel_dag.py took 0.026 seconds
[2021-07-19 23:58:34,745] {scheduler_job.py:182} INFO - Started process (PID=47517) to work on /home/airflow/airflow/dags/subdags/subdag_parallel_dag.py
[2021-07-19 23:58:34,748] {scheduler_job.py:633} INFO - Processing file /home/airflow/airflow/dags/subdags/subdag_parallel_dag.py for tasks to queue
[2021-07-19 23:58:34,752] {logging_mixin.py:104} INFO - [2021-07-19 23:58:34,752] {dagbag.py:487} INFO - Filling up the DagBag from /home/airflow/airflow/dags/subdags/subdag_parallel_dag.py
[2021-07-19 23:58:34,768] {scheduler_job.py:645} WARNING - No viable dags retrieved from /home/airflow/airflow/dags/subdags/subdag_parallel_dag.py
[2021-07-19 23:58:34,822] {scheduler_job.py:190} INFO - Processing /home/airflow/airflow/dags/subdags/subdag_parallel_dag.py took 0.086 seconds
[2021-07-19 23:59:04,978] {scheduler_job.py:182} INFO - Started process (PID=47539) to work on /home/airflow/airflow/dags/subdags/subdag_parallel_dag.py
[2021-07-19 23:59:04,982] {scheduler_job.py:633} INFO - Processing file /home/airflow/airflow/dags/subdags/subdag_parallel_dag.py for tasks to queue
[2021-07-19 23:59:04,986] {logging_mixin.py:104} INFO - [2021-07-19 23:59:04,986] {dagbag.py:487} INFO - Filling up the DagBag from /home/airflow/airflow/dags/subdags/subdag_parallel_dag.py
[2021-07-19 23:59:04,999] {scheduler_job.py:645} WARNING - No viable dags retrieved from /home/airflow/airflow/dags/subdags/subdag_parallel_dag.py
[2021-07-19 23:59:05,039] {scheduler_job.py:190} INFO - Processing /home/airflow/airflow/dags/subdags/subdag_parallel_dag.py took 0.066 seconds
[2021-07-19 23:59:35,827] {scheduler_job.py:182} INFO - Started process (PID=47558) to work on /home/airflow/airflow/dags/subdags/subdag_parallel_dag.py
[2021-07-19 23:59:35,829] {scheduler_job.py:633} INFO - Processing file /home/airflow/airflow/dags/subdags/subdag_parallel_dag.py for tasks to queue
[2021-07-19 23:59:35,830] {logging_mixin.py:104} INFO - [2021-07-19 23:59:35,830] {dagbag.py:487} INFO - Filling up the DagBag from /home/airflow/airflow/dags/subdags/subdag_parallel_dag.py
[2021-07-19 23:59:35,839] {scheduler_job.py:645} WARNING - No viable dags retrieved from /home/airflow/airflow/dags/subdags/subdag_parallel_dag.py
[2021-07-19 23:59:35,869] {scheduler_job.py:190} INFO - Processing /home/airflow/airflow/dags/subdags/subdag_parallel_dag.py took 0.048 seconds
