[2021-07-15 19:41:01,150] {taskinstance.py:876} INFO - Dependencies all met for <TaskInstance: user_processing.extracting_user 2021-07-14T00:00:00+00:00 [queued]>
[2021-07-15 19:41:01,157] {taskinstance.py:876} INFO - Dependencies all met for <TaskInstance: user_processing.extracting_user 2021-07-14T00:00:00+00:00 [queued]>
[2021-07-15 19:41:01,158] {taskinstance.py:1067} INFO - 
--------------------------------------------------------------------------------
[2021-07-15 19:41:01,158] {taskinstance.py:1068} INFO - Starting attempt 2 of 2
[2021-07-15 19:41:01,158] {taskinstance.py:1069} INFO - 
--------------------------------------------------------------------------------
[2021-07-15 19:41:01,171] {taskinstance.py:1087} INFO - Executing <Task(SimpleHttpOperator): extracting_user> on 2021-07-14T00:00:00+00:00
[2021-07-15 19:41:01,174] {standard_task_runner.py:52} INFO - Started process 14043 to run task
[2021-07-15 19:41:01,181] {standard_task_runner.py:76} INFO - Running: ['airflow', 'tasks', 'run', 'user_processing', 'extracting_user', '2021-07-14T00:00:00+00:00', '--job-id', '26', '--pool', 'default_pool', '--raw', '--subdir', 'DAGS_FOLDER/user_processing.py', '--cfg-path', '/tmp/tmpt7_xvyeh', '--error-file', '/tmp/tmpeziveh2l']
[2021-07-15 19:41:01,182] {standard_task_runner.py:77} INFO - Job 26: Subtask extracting_user
[2021-07-15 19:41:01,223] {logging_mixin.py:104} INFO - Running <TaskInstance: user_processing.extracting_user 2021-07-14T00:00:00+00:00 [running]> on host airflowvm
[2021-07-15 19:41:01,315] {taskinstance.py:1280} INFO - Exporting the following env vars:
AIRFLOW_CTX_DAG_OWNER=airflow
AIRFLOW_CTX_DAG_ID=user_processing
AIRFLOW_CTX_TASK_ID=extracting_user
AIRFLOW_CTX_EXECUTION_DATE=2021-07-14T00:00:00+00:00
AIRFLOW_CTX_DAG_RUN_ID=scheduled__2021-07-14T00:00:00+00:00
[2021-07-15 19:41:01,316] {http.py:111} INFO - Calling HTTP method
[2021-07-15 19:41:01,322] {base.py:69} INFO - Using connection to: id: user_api. Host: https://randomuser.me/, Port: None, Schema: , Login: , Password: None, extra: {}
[2021-07-15 19:41:01,323] {http.py:140} INFO - Sending 'GET' to url: https://randomuser.me/api/
[2021-07-15 19:41:01,576] {http.py:115} INFO - {"results":[{"gender":"female","name":{"title":"Ms","first":"Gülten","last":"Ziemann"},"location":{"street":{"number":8202,"name":"Ringstraße"},"city":"Wasserburg am Inn","state":"Thüringen","country":"Germany","postcode":66788,"coordinates":{"latitude":"-38.8545","longitude":"171.4832"},"timezone":{"offset":"-7:00","description":"Mountain Time (US & Canada)"}},"email":"gulten.ziemann@example.com","login":{"uuid":"6fb2dcef-ae38-4ee2-a010-2e3bf4c6ab7e","username":"angrydog914","password":"beavis","salt":"5oH54l3c","md5":"d19828e59902f0ee77ddcb791898c635","sha1":"46d5aab64a3b52336671e26eeb9ed45efc5f17db","sha256":"8d40b63cc3501656cd232d299cbe2c7cb35219cbb7edd94d21bf2cb8f6faa0bd"},"dob":{"date":"1957-06-14T22:31:00.917Z","age":64},"registered":{"date":"2014-05-08T19:40:36.082Z","age":7},"phone":"0274-6749246","cell":"0173-2479901","id":{"name":"","value":null},"picture":{"large":"https://randomuser.me/api/portraits/women/94.jpg","medium":"https://randomuser.me/api/portraits/med/women/94.jpg","thumbnail":"https://randomuser.me/api/portraits/thumb/women/94.jpg"},"nat":"DE"}],"info":{"seed":"ce6600a2d3913835","results":1,"page":1,"version":"1.3"}}
[2021-07-15 19:41:01,609] {taskinstance.py:1184} INFO - Marking task as SUCCESS. dag_id=user_processing, task_id=extracting_user, execution_date=20210714T000000, start_date=20210715T194101, end_date=20210715T194101
[2021-07-15 19:41:01,646] {taskinstance.py:1245} INFO - 1 downstream tasks scheduled from follow-on schedule check
[2021-07-15 19:41:01,676] {local_task_job.py:151} INFO - Task exited with return code 0
