[2021-07-15 19:42:43,854] {taskinstance.py:876} INFO - Dependencies all met for <TaskInstance: user_processing.extracting_user 2020-01-01T00:00:00+00:00 [queued]>
[2021-07-15 19:42:43,863] {taskinstance.py:876} INFO - Dependencies all met for <TaskInstance: user_processing.extracting_user 2020-01-01T00:00:00+00:00 [queued]>
[2021-07-15 19:42:43,864] {taskinstance.py:1067} INFO - 
--------------------------------------------------------------------------------
[2021-07-15 19:42:43,864] {taskinstance.py:1068} INFO - Starting attempt 2 of 1
[2021-07-15 19:42:43,864] {taskinstance.py:1069} INFO - 
--------------------------------------------------------------------------------
[2021-07-15 19:42:43,880] {taskinstance.py:1087} INFO - Executing <Task(SimpleHttpOperator): extracting_user> on 2020-01-01T00:00:00+00:00
[2021-07-15 19:42:43,883] {standard_task_runner.py:52} INFO - Started process 14145 to run task
[2021-07-15 19:42:43,892] {standard_task_runner.py:76} INFO - Running: ['airflow', 'tasks', 'run', 'user_processing', 'extracting_user', '2020-01-01T00:00:00+00:00', '--job-id', '34', '--pool', 'default_pool', '--raw', '--subdir', 'DAGS_FOLDER/user_processing.py', '--cfg-path', '/tmp/tmp90uuaoch', '--error-file', '/tmp/tmp4y1f0kxt']
[2021-07-15 19:42:43,893] {standard_task_runner.py:77} INFO - Job 34: Subtask extracting_user
[2021-07-15 19:42:43,950] {logging_mixin.py:104} INFO - Running <TaskInstance: user_processing.extracting_user 2020-01-01T00:00:00+00:00 [running]> on host airflowvm
[2021-07-15 19:42:44,008] {taskinstance.py:1280} INFO - Exporting the following env vars:
AIRFLOW_CTX_DAG_OWNER=airflow
AIRFLOW_CTX_DAG_ID=user_processing
AIRFLOW_CTX_TASK_ID=extracting_user
AIRFLOW_CTX_EXECUTION_DATE=2020-01-01T00:00:00+00:00
AIRFLOW_CTX_DAG_RUN_ID=scheduled__2020-01-01T00:00:00+00:00
[2021-07-15 19:42:44,009] {http.py:111} INFO - Calling HTTP method
[2021-07-15 19:42:44,014] {base.py:69} INFO - Using connection to: id: user_api. Host: https://randomuser.me/, Port: None, Schema: , Login: , Password: None, extra: {}
[2021-07-15 19:42:44,016] {http.py:140} INFO - Sending 'GET' to url: https://randomuser.me/api/
[2021-07-15 19:42:44,156] {http.py:115} INFO - {"results":[{"gender":"male","name":{"title":"Mr","first":"پوریا","last":"زارعی"},"location":{"street":{"number":299,"name":"سباری"},"city":"بیرجند","state":"کرمانشاه","country":"Iran","postcode":92529,"coordinates":{"latitude":"31.7674","longitude":"-24.8542"},"timezone":{"offset":"-4:00","description":"Atlantic Time (Canada), Caracas, La Paz"}},"email":"pwry.zraay@example.com","login":{"uuid":"f34054de-a84e-4cf6-83e6-111d85ea6ba5","username":"whitegorilla172","password":"caprice","salt":"PIr5W7xI","md5":"87dc8f3564fbf93f1ab11b3cc3f1bc43","sha1":"072387f8209eec69a537491f42d1dc18a48c8e05","sha256":"c88f64fff03881981abd81844c7ed24ea61c77dcdb9f9d4b18cff4c263f5e101"},"dob":{"date":"1951-03-16T11:12:54.320Z","age":70},"registered":{"date":"2004-02-06T04:49:57.103Z","age":17},"phone":"053-96466399","cell":"0926-244-6949","id":{"name":"","value":null},"picture":{"large":"https://randomuser.me/api/portraits/men/83.jpg","medium":"https://randomuser.me/api/portraits/med/men/83.jpg","thumbnail":"https://randomuser.me/api/portraits/thumb/men/83.jpg"},"nat":"IR"}],"info":{"seed":"0d7c017e23fe22a9","results":1,"page":1,"version":"1.3"}}
[2021-07-15 19:42:44,180] {taskinstance.py:1184} INFO - Marking task as SUCCESS. dag_id=user_processing, task_id=extracting_user, execution_date=20200101T000000, start_date=20210715T194243, end_date=20210715T194244
[2021-07-15 19:42:44,213] {taskinstance.py:1245} INFO - 1 downstream tasks scheduled from follow-on schedule check
[2021-07-15 19:42:44,224] {local_task_job.py:151} INFO - Task exited with return code 0
