[2021-07-20 04:15:30,497] {taskinstance.py:876} INFO - Dependencies all met for <TaskInstance: xcom_dag.downloading_data 2021-07-19T00:00:00+00:00 [queued]>
[2021-07-20 04:15:30,524] {taskinstance.py:876} INFO - Dependencies all met for <TaskInstance: xcom_dag.downloading_data 2021-07-19T00:00:00+00:00 [queued]>
[2021-07-20 04:15:30,525] {taskinstance.py:1067} INFO - 
--------------------------------------------------------------------------------
[2021-07-20 04:15:30,530] {taskinstance.py:1068} INFO - Starting attempt 1 of 1
[2021-07-20 04:15:30,531] {taskinstance.py:1069} INFO - 
--------------------------------------------------------------------------------
[2021-07-20 04:15:30,545] {taskinstance.py:1087} INFO - Executing <Task(BashOperator): downloading_data> on 2021-07-19T00:00:00+00:00
[2021-07-20 04:15:30,551] {standard_task_runner.py:52} INFO - Started process 2409 to run task
[2021-07-20 04:15:30,561] {standard_task_runner.py:76} INFO - Running: ['airflow', 'tasks', 'run', 'xcom_dag', 'downloading_data', '2021-07-19T00:00:00+00:00', '--job-id', '160', '--pool', 'default_pool', '--raw', '--subdir', 'DAGS_FOLDER/xcom_dag.py', '--cfg-path', '/tmp/tmpi3y_kjus', '--error-file', '/tmp/tmpuki5tmsu']
[2021-07-20 04:15:30,563] {standard_task_runner.py:77} INFO - Job 160: Subtask downloading_data
[2021-07-20 04:15:30,657] {logging_mixin.py:104} INFO - Running <TaskInstance: xcom_dag.downloading_data 2021-07-19T00:00:00+00:00 [running]> on host airflowvm
[2021-07-20 04:15:30,803] {taskinstance.py:1280} INFO - Exporting the following env vars:
AIRFLOW_CTX_DAG_OWNER=airflow
AIRFLOW_CTX_DAG_ID=xcom_dag
AIRFLOW_CTX_TASK_ID=downloading_data
AIRFLOW_CTX_EXECUTION_DATE=2021-07-19T00:00:00+00:00
AIRFLOW_CTX_DAG_RUN_ID=scheduled__2021-07-19T00:00:00+00:00
[2021-07-20 04:15:30,805] {subprocess.py:52} INFO - Tmp dir root location: 
 /tmp
[2021-07-20 04:15:30,813] {subprocess.py:63} INFO - Running command: ['bash', '-c', 'sleep 3']
[2021-07-20 04:15:30,823] {subprocess.py:75} INFO - Output:
[2021-07-20 04:15:33,827] {subprocess.py:83} INFO - Command exited with return code 0
[2021-07-20 04:15:33,912] {taskinstance.py:1184} INFO - Marking task as SUCCESS. dag_id=xcom_dag, task_id=downloading_data, execution_date=20210719T000000, start_date=20210720T041530, end_date=20210720T041533
[2021-07-20 04:15:34,011] {taskinstance.py:1245} INFO - 3 downstream tasks scheduled from follow-on schedule check
[2021-07-20 04:15:34,047] {local_task_job.py:151} INFO - Task exited with return code 0
