[2021-07-20 04:29:02,508] {taskinstance.py:876} INFO - Dependencies all met for <TaskInstance: xcom_dag.downloading_data 2021-07-19T00:00:00+00:00 [queued]>
[2021-07-20 04:29:02,533] {taskinstance.py:876} INFO - Dependencies all met for <TaskInstance: xcom_dag.downloading_data 2021-07-19T00:00:00+00:00 [queued]>
[2021-07-20 04:29:02,534] {taskinstance.py:1067} INFO - 
--------------------------------------------------------------------------------
[2021-07-20 04:29:02,535] {taskinstance.py:1068} INFO - Starting attempt 2 of 2
[2021-07-20 04:29:02,535] {taskinstance.py:1069} INFO - 
--------------------------------------------------------------------------------
[2021-07-20 04:29:02,548] {taskinstance.py:1087} INFO - Executing <Task(BashOperator): downloading_data> on 2021-07-19T00:00:00+00:00
[2021-07-20 04:29:02,551] {standard_task_runner.py:52} INFO - Started process 3256 to run task
[2021-07-20 04:29:02,561] {standard_task_runner.py:76} INFO - Running: ['airflow', 'tasks', 'run', 'xcom_dag', 'downloading_data', '2021-07-19T00:00:00+00:00', '--job-id', '165', '--pool', 'default_pool', '--raw', '--subdir', 'DAGS_FOLDER/xcom_dag.py', '--cfg-path', '/tmp/tmps0yyp1hm', '--error-file', '/tmp/tmpxoyfgypi']
[2021-07-20 04:29:02,563] {standard_task_runner.py:77} INFO - Job 165: Subtask downloading_data
[2021-07-20 04:29:02,668] {logging_mixin.py:104} INFO - Running <TaskInstance: xcom_dag.downloading_data 2021-07-19T00:00:00+00:00 [running]> on host airflowvm
[2021-07-20 04:29:02,786] {taskinstance.py:1280} INFO - Exporting the following env vars:
AIRFLOW_CTX_DAG_OWNER=airflow
AIRFLOW_CTX_DAG_ID=xcom_dag
AIRFLOW_CTX_TASK_ID=downloading_data
AIRFLOW_CTX_EXECUTION_DATE=2021-07-19T00:00:00+00:00
AIRFLOW_CTX_DAG_RUN_ID=scheduled__2021-07-19T00:00:00+00:00
[2021-07-20 04:29:02,787] {subprocess.py:52} INFO - Tmp dir root location: 
 /tmp
[2021-07-20 04:29:02,788] {subprocess.py:63} INFO - Running command: ['bash', '-c', 'sleep 3']
[2021-07-20 04:29:02,798] {subprocess.py:75} INFO - Output:
[2021-07-20 04:29:05,802] {subprocess.py:83} INFO - Command exited with return code 0
[2021-07-20 04:29:05,851] {taskinstance.py:1184} INFO - Marking task as SUCCESS. dag_id=xcom_dag, task_id=downloading_data, execution_date=20210719T000000, start_date=20210720T042902, end_date=20210720T042905
[2021-07-20 04:29:05,929] {taskinstance.py:1245} INFO - 0 downstream tasks scheduled from follow-on schedule check
[2021-07-20 04:29:05,940] {local_task_job.py:151} INFO - Task exited with return code 0
