[2021-07-20 14:19:55,104] {taskinstance.py:876} INFO - Dependencies all met for <TaskInstance: xcom_dag.downloading_data 2021-07-19T00:00:00+00:00 [queued]>
[2021-07-20 14:19:55,134] {taskinstance.py:876} INFO - Dependencies all met for <TaskInstance: xcom_dag.downloading_data 2021-07-19T00:00:00+00:00 [queued]>
[2021-07-20 14:19:55,135] {taskinstance.py:1067} INFO - 
--------------------------------------------------------------------------------
[2021-07-20 14:19:55,136] {taskinstance.py:1068} INFO - Starting attempt 3 of 3
[2021-07-20 14:19:55,137] {taskinstance.py:1069} INFO - 
--------------------------------------------------------------------------------
[2021-07-20 14:19:55,149] {taskinstance.py:1087} INFO - Executing <Task(BashOperator): downloading_data> on 2021-07-19T00:00:00+00:00
[2021-07-20 14:19:55,153] {standard_task_runner.py:52} INFO - Started process 1858 to run task
[2021-07-20 14:19:55,164] {standard_task_runner.py:76} INFO - Running: ['airflow', 'tasks', 'run', 'xcom_dag', 'downloading_data', '2021-07-19T00:00:00+00:00', '--job-id', '181', '--pool', 'default_pool', '--raw', '--subdir', 'DAGS_FOLDER/xcom_dag.py', '--cfg-path', '/tmp/tmp7r00fp9t', '--error-file', '/tmp/tmpbry18kd3']
[2021-07-20 14:19:55,166] {standard_task_runner.py:77} INFO - Job 181: Subtask downloading_data
[2021-07-20 14:19:55,247] {logging_mixin.py:104} INFO - Running <TaskInstance: xcom_dag.downloading_data 2021-07-19T00:00:00+00:00 [running]> on host airflowvm
[2021-07-20 14:19:55,375] {taskinstance.py:1280} INFO - Exporting the following env vars:
AIRFLOW_CTX_DAG_OWNER=airflow
AIRFLOW_CTX_DAG_ID=xcom_dag
AIRFLOW_CTX_TASK_ID=downloading_data
AIRFLOW_CTX_EXECUTION_DATE=2021-07-19T00:00:00+00:00
AIRFLOW_CTX_DAG_RUN_ID=scheduled__2021-07-19T00:00:00+00:00
[2021-07-20 14:19:55,377] {subprocess.py:52} INFO - Tmp dir root location: 
 /tmp
[2021-07-20 14:19:55,378] {subprocess.py:63} INFO - Running command: ['bash', '-c', 'sleep 3']
[2021-07-20 14:19:55,386] {subprocess.py:75} INFO - Output:
[2021-07-20 14:19:58,389] {subprocess.py:83} INFO - Command exited with return code 0
[2021-07-20 14:19:58,435] {taskinstance.py:1184} INFO - Marking task as SUCCESS. dag_id=xcom_dag, task_id=downloading_data, execution_date=20210719T000000, start_date=20210720T141955, end_date=20210720T141958
[2021-07-20 14:19:58,507] {taskinstance.py:1245} INFO - 3 downstream tasks scheduled from follow-on schedule check
[2021-07-20 14:19:58,533] {local_task_job.py:151} INFO - Task exited with return code 0
