[2021-07-20 15:33:54,415] {taskinstance.py:876} INFO - Dependencies all met for <TaskInstance: xcom_dag.downloading_data 2021-07-20T15:33:53.397986+00:00 [queued]>
[2021-07-20 15:33:54,448] {taskinstance.py:876} INFO - Dependencies all met for <TaskInstance: xcom_dag.downloading_data 2021-07-20T15:33:53.397986+00:00 [queued]>
[2021-07-20 15:33:54,449] {taskinstance.py:1067} INFO - 
--------------------------------------------------------------------------------
[2021-07-20 15:33:54,450] {taskinstance.py:1068} INFO - Starting attempt 1 of 1
[2021-07-20 15:33:54,450] {taskinstance.py:1069} INFO - 
--------------------------------------------------------------------------------
[2021-07-20 15:33:54,464] {taskinstance.py:1087} INFO - Executing <Task(BashOperator): downloading_data> on 2021-07-20T15:33:53.397986+00:00
[2021-07-20 15:33:54,468] {standard_task_runner.py:52} INFO - Started process 5942 to run task
[2021-07-20 15:33:54,477] {standard_task_runner.py:76} INFO - Running: ['airflow', 'tasks', 'run', 'xcom_dag', 'downloading_data', '2021-07-20T15:33:53.397986+00:00', '--job-id', '202', '--pool', 'default_pool', '--raw', '--subdir', 'DAGS_FOLDER/xcom_dag.py', '--cfg-path', '/tmp/tmpz9_o_bcw', '--error-file', '/tmp/tmp924gva1d']
[2021-07-20 15:33:54,479] {standard_task_runner.py:77} INFO - Job 202: Subtask downloading_data
[2021-07-20 15:33:54,552] {logging_mixin.py:104} INFO - Running <TaskInstance: xcom_dag.downloading_data 2021-07-20T15:33:53.397986+00:00 [running]> on host airflowvm
[2021-07-20 15:33:54,642] {taskinstance.py:1280} INFO - Exporting the following env vars:
AIRFLOW_CTX_DAG_OWNER=airflow
AIRFLOW_CTX_DAG_ID=xcom_dag
AIRFLOW_CTX_TASK_ID=downloading_data
AIRFLOW_CTX_EXECUTION_DATE=2021-07-20T15:33:53.397986+00:00
AIRFLOW_CTX_DAG_RUN_ID=manual__2021-07-20T15:33:53.397986+00:00
[2021-07-20 15:33:54,643] {subprocess.py:52} INFO - Tmp dir root location: 
 /tmp
[2021-07-20 15:33:54,644] {subprocess.py:63} INFO - Running command: ['bash', '-c', 'sleep 3']
[2021-07-20 15:33:54,658] {subprocess.py:75} INFO - Output:
[2021-07-20 15:33:57,663] {subprocess.py:83} INFO - Command exited with return code 0
[2021-07-20 15:33:57,686] {taskinstance.py:1184} INFO - Marking task as SUCCESS. dag_id=xcom_dag, task_id=downloading_data, execution_date=20210720T153353, start_date=20210720T153354, end_date=20210720T153357
[2021-07-20 15:33:57,741] {taskinstance.py:1245} INFO - 3 downstream tasks scheduled from follow-on schedule check
[2021-07-20 15:33:57,750] {local_task_job.py:151} INFO - Task exited with return code 0
