[2021-07-19 20:32:15,004] {taskinstance.py:876} INFO - Dependencies all met for <TaskInstance: parallel_dag.task1 2020-01-01T00:00:00+00:00 [queued]>
[2021-07-19 20:32:15,266] {taskinstance.py:876} INFO - Dependencies all met for <TaskInstance: parallel_dag.task1 2020-01-01T00:00:00+00:00 [queued]>
[2021-07-19 20:32:15,296] {taskinstance.py:1067} INFO - 
--------------------------------------------------------------------------------
[2021-07-19 20:32:15,297] {taskinstance.py:1068} INFO - Starting attempt 1 of 1
[2021-07-19 20:32:15,297] {taskinstance.py:1069} INFO - 
--------------------------------------------------------------------------------
[2021-07-19 20:32:15,459] {taskinstance.py:1087} INFO - Executing <Task(BashOperator): task1> on 2020-01-01T00:00:00+00:00
[2021-07-19 20:32:15,536] {standard_task_runner.py:52} INFO - Started process 6672 to run task
[2021-07-19 20:32:15,629] {standard_task_runner.py:76} INFO - Running: ['airflow', 'tasks', 'run', 'parallel_dag', 'task1', '2020-01-01T00:00:00+00:00', '--job-id', '55', '--pool', 'default_pool', '--raw', '--subdir', 'DAGS_FOLDER/parallel_dag.py', '--cfg-path', '/tmp/tmpti6oz1yu', '--error-file', '/tmp/tmpoqfp2w_0']
[2021-07-19 20:32:15,660] {standard_task_runner.py:77} INFO - Job 55: Subtask task1
[2021-07-19 20:32:16,476] {logging_mixin.py:104} INFO - Running <TaskInstance: parallel_dag.task1 2020-01-01T00:00:00+00:00 [running]> on host airflowvm
[2021-07-19 20:32:17,261] {taskinstance.py:1280} INFO - Exporting the following env vars:
AIRFLOW_CTX_DAG_OWNER=airflow
AIRFLOW_CTX_DAG_ID=parallel_dag
AIRFLOW_CTX_TASK_ID=task1
AIRFLOW_CTX_EXECUTION_DATE=2020-01-01T00:00:00+00:00
AIRFLOW_CTX_DAG_RUN_ID=scheduled__2020-01-01T00:00:00+00:00
[2021-07-19 20:32:17,277] {subprocess.py:52} INFO - Tmp dir root location: 
 /tmp
[2021-07-19 20:32:17,308] {subprocess.py:63} INFO - Running command: ['bash', '-c', 'sleep 3']
[2021-07-19 20:32:17,441] {subprocess.py:75} INFO - Output:
[2021-07-19 20:32:20,505] {subprocess.py:83} INFO - Command exited with return code 0
[2021-07-19 20:32:20,949] {taskinstance.py:1184} INFO - Marking task as SUCCESS. dag_id=parallel_dag, task_id=task1, execution_date=20200101T000000, start_date=20210719T203215, end_date=20210719T203220
[2021-07-19 20:32:21,457] {taskinstance.py:1245} INFO - 0 downstream tasks scheduled from follow-on schedule check
[2021-07-19 20:32:21,543] {local_task_job.py:151} INFO - Task exited with return code 0
