[2021-07-19 20:33:41,935] {taskinstance.py:876} INFO - Dependencies all met for <TaskInstance: parallel_dag.task1 2020-01-18T00:00:00+00:00 [queued]>
[2021-07-19 20:33:42,076] {taskinstance.py:876} INFO - Dependencies all met for <TaskInstance: parallel_dag.task1 2020-01-18T00:00:00+00:00 [queued]>
[2021-07-19 20:33:42,077] {taskinstance.py:1067} INFO - 
--------------------------------------------------------------------------------
[2021-07-19 20:33:42,078] {taskinstance.py:1068} INFO - Starting attempt 1 of 1
[2021-07-19 20:33:42,078] {taskinstance.py:1069} INFO - 
--------------------------------------------------------------------------------
[2021-07-19 20:33:42,177] {taskinstance.py:1087} INFO - Executing <Task(BashOperator): task1> on 2020-01-18T00:00:00+00:00
[2021-07-19 20:33:42,219] {standard_task_runner.py:52} INFO - Started process 8775 to run task
[2021-07-19 20:33:42,307] {standard_task_runner.py:76} INFO - Running: ['airflow', 'tasks', 'run', 'parallel_dag', 'task1', '2020-01-18T00:00:00+00:00', '--job-id', '118', '--pool', 'default_pool', '--raw', '--subdir', 'DAGS_FOLDER/parallel_dag.py', '--cfg-path', '/tmp/tmp5t4h3y32', '--error-file', '/tmp/tmp77gu7tzg']
[2021-07-19 20:33:42,327] {standard_task_runner.py:77} INFO - Job 118: Subtask task1
[2021-07-19 20:33:43,149] {logging_mixin.py:104} INFO - Running <TaskInstance: parallel_dag.task1 2020-01-18T00:00:00+00:00 [running]> on host airflowvm
[2021-07-19 20:33:43,941] {taskinstance.py:1280} INFO - Exporting the following env vars:
AIRFLOW_CTX_DAG_OWNER=airflow
AIRFLOW_CTX_DAG_ID=parallel_dag
AIRFLOW_CTX_TASK_ID=task1
AIRFLOW_CTX_EXECUTION_DATE=2020-01-18T00:00:00+00:00
AIRFLOW_CTX_DAG_RUN_ID=scheduled__2020-01-18T00:00:00+00:00
[2021-07-19 20:33:43,955] {subprocess.py:52} INFO - Tmp dir root location: 
 /tmp
[2021-07-19 20:33:43,956] {subprocess.py:63} INFO - Running command: ['bash', '-c', 'sleep 3']
[2021-07-19 20:33:44,024] {subprocess.py:75} INFO - Output:
[2021-07-19 20:33:47,057] {subprocess.py:83} INFO - Command exited with return code 0
[2021-07-19 20:33:47,459] {taskinstance.py:1184} INFO - Marking task as SUCCESS. dag_id=parallel_dag, task_id=task1, execution_date=20200118T000000, start_date=20210719T203341, end_date=20210719T203347
[2021-07-19 20:33:49,322] {taskinstance.py:1245} INFO - 0 downstream tasks scheduled from follow-on schedule check
[2021-07-19 20:33:49,570] {local_task_job.py:151} INFO - Task exited with return code 0
