[2021-07-19 20:33:06,802] {taskinstance.py:876} INFO - Dependencies all met for <TaskInstance: parallel_dag.task4 2020-01-01T00:00:00+00:00 [queued]>
[2021-07-19 20:33:06,996] {taskinstance.py:876} INFO - Dependencies all met for <TaskInstance: parallel_dag.task4 2020-01-01T00:00:00+00:00 [queued]>
[2021-07-19 20:33:06,997] {taskinstance.py:1067} INFO - 
--------------------------------------------------------------------------------
[2021-07-19 20:33:06,997] {taskinstance.py:1068} INFO - Starting attempt 1 of 1
[2021-07-19 20:33:06,998] {taskinstance.py:1069} INFO - 
--------------------------------------------------------------------------------
[2021-07-19 20:33:07,116] {taskinstance.py:1087} INFO - Executing <Task(BashOperator): task4> on 2020-01-01T00:00:00+00:00
[2021-07-19 20:33:07,159] {standard_task_runner.py:52} INFO - Started process 7705 to run task
[2021-07-19 20:33:07,234] {standard_task_runner.py:76} INFO - Running: ['airflow', 'tasks', 'run', 'parallel_dag', 'task4', '2020-01-01T00:00:00+00:00', '--job-id', '87', '--pool', 'default_pool', '--raw', '--subdir', 'DAGS_FOLDER/parallel_dag.py', '--cfg-path', '/tmp/tmp9zakm0tx', '--error-file', '/tmp/tmptmc6ilu2']
[2021-07-19 20:33:07,258] {standard_task_runner.py:77} INFO - Job 87: Subtask task4
[2021-07-19 20:33:07,960] {logging_mixin.py:104} INFO - Running <TaskInstance: parallel_dag.task4 2020-01-01T00:00:00+00:00 [running]> on host airflowvm
[2021-07-19 20:33:09,612] {taskinstance.py:1280} INFO - Exporting the following env vars:
AIRFLOW_CTX_DAG_OWNER=airflow
AIRFLOW_CTX_DAG_ID=parallel_dag
AIRFLOW_CTX_TASK_ID=task4
AIRFLOW_CTX_EXECUTION_DATE=2020-01-01T00:00:00+00:00
AIRFLOW_CTX_DAG_RUN_ID=scheduled__2020-01-01T00:00:00+00:00
[2021-07-19 20:33:09,613] {subprocess.py:52} INFO - Tmp dir root location: 
 /tmp
[2021-07-19 20:33:09,651] {subprocess.py:63} INFO - Running command: ['bash', '-c', 'sleep 3']
[2021-07-19 20:33:09,801] {subprocess.py:75} INFO - Output:
[2021-07-19 20:33:12,856] {subprocess.py:83} INFO - Command exited with return code 0
[2021-07-19 20:33:13,555] {taskinstance.py:1184} INFO - Marking task as SUCCESS. dag_id=parallel_dag, task_id=task4, execution_date=20200101T000000, start_date=20210719T203306, end_date=20210719T203313
[2021-07-19 20:33:15,451] {taskinstance.py:1245} INFO - 0 downstream tasks scheduled from follow-on schedule check
[2021-07-19 20:33:15,592] {local_task_job.py:151} INFO - Task exited with return code 0
