[2021-07-20 14:46:31,986] {taskinstance.py:876} INFO - Dependencies all met for <TaskInstance: xcom_dag.downloading_data 2021-07-20T14:46:15.930069+00:00 [queued]>
[2021-07-20 14:46:32,012] {taskinstance.py:876} INFO - Dependencies all met for <TaskInstance: xcom_dag.downloading_data 2021-07-20T14:46:15.930069+00:00 [queued]>
[2021-07-20 14:46:32,013] {taskinstance.py:1067} INFO - 
--------------------------------------------------------------------------------
[2021-07-20 14:46:32,013] {taskinstance.py:1068} INFO - Starting attempt 1 of 1
[2021-07-20 14:46:32,014] {taskinstance.py:1069} INFO - 
--------------------------------------------------------------------------------
[2021-07-20 14:46:32,026] {taskinstance.py:1087} INFO - Executing <Task(BashOperator): downloading_data> on 2021-07-20T14:46:15.930069+00:00
[2021-07-20 14:46:32,030] {standard_task_runner.py:52} INFO - Started process 3563 to run task
[2021-07-20 14:46:32,041] {standard_task_runner.py:76} INFO - Running: ['airflow', 'tasks', 'run', 'xcom_dag', 'downloading_data', '2021-07-20T14:46:15.930069+00:00', '--job-id', '196', '--pool', 'default_pool', '--raw', '--subdir', 'DAGS_FOLDER/xcom_dag.py', '--cfg-path', '/tmp/tmp7jae9ten', '--error-file', '/tmp/tmpffix0cat']
[2021-07-20 14:46:32,043] {standard_task_runner.py:77} INFO - Job 196: Subtask downloading_data
[2021-07-20 14:46:32,124] {logging_mixin.py:104} INFO - Running <TaskInstance: xcom_dag.downloading_data 2021-07-20T14:46:15.930069+00:00 [running]> on host airflowvm
[2021-07-20 14:46:32,250] {taskinstance.py:1280} INFO - Exporting the following env vars:
AIRFLOW_CTX_DAG_OWNER=airflow
AIRFLOW_CTX_DAG_ID=xcom_dag
AIRFLOW_CTX_TASK_ID=downloading_data
AIRFLOW_CTX_EXECUTION_DATE=2021-07-20T14:46:15.930069+00:00
AIRFLOW_CTX_DAG_RUN_ID=manual__2021-07-20T14:46:15.930069+00:00
[2021-07-20 14:46:32,251] {subprocess.py:52} INFO - Tmp dir root location: 
 /tmp
[2021-07-20 14:46:32,252] {subprocess.py:63} INFO - Running command: ['bash', '-c', 'sleep 3']
[2021-07-20 14:46:32,262] {subprocess.py:75} INFO - Output:
[2021-07-20 14:46:35,266] {subprocess.py:83} INFO - Command exited with return code 0
[2021-07-20 14:46:35,284] {taskinstance.py:1184} INFO - Marking task as SUCCESS. dag_id=xcom_dag, task_id=downloading_data, execution_date=20210720T144615, start_date=20210720T144631, end_date=20210720T144635
[2021-07-20 14:46:35,334] {taskinstance.py:1245} INFO - 3 downstream tasks scheduled from follow-on schedule check
[2021-07-20 14:46:35,369] {local_task_job.py:151} INFO - Task exited with return code 0
