[2021-07-19 20:24:08,800] {taskinstance.py:876} INFO - Dependencies all met for <TaskInstance: parallel_dag.task3 2021-07-17T00:00:00+00:00 [queued]>
[2021-07-19 20:24:08,934] {taskinstance.py:876} INFO - Dependencies all met for <TaskInstance: parallel_dag.task3 2021-07-17T00:00:00+00:00 [queued]>
[2021-07-19 20:24:08,935] {taskinstance.py:1067} INFO - 
--------------------------------------------------------------------------------
[2021-07-19 20:24:08,938] {taskinstance.py:1068} INFO - Starting attempt 1 of 1
[2021-07-19 20:24:08,942] {taskinstance.py:1069} INFO - 
--------------------------------------------------------------------------------
[2021-07-19 20:24:09,019] {taskinstance.py:1087} INFO - Executing <Task(BashOperator): task3> on 2021-07-17T00:00:00+00:00
[2021-07-19 20:24:09,042] {standard_task_runner.py:52} INFO - Started process 2024 to run task
[2021-07-19 20:24:09,079] {standard_task_runner.py:76} INFO - Running: ['airflow', 'tasks', 'run', 'parallel_dag', 'task3', '2021-07-17T00:00:00+00:00', '--job-id', '52', '--pool', 'default_pool', '--raw', '--subdir', 'DAGS_FOLDER/parallel_dag.py', '--cfg-path', '/tmp/tmpnhpwe_k1', '--error-file', '/tmp/tmp1ji25q44']
[2021-07-19 20:24:09,111] {standard_task_runner.py:77} INFO - Job 52: Subtask task3
[2021-07-19 20:24:09,531] {logging_mixin.py:104} INFO - Running <TaskInstance: parallel_dag.task3 2021-07-17T00:00:00+00:00 [running]> on host airflowvm
[2021-07-19 20:24:09,920] {taskinstance.py:1280} INFO - Exporting the following env vars:
AIRFLOW_CTX_DAG_OWNER=airflow
AIRFLOW_CTX_DAG_ID=parallel_dag
AIRFLOW_CTX_TASK_ID=task3
AIRFLOW_CTX_EXECUTION_DATE=2021-07-17T00:00:00+00:00
AIRFLOW_CTX_DAG_RUN_ID=scheduled__2021-07-17T00:00:00+00:00
[2021-07-19 20:24:09,921] {subprocess.py:52} INFO - Tmp dir root location: 
 /tmp
[2021-07-19 20:24:09,925] {subprocess.py:63} INFO - Running command: ['bash', '-c', 'sleep 3']
[2021-07-19 20:24:09,944] {subprocess.py:75} INFO - Output:
[2021-07-19 20:24:12,956] {subprocess.py:83} INFO - Command exited with return code 0
[2021-07-19 20:24:13,245] {taskinstance.py:1184} INFO - Marking task as SUCCESS. dag_id=parallel_dag, task_id=task3, execution_date=20210717T000000, start_date=20210719T202408, end_date=20210719T202413
[2021-07-19 20:24:13,637] {taskinstance.py:1245} INFO - 1 downstream tasks scheduled from follow-on schedule check
[2021-07-19 20:24:13,708] {local_task_job.py:151} INFO - Task exited with return code 0
