[2021-07-19 20:33:19,569] {taskinstance.py:876} INFO - Dependencies all met for <TaskInstance: parallel_dag.task3 2020-01-12T00:00:00+00:00 [queued]>
[2021-07-19 20:33:19,996] {taskinstance.py:876} INFO - Dependencies all met for <TaskInstance: parallel_dag.task3 2020-01-12T00:00:00+00:00 [queued]>
[2021-07-19 20:33:19,997] {taskinstance.py:1067} INFO - 
--------------------------------------------------------------------------------
[2021-07-19 20:33:19,997] {taskinstance.py:1068} INFO - Starting attempt 1 of 1
[2021-07-19 20:33:19,997] {taskinstance.py:1069} INFO - 
--------------------------------------------------------------------------------
[2021-07-19 20:33:20,179] {taskinstance.py:1087} INFO - Executing <Task(BashOperator): task3> on 2020-01-12T00:00:00+00:00
[2021-07-19 20:33:20,247] {standard_task_runner.py:52} INFO - Started process 8137 to run task
[2021-07-19 20:33:20,297] {standard_task_runner.py:76} INFO - Running: ['airflow', 'tasks', 'run', 'parallel_dag', 'task3', '2020-01-12T00:00:00+00:00', '--job-id', '98', '--pool', 'default_pool', '--raw', '--subdir', 'DAGS_FOLDER/parallel_dag.py', '--cfg-path', '/tmp/tmpgny2m7j5', '--error-file', '/tmp/tmpayzt3y4n']
[2021-07-19 20:33:20,363] {standard_task_runner.py:77} INFO - Job 98: Subtask task3
[2021-07-19 20:33:21,362] {logging_mixin.py:104} INFO - Running <TaskInstance: parallel_dag.task3 2020-01-12T00:00:00+00:00 [running]> on host airflowvm
[2021-07-19 20:33:22,661] {taskinstance.py:1280} INFO - Exporting the following env vars:
AIRFLOW_CTX_DAG_OWNER=airflow
AIRFLOW_CTX_DAG_ID=parallel_dag
AIRFLOW_CTX_TASK_ID=task3
AIRFLOW_CTX_EXECUTION_DATE=2020-01-12T00:00:00+00:00
AIRFLOW_CTX_DAG_RUN_ID=scheduled__2020-01-12T00:00:00+00:00
[2021-07-19 20:33:22,664] {subprocess.py:52} INFO - Tmp dir root location: 
 /tmp
[2021-07-19 20:33:22,679] {subprocess.py:63} INFO - Running command: ['bash', '-c', 'sleep 3']
[2021-07-19 20:33:22,745] {subprocess.py:75} INFO - Output:
[2021-07-19 20:33:25,823] {subprocess.py:83} INFO - Command exited with return code 0
[2021-07-19 20:33:26,451] {taskinstance.py:1184} INFO - Marking task as SUCCESS. dag_id=parallel_dag, task_id=task3, execution_date=20200112T000000, start_date=20210719T203319, end_date=20210719T203326
[2021-07-19 20:33:27,211] {taskinstance.py:1245} INFO - 1 downstream tasks scheduled from follow-on schedule check
[2021-07-19 20:33:27,299] {local_task_job.py:151} INFO - Task exited with return code 0
