[2021-07-19 20:33:55,756] {taskinstance.py:876} INFO - Dependencies all met for <TaskInstance: parallel_dag.task2 2020-01-17T00:00:00+00:00 [queued]>
[2021-07-19 20:33:56,205] {taskinstance.py:876} INFO - Dependencies all met for <TaskInstance: parallel_dag.task2 2020-01-17T00:00:00+00:00 [queued]>
[2021-07-19 20:33:56,228] {taskinstance.py:1067} INFO - 
--------------------------------------------------------------------------------
[2021-07-19 20:33:56,228] {taskinstance.py:1068} INFO - Starting attempt 1 of 1
[2021-07-19 20:33:56,229] {taskinstance.py:1069} INFO - 
--------------------------------------------------------------------------------
[2021-07-19 20:33:56,724] {taskinstance.py:1087} INFO - Executing <Task(BashOperator): task2> on 2020-01-17T00:00:00+00:00
[2021-07-19 20:33:56,910] {standard_task_runner.py:52} INFO - Started process 9064 to run task
[2021-07-19 20:33:57,165] {standard_task_runner.py:76} INFO - Running: ['airflow', 'tasks', 'run', 'parallel_dag', 'task2', '2020-01-17T00:00:00+00:00', '--job-id', '125', '--pool', 'default_pool', '--raw', '--subdir', 'DAGS_FOLDER/parallel_dag.py', '--cfg-path', '/tmp/tmpfa3422wq', '--error-file', '/tmp/tmpwp0jhd_g']
[2021-07-19 20:33:57,275] {standard_task_runner.py:77} INFO - Job 125: Subtask task2
[2021-07-19 20:33:58,572] {logging_mixin.py:104} INFO - Running <TaskInstance: parallel_dag.task2 2020-01-17T00:00:00+00:00 [running]> on host airflowvm
[2021-07-19 20:33:59,915] {taskinstance.py:1280} INFO - Exporting the following env vars:
AIRFLOW_CTX_DAG_OWNER=airflow
AIRFLOW_CTX_DAG_ID=parallel_dag
AIRFLOW_CTX_TASK_ID=task2
AIRFLOW_CTX_EXECUTION_DATE=2020-01-17T00:00:00+00:00
AIRFLOW_CTX_DAG_RUN_ID=scheduled__2020-01-17T00:00:00+00:00
[2021-07-19 20:33:59,917] {subprocess.py:52} INFO - Tmp dir root location: 
 /tmp
[2021-07-19 20:33:59,948] {subprocess.py:63} INFO - Running command: ['bash', '-c', 'sleep 3']
[2021-07-19 20:34:00,208] {subprocess.py:75} INFO - Output:
[2021-07-19 20:34:03,296] {subprocess.py:83} INFO - Command exited with return code 0
[2021-07-19 20:34:03,975] {taskinstance.py:1184} INFO - Marking task as SUCCESS. dag_id=parallel_dag, task_id=task2, execution_date=20200117T000000, start_date=20210719T203355, end_date=20210719T203403
[2021-07-19 20:34:05,384] {taskinstance.py:1245} INFO - 0 downstream tasks scheduled from follow-on schedule check
[2021-07-19 20:34:05,517] {local_task_job.py:151} INFO - Task exited with return code 0
