[2021-07-15 20:39:58,782] {taskinstance.py:876} INFO - Dependencies all met for <TaskInstance: parallel_dag.task4 2021-07-14T00:00:00+00:00 [queued]>
[2021-07-15 20:39:58,789] {taskinstance.py:876} INFO - Dependencies all met for <TaskInstance: parallel_dag.task4 2021-07-14T00:00:00+00:00 [queued]>
[2021-07-15 20:39:58,789] {taskinstance.py:1067} INFO - 
--------------------------------------------------------------------------------
[2021-07-15 20:39:58,790] {taskinstance.py:1068} INFO - Starting attempt 1 of 1
[2021-07-15 20:39:58,790] {taskinstance.py:1069} INFO - 
--------------------------------------------------------------------------------
[2021-07-15 20:39:58,807] {taskinstance.py:1087} INFO - Executing <Task(BashOperator): task4> on 2021-07-14T00:00:00+00:00
[2021-07-15 20:39:58,809] {standard_task_runner.py:52} INFO - Started process 16863 to run task
[2021-07-15 20:39:58,818] {standard_task_runner.py:76} INFO - Running: ['airflow', 'tasks', 'run', 'parallel_dag', 'task4', '2021-07-14T00:00:00+00:00', '--job-id', '47', '--pool', 'default_pool', '--raw', '--subdir', 'DAGS_FOLDER/parallel_dag.py', '--cfg-path', '/tmp/tmptd4vrmcs', '--error-file', '/tmp/tmptc5d9d1o']
[2021-07-15 20:39:58,819] {standard_task_runner.py:77} INFO - Job 47: Subtask task4
[2021-07-15 20:39:58,871] {logging_mixin.py:104} INFO - Running <TaskInstance: parallel_dag.task4 2021-07-14T00:00:00+00:00 [running]> on host airflowvm
[2021-07-15 20:39:58,934] {taskinstance.py:1280} INFO - Exporting the following env vars:
AIRFLOW_CTX_DAG_OWNER=airflow
AIRFLOW_CTX_DAG_ID=parallel_dag
AIRFLOW_CTX_TASK_ID=task4
AIRFLOW_CTX_EXECUTION_DATE=2021-07-14T00:00:00+00:00
AIRFLOW_CTX_DAG_RUN_ID=scheduled__2021-07-14T00:00:00+00:00
[2021-07-15 20:39:58,935] {subprocess.py:52} INFO - Tmp dir root location: 
 /tmp
[2021-07-15 20:39:58,936] {subprocess.py:63} INFO - Running command: ['bash', '-c', 'sleep 3']
[2021-07-15 20:39:58,941] {subprocess.py:75} INFO - Output:
[2021-07-15 20:40:01,947] {subprocess.py:83} INFO - Command exited with return code 0
[2021-07-15 20:40:01,969] {taskinstance.py:1184} INFO - Marking task as SUCCESS. dag_id=parallel_dag, task_id=task4, execution_date=20210714T000000, start_date=20210715T203958, end_date=20210715T204001
[2021-07-15 20:40:01,991] {taskinstance.py:1245} INFO - 0 downstream tasks scheduled from follow-on schedule check
[2021-07-15 20:40:01,998] {local_task_job.py:151} INFO - Task exited with return code 0
