[2021-07-19 20:33:46,938] {taskinstance.py:876} INFO - Dependencies all met for <TaskInstance: parallel_dag.task4 2020-01-15T00:00:00+00:00 [queued]>
[2021-07-19 20:33:47,252] {taskinstance.py:876} INFO - Dependencies all met for <TaskInstance: parallel_dag.task4 2020-01-15T00:00:00+00:00 [queued]>
[2021-07-19 20:33:47,253] {taskinstance.py:1067} INFO - 
--------------------------------------------------------------------------------
[2021-07-19 20:33:47,253] {taskinstance.py:1068} INFO - Starting attempt 1 of 1
[2021-07-19 20:33:47,254] {taskinstance.py:1069} INFO - 
--------------------------------------------------------------------------------
[2021-07-19 20:33:47,467] {taskinstance.py:1087} INFO - Executing <Task(BashOperator): task4> on 2020-01-15T00:00:00+00:00
[2021-07-19 20:33:47,608] {standard_task_runner.py:52} INFO - Started process 8920 to run task
[2021-07-19 20:33:47,704] {standard_task_runner.py:76} INFO - Running: ['airflow', 'tasks', 'run', 'parallel_dag', 'task4', '2020-01-15T00:00:00+00:00', '--job-id', '121', '--pool', 'default_pool', '--raw', '--subdir', 'DAGS_FOLDER/parallel_dag.py', '--cfg-path', '/tmp/tmpv4ry7kxo', '--error-file', '/tmp/tmpjof8osbf']
[2021-07-19 20:33:47,752] {standard_task_runner.py:77} INFO - Job 121: Subtask task4
[2021-07-19 20:33:48,586] {logging_mixin.py:104} INFO - Running <TaskInstance: parallel_dag.task4 2020-01-15T00:00:00+00:00 [running]> on host airflowvm
[2021-07-19 20:33:49,871] {taskinstance.py:1280} INFO - Exporting the following env vars:
AIRFLOW_CTX_DAG_OWNER=airflow
AIRFLOW_CTX_DAG_ID=parallel_dag
AIRFLOW_CTX_TASK_ID=task4
AIRFLOW_CTX_EXECUTION_DATE=2020-01-15T00:00:00+00:00
AIRFLOW_CTX_DAG_RUN_ID=scheduled__2020-01-15T00:00:00+00:00
[2021-07-19 20:33:49,880] {subprocess.py:52} INFO - Tmp dir root location: 
 /tmp
[2021-07-19 20:33:49,985] {subprocess.py:63} INFO - Running command: ['bash', '-c', 'sleep 3']
[2021-07-19 20:33:50,247] {subprocess.py:75} INFO - Output:
[2021-07-19 20:33:53,345] {subprocess.py:83} INFO - Command exited with return code 0
[2021-07-19 20:33:53,919] {taskinstance.py:1184} INFO - Marking task as SUCCESS. dag_id=parallel_dag, task_id=task4, execution_date=20200115T000000, start_date=20210719T203346, end_date=20210719T203353
[2021-07-19 20:33:54,455] {taskinstance.py:1245} INFO - 0 downstream tasks scheduled from follow-on schedule check
[2021-07-19 20:33:54,586] {local_task_job.py:151} INFO - Task exited with return code 0
