[2021-07-20 04:15:38,424] {taskinstance.py:876} INFO - Dependencies all met for <TaskInstance: xcom_dag.task_4 2021-07-19T00:00:00+00:00 [queued]>
[2021-07-20 04:15:38,454] {taskinstance.py:876} INFO - Dependencies all met for <TaskInstance: xcom_dag.task_4 2021-07-19T00:00:00+00:00 [queued]>
[2021-07-20 04:15:38,455] {taskinstance.py:1067} INFO - 
--------------------------------------------------------------------------------
[2021-07-20 04:15:38,456] {taskinstance.py:1068} INFO - Starting attempt 1 of 1
[2021-07-20 04:15:38,456] {taskinstance.py:1069} INFO - 
--------------------------------------------------------------------------------
[2021-07-20 04:15:38,470] {taskinstance.py:1087} INFO - Executing <Task(PythonOperator): task_4> on 2021-07-19T00:00:00+00:00
[2021-07-20 04:15:38,473] {standard_task_runner.py:52} INFO - Started process 2524 to run task
[2021-07-20 04:15:38,486] {standard_task_runner.py:76} INFO - Running: ['airflow', 'tasks', 'run', 'xcom_dag', 'task_4', '2021-07-19T00:00:00+00:00', '--job-id', '164', '--pool', 'default_pool', '--raw', '--subdir', 'DAGS_FOLDER/xcom_dag.py', '--cfg-path', '/tmp/tmpf3cticc0', '--error-file', '/tmp/tmphswrmsq5']
[2021-07-20 04:15:38,488] {standard_task_runner.py:77} INFO - Job 164: Subtask task_4
[2021-07-20 04:15:38,587] {logging_mixin.py:104} INFO - Running <TaskInstance: xcom_dag.task_4 2021-07-19T00:00:00+00:00 [running]> on host airflowvm
[2021-07-20 04:15:38,708] {taskinstance.py:1280} INFO - Exporting the following env vars:
AIRFLOW_CTX_DAG_OWNER=airflow
AIRFLOW_CTX_DAG_ID=xcom_dag
AIRFLOW_CTX_TASK_ID=task_4
AIRFLOW_CTX_EXECUTION_DATE=2021-07-19T00:00:00+00:00
AIRFLOW_CTX_DAG_RUN_ID=scheduled__2021-07-19T00:00:00+00:00
[2021-07-20 04:15:38,710] {logging_mixin.py:104} INFO - choose best model
[2021-07-20 04:15:38,714] {python.py:151} INFO - Done. Returned value was: None
[2021-07-20 04:15:38,732] {taskinstance.py:1184} INFO - Marking task as SUCCESS. dag_id=xcom_dag, task_id=task_4, execution_date=20210719T000000, start_date=20210720T041538, end_date=20210720T041538
[2021-07-20 04:15:38,777] {taskinstance.py:1245} INFO - 0 downstream tasks scheduled from follow-on schedule check
[2021-07-20 04:15:38,821] {local_task_job.py:151} INFO - Task exited with return code 0
