[2021-07-14 23:55:35,158] {taskinstance.py:876} INFO - Dependencies all met for <TaskInstance: example_bash_operator.run_after_loop 2021-07-12T00:00:00+00:00 [queued]>
[2021-07-14 23:55:35,167] {taskinstance.py:876} INFO - Dependencies all met for <TaskInstance: example_bash_operator.run_after_loop 2021-07-12T00:00:00+00:00 [queued]>
[2021-07-14 23:55:35,167] {taskinstance.py:1067} INFO - 
--------------------------------------------------------------------------------
[2021-07-14 23:55:35,167] {taskinstance.py:1068} INFO - Starting attempt 1 of 1
[2021-07-14 23:55:35,167] {taskinstance.py:1069} INFO - 
--------------------------------------------------------------------------------
[2021-07-14 23:55:35,179] {taskinstance.py:1087} INFO - Executing <Task(BashOperator): run_after_loop> on 2021-07-12T00:00:00+00:00
[2021-07-14 23:55:35,181] {standard_task_runner.py:52} INFO - Started process 2227 to run task
[2021-07-14 23:55:35,190] {standard_task_runner.py:76} INFO - Running: ['airflow', 'tasks', 'run', 'example_bash_operator', 'run_after_loop', '2021-07-12T00:00:00+00:00', '--job-id', '12', '--pool', 'default_pool', '--raw', '--subdir', '/home/airflow/sandbox/lib/python3.8/site-packages/airflow/example_dags/example_bash_operator.py', '--cfg-path', '/tmp/tmpdudf5frg', '--error-file', '/tmp/tmpm5q41r_f']
[2021-07-14 23:55:35,191] {standard_task_runner.py:77} INFO - Job 12: Subtask run_after_loop
[2021-07-14 23:55:35,263] {logging_mixin.py:104} INFO - Running <TaskInstance: example_bash_operator.run_after_loop 2021-07-12T00:00:00+00:00 [running]> on host airflowvm
[2021-07-14 23:55:35,336] {taskinstance.py:1280} INFO - Exporting the following env vars:
AIRFLOW_CTX_DAG_OWNER=airflow
AIRFLOW_CTX_DAG_ID=example_bash_operator
AIRFLOW_CTX_TASK_ID=run_after_loop
AIRFLOW_CTX_EXECUTION_DATE=2021-07-12T00:00:00+00:00
AIRFLOW_CTX_DAG_RUN_ID=scheduled__2021-07-12T00:00:00+00:00
[2021-07-14 23:55:35,337] {subprocess.py:52} INFO - Tmp dir root location: 
 /tmp
[2021-07-14 23:55:35,337] {subprocess.py:63} INFO - Running command: ['bash', '-c', 'echo 1']
[2021-07-14 23:55:35,344] {subprocess.py:75} INFO - Output:
[2021-07-14 23:55:35,345] {subprocess.py:79} INFO - 1
[2021-07-14 23:55:35,346] {subprocess.py:83} INFO - Command exited with return code 0
[2021-07-14 23:55:35,363] {taskinstance.py:1184} INFO - Marking task as SUCCESS. dag_id=example_bash_operator, task_id=run_after_loop, execution_date=20210712T000000, start_date=20210714T235535, end_date=20210714T235535
[2021-07-14 23:55:35,382] {taskinstance.py:1245} INFO - 0 downstream tasks scheduled from follow-on schedule check
[2021-07-14 23:55:35,401] {local_task_job.py:151} INFO - Task exited with return code 0
