[2021-07-19 20:34:10,813] {taskinstance.py:876} INFO - Dependencies all met for <TaskInstance: parallel_dag.task3 2020-01-21T00:00:00+00:00 [queued]>
[2021-07-19 20:34:11,164] {taskinstance.py:876} INFO - Dependencies all met for <TaskInstance: parallel_dag.task3 2020-01-21T00:00:00+00:00 [queued]>
[2021-07-19 20:34:11,164] {taskinstance.py:1067} INFO - 
--------------------------------------------------------------------------------
[2021-07-19 20:34:11,164] {taskinstance.py:1068} INFO - Starting attempt 1 of 1
[2021-07-19 20:34:11,164] {taskinstance.py:1069} INFO - 
--------------------------------------------------------------------------------
[2021-07-19 20:34:11,401] {taskinstance.py:1087} INFO - Executing <Task(BashOperator): task3> on 2020-01-21T00:00:00+00:00
[2021-07-19 20:34:11,460] {standard_task_runner.py:52} INFO - Started process 9356 to run task
[2021-07-19 20:34:11,531] {standard_task_runner.py:76} INFO - Running: ['airflow', 'tasks', 'run', 'parallel_dag', 'task3', '2020-01-21T00:00:00+00:00', '--job-id', '135', '--pool', 'default_pool', '--raw', '--subdir', 'DAGS_FOLDER/parallel_dag.py', '--cfg-path', '/tmp/tmp4hg_f9v5', '--error-file', '/tmp/tmpuo0639il']
[2021-07-19 20:34:11,571] {standard_task_runner.py:77} INFO - Job 135: Subtask task3
[2021-07-19 20:34:12,302] {logging_mixin.py:104} INFO - Running <TaskInstance: parallel_dag.task3 2020-01-21T00:00:00+00:00 [running]> on host airflowvm
[2021-07-19 20:34:13,507] {taskinstance.py:1280} INFO - Exporting the following env vars:
AIRFLOW_CTX_DAG_OWNER=airflow
AIRFLOW_CTX_DAG_ID=parallel_dag
AIRFLOW_CTX_TASK_ID=task3
AIRFLOW_CTX_EXECUTION_DATE=2020-01-21T00:00:00+00:00
AIRFLOW_CTX_DAG_RUN_ID=scheduled__2020-01-21T00:00:00+00:00
[2021-07-19 20:34:13,508] {subprocess.py:52} INFO - Tmp dir root location: 
 /tmp
[2021-07-19 20:34:13,540] {subprocess.py:63} INFO - Running command: ['bash', '-c', 'sleep 3']
[2021-07-19 20:34:13,640] {subprocess.py:75} INFO - Output:
[2021-07-19 20:34:16,707] {subprocess.py:83} INFO - Command exited with return code 0
[2021-07-19 20:34:17,555] {taskinstance.py:1184} INFO - Marking task as SUCCESS. dag_id=parallel_dag, task_id=task3, execution_date=20200121T000000, start_date=20210719T203410, end_date=20210719T203417
[2021-07-19 20:34:18,126] {taskinstance.py:1245} INFO - 1 downstream tasks scheduled from follow-on schedule check
[2021-07-19 20:34:18,203] {local_task_job.py:151} INFO - Task exited with return code 0
