[2021-07-20 01:45:47,350] {taskinstance.py:876} INFO - Dependencies all met for <TaskInstance: parallel_dag.task4 2021-07-20T01:45:36.613132+00:00 [queued]>
[2021-07-20 01:45:47,376] {taskinstance.py:876} INFO - Dependencies all met for <TaskInstance: parallel_dag.task4 2021-07-20T01:45:36.613132+00:00 [queued]>
[2021-07-20 01:45:47,377] {taskinstance.py:1067} INFO - 
--------------------------------------------------------------------------------
[2021-07-20 01:45:47,378] {taskinstance.py:1068} INFO - Starting attempt 1 of 1
[2021-07-20 01:45:47,379] {taskinstance.py:1069} INFO - 
--------------------------------------------------------------------------------
[2021-07-20 01:45:47,423] {taskinstance.py:1087} INFO - Executing <Task(BashOperator): task4> on 2021-07-20T01:45:36.613132+00:00
[2021-07-20 01:45:47,430] {standard_task_runner.py:52} INFO - Started process 50895 to run task
[2021-07-20 01:45:47,450] {standard_task_runner.py:76} INFO - Running: ['airflow', 'tasks', 'run', 'parallel_dag', 'task4', '2021-07-20T01:45:36.613132+00:00', '--job-id', '157', '--pool', 'default_pool', '--raw', '--subdir', 'DAGS_FOLDER/parallel_dag.py', '--cfg-path', '/tmp/tmp7xt3i3h4', '--error-file', '/tmp/tmp_c095vdc']
[2021-07-20 01:45:47,455] {standard_task_runner.py:77} INFO - Job 157: Subtask task4
[2021-07-20 01:45:47,554] {logging_mixin.py:104} INFO - Running <TaskInstance: parallel_dag.task4 2021-07-20T01:45:36.613132+00:00 [running]> on host airflowvm
[2021-07-20 01:45:47,700] {taskinstance.py:1280} INFO - Exporting the following env vars:
AIRFLOW_CTX_DAG_OWNER=airflow
AIRFLOW_CTX_DAG_ID=parallel_dag
AIRFLOW_CTX_TASK_ID=task4
AIRFLOW_CTX_EXECUTION_DATE=2021-07-20T01:45:36.613132+00:00
AIRFLOW_CTX_DAG_RUN_ID=manual__2021-07-20T01:45:36.613132+00:00
[2021-07-20 01:45:47,701] {subprocess.py:52} INFO - Tmp dir root location: 
 /tmp
[2021-07-20 01:45:47,702] {subprocess.py:63} INFO - Running command: ['bash', '-c', 'sleep 3']
[2021-07-20 01:45:47,717] {subprocess.py:75} INFO - Output:
[2021-07-20 01:45:50,727] {subprocess.py:83} INFO - Command exited with return code 0
[2021-07-20 01:45:50,786] {taskinstance.py:1184} INFO - Marking task as SUCCESS. dag_id=parallel_dag, task_id=task4, execution_date=20210720T014536, start_date=20210720T014547, end_date=20210720T014550
[2021-07-20 01:45:50,832] {taskinstance.py:1245} INFO - 0 downstream tasks scheduled from follow-on schedule check
[2021-07-20 01:45:50,853] {local_task_job.py:151} INFO - Task exited with return code 0
