[2021-07-19 20:32:54,640] {taskinstance.py:876} INFO - Dependencies all met for <TaskInstance: parallel_dag.task1 2020-01-11T00:00:00+00:00 [queued]>
[2021-07-19 20:32:55,323] {taskinstance.py:876} INFO - Dependencies all met for <TaskInstance: parallel_dag.task1 2020-01-11T00:00:00+00:00 [queued]>
[2021-07-19 20:32:55,324] {taskinstance.py:1067} INFO - 
--------------------------------------------------------------------------------
[2021-07-19 20:32:55,324] {taskinstance.py:1068} INFO - Starting attempt 1 of 1
[2021-07-19 20:32:55,324] {taskinstance.py:1069} INFO - 
--------------------------------------------------------------------------------
[2021-07-19 20:32:55,699] {taskinstance.py:1087} INFO - Executing <Task(BashOperator): task1> on 2020-01-11T00:00:00+00:00
[2021-07-19 20:32:55,740] {standard_task_runner.py:52} INFO - Started process 7354 to run task
[2021-07-19 20:32:55,873] {standard_task_runner.py:76} INFO - Running: ['airflow', 'tasks', 'run', 'parallel_dag', 'task1', '2020-01-11T00:00:00+00:00', '--job-id', '75', '--pool', 'default_pool', '--raw', '--subdir', 'DAGS_FOLDER/parallel_dag.py', '--cfg-path', '/tmp/tmpqkrsb9vk', '--error-file', '/tmp/tmpt6ymwxy3']
[2021-07-19 20:32:55,927] {standard_task_runner.py:77} INFO - Job 75: Subtask task1
[2021-07-19 20:32:56,751] {logging_mixin.py:104} INFO - Running <TaskInstance: parallel_dag.task1 2020-01-11T00:00:00+00:00 [running]> on host airflowvm
[2021-07-19 20:32:57,841] {taskinstance.py:1280} INFO - Exporting the following env vars:
AIRFLOW_CTX_DAG_OWNER=airflow
AIRFLOW_CTX_DAG_ID=parallel_dag
AIRFLOW_CTX_TASK_ID=task1
AIRFLOW_CTX_EXECUTION_DATE=2020-01-11T00:00:00+00:00
AIRFLOW_CTX_DAG_RUN_ID=scheduled__2020-01-11T00:00:00+00:00
[2021-07-19 20:32:57,874] {subprocess.py:52} INFO - Tmp dir root location: 
 /tmp
[2021-07-19 20:32:57,883] {subprocess.py:63} INFO - Running command: ['bash', '-c', 'sleep 3']
[2021-07-19 20:32:57,974] {subprocess.py:75} INFO - Output:
[2021-07-19 20:33:01,050] {subprocess.py:83} INFO - Command exited with return code 0
[2021-07-19 20:33:01,598] {taskinstance.py:1184} INFO - Marking task as SUCCESS. dag_id=parallel_dag, task_id=task1, execution_date=20200111T000000, start_date=20210719T203254, end_date=20210719T203301
[2021-07-19 20:33:03,528] {taskinstance.py:1245} INFO - 2 downstream tasks scheduled from follow-on schedule check
[2021-07-19 20:33:03,667] {local_task_job.py:151} INFO - Task exited with return code 0
