[2021-07-20 04:15:35,638] {taskinstance.py:876} INFO - Dependencies all met for <TaskInstance: xcom_dag.processing_tasks.training_model_c 2021-07-19T00:00:00+00:00 [queued]>
[2021-07-20 04:15:35,760] {taskinstance.py:876} INFO - Dependencies all met for <TaskInstance: xcom_dag.processing_tasks.training_model_c 2021-07-19T00:00:00+00:00 [queued]>
[2021-07-20 04:15:35,766] {taskinstance.py:1067} INFO - 
--------------------------------------------------------------------------------
[2021-07-20 04:15:35,767] {taskinstance.py:1068} INFO - Starting attempt 1 of 1
[2021-07-20 04:15:35,768] {taskinstance.py:1069} INFO - 
--------------------------------------------------------------------------------
[2021-07-20 04:15:35,872] {taskinstance.py:1087} INFO - Executing <Task(PythonOperator): processing_tasks.training_model_c> on 2021-07-19T00:00:00+00:00
[2021-07-20 04:15:35,887] {standard_task_runner.py:52} INFO - Started process 2458 to run task
[2021-07-20 04:15:35,929] {standard_task_runner.py:76} INFO - Running: ['airflow', 'tasks', 'run', 'xcom_dag', 'processing_tasks.training_model_c', '2021-07-19T00:00:00+00:00', '--job-id', '163', '--pool', 'default_pool', '--raw', '--subdir', 'DAGS_FOLDER/xcom_dag.py', '--cfg-path', '/tmp/tmpj_tlshxj', '--error-file', '/tmp/tmpqzhwssqb']
[2021-07-20 04:15:35,942] {standard_task_runner.py:77} INFO - Job 163: Subtask processing_tasks.training_model_c
[2021-07-20 04:15:36,326] {logging_mixin.py:104} INFO - Running <TaskInstance: xcom_dag.processing_tasks.training_model_c 2021-07-19T00:00:00+00:00 [running]> on host airflowvm
[2021-07-20 04:15:36,800] {taskinstance.py:1280} INFO - Exporting the following env vars:
AIRFLOW_CTX_DAG_OWNER=airflow
AIRFLOW_CTX_DAG_ID=xcom_dag
AIRFLOW_CTX_TASK_ID=processing_tasks.training_model_c
AIRFLOW_CTX_EXECUTION_DATE=2021-07-19T00:00:00+00:00
AIRFLOW_CTX_DAG_RUN_ID=scheduled__2021-07-19T00:00:00+00:00
[2021-07-20 04:15:36,801] {logging_mixin.py:104} INFO - model's accuracy: 7.177863888494545
[2021-07-20 04:15:36,801] {python.py:151} INFO - Done. Returned value was: 7.177863888494545
[2021-07-20 04:15:37,039] {taskinstance.py:1184} INFO - Marking task as SUCCESS. dag_id=xcom_dag, task_id=processing_tasks.training_model_c, execution_date=20210719T000000, start_date=20210720T041535, end_date=20210720T041537
[2021-07-20 04:15:37,198] {taskinstance.py:1245} INFO - 0 downstream tasks scheduled from follow-on schedule check
[2021-07-20 04:15:37,242] {local_task_job.py:151} INFO - Task exited with return code 0
