[2021-07-20 04:29:06,936] {taskinstance.py:876} INFO - Dependencies all met for <TaskInstance: xcom_dag.processing_tasks.training_model_c 2021-07-19T00:00:00+00:00 [queued]>
[2021-07-20 04:29:07,029] {taskinstance.py:876} INFO - Dependencies all met for <TaskInstance: xcom_dag.processing_tasks.training_model_c 2021-07-19T00:00:00+00:00 [queued]>
[2021-07-20 04:29:07,031] {taskinstance.py:1067} INFO - 
--------------------------------------------------------------------------------
[2021-07-20 04:29:07,032] {taskinstance.py:1068} INFO - Starting attempt 2 of 2
[2021-07-20 04:29:07,033] {taskinstance.py:1069} INFO - 
--------------------------------------------------------------------------------
[2021-07-20 04:29:07,082] {taskinstance.py:1087} INFO - Executing <Task(PythonOperator): processing_tasks.training_model_c> on 2021-07-19T00:00:00+00:00
[2021-07-20 04:29:07,102] {standard_task_runner.py:52} INFO - Started process 3300 to run task
[2021-07-20 04:29:07,129] {standard_task_runner.py:76} INFO - Running: ['airflow', 'tasks', 'run', 'xcom_dag', 'processing_tasks.training_model_c', '2021-07-19T00:00:00+00:00', '--job-id', '168', '--pool', 'default_pool', '--raw', '--subdir', 'DAGS_FOLDER/xcom_dag.py', '--cfg-path', '/tmp/tmpv1xseie8', '--error-file', '/tmp/tmphvb68_pc']
[2021-07-20 04:29:07,139] {standard_task_runner.py:77} INFO - Job 168: Subtask processing_tasks.training_model_c
[2021-07-20 04:29:07,491] {logging_mixin.py:104} INFO - Running <TaskInstance: xcom_dag.processing_tasks.training_model_c 2021-07-19T00:00:00+00:00 [running]> on host airflowvm
[2021-07-20 04:29:07,819] {taskinstance.py:1280} INFO - Exporting the following env vars:
AIRFLOW_CTX_DAG_OWNER=airflow
AIRFLOW_CTX_DAG_ID=xcom_dag
AIRFLOW_CTX_TASK_ID=processing_tasks.training_model_c
AIRFLOW_CTX_EXECUTION_DATE=2021-07-19T00:00:00+00:00
AIRFLOW_CTX_DAG_RUN_ID=scheduled__2021-07-19T00:00:00+00:00
[2021-07-20 04:29:07,821] {logging_mixin.py:104} INFO - model's accuracy: 8.247037749232812
[2021-07-20 04:29:07,914] {python.py:151} INFO - Done. Returned value was: None
[2021-07-20 04:29:07,971] {taskinstance.py:1184} INFO - Marking task as SUCCESS. dag_id=xcom_dag, task_id=processing_tasks.training_model_c, execution_date=20210719T000000, start_date=20210720T042906, end_date=20210720T042907
[2021-07-20 04:29:08,149] {taskinstance.py:1245} INFO - 0 downstream tasks scheduled from follow-on schedule check
[2021-07-20 04:29:08,162] {local_task_job.py:151} INFO - Task exited with return code 0
