[2021-07-22 02:03:55,829] {scheduler_job.py:182} INFO - Started process (PID=48165) to work on /home/airflow/airflow/dags/elasticsearch_dag.py
[2021-07-22 02:03:55,842] {scheduler_job.py:633} INFO - Processing file /home/airflow/airflow/dags/elasticsearch_dag.py for tasks to queue
[2021-07-22 02:03:55,843] {logging_mixin.py:104} INFO - [2021-07-22 02:03:55,843] {dagbag.py:487} INFO - Filling up the DagBag from /home/airflow/airflow/dags/elasticsearch_dag.py
[2021-07-22 02:03:55,971] {scheduler_job.py:643} INFO - DAG(s) dict_keys(['elasticsearch_dag']) retrieved from /home/airflow/airflow/dags/elasticsearch_dag.py
[2021-07-22 02:03:56,028] {logging_mixin.py:104} INFO - [2021-07-22 02:03:56,028] {dag.py:1832} INFO - Sync 1 DAGs
[2021-07-22 02:03:56,072] {logging_mixin.py:104} INFO - [2021-07-22 02:03:56,070] {dag.py:2305} INFO - Setting next_dagrun for elasticsearch_dag to 2021-07-22 00:00:00+00:00
[2021-07-22 02:03:56,143] {scheduler_job.py:190} INFO - Processing /home/airflow/airflow/dags/elasticsearch_dag.py took 0.323 seconds
[2021-07-22 02:04:26,331] {scheduler_job.py:182} INFO - Started process (PID=48261) to work on /home/airflow/airflow/dags/elasticsearch_dag.py
[2021-07-22 02:04:26,332] {scheduler_job.py:633} INFO - Processing file /home/airflow/airflow/dags/elasticsearch_dag.py for tasks to queue
[2021-07-22 02:04:26,345] {logging_mixin.py:104} INFO - [2021-07-22 02:04:26,345] {dagbag.py:487} INFO - Filling up the DagBag from /home/airflow/airflow/dags/elasticsearch_dag.py
[2021-07-22 02:04:26,580] {scheduler_job.py:643} INFO - DAG(s) dict_keys(['elasticsearch_dag']) retrieved from /home/airflow/airflow/dags/elasticsearch_dag.py
[2021-07-22 02:04:26,709] {logging_mixin.py:104} INFO - [2021-07-22 02:04:26,709] {dag.py:1832} INFO - Sync 1 DAGs
[2021-07-22 02:04:26,818] {logging_mixin.py:104} INFO - [2021-07-22 02:04:26,818] {dag.py:2305} INFO - Setting next_dagrun for elasticsearch_dag to 2021-07-22 00:00:00+00:00
[2021-07-22 02:04:26,870] {scheduler_job.py:190} INFO - Processing /home/airflow/airflow/dags/elasticsearch_dag.py took 0.567 seconds
[2021-07-22 02:04:56,943] {scheduler_job.py:182} INFO - Started process (PID=48502) to work on /home/airflow/airflow/dags/elasticsearch_dag.py
[2021-07-22 02:04:56,945] {scheduler_job.py:633} INFO - Processing file /home/airflow/airflow/dags/elasticsearch_dag.py for tasks to queue
[2021-07-22 02:04:56,951] {logging_mixin.py:104} INFO - [2021-07-22 02:04:56,950] {dagbag.py:487} INFO - Filling up the DagBag from /home/airflow/airflow/dags/elasticsearch_dag.py
[2021-07-22 02:04:57,013] {scheduler_job.py:643} INFO - DAG(s) dict_keys(['elasticsearch_dag']) retrieved from /home/airflow/airflow/dags/elasticsearch_dag.py
[2021-07-22 02:04:57,066] {logging_mixin.py:104} INFO - [2021-07-22 02:04:57,066] {dag.py:1832} INFO - Sync 1 DAGs
[2021-07-22 02:04:57,094] {logging_mixin.py:104} INFO - [2021-07-22 02:04:57,094] {dag.py:2305} INFO - Setting next_dagrun for elasticsearch_dag to 2021-07-22 00:00:00+00:00
[2021-07-22 02:04:57,105] {scheduler_job.py:190} INFO - Processing /home/airflow/airflow/dags/elasticsearch_dag.py took 0.165 seconds
[2021-07-22 02:05:27,425] {scheduler_job.py:182} INFO - Started process (PID=48543) to work on /home/airflow/airflow/dags/elasticsearch_dag.py
[2021-07-22 02:05:27,431] {scheduler_job.py:633} INFO - Processing file /home/airflow/airflow/dags/elasticsearch_dag.py for tasks to queue
[2021-07-22 02:05:27,434] {logging_mixin.py:104} INFO - [2021-07-22 02:05:27,434] {dagbag.py:487} INFO - Filling up the DagBag from /home/airflow/airflow/dags/elasticsearch_dag.py
[2021-07-22 02:05:27,505] {scheduler_job.py:643} INFO - DAG(s) dict_keys(['elasticsearch_dag']) retrieved from /home/airflow/airflow/dags/elasticsearch_dag.py
[2021-07-22 02:05:27,548] {logging_mixin.py:104} INFO - [2021-07-22 02:05:27,548] {dag.py:1832} INFO - Sync 1 DAGs
[2021-07-22 02:05:27,577] {logging_mixin.py:104} INFO - [2021-07-22 02:05:27,577] {dag.py:2305} INFO - Setting next_dagrun for elasticsearch_dag to 2021-07-22 00:00:00+00:00
[2021-07-22 02:05:27,592] {scheduler_job.py:190} INFO - Processing /home/airflow/airflow/dags/elasticsearch_dag.py took 0.177 seconds
[2021-07-22 02:05:57,904] {scheduler_job.py:182} INFO - Started process (PID=48581) to work on /home/airflow/airflow/dags/elasticsearch_dag.py
[2021-07-22 02:05:57,907] {scheduler_job.py:633} INFO - Processing file /home/airflow/airflow/dags/elasticsearch_dag.py for tasks to queue
[2021-07-22 02:05:57,912] {logging_mixin.py:104} INFO - [2021-07-22 02:05:57,912] {dagbag.py:487} INFO - Filling up the DagBag from /home/airflow/airflow/dags/elasticsearch_dag.py
[2021-07-22 02:05:57,988] {scheduler_job.py:643} INFO - DAG(s) dict_keys(['elasticsearch_dag']) retrieved from /home/airflow/airflow/dags/elasticsearch_dag.py
[2021-07-22 02:05:58,031] {logging_mixin.py:104} INFO - [2021-07-22 02:05:58,031] {dag.py:1832} INFO - Sync 1 DAGs
[2021-07-22 02:05:58,061] {logging_mixin.py:104} INFO - [2021-07-22 02:05:58,061] {dag.py:2305} INFO - Setting next_dagrun for elasticsearch_dag to 2021-07-22 00:00:00+00:00
[2021-07-22 02:05:58,085] {scheduler_job.py:190} INFO - Processing /home/airflow/airflow/dags/elasticsearch_dag.py took 0.190 seconds
[2021-07-22 02:06:28,428] {scheduler_job.py:182} INFO - Started process (PID=48640) to work on /home/airflow/airflow/dags/elasticsearch_dag.py
[2021-07-22 02:06:28,433] {scheduler_job.py:633} INFO - Processing file /home/airflow/airflow/dags/elasticsearch_dag.py for tasks to queue
[2021-07-22 02:06:28,437] {logging_mixin.py:104} INFO - [2021-07-22 02:06:28,437] {dagbag.py:487} INFO - Filling up the DagBag from /home/airflow/airflow/dags/elasticsearch_dag.py
[2021-07-22 02:06:28,500] {scheduler_job.py:643} INFO - DAG(s) dict_keys(['elasticsearch_dag']) retrieved from /home/airflow/airflow/dags/elasticsearch_dag.py
[2021-07-22 02:06:28,537] {logging_mixin.py:104} INFO - [2021-07-22 02:06:28,537] {dag.py:1832} INFO - Sync 1 DAGs
[2021-07-22 02:06:28,565] {logging_mixin.py:104} INFO - [2021-07-22 02:06:28,565] {dag.py:2305} INFO - Setting next_dagrun for elasticsearch_dag to 2021-07-22 00:00:00+00:00
[2021-07-22 02:06:28,577] {scheduler_job.py:190} INFO - Processing /home/airflow/airflow/dags/elasticsearch_dag.py took 0.151 seconds
[2021-07-22 02:06:58,839] {scheduler_job.py:182} INFO - Started process (PID=48678) to work on /home/airflow/airflow/dags/elasticsearch_dag.py
[2021-07-22 02:06:58,846] {scheduler_job.py:633} INFO - Processing file /home/airflow/airflow/dags/elasticsearch_dag.py for tasks to queue
[2021-07-22 02:06:58,847] {logging_mixin.py:104} INFO - [2021-07-22 02:06:58,847] {dagbag.py:487} INFO - Filling up the DagBag from /home/airflow/airflow/dags/elasticsearch_dag.py
[2021-07-22 02:06:58,918] {scheduler_job.py:643} INFO - DAG(s) dict_keys(['elasticsearch_dag']) retrieved from /home/airflow/airflow/dags/elasticsearch_dag.py
[2021-07-22 02:06:58,954] {logging_mixin.py:104} INFO - [2021-07-22 02:06:58,954] {dag.py:1832} INFO - Sync 1 DAGs
[2021-07-22 02:06:58,983] {logging_mixin.py:104} INFO - [2021-07-22 02:06:58,983] {dag.py:2305} INFO - Setting next_dagrun for elasticsearch_dag to 2021-07-22 00:00:00+00:00
[2021-07-22 02:06:58,991] {scheduler_job.py:190} INFO - Processing /home/airflow/airflow/dags/elasticsearch_dag.py took 0.154 seconds
[2021-07-22 02:07:29,284] {scheduler_job.py:182} INFO - Started process (PID=48717) to work on /home/airflow/airflow/dags/elasticsearch_dag.py
[2021-07-22 02:07:29,286] {scheduler_job.py:633} INFO - Processing file /home/airflow/airflow/dags/elasticsearch_dag.py for tasks to queue
[2021-07-22 02:07:29,293] {logging_mixin.py:104} INFO - [2021-07-22 02:07:29,293] {dagbag.py:487} INFO - Filling up the DagBag from /home/airflow/airflow/dags/elasticsearch_dag.py
[2021-07-22 02:07:29,353] {scheduler_job.py:643} INFO - DAG(s) dict_keys(['elasticsearch_dag']) retrieved from /home/airflow/airflow/dags/elasticsearch_dag.py
[2021-07-22 02:07:29,390] {logging_mixin.py:104} INFO - [2021-07-22 02:07:29,389] {dag.py:1832} INFO - Sync 1 DAGs
[2021-07-22 02:07:29,411] {logging_mixin.py:104} INFO - [2021-07-22 02:07:29,411] {dag.py:2305} INFO - Setting next_dagrun for elasticsearch_dag to 2021-07-22 00:00:00+00:00
[2021-07-22 02:07:29,436] {scheduler_job.py:190} INFO - Processing /home/airflow/airflow/dags/elasticsearch_dag.py took 0.155 seconds
[2021-07-22 02:07:59,709] {scheduler_job.py:182} INFO - Started process (PID=48754) to work on /home/airflow/airflow/dags/elasticsearch_dag.py
[2021-07-22 02:07:59,719] {scheduler_job.py:633} INFO - Processing file /home/airflow/airflow/dags/elasticsearch_dag.py for tasks to queue
[2021-07-22 02:07:59,721] {logging_mixin.py:104} INFO - [2021-07-22 02:07:59,721] {dagbag.py:487} INFO - Filling up the DagBag from /home/airflow/airflow/dags/elasticsearch_dag.py
[2021-07-22 02:07:59,824] {scheduler_job.py:643} INFO - DAG(s) dict_keys(['elasticsearch_dag']) retrieved from /home/airflow/airflow/dags/elasticsearch_dag.py
[2021-07-22 02:07:59,869] {logging_mixin.py:104} INFO - [2021-07-22 02:07:59,869] {dag.py:1832} INFO - Sync 1 DAGs
[2021-07-22 02:07:59,909] {logging_mixin.py:104} INFO - [2021-07-22 02:07:59,908] {dag.py:2305} INFO - Setting next_dagrun for elasticsearch_dag to 2021-07-22 00:00:00+00:00
[2021-07-22 02:07:59,918] {scheduler_job.py:190} INFO - Processing /home/airflow/airflow/dags/elasticsearch_dag.py took 0.213 seconds
[2021-07-22 02:08:30,208] {scheduler_job.py:182} INFO - Started process (PID=48795) to work on /home/airflow/airflow/dags/elasticsearch_dag.py
[2021-07-22 02:08:30,211] {scheduler_job.py:633} INFO - Processing file /home/airflow/airflow/dags/elasticsearch_dag.py for tasks to queue
[2021-07-22 02:08:30,218] {logging_mixin.py:104} INFO - [2021-07-22 02:08:30,217] {dagbag.py:487} INFO - Filling up the DagBag from /home/airflow/airflow/dags/elasticsearch_dag.py
[2021-07-22 02:08:30,278] {scheduler_job.py:643} INFO - DAG(s) dict_keys(['elasticsearch_dag']) retrieved from /home/airflow/airflow/dags/elasticsearch_dag.py
[2021-07-22 02:08:30,318] {logging_mixin.py:104} INFO - [2021-07-22 02:08:30,318] {dag.py:1832} INFO - Sync 1 DAGs
[2021-07-22 02:08:30,349] {logging_mixin.py:104} INFO - [2021-07-22 02:08:30,349] {dag.py:2305} INFO - Setting next_dagrun for elasticsearch_dag to 2021-07-22 00:00:00+00:00
[2021-07-22 02:08:30,362] {scheduler_job.py:190} INFO - Processing /home/airflow/airflow/dags/elasticsearch_dag.py took 0.157 seconds
[2021-07-22 02:09:00,679] {scheduler_job.py:182} INFO - Started process (PID=48832) to work on /home/airflow/airflow/dags/elasticsearch_dag.py
[2021-07-22 02:09:00,681] {scheduler_job.py:633} INFO - Processing file /home/airflow/airflow/dags/elasticsearch_dag.py for tasks to queue
[2021-07-22 02:09:00,686] {logging_mixin.py:104} INFO - [2021-07-22 02:09:00,686] {dagbag.py:487} INFO - Filling up the DagBag from /home/airflow/airflow/dags/elasticsearch_dag.py
[2021-07-22 02:09:00,751] {scheduler_job.py:643} INFO - DAG(s) dict_keys(['elasticsearch_dag']) retrieved from /home/airflow/airflow/dags/elasticsearch_dag.py
[2021-07-22 02:09:00,789] {logging_mixin.py:104} INFO - [2021-07-22 02:09:00,789] {dag.py:1832} INFO - Sync 1 DAGs
[2021-07-22 02:09:00,816] {logging_mixin.py:104} INFO - [2021-07-22 02:09:00,816] {dag.py:2305} INFO - Setting next_dagrun for elasticsearch_dag to 2021-07-22 00:00:00+00:00
[2021-07-22 02:09:00,832] {scheduler_job.py:190} INFO - Processing /home/airflow/airflow/dags/elasticsearch_dag.py took 0.155 seconds
[2021-07-22 02:09:31,147] {scheduler_job.py:182} INFO - Started process (PID=48869) to work on /home/airflow/airflow/dags/elasticsearch_dag.py
[2021-07-22 02:09:31,155] {scheduler_job.py:633} INFO - Processing file /home/airflow/airflow/dags/elasticsearch_dag.py for tasks to queue
[2021-07-22 02:09:31,156] {logging_mixin.py:104} INFO - [2021-07-22 02:09:31,156] {dagbag.py:487} INFO - Filling up the DagBag from /home/airflow/airflow/dags/elasticsearch_dag.py
[2021-07-22 02:09:31,220] {scheduler_job.py:643} INFO - DAG(s) dict_keys(['elasticsearch_dag']) retrieved from /home/airflow/airflow/dags/elasticsearch_dag.py
[2021-07-22 02:09:31,274] {logging_mixin.py:104} INFO - [2021-07-22 02:09:31,274] {dag.py:1832} INFO - Sync 1 DAGs
[2021-07-22 02:09:31,313] {logging_mixin.py:104} INFO - [2021-07-22 02:09:31,305] {dag.py:2305} INFO - Setting next_dagrun for elasticsearch_dag to 2021-07-22 00:00:00+00:00
[2021-07-22 02:09:31,340] {scheduler_job.py:190} INFO - Processing /home/airflow/airflow/dags/elasticsearch_dag.py took 0.197 seconds
[2021-07-22 02:10:01,668] {scheduler_job.py:182} INFO - Started process (PID=48945) to work on /home/airflow/airflow/dags/elasticsearch_dag.py
[2021-07-22 02:10:01,671] {scheduler_job.py:633} INFO - Processing file /home/airflow/airflow/dags/elasticsearch_dag.py for tasks to queue
[2021-07-22 02:10:01,677] {logging_mixin.py:104} INFO - [2021-07-22 02:10:01,677] {dagbag.py:487} INFO - Filling up the DagBag from /home/airflow/airflow/dags/elasticsearch_dag.py
[2021-07-22 02:10:01,742] {scheduler_job.py:643} INFO - DAG(s) dict_keys(['elasticsearch_dag']) retrieved from /home/airflow/airflow/dags/elasticsearch_dag.py
[2021-07-22 02:10:01,779] {logging_mixin.py:104} INFO - [2021-07-22 02:10:01,779] {dag.py:1832} INFO - Sync 1 DAGs
[2021-07-22 02:10:01,810] {logging_mixin.py:104} INFO - [2021-07-22 02:10:01,810] {dag.py:2305} INFO - Setting next_dagrun for elasticsearch_dag to 2021-07-22 00:00:00+00:00
[2021-07-22 02:10:01,817] {scheduler_job.py:190} INFO - Processing /home/airflow/airflow/dags/elasticsearch_dag.py took 0.152 seconds
[2021-07-22 02:10:32,079] {scheduler_job.py:182} INFO - Started process (PID=49036) to work on /home/airflow/airflow/dags/elasticsearch_dag.py
[2021-07-22 02:10:32,085] {scheduler_job.py:633} INFO - Processing file /home/airflow/airflow/dags/elasticsearch_dag.py for tasks to queue
[2021-07-22 02:10:32,088] {logging_mixin.py:104} INFO - [2021-07-22 02:10:32,087] {dagbag.py:487} INFO - Filling up the DagBag from /home/airflow/airflow/dags/elasticsearch_dag.py
[2021-07-22 02:10:32,148] {scheduler_job.py:643} INFO - DAG(s) dict_keys(['elasticsearch_dag']) retrieved from /home/airflow/airflow/dags/elasticsearch_dag.py
[2021-07-22 02:10:32,190] {logging_mixin.py:104} INFO - [2021-07-22 02:10:32,189] {dag.py:1832} INFO - Sync 1 DAGs
[2021-07-22 02:10:32,210] {logging_mixin.py:104} INFO - [2021-07-22 02:10:32,210] {dag.py:2305} INFO - Setting next_dagrun for elasticsearch_dag to 2021-07-22 00:00:00+00:00
[2021-07-22 02:10:32,231] {scheduler_job.py:190} INFO - Processing /home/airflow/airflow/dags/elasticsearch_dag.py took 0.155 seconds
[2021-07-22 02:11:02,522] {scheduler_job.py:182} INFO - Started process (PID=49111) to work on /home/airflow/airflow/dags/elasticsearch_dag.py
[2021-07-22 02:11:02,524] {scheduler_job.py:633} INFO - Processing file /home/airflow/airflow/dags/elasticsearch_dag.py for tasks to queue
[2021-07-22 02:11:02,532] {logging_mixin.py:104} INFO - [2021-07-22 02:11:02,532] {dagbag.py:487} INFO - Filling up the DagBag from /home/airflow/airflow/dags/elasticsearch_dag.py
[2021-07-22 02:11:02,589] {scheduler_job.py:643} INFO - DAG(s) dict_keys(['elasticsearch_dag']) retrieved from /home/airflow/airflow/dags/elasticsearch_dag.py
[2021-07-22 02:11:02,628] {logging_mixin.py:104} INFO - [2021-07-22 02:11:02,628] {dag.py:1832} INFO - Sync 1 DAGs
[2021-07-22 02:11:02,652] {logging_mixin.py:104} INFO - [2021-07-22 02:11:02,652] {dag.py:2305} INFO - Setting next_dagrun for elasticsearch_dag to 2021-07-22 00:00:00+00:00
[2021-07-22 02:11:02,666] {scheduler_job.py:190} INFO - Processing /home/airflow/airflow/dags/elasticsearch_dag.py took 0.148 seconds
[2021-07-22 02:11:32,947] {scheduler_job.py:182} INFO - Started process (PID=49174) to work on /home/airflow/airflow/dags/elasticsearch_dag.py
[2021-07-22 02:11:32,957] {scheduler_job.py:633} INFO - Processing file /home/airflow/airflow/dags/elasticsearch_dag.py for tasks to queue
[2021-07-22 02:11:32,961] {logging_mixin.py:104} INFO - [2021-07-22 02:11:32,961] {dagbag.py:487} INFO - Filling up the DagBag from /home/airflow/airflow/dags/elasticsearch_dag.py
[2021-07-22 02:11:33,028] {scheduler_job.py:643} INFO - DAG(s) dict_keys(['elasticsearch_dag']) retrieved from /home/airflow/airflow/dags/elasticsearch_dag.py
[2021-07-22 02:11:33,062] {logging_mixin.py:104} INFO - [2021-07-22 02:11:33,062] {dag.py:1832} INFO - Sync 1 DAGs
[2021-07-22 02:11:33,085] {logging_mixin.py:104} INFO - [2021-07-22 02:11:33,085] {dag.py:2305} INFO - Setting next_dagrun for elasticsearch_dag to 2021-07-22 00:00:00+00:00
[2021-07-22 02:11:33,100] {scheduler_job.py:190} INFO - Processing /home/airflow/airflow/dags/elasticsearch_dag.py took 0.156 seconds
[2021-07-22 02:12:03,366] {scheduler_job.py:182} INFO - Started process (PID=49217) to work on /home/airflow/airflow/dags/elasticsearch_dag.py
[2021-07-22 02:12:03,368] {scheduler_job.py:633} INFO - Processing file /home/airflow/airflow/dags/elasticsearch_dag.py for tasks to queue
[2021-07-22 02:12:03,374] {logging_mixin.py:104} INFO - [2021-07-22 02:12:03,374] {dagbag.py:487} INFO - Filling up the DagBag from /home/airflow/airflow/dags/elasticsearch_dag.py
[2021-07-22 02:12:03,435] {scheduler_job.py:643} INFO - DAG(s) dict_keys(['elasticsearch_dag']) retrieved from /home/airflow/airflow/dags/elasticsearch_dag.py
[2021-07-22 02:12:03,469] {logging_mixin.py:104} INFO - [2021-07-22 02:12:03,469] {dag.py:1832} INFO - Sync 1 DAGs
[2021-07-22 02:12:03,491] {logging_mixin.py:104} INFO - [2021-07-22 02:12:03,491] {dag.py:2305} INFO - Setting next_dagrun for elasticsearch_dag to 2021-07-22 00:00:00+00:00
[2021-07-22 02:12:03,504] {scheduler_job.py:190} INFO - Processing /home/airflow/airflow/dags/elasticsearch_dag.py took 0.140 seconds
[2021-07-22 02:12:33,802] {scheduler_job.py:182} INFO - Started process (PID=49292) to work on /home/airflow/airflow/dags/elasticsearch_dag.py
[2021-07-22 02:12:33,803] {scheduler_job.py:633} INFO - Processing file /home/airflow/airflow/dags/elasticsearch_dag.py for tasks to queue
[2021-07-22 02:12:33,804] {logging_mixin.py:104} INFO - [2021-07-22 02:12:33,804] {dagbag.py:487} INFO - Filling up the DagBag from /home/airflow/airflow/dags/elasticsearch_dag.py
[2021-07-22 02:12:33,850] {scheduler_job.py:643} INFO - DAG(s) dict_keys(['elasticsearch_dag']) retrieved from /home/airflow/airflow/dags/elasticsearch_dag.py
[2021-07-22 02:12:33,901] {logging_mixin.py:104} INFO - [2021-07-22 02:12:33,901] {dag.py:1832} INFO - Sync 1 DAGs
[2021-07-22 02:12:33,927] {logging_mixin.py:104} INFO - [2021-07-22 02:12:33,927] {dag.py:2305} INFO - Setting next_dagrun for elasticsearch_dag to 2021-07-22 00:00:00+00:00
[2021-07-22 02:12:33,961] {scheduler_job.py:190} INFO - Processing /home/airflow/airflow/dags/elasticsearch_dag.py took 0.163 seconds
[2021-07-22 02:13:04,301] {scheduler_job.py:182} INFO - Started process (PID=49359) to work on /home/airflow/airflow/dags/elasticsearch_dag.py
[2021-07-22 02:13:04,311] {scheduler_job.py:633} INFO - Processing file /home/airflow/airflow/dags/elasticsearch_dag.py for tasks to queue
[2021-07-22 02:13:04,312] {logging_mixin.py:104} INFO - [2021-07-22 02:13:04,312] {dagbag.py:487} INFO - Filling up the DagBag from /home/airflow/airflow/dags/elasticsearch_dag.py
[2021-07-22 02:13:04,379] {scheduler_job.py:643} INFO - DAG(s) dict_keys(['elasticsearch_dag']) retrieved from /home/airflow/airflow/dags/elasticsearch_dag.py
[2021-07-22 02:13:04,441] {logging_mixin.py:104} INFO - [2021-07-22 02:13:04,441] {dag.py:1832} INFO - Sync 1 DAGs
[2021-07-22 02:13:04,469] {logging_mixin.py:104} INFO - [2021-07-22 02:13:04,469] {dag.py:2305} INFO - Setting next_dagrun for elasticsearch_dag to 2021-07-22 00:00:00+00:00
[2021-07-22 02:13:04,488] {scheduler_job.py:190} INFO - Processing /home/airflow/airflow/dags/elasticsearch_dag.py took 0.190 seconds
[2021-07-22 02:13:34,780] {scheduler_job.py:182} INFO - Started process (PID=49403) to work on /home/airflow/airflow/dags/elasticsearch_dag.py
[2021-07-22 02:13:34,788] {scheduler_job.py:633} INFO - Processing file /home/airflow/airflow/dags/elasticsearch_dag.py for tasks to queue
[2021-07-22 02:13:34,793] {logging_mixin.py:104} INFO - [2021-07-22 02:13:34,793] {dagbag.py:487} INFO - Filling up the DagBag from /home/airflow/airflow/dags/elasticsearch_dag.py
[2021-07-22 02:13:34,875] {scheduler_job.py:643} INFO - DAG(s) dict_keys(['elasticsearch_dag']) retrieved from /home/airflow/airflow/dags/elasticsearch_dag.py
[2021-07-22 02:13:34,914] {logging_mixin.py:104} INFO - [2021-07-22 02:13:34,914] {dag.py:1832} INFO - Sync 1 DAGs
[2021-07-22 02:13:34,948] {logging_mixin.py:104} INFO - [2021-07-22 02:13:34,948] {dag.py:2305} INFO - Setting next_dagrun for elasticsearch_dag to 2021-07-22 00:00:00+00:00
[2021-07-22 02:13:34,955] {scheduler_job.py:190} INFO - Processing /home/airflow/airflow/dags/elasticsearch_dag.py took 0.179 seconds
[2021-07-22 02:14:05,240] {scheduler_job.py:182} INFO - Started process (PID=49440) to work on /home/airflow/airflow/dags/elasticsearch_dag.py
[2021-07-22 02:14:05,246] {scheduler_job.py:633} INFO - Processing file /home/airflow/airflow/dags/elasticsearch_dag.py for tasks to queue
[2021-07-22 02:14:05,250] {logging_mixin.py:104} INFO - [2021-07-22 02:14:05,250] {dagbag.py:487} INFO - Filling up the DagBag from /home/airflow/airflow/dags/elasticsearch_dag.py
[2021-07-22 02:14:05,308] {scheduler_job.py:643} INFO - DAG(s) dict_keys(['elasticsearch_dag']) retrieved from /home/airflow/airflow/dags/elasticsearch_dag.py
[2021-07-22 02:14:05,350] {logging_mixin.py:104} INFO - [2021-07-22 02:14:05,350] {dag.py:1832} INFO - Sync 1 DAGs
[2021-07-22 02:14:05,380] {logging_mixin.py:104} INFO - [2021-07-22 02:14:05,380] {dag.py:2305} INFO - Setting next_dagrun for elasticsearch_dag to 2021-07-22 00:00:00+00:00
[2021-07-22 02:14:05,394] {scheduler_job.py:190} INFO - Processing /home/airflow/airflow/dags/elasticsearch_dag.py took 0.157 seconds
[2021-07-22 02:14:35,668] {scheduler_job.py:182} INFO - Started process (PID=49478) to work on /home/airflow/airflow/dags/elasticsearch_dag.py
[2021-07-22 02:14:35,671] {scheduler_job.py:633} INFO - Processing file /home/airflow/airflow/dags/elasticsearch_dag.py for tasks to queue
[2021-07-22 02:14:35,678] {logging_mixin.py:104} INFO - [2021-07-22 02:14:35,678] {dagbag.py:487} INFO - Filling up the DagBag from /home/airflow/airflow/dags/elasticsearch_dag.py
[2021-07-22 02:14:35,738] {scheduler_job.py:643} INFO - DAG(s) dict_keys(['elasticsearch_dag']) retrieved from /home/airflow/airflow/dags/elasticsearch_dag.py
[2021-07-22 02:14:35,773] {logging_mixin.py:104} INFO - [2021-07-22 02:14:35,773] {dag.py:1832} INFO - Sync 1 DAGs
[2021-07-22 02:14:35,798] {logging_mixin.py:104} INFO - [2021-07-22 02:14:35,798] {dag.py:2305} INFO - Setting next_dagrun for elasticsearch_dag to 2021-07-22 00:00:00+00:00
[2021-07-22 02:14:35,817] {scheduler_job.py:190} INFO - Processing /home/airflow/airflow/dags/elasticsearch_dag.py took 0.151 seconds
[2021-07-22 02:15:06,095] {scheduler_job.py:182} INFO - Started process (PID=49518) to work on /home/airflow/airflow/dags/elasticsearch_dag.py
[2021-07-22 02:15:06,097] {scheduler_job.py:633} INFO - Processing file /home/airflow/airflow/dags/elasticsearch_dag.py for tasks to queue
[2021-07-22 02:15:06,102] {logging_mixin.py:104} INFO - [2021-07-22 02:15:06,102] {dagbag.py:487} INFO - Filling up the DagBag from /home/airflow/airflow/dags/elasticsearch_dag.py
[2021-07-22 02:15:06,161] {scheduler_job.py:643} INFO - DAG(s) dict_keys(['elasticsearch_dag']) retrieved from /home/airflow/airflow/dags/elasticsearch_dag.py
[2021-07-22 02:15:06,197] {logging_mixin.py:104} INFO - [2021-07-22 02:15:06,196] {dag.py:1832} INFO - Sync 1 DAGs
[2021-07-22 02:15:06,235] {logging_mixin.py:104} INFO - [2021-07-22 02:15:06,235] {dag.py:2305} INFO - Setting next_dagrun for elasticsearch_dag to 2021-07-22 00:00:00+00:00
[2021-07-22 02:15:06,248] {scheduler_job.py:190} INFO - Processing /home/airflow/airflow/dags/elasticsearch_dag.py took 0.155 seconds
[2021-07-22 02:15:36,548] {scheduler_job.py:182} INFO - Started process (PID=49561) to work on /home/airflow/airflow/dags/elasticsearch_dag.py
[2021-07-22 02:15:36,550] {scheduler_job.py:633} INFO - Processing file /home/airflow/airflow/dags/elasticsearch_dag.py for tasks to queue
[2021-07-22 02:15:36,558] {logging_mixin.py:104} INFO - [2021-07-22 02:15:36,558] {dagbag.py:487} INFO - Filling up the DagBag from /home/airflow/airflow/dags/elasticsearch_dag.py
[2021-07-22 02:15:36,625] {scheduler_job.py:643} INFO - DAG(s) dict_keys(['elasticsearch_dag']) retrieved from /home/airflow/airflow/dags/elasticsearch_dag.py
[2021-07-22 02:15:36,661] {logging_mixin.py:104} INFO - [2021-07-22 02:15:36,660] {dag.py:1832} INFO - Sync 1 DAGs
[2021-07-22 02:15:36,689] {logging_mixin.py:104} INFO - [2021-07-22 02:15:36,688] {dag.py:2305} INFO - Setting next_dagrun for elasticsearch_dag to 2021-07-22 00:00:00+00:00
[2021-07-22 02:15:36,701] {scheduler_job.py:190} INFO - Processing /home/airflow/airflow/dags/elasticsearch_dag.py took 0.156 seconds
[2021-07-22 02:16:07,008] {scheduler_job.py:182} INFO - Started process (PID=49635) to work on /home/airflow/airflow/dags/elasticsearch_dag.py
[2021-07-22 02:16:07,013] {scheduler_job.py:633} INFO - Processing file /home/airflow/airflow/dags/elasticsearch_dag.py for tasks to queue
[2021-07-22 02:16:07,019] {logging_mixin.py:104} INFO - [2021-07-22 02:16:07,019] {dagbag.py:487} INFO - Filling up the DagBag from /home/airflow/airflow/dags/elasticsearch_dag.py
[2021-07-22 02:16:07,096] {scheduler_job.py:643} INFO - DAG(s) dict_keys(['elasticsearch_dag']) retrieved from /home/airflow/airflow/dags/elasticsearch_dag.py
[2021-07-22 02:16:07,137] {logging_mixin.py:104} INFO - [2021-07-22 02:16:07,137] {dag.py:1832} INFO - Sync 1 DAGs
[2021-07-22 02:16:07,170] {logging_mixin.py:104} INFO - [2021-07-22 02:16:07,170] {dag.py:2305} INFO - Setting next_dagrun for elasticsearch_dag to 2021-07-22 00:00:00+00:00
[2021-07-22 02:16:07,189] {scheduler_job.py:190} INFO - Processing /home/airflow/airflow/dags/elasticsearch_dag.py took 0.183 seconds
