[2021-07-22 02:03:55,846] {scheduler_job.py:182} INFO - Started process (PID=48166) to work on /home/airflow/airflow/dags/xcom_dag.py
[2021-07-22 02:03:55,847] {scheduler_job.py:633} INFO - Processing file /home/airflow/airflow/dags/xcom_dag.py for tasks to queue
[2021-07-22 02:03:55,848] {logging_mixin.py:104} INFO - [2021-07-22 02:03:55,848] {dagbag.py:487} INFO - Filling up the DagBag from /home/airflow/airflow/dags/xcom_dag.py
[2021-07-22 02:03:55,869] {scheduler_job.py:643} INFO - DAG(s) dict_keys(['xcom_dag']) retrieved from /home/airflow/airflow/dags/xcom_dag.py
[2021-07-22 02:03:55,951] {logging_mixin.py:104} INFO - [2021-07-22 02:03:55,950] {dag.py:1832} INFO - Sync 1 DAGs
[2021-07-22 02:03:56,009] {logging_mixin.py:104} INFO - [2021-07-22 02:03:56,009] {dag.py:2305} INFO - Setting next_dagrun for xcom_dag to 2021-07-21 00:00:00+00:00
[2021-07-22 02:03:56,060] {scheduler_job.py:190} INFO - Processing /home/airflow/airflow/dags/xcom_dag.py took 0.226 seconds
[2021-07-22 02:04:26,379] {scheduler_job.py:182} INFO - Started process (PID=48264) to work on /home/airflow/airflow/dags/xcom_dag.py
[2021-07-22 02:04:26,389] {scheduler_job.py:633} INFO - Processing file /home/airflow/airflow/dags/xcom_dag.py for tasks to queue
[2021-07-22 02:04:26,392] {logging_mixin.py:104} INFO - [2021-07-22 02:04:26,392] {dagbag.py:487} INFO - Filling up the DagBag from /home/airflow/airflow/dags/xcom_dag.py
[2021-07-22 02:04:26,484] {scheduler_job.py:643} INFO - DAG(s) dict_keys(['xcom_dag']) retrieved from /home/airflow/airflow/dags/xcom_dag.py
[2021-07-22 02:04:26,629] {logging_mixin.py:104} INFO - [2021-07-22 02:04:26,629] {dag.py:1832} INFO - Sync 1 DAGs
[2021-07-22 02:04:26,770] {logging_mixin.py:104} INFO - [2021-07-22 02:04:26,770] {dag.py:2305} INFO - Setting next_dagrun for xcom_dag to 2021-07-21 00:00:00+00:00
[2021-07-22 02:04:26,834] {scheduler_job.py:190} INFO - Processing /home/airflow/airflow/dags/xcom_dag.py took 0.481 seconds
[2021-07-22 02:04:56,952] {scheduler_job.py:182} INFO - Started process (PID=48503) to work on /home/airflow/airflow/dags/xcom_dag.py
[2021-07-22 02:04:56,956] {scheduler_job.py:633} INFO - Processing file /home/airflow/airflow/dags/xcom_dag.py for tasks to queue
[2021-07-22 02:04:56,957] {logging_mixin.py:104} INFO - [2021-07-22 02:04:56,957] {dagbag.py:487} INFO - Filling up the DagBag from /home/airflow/airflow/dags/xcom_dag.py
[2021-07-22 02:04:56,978] {scheduler_job.py:643} INFO - DAG(s) dict_keys(['xcom_dag']) retrieved from /home/airflow/airflow/dags/xcom_dag.py
[2021-07-22 02:04:57,019] {logging_mixin.py:104} INFO - [2021-07-22 02:04:57,019] {dag.py:1832} INFO - Sync 1 DAGs
[2021-07-22 02:04:57,073] {logging_mixin.py:104} INFO - [2021-07-22 02:04:57,073] {dag.py:2305} INFO - Setting next_dagrun for xcom_dag to 2021-07-21 00:00:00+00:00
[2021-07-22 02:04:57,087] {scheduler_job.py:190} INFO - Processing /home/airflow/airflow/dags/xcom_dag.py took 0.140 seconds
[2021-07-22 02:05:27,428] {scheduler_job.py:182} INFO - Started process (PID=48545) to work on /home/airflow/airflow/dags/xcom_dag.py
[2021-07-22 02:05:27,430] {scheduler_job.py:633} INFO - Processing file /home/airflow/airflow/dags/xcom_dag.py for tasks to queue
[2021-07-22 02:05:27,432] {logging_mixin.py:104} INFO - [2021-07-22 02:05:27,432] {dagbag.py:487} INFO - Filling up the DagBag from /home/airflow/airflow/dags/xcom_dag.py
[2021-07-22 02:05:27,466] {scheduler_job.py:643} INFO - DAG(s) dict_keys(['xcom_dag']) retrieved from /home/airflow/airflow/dags/xcom_dag.py
[2021-07-22 02:05:27,509] {logging_mixin.py:104} INFO - [2021-07-22 02:05:27,509] {dag.py:1832} INFO - Sync 1 DAGs
[2021-07-22 02:05:27,547] {logging_mixin.py:104} INFO - [2021-07-22 02:05:27,547] {dag.py:2305} INFO - Setting next_dagrun for xcom_dag to 2021-07-21 00:00:00+00:00
[2021-07-22 02:05:27,569] {scheduler_job.py:190} INFO - Processing /home/airflow/airflow/dags/xcom_dag.py took 0.149 seconds
[2021-07-22 02:05:57,908] {scheduler_job.py:182} INFO - Started process (PID=48582) to work on /home/airflow/airflow/dags/xcom_dag.py
[2021-07-22 02:05:57,915] {scheduler_job.py:633} INFO - Processing file /home/airflow/airflow/dags/xcom_dag.py for tasks to queue
[2021-07-22 02:05:57,918] {logging_mixin.py:104} INFO - [2021-07-22 02:05:57,918] {dagbag.py:487} INFO - Filling up the DagBag from /home/airflow/airflow/dags/xcom_dag.py
[2021-07-22 02:05:57,945] {scheduler_job.py:643} INFO - DAG(s) dict_keys(['xcom_dag']) retrieved from /home/airflow/airflow/dags/xcom_dag.py
[2021-07-22 02:05:58,004] {logging_mixin.py:104} INFO - [2021-07-22 02:05:58,004] {dag.py:1832} INFO - Sync 1 DAGs
[2021-07-22 02:05:58,047] {logging_mixin.py:104} INFO - [2021-07-22 02:05:58,047] {dag.py:2305} INFO - Setting next_dagrun for xcom_dag to 2021-07-21 00:00:00+00:00
[2021-07-22 02:05:58,077] {scheduler_job.py:190} INFO - Processing /home/airflow/airflow/dags/xcom_dag.py took 0.177 seconds
[2021-07-22 02:06:28,436] {scheduler_job.py:182} INFO - Started process (PID=48641) to work on /home/airflow/airflow/dags/xcom_dag.py
[2021-07-22 02:06:28,440] {scheduler_job.py:633} INFO - Processing file /home/airflow/airflow/dags/xcom_dag.py for tasks to queue
[2021-07-22 02:06:28,441] {logging_mixin.py:104} INFO - [2021-07-22 02:06:28,441] {dagbag.py:487} INFO - Filling up the DagBag from /home/airflow/airflow/dags/xcom_dag.py
[2021-07-22 02:06:28,461] {scheduler_job.py:643} INFO - DAG(s) dict_keys(['xcom_dag']) retrieved from /home/airflow/airflow/dags/xcom_dag.py
[2021-07-22 02:06:28,506] {logging_mixin.py:104} INFO - [2021-07-22 02:06:28,506] {dag.py:1832} INFO - Sync 1 DAGs
[2021-07-22 02:06:28,542] {logging_mixin.py:104} INFO - [2021-07-22 02:06:28,542] {dag.py:2305} INFO - Setting next_dagrun for xcom_dag to 2021-07-21 00:00:00+00:00
[2021-07-22 02:06:28,554] {scheduler_job.py:190} INFO - Processing /home/airflow/airflow/dags/xcom_dag.py took 0.122 seconds
[2021-07-22 02:06:58,848] {scheduler_job.py:182} INFO - Started process (PID=48679) to work on /home/airflow/airflow/dags/xcom_dag.py
[2021-07-22 02:06:58,850] {scheduler_job.py:633} INFO - Processing file /home/airflow/airflow/dags/xcom_dag.py for tasks to queue
[2021-07-22 02:06:58,854] {logging_mixin.py:104} INFO - [2021-07-22 02:06:58,853] {dagbag.py:487} INFO - Filling up the DagBag from /home/airflow/airflow/dags/xcom_dag.py
[2021-07-22 02:06:58,872] {scheduler_job.py:643} INFO - DAG(s) dict_keys(['xcom_dag']) retrieved from /home/airflow/airflow/dags/xcom_dag.py
[2021-07-22 02:06:58,923] {logging_mixin.py:104} INFO - [2021-07-22 02:06:58,923] {dag.py:1832} INFO - Sync 1 DAGs
[2021-07-22 02:06:58,953] {logging_mixin.py:104} INFO - [2021-07-22 02:06:58,953] {dag.py:2305} INFO - Setting next_dagrun for xcom_dag to 2021-07-21 00:00:00+00:00
[2021-07-22 02:06:58,968] {scheduler_job.py:190} INFO - Processing /home/airflow/airflow/dags/xcom_dag.py took 0.124 seconds
[2021-07-22 02:07:29,292] {scheduler_job.py:182} INFO - Started process (PID=48718) to work on /home/airflow/airflow/dags/xcom_dag.py
[2021-07-22 02:07:29,298] {scheduler_job.py:633} INFO - Processing file /home/airflow/airflow/dags/xcom_dag.py for tasks to queue
[2021-07-22 02:07:29,299] {logging_mixin.py:104} INFO - [2021-07-22 02:07:29,299] {dagbag.py:487} INFO - Filling up the DagBag from /home/airflow/airflow/dags/xcom_dag.py
[2021-07-22 02:07:29,316] {scheduler_job.py:643} INFO - DAG(s) dict_keys(['xcom_dag']) retrieved from /home/airflow/airflow/dags/xcom_dag.py
[2021-07-22 02:07:29,365] {logging_mixin.py:104} INFO - [2021-07-22 02:07:29,365] {dag.py:1832} INFO - Sync 1 DAGs
[2021-07-22 02:07:29,398] {logging_mixin.py:104} INFO - [2021-07-22 02:07:29,398] {dag.py:2305} INFO - Setting next_dagrun for xcom_dag to 2021-07-21 00:00:00+00:00
[2021-07-22 02:07:29,420] {scheduler_job.py:190} INFO - Processing /home/airflow/airflow/dags/xcom_dag.py took 0.131 seconds
[2021-07-22 02:07:59,716] {scheduler_job.py:182} INFO - Started process (PID=48755) to work on /home/airflow/airflow/dags/xcom_dag.py
[2021-07-22 02:07:59,720] {scheduler_job.py:633} INFO - Processing file /home/airflow/airflow/dags/xcom_dag.py for tasks to queue
[2021-07-22 02:07:59,723] {logging_mixin.py:104} INFO - [2021-07-22 02:07:59,723] {dagbag.py:487} INFO - Filling up the DagBag from /home/airflow/airflow/dags/xcom_dag.py
[2021-07-22 02:07:59,753] {scheduler_job.py:643} INFO - DAG(s) dict_keys(['xcom_dag']) retrieved from /home/airflow/airflow/dags/xcom_dag.py
[2021-07-22 02:07:59,825] {logging_mixin.py:104} INFO - [2021-07-22 02:07:59,825] {dag.py:1832} INFO - Sync 1 DAGs
[2021-07-22 02:07:59,867] {logging_mixin.py:104} INFO - [2021-07-22 02:07:59,867] {dag.py:2305} INFO - Setting next_dagrun for xcom_dag to 2021-07-21 00:00:00+00:00
[2021-07-22 02:07:59,891] {scheduler_job.py:190} INFO - Processing /home/airflow/airflow/dags/xcom_dag.py took 0.179 seconds
[2021-07-22 02:08:30,216] {scheduler_job.py:182} INFO - Started process (PID=48796) to work on /home/airflow/airflow/dags/xcom_dag.py
[2021-07-22 02:08:30,221] {scheduler_job.py:633} INFO - Processing file /home/airflow/airflow/dags/xcom_dag.py for tasks to queue
[2021-07-22 02:08:30,222] {logging_mixin.py:104} INFO - [2021-07-22 02:08:30,222] {dagbag.py:487} INFO - Filling up the DagBag from /home/airflow/airflow/dags/xcom_dag.py
[2021-07-22 02:08:30,245] {scheduler_job.py:643} INFO - DAG(s) dict_keys(['xcom_dag']) retrieved from /home/airflow/airflow/dags/xcom_dag.py
[2021-07-22 02:08:30,285] {logging_mixin.py:104} INFO - [2021-07-22 02:08:30,285] {dag.py:1832} INFO - Sync 1 DAGs
[2021-07-22 02:08:30,323] {logging_mixin.py:104} INFO - [2021-07-22 02:08:30,323] {dag.py:2305} INFO - Setting next_dagrun for xcom_dag to 2021-07-21 00:00:00+00:00
[2021-07-22 02:08:30,340] {scheduler_job.py:190} INFO - Processing /home/airflow/airflow/dags/xcom_dag.py took 0.127 seconds
[2021-07-22 02:09:00,688] {scheduler_job.py:182} INFO - Started process (PID=48833) to work on /home/airflow/airflow/dags/xcom_dag.py
[2021-07-22 02:09:00,690] {scheduler_job.py:633} INFO - Processing file /home/airflow/airflow/dags/xcom_dag.py for tasks to queue
[2021-07-22 02:09:00,693] {logging_mixin.py:104} INFO - [2021-07-22 02:09:00,693] {dagbag.py:487} INFO - Filling up the DagBag from /home/airflow/airflow/dags/xcom_dag.py
[2021-07-22 02:09:00,713] {scheduler_job.py:643} INFO - DAG(s) dict_keys(['xcom_dag']) retrieved from /home/airflow/airflow/dags/xcom_dag.py
[2021-07-22 02:09:00,757] {logging_mixin.py:104} INFO - [2021-07-22 02:09:00,757] {dag.py:1832} INFO - Sync 1 DAGs
[2021-07-22 02:09:00,787] {logging_mixin.py:104} INFO - [2021-07-22 02:09:00,787] {dag.py:2305} INFO - Setting next_dagrun for xcom_dag to 2021-07-21 00:00:00+00:00
[2021-07-22 02:09:00,805] {scheduler_job.py:190} INFO - Processing /home/airflow/airflow/dags/xcom_dag.py took 0.122 seconds
[2021-07-22 02:09:31,153] {scheduler_job.py:182} INFO - Started process (PID=48870) to work on /home/airflow/airflow/dags/xcom_dag.py
[2021-07-22 02:09:31,159] {scheduler_job.py:633} INFO - Processing file /home/airflow/airflow/dags/xcom_dag.py for tasks to queue
[2021-07-22 02:09:31,161] {logging_mixin.py:104} INFO - [2021-07-22 02:09:31,161] {dagbag.py:487} INFO - Filling up the DagBag from /home/airflow/airflow/dags/xcom_dag.py
[2021-07-22 02:09:31,189] {scheduler_job.py:643} INFO - DAG(s) dict_keys(['xcom_dag']) retrieved from /home/airflow/airflow/dags/xcom_dag.py
[2021-07-22 02:09:31,254] {logging_mixin.py:104} INFO - [2021-07-22 02:09:31,254] {dag.py:1832} INFO - Sync 1 DAGs
[2021-07-22 02:09:31,297] {logging_mixin.py:104} INFO - [2021-07-22 02:09:31,297] {dag.py:2305} INFO - Setting next_dagrun for xcom_dag to 2021-07-21 00:00:00+00:00
[2021-07-22 02:09:31,317] {scheduler_job.py:190} INFO - Processing /home/airflow/airflow/dags/xcom_dag.py took 0.167 seconds
[2021-07-22 02:10:01,676] {scheduler_job.py:182} INFO - Started process (PID=48946) to work on /home/airflow/airflow/dags/xcom_dag.py
[2021-07-22 02:10:01,682] {scheduler_job.py:633} INFO - Processing file /home/airflow/airflow/dags/xcom_dag.py for tasks to queue
[2021-07-22 02:10:01,683] {logging_mixin.py:104} INFO - [2021-07-22 02:10:01,683] {dagbag.py:487} INFO - Filling up the DagBag from /home/airflow/airflow/dags/xcom_dag.py
[2021-07-22 02:10:01,707] {scheduler_job.py:643} INFO - DAG(s) dict_keys(['xcom_dag']) retrieved from /home/airflow/airflow/dags/xcom_dag.py
[2021-07-22 02:10:01,750] {logging_mixin.py:104} INFO - [2021-07-22 02:10:01,749] {dag.py:1832} INFO - Sync 1 DAGs
[2021-07-22 02:10:01,784] {logging_mixin.py:104} INFO - [2021-07-22 02:10:01,778] {dag.py:2305} INFO - Setting next_dagrun for xcom_dag to 2021-07-21 00:00:00+00:00
[2021-07-22 02:10:01,795] {scheduler_job.py:190} INFO - Processing /home/airflow/airflow/dags/xcom_dag.py took 0.122 seconds
[2021-07-22 02:10:32,086] {scheduler_job.py:182} INFO - Started process (PID=49037) to work on /home/airflow/airflow/dags/xcom_dag.py
[2021-07-22 02:10:32,090] {scheduler_job.py:633} INFO - Processing file /home/airflow/airflow/dags/xcom_dag.py for tasks to queue
[2021-07-22 02:10:32,093] {logging_mixin.py:104} INFO - [2021-07-22 02:10:32,093] {dagbag.py:487} INFO - Filling up the DagBag from /home/airflow/airflow/dags/xcom_dag.py
[2021-07-22 02:10:32,119] {scheduler_job.py:643} INFO - DAG(s) dict_keys(['xcom_dag']) retrieved from /home/airflow/airflow/dags/xcom_dag.py
[2021-07-22 02:10:32,162] {logging_mixin.py:104} INFO - [2021-07-22 02:10:32,162] {dag.py:1832} INFO - Sync 1 DAGs
[2021-07-22 02:10:32,194] {logging_mixin.py:104} INFO - [2021-07-22 02:10:32,194] {dag.py:2305} INFO - Setting next_dagrun for xcom_dag to 2021-07-21 00:00:00+00:00
[2021-07-22 02:10:32,214] {scheduler_job.py:190} INFO - Processing /home/airflow/airflow/dags/xcom_dag.py took 0.132 seconds
[2021-07-22 02:11:02,529] {scheduler_job.py:182} INFO - Started process (PID=49112) to work on /home/airflow/airflow/dags/xcom_dag.py
[2021-07-22 02:11:02,535] {scheduler_job.py:633} INFO - Processing file /home/airflow/airflow/dags/xcom_dag.py for tasks to queue
[2021-07-22 02:11:02,537] {logging_mixin.py:104} INFO - [2021-07-22 02:11:02,537] {dagbag.py:487} INFO - Filling up the DagBag from /home/airflow/airflow/dags/xcom_dag.py
[2021-07-22 02:11:02,564] {scheduler_job.py:643} INFO - DAG(s) dict_keys(['xcom_dag']) retrieved from /home/airflow/airflow/dags/xcom_dag.py
[2021-07-22 02:11:02,607] {logging_mixin.py:104} INFO - [2021-07-22 02:11:02,606] {dag.py:1832} INFO - Sync 1 DAGs
[2021-07-22 02:11:02,644] {logging_mixin.py:104} INFO - [2021-07-22 02:11:02,644] {dag.py:2305} INFO - Setting next_dagrun for xcom_dag to 2021-07-21 00:00:00+00:00
[2021-07-22 02:11:02,656] {scheduler_job.py:190} INFO - Processing /home/airflow/airflow/dags/xcom_dag.py took 0.130 seconds
[2021-07-22 02:11:32,955] {scheduler_job.py:182} INFO - Started process (PID=49175) to work on /home/airflow/airflow/dags/xcom_dag.py
[2021-07-22 02:11:32,963] {scheduler_job.py:633} INFO - Processing file /home/airflow/airflow/dags/xcom_dag.py for tasks to queue
[2021-07-22 02:11:32,966] {logging_mixin.py:104} INFO - [2021-07-22 02:11:32,965] {dagbag.py:487} INFO - Filling up the DagBag from /home/airflow/airflow/dags/xcom_dag.py
[2021-07-22 02:11:32,985] {scheduler_job.py:643} INFO - DAG(s) dict_keys(['xcom_dag']) retrieved from /home/airflow/airflow/dags/xcom_dag.py
[2021-07-22 02:11:33,036] {logging_mixin.py:104} INFO - [2021-07-22 02:11:33,036] {dag.py:1832} INFO - Sync 1 DAGs
[2021-07-22 02:11:33,070] {logging_mixin.py:104} INFO - [2021-07-22 02:11:33,070] {dag.py:2305} INFO - Setting next_dagrun for xcom_dag to 2021-07-21 00:00:00+00:00
[2021-07-22 02:11:33,086] {scheduler_job.py:190} INFO - Processing /home/airflow/airflow/dags/xcom_dag.py took 0.134 seconds
[2021-07-22 02:12:03,373] {scheduler_job.py:182} INFO - Started process (PID=49218) to work on /home/airflow/airflow/dags/xcom_dag.py
[2021-07-22 02:12:03,379] {scheduler_job.py:633} INFO - Processing file /home/airflow/airflow/dags/xcom_dag.py for tasks to queue
[2021-07-22 02:12:03,379] {logging_mixin.py:104} INFO - [2021-07-22 02:12:03,379] {dagbag.py:487} INFO - Filling up the DagBag from /home/airflow/airflow/dags/xcom_dag.py
[2021-07-22 02:12:03,402] {scheduler_job.py:643} INFO - DAG(s) dict_keys(['xcom_dag']) retrieved from /home/airflow/airflow/dags/xcom_dag.py
[2021-07-22 02:12:03,443] {logging_mixin.py:104} INFO - [2021-07-22 02:12:03,443] {dag.py:1832} INFO - Sync 1 DAGs
[2021-07-22 02:12:03,474] {logging_mixin.py:104} INFO - [2021-07-22 02:12:03,473] {dag.py:2305} INFO - Setting next_dagrun for xcom_dag to 2021-07-21 00:00:00+00:00
[2021-07-22 02:12:03,498] {scheduler_job.py:190} INFO - Processing /home/airflow/airflow/dags/xcom_dag.py took 0.128 seconds
[2021-07-22 02:12:33,834] {scheduler_job.py:182} INFO - Started process (PID=49293) to work on /home/airflow/airflow/dags/xcom_dag.py
[2021-07-22 02:12:33,835] {scheduler_job.py:633} INFO - Processing file /home/airflow/airflow/dags/xcom_dag.py for tasks to queue
[2021-07-22 02:12:33,836] {logging_mixin.py:104} INFO - [2021-07-22 02:12:33,836] {dagbag.py:487} INFO - Filling up the DagBag from /home/airflow/airflow/dags/xcom_dag.py
[2021-07-22 02:12:33,856] {scheduler_job.py:643} INFO - DAG(s) dict_keys(['xcom_dag']) retrieved from /home/airflow/airflow/dags/xcom_dag.py
[2021-07-22 02:12:33,906] {logging_mixin.py:104} INFO - [2021-07-22 02:12:33,906] {dag.py:1832} INFO - Sync 1 DAGs
[2021-07-22 02:12:33,954] {logging_mixin.py:104} INFO - [2021-07-22 02:12:33,954] {dag.py:2305} INFO - Setting next_dagrun for xcom_dag to 2021-07-21 00:00:00+00:00
[2021-07-22 02:12:33,981] {scheduler_job.py:190} INFO - Processing /home/airflow/airflow/dags/xcom_dag.py took 0.156 seconds
[2021-07-22 02:13:04,316] {scheduler_job.py:182} INFO - Started process (PID=49360) to work on /home/airflow/airflow/dags/xcom_dag.py
[2021-07-22 02:13:04,322] {scheduler_job.py:633} INFO - Processing file /home/airflow/airflow/dags/xcom_dag.py for tasks to queue
[2021-07-22 02:13:04,324] {logging_mixin.py:104} INFO - [2021-07-22 02:13:04,324] {dagbag.py:487} INFO - Filling up the DagBag from /home/airflow/airflow/dags/xcom_dag.py
[2021-07-22 02:13:04,348] {scheduler_job.py:643} INFO - DAG(s) dict_keys(['xcom_dag']) retrieved from /home/airflow/airflow/dags/xcom_dag.py
[2021-07-22 02:13:04,429] {logging_mixin.py:104} INFO - [2021-07-22 02:13:04,429] {dag.py:1832} INFO - Sync 1 DAGs
[2021-07-22 02:13:04,465] {logging_mixin.py:104} INFO - [2021-07-22 02:13:04,465] {dag.py:2305} INFO - Setting next_dagrun for xcom_dag to 2021-07-21 00:00:00+00:00
[2021-07-22 02:13:04,480] {scheduler_job.py:190} INFO - Processing /home/airflow/airflow/dags/xcom_dag.py took 0.175 seconds
[2021-07-22 02:13:34,796] {scheduler_job.py:182} INFO - Started process (PID=49404) to work on /home/airflow/airflow/dags/xcom_dag.py
[2021-07-22 02:13:34,798] {scheduler_job.py:633} INFO - Processing file /home/airflow/airflow/dags/xcom_dag.py for tasks to queue
[2021-07-22 02:13:34,801] {logging_mixin.py:104} INFO - [2021-07-22 02:13:34,800] {dagbag.py:487} INFO - Filling up the DagBag from /home/airflow/airflow/dags/xcom_dag.py
[2021-07-22 02:13:34,828] {scheduler_job.py:643} INFO - DAG(s) dict_keys(['xcom_dag']) retrieved from /home/airflow/airflow/dags/xcom_dag.py
[2021-07-22 02:13:34,878] {logging_mixin.py:104} INFO - [2021-07-22 02:13:34,878] {dag.py:1832} INFO - Sync 1 DAGs
[2021-07-22 02:13:34,913] {logging_mixin.py:104} INFO - [2021-07-22 02:13:34,913] {dag.py:2305} INFO - Setting next_dagrun for xcom_dag to 2021-07-21 00:00:00+00:00
[2021-07-22 02:13:34,932] {scheduler_job.py:190} INFO - Processing /home/airflow/airflow/dags/xcom_dag.py took 0.147 seconds
[2021-07-22 02:14:05,248] {scheduler_job.py:182} INFO - Started process (PID=49441) to work on /home/airflow/airflow/dags/xcom_dag.py
[2021-07-22 02:14:05,255] {scheduler_job.py:633} INFO - Processing file /home/airflow/airflow/dags/xcom_dag.py for tasks to queue
[2021-07-22 02:14:05,256] {logging_mixin.py:104} INFO - [2021-07-22 02:14:05,256] {dagbag.py:487} INFO - Filling up the DagBag from /home/airflow/airflow/dags/xcom_dag.py
[2021-07-22 02:14:05,273] {scheduler_job.py:643} INFO - DAG(s) dict_keys(['xcom_dag']) retrieved from /home/airflow/airflow/dags/xcom_dag.py
[2021-07-22 02:14:05,320] {logging_mixin.py:104} INFO - [2021-07-22 02:14:05,320] {dag.py:1832} INFO - Sync 1 DAGs
[2021-07-22 02:14:05,355] {logging_mixin.py:104} INFO - [2021-07-22 02:14:05,355] {dag.py:2305} INFO - Setting next_dagrun for xcom_dag to 2021-07-21 00:00:00+00:00
[2021-07-22 02:14:05,374] {scheduler_job.py:190} INFO - Processing /home/airflow/airflow/dags/xcom_dag.py took 0.131 seconds
[2021-07-22 02:14:35,683] {scheduler_job.py:182} INFO - Started process (PID=49479) to work on /home/airflow/airflow/dags/xcom_dag.py
[2021-07-22 02:14:35,684] {scheduler_job.py:633} INFO - Processing file /home/airflow/airflow/dags/xcom_dag.py for tasks to queue
[2021-07-22 02:14:35,685] {logging_mixin.py:104} INFO - [2021-07-22 02:14:35,685] {dagbag.py:487} INFO - Filling up the DagBag from /home/airflow/airflow/dags/xcom_dag.py
[2021-07-22 02:14:35,710] {scheduler_job.py:643} INFO - DAG(s) dict_keys(['xcom_dag']) retrieved from /home/airflow/airflow/dags/xcom_dag.py
[2021-07-22 02:14:35,753] {logging_mixin.py:104} INFO - [2021-07-22 02:14:35,752] {dag.py:1832} INFO - Sync 1 DAGs
[2021-07-22 02:14:35,786] {logging_mixin.py:104} INFO - [2021-07-22 02:14:35,786] {dag.py:2305} INFO - Setting next_dagrun for xcom_dag to 2021-07-21 00:00:00+00:00
[2021-07-22 02:14:35,801] {scheduler_job.py:190} INFO - Processing /home/airflow/airflow/dags/xcom_dag.py took 0.126 seconds
[2021-07-22 02:15:06,107] {scheduler_job.py:182} INFO - Started process (PID=49519) to work on /home/airflow/airflow/dags/xcom_dag.py
[2021-07-22 02:15:06,109] {scheduler_job.py:633} INFO - Processing file /home/airflow/airflow/dags/xcom_dag.py for tasks to queue
[2021-07-22 02:15:06,110] {logging_mixin.py:104} INFO - [2021-07-22 02:15:06,110] {dagbag.py:487} INFO - Filling up the DagBag from /home/airflow/airflow/dags/xcom_dag.py
[2021-07-22 02:15:06,132] {scheduler_job.py:643} INFO - DAG(s) dict_keys(['xcom_dag']) retrieved from /home/airflow/airflow/dags/xcom_dag.py
[2021-07-22 02:15:06,171] {logging_mixin.py:104} INFO - [2021-07-22 02:15:06,171] {dag.py:1832} INFO - Sync 1 DAGs
[2021-07-22 02:15:06,218] {logging_mixin.py:104} INFO - [2021-07-22 02:15:06,210] {dag.py:2305} INFO - Setting next_dagrun for xcom_dag to 2021-07-21 00:00:00+00:00
[2021-07-22 02:15:06,241] {scheduler_job.py:190} INFO - Processing /home/airflow/airflow/dags/xcom_dag.py took 0.142 seconds
[2021-07-22 02:15:36,566] {scheduler_job.py:182} INFO - Started process (PID=49562) to work on /home/airflow/airflow/dags/xcom_dag.py
[2021-07-22 02:15:36,568] {scheduler_job.py:633} INFO - Processing file /home/airflow/airflow/dags/xcom_dag.py for tasks to queue
[2021-07-22 02:15:36,568] {logging_mixin.py:104} INFO - [2021-07-22 02:15:36,568] {dagbag.py:487} INFO - Filling up the DagBag from /home/airflow/airflow/dags/xcom_dag.py
[2021-07-22 02:15:36,593] {scheduler_job.py:643} INFO - DAG(s) dict_keys(['xcom_dag']) retrieved from /home/airflow/airflow/dags/xcom_dag.py
[2021-07-22 02:15:36,643] {logging_mixin.py:104} INFO - [2021-07-22 02:15:36,643] {dag.py:1832} INFO - Sync 1 DAGs
[2021-07-22 02:15:36,672] {logging_mixin.py:104} INFO - [2021-07-22 02:15:36,672] {dag.py:2305} INFO - Setting next_dagrun for xcom_dag to 2021-07-21 00:00:00+00:00
[2021-07-22 02:15:36,685] {scheduler_job.py:190} INFO - Processing /home/airflow/airflow/dags/xcom_dag.py took 0.133 seconds
[2021-07-22 02:16:07,021] {scheduler_job.py:182} INFO - Started process (PID=49636) to work on /home/airflow/airflow/dags/xcom_dag.py
[2021-07-22 02:16:07,028] {scheduler_job.py:633} INFO - Processing file /home/airflow/airflow/dags/xcom_dag.py for tasks to queue
[2021-07-22 02:16:07,030] {logging_mixin.py:104} INFO - [2021-07-22 02:16:07,030] {dagbag.py:487} INFO - Filling up the DagBag from /home/airflow/airflow/dags/xcom_dag.py
[2021-07-22 02:16:07,063] {scheduler_job.py:643} INFO - DAG(s) dict_keys(['xcom_dag']) retrieved from /home/airflow/airflow/dags/xcom_dag.py
[2021-07-22 02:16:07,119] {logging_mixin.py:104} INFO - [2021-07-22 02:16:07,118] {dag.py:1832} INFO - Sync 1 DAGs
[2021-07-22 02:16:07,150] {logging_mixin.py:104} INFO - [2021-07-22 02:16:07,149] {dag.py:2305} INFO - Setting next_dagrun for xcom_dag to 2021-07-21 00:00:00+00:00
[2021-07-22 02:16:07,164] {scheduler_job.py:190} INFO - Processing /home/airflow/airflow/dags/xcom_dag.py took 0.153 seconds
