[2021-07-20 16:37:25,340] {taskinstance.py:876} INFO - Dependencies all met for <TaskInstance: xcom_dag.processing_tasks.training_model_c 2021-07-20T16:37:19.490319+00:00 [queued]>
[2021-07-20 16:37:25,492] {taskinstance.py:876} INFO - Dependencies all met for <TaskInstance: xcom_dag.processing_tasks.training_model_c 2021-07-20T16:37:19.490319+00:00 [queued]>
[2021-07-20 16:37:25,496] {taskinstance.py:1067} INFO - 
--------------------------------------------------------------------------------
[2021-07-20 16:37:25,498] {taskinstance.py:1068} INFO - Starting attempt 1 of 1
[2021-07-20 16:37:25,499] {taskinstance.py:1069} INFO - 
--------------------------------------------------------------------------------
[2021-07-20 16:37:25,574] {taskinstance.py:1087} INFO - Executing <Task(PythonOperator): processing_tasks.training_model_c> on 2021-07-20T16:37:19.490319+00:00
[2021-07-20 16:37:25,582] {standard_task_runner.py:52} INFO - Started process 11271 to run task
[2021-07-20 16:37:25,650] {standard_task_runner.py:76} INFO - Running: ['airflow', 'tasks', 'run', 'xcom_dag', 'processing_tasks.training_model_c', '2021-07-20T16:37:19.490319+00:00', '--job-id', '265', '--pool', 'default_pool', '--raw', '--subdir', 'DAGS_FOLDER/xcom_dag.py', '--cfg-path', '/tmp/tmpn14kvb7e', '--error-file', '/tmp/tmppfpstxo2']
[2021-07-20 16:37:25,664] {standard_task_runner.py:77} INFO - Job 265: Subtask processing_tasks.training_model_c
[2021-07-20 16:37:25,958] {logging_mixin.py:104} INFO - Running <TaskInstance: xcom_dag.processing_tasks.training_model_c 2021-07-20T16:37:19.490319+00:00 [running]> on host airflowvm
[2021-07-20 16:37:26,684] {taskinstance.py:1280} INFO - Exporting the following env vars:
AIRFLOW_CTX_DAG_OWNER=airflow
AIRFLOW_CTX_DAG_ID=xcom_dag
AIRFLOW_CTX_TASK_ID=processing_tasks.training_model_c
AIRFLOW_CTX_EXECUTION_DATE=2021-07-20T16:37:19.490319+00:00
AIRFLOW_CTX_DAG_RUN_ID=manual__2021-07-20T16:37:19.490319+00:00
[2021-07-20 16:37:26,685] {logging_mixin.py:104} INFO - model's accuracy: 4.240504640490474
[2021-07-20 16:37:26,793] {python.py:151} INFO - Done. Returned value was: None
[2021-07-20 16:37:26,903] {taskinstance.py:1184} INFO - Marking task as SUCCESS. dag_id=xcom_dag, task_id=processing_tasks.training_model_c, execution_date=20210720T163719, start_date=20210720T163725, end_date=20210720T163726
[2021-07-20 16:37:27,144] {taskinstance.py:1245} INFO - 0 downstream tasks scheduled from follow-on schedule check
[2021-07-20 16:37:27,181] {local_task_job.py:151} INFO - Task exited with return code 0
