[2021-07-21 04:56:02,660] {taskinstance.py:876} INFO - Dependencies all met for <TaskInstance: elasticsearch_dag.print_es_info 2021-07-21T04:56:01.310143+00:00 [queued]>
[2021-07-21 04:56:02,731] {taskinstance.py:876} INFO - Dependencies all met for <TaskInstance: elasticsearch_dag.print_es_info 2021-07-21T04:56:01.310143+00:00 [queued]>
[2021-07-21 04:56:02,735] {taskinstance.py:1067} INFO - 
--------------------------------------------------------------------------------
[2021-07-21 04:56:02,735] {taskinstance.py:1068} INFO - Starting attempt 1 of 1
[2021-07-21 04:56:02,736] {taskinstance.py:1069} INFO - 
--------------------------------------------------------------------------------
[2021-07-21 04:56:02,764] {taskinstance.py:1087} INFO - Executing <Task(PythonOperator): print_es_info> on 2021-07-21T04:56:01.310143+00:00
[2021-07-21 04:56:02,768] {standard_task_runner.py:52} INFO - Started process 7346 to run task
[2021-07-21 04:56:02,797] {standard_task_runner.py:76} INFO - Running: ['airflow', 'tasks', 'run', 'elasticsearch_dag', 'print_es_info', '2021-07-21T04:56:01.310143+00:00', '--job-id', '279', '--pool', 'default_pool', '--raw', '--subdir', 'DAGS_FOLDER/elasticsearch_dag.py', '--cfg-path', '/tmp/tmpigct4fcg', '--error-file', '/tmp/tmpu4brdr67']
[2021-07-21 04:56:02,800] {standard_task_runner.py:77} INFO - Job 279: Subtask print_es_info
[2021-07-21 04:56:02,902] {logging_mixin.py:104} INFO - Running <TaskInstance: elasticsearch_dag.print_es_info 2021-07-21T04:56:01.310143+00:00 [running]> on host airflowvm
[2021-07-21 04:56:03,037] {taskinstance.py:1280} INFO - Exporting the following env vars:
AIRFLOW_CTX_DAG_OWNER=airflow
AIRFLOW_CTX_DAG_ID=elasticsearch_dag
AIRFLOW_CTX_TASK_ID=print_es_info
AIRFLOW_CTX_EXECUTION_DATE=2021-07-21T04:56:01.310143+00:00
AIRFLOW_CTX_DAG_RUN_ID=manual__2021-07-21T04:56:01.310143+00:00
[2021-07-21 04:56:03,062] {base.py:69} INFO - Using connection to: id: elasticsearch_default. Host: localhost, Port: 9200, Schema: http, Login: None, Password: None, extra: {}
[2021-07-21 04:56:03,102] {base.py:183} INFO - GET http://localhost:9200/ [status:200 request:0.037s]
[2021-07-21 04:56:03,103] {logging_mixin.py:104} INFO - {'name': 'airflowvm', 'cluster_name': 'elasticsearch', 'cluster_uuid': '-TKq2aUeTlWb94agW9ZkaA', 'version': {'number': '7.13.4', 'build_flavor': 'default', 'build_type': 'deb', 'build_hash': 'c5f60e894ca0c61cdbae4f5a686d9f08bcefc942', 'build_date': '2021-07-14T18:33:36.673943207Z', 'build_snapshot': False, 'lucene_version': '8.8.2', 'minimum_wire_compatibility_version': '6.8.0', 'minimum_index_compatibility_version': '6.0.0-beta1'}, 'tagline': 'You Know, for Search'}
[2021-07-21 04:56:03,104] {python.py:151} INFO - Done. Returned value was: None
[2021-07-21 04:56:03,147] {taskinstance.py:1184} INFO - Marking task as SUCCESS. dag_id=elasticsearch_dag, task_id=print_es_info, execution_date=20210721T045601, start_date=20210721T045602, end_date=20210721T045603
[2021-07-21 04:56:03,224] {taskinstance.py:1245} INFO - 1 downstream tasks scheduled from follow-on schedule check
[2021-07-21 04:56:03,245] {local_task_job.py:151} INFO - Task exited with return code 0
