[2021-07-19 20:24:00,312] {taskinstance.py:876} INFO - Dependencies all met for <TaskInstance: parallel_dag.task4 2021-07-16T00:00:00+00:00 [queued]>
[2021-07-19 20:24:00,489] {taskinstance.py:876} INFO - Dependencies all met for <TaskInstance: parallel_dag.task4 2021-07-16T00:00:00+00:00 [queued]>
[2021-07-19 20:24:00,490] {taskinstance.py:1067} INFO - 
--------------------------------------------------------------------------------
[2021-07-19 20:24:00,491] {taskinstance.py:1068} INFO - Starting attempt 1 of 1
[2021-07-19 20:24:00,501] {taskinstance.py:1069} INFO - 
--------------------------------------------------------------------------------
[2021-07-19 20:24:00,575] {taskinstance.py:1087} INFO - Executing <Task(BashOperator): task4> on 2021-07-16T00:00:00+00:00
[2021-07-19 20:24:00,585] {standard_task_runner.py:52} INFO - Started process 1853 to run task
[2021-07-19 20:24:00,635] {standard_task_runner.py:76} INFO - Running: ['airflow', 'tasks', 'run', 'parallel_dag', 'task4', '2021-07-16T00:00:00+00:00', '--job-id', '47', '--pool', 'default_pool', '--raw', '--subdir', 'DAGS_FOLDER/parallel_dag.py', '--cfg-path', '/tmp/tmptjdlc0yl', '--error-file', '/tmp/tmpm6mnxqe2']
[2021-07-19 20:24:00,677] {standard_task_runner.py:77} INFO - Job 47: Subtask task4
[2021-07-19 20:24:01,197] {logging_mixin.py:104} INFO - Running <TaskInstance: parallel_dag.task4 2021-07-16T00:00:00+00:00 [running]> on host airflowvm
[2021-07-19 20:24:01,570] {taskinstance.py:1280} INFO - Exporting the following env vars:
AIRFLOW_CTX_DAG_OWNER=airflow
AIRFLOW_CTX_DAG_ID=parallel_dag
AIRFLOW_CTX_TASK_ID=task4
AIRFLOW_CTX_EXECUTION_DATE=2021-07-16T00:00:00+00:00
AIRFLOW_CTX_DAG_RUN_ID=scheduled__2021-07-16T00:00:00+00:00
[2021-07-19 20:24:01,573] {subprocess.py:52} INFO - Tmp dir root location: 
 /tmp
[2021-07-19 20:24:01,574] {subprocess.py:63} INFO - Running command: ['bash', '-c', 'sleep 3']
[2021-07-19 20:24:01,608] {subprocess.py:75} INFO - Output:
[2021-07-19 20:24:04,618] {subprocess.py:83} INFO - Command exited with return code 0
[2021-07-19 20:24:04,695] {taskinstance.py:1184} INFO - Marking task as SUCCESS. dag_id=parallel_dag, task_id=task4, execution_date=20210716T000000, start_date=20210719T202400, end_date=20210719T202404
[2021-07-19 20:24:04,769] {taskinstance.py:1245} INFO - 0 downstream tasks scheduled from follow-on schedule check
[2021-07-19 20:24:04,777] {local_task_job.py:151} INFO - Task exited with return code 0
