[2021-07-19 20:34:01,103] {taskinstance.py:876} INFO - Dependencies all met for <TaskInstance: parallel_dag.task3 2020-01-18T00:00:00+00:00 [queued]>
[2021-07-19 20:34:01,466] {taskinstance.py:876} INFO - Dependencies all met for <TaskInstance: parallel_dag.task3 2020-01-18T00:00:00+00:00 [queued]>
[2021-07-19 20:34:01,494] {taskinstance.py:1067} INFO - 
--------------------------------------------------------------------------------
[2021-07-19 20:34:01,494] {taskinstance.py:1068} INFO - Starting attempt 1 of 1
[2021-07-19 20:34:01,494] {taskinstance.py:1069} INFO - 
--------------------------------------------------------------------------------
[2021-07-19 20:34:01,667] {taskinstance.py:1087} INFO - Executing <Task(BashOperator): task3> on 2020-01-18T00:00:00+00:00
[2021-07-19 20:34:01,754] {standard_task_runner.py:52} INFO - Started process 9154 to run task
[2021-07-19 20:34:01,928] {standard_task_runner.py:76} INFO - Running: ['airflow', 'tasks', 'run', 'parallel_dag', 'task3', '2020-01-18T00:00:00+00:00', '--job-id', '129', '--pool', 'default_pool', '--raw', '--subdir', 'DAGS_FOLDER/parallel_dag.py', '--cfg-path', '/tmp/tmpztm5txb2', '--error-file', '/tmp/tmpfsd8nnn2']
[2021-07-19 20:34:02,023] {standard_task_runner.py:77} INFO - Job 129: Subtask task3
[2021-07-19 20:34:03,399] {logging_mixin.py:104} INFO - Running <TaskInstance: parallel_dag.task3 2020-01-18T00:00:00+00:00 [running]> on host airflowvm
[2021-07-19 20:34:04,859] {taskinstance.py:1280} INFO - Exporting the following env vars:
AIRFLOW_CTX_DAG_OWNER=airflow
AIRFLOW_CTX_DAG_ID=parallel_dag
AIRFLOW_CTX_TASK_ID=task3
AIRFLOW_CTX_EXECUTION_DATE=2020-01-18T00:00:00+00:00
AIRFLOW_CTX_DAG_RUN_ID=scheduled__2020-01-18T00:00:00+00:00
[2021-07-19 20:34:04,870] {subprocess.py:52} INFO - Tmp dir root location: 
 /tmp
[2021-07-19 20:34:04,899] {subprocess.py:63} INFO - Running command: ['bash', '-c', 'sleep 3']
[2021-07-19 20:34:05,199] {subprocess.py:75} INFO - Output:
[2021-07-19 20:34:08,250] {subprocess.py:83} INFO - Command exited with return code 0
[2021-07-19 20:34:09,245] {taskinstance.py:1184} INFO - Marking task as SUCCESS. dag_id=parallel_dag, task_id=task3, execution_date=20200118T000000, start_date=20210719T203401, end_date=20210719T203409
[2021-07-19 20:34:10,080] {taskinstance.py:1245} INFO - 1 downstream tasks scheduled from follow-on schedule check
[2021-07-19 20:34:10,188] {local_task_job.py:151} INFO - Task exited with return code 0
