[2021-07-21 04:59:12,615] {taskinstance.py:876} INFO - Dependencies all met for <TaskInstance: elasticsearch_dag.connections_to_es 2021-07-21T04:59:10.313849+00:00 [queued]>
[2021-07-21 04:59:12,711] {taskinstance.py:876} INFO - Dependencies all met for <TaskInstance: elasticsearch_dag.connections_to_es 2021-07-21T04:59:10.313849+00:00 [queued]>
[2021-07-21 04:59:12,714] {taskinstance.py:1067} INFO - 
--------------------------------------------------------------------------------
[2021-07-21 04:59:12,714] {taskinstance.py:1068} INFO - Starting attempt 1 of 1
[2021-07-21 04:59:12,715] {taskinstance.py:1069} INFO - 
--------------------------------------------------------------------------------
[2021-07-21 04:59:12,730] {taskinstance.py:1087} INFO - Executing <Task(PostgresToElasticOperator): connections_to_es> on 2021-07-21T04:59:10.313849+00:00
[2021-07-21 04:59:12,734] {standard_task_runner.py:52} INFO - Started process 7757 to run task
[2021-07-21 04:59:12,745] {standard_task_runner.py:76} INFO - Running: ['airflow', 'tasks', 'run', 'elasticsearch_dag', 'connections_to_es', '2021-07-21T04:59:10.313849+00:00', '--job-id', '286', '--pool', 'default_pool', '--raw', '--subdir', 'DAGS_FOLDER/elasticsearch_dag.py', '--cfg-path', '/tmp/tmpmfzs8qzs', '--error-file', '/tmp/tmp1f_xpljc']
[2021-07-21 04:59:12,747] {standard_task_runner.py:77} INFO - Job 286: Subtask connections_to_es
[2021-07-21 04:59:12,856] {logging_mixin.py:104} INFO - Running <TaskInstance: elasticsearch_dag.connections_to_es 2021-07-21T04:59:10.313849+00:00 [running]> on host airflowvm
[2021-07-21 04:59:12,987] {taskinstance.py:1280} INFO - Exporting the following env vars:
AIRFLOW_CTX_DAG_OWNER=airflow
AIRFLOW_CTX_DAG_ID=elasticsearch_dag
AIRFLOW_CTX_TASK_ID=connections_to_es
AIRFLOW_CTX_EXECUTION_DATE=2021-07-21T04:59:10.313849+00:00
AIRFLOW_CTX_DAG_RUN_ID=manual__2021-07-21T04:59:10.313849+00:00
[2021-07-21 04:59:13,007] {base.py:69} INFO - Using connection to: id: elasticsearch_default. Host: localhost, Port: 9200, Schema: http, Login: None, Password: None, extra: {}
[2021-07-21 04:59:13,029] {base.py:69} INFO - Using connection to: id: ***_default. Host: localhost, Port: 5432, Schema: , Login: ***, Password: ***, extra: {'cursor': 'realdictcursor'}
[2021-07-21 04:59:13,070] {base.py:183} INFO - POST http://localhost:9200/connections/external [status:201 request:0.025s]
[2021-07-21 04:59:13,087] {base.py:183} INFO - POST http://localhost:9200/connections/external [status:201 request:0.015s]
[2021-07-21 04:59:13,114] {base.py:183} INFO - POST http://localhost:9200/connections/external [status:201 request:0.026s]
[2021-07-21 04:59:13,143] {base.py:183} INFO - POST http://localhost:9200/connections/external [status:201 request:0.028s]
[2021-07-21 04:59:13,186] {base.py:183} INFO - POST http://localhost:9200/connections/external [status:201 request:0.041s]
[2021-07-21 04:59:13,207] {base.py:183} INFO - POST http://localhost:9200/connections/external [status:201 request:0.020s]
[2021-07-21 04:59:13,222] {base.py:183} INFO - POST http://localhost:9200/connections/external [status:201 request:0.015s]
[2021-07-21 04:59:13,232] {base.py:183} INFO - POST http://localhost:9200/connections/external [status:201 request:0.009s]
[2021-07-21 04:59:13,252] {base.py:183} INFO - POST http://localhost:9200/connections/external [status:201 request:0.019s]
[2021-07-21 04:59:13,264] {base.py:183} INFO - POST http://localhost:9200/connections/external [status:201 request:0.011s]
[2021-07-21 04:59:13,279] {base.py:183} INFO - POST http://localhost:9200/connections/external [status:201 request:0.014s]
[2021-07-21 04:59:13,291] {base.py:183} INFO - POST http://localhost:9200/connections/external [status:201 request:0.011s]
[2021-07-21 04:59:13,308] {base.py:183} INFO - POST http://localhost:9200/connections/external [status:201 request:0.016s]
[2021-07-21 04:59:13,325] {base.py:183} INFO - POST http://localhost:9200/connections/external [status:201 request:0.016s]
[2021-07-21 04:59:13,337] {base.py:183} INFO - POST http://localhost:9200/connections/external [status:201 request:0.011s]
[2021-07-21 04:59:13,350] {base.py:183} INFO - POST http://localhost:9200/connections/external [status:201 request:0.011s]
[2021-07-21 04:59:13,361] {base.py:183} INFO - POST http://localhost:9200/connections/external [status:201 request:0.011s]
[2021-07-21 04:59:13,373] {base.py:183} INFO - POST http://localhost:9200/connections/external [status:201 request:0.011s]
[2021-07-21 04:59:13,390] {base.py:183} INFO - POST http://localhost:9200/connections/external [status:201 request:0.016s]
[2021-07-21 04:59:13,406] {base.py:183} INFO - POST http://localhost:9200/connections/external [status:201 request:0.015s]
[2021-07-21 04:59:13,415] {base.py:183} INFO - POST http://localhost:9200/connections/external [status:201 request:0.009s]
[2021-07-21 04:59:13,432] {base.py:183} INFO - POST http://localhost:9200/connections/external [status:201 request:0.016s]
[2021-07-21 04:59:13,445] {base.py:183} INFO - POST http://localhost:9200/connections/external [status:201 request:0.012s]
[2021-07-21 04:59:13,459] {base.py:183} INFO - POST http://localhost:9200/connections/external [status:201 request:0.013s]
[2021-07-21 04:59:13,476] {base.py:183} INFO - POST http://localhost:9200/connections/external [status:201 request:0.016s]
[2021-07-21 04:59:13,492] {base.py:183} INFO - POST http://localhost:9200/connections/external [status:201 request:0.015s]
[2021-07-21 04:59:13,508] {base.py:183} INFO - POST http://localhost:9200/connections/external [status:201 request:0.016s]
[2021-07-21 04:59:13,521] {base.py:183} INFO - POST http://localhost:9200/connections/external [status:201 request:0.011s]
[2021-07-21 04:59:13,530] {base.py:183} INFO - POST http://localhost:9200/connections/external [status:201 request:0.008s]
[2021-07-21 04:59:13,546] {base.py:183} INFO - POST http://localhost:9200/connections/external [status:201 request:0.015s]
[2021-07-21 04:59:13,559] {base.py:183} INFO - POST http://localhost:9200/connections/external [status:201 request:0.012s]
[2021-07-21 04:59:13,615] {base.py:183} INFO - POST http://localhost:9200/connections/external [status:201 request:0.055s]
[2021-07-21 04:59:13,632] {base.py:183} INFO - POST http://localhost:9200/connections/external [status:201 request:0.016s]
[2021-07-21 04:59:13,646] {base.py:183} INFO - POST http://localhost:9200/connections/external [status:201 request:0.012s]
[2021-07-21 04:59:13,659] {base.py:183} INFO - POST http://localhost:9200/connections/external [status:201 request:0.012s]
[2021-07-21 04:59:13,672] {base.py:183} INFO - POST http://localhost:9200/connections/external [status:201 request:0.013s]
[2021-07-21 04:59:13,689] {base.py:183} INFO - POST http://localhost:9200/connections/external [status:201 request:0.016s]
[2021-07-21 04:59:13,701] {base.py:183} INFO - POST http://localhost:9200/connections/external [status:201 request:0.011s]
[2021-07-21 04:59:13,714] {base.py:183} INFO - POST http://localhost:9200/connections/external [status:201 request:0.011s]
[2021-07-21 04:59:13,727] {base.py:183} INFO - POST http://localhost:9200/connections/external [status:201 request:0.012s]
[2021-07-21 04:59:13,740] {base.py:183} INFO - POST http://localhost:9200/connections/external [status:201 request:0.011s]
[2021-07-21 04:59:13,754] {base.py:183} INFO - POST http://localhost:9200/connections/external [status:201 request:0.013s]
[2021-07-21 04:59:13,766] {base.py:183} INFO - POST http://localhost:9200/connections/external [status:201 request:0.011s]
[2021-07-21 04:59:13,784] {base.py:183} INFO - POST http://localhost:9200/connections/external [status:201 request:0.016s]
[2021-07-21 04:59:13,798] {base.py:183} INFO - POST http://localhost:9200/connections/external [status:201 request:0.013s]
[2021-07-21 04:59:13,817] {base.py:183} INFO - POST http://localhost:9200/connections/external [status:201 request:0.018s]
[2021-07-21 04:59:13,833] {base.py:183} INFO - POST http://localhost:9200/connections/external [status:201 request:0.013s]
[2021-07-21 04:59:13,860] {base.py:183} INFO - POST http://localhost:9200/connections/external [status:201 request:0.024s]
[2021-07-21 04:59:13,890] {base.py:183} INFO - POST http://localhost:9200/connections/external [status:201 request:0.029s]
[2021-07-21 04:59:13,925] {taskinstance.py:1184} INFO - Marking task as SUCCESS. dag_id=elasticsearch_dag, task_id=connections_to_es, execution_date=20210721T045910, start_date=20210721T045912, end_date=20210721T045913
[2021-07-21 04:59:14,015] {taskinstance.py:1245} INFO - 0 downstream tasks scheduled from follow-on schedule check
[2021-07-21 04:59:14,056] {local_task_job.py:151} INFO - Task exited with return code 0
