[2021-07-19 20:34:05,266] {taskinstance.py:876} INFO - Dependencies all met for <TaskInstance: parallel_dag.task1 2020-01-24T00:00:00+00:00 [queued]>
[2021-07-19 20:34:05,590] {taskinstance.py:876} INFO - Dependencies all met for <TaskInstance: parallel_dag.task1 2020-01-24T00:00:00+00:00 [queued]>
[2021-07-19 20:34:05,591] {taskinstance.py:1067} INFO - 
--------------------------------------------------------------------------------
[2021-07-19 20:34:05,592] {taskinstance.py:1068} INFO - Starting attempt 1 of 1
[2021-07-19 20:34:05,632] {taskinstance.py:1069} INFO - 
--------------------------------------------------------------------------------
[2021-07-19 20:34:05,892] {taskinstance.py:1087} INFO - Executing <Task(BashOperator): task1> on 2020-01-24T00:00:00+00:00
[2021-07-19 20:34:06,079] {standard_task_runner.py:52} INFO - Started process 9242 to run task
[2021-07-19 20:34:06,217] {standard_task_runner.py:76} INFO - Running: ['airflow', 'tasks', 'run', 'parallel_dag', 'task1', '2020-01-24T00:00:00+00:00', '--job-id', '132', '--pool', 'default_pool', '--raw', '--subdir', 'DAGS_FOLDER/parallel_dag.py', '--cfg-path', '/tmp/tmpaam9yflx', '--error-file', '/tmp/tmp_us0vepa']
[2021-07-19 20:34:06,248] {standard_task_runner.py:77} INFO - Job 132: Subtask task1
[2021-07-19 20:34:07,455] {logging_mixin.py:104} INFO - Running <TaskInstance: parallel_dag.task1 2020-01-24T00:00:00+00:00 [running]> on host airflowvm
[2021-07-19 20:34:08,748] {taskinstance.py:1280} INFO - Exporting the following env vars:
AIRFLOW_CTX_DAG_OWNER=airflow
AIRFLOW_CTX_DAG_ID=parallel_dag
AIRFLOW_CTX_TASK_ID=task1
AIRFLOW_CTX_EXECUTION_DATE=2020-01-24T00:00:00+00:00
AIRFLOW_CTX_DAG_RUN_ID=scheduled__2020-01-24T00:00:00+00:00
[2021-07-19 20:34:08,784] {subprocess.py:52} INFO - Tmp dir root location: 
 /tmp
[2021-07-19 20:34:08,785] {subprocess.py:63} INFO - Running command: ['bash', '-c', 'sleep 3']
[2021-07-19 20:34:09,055] {subprocess.py:75} INFO - Output:
[2021-07-19 20:34:12,110] {subprocess.py:83} INFO - Command exited with return code 0
[2021-07-19 20:34:12,688] {taskinstance.py:1184} INFO - Marking task as SUCCESS. dag_id=parallel_dag, task_id=task1, execution_date=20200124T000000, start_date=20210719T203405, end_date=20210719T203412
[2021-07-19 20:34:13,351] {taskinstance.py:1245} INFO - 2 downstream tasks scheduled from follow-on schedule check
[2021-07-19 20:34:13,470] {local_task_job.py:151} INFO - Task exited with return code 0
