[2021-07-19 20:32:58,451] {taskinstance.py:876} INFO - Dependencies all met for <TaskInstance: parallel_dag.task3 2020-01-07T00:00:00+00:00 [queued]>
[2021-07-19 20:32:58,650] {taskinstance.py:876} INFO - Dependencies all met for <TaskInstance: parallel_dag.task3 2020-01-07T00:00:00+00:00 [queued]>
[2021-07-19 20:32:58,656] {taskinstance.py:1067} INFO - 
--------------------------------------------------------------------------------
[2021-07-19 20:32:58,657] {taskinstance.py:1068} INFO - Starting attempt 1 of 1
[2021-07-19 20:32:58,666] {taskinstance.py:1069} INFO - 
--------------------------------------------------------------------------------
[2021-07-19 20:32:58,766] {taskinstance.py:1087} INFO - Executing <Task(BashOperator): task3> on 2020-01-07T00:00:00+00:00
[2021-07-19 20:32:58,774] {standard_task_runner.py:52} INFO - Started process 7450 to run task
[2021-07-19 20:32:58,994] {standard_task_runner.py:76} INFO - Running: ['airflow', 'tasks', 'run', 'parallel_dag', 'task3', '2020-01-07T00:00:00+00:00', '--job-id', '78', '--pool', 'default_pool', '--raw', '--subdir', 'DAGS_FOLDER/parallel_dag.py', '--cfg-path', '/tmp/tmp8hi31g8h', '--error-file', '/tmp/tmpxcbj5t66']
[2021-07-19 20:32:59,030] {standard_task_runner.py:77} INFO - Job 78: Subtask task3
[2021-07-19 20:33:00,247] {logging_mixin.py:104} INFO - Running <TaskInstance: parallel_dag.task3 2020-01-07T00:00:00+00:00 [running]> on host airflowvm
[2021-07-19 20:33:01,297] {taskinstance.py:1280} INFO - Exporting the following env vars:
AIRFLOW_CTX_DAG_OWNER=airflow
AIRFLOW_CTX_DAG_ID=parallel_dag
AIRFLOW_CTX_TASK_ID=task3
AIRFLOW_CTX_EXECUTION_DATE=2020-01-07T00:00:00+00:00
AIRFLOW_CTX_DAG_RUN_ID=scheduled__2020-01-07T00:00:00+00:00
[2021-07-19 20:33:01,298] {subprocess.py:52} INFO - Tmp dir root location: 
 /tmp
[2021-07-19 20:33:01,339] {subprocess.py:63} INFO - Running command: ['bash', '-c', 'sleep 3']
[2021-07-19 20:33:01,453] {subprocess.py:75} INFO - Output:
[2021-07-19 20:33:04,502] {subprocess.py:83} INFO - Command exited with return code 0
[2021-07-19 20:33:05,070] {taskinstance.py:1184} INFO - Marking task as SUCCESS. dag_id=parallel_dag, task_id=task3, execution_date=20200107T000000, start_date=20210719T203258, end_date=20210719T203305
[2021-07-19 20:33:07,911] {taskinstance.py:1245} INFO - 0 downstream tasks scheduled from follow-on schedule check
[2021-07-19 20:33:07,999] {local_task_job.py:151} INFO - Task exited with return code 0
