[2021-07-19 20:33:10,686] {taskinstance.py:876} INFO - Dependencies all met for <TaskInstance: parallel_dag.task1 2020-01-15T00:00:00+00:00 [queued]>
[2021-07-19 20:33:10,831] {taskinstance.py:876} INFO - Dependencies all met for <TaskInstance: parallel_dag.task1 2020-01-15T00:00:00+00:00 [queued]>
[2021-07-19 20:33:10,832] {taskinstance.py:1067} INFO - 
--------------------------------------------------------------------------------
[2021-07-19 20:33:10,832] {taskinstance.py:1068} INFO - Starting attempt 1 of 1
[2021-07-19 20:33:10,832] {taskinstance.py:1069} INFO - 
--------------------------------------------------------------------------------
[2021-07-19 20:33:10,939] {taskinstance.py:1087} INFO - Executing <Task(BashOperator): task1> on 2020-01-15T00:00:00+00:00
[2021-07-19 20:33:10,974] {standard_task_runner.py:52} INFO - Started process 7859 to run task
[2021-07-19 20:33:11,052] {standard_task_runner.py:76} INFO - Running: ['airflow', 'tasks', 'run', 'parallel_dag', 'task1', '2020-01-15T00:00:00+00:00', '--job-id', '91', '--pool', 'default_pool', '--raw', '--subdir', 'DAGS_FOLDER/parallel_dag.py', '--cfg-path', '/tmp/tmpk0sys8p1', '--error-file', '/tmp/tmplyrfe_te']
[2021-07-19 20:33:11,071] {standard_task_runner.py:77} INFO - Job 91: Subtask task1
[2021-07-19 20:33:11,911] {logging_mixin.py:104} INFO - Running <TaskInstance: parallel_dag.task1 2020-01-15T00:00:00+00:00 [running]> on host airflowvm
[2021-07-19 20:33:13,410] {taskinstance.py:1280} INFO - Exporting the following env vars:
AIRFLOW_CTX_DAG_OWNER=airflow
AIRFLOW_CTX_DAG_ID=parallel_dag
AIRFLOW_CTX_TASK_ID=task1
AIRFLOW_CTX_EXECUTION_DATE=2020-01-15T00:00:00+00:00
AIRFLOW_CTX_DAG_RUN_ID=scheduled__2020-01-15T00:00:00+00:00
[2021-07-19 20:33:13,443] {subprocess.py:52} INFO - Tmp dir root location: 
 /tmp
[2021-07-19 20:33:13,444] {subprocess.py:63} INFO - Running command: ['bash', '-c', 'sleep 3']
[2021-07-19 20:33:13,627] {subprocess.py:75} INFO - Output:
[2021-07-19 20:33:16,697] {subprocess.py:83} INFO - Command exited with return code 0
[2021-07-19 20:33:17,107] {taskinstance.py:1184} INFO - Marking task as SUCCESS. dag_id=parallel_dag, task_id=task1, execution_date=20200115T000000, start_date=20210719T203310, end_date=20210719T203317
[2021-07-19 20:33:19,524] {taskinstance.py:1245} INFO - 2 downstream tasks scheduled from follow-on schedule check
[2021-07-19 20:33:19,648] {local_task_job.py:151} INFO - Task exited with return code 0
