[2021-07-14 23:03:11,813] {scheduler_job.py:182} INFO - Started process (PID=1597) to work on /home/airflow/sandbox/lib/python3.8/site-packages/airflow/example_dags/example_complex.py
[2021-07-14 23:03:11,814] {scheduler_job.py:633} INFO - Processing file /home/airflow/sandbox/lib/python3.8/site-packages/airflow/example_dags/example_complex.py for tasks to queue
[2021-07-14 23:03:11,815] {logging_mixin.py:104} INFO - [2021-07-14 23:03:11,815] {dagbag.py:487} INFO - Filling up the DagBag from /home/airflow/sandbox/lib/python3.8/site-packages/airflow/example_dags/example_complex.py
[2021-07-14 23:03:11,841] {scheduler_job.py:643} INFO - DAG(s) dict_keys(['example_complex']) retrieved from /home/airflow/sandbox/lib/python3.8/site-packages/airflow/example_dags/example_complex.py
[2021-07-14 23:03:11,862] {logging_mixin.py:104} INFO - [2021-07-14 23:03:11,862] {dag.py:1832} INFO - Sync 1 DAGs
[2021-07-14 23:03:11,876] {logging_mixin.py:104} INFO - [2021-07-14 23:03:11,875] {dag.py:2305} INFO - Setting next_dagrun for example_complex to None
[2021-07-14 23:03:11,891] {scheduler_job.py:190} INFO - Processing /home/airflow/sandbox/lib/python3.8/site-packages/airflow/example_dags/example_complex.py took 0.080 seconds
[2021-07-14 23:03:51,733] {scheduler_job.py:182} INFO - Started process (PID=1644) to work on /home/airflow/sandbox/lib/python3.8/site-packages/airflow/example_dags/example_complex.py
[2021-07-14 23:03:51,734] {scheduler_job.py:633} INFO - Processing file /home/airflow/sandbox/lib/python3.8/site-packages/airflow/example_dags/example_complex.py for tasks to queue
[2021-07-14 23:03:51,735] {logging_mixin.py:104} INFO - [2021-07-14 23:03:51,735] {dagbag.py:487} INFO - Filling up the DagBag from /home/airflow/sandbox/lib/python3.8/site-packages/airflow/example_dags/example_complex.py
[2021-07-14 23:03:51,758] {scheduler_job.py:643} INFO - DAG(s) dict_keys(['example_complex']) retrieved from /home/airflow/sandbox/lib/python3.8/site-packages/airflow/example_dags/example_complex.py
[2021-07-14 23:03:51,784] {logging_mixin.py:104} INFO - [2021-07-14 23:03:51,783] {dag.py:1832} INFO - Sync 1 DAGs
[2021-07-14 23:03:51,795] {logging_mixin.py:104} INFO - [2021-07-14 23:03:51,795] {dag.py:2305} INFO - Setting next_dagrun for example_complex to None
[2021-07-14 23:03:51,812] {scheduler_job.py:190} INFO - Processing /home/airflow/sandbox/lib/python3.8/site-packages/airflow/example_dags/example_complex.py took 0.082 seconds
[2021-07-14 23:04:38,974] {scheduler_job.py:182} INFO - Started process (PID=1708) to work on /home/airflow/sandbox/lib/python3.8/site-packages/airflow/example_dags/example_complex.py
[2021-07-14 23:04:38,977] {scheduler_job.py:633} INFO - Processing file /home/airflow/sandbox/lib/python3.8/site-packages/airflow/example_dags/example_complex.py for tasks to queue
[2021-07-14 23:04:38,979] {logging_mixin.py:104} INFO - [2021-07-14 23:04:38,979] {dagbag.py:487} INFO - Filling up the DagBag from /home/airflow/sandbox/lib/python3.8/site-packages/airflow/example_dags/example_complex.py
[2021-07-14 23:04:39,091] {scheduler_job.py:643} INFO - DAG(s) dict_keys(['example_complex']) retrieved from /home/airflow/sandbox/lib/python3.8/site-packages/airflow/example_dags/example_complex.py
[2021-07-14 23:04:39,169] {logging_mixin.py:104} INFO - [2021-07-14 23:04:39,169] {dag.py:1832} INFO - Sync 1 DAGs
[2021-07-14 23:04:39,206] {logging_mixin.py:104} INFO - [2021-07-14 23:04:39,205] {dag.py:2305} INFO - Setting next_dagrun for example_complex to None
[2021-07-14 23:04:39,242] {scheduler_job.py:190} INFO - Processing /home/airflow/sandbox/lib/python3.8/site-packages/airflow/example_dags/example_complex.py took 0.275 seconds
[2021-07-14 23:04:52,529] {scheduler_job.py:182} INFO - Started process (PID=1730) to work on /home/airflow/sandbox/lib/python3.8/site-packages/airflow/example_dags/example_complex.py
[2021-07-14 23:04:52,532] {scheduler_job.py:633} INFO - Processing file /home/airflow/sandbox/lib/python3.8/site-packages/airflow/example_dags/example_complex.py for tasks to queue
[2021-07-14 23:04:52,534] {logging_mixin.py:104} INFO - [2021-07-14 23:04:52,533] {dagbag.py:487} INFO - Filling up the DagBag from /home/airflow/sandbox/lib/python3.8/site-packages/airflow/example_dags/example_complex.py
[2021-07-14 23:04:52,605] {scheduler_job.py:643} INFO - DAG(s) dict_keys(['example_complex']) retrieved from /home/airflow/sandbox/lib/python3.8/site-packages/airflow/example_dags/example_complex.py
[2021-07-14 23:04:52,685] {logging_mixin.py:104} INFO - [2021-07-14 23:04:52,684] {dag.py:1832} INFO - Sync 1 DAGs
[2021-07-14 23:04:52,720] {logging_mixin.py:104} INFO - [2021-07-14 23:04:52,719] {dag.py:2305} INFO - Setting next_dagrun for example_complex to None
[2021-07-14 23:04:52,751] {scheduler_job.py:190} INFO - Processing /home/airflow/sandbox/lib/python3.8/site-packages/airflow/example_dags/example_complex.py took 0.230 seconds
[2021-07-14 23:05:29,554] {scheduler_job.py:182} INFO - Started process (PID=1782) to work on /home/airflow/sandbox/lib/python3.8/site-packages/airflow/example_dags/example_complex.py
[2021-07-14 23:05:29,555] {scheduler_job.py:633} INFO - Processing file /home/airflow/sandbox/lib/python3.8/site-packages/airflow/example_dags/example_complex.py for tasks to queue
[2021-07-14 23:05:29,556] {logging_mixin.py:104} INFO - [2021-07-14 23:05:29,556] {dagbag.py:487} INFO - Filling up the DagBag from /home/airflow/sandbox/lib/python3.8/site-packages/airflow/example_dags/example_complex.py
[2021-07-14 23:05:29,587] {scheduler_job.py:643} INFO - DAG(s) dict_keys(['example_complex']) retrieved from /home/airflow/sandbox/lib/python3.8/site-packages/airflow/example_dags/example_complex.py
[2021-07-14 23:05:29,621] {logging_mixin.py:104} INFO - [2021-07-14 23:05:29,620] {dag.py:1832} INFO - Sync 1 DAGs
[2021-07-14 23:05:29,638] {logging_mixin.py:104} INFO - [2021-07-14 23:05:29,638] {dag.py:2305} INFO - Setting next_dagrun for example_complex to None
[2021-07-14 23:05:29,653] {scheduler_job.py:190} INFO - Processing /home/airflow/sandbox/lib/python3.8/site-packages/airflow/example_dags/example_complex.py took 0.103 seconds
[2021-07-14 23:05:35,695] {scheduler_job.py:182} INFO - Started process (PID=1792) to work on /home/airflow/sandbox/lib/python3.8/site-packages/airflow/example_dags/example_complex.py
[2021-07-14 23:05:35,696] {scheduler_job.py:633} INFO - Processing file /home/airflow/sandbox/lib/python3.8/site-packages/airflow/example_dags/example_complex.py for tasks to queue
[2021-07-14 23:05:35,697] {logging_mixin.py:104} INFO - [2021-07-14 23:05:35,696] {dagbag.py:487} INFO - Filling up the DagBag from /home/airflow/sandbox/lib/python3.8/site-packages/airflow/example_dags/example_complex.py
[2021-07-14 23:05:35,716] {scheduler_job.py:643} INFO - DAG(s) dict_keys(['example_complex']) retrieved from /home/airflow/sandbox/lib/python3.8/site-packages/airflow/example_dags/example_complex.py
[2021-07-14 23:05:35,736] {logging_mixin.py:104} INFO - [2021-07-14 23:05:35,736] {dag.py:1832} INFO - Sync 1 DAGs
[2021-07-14 23:05:35,745] {logging_mixin.py:104} INFO - [2021-07-14 23:05:35,745] {dag.py:2305} INFO - Setting next_dagrun for example_complex to None
[2021-07-14 23:05:35,763] {scheduler_job.py:190} INFO - Processing /home/airflow/sandbox/lib/python3.8/site-packages/airflow/example_dags/example_complex.py took 0.071 seconds
[2021-07-14 23:06:04,286] {scheduler_job.py:182} INFO - Started process (PID=1845) to work on /home/airflow/sandbox/lib/python3.8/site-packages/airflow/example_dags/example_complex.py
[2021-07-14 23:06:04,287] {scheduler_job.py:633} INFO - Processing file /home/airflow/sandbox/lib/python3.8/site-packages/airflow/example_dags/example_complex.py for tasks to queue
[2021-07-14 23:06:04,288] {logging_mixin.py:104} INFO - [2021-07-14 23:06:04,287] {dagbag.py:487} INFO - Filling up the DagBag from /home/airflow/sandbox/lib/python3.8/site-packages/airflow/example_dags/example_complex.py
[2021-07-14 23:06:04,306] {scheduler_job.py:643} INFO - DAG(s) dict_keys(['example_complex']) retrieved from /home/airflow/sandbox/lib/python3.8/site-packages/airflow/example_dags/example_complex.py
[2021-07-14 23:06:04,326] {logging_mixin.py:104} INFO - [2021-07-14 23:06:04,326] {dag.py:1832} INFO - Sync 1 DAGs
[2021-07-14 23:06:04,336] {logging_mixin.py:104} INFO - [2021-07-14 23:06:04,336] {dag.py:2305} INFO - Setting next_dagrun for example_complex to None
[2021-07-14 23:06:04,357] {scheduler_job.py:190} INFO - Processing /home/airflow/sandbox/lib/python3.8/site-packages/airflow/example_dags/example_complex.py took 0.074 seconds
[2021-07-14 23:06:10,797] {scheduler_job.py:182} INFO - Started process (PID=1858) to work on /home/airflow/sandbox/lib/python3.8/site-packages/airflow/example_dags/example_complex.py
[2021-07-14 23:06:10,799] {scheduler_job.py:633} INFO - Processing file /home/airflow/sandbox/lib/python3.8/site-packages/airflow/example_dags/example_complex.py for tasks to queue
[2021-07-14 23:06:10,799] {logging_mixin.py:104} INFO - [2021-07-14 23:06:10,799] {dagbag.py:487} INFO - Filling up the DagBag from /home/airflow/sandbox/lib/python3.8/site-packages/airflow/example_dags/example_complex.py
[2021-07-14 23:06:10,830] {scheduler_job.py:643} INFO - DAG(s) dict_keys(['example_complex']) retrieved from /home/airflow/sandbox/lib/python3.8/site-packages/airflow/example_dags/example_complex.py
[2021-07-14 23:06:10,852] {logging_mixin.py:104} INFO - [2021-07-14 23:06:10,852] {dag.py:1832} INFO - Sync 1 DAGs
[2021-07-14 23:06:10,864] {logging_mixin.py:104} INFO - [2021-07-14 23:06:10,864] {dag.py:2305} INFO - Setting next_dagrun for example_complex to None
[2021-07-14 23:06:10,883] {scheduler_job.py:190} INFO - Processing /home/airflow/sandbox/lib/python3.8/site-packages/airflow/example_dags/example_complex.py took 0.089 seconds
[2021-07-14 23:06:41,945] {scheduler_job.py:182} INFO - Started process (PID=1913) to work on /home/airflow/sandbox/lib/python3.8/site-packages/airflow/example_dags/example_complex.py
[2021-07-14 23:06:41,946] {scheduler_job.py:633} INFO - Processing file /home/airflow/sandbox/lib/python3.8/site-packages/airflow/example_dags/example_complex.py for tasks to queue
[2021-07-14 23:06:41,946] {logging_mixin.py:104} INFO - [2021-07-14 23:06:41,946] {dagbag.py:487} INFO - Filling up the DagBag from /home/airflow/sandbox/lib/python3.8/site-packages/airflow/example_dags/example_complex.py
[2021-07-14 23:06:41,966] {scheduler_job.py:643} INFO - DAG(s) dict_keys(['example_complex']) retrieved from /home/airflow/sandbox/lib/python3.8/site-packages/airflow/example_dags/example_complex.py
[2021-07-14 23:06:41,987] {logging_mixin.py:104} INFO - [2021-07-14 23:06:41,987] {dag.py:1832} INFO - Sync 1 DAGs
[2021-07-14 23:06:41,999] {logging_mixin.py:104} INFO - [2021-07-14 23:06:41,999] {dag.py:2305} INFO - Setting next_dagrun for example_complex to None
[2021-07-14 23:06:42,012] {scheduler_job.py:190} INFO - Processing /home/airflow/sandbox/lib/python3.8/site-packages/airflow/example_dags/example_complex.py took 0.070 seconds
[2021-07-14 23:06:47,722] {scheduler_job.py:182} INFO - Started process (PID=1922) to work on /home/airflow/sandbox/lib/python3.8/site-packages/airflow/example_dags/example_complex.py
[2021-07-14 23:06:47,763] {scheduler_job.py:633} INFO - Processing file /home/airflow/sandbox/lib/python3.8/site-packages/airflow/example_dags/example_complex.py for tasks to queue
[2021-07-14 23:06:47,790] {logging_mixin.py:104} INFO - [2021-07-14 23:06:47,789] {dagbag.py:487} INFO - Filling up the DagBag from /home/airflow/sandbox/lib/python3.8/site-packages/airflow/example_dags/example_complex.py
[2021-07-14 23:06:48,088] {scheduler_job.py:643} INFO - DAG(s) dict_keys(['example_complex']) retrieved from /home/airflow/sandbox/lib/python3.8/site-packages/airflow/example_dags/example_complex.py
[2021-07-14 23:06:48,236] {logging_mixin.py:104} INFO - [2021-07-14 23:06:48,235] {dag.py:1832} INFO - Sync 1 DAGs
[2021-07-14 23:06:48,311] {logging_mixin.py:104} INFO - [2021-07-14 23:06:48,310] {dag.py:2305} INFO - Setting next_dagrun for example_complex to None
[2021-07-14 23:06:48,385] {scheduler_job.py:190} INFO - Processing /home/airflow/sandbox/lib/python3.8/site-packages/airflow/example_dags/example_complex.py took 0.762 seconds
[2021-07-14 23:07:22,917] {scheduler_job.py:182} INFO - Started process (PID=1980) to work on /home/airflow/sandbox/lib/python3.8/site-packages/airflow/example_dags/example_complex.py
[2021-07-14 23:07:22,918] {scheduler_job.py:633} INFO - Processing file /home/airflow/sandbox/lib/python3.8/site-packages/airflow/example_dags/example_complex.py for tasks to queue
[2021-07-14 23:07:22,918] {logging_mixin.py:104} INFO - [2021-07-14 23:07:22,918] {dagbag.py:487} INFO - Filling up the DagBag from /home/airflow/sandbox/lib/python3.8/site-packages/airflow/example_dags/example_complex.py
[2021-07-14 23:07:22,935] {scheduler_job.py:643} INFO - DAG(s) dict_keys(['example_complex']) retrieved from /home/airflow/sandbox/lib/python3.8/site-packages/airflow/example_dags/example_complex.py
[2021-07-14 23:07:22,955] {logging_mixin.py:104} INFO - [2021-07-14 23:07:22,955] {dag.py:1832} INFO - Sync 1 DAGs
[2021-07-14 23:07:22,963] {logging_mixin.py:104} INFO - [2021-07-14 23:07:22,963] {dag.py:2305} INFO - Setting next_dagrun for example_complex to None
[2021-07-14 23:07:22,986] {scheduler_job.py:190} INFO - Processing /home/airflow/sandbox/lib/python3.8/site-packages/airflow/example_dags/example_complex.py took 0.072 seconds
[2021-07-14 23:07:29,318] {scheduler_job.py:182} INFO - Started process (PID=1992) to work on /home/airflow/sandbox/lib/python3.8/site-packages/airflow/example_dags/example_complex.py
[2021-07-14 23:07:29,319] {scheduler_job.py:633} INFO - Processing file /home/airflow/sandbox/lib/python3.8/site-packages/airflow/example_dags/example_complex.py for tasks to queue
[2021-07-14 23:07:29,320] {logging_mixin.py:104} INFO - [2021-07-14 23:07:29,320] {dagbag.py:487} INFO - Filling up the DagBag from /home/airflow/sandbox/lib/python3.8/site-packages/airflow/example_dags/example_complex.py
[2021-07-14 23:07:29,340] {scheduler_job.py:643} INFO - DAG(s) dict_keys(['example_complex']) retrieved from /home/airflow/sandbox/lib/python3.8/site-packages/airflow/example_dags/example_complex.py
[2021-07-14 23:07:29,361] {logging_mixin.py:104} INFO - [2021-07-14 23:07:29,361] {dag.py:1832} INFO - Sync 1 DAGs
[2021-07-14 23:07:29,370] {logging_mixin.py:104} INFO - [2021-07-14 23:07:29,370] {dag.py:2305} INFO - Setting next_dagrun for example_complex to None
[2021-07-14 23:07:29,380] {scheduler_job.py:190} INFO - Processing /home/airflow/sandbox/lib/python3.8/site-packages/airflow/example_dags/example_complex.py took 0.068 seconds
[2021-07-14 23:07:54,466] {scheduler_job.py:182} INFO - Started process (PID=2044) to work on /home/airflow/sandbox/lib/python3.8/site-packages/airflow/example_dags/example_complex.py
[2021-07-14 23:07:54,467] {scheduler_job.py:633} INFO - Processing file /home/airflow/sandbox/lib/python3.8/site-packages/airflow/example_dags/example_complex.py for tasks to queue
[2021-07-14 23:07:54,467] {logging_mixin.py:104} INFO - [2021-07-14 23:07:54,467] {dagbag.py:487} INFO - Filling up the DagBag from /home/airflow/sandbox/lib/python3.8/site-packages/airflow/example_dags/example_complex.py
[2021-07-14 23:07:54,484] {scheduler_job.py:643} INFO - DAG(s) dict_keys(['example_complex']) retrieved from /home/airflow/sandbox/lib/python3.8/site-packages/airflow/example_dags/example_complex.py
[2021-07-14 23:07:54,504] {logging_mixin.py:104} INFO - [2021-07-14 23:07:54,504] {dag.py:1832} INFO - Sync 1 DAGs
[2021-07-14 23:07:54,512] {logging_mixin.py:104} INFO - [2021-07-14 23:07:54,512] {dag.py:2305} INFO - Setting next_dagrun for example_complex to None
[2021-07-14 23:07:54,531] {scheduler_job.py:190} INFO - Processing /home/airflow/sandbox/lib/python3.8/site-packages/airflow/example_dags/example_complex.py took 0.068 seconds
[2021-07-14 23:08:01,394] {scheduler_job.py:182} INFO - Started process (PID=2057) to work on /home/airflow/sandbox/lib/python3.8/site-packages/airflow/example_dags/example_complex.py
[2021-07-14 23:08:01,396] {scheduler_job.py:633} INFO - Processing file /home/airflow/sandbox/lib/python3.8/site-packages/airflow/example_dags/example_complex.py for tasks to queue
[2021-07-14 23:08:01,398] {logging_mixin.py:104} INFO - [2021-07-14 23:08:01,397] {dagbag.py:487} INFO - Filling up the DagBag from /home/airflow/sandbox/lib/python3.8/site-packages/airflow/example_dags/example_complex.py
[2021-07-14 23:08:01,430] {scheduler_job.py:643} INFO - DAG(s) dict_keys(['example_complex']) retrieved from /home/airflow/sandbox/lib/python3.8/site-packages/airflow/example_dags/example_complex.py
[2021-07-14 23:08:01,465] {logging_mixin.py:104} INFO - [2021-07-14 23:08:01,465] {dag.py:1832} INFO - Sync 1 DAGs
[2021-07-14 23:08:01,485] {logging_mixin.py:104} INFO - [2021-07-14 23:08:01,485] {dag.py:2305} INFO - Setting next_dagrun for example_complex to None
[2021-07-14 23:08:01,509] {scheduler_job.py:190} INFO - Processing /home/airflow/sandbox/lib/python3.8/site-packages/airflow/example_dags/example_complex.py took 0.120 seconds
[2021-07-14 23:08:28,308] {scheduler_job.py:182} INFO - Started process (PID=2110) to work on /home/airflow/sandbox/lib/python3.8/site-packages/airflow/example_dags/example_complex.py
[2021-07-14 23:08:28,309] {scheduler_job.py:633} INFO - Processing file /home/airflow/sandbox/lib/python3.8/site-packages/airflow/example_dags/example_complex.py for tasks to queue
[2021-07-14 23:08:28,309] {logging_mixin.py:104} INFO - [2021-07-14 23:08:28,309] {dagbag.py:487} INFO - Filling up the DagBag from /home/airflow/sandbox/lib/python3.8/site-packages/airflow/example_dags/example_complex.py
[2021-07-14 23:08:28,324] {scheduler_job.py:643} INFO - DAG(s) dict_keys(['example_complex']) retrieved from /home/airflow/sandbox/lib/python3.8/site-packages/airflow/example_dags/example_complex.py
[2021-07-14 23:08:28,340] {logging_mixin.py:104} INFO - [2021-07-14 23:08:28,340] {dag.py:1832} INFO - Sync 1 DAGs
[2021-07-14 23:08:28,348] {logging_mixin.py:104} INFO - [2021-07-14 23:08:28,348] {dag.py:2305} INFO - Setting next_dagrun for example_complex to None
[2021-07-14 23:08:28,367] {scheduler_job.py:190} INFO - Processing /home/airflow/sandbox/lib/python3.8/site-packages/airflow/example_dags/example_complex.py took 0.061 seconds
[2021-07-14 23:08:32,039] {scheduler_job.py:182} INFO - Started process (PID=2118) to work on /home/airflow/sandbox/lib/python3.8/site-packages/airflow/example_dags/example_complex.py
[2021-07-14 23:08:32,040] {scheduler_job.py:633} INFO - Processing file /home/airflow/sandbox/lib/python3.8/site-packages/airflow/example_dags/example_complex.py for tasks to queue
[2021-07-14 23:08:32,040] {logging_mixin.py:104} INFO - [2021-07-14 23:08:32,040] {dagbag.py:487} INFO - Filling up the DagBag from /home/airflow/sandbox/lib/python3.8/site-packages/airflow/example_dags/example_complex.py
[2021-07-14 23:08:32,059] {scheduler_job.py:643} INFO - DAG(s) dict_keys(['example_complex']) retrieved from /home/airflow/sandbox/lib/python3.8/site-packages/airflow/example_dags/example_complex.py
[2021-07-14 23:08:32,078] {logging_mixin.py:104} INFO - [2021-07-14 23:08:32,078] {dag.py:1832} INFO - Sync 1 DAGs
[2021-07-14 23:08:32,086] {logging_mixin.py:104} INFO - [2021-07-14 23:08:32,086] {dag.py:2305} INFO - Setting next_dagrun for example_complex to None
[2021-07-14 23:08:32,107] {scheduler_job.py:190} INFO - Processing /home/airflow/sandbox/lib/python3.8/site-packages/airflow/example_dags/example_complex.py took 0.071 seconds
[2021-07-14 23:09:01,431] {scheduler_job.py:182} INFO - Started process (PID=2174) to work on /home/airflow/sandbox/lib/python3.8/site-packages/airflow/example_dags/example_complex.py
[2021-07-14 23:09:01,432] {scheduler_job.py:633} INFO - Processing file /home/airflow/sandbox/lib/python3.8/site-packages/airflow/example_dags/example_complex.py for tasks to queue
[2021-07-14 23:09:01,432] {logging_mixin.py:104} INFO - [2021-07-14 23:09:01,432] {dagbag.py:487} INFO - Filling up the DagBag from /home/airflow/sandbox/lib/python3.8/site-packages/airflow/example_dags/example_complex.py
[2021-07-14 23:09:01,448] {scheduler_job.py:643} INFO - DAG(s) dict_keys(['example_complex']) retrieved from /home/airflow/sandbox/lib/python3.8/site-packages/airflow/example_dags/example_complex.py
[2021-07-14 23:09:01,470] {logging_mixin.py:104} INFO - [2021-07-14 23:09:01,470] {dag.py:1832} INFO - Sync 1 DAGs
[2021-07-14 23:09:01,480] {logging_mixin.py:104} INFO - [2021-07-14 23:09:01,480] {dag.py:2305} INFO - Setting next_dagrun for example_complex to None
[2021-07-14 23:09:01,490] {scheduler_job.py:190} INFO - Processing /home/airflow/sandbox/lib/python3.8/site-packages/airflow/example_dags/example_complex.py took 0.062 seconds
[2021-07-14 23:09:05,013] {scheduler_job.py:182} INFO - Started process (PID=2181) to work on /home/airflow/sandbox/lib/python3.8/site-packages/airflow/example_dags/example_complex.py
[2021-07-14 23:09:05,014] {scheduler_job.py:633} INFO - Processing file /home/airflow/sandbox/lib/python3.8/site-packages/airflow/example_dags/example_complex.py for tasks to queue
[2021-07-14 23:09:05,014] {logging_mixin.py:104} INFO - [2021-07-14 23:09:05,014] {dagbag.py:487} INFO - Filling up the DagBag from /home/airflow/sandbox/lib/python3.8/site-packages/airflow/example_dags/example_complex.py
[2021-07-14 23:09:05,046] {scheduler_job.py:643} INFO - DAG(s) dict_keys(['example_complex']) retrieved from /home/airflow/sandbox/lib/python3.8/site-packages/airflow/example_dags/example_complex.py
[2021-07-14 23:09:05,084] {logging_mixin.py:104} INFO - [2021-07-14 23:09:05,084] {dag.py:1832} INFO - Sync 1 DAGs
[2021-07-14 23:09:05,103] {logging_mixin.py:104} INFO - [2021-07-14 23:09:05,102] {dag.py:2305} INFO - Setting next_dagrun for example_complex to None
[2021-07-14 23:09:05,126] {scheduler_job.py:190} INFO - Processing /home/airflow/sandbox/lib/python3.8/site-packages/airflow/example_dags/example_complex.py took 0.116 seconds
[2021-07-14 23:09:34,551] {scheduler_job.py:182} INFO - Started process (PID=2238) to work on /home/airflow/sandbox/lib/python3.8/site-packages/airflow/example_dags/example_complex.py
[2021-07-14 23:09:34,553] {scheduler_job.py:633} INFO - Processing file /home/airflow/sandbox/lib/python3.8/site-packages/airflow/example_dags/example_complex.py for tasks to queue
[2021-07-14 23:09:34,553] {logging_mixin.py:104} INFO - [2021-07-14 23:09:34,553] {dagbag.py:487} INFO - Filling up the DagBag from /home/airflow/sandbox/lib/python3.8/site-packages/airflow/example_dags/example_complex.py
[2021-07-14 23:09:34,577] {scheduler_job.py:643} INFO - DAG(s) dict_keys(['example_complex']) retrieved from /home/airflow/sandbox/lib/python3.8/site-packages/airflow/example_dags/example_complex.py
[2021-07-14 23:09:34,603] {logging_mixin.py:104} INFO - [2021-07-14 23:09:34,603] {dag.py:1832} INFO - Sync 1 DAGs
[2021-07-14 23:09:34,616] {logging_mixin.py:104} INFO - [2021-07-14 23:09:34,616] {dag.py:2305} INFO - Setting next_dagrun for example_complex to None
[2021-07-14 23:09:34,639] {scheduler_job.py:190} INFO - Processing /home/airflow/sandbox/lib/python3.8/site-packages/airflow/example_dags/example_complex.py took 0.092 seconds
[2021-07-14 23:09:36,093] {scheduler_job.py:182} INFO - Started process (PID=2241) to work on /home/airflow/sandbox/lib/python3.8/site-packages/airflow/example_dags/example_complex.py
[2021-07-14 23:09:36,095] {scheduler_job.py:633} INFO - Processing file /home/airflow/sandbox/lib/python3.8/site-packages/airflow/example_dags/example_complex.py for tasks to queue
[2021-07-14 23:09:36,096] {logging_mixin.py:104} INFO - [2021-07-14 23:09:36,096] {dagbag.py:487} INFO - Filling up the DagBag from /home/airflow/sandbox/lib/python3.8/site-packages/airflow/example_dags/example_complex.py
[2021-07-14 23:09:36,120] {scheduler_job.py:643} INFO - DAG(s) dict_keys(['example_complex']) retrieved from /home/airflow/sandbox/lib/python3.8/site-packages/airflow/example_dags/example_complex.py
[2021-07-14 23:09:36,151] {logging_mixin.py:104} INFO - [2021-07-14 23:09:36,151] {dag.py:1832} INFO - Sync 1 DAGs
[2021-07-14 23:09:36,167] {logging_mixin.py:104} INFO - [2021-07-14 23:09:36,167] {dag.py:2305} INFO - Setting next_dagrun for example_complex to None
[2021-07-14 23:09:36,196] {scheduler_job.py:190} INFO - Processing /home/airflow/sandbox/lib/python3.8/site-packages/airflow/example_dags/example_complex.py took 0.109 seconds
[2021-07-14 23:10:07,089] {scheduler_job.py:182} INFO - Started process (PID=2302) to work on /home/airflow/sandbox/lib/python3.8/site-packages/airflow/example_dags/example_complex.py
[2021-07-14 23:10:07,090] {scheduler_job.py:633} INFO - Processing file /home/airflow/sandbox/lib/python3.8/site-packages/airflow/example_dags/example_complex.py for tasks to queue
[2021-07-14 23:10:07,090] {logging_mixin.py:104} INFO - [2021-07-14 23:10:07,090] {dagbag.py:487} INFO - Filling up the DagBag from /home/airflow/sandbox/lib/python3.8/site-packages/airflow/example_dags/example_complex.py
[2021-07-14 23:10:07,110] {scheduler_job.py:643} INFO - DAG(s) dict_keys(['example_complex']) retrieved from /home/airflow/sandbox/lib/python3.8/site-packages/airflow/example_dags/example_complex.py
[2021-07-14 23:10:07,130] {logging_mixin.py:104} INFO - [2021-07-14 23:10:07,130] {dag.py:1832} INFO - Sync 1 DAGs
[2021-07-14 23:10:07,142] {logging_mixin.py:104} INFO - [2021-07-14 23:10:07,142] {dag.py:2305} INFO - Setting next_dagrun for example_complex to None
[2021-07-14 23:10:07,155] {scheduler_job.py:190} INFO - Processing /home/airflow/sandbox/lib/python3.8/site-packages/airflow/example_dags/example_complex.py took 0.070 seconds
[2021-07-14 23:10:08,214] {scheduler_job.py:182} INFO - Started process (PID=2304) to work on /home/airflow/sandbox/lib/python3.8/site-packages/airflow/example_dags/example_complex.py
[2021-07-14 23:10:08,216] {scheduler_job.py:633} INFO - Processing file /home/airflow/sandbox/lib/python3.8/site-packages/airflow/example_dags/example_complex.py for tasks to queue
[2021-07-14 23:10:08,216] {logging_mixin.py:104} INFO - [2021-07-14 23:10:08,216] {dagbag.py:487} INFO - Filling up the DagBag from /home/airflow/sandbox/lib/python3.8/site-packages/airflow/example_dags/example_complex.py
[2021-07-14 23:10:08,247] {scheduler_job.py:643} INFO - DAG(s) dict_keys(['example_complex']) retrieved from /home/airflow/sandbox/lib/python3.8/site-packages/airflow/example_dags/example_complex.py
[2021-07-14 23:10:08,292] {logging_mixin.py:104} INFO - [2021-07-14 23:10:08,292] {dag.py:1832} INFO - Sync 1 DAGs
[2021-07-14 23:10:08,311] {logging_mixin.py:104} INFO - [2021-07-14 23:10:08,311] {dag.py:2305} INFO - Setting next_dagrun for example_complex to None
[2021-07-14 23:10:08,336] {scheduler_job.py:190} INFO - Processing /home/airflow/sandbox/lib/python3.8/site-packages/airflow/example_dags/example_complex.py took 0.125 seconds
[2021-07-14 23:10:41,278] {scheduler_job.py:182} INFO - Started process (PID=2362) to work on /home/airflow/sandbox/lib/python3.8/site-packages/airflow/example_dags/example_complex.py
[2021-07-14 23:10:41,286] {scheduler_job.py:633} INFO - Processing file /home/airflow/sandbox/lib/python3.8/site-packages/airflow/example_dags/example_complex.py for tasks to queue
[2021-07-14 23:10:41,294] {logging_mixin.py:104} INFO - [2021-07-14 23:10:41,290] {dagbag.py:487} INFO - Filling up the DagBag from /home/airflow/sandbox/lib/python3.8/site-packages/airflow/example_dags/example_complex.py
[2021-07-14 23:10:41,569] {scheduler_job.py:643} INFO - DAG(s) dict_keys(['example_complex']) retrieved from /home/airflow/sandbox/lib/python3.8/site-packages/airflow/example_dags/example_complex.py
[2021-07-14 23:10:41,803] {logging_mixin.py:104} INFO - [2021-07-14 23:10:41,802] {dag.py:1832} INFO - Sync 1 DAGs
[2021-07-14 23:10:41,977] {logging_mixin.py:104} INFO - [2021-07-14 23:10:41,976] {dag.py:2305} INFO - Setting next_dagrun for example_complex to None
[2021-07-14 23:10:42,221] {scheduler_job.py:190} INFO - Processing /home/airflow/sandbox/lib/python3.8/site-packages/airflow/example_dags/example_complex.py took 0.982 seconds
[2021-07-14 23:11:01,946] {scheduler_job.py:182} INFO - Started process (PID=2384) to work on /home/airflow/sandbox/lib/python3.8/site-packages/airflow/example_dags/example_complex.py
[2021-07-14 23:11:01,957] {scheduler_job.py:633} INFO - Processing file /home/airflow/sandbox/lib/python3.8/site-packages/airflow/example_dags/example_complex.py for tasks to queue
[2021-07-14 23:11:01,959] {logging_mixin.py:104} INFO - [2021-07-14 23:11:01,959] {dagbag.py:487} INFO - Filling up the DagBag from /home/airflow/sandbox/lib/python3.8/site-packages/airflow/example_dags/example_complex.py
[2021-07-14 23:11:02,076] {scheduler_job.py:643} INFO - DAG(s) dict_keys(['example_complex']) retrieved from /home/airflow/sandbox/lib/python3.8/site-packages/airflow/example_dags/example_complex.py
[2021-07-14 23:11:02,195] {logging_mixin.py:104} INFO - [2021-07-14 23:11:02,195] {dag.py:1832} INFO - Sync 1 DAGs
[2021-07-14 23:11:02,267] {logging_mixin.py:104} INFO - [2021-07-14 23:11:02,263] {dag.py:2305} INFO - Setting next_dagrun for example_complex to None
[2021-07-14 23:11:02,320] {scheduler_job.py:190} INFO - Processing /home/airflow/sandbox/lib/python3.8/site-packages/airflow/example_dags/example_complex.py took 0.395 seconds
[2021-07-14 23:11:33,735] {scheduler_job.py:182} INFO - Started process (PID=2434) to work on /home/airflow/sandbox/lib/python3.8/site-packages/airflow/example_dags/example_complex.py
[2021-07-14 23:11:33,736] {scheduler_job.py:633} INFO - Processing file /home/airflow/sandbox/lib/python3.8/site-packages/airflow/example_dags/example_complex.py for tasks to queue
[2021-07-14 23:11:33,737] {logging_mixin.py:104} INFO - [2021-07-14 23:11:33,737] {dagbag.py:487} INFO - Filling up the DagBag from /home/airflow/sandbox/lib/python3.8/site-packages/airflow/example_dags/example_complex.py
[2021-07-14 23:11:33,754] {scheduler_job.py:643} INFO - DAG(s) dict_keys(['example_complex']) retrieved from /home/airflow/sandbox/lib/python3.8/site-packages/airflow/example_dags/example_complex.py
[2021-07-14 23:11:33,772] {logging_mixin.py:104} INFO - [2021-07-14 23:11:33,772] {dag.py:1832} INFO - Sync 1 DAGs
[2021-07-14 23:11:33,783] {logging_mixin.py:104} INFO - [2021-07-14 23:11:33,783] {dag.py:2305} INFO - Setting next_dagrun for example_complex to None
[2021-07-14 23:11:33,794] {scheduler_job.py:190} INFO - Processing /home/airflow/sandbox/lib/python3.8/site-packages/airflow/example_dags/example_complex.py took 0.062 seconds
[2021-07-14 23:11:42,877] {scheduler_job.py:182} INFO - Started process (PID=2452) to work on /home/airflow/sandbox/lib/python3.8/site-packages/airflow/example_dags/example_complex.py
[2021-07-14 23:11:42,879] {scheduler_job.py:633} INFO - Processing file /home/airflow/sandbox/lib/python3.8/site-packages/airflow/example_dags/example_complex.py for tasks to queue
[2021-07-14 23:11:42,879] {logging_mixin.py:104} INFO - [2021-07-14 23:11:42,879] {dagbag.py:487} INFO - Filling up the DagBag from /home/airflow/sandbox/lib/python3.8/site-packages/airflow/example_dags/example_complex.py
[2021-07-14 23:11:42,901] {scheduler_job.py:643} INFO - DAG(s) dict_keys(['example_complex']) retrieved from /home/airflow/sandbox/lib/python3.8/site-packages/airflow/example_dags/example_complex.py
[2021-07-14 23:11:42,926] {logging_mixin.py:104} INFO - [2021-07-14 23:11:42,926] {dag.py:1832} INFO - Sync 1 DAGs
[2021-07-14 23:11:42,938] {logging_mixin.py:104} INFO - [2021-07-14 23:11:42,938] {dag.py:2305} INFO - Setting next_dagrun for example_complex to None
[2021-07-14 23:11:42,950] {scheduler_job.py:190} INFO - Processing /home/airflow/sandbox/lib/python3.8/site-packages/airflow/example_dags/example_complex.py took 0.076 seconds
[2021-07-14 23:12:06,113] {scheduler_job.py:182} INFO - Started process (PID=2497) to work on /home/airflow/sandbox/lib/python3.8/site-packages/airflow/example_dags/example_complex.py
[2021-07-14 23:12:06,115] {scheduler_job.py:633} INFO - Processing file /home/airflow/sandbox/lib/python3.8/site-packages/airflow/example_dags/example_complex.py for tasks to queue
[2021-07-14 23:12:06,115] {logging_mixin.py:104} INFO - [2021-07-14 23:12:06,115] {dagbag.py:487} INFO - Filling up the DagBag from /home/airflow/sandbox/lib/python3.8/site-packages/airflow/example_dags/example_complex.py
[2021-07-14 23:12:06,131] {scheduler_job.py:643} INFO - DAG(s) dict_keys(['example_complex']) retrieved from /home/airflow/sandbox/lib/python3.8/site-packages/airflow/example_dags/example_complex.py
[2021-07-14 23:12:06,151] {logging_mixin.py:104} INFO - [2021-07-14 23:12:06,151] {dag.py:1832} INFO - Sync 1 DAGs
[2021-07-14 23:12:06,159] {logging_mixin.py:104} INFO - [2021-07-14 23:12:06,159] {dag.py:2305} INFO - Setting next_dagrun for example_complex to None
[2021-07-14 23:12:06,169] {scheduler_job.py:190} INFO - Processing /home/airflow/sandbox/lib/python3.8/site-packages/airflow/example_dags/example_complex.py took 0.059 seconds
[2021-07-14 23:12:17,986] {scheduler_job.py:182} INFO - Started process (PID=2522) to work on /home/airflow/sandbox/lib/python3.8/site-packages/airflow/example_dags/example_complex.py
[2021-07-14 23:12:17,987] {scheduler_job.py:633} INFO - Processing file /home/airflow/sandbox/lib/python3.8/site-packages/airflow/example_dags/example_complex.py for tasks to queue
[2021-07-14 23:12:17,988] {logging_mixin.py:104} INFO - [2021-07-14 23:12:17,988] {dagbag.py:487} INFO - Filling up the DagBag from /home/airflow/sandbox/lib/python3.8/site-packages/airflow/example_dags/example_complex.py
[2021-07-14 23:12:18,004] {scheduler_job.py:643} INFO - DAG(s) dict_keys(['example_complex']) retrieved from /home/airflow/sandbox/lib/python3.8/site-packages/airflow/example_dags/example_complex.py
[2021-07-14 23:12:18,022] {logging_mixin.py:104} INFO - [2021-07-14 23:12:18,022] {dag.py:1832} INFO - Sync 1 DAGs
[2021-07-14 23:12:18,032] {logging_mixin.py:104} INFO - [2021-07-14 23:12:18,032] {dag.py:2305} INFO - Setting next_dagrun for example_complex to None
[2021-07-14 23:12:18,045] {scheduler_job.py:190} INFO - Processing /home/airflow/sandbox/lib/python3.8/site-packages/airflow/example_dags/example_complex.py took 0.061 seconds
[2021-07-14 23:12:42,365] {scheduler_job.py:182} INFO - Started process (PID=2566) to work on /home/airflow/sandbox/lib/python3.8/site-packages/airflow/example_dags/example_complex.py
[2021-07-14 23:12:42,367] {scheduler_job.py:633} INFO - Processing file /home/airflow/sandbox/lib/python3.8/site-packages/airflow/example_dags/example_complex.py for tasks to queue
[2021-07-14 23:12:42,367] {logging_mixin.py:104} INFO - [2021-07-14 23:12:42,367] {dagbag.py:487} INFO - Filling up the DagBag from /home/airflow/sandbox/lib/python3.8/site-packages/airflow/example_dags/example_complex.py
[2021-07-14 23:12:42,398] {scheduler_job.py:643} INFO - DAG(s) dict_keys(['example_complex']) retrieved from /home/airflow/sandbox/lib/python3.8/site-packages/airflow/example_dags/example_complex.py
[2021-07-14 23:12:42,427] {logging_mixin.py:104} INFO - [2021-07-14 23:12:42,426] {dag.py:1832} INFO - Sync 1 DAGs
[2021-07-14 23:12:42,443] {logging_mixin.py:104} INFO - [2021-07-14 23:12:42,443] {dag.py:2305} INFO - Setting next_dagrun for example_complex to None
[2021-07-14 23:12:42,457] {scheduler_job.py:190} INFO - Processing /home/airflow/sandbox/lib/python3.8/site-packages/airflow/example_dags/example_complex.py took 0.095 seconds
[2021-07-14 23:12:54,829] {scheduler_job.py:182} INFO - Started process (PID=2591) to work on /home/airflow/sandbox/lib/python3.8/site-packages/airflow/example_dags/example_complex.py
[2021-07-14 23:12:54,830] {scheduler_job.py:633} INFO - Processing file /home/airflow/sandbox/lib/python3.8/site-packages/airflow/example_dags/example_complex.py for tasks to queue
[2021-07-14 23:12:54,830] {logging_mixin.py:104} INFO - [2021-07-14 23:12:54,830] {dagbag.py:487} INFO - Filling up the DagBag from /home/airflow/sandbox/lib/python3.8/site-packages/airflow/example_dags/example_complex.py
[2021-07-14 23:12:54,845] {scheduler_job.py:643} INFO - DAG(s) dict_keys(['example_complex']) retrieved from /home/airflow/sandbox/lib/python3.8/site-packages/airflow/example_dags/example_complex.py
[2021-07-14 23:12:54,863] {logging_mixin.py:104} INFO - [2021-07-14 23:12:54,863] {dag.py:1832} INFO - Sync 1 DAGs
[2021-07-14 23:12:54,872] {logging_mixin.py:104} INFO - [2021-07-14 23:12:54,872] {dag.py:2305} INFO - Setting next_dagrun for example_complex to None
[2021-07-14 23:12:54,891] {scheduler_job.py:190} INFO - Processing /home/airflow/sandbox/lib/python3.8/site-packages/airflow/example_dags/example_complex.py took 0.064 seconds
[2021-07-14 23:49:15,158] {scheduler_job.py:182} INFO - Started process (PID=1869) to work on /home/airflow/sandbox/lib/python3.8/site-packages/airflow/example_dags/example_complex.py
[2021-07-14 23:49:15,161] {scheduler_job.py:633} INFO - Processing file /home/airflow/sandbox/lib/python3.8/site-packages/airflow/example_dags/example_complex.py for tasks to queue
[2021-07-14 23:49:15,162] {logging_mixin.py:104} INFO - [2021-07-14 23:49:15,162] {dagbag.py:487} INFO - Filling up the DagBag from /home/airflow/sandbox/lib/python3.8/site-packages/airflow/example_dags/example_complex.py
[2021-07-14 23:49:15,184] {scheduler_job.py:643} INFO - DAG(s) dict_keys(['example_complex']) retrieved from /home/airflow/sandbox/lib/python3.8/site-packages/airflow/example_dags/example_complex.py
[2021-07-14 23:49:15,200] {logging_mixin.py:104} INFO - [2021-07-14 23:49:15,200] {dag.py:1832} INFO - Sync 1 DAGs
[2021-07-14 23:49:15,209] {logging_mixin.py:104} INFO - [2021-07-14 23:49:15,209] {dag.py:2305} INFO - Setting next_dagrun for example_complex to None
[2021-07-14 23:49:15,219] {scheduler_job.py:190} INFO - Processing /home/airflow/sandbox/lib/python3.8/site-packages/airflow/example_dags/example_complex.py took 0.063 seconds
[2021-07-14 23:49:47,351] {scheduler_job.py:182} INFO - Started process (PID=1900) to work on /home/airflow/sandbox/lib/python3.8/site-packages/airflow/example_dags/example_complex.py
[2021-07-14 23:49:47,351] {scheduler_job.py:633} INFO - Processing file /home/airflow/sandbox/lib/python3.8/site-packages/airflow/example_dags/example_complex.py for tasks to queue
[2021-07-14 23:49:47,352] {logging_mixin.py:104} INFO - [2021-07-14 23:49:47,352] {dagbag.py:487} INFO - Filling up the DagBag from /home/airflow/sandbox/lib/python3.8/site-packages/airflow/example_dags/example_complex.py
[2021-07-14 23:49:47,368] {scheduler_job.py:643} INFO - DAG(s) dict_keys(['example_complex']) retrieved from /home/airflow/sandbox/lib/python3.8/site-packages/airflow/example_dags/example_complex.py
[2021-07-14 23:49:47,390] {logging_mixin.py:104} INFO - [2021-07-14 23:49:47,390] {dag.py:1832} INFO - Sync 1 DAGs
[2021-07-14 23:49:47,398] {logging_mixin.py:104} INFO - [2021-07-14 23:49:47,398] {dag.py:2305} INFO - Setting next_dagrun for example_complex to None
[2021-07-14 23:49:47,410] {scheduler_job.py:190} INFO - Processing /home/airflow/sandbox/lib/python3.8/site-packages/airflow/example_dags/example_complex.py took 0.062 seconds
[2021-07-14 23:50:19,346] {scheduler_job.py:182} INFO - Started process (PID=1931) to work on /home/airflow/sandbox/lib/python3.8/site-packages/airflow/example_dags/example_complex.py
[2021-07-14 23:50:19,347] {scheduler_job.py:633} INFO - Processing file /home/airflow/sandbox/lib/python3.8/site-packages/airflow/example_dags/example_complex.py for tasks to queue
[2021-07-14 23:50:19,347] {logging_mixin.py:104} INFO - [2021-07-14 23:50:19,347] {dagbag.py:487} INFO - Filling up the DagBag from /home/airflow/sandbox/lib/python3.8/site-packages/airflow/example_dags/example_complex.py
[2021-07-14 23:50:19,367] {scheduler_job.py:643} INFO - DAG(s) dict_keys(['example_complex']) retrieved from /home/airflow/sandbox/lib/python3.8/site-packages/airflow/example_dags/example_complex.py
[2021-07-14 23:50:19,386] {logging_mixin.py:104} INFO - [2021-07-14 23:50:19,386] {dag.py:1832} INFO - Sync 1 DAGs
[2021-07-14 23:50:19,396] {logging_mixin.py:104} INFO - [2021-07-14 23:50:19,396] {dag.py:2305} INFO - Setting next_dagrun for example_complex to None
[2021-07-14 23:50:19,408] {scheduler_job.py:190} INFO - Processing /home/airflow/sandbox/lib/python3.8/site-packages/airflow/example_dags/example_complex.py took 0.064 seconds
[2021-07-14 23:50:52,126] {scheduler_job.py:182} INFO - Started process (PID=1963) to work on /home/airflow/sandbox/lib/python3.8/site-packages/airflow/example_dags/example_complex.py
[2021-07-14 23:50:52,127] {scheduler_job.py:633} INFO - Processing file /home/airflow/sandbox/lib/python3.8/site-packages/airflow/example_dags/example_complex.py for tasks to queue
[2021-07-14 23:50:52,128] {logging_mixin.py:104} INFO - [2021-07-14 23:50:52,128] {dagbag.py:487} INFO - Filling up the DagBag from /home/airflow/sandbox/lib/python3.8/site-packages/airflow/example_dags/example_complex.py
[2021-07-14 23:50:52,149] {scheduler_job.py:643} INFO - DAG(s) dict_keys(['example_complex']) retrieved from /home/airflow/sandbox/lib/python3.8/site-packages/airflow/example_dags/example_complex.py
[2021-07-14 23:50:52,172] {logging_mixin.py:104} INFO - [2021-07-14 23:50:52,172] {dag.py:1832} INFO - Sync 1 DAGs
[2021-07-14 23:50:52,184] {logging_mixin.py:104} INFO - [2021-07-14 23:50:52,184] {dag.py:2305} INFO - Setting next_dagrun for example_complex to None
[2021-07-14 23:50:52,199] {scheduler_job.py:190} INFO - Processing /home/airflow/sandbox/lib/python3.8/site-packages/airflow/example_dags/example_complex.py took 0.076 seconds
[2021-07-14 23:51:36,495] {scheduler_job.py:182} INFO - Started process (PID=1997) to work on /home/airflow/sandbox/lib/python3.8/site-packages/airflow/example_dags/example_complex.py
[2021-07-14 23:51:36,503] {scheduler_job.py:633} INFO - Processing file /home/airflow/sandbox/lib/python3.8/site-packages/airflow/example_dags/example_complex.py for tasks to queue
[2021-07-14 23:51:36,510] {logging_mixin.py:104} INFO - [2021-07-14 23:51:36,505] {dagbag.py:487} INFO - Filling up the DagBag from /home/airflow/sandbox/lib/python3.8/site-packages/airflow/example_dags/example_complex.py
[2021-07-14 23:51:36,607] {scheduler_job.py:643} INFO - DAG(s) dict_keys(['example_complex']) retrieved from /home/airflow/sandbox/lib/python3.8/site-packages/airflow/example_dags/example_complex.py
[2021-07-14 23:51:36,692] {logging_mixin.py:104} INFO - [2021-07-14 23:51:36,692] {dag.py:1832} INFO - Sync 1 DAGs
[2021-07-14 23:51:36,740] {logging_mixin.py:104} INFO - [2021-07-14 23:51:36,739] {dag.py:2305} INFO - Setting next_dagrun for example_complex to None
[2021-07-14 23:51:36,791] {scheduler_job.py:190} INFO - Processing /home/airflow/sandbox/lib/python3.8/site-packages/airflow/example_dags/example_complex.py took 0.320 seconds
[2021-07-14 23:52:15,375] {scheduler_job.py:182} INFO - Started process (PID=2028) to work on /home/airflow/sandbox/lib/python3.8/site-packages/airflow/example_dags/example_complex.py
[2021-07-14 23:52:15,376] {scheduler_job.py:633} INFO - Processing file /home/airflow/sandbox/lib/python3.8/site-packages/airflow/example_dags/example_complex.py for tasks to queue
[2021-07-14 23:52:15,376] {logging_mixin.py:104} INFO - [2021-07-14 23:52:15,376] {dagbag.py:487} INFO - Filling up the DagBag from /home/airflow/sandbox/lib/python3.8/site-packages/airflow/example_dags/example_complex.py
[2021-07-14 23:52:15,397] {scheduler_job.py:643} INFO - DAG(s) dict_keys(['example_complex']) retrieved from /home/airflow/sandbox/lib/python3.8/site-packages/airflow/example_dags/example_complex.py
[2021-07-14 23:52:15,418] {logging_mixin.py:104} INFO - [2021-07-14 23:52:15,417] {dag.py:1832} INFO - Sync 1 DAGs
[2021-07-14 23:52:15,429] {logging_mixin.py:104} INFO - [2021-07-14 23:52:15,428] {dag.py:2305} INFO - Setting next_dagrun for example_complex to None
[2021-07-14 23:52:15,444] {scheduler_job.py:190} INFO - Processing /home/airflow/sandbox/lib/python3.8/site-packages/airflow/example_dags/example_complex.py took 0.072 seconds
[2021-07-14 23:52:47,713] {scheduler_job.py:182} INFO - Started process (PID=2060) to work on /home/airflow/sandbox/lib/python3.8/site-packages/airflow/example_dags/example_complex.py
[2021-07-14 23:52:47,713] {scheduler_job.py:633} INFO - Processing file /home/airflow/sandbox/lib/python3.8/site-packages/airflow/example_dags/example_complex.py for tasks to queue
[2021-07-14 23:52:47,714] {logging_mixin.py:104} INFO - [2021-07-14 23:52:47,714] {dagbag.py:487} INFO - Filling up the DagBag from /home/airflow/sandbox/lib/python3.8/site-packages/airflow/example_dags/example_complex.py
[2021-07-14 23:52:47,730] {scheduler_job.py:643} INFO - DAG(s) dict_keys(['example_complex']) retrieved from /home/airflow/sandbox/lib/python3.8/site-packages/airflow/example_dags/example_complex.py
[2021-07-14 23:52:47,748] {logging_mixin.py:104} INFO - [2021-07-14 23:52:47,748] {dag.py:1832} INFO - Sync 1 DAGs
[2021-07-14 23:52:47,757] {logging_mixin.py:104} INFO - [2021-07-14 23:52:47,756] {dag.py:2305} INFO - Setting next_dagrun for example_complex to None
[2021-07-14 23:52:47,776] {scheduler_job.py:190} INFO - Processing /home/airflow/sandbox/lib/python3.8/site-packages/airflow/example_dags/example_complex.py took 0.067 seconds
[2021-07-14 23:53:20,232] {scheduler_job.py:182} INFO - Started process (PID=2091) to work on /home/airflow/sandbox/lib/python3.8/site-packages/airflow/example_dags/example_complex.py
[2021-07-14 23:53:20,233] {scheduler_job.py:633} INFO - Processing file /home/airflow/sandbox/lib/python3.8/site-packages/airflow/example_dags/example_complex.py for tasks to queue
[2021-07-14 23:53:20,233] {logging_mixin.py:104} INFO - [2021-07-14 23:53:20,233] {dagbag.py:487} INFO - Filling up the DagBag from /home/airflow/sandbox/lib/python3.8/site-packages/airflow/example_dags/example_complex.py
[2021-07-14 23:53:20,250] {scheduler_job.py:643} INFO - DAG(s) dict_keys(['example_complex']) retrieved from /home/airflow/sandbox/lib/python3.8/site-packages/airflow/example_dags/example_complex.py
[2021-07-14 23:53:20,268] {logging_mixin.py:104} INFO - [2021-07-14 23:53:20,268] {dag.py:1832} INFO - Sync 1 DAGs
[2021-07-14 23:53:20,276] {logging_mixin.py:104} INFO - [2021-07-14 23:53:20,276] {dag.py:2305} INFO - Setting next_dagrun for example_complex to None
[2021-07-14 23:53:20,288] {scheduler_job.py:190} INFO - Processing /home/airflow/sandbox/lib/python3.8/site-packages/airflow/example_dags/example_complex.py took 0.058 seconds
[2021-07-14 23:53:54,032] {scheduler_job.py:182} INFO - Started process (PID=2124) to work on /home/airflow/sandbox/lib/python3.8/site-packages/airflow/example_dags/example_complex.py
[2021-07-14 23:53:54,033] {scheduler_job.py:633} INFO - Processing file /home/airflow/sandbox/lib/python3.8/site-packages/airflow/example_dags/example_complex.py for tasks to queue
[2021-07-14 23:53:54,033] {logging_mixin.py:104} INFO - [2021-07-14 23:53:54,033] {dagbag.py:487} INFO - Filling up the DagBag from /home/airflow/sandbox/lib/python3.8/site-packages/airflow/example_dags/example_complex.py
[2021-07-14 23:53:54,051] {scheduler_job.py:643} INFO - DAG(s) dict_keys(['example_complex']) retrieved from /home/airflow/sandbox/lib/python3.8/site-packages/airflow/example_dags/example_complex.py
[2021-07-14 23:53:54,078] {logging_mixin.py:104} INFO - [2021-07-14 23:53:54,078] {dag.py:1832} INFO - Sync 1 DAGs
[2021-07-14 23:53:54,091] {logging_mixin.py:104} INFO - [2021-07-14 23:53:54,090] {dag.py:2305} INFO - Setting next_dagrun for example_complex to None
[2021-07-14 23:53:54,111] {scheduler_job.py:190} INFO - Processing /home/airflow/sandbox/lib/python3.8/site-packages/airflow/example_dags/example_complex.py took 0.082 seconds
[2021-07-14 23:54:27,426] {scheduler_job.py:182} INFO - Started process (PID=2156) to work on /home/airflow/sandbox/lib/python3.8/site-packages/airflow/example_dags/example_complex.py
[2021-07-14 23:54:27,427] {scheduler_job.py:633} INFO - Processing file /home/airflow/sandbox/lib/python3.8/site-packages/airflow/example_dags/example_complex.py for tasks to queue
[2021-07-14 23:54:27,428] {logging_mixin.py:104} INFO - [2021-07-14 23:54:27,428] {dagbag.py:487} INFO - Filling up the DagBag from /home/airflow/sandbox/lib/python3.8/site-packages/airflow/example_dags/example_complex.py
[2021-07-14 23:54:27,446] {scheduler_job.py:643} INFO - DAG(s) dict_keys(['example_complex']) retrieved from /home/airflow/sandbox/lib/python3.8/site-packages/airflow/example_dags/example_complex.py
[2021-07-14 23:54:27,463] {logging_mixin.py:104} INFO - [2021-07-14 23:54:27,463] {dag.py:1832} INFO - Sync 1 DAGs
[2021-07-14 23:54:27,474] {logging_mixin.py:104} INFO - [2021-07-14 23:54:27,474] {dag.py:2305} INFO - Setting next_dagrun for example_complex to None
[2021-07-14 23:54:27,495] {scheduler_job.py:190} INFO - Processing /home/airflow/sandbox/lib/python3.8/site-packages/airflow/example_dags/example_complex.py took 0.071 seconds
[2021-07-14 23:55:01,413] {scheduler_job.py:182} INFO - Started process (PID=2189) to work on /home/airflow/sandbox/lib/python3.8/site-packages/airflow/example_dags/example_complex.py
[2021-07-14 23:55:01,414] {scheduler_job.py:633} INFO - Processing file /home/airflow/sandbox/lib/python3.8/site-packages/airflow/example_dags/example_complex.py for tasks to queue
[2021-07-14 23:55:01,415] {logging_mixin.py:104} INFO - [2021-07-14 23:55:01,415] {dagbag.py:487} INFO - Filling up the DagBag from /home/airflow/sandbox/lib/python3.8/site-packages/airflow/example_dags/example_complex.py
[2021-07-14 23:55:01,435] {scheduler_job.py:643} INFO - DAG(s) dict_keys(['example_complex']) retrieved from /home/airflow/sandbox/lib/python3.8/site-packages/airflow/example_dags/example_complex.py
[2021-07-14 23:55:01,458] {logging_mixin.py:104} INFO - [2021-07-14 23:55:01,458] {dag.py:1832} INFO - Sync 1 DAGs
[2021-07-14 23:55:01,468] {logging_mixin.py:104} INFO - [2021-07-14 23:55:01,468] {dag.py:2305} INFO - Setting next_dagrun for example_complex to None
[2021-07-14 23:55:01,490] {scheduler_job.py:190} INFO - Processing /home/airflow/sandbox/lib/python3.8/site-packages/airflow/example_dags/example_complex.py took 0.079 seconds
[2021-07-14 23:56:11,616] {scheduler_job.py:182} INFO - Started process (PID=2266) to work on /home/airflow/sandbox/lib/python3.8/site-packages/airflow/example_dags/example_complex.py
[2021-07-14 23:56:11,617] {scheduler_job.py:633} INFO - Processing file /home/airflow/sandbox/lib/python3.8/site-packages/airflow/example_dags/example_complex.py for tasks to queue
[2021-07-14 23:56:11,617] {logging_mixin.py:104} INFO - [2021-07-14 23:56:11,617] {dagbag.py:487} INFO - Filling up the DagBag from /home/airflow/sandbox/lib/python3.8/site-packages/airflow/example_dags/example_complex.py
[2021-07-14 23:56:11,635] {scheduler_job.py:643} INFO - DAG(s) dict_keys(['example_complex']) retrieved from /home/airflow/sandbox/lib/python3.8/site-packages/airflow/example_dags/example_complex.py
[2021-07-14 23:56:11,655] {logging_mixin.py:104} INFO - [2021-07-14 23:56:11,655] {dag.py:1832} INFO - Sync 1 DAGs
[2021-07-14 23:56:11,664] {logging_mixin.py:104} INFO - [2021-07-14 23:56:11,664] {dag.py:2305} INFO - Setting next_dagrun for example_complex to None
[2021-07-14 23:56:11,681] {scheduler_job.py:190} INFO - Processing /home/airflow/sandbox/lib/python3.8/site-packages/airflow/example_dags/example_complex.py took 0.068 seconds
[2021-07-14 23:56:45,960] {scheduler_job.py:182} INFO - Started process (PID=2299) to work on /home/airflow/sandbox/lib/python3.8/site-packages/airflow/example_dags/example_complex.py
[2021-07-14 23:56:45,961] {scheduler_job.py:633} INFO - Processing file /home/airflow/sandbox/lib/python3.8/site-packages/airflow/example_dags/example_complex.py for tasks to queue
[2021-07-14 23:56:45,961] {logging_mixin.py:104} INFO - [2021-07-14 23:56:45,961] {dagbag.py:487} INFO - Filling up the DagBag from /home/airflow/sandbox/lib/python3.8/site-packages/airflow/example_dags/example_complex.py
[2021-07-14 23:56:45,979] {scheduler_job.py:643} INFO - DAG(s) dict_keys(['example_complex']) retrieved from /home/airflow/sandbox/lib/python3.8/site-packages/airflow/example_dags/example_complex.py
[2021-07-14 23:56:46,000] {logging_mixin.py:104} INFO - [2021-07-14 23:56:46,000] {dag.py:1832} INFO - Sync 1 DAGs
[2021-07-14 23:56:46,035] {logging_mixin.py:104} INFO - [2021-07-14 23:56:46,035] {dag.py:2305} INFO - Setting next_dagrun for example_complex to None
[2021-07-14 23:56:46,047] {scheduler_job.py:190} INFO - Processing /home/airflow/sandbox/lib/python3.8/site-packages/airflow/example_dags/example_complex.py took 0.090 seconds
[2021-07-14 23:57:20,756] {scheduler_job.py:182} INFO - Started process (PID=2332) to work on /home/airflow/sandbox/lib/python3.8/site-packages/airflow/example_dags/example_complex.py
[2021-07-14 23:57:20,757] {scheduler_job.py:633} INFO - Processing file /home/airflow/sandbox/lib/python3.8/site-packages/airflow/example_dags/example_complex.py for tasks to queue
[2021-07-14 23:57:20,758] {logging_mixin.py:104} INFO - [2021-07-14 23:57:20,758] {dagbag.py:487} INFO - Filling up the DagBag from /home/airflow/sandbox/lib/python3.8/site-packages/airflow/example_dags/example_complex.py
[2021-07-14 23:57:20,788] {scheduler_job.py:643} INFO - DAG(s) dict_keys(['example_complex']) retrieved from /home/airflow/sandbox/lib/python3.8/site-packages/airflow/example_dags/example_complex.py
[2021-07-14 23:57:20,812] {logging_mixin.py:104} INFO - [2021-07-14 23:57:20,812] {dag.py:1832} INFO - Sync 1 DAGs
[2021-07-14 23:57:20,825] {logging_mixin.py:104} INFO - [2021-07-14 23:57:20,825] {dag.py:2305} INFO - Setting next_dagrun for example_complex to None
[2021-07-14 23:57:20,842] {scheduler_job.py:190} INFO - Processing /home/airflow/sandbox/lib/python3.8/site-packages/airflow/example_dags/example_complex.py took 0.089 seconds
[2021-07-14 23:57:55,168] {scheduler_job.py:182} INFO - Started process (PID=2364) to work on /home/airflow/sandbox/lib/python3.8/site-packages/airflow/example_dags/example_complex.py
[2021-07-14 23:57:55,169] {scheduler_job.py:633} INFO - Processing file /home/airflow/sandbox/lib/python3.8/site-packages/airflow/example_dags/example_complex.py for tasks to queue
[2021-07-14 23:57:55,169] {logging_mixin.py:104} INFO - [2021-07-14 23:57:55,169] {dagbag.py:487} INFO - Filling up the DagBag from /home/airflow/sandbox/lib/python3.8/site-packages/airflow/example_dags/example_complex.py
[2021-07-14 23:57:55,186] {scheduler_job.py:643} INFO - DAG(s) dict_keys(['example_complex']) retrieved from /home/airflow/sandbox/lib/python3.8/site-packages/airflow/example_dags/example_complex.py
[2021-07-14 23:57:55,205] {logging_mixin.py:104} INFO - [2021-07-14 23:57:55,205] {dag.py:1832} INFO - Sync 1 DAGs
[2021-07-14 23:57:55,220] {logging_mixin.py:104} INFO - [2021-07-14 23:57:55,220] {dag.py:2305} INFO - Setting next_dagrun for example_complex to None
[2021-07-14 23:57:55,236] {scheduler_job.py:190} INFO - Processing /home/airflow/sandbox/lib/python3.8/site-packages/airflow/example_dags/example_complex.py took 0.071 seconds
[2021-07-14 23:58:26,878] {scheduler_job.py:182} INFO - Started process (PID=2395) to work on /home/airflow/sandbox/lib/python3.8/site-packages/airflow/example_dags/example_complex.py
[2021-07-14 23:58:26,879] {scheduler_job.py:633} INFO - Processing file /home/airflow/sandbox/lib/python3.8/site-packages/airflow/example_dags/example_complex.py for tasks to queue
[2021-07-14 23:58:26,879] {logging_mixin.py:104} INFO - [2021-07-14 23:58:26,879] {dagbag.py:487} INFO - Filling up the DagBag from /home/airflow/sandbox/lib/python3.8/site-packages/airflow/example_dags/example_complex.py
[2021-07-14 23:58:26,898] {scheduler_job.py:643} INFO - DAG(s) dict_keys(['example_complex']) retrieved from /home/airflow/sandbox/lib/python3.8/site-packages/airflow/example_dags/example_complex.py
[2021-07-14 23:58:26,918] {logging_mixin.py:104} INFO - [2021-07-14 23:58:26,918] {dag.py:1832} INFO - Sync 1 DAGs
[2021-07-14 23:58:26,929] {logging_mixin.py:104} INFO - [2021-07-14 23:58:26,929] {dag.py:2305} INFO - Setting next_dagrun for example_complex to None
[2021-07-14 23:58:26,942] {scheduler_job.py:190} INFO - Processing /home/airflow/sandbox/lib/python3.8/site-packages/airflow/example_dags/example_complex.py took 0.067 seconds
[2021-07-14 23:58:57,945] {scheduler_job.py:182} INFO - Started process (PID=2426) to work on /home/airflow/sandbox/lib/python3.8/site-packages/airflow/example_dags/example_complex.py
[2021-07-14 23:58:57,946] {scheduler_job.py:633} INFO - Processing file /home/airflow/sandbox/lib/python3.8/site-packages/airflow/example_dags/example_complex.py for tasks to queue
[2021-07-14 23:58:57,947] {logging_mixin.py:104} INFO - [2021-07-14 23:58:57,947] {dagbag.py:487} INFO - Filling up the DagBag from /home/airflow/sandbox/lib/python3.8/site-packages/airflow/example_dags/example_complex.py
[2021-07-14 23:58:57,962] {scheduler_job.py:643} INFO - DAG(s) dict_keys(['example_complex']) retrieved from /home/airflow/sandbox/lib/python3.8/site-packages/airflow/example_dags/example_complex.py
[2021-07-14 23:58:57,977] {logging_mixin.py:104} INFO - [2021-07-14 23:58:57,977] {dag.py:1832} INFO - Sync 1 DAGs
[2021-07-14 23:58:57,985] {logging_mixin.py:104} INFO - [2021-07-14 23:58:57,985] {dag.py:2305} INFO - Setting next_dagrun for example_complex to None
[2021-07-14 23:58:57,994] {scheduler_job.py:190} INFO - Processing /home/airflow/sandbox/lib/python3.8/site-packages/airflow/example_dags/example_complex.py took 0.051 seconds
[2021-07-14 23:59:28,758] {scheduler_job.py:182} INFO - Started process (PID=2457) to work on /home/airflow/sandbox/lib/python3.8/site-packages/airflow/example_dags/example_complex.py
[2021-07-14 23:59:28,759] {scheduler_job.py:633} INFO - Processing file /home/airflow/sandbox/lib/python3.8/site-packages/airflow/example_dags/example_complex.py for tasks to queue
[2021-07-14 23:59:28,759] {logging_mixin.py:104} INFO - [2021-07-14 23:59:28,759] {dagbag.py:487} INFO - Filling up the DagBag from /home/airflow/sandbox/lib/python3.8/site-packages/airflow/example_dags/example_complex.py
[2021-07-14 23:59:28,774] {scheduler_job.py:643} INFO - DAG(s) dict_keys(['example_complex']) retrieved from /home/airflow/sandbox/lib/python3.8/site-packages/airflow/example_dags/example_complex.py
[2021-07-14 23:59:28,789] {logging_mixin.py:104} INFO - [2021-07-14 23:59:28,789] {dag.py:1832} INFO - Sync 1 DAGs
[2021-07-14 23:59:28,797] {logging_mixin.py:104} INFO - [2021-07-14 23:59:28,797] {dag.py:2305} INFO - Setting next_dagrun for example_complex to None
[2021-07-14 23:59:28,806] {scheduler_job.py:190} INFO - Processing /home/airflow/sandbox/lib/python3.8/site-packages/airflow/example_dags/example_complex.py took 0.050 seconds
