[2021-07-14 23:02:58,983] {scheduler_job.py:182} INFO - Started process (PID=1586) to work on /home/airflow/sandbox/lib/python3.8/site-packages/airflow/example_dags/example_skip_dag.py
[2021-07-14 23:02:58,984] {scheduler_job.py:633} INFO - Processing file /home/airflow/sandbox/lib/python3.8/site-packages/airflow/example_dags/example_skip_dag.py for tasks to queue
[2021-07-14 23:02:58,985] {logging_mixin.py:104} INFO - [2021-07-14 23:02:58,985] {dagbag.py:487} INFO - Filling up the DagBag from /home/airflow/sandbox/lib/python3.8/site-packages/airflow/example_dags/example_skip_dag.py
[2021-07-14 23:02:59,008] {scheduler_job.py:643} INFO - DAG(s) dict_keys(['example_skip_dag']) retrieved from /home/airflow/sandbox/lib/python3.8/site-packages/airflow/example_dags/example_skip_dag.py
[2021-07-14 23:02:59,031] {logging_mixin.py:104} INFO - [2021-07-14 23:02:59,030] {dag.py:1832} INFO - Sync 1 DAGs
[2021-07-14 23:02:59,047] {logging_mixin.py:104} INFO - [2021-07-14 23:02:59,047] {dag.py:2305} INFO - Setting next_dagrun for example_skip_dag to 2021-07-12 00:00:00+00:00
[2021-07-14 23:02:59,067] {scheduler_job.py:190} INFO - Processing /home/airflow/sandbox/lib/python3.8/site-packages/airflow/example_dags/example_skip_dag.py took 0.088 seconds
[2021-07-14 23:03:35,189] {scheduler_job.py:182} INFO - Started process (PID=1624) to work on /home/airflow/sandbox/lib/python3.8/site-packages/airflow/example_dags/example_skip_dag.py
[2021-07-14 23:03:35,190] {scheduler_job.py:633} INFO - Processing file /home/airflow/sandbox/lib/python3.8/site-packages/airflow/example_dags/example_skip_dag.py for tasks to queue
[2021-07-14 23:03:35,191] {logging_mixin.py:104} INFO - [2021-07-14 23:03:35,191] {dagbag.py:487} INFO - Filling up the DagBag from /home/airflow/sandbox/lib/python3.8/site-packages/airflow/example_dags/example_skip_dag.py
[2021-07-14 23:03:35,221] {scheduler_job.py:643} INFO - DAG(s) dict_keys(['example_skip_dag']) retrieved from /home/airflow/sandbox/lib/python3.8/site-packages/airflow/example_dags/example_skip_dag.py
[2021-07-14 23:03:35,249] {logging_mixin.py:104} INFO - [2021-07-14 23:03:35,249] {dag.py:1832} INFO - Sync 1 DAGs
[2021-07-14 23:03:35,267] {logging_mixin.py:104} INFO - [2021-07-14 23:03:35,266] {dag.py:2305} INFO - Setting next_dagrun for example_skip_dag to 2021-07-12 00:00:00+00:00
[2021-07-14 23:03:35,289] {scheduler_job.py:190} INFO - Processing /home/airflow/sandbox/lib/python3.8/site-packages/airflow/example_dags/example_skip_dag.py took 0.104 seconds
[2021-07-14 23:04:12,522] {scheduler_job.py:182} INFO - Started process (PID=1667) to work on /home/airflow/sandbox/lib/python3.8/site-packages/airflow/example_dags/example_skip_dag.py
[2021-07-14 23:04:12,531] {scheduler_job.py:633} INFO - Processing file /home/airflow/sandbox/lib/python3.8/site-packages/airflow/example_dags/example_skip_dag.py for tasks to queue
[2021-07-14 23:04:12,537] {logging_mixin.py:104} INFO - [2021-07-14 23:04:12,537] {dagbag.py:487} INFO - Filling up the DagBag from /home/airflow/sandbox/lib/python3.8/site-packages/airflow/example_dags/example_skip_dag.py
[2021-07-14 23:04:12,644] {scheduler_job.py:643} INFO - DAG(s) dict_keys(['example_skip_dag']) retrieved from /home/airflow/sandbox/lib/python3.8/site-packages/airflow/example_dags/example_skip_dag.py
[2021-07-14 23:04:12,734] {logging_mixin.py:104} INFO - [2021-07-14 23:04:12,733] {dag.py:1832} INFO - Sync 1 DAGs
[2021-07-14 23:04:12,796] {logging_mixin.py:104} INFO - [2021-07-14 23:04:12,796] {dag.py:2305} INFO - Setting next_dagrun for example_skip_dag to 2021-07-12 00:00:00+00:00
[2021-07-14 23:04:12,854] {scheduler_job.py:190} INFO - Processing /home/airflow/sandbox/lib/python3.8/site-packages/airflow/example_dags/example_skip_dag.py took 0.365 seconds
[2021-07-14 23:04:39,621] {scheduler_job.py:182} INFO - Started process (PID=1709) to work on /home/airflow/sandbox/lib/python3.8/site-packages/airflow/example_dags/example_skip_dag.py
[2021-07-14 23:04:39,623] {scheduler_job.py:633} INFO - Processing file /home/airflow/sandbox/lib/python3.8/site-packages/airflow/example_dags/example_skip_dag.py for tasks to queue
[2021-07-14 23:04:39,623] {logging_mixin.py:104} INFO - [2021-07-14 23:04:39,623] {dagbag.py:487} INFO - Filling up the DagBag from /home/airflow/sandbox/lib/python3.8/site-packages/airflow/example_dags/example_skip_dag.py
[2021-07-14 23:04:39,653] {scheduler_job.py:643} INFO - DAG(s) dict_keys(['example_skip_dag']) retrieved from /home/airflow/sandbox/lib/python3.8/site-packages/airflow/example_dags/example_skip_dag.py
[2021-07-14 23:04:39,682] {logging_mixin.py:104} INFO - [2021-07-14 23:04:39,682] {dag.py:1832} INFO - Sync 1 DAGs
[2021-07-14 23:04:39,702] {logging_mixin.py:104} INFO - [2021-07-14 23:04:39,702] {dag.py:2305} INFO - Setting next_dagrun for example_skip_dag to 2021-07-12 00:00:00+00:00
[2021-07-14 23:04:39,733] {scheduler_job.py:190} INFO - Processing /home/airflow/sandbox/lib/python3.8/site-packages/airflow/example_dags/example_skip_dag.py took 0.116 seconds
[2021-07-14 23:04:58,047] {scheduler_job.py:182} INFO - Started process (PID=1738) to work on /home/airflow/sandbox/lib/python3.8/site-packages/airflow/example_dags/example_skip_dag.py
[2021-07-14 23:04:58,051] {scheduler_job.py:633} INFO - Processing file /home/airflow/sandbox/lib/python3.8/site-packages/airflow/example_dags/example_skip_dag.py for tasks to queue
[2021-07-14 23:04:58,053] {logging_mixin.py:104} INFO - [2021-07-14 23:04:58,053] {dagbag.py:487} INFO - Filling up the DagBag from /home/airflow/sandbox/lib/python3.8/site-packages/airflow/example_dags/example_skip_dag.py
[2021-07-14 23:04:58,163] {scheduler_job.py:643} INFO - DAG(s) dict_keys(['example_skip_dag']) retrieved from /home/airflow/sandbox/lib/python3.8/site-packages/airflow/example_dags/example_skip_dag.py
[2021-07-14 23:04:58,296] {logging_mixin.py:104} INFO - [2021-07-14 23:04:58,291] {dag.py:1832} INFO - Sync 1 DAGs
[2021-07-14 23:04:58,373] {logging_mixin.py:104} INFO - [2021-07-14 23:04:58,373] {dag.py:2305} INFO - Setting next_dagrun for example_skip_dag to 2021-07-12 00:00:00+00:00
[2021-07-14 23:04:58,461] {scheduler_job.py:190} INFO - Processing /home/airflow/sandbox/lib/python3.8/site-packages/airflow/example_dags/example_skip_dag.py took 0.418 seconds
[2021-07-14 23:05:22,480] {scheduler_job.py:182} INFO - Started process (PID=1772) to work on /home/airflow/sandbox/lib/python3.8/site-packages/airflow/example_dags/example_skip_dag.py
[2021-07-14 23:05:22,488] {scheduler_job.py:633} INFO - Processing file /home/airflow/sandbox/lib/python3.8/site-packages/airflow/example_dags/example_skip_dag.py for tasks to queue
[2021-07-14 23:05:22,490] {logging_mixin.py:104} INFO - [2021-07-14 23:05:22,490] {dagbag.py:487} INFO - Filling up the DagBag from /home/airflow/sandbox/lib/python3.8/site-packages/airflow/example_dags/example_skip_dag.py
[2021-07-14 23:05:22,561] {scheduler_job.py:643} INFO - DAG(s) dict_keys(['example_skip_dag']) retrieved from /home/airflow/sandbox/lib/python3.8/site-packages/airflow/example_dags/example_skip_dag.py
[2021-07-14 23:05:22,625] {logging_mixin.py:104} INFO - [2021-07-14 23:05:22,625] {dag.py:1832} INFO - Sync 1 DAGs
[2021-07-14 23:05:22,697] {logging_mixin.py:104} INFO - [2021-07-14 23:05:22,696] {dag.py:2305} INFO - Setting next_dagrun for example_skip_dag to 2021-07-12 00:00:00+00:00
[2021-07-14 23:05:22,735] {scheduler_job.py:190} INFO - Processing /home/airflow/sandbox/lib/python3.8/site-packages/airflow/example_dags/example_skip_dag.py took 0.277 seconds
[2021-07-14 23:05:42,995] {scheduler_job.py:182} INFO - Started process (PID=1806) to work on /home/airflow/sandbox/lib/python3.8/site-packages/airflow/example_dags/example_skip_dag.py
[2021-07-14 23:05:42,997] {scheduler_job.py:633} INFO - Processing file /home/airflow/sandbox/lib/python3.8/site-packages/airflow/example_dags/example_skip_dag.py for tasks to queue
[2021-07-14 23:05:42,997] {logging_mixin.py:104} INFO - [2021-07-14 23:05:42,997] {dagbag.py:487} INFO - Filling up the DagBag from /home/airflow/sandbox/lib/python3.8/site-packages/airflow/example_dags/example_skip_dag.py
[2021-07-14 23:05:43,007] {scheduler_job.py:643} INFO - DAG(s) dict_keys(['example_skip_dag']) retrieved from /home/airflow/sandbox/lib/python3.8/site-packages/airflow/example_dags/example_skip_dag.py
[2021-07-14 23:05:43,021] {logging_mixin.py:104} INFO - [2021-07-14 23:05:43,021] {dag.py:1832} INFO - Sync 1 DAGs
[2021-07-14 23:05:43,032] {logging_mixin.py:104} INFO - [2021-07-14 23:05:43,032] {dag.py:2305} INFO - Setting next_dagrun for example_skip_dag to 2021-07-12 00:00:00+00:00
[2021-07-14 23:05:43,052] {scheduler_job.py:190} INFO - Processing /home/airflow/sandbox/lib/python3.8/site-packages/airflow/example_dags/example_skip_dag.py took 0.059 seconds
[2021-07-14 23:05:57,070] {scheduler_job.py:182} INFO - Started process (PID=1831) to work on /home/airflow/sandbox/lib/python3.8/site-packages/airflow/example_dags/example_skip_dag.py
[2021-07-14 23:05:57,071] {scheduler_job.py:633} INFO - Processing file /home/airflow/sandbox/lib/python3.8/site-packages/airflow/example_dags/example_skip_dag.py for tasks to queue
[2021-07-14 23:05:57,072] {logging_mixin.py:104} INFO - [2021-07-14 23:05:57,072] {dagbag.py:487} INFO - Filling up the DagBag from /home/airflow/sandbox/lib/python3.8/site-packages/airflow/example_dags/example_skip_dag.py
[2021-07-14 23:05:57,086] {scheduler_job.py:643} INFO - DAG(s) dict_keys(['example_skip_dag']) retrieved from /home/airflow/sandbox/lib/python3.8/site-packages/airflow/example_dags/example_skip_dag.py
[2021-07-14 23:05:57,099] {logging_mixin.py:104} INFO - [2021-07-14 23:05:57,099] {dag.py:1832} INFO - Sync 1 DAGs
[2021-07-14 23:05:57,110] {logging_mixin.py:104} INFO - [2021-07-14 23:05:57,110] {dag.py:2305} INFO - Setting next_dagrun for example_skip_dag to 2021-07-12 00:00:00+00:00
[2021-07-14 23:05:57,130] {scheduler_job.py:190} INFO - Processing /home/airflow/sandbox/lib/python3.8/site-packages/airflow/example_dags/example_skip_dag.py took 0.064 seconds
[2021-07-14 23:06:15,752] {scheduler_job.py:182} INFO - Started process (PID=1868) to work on /home/airflow/sandbox/lib/python3.8/site-packages/airflow/example_dags/example_skip_dag.py
[2021-07-14 23:06:15,755] {scheduler_job.py:633} INFO - Processing file /home/airflow/sandbox/lib/python3.8/site-packages/airflow/example_dags/example_skip_dag.py for tasks to queue
[2021-07-14 23:06:15,756] {logging_mixin.py:104} INFO - [2021-07-14 23:06:15,756] {dagbag.py:487} INFO - Filling up the DagBag from /home/airflow/sandbox/lib/python3.8/site-packages/airflow/example_dags/example_skip_dag.py
[2021-07-14 23:06:15,777] {scheduler_job.py:643} INFO - DAG(s) dict_keys(['example_skip_dag']) retrieved from /home/airflow/sandbox/lib/python3.8/site-packages/airflow/example_dags/example_skip_dag.py
[2021-07-14 23:06:15,807] {logging_mixin.py:104} INFO - [2021-07-14 23:06:15,807] {dag.py:1832} INFO - Sync 1 DAGs
[2021-07-14 23:06:15,831] {logging_mixin.py:104} INFO - [2021-07-14 23:06:15,831] {dag.py:2305} INFO - Setting next_dagrun for example_skip_dag to 2021-07-12 00:00:00+00:00
[2021-07-14 23:06:15,855] {scheduler_job.py:190} INFO - Processing /home/airflow/sandbox/lib/python3.8/site-packages/airflow/example_dags/example_skip_dag.py took 0.109 seconds
[2021-07-14 23:06:31,944] {scheduler_job.py:182} INFO - Started process (PID=1895) to work on /home/airflow/sandbox/lib/python3.8/site-packages/airflow/example_dags/example_skip_dag.py
[2021-07-14 23:06:31,946] {scheduler_job.py:633} INFO - Processing file /home/airflow/sandbox/lib/python3.8/site-packages/airflow/example_dags/example_skip_dag.py for tasks to queue
[2021-07-14 23:06:31,946] {logging_mixin.py:104} INFO - [2021-07-14 23:06:31,946] {dagbag.py:487} INFO - Filling up the DagBag from /home/airflow/sandbox/lib/python3.8/site-packages/airflow/example_dags/example_skip_dag.py
[2021-07-14 23:06:31,961] {scheduler_job.py:643} INFO - DAG(s) dict_keys(['example_skip_dag']) retrieved from /home/airflow/sandbox/lib/python3.8/site-packages/airflow/example_dags/example_skip_dag.py
[2021-07-14 23:06:31,978] {logging_mixin.py:104} INFO - [2021-07-14 23:06:31,978] {dag.py:1832} INFO - Sync 1 DAGs
[2021-07-14 23:06:31,991] {logging_mixin.py:104} INFO - [2021-07-14 23:06:31,991] {dag.py:2305} INFO - Setting next_dagrun for example_skip_dag to 2021-07-12 00:00:00+00:00
[2021-07-14 23:06:32,011] {scheduler_job.py:190} INFO - Processing /home/airflow/sandbox/lib/python3.8/site-packages/airflow/example_dags/example_skip_dag.py took 0.070 seconds
[2021-07-14 23:06:58,109] {scheduler_job.py:182} INFO - Started process (PID=1935) to work on /home/airflow/sandbox/lib/python3.8/site-packages/airflow/example_dags/example_skip_dag.py
[2021-07-14 23:06:58,110] {scheduler_job.py:633} INFO - Processing file /home/airflow/sandbox/lib/python3.8/site-packages/airflow/example_dags/example_skip_dag.py for tasks to queue
[2021-07-14 23:06:58,111] {logging_mixin.py:104} INFO - [2021-07-14 23:06:58,111] {dagbag.py:487} INFO - Filling up the DagBag from /home/airflow/sandbox/lib/python3.8/site-packages/airflow/example_dags/example_skip_dag.py
[2021-07-14 23:06:58,126] {scheduler_job.py:643} INFO - DAG(s) dict_keys(['example_skip_dag']) retrieved from /home/airflow/sandbox/lib/python3.8/site-packages/airflow/example_dags/example_skip_dag.py
[2021-07-14 23:06:58,150] {logging_mixin.py:104} INFO - [2021-07-14 23:06:58,149] {dag.py:1832} INFO - Sync 1 DAGs
[2021-07-14 23:06:58,168] {logging_mixin.py:104} INFO - [2021-07-14 23:06:58,168] {dag.py:2305} INFO - Setting next_dagrun for example_skip_dag to 2021-07-12 00:00:00+00:00
[2021-07-14 23:06:58,201] {scheduler_job.py:190} INFO - Processing /home/airflow/sandbox/lib/python3.8/site-packages/airflow/example_dags/example_skip_dag.py took 0.098 seconds
[2021-07-14 23:07:09,684] {scheduler_job.py:182} INFO - Started process (PID=1957) to work on /home/airflow/sandbox/lib/python3.8/site-packages/airflow/example_dags/example_skip_dag.py
[2021-07-14 23:07:09,686] {scheduler_job.py:633} INFO - Processing file /home/airflow/sandbox/lib/python3.8/site-packages/airflow/example_dags/example_skip_dag.py for tasks to queue
[2021-07-14 23:07:09,687] {logging_mixin.py:104} INFO - [2021-07-14 23:07:09,686] {dagbag.py:487} INFO - Filling up the DagBag from /home/airflow/sandbox/lib/python3.8/site-packages/airflow/example_dags/example_skip_dag.py
[2021-07-14 23:07:09,730] {scheduler_job.py:643} INFO - DAG(s) dict_keys(['example_skip_dag']) retrieved from /home/airflow/sandbox/lib/python3.8/site-packages/airflow/example_dags/example_skip_dag.py
[2021-07-14 23:07:09,793] {logging_mixin.py:104} INFO - [2021-07-14 23:07:09,793] {dag.py:1832} INFO - Sync 1 DAGs
[2021-07-14 23:07:09,857] {logging_mixin.py:104} INFO - [2021-07-14 23:07:09,857] {dag.py:2305} INFO - Setting next_dagrun for example_skip_dag to 2021-07-12 00:00:00+00:00
[2021-07-14 23:07:09,887] {scheduler_job.py:190} INFO - Processing /home/airflow/sandbox/lib/python3.8/site-packages/airflow/example_dags/example_skip_dag.py took 0.214 seconds
[2021-07-14 23:07:32,376] {scheduler_job.py:182} INFO - Started process (PID=2001) to work on /home/airflow/sandbox/lib/python3.8/site-packages/airflow/example_dags/example_skip_dag.py
[2021-07-14 23:07:32,381] {scheduler_job.py:633} INFO - Processing file /home/airflow/sandbox/lib/python3.8/site-packages/airflow/example_dags/example_skip_dag.py for tasks to queue
[2021-07-14 23:07:32,381] {logging_mixin.py:104} INFO - [2021-07-14 23:07:32,381] {dagbag.py:487} INFO - Filling up the DagBag from /home/airflow/sandbox/lib/python3.8/site-packages/airflow/example_dags/example_skip_dag.py
[2021-07-14 23:07:32,405] {scheduler_job.py:643} INFO - DAG(s) dict_keys(['example_skip_dag']) retrieved from /home/airflow/sandbox/lib/python3.8/site-packages/airflow/example_dags/example_skip_dag.py
[2021-07-14 23:07:32,436] {logging_mixin.py:104} INFO - [2021-07-14 23:07:32,436] {dag.py:1832} INFO - Sync 1 DAGs
[2021-07-14 23:07:32,461] {logging_mixin.py:104} INFO - [2021-07-14 23:07:32,461] {dag.py:2305} INFO - Setting next_dagrun for example_skip_dag to 2021-07-12 00:00:00+00:00
[2021-07-14 23:07:32,482] {scheduler_job.py:190} INFO - Processing /home/airflow/sandbox/lib/python3.8/site-packages/airflow/example_dags/example_skip_dag.py took 0.110 seconds
[2021-07-14 23:07:43,605] {scheduler_job.py:182} INFO - Started process (PID=2023) to work on /home/airflow/sandbox/lib/python3.8/site-packages/airflow/example_dags/example_skip_dag.py
[2021-07-14 23:07:43,606] {scheduler_job.py:633} INFO - Processing file /home/airflow/sandbox/lib/python3.8/site-packages/airflow/example_dags/example_skip_dag.py for tasks to queue
[2021-07-14 23:07:43,606] {logging_mixin.py:104} INFO - [2021-07-14 23:07:43,606] {dagbag.py:487} INFO - Filling up the DagBag from /home/airflow/sandbox/lib/python3.8/site-packages/airflow/example_dags/example_skip_dag.py
[2021-07-14 23:07:43,615] {scheduler_job.py:643} INFO - DAG(s) dict_keys(['example_skip_dag']) retrieved from /home/airflow/sandbox/lib/python3.8/site-packages/airflow/example_dags/example_skip_dag.py
[2021-07-14 23:07:43,627] {logging_mixin.py:104} INFO - [2021-07-14 23:07:43,627] {dag.py:1832} INFO - Sync 1 DAGs
[2021-07-14 23:07:43,636] {logging_mixin.py:104} INFO - [2021-07-14 23:07:43,636] {dag.py:2305} INFO - Setting next_dagrun for example_skip_dag to 2021-07-12 00:00:00+00:00
[2021-07-14 23:07:43,653] {scheduler_job.py:190} INFO - Processing /home/airflow/sandbox/lib/python3.8/site-packages/airflow/example_dags/example_skip_dag.py took 0.051 seconds
[2021-07-14 23:08:04,751] {scheduler_job.py:182} INFO - Started process (PID=2065) to work on /home/airflow/sandbox/lib/python3.8/site-packages/airflow/example_dags/example_skip_dag.py
[2021-07-14 23:08:04,752] {scheduler_job.py:633} INFO - Processing file /home/airflow/sandbox/lib/python3.8/site-packages/airflow/example_dags/example_skip_dag.py for tasks to queue
[2021-07-14 23:08:04,752] {logging_mixin.py:104} INFO - [2021-07-14 23:08:04,752] {dagbag.py:487} INFO - Filling up the DagBag from /home/airflow/sandbox/lib/python3.8/site-packages/airflow/example_dags/example_skip_dag.py
[2021-07-14 23:08:04,760] {scheduler_job.py:643} INFO - DAG(s) dict_keys(['example_skip_dag']) retrieved from /home/airflow/sandbox/lib/python3.8/site-packages/airflow/example_dags/example_skip_dag.py
[2021-07-14 23:08:04,773] {logging_mixin.py:104} INFO - [2021-07-14 23:08:04,773] {dag.py:1832} INFO - Sync 1 DAGs
[2021-07-14 23:08:04,782] {logging_mixin.py:104} INFO - [2021-07-14 23:08:04,782] {dag.py:2305} INFO - Setting next_dagrun for example_skip_dag to 2021-07-12 00:00:00+00:00
[2021-07-14 23:08:04,794] {scheduler_job.py:190} INFO - Processing /home/airflow/sandbox/lib/python3.8/site-packages/airflow/example_dags/example_skip_dag.py took 0.045 seconds
[2021-07-14 23:08:15,333] {scheduler_job.py:182} INFO - Started process (PID=2085) to work on /home/airflow/sandbox/lib/python3.8/site-packages/airflow/example_dags/example_skip_dag.py
[2021-07-14 23:08:15,334] {scheduler_job.py:633} INFO - Processing file /home/airflow/sandbox/lib/python3.8/site-packages/airflow/example_dags/example_skip_dag.py for tasks to queue
[2021-07-14 23:08:15,334] {logging_mixin.py:104} INFO - [2021-07-14 23:08:15,334] {dagbag.py:487} INFO - Filling up the DagBag from /home/airflow/sandbox/lib/python3.8/site-packages/airflow/example_dags/example_skip_dag.py
[2021-07-14 23:08:15,350] {scheduler_job.py:643} INFO - DAG(s) dict_keys(['example_skip_dag']) retrieved from /home/airflow/sandbox/lib/python3.8/site-packages/airflow/example_dags/example_skip_dag.py
[2021-07-14 23:08:15,374] {logging_mixin.py:104} INFO - [2021-07-14 23:08:15,374] {dag.py:1832} INFO - Sync 1 DAGs
[2021-07-14 23:08:15,391] {logging_mixin.py:104} INFO - [2021-07-14 23:08:15,391] {dag.py:2305} INFO - Setting next_dagrun for example_skip_dag to 2021-07-12 00:00:00+00:00
[2021-07-14 23:08:15,413] {scheduler_job.py:190} INFO - Processing /home/airflow/sandbox/lib/python3.8/site-packages/airflow/example_dags/example_skip_dag.py took 0.086 seconds
[2021-07-14 23:08:36,151] {scheduler_job.py:182} INFO - Started process (PID=2127) to work on /home/airflow/sandbox/lib/python3.8/site-packages/airflow/example_dags/example_skip_dag.py
[2021-07-14 23:08:36,152] {scheduler_job.py:633} INFO - Processing file /home/airflow/sandbox/lib/python3.8/site-packages/airflow/example_dags/example_skip_dag.py for tasks to queue
[2021-07-14 23:08:36,152] {logging_mixin.py:104} INFO - [2021-07-14 23:08:36,152] {dagbag.py:487} INFO - Filling up the DagBag from /home/airflow/sandbox/lib/python3.8/site-packages/airflow/example_dags/example_skip_dag.py
[2021-07-14 23:08:36,160] {scheduler_job.py:643} INFO - DAG(s) dict_keys(['example_skip_dag']) retrieved from /home/airflow/sandbox/lib/python3.8/site-packages/airflow/example_dags/example_skip_dag.py
[2021-07-14 23:08:36,172] {logging_mixin.py:104} INFO - [2021-07-14 23:08:36,172] {dag.py:1832} INFO - Sync 1 DAGs
[2021-07-14 23:08:36,182] {logging_mixin.py:104} INFO - [2021-07-14 23:08:36,182] {dag.py:2305} INFO - Setting next_dagrun for example_skip_dag to 2021-07-12 00:00:00+00:00
[2021-07-14 23:08:36,191] {scheduler_job.py:190} INFO - Processing /home/airflow/sandbox/lib/python3.8/site-packages/airflow/example_dags/example_skip_dag.py took 0.043 seconds
[2021-07-14 23:08:46,717] {scheduler_job.py:182} INFO - Started process (PID=2146) to work on /home/airflow/sandbox/lib/python3.8/site-packages/airflow/example_dags/example_skip_dag.py
[2021-07-14 23:08:46,718] {scheduler_job.py:633} INFO - Processing file /home/airflow/sandbox/lib/python3.8/site-packages/airflow/example_dags/example_skip_dag.py for tasks to queue
[2021-07-14 23:08:46,718] {logging_mixin.py:104} INFO - [2021-07-14 23:08:46,718] {dagbag.py:487} INFO - Filling up the DagBag from /home/airflow/sandbox/lib/python3.8/site-packages/airflow/example_dags/example_skip_dag.py
[2021-07-14 23:08:46,727] {scheduler_job.py:643} INFO - DAG(s) dict_keys(['example_skip_dag']) retrieved from /home/airflow/sandbox/lib/python3.8/site-packages/airflow/example_dags/example_skip_dag.py
[2021-07-14 23:08:46,740] {logging_mixin.py:104} INFO - [2021-07-14 23:08:46,740] {dag.py:1832} INFO - Sync 1 DAGs
[2021-07-14 23:08:46,748] {logging_mixin.py:104} INFO - [2021-07-14 23:08:46,748] {dag.py:2305} INFO - Setting next_dagrun for example_skip_dag to 2021-07-12 00:00:00+00:00
[2021-07-14 23:08:46,760] {scheduler_job.py:190} INFO - Processing /home/airflow/sandbox/lib/python3.8/site-packages/airflow/example_dags/example_skip_dag.py took 0.046 seconds
[2021-07-14 23:09:08,854] {scheduler_job.py:182} INFO - Started process (PID=2188) to work on /home/airflow/sandbox/lib/python3.8/site-packages/airflow/example_dags/example_skip_dag.py
[2021-07-14 23:09:08,855] {scheduler_job.py:633} INFO - Processing file /home/airflow/sandbox/lib/python3.8/site-packages/airflow/example_dags/example_skip_dag.py for tasks to queue
[2021-07-14 23:09:08,855] {logging_mixin.py:104} INFO - [2021-07-14 23:09:08,855] {dagbag.py:487} INFO - Filling up the DagBag from /home/airflow/sandbox/lib/python3.8/site-packages/airflow/example_dags/example_skip_dag.py
[2021-07-14 23:09:08,864] {scheduler_job.py:643} INFO - DAG(s) dict_keys(['example_skip_dag']) retrieved from /home/airflow/sandbox/lib/python3.8/site-packages/airflow/example_dags/example_skip_dag.py
[2021-07-14 23:09:08,877] {logging_mixin.py:104} INFO - [2021-07-14 23:09:08,877] {dag.py:1832} INFO - Sync 1 DAGs
[2021-07-14 23:09:08,885] {logging_mixin.py:104} INFO - [2021-07-14 23:09:08,885] {dag.py:2305} INFO - Setting next_dagrun for example_skip_dag to 2021-07-12 00:00:00+00:00
[2021-07-14 23:09:08,896] {scheduler_job.py:190} INFO - Processing /home/airflow/sandbox/lib/python3.8/site-packages/airflow/example_dags/example_skip_dag.py took 0.044 seconds
[2021-07-14 23:09:17,672] {scheduler_job.py:182} INFO - Started process (PID=2205) to work on /home/airflow/sandbox/lib/python3.8/site-packages/airflow/example_dags/example_skip_dag.py
[2021-07-14 23:09:17,673] {scheduler_job.py:633} INFO - Processing file /home/airflow/sandbox/lib/python3.8/site-packages/airflow/example_dags/example_skip_dag.py for tasks to queue
[2021-07-14 23:09:17,674] {logging_mixin.py:104} INFO - [2021-07-14 23:09:17,674] {dagbag.py:487} INFO - Filling up the DagBag from /home/airflow/sandbox/lib/python3.8/site-packages/airflow/example_dags/example_skip_dag.py
[2021-07-14 23:09:17,682] {scheduler_job.py:643} INFO - DAG(s) dict_keys(['example_skip_dag']) retrieved from /home/airflow/sandbox/lib/python3.8/site-packages/airflow/example_dags/example_skip_dag.py
[2021-07-14 23:09:17,695] {logging_mixin.py:104} INFO - [2021-07-14 23:09:17,695] {dag.py:1832} INFO - Sync 1 DAGs
[2021-07-14 23:09:17,707] {logging_mixin.py:104} INFO - [2021-07-14 23:09:17,707] {dag.py:2305} INFO - Setting next_dagrun for example_skip_dag to 2021-07-12 00:00:00+00:00
[2021-07-14 23:09:17,739] {scheduler_job.py:190} INFO - Processing /home/airflow/sandbox/lib/python3.8/site-packages/airflow/example_dags/example_skip_dag.py took 0.070 seconds
[2021-07-14 23:09:41,608] {scheduler_job.py:182} INFO - Started process (PID=2252) to work on /home/airflow/sandbox/lib/python3.8/site-packages/airflow/example_dags/example_skip_dag.py
[2021-07-14 23:09:41,610] {scheduler_job.py:633} INFO - Processing file /home/airflow/sandbox/lib/python3.8/site-packages/airflow/example_dags/example_skip_dag.py for tasks to queue
[2021-07-14 23:09:41,610] {logging_mixin.py:104} INFO - [2021-07-14 23:09:41,610] {dagbag.py:487} INFO - Filling up the DagBag from /home/airflow/sandbox/lib/python3.8/site-packages/airflow/example_dags/example_skip_dag.py
[2021-07-14 23:09:41,619] {scheduler_job.py:643} INFO - DAG(s) dict_keys(['example_skip_dag']) retrieved from /home/airflow/sandbox/lib/python3.8/site-packages/airflow/example_dags/example_skip_dag.py
[2021-07-14 23:09:41,633] {logging_mixin.py:104} INFO - [2021-07-14 23:09:41,633] {dag.py:1832} INFO - Sync 1 DAGs
[2021-07-14 23:09:41,641] {logging_mixin.py:104} INFO - [2021-07-14 23:09:41,641] {dag.py:2305} INFO - Setting next_dagrun for example_skip_dag to 2021-07-12 00:00:00+00:00
[2021-07-14 23:09:41,652] {scheduler_job.py:190} INFO - Processing /home/airflow/sandbox/lib/python3.8/site-packages/airflow/example_dags/example_skip_dag.py took 0.045 seconds
[2021-07-14 23:09:49,078] {scheduler_job.py:182} INFO - Started process (PID=2266) to work on /home/airflow/sandbox/lib/python3.8/site-packages/airflow/example_dags/example_skip_dag.py
[2021-07-14 23:09:49,079] {scheduler_job.py:633} INFO - Processing file /home/airflow/sandbox/lib/python3.8/site-packages/airflow/example_dags/example_skip_dag.py for tasks to queue
[2021-07-14 23:09:49,079] {logging_mixin.py:104} INFO - [2021-07-14 23:09:49,079] {dagbag.py:487} INFO - Filling up the DagBag from /home/airflow/sandbox/lib/python3.8/site-packages/airflow/example_dags/example_skip_dag.py
[2021-07-14 23:09:49,088] {scheduler_job.py:643} INFO - DAG(s) dict_keys(['example_skip_dag']) retrieved from /home/airflow/sandbox/lib/python3.8/site-packages/airflow/example_dags/example_skip_dag.py
[2021-07-14 23:09:49,100] {logging_mixin.py:104} INFO - [2021-07-14 23:09:49,100] {dag.py:1832} INFO - Sync 1 DAGs
[2021-07-14 23:09:49,111] {logging_mixin.py:104} INFO - [2021-07-14 23:09:49,111] {dag.py:2305} INFO - Setting next_dagrun for example_skip_dag to 2021-07-12 00:00:00+00:00
[2021-07-14 23:09:49,129] {scheduler_job.py:190} INFO - Processing /home/airflow/sandbox/lib/python3.8/site-packages/airflow/example_dags/example_skip_dag.py took 0.053 seconds
[2021-07-14 23:10:15,870] {scheduler_job.py:182} INFO - Started process (PID=2319) to work on /home/airflow/sandbox/lib/python3.8/site-packages/airflow/example_dags/example_skip_dag.py
[2021-07-14 23:10:15,871] {scheduler_job.py:633} INFO - Processing file /home/airflow/sandbox/lib/python3.8/site-packages/airflow/example_dags/example_skip_dag.py for tasks to queue
[2021-07-14 23:10:15,871] {logging_mixin.py:104} INFO - [2021-07-14 23:10:15,871] {dagbag.py:487} INFO - Filling up the DagBag from /home/airflow/sandbox/lib/python3.8/site-packages/airflow/example_dags/example_skip_dag.py
[2021-07-14 23:10:15,882] {scheduler_job.py:643} INFO - DAG(s) dict_keys(['example_skip_dag']) retrieved from /home/airflow/sandbox/lib/python3.8/site-packages/airflow/example_dags/example_skip_dag.py
[2021-07-14 23:10:15,897] {logging_mixin.py:104} INFO - [2021-07-14 23:10:15,897] {dag.py:1832} INFO - Sync 1 DAGs
[2021-07-14 23:10:15,908] {logging_mixin.py:104} INFO - [2021-07-14 23:10:15,908] {dag.py:2305} INFO - Setting next_dagrun for example_skip_dag to 2021-07-12 00:00:00+00:00
[2021-07-14 23:10:15,920] {scheduler_job.py:190} INFO - Processing /home/airflow/sandbox/lib/python3.8/site-packages/airflow/example_dags/example_skip_dag.py took 0.054 seconds
[2021-07-14 23:10:19,696] {scheduler_job.py:182} INFO - Started process (PID=2326) to work on /home/airflow/sandbox/lib/python3.8/site-packages/airflow/example_dags/example_skip_dag.py
[2021-07-14 23:10:19,697] {scheduler_job.py:633} INFO - Processing file /home/airflow/sandbox/lib/python3.8/site-packages/airflow/example_dags/example_skip_dag.py for tasks to queue
[2021-07-14 23:10:19,698] {logging_mixin.py:104} INFO - [2021-07-14 23:10:19,698] {dagbag.py:487} INFO - Filling up the DagBag from /home/airflow/sandbox/lib/python3.8/site-packages/airflow/example_dags/example_skip_dag.py
[2021-07-14 23:10:19,710] {scheduler_job.py:643} INFO - DAG(s) dict_keys(['example_skip_dag']) retrieved from /home/airflow/sandbox/lib/python3.8/site-packages/airflow/example_dags/example_skip_dag.py
[2021-07-14 23:10:19,727] {logging_mixin.py:104} INFO - [2021-07-14 23:10:19,727] {dag.py:1832} INFO - Sync 1 DAGs
[2021-07-14 23:10:19,741] {logging_mixin.py:104} INFO - [2021-07-14 23:10:19,740] {dag.py:2305} INFO - Setting next_dagrun for example_skip_dag to 2021-07-12 00:00:00+00:00
[2021-07-14 23:10:19,754] {scheduler_job.py:190} INFO - Processing /home/airflow/sandbox/lib/python3.8/site-packages/airflow/example_dags/example_skip_dag.py took 0.061 seconds
[2021-07-14 23:11:00,511] {scheduler_job.py:182} INFO - Started process (PID=2382) to work on /home/airflow/sandbox/lib/python3.8/site-packages/airflow/example_dags/example_skip_dag.py
[2021-07-14 23:11:00,524] {scheduler_job.py:633} INFO - Processing file /home/airflow/sandbox/lib/python3.8/site-packages/airflow/example_dags/example_skip_dag.py for tasks to queue
[2021-07-14 23:11:00,527] {logging_mixin.py:104} INFO - [2021-07-14 23:11:00,527] {dagbag.py:487} INFO - Filling up the DagBag from /home/airflow/sandbox/lib/python3.8/site-packages/airflow/example_dags/example_skip_dag.py
[2021-07-14 23:11:00,590] {scheduler_job.py:643} INFO - DAG(s) dict_keys(['example_skip_dag']) retrieved from /home/airflow/sandbox/lib/python3.8/site-packages/airflow/example_dags/example_skip_dag.py
[2021-07-14 23:11:00,671] {logging_mixin.py:104} INFO - [2021-07-14 23:11:00,670] {dag.py:1832} INFO - Sync 1 DAGs
[2021-07-14 23:11:00,718] {logging_mixin.py:104} INFO - [2021-07-14 23:11:00,718] {dag.py:2305} INFO - Setting next_dagrun for example_skip_dag to 2021-07-12 00:00:00+00:00
[2021-07-14 23:11:00,773] {scheduler_job.py:190} INFO - Processing /home/airflow/sandbox/lib/python3.8/site-packages/airflow/example_dags/example_skip_dag.py took 0.277 seconds
[2021-07-14 23:11:03,438] {scheduler_job.py:182} INFO - Started process (PID=2386) to work on /home/airflow/sandbox/lib/python3.8/site-packages/airflow/example_dags/example_skip_dag.py
[2021-07-14 23:11:03,443] {scheduler_job.py:633} INFO - Processing file /home/airflow/sandbox/lib/python3.8/site-packages/airflow/example_dags/example_skip_dag.py for tasks to queue
[2021-07-14 23:11:03,446] {logging_mixin.py:104} INFO - [2021-07-14 23:11:03,445] {dagbag.py:487} INFO - Filling up the DagBag from /home/airflow/sandbox/lib/python3.8/site-packages/airflow/example_dags/example_skip_dag.py
[2021-07-14 23:11:03,502] {scheduler_job.py:643} INFO - DAG(s) dict_keys(['example_skip_dag']) retrieved from /home/airflow/sandbox/lib/python3.8/site-packages/airflow/example_dags/example_skip_dag.py
[2021-07-14 23:11:03,656] {logging_mixin.py:104} INFO - [2021-07-14 23:11:03,655] {dag.py:1832} INFO - Sync 1 DAGs
[2021-07-14 23:11:03,760] {logging_mixin.py:104} INFO - [2021-07-14 23:11:03,760] {dag.py:2305} INFO - Setting next_dagrun for example_skip_dag to 2021-07-12 00:00:00+00:00
[2021-07-14 23:11:03,834] {scheduler_job.py:190} INFO - Processing /home/airflow/sandbox/lib/python3.8/site-packages/airflow/example_dags/example_skip_dag.py took 0.409 seconds
[2021-07-14 23:11:40,428] {scheduler_job.py:182} INFO - Started process (PID=2447) to work on /home/airflow/sandbox/lib/python3.8/site-packages/airflow/example_dags/example_skip_dag.py
[2021-07-14 23:11:40,429] {scheduler_job.py:633} INFO - Processing file /home/airflow/sandbox/lib/python3.8/site-packages/airflow/example_dags/example_skip_dag.py for tasks to queue
[2021-07-14 23:11:40,430] {logging_mixin.py:104} INFO - [2021-07-14 23:11:40,430] {dagbag.py:487} INFO - Filling up the DagBag from /home/airflow/sandbox/lib/python3.8/site-packages/airflow/example_dags/example_skip_dag.py
[2021-07-14 23:11:40,439] {scheduler_job.py:643} INFO - DAG(s) dict_keys(['example_skip_dag']) retrieved from /home/airflow/sandbox/lib/python3.8/site-packages/airflow/example_dags/example_skip_dag.py
[2021-07-14 23:11:40,451] {logging_mixin.py:104} INFO - [2021-07-14 23:11:40,451] {dag.py:1832} INFO - Sync 1 DAGs
[2021-07-14 23:11:40,461] {logging_mixin.py:104} INFO - [2021-07-14 23:11:40,461] {dag.py:2305} INFO - Setting next_dagrun for example_skip_dag to 2021-07-12 00:00:00+00:00
[2021-07-14 23:11:40,480] {scheduler_job.py:190} INFO - Processing /home/airflow/sandbox/lib/python3.8/site-packages/airflow/example_dags/example_skip_dag.py took 0.055 seconds
[2021-07-14 23:11:41,745] {scheduler_job.py:182} INFO - Started process (PID=2450) to work on /home/airflow/sandbox/lib/python3.8/site-packages/airflow/example_dags/example_skip_dag.py
[2021-07-14 23:11:41,747] {scheduler_job.py:633} INFO - Processing file /home/airflow/sandbox/lib/python3.8/site-packages/airflow/example_dags/example_skip_dag.py for tasks to queue
[2021-07-14 23:11:41,747] {logging_mixin.py:104} INFO - [2021-07-14 23:11:41,747] {dagbag.py:487} INFO - Filling up the DagBag from /home/airflow/sandbox/lib/python3.8/site-packages/airflow/example_dags/example_skip_dag.py
[2021-07-14 23:11:41,757] {scheduler_job.py:643} INFO - DAG(s) dict_keys(['example_skip_dag']) retrieved from /home/airflow/sandbox/lib/python3.8/site-packages/airflow/example_dags/example_skip_dag.py
[2021-07-14 23:11:41,769] {logging_mixin.py:104} INFO - [2021-07-14 23:11:41,769] {dag.py:1832} INFO - Sync 1 DAGs
[2021-07-14 23:11:41,779] {logging_mixin.py:104} INFO - [2021-07-14 23:11:41,779] {dag.py:2305} INFO - Setting next_dagrun for example_skip_dag to 2021-07-12 00:00:00+00:00
[2021-07-14 23:11:41,791] {scheduler_job.py:190} INFO - Processing /home/airflow/sandbox/lib/python3.8/site-packages/airflow/example_dags/example_skip_dag.py took 0.048 seconds
[2021-07-14 23:12:11,257] {scheduler_job.py:182} INFO - Started process (PID=2508) to work on /home/airflow/sandbox/lib/python3.8/site-packages/airflow/example_dags/example_skip_dag.py
[2021-07-14 23:12:11,258] {scheduler_job.py:633} INFO - Processing file /home/airflow/sandbox/lib/python3.8/site-packages/airflow/example_dags/example_skip_dag.py for tasks to queue
[2021-07-14 23:12:11,258] {logging_mixin.py:104} INFO - [2021-07-14 23:12:11,258] {dagbag.py:487} INFO - Filling up the DagBag from /home/airflow/sandbox/lib/python3.8/site-packages/airflow/example_dags/example_skip_dag.py
[2021-07-14 23:12:11,266] {scheduler_job.py:643} INFO - DAG(s) dict_keys(['example_skip_dag']) retrieved from /home/airflow/sandbox/lib/python3.8/site-packages/airflow/example_dags/example_skip_dag.py
[2021-07-14 23:12:11,278] {logging_mixin.py:104} INFO - [2021-07-14 23:12:11,278] {dag.py:1832} INFO - Sync 1 DAGs
[2021-07-14 23:12:11,289] {logging_mixin.py:104} INFO - [2021-07-14 23:12:11,289] {dag.py:2305} INFO - Setting next_dagrun for example_skip_dag to 2021-07-12 00:00:00+00:00
[2021-07-14 23:12:11,309] {scheduler_job.py:190} INFO - Processing /home/airflow/sandbox/lib/python3.8/site-packages/airflow/example_dags/example_skip_dag.py took 0.054 seconds
[2021-07-14 23:12:14,716] {scheduler_job.py:182} INFO - Started process (PID=2515) to work on /home/airflow/sandbox/lib/python3.8/site-packages/airflow/example_dags/example_skip_dag.py
[2021-07-14 23:12:14,721] {scheduler_job.py:633} INFO - Processing file /home/airflow/sandbox/lib/python3.8/site-packages/airflow/example_dags/example_skip_dag.py for tasks to queue
[2021-07-14 23:12:14,721] {logging_mixin.py:104} INFO - [2021-07-14 23:12:14,721] {dagbag.py:487} INFO - Filling up the DagBag from /home/airflow/sandbox/lib/python3.8/site-packages/airflow/example_dags/example_skip_dag.py
[2021-07-14 23:12:14,745] {scheduler_job.py:643} INFO - DAG(s) dict_keys(['example_skip_dag']) retrieved from /home/airflow/sandbox/lib/python3.8/site-packages/airflow/example_dags/example_skip_dag.py
[2021-07-14 23:12:14,790] {logging_mixin.py:104} INFO - [2021-07-14 23:12:14,790] {dag.py:1832} INFO - Sync 1 DAGs
[2021-07-14 23:12:14,811] {logging_mixin.py:104} INFO - [2021-07-14 23:12:14,811] {dag.py:2305} INFO - Setting next_dagrun for example_skip_dag to 2021-07-12 00:00:00+00:00
[2021-07-14 23:12:14,842] {scheduler_job.py:190} INFO - Processing /home/airflow/sandbox/lib/python3.8/site-packages/airflow/example_dags/example_skip_dag.py took 0.130 seconds
[2021-07-14 23:12:46,375] {scheduler_job.py:182} INFO - Started process (PID=2574) to work on /home/airflow/sandbox/lib/python3.8/site-packages/airflow/example_dags/example_skip_dag.py
[2021-07-14 23:12:46,377] {scheduler_job.py:633} INFO - Processing file /home/airflow/sandbox/lib/python3.8/site-packages/airflow/example_dags/example_skip_dag.py for tasks to queue
[2021-07-14 23:12:46,378] {logging_mixin.py:104} INFO - [2021-07-14 23:12:46,378] {dagbag.py:487} INFO - Filling up the DagBag from /home/airflow/sandbox/lib/python3.8/site-packages/airflow/example_dags/example_skip_dag.py
[2021-07-14 23:12:46,395] {scheduler_job.py:643} INFO - DAG(s) dict_keys(['example_skip_dag']) retrieved from /home/airflow/sandbox/lib/python3.8/site-packages/airflow/example_dags/example_skip_dag.py
[2021-07-14 23:12:46,442] {logging_mixin.py:104} INFO - [2021-07-14 23:12:46,442] {dag.py:1832} INFO - Sync 1 DAGs
[2021-07-14 23:12:46,453] {logging_mixin.py:104} INFO - [2021-07-14 23:12:46,453] {dag.py:2305} INFO - Setting next_dagrun for example_skip_dag to 2021-07-12 00:00:00+00:00
[2021-07-14 23:12:46,470] {scheduler_job.py:190} INFO - Processing /home/airflow/sandbox/lib/python3.8/site-packages/airflow/example_dags/example_skip_dag.py took 0.101 seconds
[2021-07-14 23:12:50,162] {scheduler_job.py:182} INFO - Started process (PID=2581) to work on /home/airflow/sandbox/lib/python3.8/site-packages/airflow/example_dags/example_skip_dag.py
[2021-07-14 23:12:50,163] {scheduler_job.py:633} INFO - Processing file /home/airflow/sandbox/lib/python3.8/site-packages/airflow/example_dags/example_skip_dag.py for tasks to queue
[2021-07-14 23:12:50,164] {logging_mixin.py:104} INFO - [2021-07-14 23:12:50,164] {dagbag.py:487} INFO - Filling up the DagBag from /home/airflow/sandbox/lib/python3.8/site-packages/airflow/example_dags/example_skip_dag.py
[2021-07-14 23:12:50,174] {scheduler_job.py:643} INFO - DAG(s) dict_keys(['example_skip_dag']) retrieved from /home/airflow/sandbox/lib/python3.8/site-packages/airflow/example_dags/example_skip_dag.py
[2021-07-14 23:12:50,189] {logging_mixin.py:104} INFO - [2021-07-14 23:12:50,189] {dag.py:1832} INFO - Sync 1 DAGs
[2021-07-14 23:12:50,203] {logging_mixin.py:104} INFO - [2021-07-14 23:12:50,202] {dag.py:2305} INFO - Setting next_dagrun for example_skip_dag to 2021-07-12 00:00:00+00:00
[2021-07-14 23:12:50,215] {scheduler_job.py:190} INFO - Processing /home/airflow/sandbox/lib/python3.8/site-packages/airflow/example_dags/example_skip_dag.py took 0.060 seconds
[2021-07-14 23:49:02,880] {scheduler_job.py:182} INFO - Started process (PID=1858) to work on /home/airflow/sandbox/lib/python3.8/site-packages/airflow/example_dags/example_skip_dag.py
[2021-07-14 23:49:02,888] {scheduler_job.py:633} INFO - Processing file /home/airflow/sandbox/lib/python3.8/site-packages/airflow/example_dags/example_skip_dag.py for tasks to queue
[2021-07-14 23:49:02,889] {logging_mixin.py:104} INFO - [2021-07-14 23:49:02,889] {dagbag.py:487} INFO - Filling up the DagBag from /home/airflow/sandbox/lib/python3.8/site-packages/airflow/example_dags/example_skip_dag.py
[2021-07-14 23:49:02,897] {scheduler_job.py:643} INFO - DAG(s) dict_keys(['example_skip_dag']) retrieved from /home/airflow/sandbox/lib/python3.8/site-packages/airflow/example_dags/example_skip_dag.py
[2021-07-14 23:49:02,908] {logging_mixin.py:104} INFO - [2021-07-14 23:49:02,908] {dag.py:1832} INFO - Sync 1 DAGs
[2021-07-14 23:49:02,916] {logging_mixin.py:104} INFO - [2021-07-14 23:49:02,916] {dag.py:2305} INFO - Setting next_dagrun for example_skip_dag to 2021-07-12 00:00:00+00:00
[2021-07-14 23:49:02,925] {scheduler_job.py:190} INFO - Processing /home/airflow/sandbox/lib/python3.8/site-packages/airflow/example_dags/example_skip_dag.py took 0.047 seconds
[2021-07-14 23:49:35,909] {scheduler_job.py:182} INFO - Started process (PID=1889) to work on /home/airflow/sandbox/lib/python3.8/site-packages/airflow/example_dags/example_skip_dag.py
[2021-07-14 23:49:35,910] {scheduler_job.py:633} INFO - Processing file /home/airflow/sandbox/lib/python3.8/site-packages/airflow/example_dags/example_skip_dag.py for tasks to queue
[2021-07-14 23:49:35,911] {logging_mixin.py:104} INFO - [2021-07-14 23:49:35,911] {dagbag.py:487} INFO - Filling up the DagBag from /home/airflow/sandbox/lib/python3.8/site-packages/airflow/example_dags/example_skip_dag.py
[2021-07-14 23:49:35,920] {scheduler_job.py:643} INFO - DAG(s) dict_keys(['example_skip_dag']) retrieved from /home/airflow/sandbox/lib/python3.8/site-packages/airflow/example_dags/example_skip_dag.py
[2021-07-14 23:49:35,931] {logging_mixin.py:104} INFO - [2021-07-14 23:49:35,931] {dag.py:1832} INFO - Sync 1 DAGs
[2021-07-14 23:49:35,941] {logging_mixin.py:104} INFO - [2021-07-14 23:49:35,940] {dag.py:2305} INFO - Setting next_dagrun for example_skip_dag to 2021-07-12 00:00:00+00:00
[2021-07-14 23:49:35,961] {scheduler_job.py:190} INFO - Processing /home/airflow/sandbox/lib/python3.8/site-packages/airflow/example_dags/example_skip_dag.py took 0.054 seconds
[2021-07-14 23:50:08,058] {scheduler_job.py:182} INFO - Started process (PID=1920) to work on /home/airflow/sandbox/lib/python3.8/site-packages/airflow/example_dags/example_skip_dag.py
[2021-07-14 23:50:08,060] {scheduler_job.py:633} INFO - Processing file /home/airflow/sandbox/lib/python3.8/site-packages/airflow/example_dags/example_skip_dag.py for tasks to queue
[2021-07-14 23:50:08,060] {logging_mixin.py:104} INFO - [2021-07-14 23:50:08,060] {dagbag.py:487} INFO - Filling up the DagBag from /home/airflow/sandbox/lib/python3.8/site-packages/airflow/example_dags/example_skip_dag.py
[2021-07-14 23:50:08,070] {scheduler_job.py:643} INFO - DAG(s) dict_keys(['example_skip_dag']) retrieved from /home/airflow/sandbox/lib/python3.8/site-packages/airflow/example_dags/example_skip_dag.py
[2021-07-14 23:50:08,084] {logging_mixin.py:104} INFO - [2021-07-14 23:50:08,084] {dag.py:1832} INFO - Sync 1 DAGs
[2021-07-14 23:50:08,094] {logging_mixin.py:104} INFO - [2021-07-14 23:50:08,094] {dag.py:2305} INFO - Setting next_dagrun for example_skip_dag to 2021-07-12 00:00:00+00:00
[2021-07-14 23:50:08,107] {scheduler_job.py:190} INFO - Processing /home/airflow/sandbox/lib/python3.8/site-packages/airflow/example_dags/example_skip_dag.py took 0.050 seconds
[2021-07-14 23:50:40,120] {scheduler_job.py:182} INFO - Started process (PID=1951) to work on /home/airflow/sandbox/lib/python3.8/site-packages/airflow/example_dags/example_skip_dag.py
[2021-07-14 23:50:40,121] {scheduler_job.py:633} INFO - Processing file /home/airflow/sandbox/lib/python3.8/site-packages/airflow/example_dags/example_skip_dag.py for tasks to queue
[2021-07-14 23:50:40,121] {logging_mixin.py:104} INFO - [2021-07-14 23:50:40,121] {dagbag.py:487} INFO - Filling up the DagBag from /home/airflow/sandbox/lib/python3.8/site-packages/airflow/example_dags/example_skip_dag.py
[2021-07-14 23:50:40,135] {scheduler_job.py:643} INFO - DAG(s) dict_keys(['example_skip_dag']) retrieved from /home/airflow/sandbox/lib/python3.8/site-packages/airflow/example_dags/example_skip_dag.py
[2021-07-14 23:50:40,153] {logging_mixin.py:104} INFO - [2021-07-14 23:50:40,153] {dag.py:1832} INFO - Sync 1 DAGs
[2021-07-14 23:50:40,164] {logging_mixin.py:104} INFO - [2021-07-14 23:50:40,164] {dag.py:2305} INFO - Setting next_dagrun for example_skip_dag to 2021-07-12 00:00:00+00:00
[2021-07-14 23:50:40,177] {scheduler_job.py:190} INFO - Processing /home/airflow/sandbox/lib/python3.8/site-packages/airflow/example_dags/example_skip_dag.py took 0.062 seconds
[2021-07-14 23:51:17,456] {scheduler_job.py:182} INFO - Started process (PID=1984) to work on /home/airflow/sandbox/lib/python3.8/site-packages/airflow/example_dags/example_skip_dag.py
[2021-07-14 23:51:17,461] {scheduler_job.py:633} INFO - Processing file /home/airflow/sandbox/lib/python3.8/site-packages/airflow/example_dags/example_skip_dag.py for tasks to queue
[2021-07-14 23:51:17,463] {logging_mixin.py:104} INFO - [2021-07-14 23:51:17,462] {dagbag.py:487} INFO - Filling up the DagBag from /home/airflow/sandbox/lib/python3.8/site-packages/airflow/example_dags/example_skip_dag.py
[2021-07-14 23:51:17,490] {scheduler_job.py:643} INFO - DAG(s) dict_keys(['example_skip_dag']) retrieved from /home/airflow/sandbox/lib/python3.8/site-packages/airflow/example_dags/example_skip_dag.py
[2021-07-14 23:51:17,523] {logging_mixin.py:104} INFO - [2021-07-14 23:51:17,522] {dag.py:1832} INFO - Sync 1 DAGs
[2021-07-14 23:51:17,544] {logging_mixin.py:104} INFO - [2021-07-14 23:51:17,544] {dag.py:2305} INFO - Setting next_dagrun for example_skip_dag to 2021-07-12 00:00:00+00:00
[2021-07-14 23:51:17,564] {scheduler_job.py:190} INFO - Processing /home/airflow/sandbox/lib/python3.8/site-packages/airflow/example_dags/example_skip_dag.py took 0.116 seconds
[2021-07-14 23:52:01,867] {scheduler_job.py:182} INFO - Started process (PID=2015) to work on /home/airflow/sandbox/lib/python3.8/site-packages/airflow/example_dags/example_skip_dag.py
[2021-07-14 23:52:01,868] {scheduler_job.py:633} INFO - Processing file /home/airflow/sandbox/lib/python3.8/site-packages/airflow/example_dags/example_skip_dag.py for tasks to queue
[2021-07-14 23:52:01,869] {logging_mixin.py:104} INFO - [2021-07-14 23:52:01,869] {dagbag.py:487} INFO - Filling up the DagBag from /home/airflow/sandbox/lib/python3.8/site-packages/airflow/example_dags/example_skip_dag.py
[2021-07-14 23:52:01,887] {scheduler_job.py:643} INFO - DAG(s) dict_keys(['example_skip_dag']) retrieved from /home/airflow/sandbox/lib/python3.8/site-packages/airflow/example_dags/example_skip_dag.py
[2021-07-14 23:52:01,912] {logging_mixin.py:104} INFO - [2021-07-14 23:52:01,912] {dag.py:1832} INFO - Sync 1 DAGs
[2021-07-14 23:52:01,931] {logging_mixin.py:104} INFO - [2021-07-14 23:52:01,931] {dag.py:2305} INFO - Setting next_dagrun for example_skip_dag to 2021-07-12 00:00:00+00:00
[2021-07-14 23:52:01,950] {scheduler_job.py:190} INFO - Processing /home/airflow/sandbox/lib/python3.8/site-packages/airflow/example_dags/example_skip_dag.py took 0.088 seconds
[2021-07-14 23:52:33,715] {scheduler_job.py:182} INFO - Started process (PID=2046) to work on /home/airflow/sandbox/lib/python3.8/site-packages/airflow/example_dags/example_skip_dag.py
[2021-07-14 23:52:33,716] {scheduler_job.py:633} INFO - Processing file /home/airflow/sandbox/lib/python3.8/site-packages/airflow/example_dags/example_skip_dag.py for tasks to queue
[2021-07-14 23:52:33,716] {logging_mixin.py:104} INFO - [2021-07-14 23:52:33,716] {dagbag.py:487} INFO - Filling up the DagBag from /home/airflow/sandbox/lib/python3.8/site-packages/airflow/example_dags/example_skip_dag.py
[2021-07-14 23:52:33,726] {scheduler_job.py:643} INFO - DAG(s) dict_keys(['example_skip_dag']) retrieved from /home/airflow/sandbox/lib/python3.8/site-packages/airflow/example_dags/example_skip_dag.py
[2021-07-14 23:52:33,741] {logging_mixin.py:104} INFO - [2021-07-14 23:52:33,741] {dag.py:1832} INFO - Sync 1 DAGs
[2021-07-14 23:52:33,753] {logging_mixin.py:104} INFO - [2021-07-14 23:52:33,753] {dag.py:2305} INFO - Setting next_dagrun for example_skip_dag to 2021-07-12 00:00:00+00:00
[2021-07-14 23:52:33,765] {scheduler_job.py:190} INFO - Processing /home/airflow/sandbox/lib/python3.8/site-packages/airflow/example_dags/example_skip_dag.py took 0.053 seconds
[2021-07-14 23:53:05,675] {scheduler_job.py:182} INFO - Started process (PID=2077) to work on /home/airflow/sandbox/lib/python3.8/site-packages/airflow/example_dags/example_skip_dag.py
[2021-07-14 23:53:05,676] {scheduler_job.py:633} INFO - Processing file /home/airflow/sandbox/lib/python3.8/site-packages/airflow/example_dags/example_skip_dag.py for tasks to queue
[2021-07-14 23:53:05,676] {logging_mixin.py:104} INFO - [2021-07-14 23:53:05,676] {dagbag.py:487} INFO - Filling up the DagBag from /home/airflow/sandbox/lib/python3.8/site-packages/airflow/example_dags/example_skip_dag.py
[2021-07-14 23:53:05,688] {scheduler_job.py:643} INFO - DAG(s) dict_keys(['example_skip_dag']) retrieved from /home/airflow/sandbox/lib/python3.8/site-packages/airflow/example_dags/example_skip_dag.py
[2021-07-14 23:53:05,702] {logging_mixin.py:104} INFO - [2021-07-14 23:53:05,702] {dag.py:1832} INFO - Sync 1 DAGs
[2021-07-14 23:53:05,714] {logging_mixin.py:104} INFO - [2021-07-14 23:53:05,714] {dag.py:2305} INFO - Setting next_dagrun for example_skip_dag to 2021-07-12 00:00:00+00:00
[2021-07-14 23:53:05,734] {scheduler_job.py:190} INFO - Processing /home/airflow/sandbox/lib/python3.8/site-packages/airflow/example_dags/example_skip_dag.py took 0.062 seconds
[2021-07-14 23:53:39,801] {scheduler_job.py:182} INFO - Started process (PID=2108) to work on /home/airflow/sandbox/lib/python3.8/site-packages/airflow/example_dags/example_skip_dag.py
[2021-07-14 23:53:39,802] {scheduler_job.py:633} INFO - Processing file /home/airflow/sandbox/lib/python3.8/site-packages/airflow/example_dags/example_skip_dag.py for tasks to queue
[2021-07-14 23:53:39,803] {logging_mixin.py:104} INFO - [2021-07-14 23:53:39,803] {dagbag.py:487} INFO - Filling up the DagBag from /home/airflow/sandbox/lib/python3.8/site-packages/airflow/example_dags/example_skip_dag.py
[2021-07-14 23:53:39,814] {scheduler_job.py:643} INFO - DAG(s) dict_keys(['example_skip_dag']) retrieved from /home/airflow/sandbox/lib/python3.8/site-packages/airflow/example_dags/example_skip_dag.py
[2021-07-14 23:53:39,829] {logging_mixin.py:104} INFO - [2021-07-14 23:53:39,829] {dag.py:1832} INFO - Sync 1 DAGs
[2021-07-14 23:53:39,840] {logging_mixin.py:104} INFO - [2021-07-14 23:53:39,840] {dag.py:2305} INFO - Setting next_dagrun for example_skip_dag to 2021-07-12 00:00:00+00:00
[2021-07-14 23:53:39,861] {scheduler_job.py:190} INFO - Processing /home/airflow/sandbox/lib/python3.8/site-packages/airflow/example_dags/example_skip_dag.py took 0.063 seconds
[2021-07-14 23:54:13,504] {scheduler_job.py:182} INFO - Started process (PID=2142) to work on /home/airflow/sandbox/lib/python3.8/site-packages/airflow/example_dags/example_skip_dag.py
[2021-07-14 23:54:13,505] {scheduler_job.py:633} INFO - Processing file /home/airflow/sandbox/lib/python3.8/site-packages/airflow/example_dags/example_skip_dag.py for tasks to queue
[2021-07-14 23:54:13,506] {logging_mixin.py:104} INFO - [2021-07-14 23:54:13,506] {dagbag.py:487} INFO - Filling up the DagBag from /home/airflow/sandbox/lib/python3.8/site-packages/airflow/example_dags/example_skip_dag.py
[2021-07-14 23:54:13,519] {scheduler_job.py:643} INFO - DAG(s) dict_keys(['example_skip_dag']) retrieved from /home/airflow/sandbox/lib/python3.8/site-packages/airflow/example_dags/example_skip_dag.py
[2021-07-14 23:54:13,538] {logging_mixin.py:104} INFO - [2021-07-14 23:54:13,538] {dag.py:1832} INFO - Sync 1 DAGs
[2021-07-14 23:54:13,552] {logging_mixin.py:104} INFO - [2021-07-14 23:54:13,551] {dag.py:2305} INFO - Setting next_dagrun for example_skip_dag to 2021-07-12 00:00:00+00:00
[2021-07-14 23:54:13,566] {scheduler_job.py:190} INFO - Processing /home/airflow/sandbox/lib/python3.8/site-packages/airflow/example_dags/example_skip_dag.py took 0.066 seconds
[2021-07-14 23:54:44,604] {scheduler_job.py:182} INFO - Started process (PID=2173) to work on /home/airflow/sandbox/lib/python3.8/site-packages/airflow/example_dags/example_skip_dag.py
[2021-07-14 23:54:44,605] {scheduler_job.py:633} INFO - Processing file /home/airflow/sandbox/lib/python3.8/site-packages/airflow/example_dags/example_skip_dag.py for tasks to queue
[2021-07-14 23:54:44,605] {logging_mixin.py:104} INFO - [2021-07-14 23:54:44,605] {dagbag.py:487} INFO - Filling up the DagBag from /home/airflow/sandbox/lib/python3.8/site-packages/airflow/example_dags/example_skip_dag.py
[2021-07-14 23:54:44,615] {scheduler_job.py:643} INFO - DAG(s) dict_keys(['example_skip_dag']) retrieved from /home/airflow/sandbox/lib/python3.8/site-packages/airflow/example_dags/example_skip_dag.py
[2021-07-14 23:54:44,629] {logging_mixin.py:104} INFO - [2021-07-14 23:54:44,629] {dag.py:1832} INFO - Sync 1 DAGs
[2021-07-14 23:54:44,641] {logging_mixin.py:104} INFO - [2021-07-14 23:54:44,641] {dag.py:2305} INFO - Setting next_dagrun for example_skip_dag to 2021-07-12 00:00:00+00:00
[2021-07-14 23:54:44,661] {scheduler_job.py:190} INFO - Processing /home/airflow/sandbox/lib/python3.8/site-packages/airflow/example_dags/example_skip_dag.py took 0.061 seconds
[2021-07-14 23:55:53,883] {scheduler_job.py:182} INFO - Started process (PID=2249) to work on /home/airflow/sandbox/lib/python3.8/site-packages/airflow/example_dags/example_skip_dag.py
[2021-07-14 23:55:53,884] {scheduler_job.py:633} INFO - Processing file /home/airflow/sandbox/lib/python3.8/site-packages/airflow/example_dags/example_skip_dag.py for tasks to queue
[2021-07-14 23:55:53,885] {logging_mixin.py:104} INFO - [2021-07-14 23:55:53,885] {dagbag.py:487} INFO - Filling up the DagBag from /home/airflow/sandbox/lib/python3.8/site-packages/airflow/example_dags/example_skip_dag.py
[2021-07-14 23:55:53,896] {scheduler_job.py:643} INFO - DAG(s) dict_keys(['example_skip_dag']) retrieved from /home/airflow/sandbox/lib/python3.8/site-packages/airflow/example_dags/example_skip_dag.py
[2021-07-14 23:55:53,912] {logging_mixin.py:104} INFO - [2021-07-14 23:55:53,912] {dag.py:1832} INFO - Sync 1 DAGs
[2021-07-14 23:55:53,924] {logging_mixin.py:104} INFO - [2021-07-14 23:55:53,924] {dag.py:2305} INFO - Setting next_dagrun for example_skip_dag to 2021-07-12 00:00:00+00:00
[2021-07-14 23:55:53,951] {scheduler_job.py:190} INFO - Processing /home/airflow/sandbox/lib/python3.8/site-packages/airflow/example_dags/example_skip_dag.py took 0.070 seconds
[2021-07-14 23:56:26,224] {scheduler_job.py:182} INFO - Started process (PID=2280) to work on /home/airflow/sandbox/lib/python3.8/site-packages/airflow/example_dags/example_skip_dag.py
[2021-07-14 23:56:26,225] {scheduler_job.py:633} INFO - Processing file /home/airflow/sandbox/lib/python3.8/site-packages/airflow/example_dags/example_skip_dag.py for tasks to queue
[2021-07-14 23:56:26,226] {logging_mixin.py:104} INFO - [2021-07-14 23:56:26,226] {dagbag.py:487} INFO - Filling up the DagBag from /home/airflow/sandbox/lib/python3.8/site-packages/airflow/example_dags/example_skip_dag.py
[2021-07-14 23:56:26,234] {scheduler_job.py:643} INFO - DAG(s) dict_keys(['example_skip_dag']) retrieved from /home/airflow/sandbox/lib/python3.8/site-packages/airflow/example_dags/example_skip_dag.py
[2021-07-14 23:56:26,248] {logging_mixin.py:104} INFO - [2021-07-14 23:56:26,248] {dag.py:1832} INFO - Sync 1 DAGs
[2021-07-14 23:56:26,258] {logging_mixin.py:104} INFO - [2021-07-14 23:56:26,258] {dag.py:2305} INFO - Setting next_dagrun for example_skip_dag to 2021-07-12 00:00:00+00:00
[2021-07-14 23:56:26,271] {scheduler_job.py:190} INFO - Processing /home/airflow/sandbox/lib/python3.8/site-packages/airflow/example_dags/example_skip_dag.py took 0.050 seconds
[2021-07-14 23:56:59,117] {scheduler_job.py:182} INFO - Started process (PID=2312) to work on /home/airflow/sandbox/lib/python3.8/site-packages/airflow/example_dags/example_skip_dag.py
[2021-07-14 23:56:59,118] {scheduler_job.py:633} INFO - Processing file /home/airflow/sandbox/lib/python3.8/site-packages/airflow/example_dags/example_skip_dag.py for tasks to queue
[2021-07-14 23:56:59,119] {logging_mixin.py:104} INFO - [2021-07-14 23:56:59,119] {dagbag.py:487} INFO - Filling up the DagBag from /home/airflow/sandbox/lib/python3.8/site-packages/airflow/example_dags/example_skip_dag.py
[2021-07-14 23:56:59,129] {scheduler_job.py:643} INFO - DAG(s) dict_keys(['example_skip_dag']) retrieved from /home/airflow/sandbox/lib/python3.8/site-packages/airflow/example_dags/example_skip_dag.py
[2021-07-14 23:56:59,146] {logging_mixin.py:104} INFO - [2021-07-14 23:56:59,146] {dag.py:1832} INFO - Sync 1 DAGs
[2021-07-14 23:56:59,156] {logging_mixin.py:104} INFO - [2021-07-14 23:56:59,156] {dag.py:2305} INFO - Setting next_dagrun for example_skip_dag to 2021-07-12 00:00:00+00:00
[2021-07-14 23:56:59,166] {scheduler_job.py:190} INFO - Processing /home/airflow/sandbox/lib/python3.8/site-packages/airflow/example_dags/example_skip_dag.py took 0.050 seconds
[2021-07-14 23:57:32,187] {scheduler_job.py:182} INFO - Started process (PID=2343) to work on /home/airflow/sandbox/lib/python3.8/site-packages/airflow/example_dags/example_skip_dag.py
[2021-07-14 23:57:32,188] {scheduler_job.py:633} INFO - Processing file /home/airflow/sandbox/lib/python3.8/site-packages/airflow/example_dags/example_skip_dag.py for tasks to queue
[2021-07-14 23:57:32,188] {logging_mixin.py:104} INFO - [2021-07-14 23:57:32,188] {dagbag.py:487} INFO - Filling up the DagBag from /home/airflow/sandbox/lib/python3.8/site-packages/airflow/example_dags/example_skip_dag.py
[2021-07-14 23:57:32,198] {scheduler_job.py:643} INFO - DAG(s) dict_keys(['example_skip_dag']) retrieved from /home/airflow/sandbox/lib/python3.8/site-packages/airflow/example_dags/example_skip_dag.py
[2021-07-14 23:57:32,214] {logging_mixin.py:104} INFO - [2021-07-14 23:57:32,214] {dag.py:1832} INFO - Sync 1 DAGs
[2021-07-14 23:57:32,226] {logging_mixin.py:104} INFO - [2021-07-14 23:57:32,226] {dag.py:2305} INFO - Setting next_dagrun for example_skip_dag to 2021-07-12 00:00:00+00:00
[2021-07-14 23:57:32,239] {scheduler_job.py:190} INFO - Processing /home/airflow/sandbox/lib/python3.8/site-packages/airflow/example_dags/example_skip_dag.py took 0.055 seconds
[2021-07-14 23:58:05,478] {scheduler_job.py:182} INFO - Started process (PID=2374) to work on /home/airflow/sandbox/lib/python3.8/site-packages/airflow/example_dags/example_skip_dag.py
[2021-07-14 23:58:05,479] {scheduler_job.py:633} INFO - Processing file /home/airflow/sandbox/lib/python3.8/site-packages/airflow/example_dags/example_skip_dag.py for tasks to queue
[2021-07-14 23:58:05,480] {logging_mixin.py:104} INFO - [2021-07-14 23:58:05,480] {dagbag.py:487} INFO - Filling up the DagBag from /home/airflow/sandbox/lib/python3.8/site-packages/airflow/example_dags/example_skip_dag.py
[2021-07-14 23:58:05,490] {scheduler_job.py:643} INFO - DAG(s) dict_keys(['example_skip_dag']) retrieved from /home/airflow/sandbox/lib/python3.8/site-packages/airflow/example_dags/example_skip_dag.py
[2021-07-14 23:58:05,506] {logging_mixin.py:104} INFO - [2021-07-14 23:58:05,506] {dag.py:1832} INFO - Sync 1 DAGs
[2021-07-14 23:58:05,518] {logging_mixin.py:104} INFO - [2021-07-14 23:58:05,518] {dag.py:2305} INFO - Setting next_dagrun for example_skip_dag to 2021-07-12 00:00:00+00:00
[2021-07-14 23:58:05,537] {scheduler_job.py:190} INFO - Processing /home/airflow/sandbox/lib/python3.8/site-packages/airflow/example_dags/example_skip_dag.py took 0.062 seconds
[2021-07-14 23:58:36,556] {scheduler_job.py:182} INFO - Started process (PID=2405) to work on /home/airflow/sandbox/lib/python3.8/site-packages/airflow/example_dags/example_skip_dag.py
[2021-07-14 23:58:36,557] {scheduler_job.py:633} INFO - Processing file /home/airflow/sandbox/lib/python3.8/site-packages/airflow/example_dags/example_skip_dag.py for tasks to queue
[2021-07-14 23:58:36,558] {logging_mixin.py:104} INFO - [2021-07-14 23:58:36,558] {dagbag.py:487} INFO - Filling up the DagBag from /home/airflow/sandbox/lib/python3.8/site-packages/airflow/example_dags/example_skip_dag.py
[2021-07-14 23:58:36,567] {scheduler_job.py:643} INFO - DAG(s) dict_keys(['example_skip_dag']) retrieved from /home/airflow/sandbox/lib/python3.8/site-packages/airflow/example_dags/example_skip_dag.py
[2021-07-14 23:58:36,579] {logging_mixin.py:104} INFO - [2021-07-14 23:58:36,579] {dag.py:1832} INFO - Sync 1 DAGs
[2021-07-14 23:58:36,589] {logging_mixin.py:104} INFO - [2021-07-14 23:58:36,589] {dag.py:2305} INFO - Setting next_dagrun for example_skip_dag to 2021-07-12 00:00:00+00:00
[2021-07-14 23:58:36,608] {scheduler_job.py:190} INFO - Processing /home/airflow/sandbox/lib/python3.8/site-packages/airflow/example_dags/example_skip_dag.py took 0.054 seconds
[2021-07-14 23:59:08,230] {scheduler_job.py:182} INFO - Started process (PID=2436) to work on /home/airflow/sandbox/lib/python3.8/site-packages/airflow/example_dags/example_skip_dag.py
[2021-07-14 23:59:08,231] {scheduler_job.py:633} INFO - Processing file /home/airflow/sandbox/lib/python3.8/site-packages/airflow/example_dags/example_skip_dag.py for tasks to queue
[2021-07-14 23:59:08,231] {logging_mixin.py:104} INFO - [2021-07-14 23:59:08,231] {dagbag.py:487} INFO - Filling up the DagBag from /home/airflow/sandbox/lib/python3.8/site-packages/airflow/example_dags/example_skip_dag.py
[2021-07-14 23:59:08,239] {scheduler_job.py:643} INFO - DAG(s) dict_keys(['example_skip_dag']) retrieved from /home/airflow/sandbox/lib/python3.8/site-packages/airflow/example_dags/example_skip_dag.py
[2021-07-14 23:59:08,249] {logging_mixin.py:104} INFO - [2021-07-14 23:59:08,249] {dag.py:1832} INFO - Sync 1 DAGs
[2021-07-14 23:59:08,258] {logging_mixin.py:104} INFO - [2021-07-14 23:59:08,258] {dag.py:2305} INFO - Setting next_dagrun for example_skip_dag to 2021-07-12 00:00:00+00:00
[2021-07-14 23:59:08,276] {scheduler_job.py:190} INFO - Processing /home/airflow/sandbox/lib/python3.8/site-packages/airflow/example_dags/example_skip_dag.py took 0.049 seconds
[2021-07-14 23:59:39,045] {scheduler_job.py:182} INFO - Started process (PID=2468) to work on /home/airflow/sandbox/lib/python3.8/site-packages/airflow/example_dags/example_skip_dag.py
[2021-07-14 23:59:39,046] {scheduler_job.py:633} INFO - Processing file /home/airflow/sandbox/lib/python3.8/site-packages/airflow/example_dags/example_skip_dag.py for tasks to queue
[2021-07-14 23:59:39,046] {logging_mixin.py:104} INFO - [2021-07-14 23:59:39,046] {dagbag.py:487} INFO - Filling up the DagBag from /home/airflow/sandbox/lib/python3.8/site-packages/airflow/example_dags/example_skip_dag.py
[2021-07-14 23:59:39,054] {scheduler_job.py:643} INFO - DAG(s) dict_keys(['example_skip_dag']) retrieved from /home/airflow/sandbox/lib/python3.8/site-packages/airflow/example_dags/example_skip_dag.py
[2021-07-14 23:59:39,064] {logging_mixin.py:104} INFO - [2021-07-14 23:59:39,064] {dag.py:1832} INFO - Sync 1 DAGs
[2021-07-14 23:59:39,071] {logging_mixin.py:104} INFO - [2021-07-14 23:59:39,071] {dag.py:2305} INFO - Setting next_dagrun for example_skip_dag to 2021-07-12 00:00:00+00:00
[2021-07-14 23:59:39,080] {scheduler_job.py:190} INFO - Processing /home/airflow/sandbox/lib/python3.8/site-packages/airflow/example_dags/example_skip_dag.py took 0.038 seconds
