[2021-07-14 23:02:49,792] {scheduler_job.py:182} INFO - Started process (PID=1575) to work on /home/airflow/sandbox/lib/python3.8/site-packages/airflow/example_dags/example_latest_only.py
[2021-07-14 23:02:49,793] {scheduler_job.py:633} INFO - Processing file /home/airflow/sandbox/lib/python3.8/site-packages/airflow/example_dags/example_latest_only.py for tasks to queue
[2021-07-14 23:02:49,794] {logging_mixin.py:104} INFO - [2021-07-14 23:02:49,794] {dagbag.py:487} INFO - Filling up the DagBag from /home/airflow/sandbox/lib/python3.8/site-packages/airflow/example_dags/example_latest_only.py
[2021-07-14 23:02:49,806] {scheduler_job.py:643} INFO - DAG(s) dict_keys(['latest_only']) retrieved from /home/airflow/sandbox/lib/python3.8/site-packages/airflow/example_dags/example_latest_only.py
[2021-07-14 23:02:49,820] {logging_mixin.py:104} INFO - [2021-07-14 23:02:49,820] {dag.py:1832} INFO - Sync 1 DAGs
[2021-07-14 23:02:49,831] {logging_mixin.py:104} INFO - [2021-07-14 23:02:49,831] {dag.py:2305} INFO - Setting next_dagrun for latest_only to 2021-07-12 00:00:00+00:00
[2021-07-14 23:02:49,852] {scheduler_job.py:190} INFO - Processing /home/airflow/sandbox/lib/python3.8/site-packages/airflow/example_dags/example_latest_only.py took 0.062 seconds
[2021-07-14 23:03:24,930] {scheduler_job.py:182} INFO - Started process (PID=1608) to work on /home/airflow/sandbox/lib/python3.8/site-packages/airflow/example_dags/example_latest_only.py
[2021-07-14 23:03:24,931] {scheduler_job.py:633} INFO - Processing file /home/airflow/sandbox/lib/python3.8/site-packages/airflow/example_dags/example_latest_only.py for tasks to queue
[2021-07-14 23:03:24,932] {logging_mixin.py:104} INFO - [2021-07-14 23:03:24,932] {dagbag.py:487} INFO - Filling up the DagBag from /home/airflow/sandbox/lib/python3.8/site-packages/airflow/example_dags/example_latest_only.py
[2021-07-14 23:03:24,953] {scheduler_job.py:643} INFO - DAG(s) dict_keys(['latest_only']) retrieved from /home/airflow/sandbox/lib/python3.8/site-packages/airflow/example_dags/example_latest_only.py
[2021-07-14 23:03:24,966] {logging_mixin.py:104} INFO - [2021-07-14 23:03:24,966] {dag.py:1832} INFO - Sync 1 DAGs
[2021-07-14 23:03:24,979] {logging_mixin.py:104} INFO - [2021-07-14 23:03:24,978] {dag.py:2305} INFO - Setting next_dagrun for latest_only to 2021-07-12 00:00:00+00:00
[2021-07-14 23:03:25,003] {scheduler_job.py:190} INFO - Processing /home/airflow/sandbox/lib/python3.8/site-packages/airflow/example_dags/example_latest_only.py took 0.079 seconds
[2021-07-14 23:04:02,082] {scheduler_job.py:182} INFO - Started process (PID=1654) to work on /home/airflow/sandbox/lib/python3.8/site-packages/airflow/example_dags/example_latest_only.py
[2021-07-14 23:04:02,083] {scheduler_job.py:633} INFO - Processing file /home/airflow/sandbox/lib/python3.8/site-packages/airflow/example_dags/example_latest_only.py for tasks to queue
[2021-07-14 23:04:02,084] {logging_mixin.py:104} INFO - [2021-07-14 23:04:02,084] {dagbag.py:487} INFO - Filling up the DagBag from /home/airflow/sandbox/lib/python3.8/site-packages/airflow/example_dags/example_latest_only.py
[2021-07-14 23:04:02,101] {scheduler_job.py:643} INFO - DAG(s) dict_keys(['latest_only']) retrieved from /home/airflow/sandbox/lib/python3.8/site-packages/airflow/example_dags/example_latest_only.py
[2021-07-14 23:04:02,119] {logging_mixin.py:104} INFO - [2021-07-14 23:04:02,119] {dag.py:1832} INFO - Sync 1 DAGs
[2021-07-14 23:04:02,134] {logging_mixin.py:104} INFO - [2021-07-14 23:04:02,134] {dag.py:2305} INFO - Setting next_dagrun for latest_only to 2021-07-12 00:00:00+00:00
[2021-07-14 23:04:02,159] {scheduler_job.py:190} INFO - Processing /home/airflow/sandbox/lib/python3.8/site-packages/airflow/example_dags/example_latest_only.py took 0.081 seconds
[2021-07-14 23:04:24,546] {scheduler_job.py:182} INFO - Started process (PID=1684) to work on /home/airflow/sandbox/lib/python3.8/site-packages/airflow/example_dags/example_latest_only.py
[2021-07-14 23:04:24,550] {scheduler_job.py:633} INFO - Processing file /home/airflow/sandbox/lib/python3.8/site-packages/airflow/example_dags/example_latest_only.py for tasks to queue
[2021-07-14 23:04:24,552] {logging_mixin.py:104} INFO - [2021-07-14 23:04:24,552] {dagbag.py:487} INFO - Filling up the DagBag from /home/airflow/sandbox/lib/python3.8/site-packages/airflow/example_dags/example_latest_only.py
[2021-07-14 23:04:24,589] {scheduler_job.py:643} INFO - DAG(s) dict_keys(['latest_only']) retrieved from /home/airflow/sandbox/lib/python3.8/site-packages/airflow/example_dags/example_latest_only.py
[2021-07-14 23:04:24,626] {logging_mixin.py:104} INFO - [2021-07-14 23:04:24,626] {dag.py:1832} INFO - Sync 1 DAGs
[2021-07-14 23:04:24,657] {logging_mixin.py:104} INFO - [2021-07-14 23:04:24,657] {dag.py:2305} INFO - Setting next_dagrun for latest_only to 2021-07-12 00:00:00+00:00
[2021-07-14 23:04:24,693] {scheduler_job.py:190} INFO - Processing /home/airflow/sandbox/lib/python3.8/site-packages/airflow/example_dags/example_latest_only.py took 0.154 seconds
[2021-07-14 23:04:46,496] {scheduler_job.py:182} INFO - Started process (PID=1721) to work on /home/airflow/sandbox/lib/python3.8/site-packages/airflow/example_dags/example_latest_only.py
[2021-07-14 23:04:46,497] {scheduler_job.py:633} INFO - Processing file /home/airflow/sandbox/lib/python3.8/site-packages/airflow/example_dags/example_latest_only.py for tasks to queue
[2021-07-14 23:04:46,497] {logging_mixin.py:104} INFO - [2021-07-14 23:04:46,497] {dagbag.py:487} INFO - Filling up the DagBag from /home/airflow/sandbox/lib/python3.8/site-packages/airflow/example_dags/example_latest_only.py
[2021-07-14 23:04:46,523] {scheduler_job.py:643} INFO - DAG(s) dict_keys(['latest_only']) retrieved from /home/airflow/sandbox/lib/python3.8/site-packages/airflow/example_dags/example_latest_only.py
[2021-07-14 23:04:46,544] {logging_mixin.py:104} INFO - [2021-07-14 23:04:46,544] {dag.py:1832} INFO - Sync 1 DAGs
[2021-07-14 23:04:46,577] {logging_mixin.py:104} INFO - [2021-07-14 23:04:46,577] {dag.py:2305} INFO - Setting next_dagrun for latest_only to 2021-07-12 00:00:00+00:00
[2021-07-14 23:04:46,598] {scheduler_job.py:190} INFO - Processing /home/airflow/sandbox/lib/python3.8/site-packages/airflow/example_dags/example_latest_only.py took 0.106 seconds
[2021-07-14 23:05:09,098] {scheduler_job.py:182} INFO - Started process (PID=1755) to work on /home/airflow/sandbox/lib/python3.8/site-packages/airflow/example_dags/example_latest_only.py
[2021-07-14 23:05:09,108] {scheduler_job.py:633} INFO - Processing file /home/airflow/sandbox/lib/python3.8/site-packages/airflow/example_dags/example_latest_only.py for tasks to queue
[2021-07-14 23:05:09,111] {logging_mixin.py:104} INFO - [2021-07-14 23:05:09,110] {dagbag.py:487} INFO - Filling up the DagBag from /home/airflow/sandbox/lib/python3.8/site-packages/airflow/example_dags/example_latest_only.py
[2021-07-14 23:05:09,261] {scheduler_job.py:643} INFO - DAG(s) dict_keys(['latest_only']) retrieved from /home/airflow/sandbox/lib/python3.8/site-packages/airflow/example_dags/example_latest_only.py
[2021-07-14 23:05:09,420] {logging_mixin.py:104} INFO - [2021-07-14 23:05:09,411] {dag.py:1832} INFO - Sync 1 DAGs
[2021-07-14 23:05:09,552] {logging_mixin.py:104} INFO - [2021-07-14 23:05:09,552] {dag.py:2305} INFO - Setting next_dagrun for latest_only to 2021-07-12 00:00:00+00:00
[2021-07-14 23:05:09,680] {scheduler_job.py:190} INFO - Processing /home/airflow/sandbox/lib/python3.8/site-packages/airflow/example_dags/example_latest_only.py took 0.595 seconds
[2021-07-14 23:05:33,263] {scheduler_job.py:182} INFO - Started process (PID=1788) to work on /home/airflow/sandbox/lib/python3.8/site-packages/airflow/example_dags/example_latest_only.py
[2021-07-14 23:05:33,266] {scheduler_job.py:633} INFO - Processing file /home/airflow/sandbox/lib/python3.8/site-packages/airflow/example_dags/example_latest_only.py for tasks to queue
[2021-07-14 23:05:33,268] {logging_mixin.py:104} INFO - [2021-07-14 23:05:33,267] {dagbag.py:487} INFO - Filling up the DagBag from /home/airflow/sandbox/lib/python3.8/site-packages/airflow/example_dags/example_latest_only.py
[2021-07-14 23:05:33,295] {scheduler_job.py:643} INFO - DAG(s) dict_keys(['latest_only']) retrieved from /home/airflow/sandbox/lib/python3.8/site-packages/airflow/example_dags/example_latest_only.py
[2021-07-14 23:05:33,339] {logging_mixin.py:104} INFO - [2021-07-14 23:05:33,338] {dag.py:1832} INFO - Sync 1 DAGs
[2021-07-14 23:05:33,389] {logging_mixin.py:104} INFO - [2021-07-14 23:05:33,388] {dag.py:2305} INFO - Setting next_dagrun for latest_only to 2021-07-12 00:00:00+00:00
[2021-07-14 23:05:33,437] {scheduler_job.py:190} INFO - Processing /home/airflow/sandbox/lib/python3.8/site-packages/airflow/example_dags/example_latest_only.py took 0.181 seconds
[2021-07-14 23:05:47,283] {scheduler_job.py:182} INFO - Started process (PID=1814) to work on /home/airflow/sandbox/lib/python3.8/site-packages/airflow/example_dags/example_latest_only.py
[2021-07-14 23:05:47,286] {scheduler_job.py:633} INFO - Processing file /home/airflow/sandbox/lib/python3.8/site-packages/airflow/example_dags/example_latest_only.py for tasks to queue
[2021-07-14 23:05:47,293] {logging_mixin.py:104} INFO - [2021-07-14 23:05:47,293] {dagbag.py:487} INFO - Filling up the DagBag from /home/airflow/sandbox/lib/python3.8/site-packages/airflow/example_dags/example_latest_only.py
[2021-07-14 23:05:47,327] {scheduler_job.py:643} INFO - DAG(s) dict_keys(['latest_only']) retrieved from /home/airflow/sandbox/lib/python3.8/site-packages/airflow/example_dags/example_latest_only.py
[2021-07-14 23:05:47,350] {logging_mixin.py:104} INFO - [2021-07-14 23:05:47,350] {dag.py:1832} INFO - Sync 1 DAGs
[2021-07-14 23:05:47,368] {logging_mixin.py:104} INFO - [2021-07-14 23:05:47,368] {dag.py:2305} INFO - Setting next_dagrun for latest_only to 2021-07-12 00:00:00+00:00
[2021-07-14 23:05:47,396] {scheduler_job.py:190} INFO - Processing /home/airflow/sandbox/lib/python3.8/site-packages/airflow/example_dags/example_latest_only.py took 0.117 seconds
[2021-07-14 23:06:06,567] {scheduler_job.py:182} INFO - Started process (PID=1850) to work on /home/airflow/sandbox/lib/python3.8/site-packages/airflow/example_dags/example_latest_only.py
[2021-07-14 23:06:06,568] {scheduler_job.py:633} INFO - Processing file /home/airflow/sandbox/lib/python3.8/site-packages/airflow/example_dags/example_latest_only.py for tasks to queue
[2021-07-14 23:06:06,569] {logging_mixin.py:104} INFO - [2021-07-14 23:06:06,569] {dagbag.py:487} INFO - Filling up the DagBag from /home/airflow/sandbox/lib/python3.8/site-packages/airflow/example_dags/example_latest_only.py
[2021-07-14 23:06:06,579] {scheduler_job.py:643} INFO - DAG(s) dict_keys(['latest_only']) retrieved from /home/airflow/sandbox/lib/python3.8/site-packages/airflow/example_dags/example_latest_only.py
[2021-07-14 23:06:06,595] {logging_mixin.py:104} INFO - [2021-07-14 23:06:06,595] {dag.py:1832} INFO - Sync 1 DAGs
[2021-07-14 23:06:06,607] {logging_mixin.py:104} INFO - [2021-07-14 23:06:06,607] {dag.py:2305} INFO - Setting next_dagrun for latest_only to 2021-07-12 00:00:00+00:00
[2021-07-14 23:06:06,621] {scheduler_job.py:190} INFO - Processing /home/airflow/sandbox/lib/python3.8/site-packages/airflow/example_dags/example_latest_only.py took 0.057 seconds
[2021-07-14 23:06:20,067] {scheduler_job.py:182} INFO - Started process (PID=1875) to work on /home/airflow/sandbox/lib/python3.8/site-packages/airflow/example_dags/example_latest_only.py
[2021-07-14 23:06:20,069] {scheduler_job.py:633} INFO - Processing file /home/airflow/sandbox/lib/python3.8/site-packages/airflow/example_dags/example_latest_only.py for tasks to queue
[2021-07-14 23:06:20,069] {logging_mixin.py:104} INFO - [2021-07-14 23:06:20,069] {dagbag.py:487} INFO - Filling up the DagBag from /home/airflow/sandbox/lib/python3.8/site-packages/airflow/example_dags/example_latest_only.py
[2021-07-14 23:06:20,087] {scheduler_job.py:643} INFO - DAG(s) dict_keys(['latest_only']) retrieved from /home/airflow/sandbox/lib/python3.8/site-packages/airflow/example_dags/example_latest_only.py
[2021-07-14 23:06:20,105] {logging_mixin.py:104} INFO - [2021-07-14 23:06:20,105] {dag.py:1832} INFO - Sync 1 DAGs
[2021-07-14 23:06:20,120] {logging_mixin.py:104} INFO - [2021-07-14 23:06:20,120] {dag.py:2305} INFO - Setting next_dagrun for latest_only to 2021-07-12 00:00:00+00:00
[2021-07-14 23:06:20,142] {scheduler_job.py:190} INFO - Processing /home/airflow/sandbox/lib/python3.8/site-packages/airflow/example_dags/example_latest_only.py took 0.078 seconds
[2021-07-14 23:06:39,054] {scheduler_job.py:182} INFO - Started process (PID=1907) to work on /home/airflow/sandbox/lib/python3.8/site-packages/airflow/example_dags/example_latest_only.py
[2021-07-14 23:06:39,055] {scheduler_job.py:633} INFO - Processing file /home/airflow/sandbox/lib/python3.8/site-packages/airflow/example_dags/example_latest_only.py for tasks to queue
[2021-07-14 23:06:39,056] {logging_mixin.py:104} INFO - [2021-07-14 23:06:39,056] {dagbag.py:487} INFO - Filling up the DagBag from /home/airflow/sandbox/lib/python3.8/site-packages/airflow/example_dags/example_latest_only.py
[2021-07-14 23:06:39,067] {scheduler_job.py:643} INFO - DAG(s) dict_keys(['latest_only']) retrieved from /home/airflow/sandbox/lib/python3.8/site-packages/airflow/example_dags/example_latest_only.py
[2021-07-14 23:06:39,083] {logging_mixin.py:104} INFO - [2021-07-14 23:06:39,083] {dag.py:1832} INFO - Sync 1 DAGs
[2021-07-14 23:06:39,097] {logging_mixin.py:104} INFO - [2021-07-14 23:06:39,097] {dag.py:2305} INFO - Setting next_dagrun for latest_only to 2021-07-12 00:00:00+00:00
[2021-07-14 23:06:39,119] {scheduler_job.py:190} INFO - Processing /home/airflow/sandbox/lib/python3.8/site-packages/airflow/example_dags/example_latest_only.py took 0.068 seconds
[2021-07-14 23:06:59,121] {scheduler_job.py:182} INFO - Started process (PID=1937) to work on /home/airflow/sandbox/lib/python3.8/site-packages/airflow/example_dags/example_latest_only.py
[2021-07-14 23:06:59,136] {scheduler_job.py:633} INFO - Processing file /home/airflow/sandbox/lib/python3.8/site-packages/airflow/example_dags/example_latest_only.py for tasks to queue
[2021-07-14 23:06:59,141] {logging_mixin.py:104} INFO - [2021-07-14 23:06:59,141] {dagbag.py:487} INFO - Filling up the DagBag from /home/airflow/sandbox/lib/python3.8/site-packages/airflow/example_dags/example_latest_only.py
[2021-07-14 23:06:59,165] {scheduler_job.py:643} INFO - DAG(s) dict_keys(['latest_only']) retrieved from /home/airflow/sandbox/lib/python3.8/site-packages/airflow/example_dags/example_latest_only.py
[2021-07-14 23:06:59,205] {logging_mixin.py:104} INFO - [2021-07-14 23:06:59,204] {dag.py:1832} INFO - Sync 1 DAGs
[2021-07-14 23:06:59,267] {logging_mixin.py:104} INFO - [2021-07-14 23:06:59,266] {dag.py:2305} INFO - Setting next_dagrun for latest_only to 2021-07-12 00:00:00+00:00
[2021-07-14 23:06:59,321] {scheduler_job.py:190} INFO - Processing /home/airflow/sandbox/lib/python3.8/site-packages/airflow/example_dags/example_latest_only.py took 0.205 seconds
[2021-07-14 23:07:18,934] {scheduler_job.py:182} INFO - Started process (PID=1972) to work on /home/airflow/sandbox/lib/python3.8/site-packages/airflow/example_dags/example_latest_only.py
[2021-07-14 23:07:18,934] {scheduler_job.py:633} INFO - Processing file /home/airflow/sandbox/lib/python3.8/site-packages/airflow/example_dags/example_latest_only.py for tasks to queue
[2021-07-14 23:07:18,935] {logging_mixin.py:104} INFO - [2021-07-14 23:07:18,935] {dagbag.py:487} INFO - Filling up the DagBag from /home/airflow/sandbox/lib/python3.8/site-packages/airflow/example_dags/example_latest_only.py
[2021-07-14 23:07:18,943] {scheduler_job.py:643} INFO - DAG(s) dict_keys(['latest_only']) retrieved from /home/airflow/sandbox/lib/python3.8/site-packages/airflow/example_dags/example_latest_only.py
[2021-07-14 23:07:18,955] {logging_mixin.py:104} INFO - [2021-07-14 23:07:18,954] {dag.py:1832} INFO - Sync 1 DAGs
[2021-07-14 23:07:18,963] {logging_mixin.py:104} INFO - [2021-07-14 23:07:18,963] {dag.py:2305} INFO - Setting next_dagrun for latest_only to 2021-07-12 00:00:00+00:00
[2021-07-14 23:07:18,983] {scheduler_job.py:190} INFO - Processing /home/airflow/sandbox/lib/python3.8/site-packages/airflow/example_dags/example_latest_only.py took 0.051 seconds
[2021-07-14 23:07:33,149] {scheduler_job.py:182} INFO - Started process (PID=2002) to work on /home/airflow/sandbox/lib/python3.8/site-packages/airflow/example_dags/example_latest_only.py
[2021-07-14 23:07:33,150] {scheduler_job.py:633} INFO - Processing file /home/airflow/sandbox/lib/python3.8/site-packages/airflow/example_dags/example_latest_only.py for tasks to queue
[2021-07-14 23:07:33,151] {logging_mixin.py:104} INFO - [2021-07-14 23:07:33,151] {dagbag.py:487} INFO - Filling up the DagBag from /home/airflow/sandbox/lib/python3.8/site-packages/airflow/example_dags/example_latest_only.py
[2021-07-14 23:07:33,162] {scheduler_job.py:643} INFO - DAG(s) dict_keys(['latest_only']) retrieved from /home/airflow/sandbox/lib/python3.8/site-packages/airflow/example_dags/example_latest_only.py
[2021-07-14 23:07:33,176] {logging_mixin.py:104} INFO - [2021-07-14 23:07:33,176] {dag.py:1832} INFO - Sync 1 DAGs
[2021-07-14 23:07:33,193] {logging_mixin.py:104} INFO - [2021-07-14 23:07:33,193] {dag.py:2305} INFO - Setting next_dagrun for latest_only to 2021-07-12 00:00:00+00:00
[2021-07-14 23:07:33,207] {scheduler_job.py:190} INFO - Processing /home/airflow/sandbox/lib/python3.8/site-packages/airflow/example_dags/example_latest_only.py took 0.061 seconds
[2021-07-14 23:07:50,503] {scheduler_job.py:182} INFO - Started process (PID=2036) to work on /home/airflow/sandbox/lib/python3.8/site-packages/airflow/example_dags/example_latest_only.py
[2021-07-14 23:07:50,504] {scheduler_job.py:633} INFO - Processing file /home/airflow/sandbox/lib/python3.8/site-packages/airflow/example_dags/example_latest_only.py for tasks to queue
[2021-07-14 23:07:50,505] {logging_mixin.py:104} INFO - [2021-07-14 23:07:50,504] {dagbag.py:487} INFO - Filling up the DagBag from /home/airflow/sandbox/lib/python3.8/site-packages/airflow/example_dags/example_latest_only.py
[2021-07-14 23:07:50,515] {scheduler_job.py:643} INFO - DAG(s) dict_keys(['latest_only']) retrieved from /home/airflow/sandbox/lib/python3.8/site-packages/airflow/example_dags/example_latest_only.py
[2021-07-14 23:07:50,534] {logging_mixin.py:104} INFO - [2021-07-14 23:07:50,534] {dag.py:1832} INFO - Sync 1 DAGs
[2021-07-14 23:07:50,543] {logging_mixin.py:104} INFO - [2021-07-14 23:07:50,543] {dag.py:2305} INFO - Setting next_dagrun for latest_only to 2021-07-12 00:00:00+00:00
[2021-07-14 23:07:50,558] {scheduler_job.py:190} INFO - Processing /home/airflow/sandbox/lib/python3.8/site-packages/airflow/example_dags/example_latest_only.py took 0.057 seconds
[2021-07-14 23:08:04,561] {scheduler_job.py:182} INFO - Started process (PID=2064) to work on /home/airflow/sandbox/lib/python3.8/site-packages/airflow/example_dags/example_latest_only.py
[2021-07-14 23:08:04,562] {scheduler_job.py:633} INFO - Processing file /home/airflow/sandbox/lib/python3.8/site-packages/airflow/example_dags/example_latest_only.py for tasks to queue
[2021-07-14 23:08:04,562] {logging_mixin.py:104} INFO - [2021-07-14 23:08:04,562] {dagbag.py:487} INFO - Filling up the DagBag from /home/airflow/sandbox/lib/python3.8/site-packages/airflow/example_dags/example_latest_only.py
[2021-07-14 23:08:04,570] {scheduler_job.py:643} INFO - DAG(s) dict_keys(['latest_only']) retrieved from /home/airflow/sandbox/lib/python3.8/site-packages/airflow/example_dags/example_latest_only.py
[2021-07-14 23:08:04,581] {logging_mixin.py:104} INFO - [2021-07-14 23:08:04,581] {dag.py:1832} INFO - Sync 1 DAGs
[2021-07-14 23:08:04,589] {logging_mixin.py:104} INFO - [2021-07-14 23:08:04,589] {dag.py:2305} INFO - Setting next_dagrun for latest_only to 2021-07-12 00:00:00+00:00
[2021-07-14 23:08:04,606] {scheduler_job.py:190} INFO - Processing /home/airflow/sandbox/lib/python3.8/site-packages/airflow/example_dags/example_latest_only.py took 0.048 seconds
[2021-07-14 23:08:23,201] {scheduler_job.py:182} INFO - Started process (PID=2099) to work on /home/airflow/sandbox/lib/python3.8/site-packages/airflow/example_dags/example_latest_only.py
[2021-07-14 23:08:23,201] {scheduler_job.py:633} INFO - Processing file /home/airflow/sandbox/lib/python3.8/site-packages/airflow/example_dags/example_latest_only.py for tasks to queue
[2021-07-14 23:08:23,202] {logging_mixin.py:104} INFO - [2021-07-14 23:08:23,202] {dagbag.py:487} INFO - Filling up the DagBag from /home/airflow/sandbox/lib/python3.8/site-packages/airflow/example_dags/example_latest_only.py
[2021-07-14 23:08:23,210] {scheduler_job.py:643} INFO - DAG(s) dict_keys(['latest_only']) retrieved from /home/airflow/sandbox/lib/python3.8/site-packages/airflow/example_dags/example_latest_only.py
[2021-07-14 23:08:23,221] {logging_mixin.py:104} INFO - [2021-07-14 23:08:23,221] {dag.py:1832} INFO - Sync 1 DAGs
[2021-07-14 23:08:23,230] {logging_mixin.py:104} INFO - [2021-07-14 23:08:23,230] {dag.py:2305} INFO - Setting next_dagrun for latest_only to 2021-07-12 00:00:00+00:00
[2021-07-14 23:08:23,239] {scheduler_job.py:190} INFO - Processing /home/airflow/sandbox/lib/python3.8/site-packages/airflow/example_dags/example_latest_only.py took 0.041 seconds
[2021-07-14 23:08:36,024] {scheduler_job.py:182} INFO - Started process (PID=2126) to work on /home/airflow/sandbox/lib/python3.8/site-packages/airflow/example_dags/example_latest_only.py
[2021-07-14 23:08:36,026] {scheduler_job.py:633} INFO - Processing file /home/airflow/sandbox/lib/python3.8/site-packages/airflow/example_dags/example_latest_only.py for tasks to queue
[2021-07-14 23:08:36,026] {logging_mixin.py:104} INFO - [2021-07-14 23:08:36,026] {dagbag.py:487} INFO - Filling up the DagBag from /home/airflow/sandbox/lib/python3.8/site-packages/airflow/example_dags/example_latest_only.py
[2021-07-14 23:08:36,034] {scheduler_job.py:643} INFO - DAG(s) dict_keys(['latest_only']) retrieved from /home/airflow/sandbox/lib/python3.8/site-packages/airflow/example_dags/example_latest_only.py
[2021-07-14 23:08:36,045] {logging_mixin.py:104} INFO - [2021-07-14 23:08:36,045] {dag.py:1832} INFO - Sync 1 DAGs
[2021-07-14 23:08:36,055] {logging_mixin.py:104} INFO - [2021-07-14 23:08:36,055] {dag.py:2305} INFO - Setting next_dagrun for latest_only to 2021-07-12 00:00:00+00:00
[2021-07-14 23:08:36,073] {scheduler_job.py:190} INFO - Processing /home/airflow/sandbox/lib/python3.8/site-packages/airflow/example_dags/example_latest_only.py took 0.051 seconds
[2021-07-14 23:08:55,609] {scheduler_job.py:182} INFO - Started process (PID=2162) to work on /home/airflow/sandbox/lib/python3.8/site-packages/airflow/example_dags/example_latest_only.py
[2021-07-14 23:08:55,610] {scheduler_job.py:633} INFO - Processing file /home/airflow/sandbox/lib/python3.8/site-packages/airflow/example_dags/example_latest_only.py for tasks to queue
[2021-07-14 23:08:55,610] {logging_mixin.py:104} INFO - [2021-07-14 23:08:55,610] {dagbag.py:487} INFO - Filling up the DagBag from /home/airflow/sandbox/lib/python3.8/site-packages/airflow/example_dags/example_latest_only.py
[2021-07-14 23:08:55,618] {scheduler_job.py:643} INFO - DAG(s) dict_keys(['latest_only']) retrieved from /home/airflow/sandbox/lib/python3.8/site-packages/airflow/example_dags/example_latest_only.py
[2021-07-14 23:08:55,630] {logging_mixin.py:104} INFO - [2021-07-14 23:08:55,630] {dag.py:1832} INFO - Sync 1 DAGs
[2021-07-14 23:08:55,640] {logging_mixin.py:104} INFO - [2021-07-14 23:08:55,640] {dag.py:2305} INFO - Setting next_dagrun for latest_only to 2021-07-12 00:00:00+00:00
[2021-07-14 23:08:55,658] {scheduler_job.py:190} INFO - Processing /home/airflow/sandbox/lib/python3.8/site-packages/airflow/example_dags/example_latest_only.py took 0.051 seconds
[2021-07-14 23:09:08,533] {scheduler_job.py:182} INFO - Started process (PID=2187) to work on /home/airflow/sandbox/lib/python3.8/site-packages/airflow/example_dags/example_latest_only.py
[2021-07-14 23:09:08,534] {scheduler_job.py:633} INFO - Processing file /home/airflow/sandbox/lib/python3.8/site-packages/airflow/example_dags/example_latest_only.py for tasks to queue
[2021-07-14 23:09:08,534] {logging_mixin.py:104} INFO - [2021-07-14 23:09:08,534] {dagbag.py:487} INFO - Filling up the DagBag from /home/airflow/sandbox/lib/python3.8/site-packages/airflow/example_dags/example_latest_only.py
[2021-07-14 23:09:08,543] {scheduler_job.py:643} INFO - DAG(s) dict_keys(['latest_only']) retrieved from /home/airflow/sandbox/lib/python3.8/site-packages/airflow/example_dags/example_latest_only.py
[2021-07-14 23:09:08,554] {logging_mixin.py:104} INFO - [2021-07-14 23:09:08,554] {dag.py:1832} INFO - Sync 1 DAGs
[2021-07-14 23:09:08,564] {logging_mixin.py:104} INFO - [2021-07-14 23:09:08,564] {dag.py:2305} INFO - Setting next_dagrun for latest_only to 2021-07-12 00:00:00+00:00
[2021-07-14 23:09:08,575] {scheduler_job.py:190} INFO - Processing /home/airflow/sandbox/lib/python3.8/site-packages/airflow/example_dags/example_latest_only.py took 0.044 seconds
[2021-07-14 23:09:28,427] {scheduler_job.py:182} INFO - Started process (PID=2226) to work on /home/airflow/sandbox/lib/python3.8/site-packages/airflow/example_dags/example_latest_only.py
[2021-07-14 23:09:28,428] {scheduler_job.py:633} INFO - Processing file /home/airflow/sandbox/lib/python3.8/site-packages/airflow/example_dags/example_latest_only.py for tasks to queue
[2021-07-14 23:09:28,429] {logging_mixin.py:104} INFO - [2021-07-14 23:09:28,429] {dagbag.py:487} INFO - Filling up the DagBag from /home/airflow/sandbox/lib/python3.8/site-packages/airflow/example_dags/example_latest_only.py
[2021-07-14 23:09:28,443] {scheduler_job.py:643} INFO - DAG(s) dict_keys(['latest_only']) retrieved from /home/airflow/sandbox/lib/python3.8/site-packages/airflow/example_dags/example_latest_only.py
[2021-07-14 23:09:28,456] {logging_mixin.py:104} INFO - [2021-07-14 23:09:28,456] {dag.py:1832} INFO - Sync 1 DAGs
[2021-07-14 23:09:28,470] {logging_mixin.py:104} INFO - [2021-07-14 23:09:28,470] {dag.py:2305} INFO - Setting next_dagrun for latest_only to 2021-07-12 00:00:00+00:00
[2021-07-14 23:09:28,487] {scheduler_job.py:190} INFO - Processing /home/airflow/sandbox/lib/python3.8/site-packages/airflow/example_dags/example_latest_only.py took 0.062 seconds
[2021-07-14 23:09:39,619] {scheduler_job.py:182} INFO - Started process (PID=2247) to work on /home/airflow/sandbox/lib/python3.8/site-packages/airflow/example_dags/example_latest_only.py
[2021-07-14 23:09:39,620] {scheduler_job.py:633} INFO - Processing file /home/airflow/sandbox/lib/python3.8/site-packages/airflow/example_dags/example_latest_only.py for tasks to queue
[2021-07-14 23:09:39,621] {logging_mixin.py:104} INFO - [2021-07-14 23:09:39,621] {dagbag.py:487} INFO - Filling up the DagBag from /home/airflow/sandbox/lib/python3.8/site-packages/airflow/example_dags/example_latest_only.py
[2021-07-14 23:09:39,631] {scheduler_job.py:643} INFO - DAG(s) dict_keys(['latest_only']) retrieved from /home/airflow/sandbox/lib/python3.8/site-packages/airflow/example_dags/example_latest_only.py
[2021-07-14 23:09:39,643] {logging_mixin.py:104} INFO - [2021-07-14 23:09:39,643] {dag.py:1832} INFO - Sync 1 DAGs
[2021-07-14 23:09:39,652] {logging_mixin.py:104} INFO - [2021-07-14 23:09:39,652] {dag.py:2305} INFO - Setting next_dagrun for latest_only to 2021-07-12 00:00:00+00:00
[2021-07-14 23:09:39,670] {scheduler_job.py:190} INFO - Processing /home/airflow/sandbox/lib/python3.8/site-packages/airflow/example_dags/example_latest_only.py took 0.053 seconds
[2021-07-14 23:10:01,317] {scheduler_job.py:182} INFO - Started process (PID=2289) to work on /home/airflow/sandbox/lib/python3.8/site-packages/airflow/example_dags/example_latest_only.py
[2021-07-14 23:10:01,319] {scheduler_job.py:633} INFO - Processing file /home/airflow/sandbox/lib/python3.8/site-packages/airflow/example_dags/example_latest_only.py for tasks to queue
[2021-07-14 23:10:01,319] {logging_mixin.py:104} INFO - [2021-07-14 23:10:01,319] {dagbag.py:487} INFO - Filling up the DagBag from /home/airflow/sandbox/lib/python3.8/site-packages/airflow/example_dags/example_latest_only.py
[2021-07-14 23:10:01,327] {scheduler_job.py:643} INFO - DAG(s) dict_keys(['latest_only']) retrieved from /home/airflow/sandbox/lib/python3.8/site-packages/airflow/example_dags/example_latest_only.py
[2021-07-14 23:10:01,341] {logging_mixin.py:104} INFO - [2021-07-14 23:10:01,341] {dag.py:1832} INFO - Sync 1 DAGs
[2021-07-14 23:10:01,351] {logging_mixin.py:104} INFO - [2021-07-14 23:10:01,351] {dag.py:2305} INFO - Setting next_dagrun for latest_only to 2021-07-12 00:00:00+00:00
[2021-07-14 23:10:01,370] {scheduler_job.py:190} INFO - Processing /home/airflow/sandbox/lib/python3.8/site-packages/airflow/example_dags/example_latest_only.py took 0.057 seconds
[2021-07-14 23:10:10,734] {scheduler_job.py:182} INFO - Started process (PID=2309) to work on /home/airflow/sandbox/lib/python3.8/site-packages/airflow/example_dags/example_latest_only.py
[2021-07-14 23:10:10,735] {scheduler_job.py:633} INFO - Processing file /home/airflow/sandbox/lib/python3.8/site-packages/airflow/example_dags/example_latest_only.py for tasks to queue
[2021-07-14 23:10:10,735] {logging_mixin.py:104} INFO - [2021-07-14 23:10:10,735] {dagbag.py:487} INFO - Filling up the DagBag from /home/airflow/sandbox/lib/python3.8/site-packages/airflow/example_dags/example_latest_only.py
[2021-07-14 23:10:10,759] {scheduler_job.py:643} INFO - DAG(s) dict_keys(['latest_only']) retrieved from /home/airflow/sandbox/lib/python3.8/site-packages/airflow/example_dags/example_latest_only.py
[2021-07-14 23:10:10,806] {logging_mixin.py:104} INFO - [2021-07-14 23:10:10,806] {dag.py:1832} INFO - Sync 1 DAGs
[2021-07-14 23:10:10,828] {logging_mixin.py:104} INFO - [2021-07-14 23:10:10,827] {dag.py:2305} INFO - Setting next_dagrun for latest_only to 2021-07-12 00:00:00+00:00
[2021-07-14 23:10:10,846] {scheduler_job.py:190} INFO - Processing /home/airflow/sandbox/lib/python3.8/site-packages/airflow/example_dags/example_latest_only.py took 0.115 seconds
[2021-07-14 23:10:36,542] {scheduler_job.py:182} INFO - Started process (PID=2355) to work on /home/airflow/sandbox/lib/python3.8/site-packages/airflow/example_dags/example_latest_only.py
[2021-07-14 23:10:36,543] {scheduler_job.py:633} INFO - Processing file /home/airflow/sandbox/lib/python3.8/site-packages/airflow/example_dags/example_latest_only.py for tasks to queue
[2021-07-14 23:10:36,544] {logging_mixin.py:104} INFO - [2021-07-14 23:10:36,544] {dagbag.py:487} INFO - Filling up the DagBag from /home/airflow/sandbox/lib/python3.8/site-packages/airflow/example_dags/example_latest_only.py
[2021-07-14 23:10:36,569] {scheduler_job.py:643} INFO - DAG(s) dict_keys(['latest_only']) retrieved from /home/airflow/sandbox/lib/python3.8/site-packages/airflow/example_dags/example_latest_only.py
[2021-07-14 23:10:36,584] {logging_mixin.py:104} INFO - [2021-07-14 23:10:36,584] {dag.py:1832} INFO - Sync 1 DAGs
[2021-07-14 23:10:36,597] {logging_mixin.py:104} INFO - [2021-07-14 23:10:36,597] {dag.py:2305} INFO - Setting next_dagrun for latest_only to 2021-07-12 00:00:00+00:00
[2021-07-14 23:10:36,610] {scheduler_job.py:190} INFO - Processing /home/airflow/sandbox/lib/python3.8/site-packages/airflow/example_dags/example_latest_only.py took 0.072 seconds
[2021-07-14 23:10:48,171] {scheduler_job.py:182} INFO - Started process (PID=2368) to work on /home/airflow/sandbox/lib/python3.8/site-packages/airflow/example_dags/example_latest_only.py
[2021-07-14 23:10:48,174] {scheduler_job.py:633} INFO - Processing file /home/airflow/sandbox/lib/python3.8/site-packages/airflow/example_dags/example_latest_only.py for tasks to queue
[2021-07-14 23:10:48,176] {logging_mixin.py:104} INFO - [2021-07-14 23:10:48,176] {dagbag.py:487} INFO - Filling up the DagBag from /home/airflow/sandbox/lib/python3.8/site-packages/airflow/example_dags/example_latest_only.py
[2021-07-14 23:10:48,208] {scheduler_job.py:643} INFO - DAG(s) dict_keys(['latest_only']) retrieved from /home/airflow/sandbox/lib/python3.8/site-packages/airflow/example_dags/example_latest_only.py
[2021-07-14 23:10:48,251] {logging_mixin.py:104} INFO - [2021-07-14 23:10:48,251] {dag.py:1832} INFO - Sync 1 DAGs
[2021-07-14 23:10:48,287] {logging_mixin.py:104} INFO - [2021-07-14 23:10:48,287] {dag.py:2305} INFO - Setting next_dagrun for latest_only to 2021-07-12 00:00:00+00:00
[2021-07-14 23:10:48,329] {scheduler_job.py:190} INFO - Processing /home/airflow/sandbox/lib/python3.8/site-packages/airflow/example_dags/example_latest_only.py took 0.167 seconds
[2021-07-14 23:11:28,845] {scheduler_job.py:182} INFO - Started process (PID=2425) to work on /home/airflow/sandbox/lib/python3.8/site-packages/airflow/example_dags/example_latest_only.py
[2021-07-14 23:11:28,846] {scheduler_job.py:633} INFO - Processing file /home/airflow/sandbox/lib/python3.8/site-packages/airflow/example_dags/example_latest_only.py for tasks to queue
[2021-07-14 23:11:28,846] {logging_mixin.py:104} INFO - [2021-07-14 23:11:28,846] {dagbag.py:487} INFO - Filling up the DagBag from /home/airflow/sandbox/lib/python3.8/site-packages/airflow/example_dags/example_latest_only.py
[2021-07-14 23:11:28,856] {scheduler_job.py:643} INFO - DAG(s) dict_keys(['latest_only']) retrieved from /home/airflow/sandbox/lib/python3.8/site-packages/airflow/example_dags/example_latest_only.py
[2021-07-14 23:11:28,869] {logging_mixin.py:104} INFO - [2021-07-14 23:11:28,869] {dag.py:1832} INFO - Sync 1 DAGs
[2021-07-14 23:11:28,881] {logging_mixin.py:104} INFO - [2021-07-14 23:11:28,880] {dag.py:2305} INFO - Setting next_dagrun for latest_only to 2021-07-12 00:00:00+00:00
[2021-07-14 23:11:28,894] {scheduler_job.py:190} INFO - Processing /home/airflow/sandbox/lib/python3.8/site-packages/airflow/example_dags/example_latest_only.py took 0.053 seconds
[2021-07-14 23:11:29,738] {scheduler_job.py:182} INFO - Started process (PID=2427) to work on /home/airflow/sandbox/lib/python3.8/site-packages/airflow/example_dags/example_latest_only.py
[2021-07-14 23:11:29,740] {scheduler_job.py:633} INFO - Processing file /home/airflow/sandbox/lib/python3.8/site-packages/airflow/example_dags/example_latest_only.py for tasks to queue
[2021-07-14 23:11:29,741] {logging_mixin.py:104} INFO - [2021-07-14 23:11:29,741] {dagbag.py:487} INFO - Filling up the DagBag from /home/airflow/sandbox/lib/python3.8/site-packages/airflow/example_dags/example_latest_only.py
[2021-07-14 23:11:29,755] {scheduler_job.py:643} INFO - DAG(s) dict_keys(['latest_only']) retrieved from /home/airflow/sandbox/lib/python3.8/site-packages/airflow/example_dags/example_latest_only.py
[2021-07-14 23:11:29,772] {logging_mixin.py:104} INFO - [2021-07-14 23:11:29,772] {dag.py:1832} INFO - Sync 1 DAGs
[2021-07-14 23:11:29,786] {logging_mixin.py:104} INFO - [2021-07-14 23:11:29,786] {dag.py:2305} INFO - Setting next_dagrun for latest_only to 2021-07-12 00:00:00+00:00
[2021-07-14 23:11:29,802] {scheduler_job.py:190} INFO - Processing /home/airflow/sandbox/lib/python3.8/site-packages/airflow/example_dags/example_latest_only.py took 0.067 seconds
[2021-07-14 23:12:00,356] {scheduler_job.py:182} INFO - Started process (PID=2486) to work on /home/airflow/sandbox/lib/python3.8/site-packages/airflow/example_dags/example_latest_only.py
[2021-07-14 23:12:00,357] {scheduler_job.py:633} INFO - Processing file /home/airflow/sandbox/lib/python3.8/site-packages/airflow/example_dags/example_latest_only.py for tasks to queue
[2021-07-14 23:12:00,358] {logging_mixin.py:104} INFO - [2021-07-14 23:12:00,358] {dagbag.py:487} INFO - Filling up the DagBag from /home/airflow/sandbox/lib/python3.8/site-packages/airflow/example_dags/example_latest_only.py
[2021-07-14 23:12:00,367] {scheduler_job.py:643} INFO - DAG(s) dict_keys(['latest_only']) retrieved from /home/airflow/sandbox/lib/python3.8/site-packages/airflow/example_dags/example_latest_only.py
[2021-07-14 23:12:00,379] {logging_mixin.py:104} INFO - [2021-07-14 23:12:00,378] {dag.py:1832} INFO - Sync 1 DAGs
[2021-07-14 23:12:00,388] {logging_mixin.py:104} INFO - [2021-07-14 23:12:00,388] {dag.py:2305} INFO - Setting next_dagrun for latest_only to 2021-07-12 00:00:00+00:00
[2021-07-14 23:12:00,408] {scheduler_job.py:190} INFO - Processing /home/airflow/sandbox/lib/python3.8/site-packages/airflow/example_dags/example_latest_only.py took 0.054 seconds
[2021-07-14 23:12:02,099] {scheduler_job.py:182} INFO - Started process (PID=2489) to work on /home/airflow/sandbox/lib/python3.8/site-packages/airflow/example_dags/example_latest_only.py
[2021-07-14 23:12:02,100] {scheduler_job.py:633} INFO - Processing file /home/airflow/sandbox/lib/python3.8/site-packages/airflow/example_dags/example_latest_only.py for tasks to queue
[2021-07-14 23:12:02,100] {logging_mixin.py:104} INFO - [2021-07-14 23:12:02,100] {dagbag.py:487} INFO - Filling up the DagBag from /home/airflow/sandbox/lib/python3.8/site-packages/airflow/example_dags/example_latest_only.py
[2021-07-14 23:12:02,108] {scheduler_job.py:643} INFO - DAG(s) dict_keys(['latest_only']) retrieved from /home/airflow/sandbox/lib/python3.8/site-packages/airflow/example_dags/example_latest_only.py
[2021-07-14 23:12:02,120] {logging_mixin.py:104} INFO - [2021-07-14 23:12:02,119] {dag.py:1832} INFO - Sync 1 DAGs
[2021-07-14 23:12:02,129] {logging_mixin.py:104} INFO - [2021-07-14 23:12:02,129] {dag.py:2305} INFO - Setting next_dagrun for latest_only to 2021-07-12 00:00:00+00:00
[2021-07-14 23:12:02,140] {scheduler_job.py:190} INFO - Processing /home/airflow/sandbox/lib/python3.8/site-packages/airflow/example_dags/example_latest_only.py took 0.043 seconds
[2021-07-14 23:12:34,751] {scheduler_job.py:182} INFO - Started process (PID=2551) to work on /home/airflow/sandbox/lib/python3.8/site-packages/airflow/example_dags/example_latest_only.py
[2021-07-14 23:12:34,755] {scheduler_job.py:633} INFO - Processing file /home/airflow/sandbox/lib/python3.8/site-packages/airflow/example_dags/example_latest_only.py for tasks to queue
[2021-07-14 23:12:34,756] {logging_mixin.py:104} INFO - [2021-07-14 23:12:34,756] {dagbag.py:487} INFO - Filling up the DagBag from /home/airflow/sandbox/lib/python3.8/site-packages/airflow/example_dags/example_latest_only.py
[2021-07-14 23:12:34,776] {scheduler_job.py:643} INFO - DAG(s) dict_keys(['latest_only']) retrieved from /home/airflow/sandbox/lib/python3.8/site-packages/airflow/example_dags/example_latest_only.py
[2021-07-14 23:12:34,808] {logging_mixin.py:104} INFO - [2021-07-14 23:12:34,808] {dag.py:1832} INFO - Sync 1 DAGs
[2021-07-14 23:12:34,841] {logging_mixin.py:104} INFO - [2021-07-14 23:12:34,840] {dag.py:2305} INFO - Setting next_dagrun for latest_only to 2021-07-12 00:00:00+00:00
[2021-07-14 23:12:34,867] {scheduler_job.py:190} INFO - Processing /home/airflow/sandbox/lib/python3.8/site-packages/airflow/example_dags/example_latest_only.py took 0.124 seconds
[2021-07-14 23:12:35,484] {scheduler_job.py:182} INFO - Started process (PID=2552) to work on /home/airflow/sandbox/lib/python3.8/site-packages/airflow/example_dags/example_latest_only.py
[2021-07-14 23:12:35,487] {scheduler_job.py:633} INFO - Processing file /home/airflow/sandbox/lib/python3.8/site-packages/airflow/example_dags/example_latest_only.py for tasks to queue
[2021-07-14 23:12:35,489] {logging_mixin.py:104} INFO - [2021-07-14 23:12:35,489] {dagbag.py:487} INFO - Filling up the DagBag from /home/airflow/sandbox/lib/python3.8/site-packages/airflow/example_dags/example_latest_only.py
[2021-07-14 23:12:35,509] {scheduler_job.py:643} INFO - DAG(s) dict_keys(['latest_only']) retrieved from /home/airflow/sandbox/lib/python3.8/site-packages/airflow/example_dags/example_latest_only.py
[2021-07-14 23:12:35,540] {logging_mixin.py:104} INFO - [2021-07-14 23:12:35,540] {dag.py:1832} INFO - Sync 1 DAGs
[2021-07-14 23:12:35,563] {logging_mixin.py:104} INFO - [2021-07-14 23:12:35,562] {dag.py:2305} INFO - Setting next_dagrun for latest_only to 2021-07-12 00:00:00+00:00
[2021-07-14 23:12:35,590] {scheduler_job.py:190} INFO - Processing /home/airflow/sandbox/lib/python3.8/site-packages/airflow/example_dags/example_latest_only.py took 0.113 seconds
[2021-07-14 23:13:06,727] {scheduler_job.py:182} INFO - Started process (PID=2612) to work on /home/airflow/sandbox/lib/python3.8/site-packages/airflow/example_dags/example_latest_only.py
[2021-07-14 23:13:06,728] {scheduler_job.py:633} INFO - Processing file /home/airflow/sandbox/lib/python3.8/site-packages/airflow/example_dags/example_latest_only.py for tasks to queue
[2021-07-14 23:13:06,729] {logging_mixin.py:104} INFO - [2021-07-14 23:13:06,729] {dagbag.py:487} INFO - Filling up the DagBag from /home/airflow/sandbox/lib/python3.8/site-packages/airflow/example_dags/example_latest_only.py
[2021-07-14 23:13:06,740] {scheduler_job.py:643} INFO - DAG(s) dict_keys(['latest_only']) retrieved from /home/airflow/sandbox/lib/python3.8/site-packages/airflow/example_dags/example_latest_only.py
[2021-07-14 23:13:06,758] {logging_mixin.py:104} INFO - [2021-07-14 23:13:06,758] {dag.py:1832} INFO - Sync 1 DAGs
[2021-07-14 23:13:06,773] {logging_mixin.py:104} INFO - [2021-07-14 23:13:06,773] {dag.py:2305} INFO - Setting next_dagrun for latest_only to 2021-07-12 00:00:00+00:00
[2021-07-14 23:13:06,793] {scheduler_job.py:190} INFO - Processing /home/airflow/sandbox/lib/python3.8/site-packages/airflow/example_dags/example_latest_only.py took 0.069 seconds
[2021-07-14 23:48:54,370] {scheduler_job.py:182} INFO - Started process (PID=1849) to work on /home/airflow/sandbox/lib/python3.8/site-packages/airflow/example_dags/example_latest_only.py
[2021-07-14 23:48:54,380] {scheduler_job.py:633} INFO - Processing file /home/airflow/sandbox/lib/python3.8/site-packages/airflow/example_dags/example_latest_only.py for tasks to queue
[2021-07-14 23:48:54,380] {logging_mixin.py:104} INFO - [2021-07-14 23:48:54,380] {dagbag.py:487} INFO - Filling up the DagBag from /home/airflow/sandbox/lib/python3.8/site-packages/airflow/example_dags/example_latest_only.py
[2021-07-14 23:48:54,390] {scheduler_job.py:643} INFO - DAG(s) dict_keys(['latest_only']) retrieved from /home/airflow/sandbox/lib/python3.8/site-packages/airflow/example_dags/example_latest_only.py
[2021-07-14 23:48:54,403] {logging_mixin.py:104} INFO - [2021-07-14 23:48:54,403] {dag.py:1832} INFO - Sync 1 DAGs
[2021-07-14 23:48:54,412] {logging_mixin.py:104} INFO - [2021-07-14 23:48:54,412] {dag.py:2305} INFO - Setting next_dagrun for latest_only to 2021-07-12 00:00:00+00:00
[2021-07-14 23:48:54,423] {scheduler_job.py:190} INFO - Processing /home/airflow/sandbox/lib/python3.8/site-packages/airflow/example_dags/example_latest_only.py took 0.056 seconds
[2021-07-14 23:49:27,673] {scheduler_job.py:182} INFO - Started process (PID=1880) to work on /home/airflow/sandbox/lib/python3.8/site-packages/airflow/example_dags/example_latest_only.py
[2021-07-14 23:49:27,674] {scheduler_job.py:633} INFO - Processing file /home/airflow/sandbox/lib/python3.8/site-packages/airflow/example_dags/example_latest_only.py for tasks to queue
[2021-07-14 23:49:27,674] {logging_mixin.py:104} INFO - [2021-07-14 23:49:27,674] {dagbag.py:487} INFO - Filling up the DagBag from /home/airflow/sandbox/lib/python3.8/site-packages/airflow/example_dags/example_latest_only.py
[2021-07-14 23:49:27,683] {scheduler_job.py:643} INFO - DAG(s) dict_keys(['latest_only']) retrieved from /home/airflow/sandbox/lib/python3.8/site-packages/airflow/example_dags/example_latest_only.py
[2021-07-14 23:49:27,695] {logging_mixin.py:104} INFO - [2021-07-14 23:49:27,695] {dag.py:1832} INFO - Sync 1 DAGs
[2021-07-14 23:49:27,705] {logging_mixin.py:104} INFO - [2021-07-14 23:49:27,705] {dag.py:2305} INFO - Setting next_dagrun for latest_only to 2021-07-12 00:00:00+00:00
[2021-07-14 23:49:27,725] {scheduler_job.py:190} INFO - Processing /home/airflow/sandbox/lib/python3.8/site-packages/airflow/example_dags/example_latest_only.py took 0.054 seconds
[2021-07-14 23:49:58,978] {scheduler_job.py:182} INFO - Started process (PID=1911) to work on /home/airflow/sandbox/lib/python3.8/site-packages/airflow/example_dags/example_latest_only.py
[2021-07-14 23:49:58,979] {scheduler_job.py:633} INFO - Processing file /home/airflow/sandbox/lib/python3.8/site-packages/airflow/example_dags/example_latest_only.py for tasks to queue
[2021-07-14 23:49:58,979] {logging_mixin.py:104} INFO - [2021-07-14 23:49:58,979] {dagbag.py:487} INFO - Filling up the DagBag from /home/airflow/sandbox/lib/python3.8/site-packages/airflow/example_dags/example_latest_only.py
[2021-07-14 23:49:58,990] {scheduler_job.py:643} INFO - DAG(s) dict_keys(['latest_only']) retrieved from /home/airflow/sandbox/lib/python3.8/site-packages/airflow/example_dags/example_latest_only.py
[2021-07-14 23:49:59,003] {logging_mixin.py:104} INFO - [2021-07-14 23:49:59,003] {dag.py:1832} INFO - Sync 1 DAGs
[2021-07-14 23:49:59,012] {logging_mixin.py:104} INFO - [2021-07-14 23:49:59,012] {dag.py:2305} INFO - Setting next_dagrun for latest_only to 2021-07-12 00:00:00+00:00
[2021-07-14 23:49:59,024] {scheduler_job.py:190} INFO - Processing /home/airflow/sandbox/lib/python3.8/site-packages/airflow/example_dags/example_latest_only.py took 0.048 seconds
[2021-07-14 23:50:31,068] {scheduler_job.py:182} INFO - Started process (PID=1942) to work on /home/airflow/sandbox/lib/python3.8/site-packages/airflow/example_dags/example_latest_only.py
[2021-07-14 23:50:31,069] {scheduler_job.py:633} INFO - Processing file /home/airflow/sandbox/lib/python3.8/site-packages/airflow/example_dags/example_latest_only.py for tasks to queue
[2021-07-14 23:50:31,070] {logging_mixin.py:104} INFO - [2021-07-14 23:50:31,070] {dagbag.py:487} INFO - Filling up the DagBag from /home/airflow/sandbox/lib/python3.8/site-packages/airflow/example_dags/example_latest_only.py
[2021-07-14 23:50:31,079] {scheduler_job.py:643} INFO - DAG(s) dict_keys(['latest_only']) retrieved from /home/airflow/sandbox/lib/python3.8/site-packages/airflow/example_dags/example_latest_only.py
[2021-07-14 23:50:31,091] {logging_mixin.py:104} INFO - [2021-07-14 23:50:31,091] {dag.py:1832} INFO - Sync 1 DAGs
[2021-07-14 23:50:31,100] {logging_mixin.py:104} INFO - [2021-07-14 23:50:31,100] {dag.py:2305} INFO - Setting next_dagrun for latest_only to 2021-07-12 00:00:00+00:00
[2021-07-14 23:50:31,111] {scheduler_job.py:190} INFO - Processing /home/airflow/sandbox/lib/python3.8/site-packages/airflow/example_dags/example_latest_only.py took 0.046 seconds
[2021-07-14 23:51:06,571] {scheduler_job.py:182} INFO - Started process (PID=1975) to work on /home/airflow/sandbox/lib/python3.8/site-packages/airflow/example_dags/example_latest_only.py
[2021-07-14 23:51:06,576] {scheduler_job.py:633} INFO - Processing file /home/airflow/sandbox/lib/python3.8/site-packages/airflow/example_dags/example_latest_only.py for tasks to queue
[2021-07-14 23:51:06,578] {logging_mixin.py:104} INFO - [2021-07-14 23:51:06,578] {dagbag.py:487} INFO - Filling up the DagBag from /home/airflow/sandbox/lib/python3.8/site-packages/airflow/example_dags/example_latest_only.py
[2021-07-14 23:51:06,636] {scheduler_job.py:643} INFO - DAG(s) dict_keys(['latest_only']) retrieved from /home/airflow/sandbox/lib/python3.8/site-packages/airflow/example_dags/example_latest_only.py
[2021-07-14 23:51:06,696] {logging_mixin.py:104} INFO - [2021-07-14 23:51:06,696] {dag.py:1832} INFO - Sync 1 DAGs
[2021-07-14 23:51:06,743] {logging_mixin.py:104} INFO - [2021-07-14 23:51:06,742] {dag.py:2305} INFO - Setting next_dagrun for latest_only to 2021-07-12 00:00:00+00:00
[2021-07-14 23:51:06,794] {scheduler_job.py:190} INFO - Processing /home/airflow/sandbox/lib/python3.8/site-packages/airflow/example_dags/example_latest_only.py took 0.235 seconds
[2021-07-14 23:51:50,566] {scheduler_job.py:182} INFO - Started process (PID=2006) to work on /home/airflow/sandbox/lib/python3.8/site-packages/airflow/example_dags/example_latest_only.py
[2021-07-14 23:51:50,574] {scheduler_job.py:633} INFO - Processing file /home/airflow/sandbox/lib/python3.8/site-packages/airflow/example_dags/example_latest_only.py for tasks to queue
[2021-07-14 23:51:50,577] {logging_mixin.py:104} INFO - [2021-07-14 23:51:50,577] {dagbag.py:487} INFO - Filling up the DagBag from /home/airflow/sandbox/lib/python3.8/site-packages/airflow/example_dags/example_latest_only.py
[2021-07-14 23:51:50,649] {scheduler_job.py:643} INFO - DAG(s) dict_keys(['latest_only']) retrieved from /home/airflow/sandbox/lib/python3.8/site-packages/airflow/example_dags/example_latest_only.py
[2021-07-14 23:51:50,742] {logging_mixin.py:104} INFO - [2021-07-14 23:51:50,741] {dag.py:1832} INFO - Sync 1 DAGs
[2021-07-14 23:51:50,816] {logging_mixin.py:104} INFO - [2021-07-14 23:51:50,815] {dag.py:2305} INFO - Setting next_dagrun for latest_only to 2021-07-12 00:00:00+00:00
[2021-07-14 23:51:50,874] {scheduler_job.py:190} INFO - Processing /home/airflow/sandbox/lib/python3.8/site-packages/airflow/example_dags/example_latest_only.py took 0.330 seconds
[2021-07-14 23:52:24,518] {scheduler_job.py:182} INFO - Started process (PID=2037) to work on /home/airflow/sandbox/lib/python3.8/site-packages/airflow/example_dags/example_latest_only.py
[2021-07-14 23:52:24,519] {scheduler_job.py:633} INFO - Processing file /home/airflow/sandbox/lib/python3.8/site-packages/airflow/example_dags/example_latest_only.py for tasks to queue
[2021-07-14 23:52:24,519] {logging_mixin.py:104} INFO - [2021-07-14 23:52:24,519] {dagbag.py:487} INFO - Filling up the DagBag from /home/airflow/sandbox/lib/python3.8/site-packages/airflow/example_dags/example_latest_only.py
[2021-07-14 23:52:24,529] {scheduler_job.py:643} INFO - DAG(s) dict_keys(['latest_only']) retrieved from /home/airflow/sandbox/lib/python3.8/site-packages/airflow/example_dags/example_latest_only.py
[2021-07-14 23:52:24,542] {logging_mixin.py:104} INFO - [2021-07-14 23:52:24,542] {dag.py:1832} INFO - Sync 1 DAGs
[2021-07-14 23:52:24,552] {logging_mixin.py:104} INFO - [2021-07-14 23:52:24,552] {dag.py:2305} INFO - Setting next_dagrun for latest_only to 2021-07-12 00:00:00+00:00
[2021-07-14 23:52:24,563] {scheduler_job.py:190} INFO - Processing /home/airflow/sandbox/lib/python3.8/site-packages/airflow/example_dags/example_latest_only.py took 0.048 seconds
[2021-07-14 23:52:56,538] {scheduler_job.py:182} INFO - Started process (PID=2068) to work on /home/airflow/sandbox/lib/python3.8/site-packages/airflow/example_dags/example_latest_only.py
[2021-07-14 23:52:56,539] {scheduler_job.py:633} INFO - Processing file /home/airflow/sandbox/lib/python3.8/site-packages/airflow/example_dags/example_latest_only.py for tasks to queue
[2021-07-14 23:52:56,539] {logging_mixin.py:104} INFO - [2021-07-14 23:52:56,539] {dagbag.py:487} INFO - Filling up the DagBag from /home/airflow/sandbox/lib/python3.8/site-packages/airflow/example_dags/example_latest_only.py
[2021-07-14 23:52:56,547] {scheduler_job.py:643} INFO - DAG(s) dict_keys(['latest_only']) retrieved from /home/airflow/sandbox/lib/python3.8/site-packages/airflow/example_dags/example_latest_only.py
[2021-07-14 23:52:56,559] {logging_mixin.py:104} INFO - [2021-07-14 23:52:56,559] {dag.py:1832} INFO - Sync 1 DAGs
[2021-07-14 23:52:56,570] {logging_mixin.py:104} INFO - [2021-07-14 23:52:56,570] {dag.py:2305} INFO - Setting next_dagrun for latest_only to 2021-07-12 00:00:00+00:00
[2021-07-14 23:52:56,588] {scheduler_job.py:190} INFO - Processing /home/airflow/sandbox/lib/python3.8/site-packages/airflow/example_dags/example_latest_only.py took 0.053 seconds
[2021-07-14 23:53:28,738] {scheduler_job.py:182} INFO - Started process (PID=2099) to work on /home/airflow/sandbox/lib/python3.8/site-packages/airflow/example_dags/example_latest_only.py
[2021-07-14 23:53:28,739] {scheduler_job.py:633} INFO - Processing file /home/airflow/sandbox/lib/python3.8/site-packages/airflow/example_dags/example_latest_only.py for tasks to queue
[2021-07-14 23:53:28,739] {logging_mixin.py:104} INFO - [2021-07-14 23:53:28,739] {dagbag.py:487} INFO - Filling up the DagBag from /home/airflow/sandbox/lib/python3.8/site-packages/airflow/example_dags/example_latest_only.py
[2021-07-14 23:53:28,747] {scheduler_job.py:643} INFO - DAG(s) dict_keys(['latest_only']) retrieved from /home/airflow/sandbox/lib/python3.8/site-packages/airflow/example_dags/example_latest_only.py
[2021-07-14 23:53:28,760] {logging_mixin.py:104} INFO - [2021-07-14 23:53:28,760] {dag.py:1832} INFO - Sync 1 DAGs
[2021-07-14 23:53:28,769] {logging_mixin.py:104} INFO - [2021-07-14 23:53:28,769] {dag.py:2305} INFO - Setting next_dagrun for latest_only to 2021-07-12 00:00:00+00:00
[2021-07-14 23:53:28,790] {scheduler_job.py:190} INFO - Processing /home/airflow/sandbox/lib/python3.8/site-packages/airflow/example_dags/example_latest_only.py took 0.055 seconds
[2021-07-14 23:54:03,209] {scheduler_job.py:182} INFO - Started process (PID=2132) to work on /home/airflow/sandbox/lib/python3.8/site-packages/airflow/example_dags/example_latest_only.py
[2021-07-14 23:54:03,210] {scheduler_job.py:633} INFO - Processing file /home/airflow/sandbox/lib/python3.8/site-packages/airflow/example_dags/example_latest_only.py for tasks to queue
[2021-07-14 23:54:03,210] {logging_mixin.py:104} INFO - [2021-07-14 23:54:03,210] {dagbag.py:487} INFO - Filling up the DagBag from /home/airflow/sandbox/lib/python3.8/site-packages/airflow/example_dags/example_latest_only.py
[2021-07-14 23:54:03,218] {scheduler_job.py:643} INFO - DAG(s) dict_keys(['latest_only']) retrieved from /home/airflow/sandbox/lib/python3.8/site-packages/airflow/example_dags/example_latest_only.py
[2021-07-14 23:54:03,231] {logging_mixin.py:104} INFO - [2021-07-14 23:54:03,231] {dag.py:1832} INFO - Sync 1 DAGs
[2021-07-14 23:54:03,241] {logging_mixin.py:104} INFO - [2021-07-14 23:54:03,241] {dag.py:2305} INFO - Setting next_dagrun for latest_only to 2021-07-12 00:00:00+00:00
[2021-07-14 23:54:03,261] {scheduler_job.py:190} INFO - Processing /home/airflow/sandbox/lib/python3.8/site-packages/airflow/example_dags/example_latest_only.py took 0.054 seconds
[2021-07-14 23:54:34,306] {scheduler_job.py:182} INFO - Started process (PID=2163) to work on /home/airflow/sandbox/lib/python3.8/site-packages/airflow/example_dags/example_latest_only.py
[2021-07-14 23:54:34,307] {scheduler_job.py:633} INFO - Processing file /home/airflow/sandbox/lib/python3.8/site-packages/airflow/example_dags/example_latest_only.py for tasks to queue
[2021-07-14 23:54:34,308] {logging_mixin.py:104} INFO - [2021-07-14 23:54:34,307] {dagbag.py:487} INFO - Filling up the DagBag from /home/airflow/sandbox/lib/python3.8/site-packages/airflow/example_dags/example_latest_only.py
[2021-07-14 23:54:34,316] {scheduler_job.py:643} INFO - DAG(s) dict_keys(['latest_only']) retrieved from /home/airflow/sandbox/lib/python3.8/site-packages/airflow/example_dags/example_latest_only.py
[2021-07-14 23:54:34,328] {logging_mixin.py:104} INFO - [2021-07-14 23:54:34,327] {dag.py:1832} INFO - Sync 1 DAGs
[2021-07-14 23:54:34,338] {logging_mixin.py:104} INFO - [2021-07-14 23:54:34,338] {dag.py:2305} INFO - Setting next_dagrun for latest_only to 2021-07-12 00:00:00+00:00
[2021-07-14 23:54:34,356] {scheduler_job.py:190} INFO - Processing /home/airflow/sandbox/lib/python3.8/site-packages/airflow/example_dags/example_latest_only.py took 0.053 seconds
[2021-07-14 23:55:45,001] {scheduler_job.py:182} INFO - Started process (PID=2240) to work on /home/airflow/sandbox/lib/python3.8/site-packages/airflow/example_dags/example_latest_only.py
[2021-07-14 23:55:45,002] {scheduler_job.py:633} INFO - Processing file /home/airflow/sandbox/lib/python3.8/site-packages/airflow/example_dags/example_latest_only.py for tasks to queue
[2021-07-14 23:55:45,003] {logging_mixin.py:104} INFO - [2021-07-14 23:55:45,003] {dagbag.py:487} INFO - Filling up the DagBag from /home/airflow/sandbox/lib/python3.8/site-packages/airflow/example_dags/example_latest_only.py
[2021-07-14 23:55:45,011] {scheduler_job.py:643} INFO - DAG(s) dict_keys(['latest_only']) retrieved from /home/airflow/sandbox/lib/python3.8/site-packages/airflow/example_dags/example_latest_only.py
[2021-07-14 23:55:45,024] {logging_mixin.py:104} INFO - [2021-07-14 23:55:45,024] {dag.py:1832} INFO - Sync 1 DAGs
[2021-07-14 23:55:45,034] {logging_mixin.py:104} INFO - [2021-07-14 23:55:45,034] {dag.py:2305} INFO - Setting next_dagrun for latest_only to 2021-07-12 00:00:00+00:00
[2021-07-14 23:55:45,053] {scheduler_job.py:190} INFO - Processing /home/airflow/sandbox/lib/python3.8/site-packages/airflow/example_dags/example_latest_only.py took 0.054 seconds
[2021-07-14 23:56:17,069] {scheduler_job.py:182} INFO - Started process (PID=2271) to work on /home/airflow/sandbox/lib/python3.8/site-packages/airflow/example_dags/example_latest_only.py
[2021-07-14 23:56:17,071] {scheduler_job.py:633} INFO - Processing file /home/airflow/sandbox/lib/python3.8/site-packages/airflow/example_dags/example_latest_only.py for tasks to queue
[2021-07-14 23:56:17,071] {logging_mixin.py:104} INFO - [2021-07-14 23:56:17,071] {dagbag.py:487} INFO - Filling up the DagBag from /home/airflow/sandbox/lib/python3.8/site-packages/airflow/example_dags/example_latest_only.py
[2021-07-14 23:56:17,079] {scheduler_job.py:643} INFO - DAG(s) dict_keys(['latest_only']) retrieved from /home/airflow/sandbox/lib/python3.8/site-packages/airflow/example_dags/example_latest_only.py
[2021-07-14 23:56:17,092] {logging_mixin.py:104} INFO - [2021-07-14 23:56:17,091] {dag.py:1832} INFO - Sync 1 DAGs
[2021-07-14 23:56:17,103] {logging_mixin.py:104} INFO - [2021-07-14 23:56:17,103] {dag.py:2305} INFO - Setting next_dagrun for latest_only to 2021-07-12 00:00:00+00:00
[2021-07-14 23:56:17,122] {scheduler_job.py:190} INFO - Processing /home/airflow/sandbox/lib/python3.8/site-packages/airflow/example_dags/example_latest_only.py took 0.056 seconds
[2021-07-14 23:56:49,966] {scheduler_job.py:182} INFO - Started process (PID=2303) to work on /home/airflow/sandbox/lib/python3.8/site-packages/airflow/example_dags/example_latest_only.py
[2021-07-14 23:56:49,967] {scheduler_job.py:633} INFO - Processing file /home/airflow/sandbox/lib/python3.8/site-packages/airflow/example_dags/example_latest_only.py for tasks to queue
[2021-07-14 23:56:49,967] {logging_mixin.py:104} INFO - [2021-07-14 23:56:49,967] {dagbag.py:487} INFO - Filling up the DagBag from /home/airflow/sandbox/lib/python3.8/site-packages/airflow/example_dags/example_latest_only.py
[2021-07-14 23:56:49,978] {scheduler_job.py:643} INFO - DAG(s) dict_keys(['latest_only']) retrieved from /home/airflow/sandbox/lib/python3.8/site-packages/airflow/example_dags/example_latest_only.py
[2021-07-14 23:56:49,989] {logging_mixin.py:104} INFO - [2021-07-14 23:56:49,989] {dag.py:1832} INFO - Sync 1 DAGs
[2021-07-14 23:56:49,999] {logging_mixin.py:104} INFO - [2021-07-14 23:56:49,999] {dag.py:2305} INFO - Setting next_dagrun for latest_only to 2021-07-12 00:00:00+00:00
[2021-07-14 23:56:50,010] {scheduler_job.py:190} INFO - Processing /home/airflow/sandbox/lib/python3.8/site-packages/airflow/example_dags/example_latest_only.py took 0.047 seconds
[2021-07-14 23:57:23,024] {scheduler_job.py:182} INFO - Started process (PID=2334) to work on /home/airflow/sandbox/lib/python3.8/site-packages/airflow/example_dags/example_latest_only.py
[2021-07-14 23:57:23,025] {scheduler_job.py:633} INFO - Processing file /home/airflow/sandbox/lib/python3.8/site-packages/airflow/example_dags/example_latest_only.py for tasks to queue
[2021-07-14 23:57:23,025] {logging_mixin.py:104} INFO - [2021-07-14 23:57:23,025] {dagbag.py:487} INFO - Filling up the DagBag from /home/airflow/sandbox/lib/python3.8/site-packages/airflow/example_dags/example_latest_only.py
[2021-07-14 23:57:23,036] {scheduler_job.py:643} INFO - DAG(s) dict_keys(['latest_only']) retrieved from /home/airflow/sandbox/lib/python3.8/site-packages/airflow/example_dags/example_latest_only.py
[2021-07-14 23:57:23,052] {logging_mixin.py:104} INFO - [2021-07-14 23:57:23,052] {dag.py:1832} INFO - Sync 1 DAGs
[2021-07-14 23:57:23,063] {logging_mixin.py:104} INFO - [2021-07-14 23:57:23,062] {dag.py:2305} INFO - Setting next_dagrun for latest_only to 2021-07-12 00:00:00+00:00
[2021-07-14 23:57:23,089] {scheduler_job.py:190} INFO - Processing /home/airflow/sandbox/lib/python3.8/site-packages/airflow/example_dags/example_latest_only.py took 0.068 seconds
[2021-07-14 23:57:54,035] {scheduler_job.py:182} INFO - Started process (PID=2363) to work on /home/airflow/sandbox/lib/python3.8/site-packages/airflow/example_dags/example_latest_only.py
[2021-07-14 23:57:54,036] {scheduler_job.py:633} INFO - Processing file /home/airflow/sandbox/lib/python3.8/site-packages/airflow/example_dags/example_latest_only.py for tasks to queue
[2021-07-14 23:57:54,036] {logging_mixin.py:104} INFO - [2021-07-14 23:57:54,036] {dagbag.py:487} INFO - Filling up the DagBag from /home/airflow/sandbox/lib/python3.8/site-packages/airflow/example_dags/example_latest_only.py
[2021-07-14 23:57:54,046] {scheduler_job.py:643} INFO - DAG(s) dict_keys(['latest_only']) retrieved from /home/airflow/sandbox/lib/python3.8/site-packages/airflow/example_dags/example_latest_only.py
[2021-07-14 23:57:54,058] {logging_mixin.py:104} INFO - [2021-07-14 23:57:54,058] {dag.py:1832} INFO - Sync 1 DAGs
[2021-07-14 23:57:54,068] {logging_mixin.py:104} INFO - [2021-07-14 23:57:54,068] {dag.py:2305} INFO - Setting next_dagrun for latest_only to 2021-07-12 00:00:00+00:00
[2021-07-14 23:57:54,079] {scheduler_job.py:190} INFO - Processing /home/airflow/sandbox/lib/python3.8/site-packages/airflow/example_dags/example_latest_only.py took 0.047 seconds
[2021-07-14 23:58:26,269] {scheduler_job.py:182} INFO - Started process (PID=2394) to work on /home/airflow/sandbox/lib/python3.8/site-packages/airflow/example_dags/example_latest_only.py
[2021-07-14 23:58:26,269] {scheduler_job.py:633} INFO - Processing file /home/airflow/sandbox/lib/python3.8/site-packages/airflow/example_dags/example_latest_only.py for tasks to queue
[2021-07-14 23:58:26,270] {logging_mixin.py:104} INFO - [2021-07-14 23:58:26,270] {dagbag.py:487} INFO - Filling up the DagBag from /home/airflow/sandbox/lib/python3.8/site-packages/airflow/example_dags/example_latest_only.py
[2021-07-14 23:58:26,279] {scheduler_job.py:643} INFO - DAG(s) dict_keys(['latest_only']) retrieved from /home/airflow/sandbox/lib/python3.8/site-packages/airflow/example_dags/example_latest_only.py
[2021-07-14 23:58:26,293] {logging_mixin.py:104} INFO - [2021-07-14 23:58:26,293] {dag.py:1832} INFO - Sync 1 DAGs
[2021-07-14 23:58:26,304] {logging_mixin.py:104} INFO - [2021-07-14 23:58:26,304] {dag.py:2305} INFO - Setting next_dagrun for latest_only to 2021-07-12 00:00:00+00:00
[2021-07-14 23:58:26,316] {scheduler_job.py:190} INFO - Processing /home/airflow/sandbox/lib/python3.8/site-packages/airflow/example_dags/example_latest_only.py took 0.050 seconds
[2021-07-14 23:58:57,324] {scheduler_job.py:182} INFO - Started process (PID=2425) to work on /home/airflow/sandbox/lib/python3.8/site-packages/airflow/example_dags/example_latest_only.py
[2021-07-14 23:58:57,325] {scheduler_job.py:633} INFO - Processing file /home/airflow/sandbox/lib/python3.8/site-packages/airflow/example_dags/example_latest_only.py for tasks to queue
[2021-07-14 23:58:57,325] {logging_mixin.py:104} INFO - [2021-07-14 23:58:57,325] {dagbag.py:487} INFO - Filling up the DagBag from /home/airflow/sandbox/lib/python3.8/site-packages/airflow/example_dags/example_latest_only.py
[2021-07-14 23:58:57,333] {scheduler_job.py:643} INFO - DAG(s) dict_keys(['latest_only']) retrieved from /home/airflow/sandbox/lib/python3.8/site-packages/airflow/example_dags/example_latest_only.py
[2021-07-14 23:58:57,343] {logging_mixin.py:104} INFO - [2021-07-14 23:58:57,343] {dag.py:1832} INFO - Sync 1 DAGs
[2021-07-14 23:58:57,351] {logging_mixin.py:104} INFO - [2021-07-14 23:58:57,351] {dag.py:2305} INFO - Setting next_dagrun for latest_only to 2021-07-12 00:00:00+00:00
[2021-07-14 23:58:57,362] {scheduler_job.py:190} INFO - Processing /home/airflow/sandbox/lib/python3.8/site-packages/airflow/example_dags/example_latest_only.py took 0.041 seconds
[2021-07-14 23:59:28,171] {scheduler_job.py:182} INFO - Started process (PID=2456) to work on /home/airflow/sandbox/lib/python3.8/site-packages/airflow/example_dags/example_latest_only.py
[2021-07-14 23:59:28,172] {scheduler_job.py:633} INFO - Processing file /home/airflow/sandbox/lib/python3.8/site-packages/airflow/example_dags/example_latest_only.py for tasks to queue
[2021-07-14 23:59:28,172] {logging_mixin.py:104} INFO - [2021-07-14 23:59:28,172] {dagbag.py:487} INFO - Filling up the DagBag from /home/airflow/sandbox/lib/python3.8/site-packages/airflow/example_dags/example_latest_only.py
[2021-07-14 23:59:28,180] {scheduler_job.py:643} INFO - DAG(s) dict_keys(['latest_only']) retrieved from /home/airflow/sandbox/lib/python3.8/site-packages/airflow/example_dags/example_latest_only.py
[2021-07-14 23:59:28,190] {logging_mixin.py:104} INFO - [2021-07-14 23:59:28,190] {dag.py:1832} INFO - Sync 1 DAGs
[2021-07-14 23:59:28,198] {logging_mixin.py:104} INFO - [2021-07-14 23:59:28,198] {dag.py:2305} INFO - Setting next_dagrun for latest_only to 2021-07-12 00:00:00+00:00
[2021-07-14 23:59:28,216] {scheduler_job.py:190} INFO - Processing /home/airflow/sandbox/lib/python3.8/site-packages/airflow/example_dags/example_latest_only.py took 0.047 seconds
[2021-07-14 23:59:58,906] {scheduler_job.py:182} INFO - Started process (PID=2488) to work on /home/airflow/sandbox/lib/python3.8/site-packages/airflow/example_dags/example_latest_only.py
[2021-07-14 23:59:58,907] {scheduler_job.py:633} INFO - Processing file /home/airflow/sandbox/lib/python3.8/site-packages/airflow/example_dags/example_latest_only.py for tasks to queue
[2021-07-14 23:59:58,907] {logging_mixin.py:104} INFO - [2021-07-14 23:59:58,907] {dagbag.py:487} INFO - Filling up the DagBag from /home/airflow/sandbox/lib/python3.8/site-packages/airflow/example_dags/example_latest_only.py
[2021-07-14 23:59:58,915] {scheduler_job.py:643} INFO - DAG(s) dict_keys(['latest_only']) retrieved from /home/airflow/sandbox/lib/python3.8/site-packages/airflow/example_dags/example_latest_only.py
[2021-07-14 23:59:58,925] {logging_mixin.py:104} INFO - [2021-07-14 23:59:58,925] {dag.py:1832} INFO - Sync 1 DAGs
[2021-07-14 23:59:58,933] {logging_mixin.py:104} INFO - [2021-07-14 23:59:58,933] {dag.py:2305} INFO - Setting next_dagrun for latest_only to 2021-07-12 00:00:00+00:00
[2021-07-14 23:59:58,951] {scheduler_job.py:190} INFO - Processing /home/airflow/sandbox/lib/python3.8/site-packages/airflow/example_dags/example_latest_only.py took 0.048 seconds
