[2021-07-14 23:03:06,794] {scheduler_job.py:182} INFO - Started process (PID=1593) to work on /home/airflow/sandbox/lib/python3.8/site-packages/airflow/example_dags/example_dag_decorator.py
[2021-07-14 23:03:06,797] {scheduler_job.py:633} INFO - Processing file /home/airflow/sandbox/lib/python3.8/site-packages/airflow/example_dags/example_dag_decorator.py for tasks to queue
[2021-07-14 23:03:06,800] {logging_mixin.py:104} INFO - [2021-07-14 23:03:06,800] {dagbag.py:487} INFO - Filling up the DagBag from /home/airflow/sandbox/lib/python3.8/site-packages/airflow/example_dags/example_dag_decorator.py
[2021-07-14 23:03:06,878] {scheduler_job.py:643} INFO - DAG(s) dict_keys(['example_dag_decorator']) retrieved from /home/airflow/sandbox/lib/python3.8/site-packages/airflow/example_dags/example_dag_decorator.py
[2021-07-14 23:03:07,706] {logging_mixin.py:104} INFO - [2021-07-14 23:03:07,705] {dag.py:1832} INFO - Sync 1 DAGs
[2021-07-14 23:03:07,726] {logging_mixin.py:104} INFO - [2021-07-14 23:03:07,726] {dag.py:2305} INFO - Setting next_dagrun for example_dag_decorator to None
[2021-07-14 23:03:07,755] {scheduler_job.py:190} INFO - Processing /home/airflow/sandbox/lib/python3.8/site-packages/airflow/example_dags/example_dag_decorator.py took 0.970 seconds
[2021-07-14 23:03:43,962] {scheduler_job.py:182} INFO - Started process (PID=1638) to work on /home/airflow/sandbox/lib/python3.8/site-packages/airflow/example_dags/example_dag_decorator.py
[2021-07-14 23:03:43,963] {scheduler_job.py:633} INFO - Processing file /home/airflow/sandbox/lib/python3.8/site-packages/airflow/example_dags/example_dag_decorator.py for tasks to queue
[2021-07-14 23:03:43,963] {logging_mixin.py:104} INFO - [2021-07-14 23:03:43,963] {dagbag.py:487} INFO - Filling up the DagBag from /home/airflow/sandbox/lib/python3.8/site-packages/airflow/example_dags/example_dag_decorator.py
[2021-07-14 23:03:43,982] {scheduler_job.py:643} INFO - DAG(s) dict_keys(['example_dag_decorator']) retrieved from /home/airflow/sandbox/lib/python3.8/site-packages/airflow/example_dags/example_dag_decorator.py
[2021-07-14 23:03:44,335] {logging_mixin.py:104} INFO - [2021-07-14 23:03:44,335] {dag.py:1832} INFO - Sync 1 DAGs
[2021-07-14 23:03:44,346] {logging_mixin.py:104} INFO - [2021-07-14 23:03:44,346] {dag.py:2305} INFO - Setting next_dagrun for example_dag_decorator to None
[2021-07-14 23:03:44,366] {scheduler_job.py:190} INFO - Processing /home/airflow/sandbox/lib/python3.8/site-packages/airflow/example_dags/example_dag_decorator.py took 0.406 seconds
[2021-07-14 23:04:21,505] {scheduler_job.py:182} INFO - Started process (PID=1682) to work on /home/airflow/sandbox/lib/python3.8/site-packages/airflow/example_dags/example_dag_decorator.py
[2021-07-14 23:04:21,508] {scheduler_job.py:633} INFO - Processing file /home/airflow/sandbox/lib/python3.8/site-packages/airflow/example_dags/example_dag_decorator.py for tasks to queue
[2021-07-14 23:04:21,510] {logging_mixin.py:104} INFO - [2021-07-14 23:04:21,510] {dagbag.py:487} INFO - Filling up the DagBag from /home/airflow/sandbox/lib/python3.8/site-packages/airflow/example_dags/example_dag_decorator.py
[2021-07-14 23:04:21,596] {scheduler_job.py:643} INFO - DAG(s) dict_keys(['example_dag_decorator']) retrieved from /home/airflow/sandbox/lib/python3.8/site-packages/airflow/example_dags/example_dag_decorator.py
[2021-07-14 23:04:23,942] {logging_mixin.py:104} INFO - [2021-07-14 23:04:23,942] {dag.py:1832} INFO - Sync 1 DAGs
[2021-07-14 23:04:24,000] {logging_mixin.py:104} INFO - [2021-07-14 23:04:23,999] {dag.py:2305} INFO - Setting next_dagrun for example_dag_decorator to None
[2021-07-14 23:04:24,056] {scheduler_job.py:190} INFO - Processing /home/airflow/sandbox/lib/python3.8/site-packages/airflow/example_dags/example_dag_decorator.py took 2.556 seconds
[2021-07-14 23:04:47,444] {scheduler_job.py:182} INFO - Started process (PID=1722) to work on /home/airflow/sandbox/lib/python3.8/site-packages/airflow/example_dags/example_dag_decorator.py
[2021-07-14 23:04:47,445] {scheduler_job.py:633} INFO - Processing file /home/airflow/sandbox/lib/python3.8/site-packages/airflow/example_dags/example_dag_decorator.py for tasks to queue
[2021-07-14 23:04:47,446] {logging_mixin.py:104} INFO - [2021-07-14 23:04:47,446] {dagbag.py:487} INFO - Filling up the DagBag from /home/airflow/sandbox/lib/python3.8/site-packages/airflow/example_dags/example_dag_decorator.py
[2021-07-14 23:04:47,477] {scheduler_job.py:643} INFO - DAG(s) dict_keys(['example_dag_decorator']) retrieved from /home/airflow/sandbox/lib/python3.8/site-packages/airflow/example_dags/example_dag_decorator.py
[2021-07-14 23:04:47,486] {logging_mixin.py:104} INFO - [2021-07-14 23:04:47,486] {dag.py:1832} INFO - Sync 1 DAGs
[2021-07-14 23:04:47,509] {logging_mixin.py:104} INFO - [2021-07-14 23:04:47,509] {dag.py:2305} INFO - Setting next_dagrun for example_dag_decorator to None
[2021-07-14 23:04:47,526] {scheduler_job.py:190} INFO - Processing /home/airflow/sandbox/lib/python3.8/site-packages/airflow/example_dags/example_dag_decorator.py took 0.085 seconds
[2021-07-14 23:05:09,089] {scheduler_job.py:182} INFO - Started process (PID=1754) to work on /home/airflow/sandbox/lib/python3.8/site-packages/airflow/example_dags/example_dag_decorator.py
[2021-07-14 23:05:09,091] {scheduler_job.py:633} INFO - Processing file /home/airflow/sandbox/lib/python3.8/site-packages/airflow/example_dags/example_dag_decorator.py for tasks to queue
[2021-07-14 23:05:09,101] {logging_mixin.py:104} INFO - [2021-07-14 23:05:09,101] {dagbag.py:487} INFO - Filling up the DagBag from /home/airflow/sandbox/lib/python3.8/site-packages/airflow/example_dags/example_dag_decorator.py
[2021-07-14 23:05:09,351] {scheduler_job.py:643} INFO - DAG(s) dict_keys(['example_dag_decorator']) retrieved from /home/airflow/sandbox/lib/python3.8/site-packages/airflow/example_dags/example_dag_decorator.py
[2021-07-14 23:05:12,002] {logging_mixin.py:104} INFO - [2021-07-14 23:05:12,002] {dag.py:1832} INFO - Sync 1 DAGs
[2021-07-14 23:05:12,056] {logging_mixin.py:104} INFO - [2021-07-14 23:05:12,056] {dag.py:2305} INFO - Setting next_dagrun for example_dag_decorator to None
[2021-07-14 23:05:12,184] {scheduler_job.py:190} INFO - Processing /home/airflow/sandbox/lib/python3.8/site-packages/airflow/example_dags/example_dag_decorator.py took 3.117 seconds
[2021-07-14 23:05:31,013] {scheduler_job.py:182} INFO - Started process (PID=1785) to work on /home/airflow/sandbox/lib/python3.8/site-packages/airflow/example_dags/example_dag_decorator.py
[2021-07-14 23:05:31,021] {scheduler_job.py:633} INFO - Processing file /home/airflow/sandbox/lib/python3.8/site-packages/airflow/example_dags/example_dag_decorator.py for tasks to queue
[2021-07-14 23:05:31,023] {logging_mixin.py:104} INFO - [2021-07-14 23:05:31,022] {dagbag.py:487} INFO - Filling up the DagBag from /home/airflow/sandbox/lib/python3.8/site-packages/airflow/example_dags/example_dag_decorator.py
[2021-07-14 23:05:31,096] {scheduler_job.py:643} INFO - DAG(s) dict_keys(['example_dag_decorator']) retrieved from /home/airflow/sandbox/lib/python3.8/site-packages/airflow/example_dags/example_dag_decorator.py
[2021-07-14 23:05:31,112] {logging_mixin.py:104} INFO - [2021-07-14 23:05:31,112] {dag.py:1832} INFO - Sync 1 DAGs
[2021-07-14 23:05:31,158] {logging_mixin.py:104} INFO - [2021-07-14 23:05:31,158] {dag.py:2305} INFO - Setting next_dagrun for example_dag_decorator to None
[2021-07-14 23:05:31,198] {scheduler_job.py:190} INFO - Processing /home/airflow/sandbox/lib/python3.8/site-packages/airflow/example_dags/example_dag_decorator.py took 0.193 seconds
[2021-07-14 23:05:52,564] {scheduler_job.py:182} INFO - Started process (PID=1823) to work on /home/airflow/sandbox/lib/python3.8/site-packages/airflow/example_dags/example_dag_decorator.py
[2021-07-14 23:05:52,565] {scheduler_job.py:633} INFO - Processing file /home/airflow/sandbox/lib/python3.8/site-packages/airflow/example_dags/example_dag_decorator.py for tasks to queue
[2021-07-14 23:05:52,566] {logging_mixin.py:104} INFO - [2021-07-14 23:05:52,566] {dagbag.py:487} INFO - Filling up the DagBag from /home/airflow/sandbox/lib/python3.8/site-packages/airflow/example_dags/example_dag_decorator.py
[2021-07-14 23:05:52,587] {scheduler_job.py:643} INFO - DAG(s) dict_keys(['example_dag_decorator']) retrieved from /home/airflow/sandbox/lib/python3.8/site-packages/airflow/example_dags/example_dag_decorator.py
[2021-07-14 23:05:52,913] {logging_mixin.py:104} INFO - [2021-07-14 23:05:52,913] {dag.py:1832} INFO - Sync 1 DAGs
[2021-07-14 23:05:52,922] {logging_mixin.py:104} INFO - [2021-07-14 23:05:52,922] {dag.py:2305} INFO - Setting next_dagrun for example_dag_decorator to None
[2021-07-14 23:05:52,942] {scheduler_job.py:190} INFO - Processing /home/airflow/sandbox/lib/python3.8/site-packages/airflow/example_dags/example_dag_decorator.py took 0.381 seconds
[2021-07-14 23:06:04,488] {scheduler_job.py:182} INFO - Started process (PID=1846) to work on /home/airflow/sandbox/lib/python3.8/site-packages/airflow/example_dags/example_dag_decorator.py
[2021-07-14 23:06:04,490] {scheduler_job.py:633} INFO - Processing file /home/airflow/sandbox/lib/python3.8/site-packages/airflow/example_dags/example_dag_decorator.py for tasks to queue
[2021-07-14 23:06:04,491] {logging_mixin.py:104} INFO - [2021-07-14 23:06:04,491] {dagbag.py:487} INFO - Filling up the DagBag from /home/airflow/sandbox/lib/python3.8/site-packages/airflow/example_dags/example_dag_decorator.py
[2021-07-14 23:06:04,511] {scheduler_job.py:643} INFO - DAG(s) dict_keys(['example_dag_decorator']) retrieved from /home/airflow/sandbox/lib/python3.8/site-packages/airflow/example_dags/example_dag_decorator.py
[2021-07-14 23:06:04,522] {logging_mixin.py:104} INFO - [2021-07-14 23:06:04,522] {dag.py:1832} INFO - Sync 1 DAGs
[2021-07-14 23:06:04,534] {logging_mixin.py:104} INFO - [2021-07-14 23:06:04,533] {dag.py:2305} INFO - Setting next_dagrun for example_dag_decorator to None
[2021-07-14 23:06:04,544] {scheduler_job.py:190} INFO - Processing /home/airflow/sandbox/lib/python3.8/site-packages/airflow/example_dags/example_dag_decorator.py took 0.060 seconds
[2021-07-14 23:06:24,866] {scheduler_job.py:182} INFO - Started process (PID=1884) to work on /home/airflow/sandbox/lib/python3.8/site-packages/airflow/example_dags/example_dag_decorator.py
[2021-07-14 23:06:24,867] {scheduler_job.py:633} INFO - Processing file /home/airflow/sandbox/lib/python3.8/site-packages/airflow/example_dags/example_dag_decorator.py for tasks to queue
[2021-07-14 23:06:24,867] {logging_mixin.py:104} INFO - [2021-07-14 23:06:24,867] {dagbag.py:487} INFO - Filling up the DagBag from /home/airflow/sandbox/lib/python3.8/site-packages/airflow/example_dags/example_dag_decorator.py
[2021-07-14 23:06:24,886] {scheduler_job.py:643} INFO - DAG(s) dict_keys(['example_dag_decorator']) retrieved from /home/airflow/sandbox/lib/python3.8/site-packages/airflow/example_dags/example_dag_decorator.py
[2021-07-14 23:06:25,283] {logging_mixin.py:104} INFO - [2021-07-14 23:06:25,283] {dag.py:1832} INFO - Sync 1 DAGs
[2021-07-14 23:06:25,294] {logging_mixin.py:104} INFO - [2021-07-14 23:06:25,294] {dag.py:2305} INFO - Setting next_dagrun for example_dag_decorator to None
[2021-07-14 23:06:25,316] {scheduler_job.py:190} INFO - Processing /home/airflow/sandbox/lib/python3.8/site-packages/airflow/example_dags/example_dag_decorator.py took 0.454 seconds
[2021-07-14 23:06:39,483] {scheduler_job.py:182} INFO - Started process (PID=1908) to work on /home/airflow/sandbox/lib/python3.8/site-packages/airflow/example_dags/example_dag_decorator.py
[2021-07-14 23:06:39,484] {scheduler_job.py:633} INFO - Processing file /home/airflow/sandbox/lib/python3.8/site-packages/airflow/example_dags/example_dag_decorator.py for tasks to queue
[2021-07-14 23:06:39,485] {logging_mixin.py:104} INFO - [2021-07-14 23:06:39,485] {dagbag.py:487} INFO - Filling up the DagBag from /home/airflow/sandbox/lib/python3.8/site-packages/airflow/example_dags/example_dag_decorator.py
[2021-07-14 23:06:39,506] {scheduler_job.py:643} INFO - DAG(s) dict_keys(['example_dag_decorator']) retrieved from /home/airflow/sandbox/lib/python3.8/site-packages/airflow/example_dags/example_dag_decorator.py
[2021-07-14 23:06:39,515] {logging_mixin.py:104} INFO - [2021-07-14 23:06:39,515] {dag.py:1832} INFO - Sync 1 DAGs
[2021-07-14 23:06:39,527] {logging_mixin.py:104} INFO - [2021-07-14 23:06:39,527] {dag.py:2305} INFO - Setting next_dagrun for example_dag_decorator to None
[2021-07-14 23:06:39,547] {scheduler_job.py:190} INFO - Processing /home/airflow/sandbox/lib/python3.8/site-packages/airflow/example_dags/example_dag_decorator.py took 0.067 seconds
[2021-07-14 23:07:09,032] {scheduler_job.py:182} INFO - Started process (PID=1954) to work on /home/airflow/sandbox/lib/python3.8/site-packages/airflow/example_dags/example_dag_decorator.py
[2021-07-14 23:07:09,033] {scheduler_job.py:633} INFO - Processing file /home/airflow/sandbox/lib/python3.8/site-packages/airflow/example_dags/example_dag_decorator.py for tasks to queue
[2021-07-14 23:07:09,034] {logging_mixin.py:104} INFO - [2021-07-14 23:07:09,034] {dagbag.py:487} INFO - Filling up the DagBag from /home/airflow/sandbox/lib/python3.8/site-packages/airflow/example_dags/example_dag_decorator.py
[2021-07-14 23:07:09,052] {scheduler_job.py:643} INFO - DAG(s) dict_keys(['example_dag_decorator']) retrieved from /home/airflow/sandbox/lib/python3.8/site-packages/airflow/example_dags/example_dag_decorator.py
[2021-07-14 23:07:09,776] {logging_mixin.py:104} INFO - [2021-07-14 23:07:09,776] {dag.py:1832} INFO - Sync 1 DAGs
[2021-07-14 23:07:09,813] {logging_mixin.py:104} INFO - [2021-07-14 23:07:09,813] {dag.py:2305} INFO - Setting next_dagrun for example_dag_decorator to None
[2021-07-14 23:07:09,864] {scheduler_job.py:190} INFO - Processing /home/airflow/sandbox/lib/python3.8/site-packages/airflow/example_dags/example_dag_decorator.py took 0.835 seconds
[2021-07-14 23:07:21,488] {scheduler_job.py:182} INFO - Started process (PID=1977) to work on /home/airflow/sandbox/lib/python3.8/site-packages/airflow/example_dags/example_dag_decorator.py
[2021-07-14 23:07:21,489] {scheduler_job.py:633} INFO - Processing file /home/airflow/sandbox/lib/python3.8/site-packages/airflow/example_dags/example_dag_decorator.py for tasks to queue
[2021-07-14 23:07:21,490] {logging_mixin.py:104} INFO - [2021-07-14 23:07:21,490] {dagbag.py:487} INFO - Filling up the DagBag from /home/airflow/sandbox/lib/python3.8/site-packages/airflow/example_dags/example_dag_decorator.py
[2021-07-14 23:07:21,504] {scheduler_job.py:643} INFO - DAG(s) dict_keys(['example_dag_decorator']) retrieved from /home/airflow/sandbox/lib/python3.8/site-packages/airflow/example_dags/example_dag_decorator.py
[2021-07-14 23:07:21,510] {logging_mixin.py:104} INFO - [2021-07-14 23:07:21,510] {dag.py:1832} INFO - Sync 1 DAGs
[2021-07-14 23:07:21,519] {logging_mixin.py:104} INFO - [2021-07-14 23:07:21,519] {dag.py:2305} INFO - Setting next_dagrun for example_dag_decorator to None
[2021-07-14 23:07:21,537] {scheduler_job.py:190} INFO - Processing /home/airflow/sandbox/lib/python3.8/site-packages/airflow/example_dags/example_dag_decorator.py took 0.051 seconds
[2021-07-14 23:07:42,845] {scheduler_job.py:182} INFO - Started process (PID=2022) to work on /home/airflow/sandbox/lib/python3.8/site-packages/airflow/example_dags/example_dag_decorator.py
[2021-07-14 23:07:42,845] {scheduler_job.py:633} INFO - Processing file /home/airflow/sandbox/lib/python3.8/site-packages/airflow/example_dags/example_dag_decorator.py for tasks to queue
[2021-07-14 23:07:42,846] {logging_mixin.py:104} INFO - [2021-07-14 23:07:42,846] {dagbag.py:487} INFO - Filling up the DagBag from /home/airflow/sandbox/lib/python3.8/site-packages/airflow/example_dags/example_dag_decorator.py
[2021-07-14 23:07:42,862] {scheduler_job.py:643} INFO - DAG(s) dict_keys(['example_dag_decorator']) retrieved from /home/airflow/sandbox/lib/python3.8/site-packages/airflow/example_dags/example_dag_decorator.py
[2021-07-14 23:07:43,122] {logging_mixin.py:104} INFO - [2021-07-14 23:07:43,122] {dag.py:1832} INFO - Sync 1 DAGs
[2021-07-14 23:07:43,142] {logging_mixin.py:104} INFO - [2021-07-14 23:07:43,142] {dag.py:2305} INFO - Setting next_dagrun for example_dag_decorator to None
[2021-07-14 23:07:43,154] {scheduler_job.py:190} INFO - Processing /home/airflow/sandbox/lib/python3.8/site-packages/airflow/example_dags/example_dag_decorator.py took 0.312 seconds
[2021-07-14 23:07:53,941] {scheduler_job.py:182} INFO - Started process (PID=2043) to work on /home/airflow/sandbox/lib/python3.8/site-packages/airflow/example_dags/example_dag_decorator.py
[2021-07-14 23:07:53,942] {scheduler_job.py:633} INFO - Processing file /home/airflow/sandbox/lib/python3.8/site-packages/airflow/example_dags/example_dag_decorator.py for tasks to queue
[2021-07-14 23:07:53,943] {logging_mixin.py:104} INFO - [2021-07-14 23:07:53,942] {dagbag.py:487} INFO - Filling up the DagBag from /home/airflow/sandbox/lib/python3.8/site-packages/airflow/example_dags/example_dag_decorator.py
[2021-07-14 23:07:53,957] {scheduler_job.py:643} INFO - DAG(s) dict_keys(['example_dag_decorator']) retrieved from /home/airflow/sandbox/lib/python3.8/site-packages/airflow/example_dags/example_dag_decorator.py
[2021-07-14 23:07:53,964] {logging_mixin.py:104} INFO - [2021-07-14 23:07:53,964] {dag.py:1832} INFO - Sync 1 DAGs
[2021-07-14 23:07:53,973] {logging_mixin.py:104} INFO - [2021-07-14 23:07:53,973] {dag.py:2305} INFO - Setting next_dagrun for example_dag_decorator to None
[2021-07-14 23:07:53,984] {scheduler_job.py:190} INFO - Processing /home/airflow/sandbox/lib/python3.8/site-packages/airflow/example_dags/example_dag_decorator.py took 0.045 seconds
[2021-07-14 23:08:15,146] {scheduler_job.py:182} INFO - Started process (PID=2084) to work on /home/airflow/sandbox/lib/python3.8/site-packages/airflow/example_dags/example_dag_decorator.py
[2021-07-14 23:08:15,147] {scheduler_job.py:633} INFO - Processing file /home/airflow/sandbox/lib/python3.8/site-packages/airflow/example_dags/example_dag_decorator.py for tasks to queue
[2021-07-14 23:08:15,147] {logging_mixin.py:104} INFO - [2021-07-14 23:08:15,147] {dagbag.py:487} INFO - Filling up the DagBag from /home/airflow/sandbox/lib/python3.8/site-packages/airflow/example_dags/example_dag_decorator.py
[2021-07-14 23:08:15,161] {scheduler_job.py:643} INFO - DAG(s) dict_keys(['example_dag_decorator']) retrieved from /home/airflow/sandbox/lib/python3.8/site-packages/airflow/example_dags/example_dag_decorator.py
[2021-07-14 23:08:15,484] {logging_mixin.py:104} INFO - [2021-07-14 23:08:15,483] {dag.py:1832} INFO - Sync 1 DAGs
[2021-07-14 23:08:15,491] {logging_mixin.py:104} INFO - [2021-07-14 23:08:15,491] {dag.py:2305} INFO - Setting next_dagrun for example_dag_decorator to None
[2021-07-14 23:08:15,501] {scheduler_job.py:190} INFO - Processing /home/airflow/sandbox/lib/python3.8/site-packages/airflow/example_dags/example_dag_decorator.py took 0.359 seconds
[2021-07-14 23:08:24,597] {scheduler_job.py:182} INFO - Started process (PID=2103) to work on /home/airflow/sandbox/lib/python3.8/site-packages/airflow/example_dags/example_dag_decorator.py
[2021-07-14 23:08:24,598] {scheduler_job.py:633} INFO - Processing file /home/airflow/sandbox/lib/python3.8/site-packages/airflow/example_dags/example_dag_decorator.py for tasks to queue
[2021-07-14 23:08:24,598] {logging_mixin.py:104} INFO - [2021-07-14 23:08:24,598] {dagbag.py:487} INFO - Filling up the DagBag from /home/airflow/sandbox/lib/python3.8/site-packages/airflow/example_dags/example_dag_decorator.py
[2021-07-14 23:08:24,611] {scheduler_job.py:643} INFO - DAG(s) dict_keys(['example_dag_decorator']) retrieved from /home/airflow/sandbox/lib/python3.8/site-packages/airflow/example_dags/example_dag_decorator.py
[2021-07-14 23:08:24,628] {logging_mixin.py:104} INFO - [2021-07-14 23:08:24,627] {dag.py:1832} INFO - Sync 1 DAGs
[2021-07-14 23:08:24,645] {logging_mixin.py:104} INFO - [2021-07-14 23:08:24,645] {dag.py:2305} INFO - Setting next_dagrun for example_dag_decorator to None
[2021-07-14 23:08:24,665] {scheduler_job.py:190} INFO - Processing /home/airflow/sandbox/lib/python3.8/site-packages/airflow/example_dags/example_dag_decorator.py took 0.071 seconds
[2021-07-14 23:08:48,559] {scheduler_job.py:182} INFO - Started process (PID=2149) to work on /home/airflow/sandbox/lib/python3.8/site-packages/airflow/example_dags/example_dag_decorator.py
[2021-07-14 23:08:48,560] {scheduler_job.py:633} INFO - Processing file /home/airflow/sandbox/lib/python3.8/site-packages/airflow/example_dags/example_dag_decorator.py for tasks to queue
[2021-07-14 23:08:48,561] {logging_mixin.py:104} INFO - [2021-07-14 23:08:48,561] {dagbag.py:487} INFO - Filling up the DagBag from /home/airflow/sandbox/lib/python3.8/site-packages/airflow/example_dags/example_dag_decorator.py
[2021-07-14 23:08:48,574] {scheduler_job.py:643} INFO - DAG(s) dict_keys(['example_dag_decorator']) retrieved from /home/airflow/sandbox/lib/python3.8/site-packages/airflow/example_dags/example_dag_decorator.py
[2021-07-14 23:08:48,835] {logging_mixin.py:104} INFO - [2021-07-14 23:08:48,835] {dag.py:1832} INFO - Sync 1 DAGs
[2021-07-14 23:08:48,847] {logging_mixin.py:104} INFO - [2021-07-14 23:08:48,847] {dag.py:2305} INFO - Setting next_dagrun for example_dag_decorator to None
[2021-07-14 23:08:48,860] {scheduler_job.py:190} INFO - Processing /home/airflow/sandbox/lib/python3.8/site-packages/airflow/example_dags/example_dag_decorator.py took 0.303 seconds
[2021-07-14 23:08:56,995] {scheduler_job.py:182} INFO - Started process (PID=2165) to work on /home/airflow/sandbox/lib/python3.8/site-packages/airflow/example_dags/example_dag_decorator.py
[2021-07-14 23:08:56,996] {scheduler_job.py:633} INFO - Processing file /home/airflow/sandbox/lib/python3.8/site-packages/airflow/example_dags/example_dag_decorator.py for tasks to queue
[2021-07-14 23:08:56,997] {logging_mixin.py:104} INFO - [2021-07-14 23:08:56,997] {dagbag.py:487} INFO - Filling up the DagBag from /home/airflow/sandbox/lib/python3.8/site-packages/airflow/example_dags/example_dag_decorator.py
[2021-07-14 23:08:57,011] {scheduler_job.py:643} INFO - DAG(s) dict_keys(['example_dag_decorator']) retrieved from /home/airflow/sandbox/lib/python3.8/site-packages/airflow/example_dags/example_dag_decorator.py
[2021-07-14 23:08:57,030] {logging_mixin.py:104} INFO - [2021-07-14 23:08:57,030] {dag.py:1832} INFO - Sync 1 DAGs
[2021-07-14 23:08:57,039] {logging_mixin.py:104} INFO - [2021-07-14 23:08:57,038] {dag.py:2305} INFO - Setting next_dagrun for example_dag_decorator to None
[2021-07-14 23:08:57,058] {scheduler_job.py:190} INFO - Processing /home/airflow/sandbox/lib/python3.8/site-packages/airflow/example_dags/example_dag_decorator.py took 0.065 seconds
[2021-07-14 23:09:20,581] {scheduler_job.py:182} INFO - Started process (PID=2213) to work on /home/airflow/sandbox/lib/python3.8/site-packages/airflow/example_dags/example_dag_decorator.py
[2021-07-14 23:09:20,588] {scheduler_job.py:633} INFO - Processing file /home/airflow/sandbox/lib/python3.8/site-packages/airflow/example_dags/example_dag_decorator.py for tasks to queue
[2021-07-14 23:09:20,589] {logging_mixin.py:104} INFO - [2021-07-14 23:09:20,589] {dagbag.py:487} INFO - Filling up the DagBag from /home/airflow/sandbox/lib/python3.8/site-packages/airflow/example_dags/example_dag_decorator.py
[2021-07-14 23:09:20,621] {scheduler_job.py:643} INFO - DAG(s) dict_keys(['example_dag_decorator']) retrieved from /home/airflow/sandbox/lib/python3.8/site-packages/airflow/example_dags/example_dag_decorator.py
[2021-07-14 23:09:20,950] {logging_mixin.py:104} INFO - [2021-07-14 23:09:20,950] {dag.py:1832} INFO - Sync 1 DAGs
[2021-07-14 23:09:20,957] {logging_mixin.py:104} INFO - [2021-07-14 23:09:20,957] {dag.py:2305} INFO - Setting next_dagrun for example_dag_decorator to None
[2021-07-14 23:09:20,966] {scheduler_job.py:190} INFO - Processing /home/airflow/sandbox/lib/python3.8/site-packages/airflow/example_dags/example_dag_decorator.py took 0.393 seconds
[2021-07-14 23:09:28,076] {scheduler_job.py:182} INFO - Started process (PID=2225) to work on /home/airflow/sandbox/lib/python3.8/site-packages/airflow/example_dags/example_dag_decorator.py
[2021-07-14 23:09:28,077] {scheduler_job.py:633} INFO - Processing file /home/airflow/sandbox/lib/python3.8/site-packages/airflow/example_dags/example_dag_decorator.py for tasks to queue
[2021-07-14 23:09:28,077] {logging_mixin.py:104} INFO - [2021-07-14 23:09:28,077] {dagbag.py:487} INFO - Filling up the DagBag from /home/airflow/sandbox/lib/python3.8/site-packages/airflow/example_dags/example_dag_decorator.py
[2021-07-14 23:09:28,099] {scheduler_job.py:643} INFO - DAG(s) dict_keys(['example_dag_decorator']) retrieved from /home/airflow/sandbox/lib/python3.8/site-packages/airflow/example_dags/example_dag_decorator.py
[2021-07-14 23:09:28,108] {logging_mixin.py:104} INFO - [2021-07-14 23:09:28,108] {dag.py:1832} INFO - Sync 1 DAGs
[2021-07-14 23:09:28,120] {logging_mixin.py:104} INFO - [2021-07-14 23:09:28,119] {dag.py:2305} INFO - Setting next_dagrun for example_dag_decorator to None
[2021-07-14 23:09:28,133] {scheduler_job.py:190} INFO - Processing /home/airflow/sandbox/lib/python3.8/site-packages/airflow/example_dags/example_dag_decorator.py took 0.059 seconds
[2021-07-14 23:09:53,342] {scheduler_job.py:182} INFO - Started process (PID=2275) to work on /home/airflow/sandbox/lib/python3.8/site-packages/airflow/example_dags/example_dag_decorator.py
[2021-07-14 23:09:53,343] {scheduler_job.py:633} INFO - Processing file /home/airflow/sandbox/lib/python3.8/site-packages/airflow/example_dags/example_dag_decorator.py for tasks to queue
[2021-07-14 23:09:53,343] {logging_mixin.py:104} INFO - [2021-07-14 23:09:53,343] {dagbag.py:487} INFO - Filling up the DagBag from /home/airflow/sandbox/lib/python3.8/site-packages/airflow/example_dags/example_dag_decorator.py
[2021-07-14 23:09:53,357] {scheduler_job.py:643} INFO - DAG(s) dict_keys(['example_dag_decorator']) retrieved from /home/airflow/sandbox/lib/python3.8/site-packages/airflow/example_dags/example_dag_decorator.py
[2021-07-14 23:09:53,678] {logging_mixin.py:104} INFO - [2021-07-14 23:09:53,678] {dag.py:1832} INFO - Sync 1 DAGs
[2021-07-14 23:09:53,686] {logging_mixin.py:104} INFO - [2021-07-14 23:09:53,686] {dag.py:2305} INFO - Setting next_dagrun for example_dag_decorator to None
[2021-07-14 23:09:53,708] {scheduler_job.py:190} INFO - Processing /home/airflow/sandbox/lib/python3.8/site-packages/airflow/example_dags/example_dag_decorator.py took 0.370 seconds
[2021-07-14 23:10:00,313] {scheduler_job.py:182} INFO - Started process (PID=2288) to work on /home/airflow/sandbox/lib/python3.8/site-packages/airflow/example_dags/example_dag_decorator.py
[2021-07-14 23:10:00,315] {scheduler_job.py:633} INFO - Processing file /home/airflow/sandbox/lib/python3.8/site-packages/airflow/example_dags/example_dag_decorator.py for tasks to queue
[2021-07-14 23:10:00,316] {logging_mixin.py:104} INFO - [2021-07-14 23:10:00,316] {dagbag.py:487} INFO - Filling up the DagBag from /home/airflow/sandbox/lib/python3.8/site-packages/airflow/example_dags/example_dag_decorator.py
[2021-07-14 23:10:00,331] {scheduler_job.py:643} INFO - DAG(s) dict_keys(['example_dag_decorator']) retrieved from /home/airflow/sandbox/lib/python3.8/site-packages/airflow/example_dags/example_dag_decorator.py
[2021-07-14 23:10:00,339] {logging_mixin.py:104} INFO - [2021-07-14 23:10:00,339] {dag.py:1832} INFO - Sync 1 DAGs
[2021-07-14 23:10:00,350] {logging_mixin.py:104} INFO - [2021-07-14 23:10:00,350] {dag.py:2305} INFO - Setting next_dagrun for example_dag_decorator to None
[2021-07-14 23:10:00,361] {scheduler_job.py:190} INFO - Processing /home/airflow/sandbox/lib/python3.8/site-packages/airflow/example_dags/example_dag_decorator.py took 0.051 seconds
[2021-07-14 23:10:28,539] {scheduler_job.py:182} INFO - Started process (PID=2342) to work on /home/airflow/sandbox/lib/python3.8/site-packages/airflow/example_dags/example_dag_decorator.py
[2021-07-14 23:10:28,540] {scheduler_job.py:633} INFO - Processing file /home/airflow/sandbox/lib/python3.8/site-packages/airflow/example_dags/example_dag_decorator.py for tasks to queue
[2021-07-14 23:10:28,541] {logging_mixin.py:104} INFO - [2021-07-14 23:10:28,541] {dagbag.py:487} INFO - Filling up the DagBag from /home/airflow/sandbox/lib/python3.8/site-packages/airflow/example_dags/example_dag_decorator.py
[2021-07-14 23:10:28,562] {scheduler_job.py:643} INFO - DAG(s) dict_keys(['example_dag_decorator']) retrieved from /home/airflow/sandbox/lib/python3.8/site-packages/airflow/example_dags/example_dag_decorator.py
[2021-07-14 23:10:28,987] {logging_mixin.py:104} INFO - [2021-07-14 23:10:28,986] {dag.py:1832} INFO - Sync 1 DAGs
[2021-07-14 23:10:29,007] {logging_mixin.py:104} INFO - [2021-07-14 23:10:29,007] {dag.py:2305} INFO - Setting next_dagrun for example_dag_decorator to None
[2021-07-14 23:10:29,053] {scheduler_job.py:190} INFO - Processing /home/airflow/sandbox/lib/python3.8/site-packages/airflow/example_dags/example_dag_decorator.py took 0.517 seconds
[2021-07-14 23:10:31,518] {scheduler_job.py:182} INFO - Started process (PID=2347) to work on /home/airflow/sandbox/lib/python3.8/site-packages/airflow/example_dags/example_dag_decorator.py
[2021-07-14 23:10:31,520] {scheduler_job.py:633} INFO - Processing file /home/airflow/sandbox/lib/python3.8/site-packages/airflow/example_dags/example_dag_decorator.py for tasks to queue
[2021-07-14 23:10:31,524] {logging_mixin.py:104} INFO - [2021-07-14 23:10:31,524] {dagbag.py:487} INFO - Filling up the DagBag from /home/airflow/sandbox/lib/python3.8/site-packages/airflow/example_dags/example_dag_decorator.py
[2021-07-14 23:10:31,571] {scheduler_job.py:643} INFO - DAG(s) dict_keys(['example_dag_decorator']) retrieved from /home/airflow/sandbox/lib/python3.8/site-packages/airflow/example_dags/example_dag_decorator.py
[2021-07-14 23:10:31,595] {logging_mixin.py:104} INFO - [2021-07-14 23:10:31,595] {dag.py:1832} INFO - Sync 1 DAGs
[2021-07-14 23:10:31,623] {logging_mixin.py:104} INFO - [2021-07-14 23:10:31,623] {dag.py:2305} INFO - Setting next_dagrun for example_dag_decorator to None
[2021-07-14 23:10:31,637] {scheduler_job.py:190} INFO - Processing /home/airflow/sandbox/lib/python3.8/site-packages/airflow/example_dags/example_dag_decorator.py took 0.128 seconds
[2021-07-14 23:11:19,312] {scheduler_job.py:182} INFO - Started process (PID=2410) to work on /home/airflow/sandbox/lib/python3.8/site-packages/airflow/example_dags/example_dag_decorator.py
[2021-07-14 23:11:19,313] {scheduler_job.py:633} INFO - Processing file /home/airflow/sandbox/lib/python3.8/site-packages/airflow/example_dags/example_dag_decorator.py for tasks to queue
[2021-07-14 23:11:19,315] {logging_mixin.py:104} INFO - [2021-07-14 23:11:19,315] {dagbag.py:487} INFO - Filling up the DagBag from /home/airflow/sandbox/lib/python3.8/site-packages/airflow/example_dags/example_dag_decorator.py
[2021-07-14 23:11:19,343] {scheduler_job.py:643} INFO - DAG(s) dict_keys(['example_dag_decorator']) retrieved from /home/airflow/sandbox/lib/python3.8/site-packages/airflow/example_dags/example_dag_decorator.py
[2021-07-14 23:11:19,544] {scheduler_job.py:182} INFO - Started process (PID=2411) to work on /home/airflow/sandbox/lib/python3.8/site-packages/airflow/example_dags/example_dag_decorator.py
[2021-07-14 23:11:19,545] {scheduler_job.py:633} INFO - Processing file /home/airflow/sandbox/lib/python3.8/site-packages/airflow/example_dags/example_dag_decorator.py for tasks to queue
[2021-07-14 23:11:19,546] {logging_mixin.py:104} INFO - [2021-07-14 23:11:19,546] {dagbag.py:487} INFO - Filling up the DagBag from /home/airflow/sandbox/lib/python3.8/site-packages/airflow/example_dags/example_dag_decorator.py
[2021-07-14 23:11:19,604] {scheduler_job.py:643} INFO - DAG(s) dict_keys(['example_dag_decorator']) retrieved from /home/airflow/sandbox/lib/python3.8/site-packages/airflow/example_dags/example_dag_decorator.py
[2021-07-14 23:11:20,368] {logging_mixin.py:104} INFO - [2021-07-14 23:11:20,368] {dag.py:1832} INFO - Sync 1 DAGs
[2021-07-14 23:11:20,416] {logging_mixin.py:104} INFO - [2021-07-14 23:11:20,411] {dag.py:2305} INFO - Setting next_dagrun for example_dag_decorator to None
[2021-07-14 23:11:20,463] {scheduler_job.py:190} INFO - Processing /home/airflow/sandbox/lib/python3.8/site-packages/airflow/example_dags/example_dag_decorator.py took 1.156 seconds
[2021-07-14 23:11:20,916] {logging_mixin.py:104} INFO - [2021-07-14 23:11:20,916] {dag.py:1832} INFO - Sync 1 DAGs
[2021-07-14 23:11:20,937] {logging_mixin.py:104} INFO - [2021-07-14 23:11:20,937] {dag.py:2305} INFO - Setting next_dagrun for example_dag_decorator to None
[2021-07-14 23:11:20,959] {scheduler_job.py:190} INFO - Processing /home/airflow/sandbox/lib/python3.8/site-packages/airflow/example_dags/example_dag_decorator.py took 1.429 seconds
[2021-07-14 23:11:52,867] {scheduler_job.py:182} INFO - Started process (PID=2472) to work on /home/airflow/sandbox/lib/python3.8/site-packages/airflow/example_dags/example_dag_decorator.py
[2021-07-14 23:11:52,868] {scheduler_job.py:633} INFO - Processing file /home/airflow/sandbox/lib/python3.8/site-packages/airflow/example_dags/example_dag_decorator.py for tasks to queue
[2021-07-14 23:11:52,868] {logging_mixin.py:104} INFO - [2021-07-14 23:11:52,868] {dagbag.py:487} INFO - Filling up the DagBag from /home/airflow/sandbox/lib/python3.8/site-packages/airflow/example_dags/example_dag_decorator.py
[2021-07-14 23:11:52,881] {scheduler_job.py:643} INFO - DAG(s) dict_keys(['example_dag_decorator']) retrieved from /home/airflow/sandbox/lib/python3.8/site-packages/airflow/example_dags/example_dag_decorator.py
[2021-07-14 23:11:53,175] {logging_mixin.py:104} INFO - [2021-07-14 23:11:53,175] {dag.py:1832} INFO - Sync 1 DAGs
[2021-07-14 23:11:53,182] {logging_mixin.py:104} INFO - [2021-07-14 23:11:53,182] {dag.py:2305} INFO - Setting next_dagrun for example_dag_decorator to None
[2021-07-14 23:11:53,196] {scheduler_job.py:190} INFO - Processing /home/airflow/sandbox/lib/python3.8/site-packages/airflow/example_dags/example_dag_decorator.py took 0.332 seconds
[2021-07-14 23:11:53,548] {scheduler_job.py:182} INFO - Started process (PID=2473) to work on /home/airflow/sandbox/lib/python3.8/site-packages/airflow/example_dags/example_dag_decorator.py
[2021-07-14 23:11:53,549] {scheduler_job.py:633} INFO - Processing file /home/airflow/sandbox/lib/python3.8/site-packages/airflow/example_dags/example_dag_decorator.py for tasks to queue
[2021-07-14 23:11:53,549] {logging_mixin.py:104} INFO - [2021-07-14 23:11:53,549] {dagbag.py:487} INFO - Filling up the DagBag from /home/airflow/sandbox/lib/python3.8/site-packages/airflow/example_dags/example_dag_decorator.py
[2021-07-14 23:11:53,564] {scheduler_job.py:643} INFO - DAG(s) dict_keys(['example_dag_decorator']) retrieved from /home/airflow/sandbox/lib/python3.8/site-packages/airflow/example_dags/example_dag_decorator.py
[2021-07-14 23:11:53,572] {logging_mixin.py:104} INFO - [2021-07-14 23:11:53,572] {dag.py:1832} INFO - Sync 1 DAGs
[2021-07-14 23:11:53,581] {logging_mixin.py:104} INFO - [2021-07-14 23:11:53,581] {dag.py:2305} INFO - Setting next_dagrun for example_dag_decorator to None
[2021-07-14 23:11:53,593] {scheduler_job.py:190} INFO - Processing /home/airflow/sandbox/lib/python3.8/site-packages/airflow/example_dags/example_dag_decorator.py took 0.048 seconds
[2021-07-14 23:12:24,983] {scheduler_job.py:182} INFO - Started process (PID=2535) to work on /home/airflow/sandbox/lib/python3.8/site-packages/airflow/example_dags/example_dag_decorator.py
[2021-07-14 23:12:24,985] {scheduler_job.py:633} INFO - Processing file /home/airflow/sandbox/lib/python3.8/site-packages/airflow/example_dags/example_dag_decorator.py for tasks to queue
[2021-07-14 23:12:24,987] {logging_mixin.py:104} INFO - [2021-07-14 23:12:24,987] {dagbag.py:487} INFO - Filling up the DagBag from /home/airflow/sandbox/lib/python3.8/site-packages/airflow/example_dags/example_dag_decorator.py
[2021-07-14 23:12:25,008] {scheduler_job.py:643} INFO - DAG(s) dict_keys(['example_dag_decorator']) retrieved from /home/airflow/sandbox/lib/python3.8/site-packages/airflow/example_dags/example_dag_decorator.py
[2021-07-14 23:12:25,492] {logging_mixin.py:104} INFO - [2021-07-14 23:12:25,492] {dag.py:1832} INFO - Sync 1 DAGs
[2021-07-14 23:12:25,506] {logging_mixin.py:104} INFO - [2021-07-14 23:12:25,506] {dag.py:2305} INFO - Setting next_dagrun for example_dag_decorator to None
[2021-07-14 23:12:25,528] {scheduler_job.py:190} INFO - Processing /home/airflow/sandbox/lib/python3.8/site-packages/airflow/example_dags/example_dag_decorator.py took 0.548 seconds
[2021-07-14 23:12:26,001] {scheduler_job.py:182} INFO - Started process (PID=2537) to work on /home/airflow/sandbox/lib/python3.8/site-packages/airflow/example_dags/example_dag_decorator.py
[2021-07-14 23:12:26,004] {scheduler_job.py:633} INFO - Processing file /home/airflow/sandbox/lib/python3.8/site-packages/airflow/example_dags/example_dag_decorator.py for tasks to queue
[2021-07-14 23:12:26,006] {logging_mixin.py:104} INFO - [2021-07-14 23:12:26,006] {dagbag.py:487} INFO - Filling up the DagBag from /home/airflow/sandbox/lib/python3.8/site-packages/airflow/example_dags/example_dag_decorator.py
[2021-07-14 23:12:26,031] {scheduler_job.py:643} INFO - DAG(s) dict_keys(['example_dag_decorator']) retrieved from /home/airflow/sandbox/lib/python3.8/site-packages/airflow/example_dags/example_dag_decorator.py
[2021-07-14 23:12:26,045] {logging_mixin.py:104} INFO - [2021-07-14 23:12:26,045] {dag.py:1832} INFO - Sync 1 DAGs
[2021-07-14 23:12:26,075] {logging_mixin.py:104} INFO - [2021-07-14 23:12:26,075] {dag.py:2305} INFO - Setting next_dagrun for example_dag_decorator to None
[2021-07-14 23:12:26,091] {scheduler_job.py:190} INFO - Processing /home/airflow/sandbox/lib/python3.8/site-packages/airflow/example_dags/example_dag_decorator.py took 0.093 seconds
[2021-07-14 23:12:58,170] {scheduler_job.py:182} INFO - Started process (PID=2598) to work on /home/airflow/sandbox/lib/python3.8/site-packages/airflow/example_dags/example_dag_decorator.py
[2021-07-14 23:12:58,171] {scheduler_job.py:633} INFO - Processing file /home/airflow/sandbox/lib/python3.8/site-packages/airflow/example_dags/example_dag_decorator.py for tasks to queue
[2021-07-14 23:12:58,172] {logging_mixin.py:104} INFO - [2021-07-14 23:12:58,172] {dagbag.py:487} INFO - Filling up the DagBag from /home/airflow/sandbox/lib/python3.8/site-packages/airflow/example_dags/example_dag_decorator.py
[2021-07-14 23:12:58,191] {scheduler_job.py:643} INFO - DAG(s) dict_keys(['example_dag_decorator']) retrieved from /home/airflow/sandbox/lib/python3.8/site-packages/airflow/example_dags/example_dag_decorator.py
[2021-07-14 23:12:58,564] {logging_mixin.py:104} INFO - [2021-07-14 23:12:58,563] {dag.py:1832} INFO - Sync 1 DAGs
[2021-07-14 23:12:58,573] {logging_mixin.py:104} INFO - [2021-07-14 23:12:58,573] {dag.py:2305} INFO - Setting next_dagrun for example_dag_decorator to None
[2021-07-14 23:12:58,593] {scheduler_job.py:190} INFO - Processing /home/airflow/sandbox/lib/python3.8/site-packages/airflow/example_dags/example_dag_decorator.py took 0.427 seconds
[2021-07-14 23:13:01,957] {scheduler_job.py:182} INFO - Started process (PID=2603) to work on /home/airflow/sandbox/lib/python3.8/site-packages/airflow/example_dags/example_dag_decorator.py
[2021-07-14 23:13:01,958] {scheduler_job.py:633} INFO - Processing file /home/airflow/sandbox/lib/python3.8/site-packages/airflow/example_dags/example_dag_decorator.py for tasks to queue
[2021-07-14 23:13:01,959] {logging_mixin.py:104} INFO - [2021-07-14 23:13:01,958] {dagbag.py:487} INFO - Filling up the DagBag from /home/airflow/sandbox/lib/python3.8/site-packages/airflow/example_dags/example_dag_decorator.py
[2021-07-14 23:13:01,972] {scheduler_job.py:643} INFO - DAG(s) dict_keys(['example_dag_decorator']) retrieved from /home/airflow/sandbox/lib/python3.8/site-packages/airflow/example_dags/example_dag_decorator.py
[2021-07-14 23:13:01,979] {logging_mixin.py:104} INFO - [2021-07-14 23:13:01,979] {dag.py:1832} INFO - Sync 1 DAGs
[2021-07-14 23:13:01,992] {logging_mixin.py:104} INFO - [2021-07-14 23:13:01,992] {dag.py:2305} INFO - Setting next_dagrun for example_dag_decorator to None
[2021-07-14 23:13:02,013] {scheduler_job.py:190} INFO - Processing /home/airflow/sandbox/lib/python3.8/site-packages/airflow/example_dags/example_dag_decorator.py took 0.059 seconds
[2021-07-14 23:49:09,775] {scheduler_job.py:182} INFO - Started process (PID=1865) to work on /home/airflow/sandbox/lib/python3.8/site-packages/airflow/example_dags/example_dag_decorator.py
[2021-07-14 23:49:09,785] {scheduler_job.py:633} INFO - Processing file /home/airflow/sandbox/lib/python3.8/site-packages/airflow/example_dags/example_dag_decorator.py for tasks to queue
[2021-07-14 23:49:09,786] {logging_mixin.py:104} INFO - [2021-07-14 23:49:09,786] {dagbag.py:487} INFO - Filling up the DagBag from /home/airflow/sandbox/lib/python3.8/site-packages/airflow/example_dags/example_dag_decorator.py
[2021-07-14 23:49:09,804] {scheduler_job.py:643} INFO - DAG(s) dict_keys(['example_dag_decorator']) retrieved from /home/airflow/sandbox/lib/python3.8/site-packages/airflow/example_dags/example_dag_decorator.py
[2021-07-14 23:49:09,982] {logging_mixin.py:104} INFO - [2021-07-14 23:49:09,982] {dag.py:1832} INFO - Sync 1 DAGs
[2021-07-14 23:49:09,989] {logging_mixin.py:104} INFO - [2021-07-14 23:49:09,989] {dag.py:2305} INFO - Setting next_dagrun for example_dag_decorator to None
[2021-07-14 23:49:10,002] {scheduler_job.py:190} INFO - Processing /home/airflow/sandbox/lib/python3.8/site-packages/airflow/example_dags/example_dag_decorator.py took 0.229 seconds
[2021-07-14 23:49:43,332] {scheduler_job.py:182} INFO - Started process (PID=1896) to work on /home/airflow/sandbox/lib/python3.8/site-packages/airflow/example_dags/example_dag_decorator.py
[2021-07-14 23:49:43,332] {scheduler_job.py:633} INFO - Processing file /home/airflow/sandbox/lib/python3.8/site-packages/airflow/example_dags/example_dag_decorator.py for tasks to queue
[2021-07-14 23:49:43,333] {logging_mixin.py:104} INFO - [2021-07-14 23:49:43,333] {dagbag.py:487} INFO - Filling up the DagBag from /home/airflow/sandbox/lib/python3.8/site-packages/airflow/example_dags/example_dag_decorator.py
[2021-07-14 23:49:43,346] {scheduler_job.py:643} INFO - DAG(s) dict_keys(['example_dag_decorator']) retrieved from /home/airflow/sandbox/lib/python3.8/site-packages/airflow/example_dags/example_dag_decorator.py
[2021-07-14 23:49:43,542] {logging_mixin.py:104} INFO - [2021-07-14 23:49:43,542] {dag.py:1832} INFO - Sync 1 DAGs
[2021-07-14 23:49:43,550] {logging_mixin.py:104} INFO - [2021-07-14 23:49:43,550] {dag.py:2305} INFO - Setting next_dagrun for example_dag_decorator to None
[2021-07-14 23:49:43,561] {scheduler_job.py:190} INFO - Processing /home/airflow/sandbox/lib/python3.8/site-packages/airflow/example_dags/example_dag_decorator.py took 0.231 seconds
[2021-07-14 23:50:14,589] {scheduler_job.py:182} INFO - Started process (PID=1927) to work on /home/airflow/sandbox/lib/python3.8/site-packages/airflow/example_dags/example_dag_decorator.py
[2021-07-14 23:50:14,590] {scheduler_job.py:633} INFO - Processing file /home/airflow/sandbox/lib/python3.8/site-packages/airflow/example_dags/example_dag_decorator.py for tasks to queue
[2021-07-14 23:50:14,590] {logging_mixin.py:104} INFO - [2021-07-14 23:50:14,590] {dagbag.py:487} INFO - Filling up the DagBag from /home/airflow/sandbox/lib/python3.8/site-packages/airflow/example_dags/example_dag_decorator.py
[2021-07-14 23:50:14,607] {scheduler_job.py:643} INFO - DAG(s) dict_keys(['example_dag_decorator']) retrieved from /home/airflow/sandbox/lib/python3.8/site-packages/airflow/example_dags/example_dag_decorator.py
[2021-07-14 23:50:14,821] {logging_mixin.py:104} INFO - [2021-07-14 23:50:14,821] {dag.py:1832} INFO - Sync 1 DAGs
[2021-07-14 23:50:14,829] {logging_mixin.py:104} INFO - [2021-07-14 23:50:14,829] {dag.py:2305} INFO - Setting next_dagrun for example_dag_decorator to None
[2021-07-14 23:50:14,851] {scheduler_job.py:190} INFO - Processing /home/airflow/sandbox/lib/python3.8/site-packages/airflow/example_dags/example_dag_decorator.py took 0.265 seconds
[2021-07-14 23:50:47,016] {scheduler_job.py:182} INFO - Started process (PID=1959) to work on /home/airflow/sandbox/lib/python3.8/site-packages/airflow/example_dags/example_dag_decorator.py
[2021-07-14 23:50:47,018] {scheduler_job.py:633} INFO - Processing file /home/airflow/sandbox/lib/python3.8/site-packages/airflow/example_dags/example_dag_decorator.py for tasks to queue
[2021-07-14 23:50:47,020] {logging_mixin.py:104} INFO - [2021-07-14 23:50:47,019] {dagbag.py:487} INFO - Filling up the DagBag from /home/airflow/sandbox/lib/python3.8/site-packages/airflow/example_dags/example_dag_decorator.py
[2021-07-14 23:50:47,058] {scheduler_job.py:643} INFO - DAG(s) dict_keys(['example_dag_decorator']) retrieved from /home/airflow/sandbox/lib/python3.8/site-packages/airflow/example_dags/example_dag_decorator.py
[2021-07-14 23:50:47,544] {logging_mixin.py:104} INFO - [2021-07-14 23:50:47,544] {dag.py:1832} INFO - Sync 1 DAGs
[2021-07-14 23:50:47,563] {logging_mixin.py:104} INFO - [2021-07-14 23:50:47,563] {dag.py:2305} INFO - Setting next_dagrun for example_dag_decorator to None
[2021-07-14 23:50:47,590] {scheduler_job.py:190} INFO - Processing /home/airflow/sandbox/lib/python3.8/site-packages/airflow/example_dags/example_dag_decorator.py took 0.580 seconds
[2021-07-14 23:51:29,900] {scheduler_job.py:182} INFO - Started process (PID=1993) to work on /home/airflow/sandbox/lib/python3.8/site-packages/airflow/example_dags/example_dag_decorator.py
[2021-07-14 23:51:29,917] {scheduler_job.py:633} INFO - Processing file /home/airflow/sandbox/lib/python3.8/site-packages/airflow/example_dags/example_dag_decorator.py for tasks to queue
[2021-07-14 23:51:29,924] {logging_mixin.py:104} INFO - [2021-07-14 23:51:29,924] {dagbag.py:487} INFO - Filling up the DagBag from /home/airflow/sandbox/lib/python3.8/site-packages/airflow/example_dags/example_dag_decorator.py
[2021-07-14 23:51:30,049] {scheduler_job.py:643} INFO - DAG(s) dict_keys(['example_dag_decorator']) retrieved from /home/airflow/sandbox/lib/python3.8/site-packages/airflow/example_dags/example_dag_decorator.py
[2021-07-14 23:51:31,081] {logging_mixin.py:104} INFO - [2021-07-14 23:51:31,081] {dag.py:1832} INFO - Sync 1 DAGs
[2021-07-14 23:51:31,127] {logging_mixin.py:104} INFO - [2021-07-14 23:51:31,127] {dag.py:2305} INFO - Setting next_dagrun for example_dag_decorator to None
[2021-07-14 23:51:31,192] {scheduler_job.py:190} INFO - Processing /home/airflow/sandbox/lib/python3.8/site-packages/airflow/example_dags/example_dag_decorator.py took 1.338 seconds
[2021-07-14 23:52:11,356] {scheduler_job.py:182} INFO - Started process (PID=2024) to work on /home/airflow/sandbox/lib/python3.8/site-packages/airflow/example_dags/example_dag_decorator.py
[2021-07-14 23:52:11,357] {scheduler_job.py:633} INFO - Processing file /home/airflow/sandbox/lib/python3.8/site-packages/airflow/example_dags/example_dag_decorator.py for tasks to queue
[2021-07-14 23:52:11,358] {logging_mixin.py:104} INFO - [2021-07-14 23:52:11,358] {dagbag.py:487} INFO - Filling up the DagBag from /home/airflow/sandbox/lib/python3.8/site-packages/airflow/example_dags/example_dag_decorator.py
[2021-07-14 23:52:11,376] {scheduler_job.py:643} INFO - DAG(s) dict_keys(['example_dag_decorator']) retrieved from /home/airflow/sandbox/lib/python3.8/site-packages/airflow/example_dags/example_dag_decorator.py
[2021-07-14 23:52:11,623] {logging_mixin.py:104} INFO - [2021-07-14 23:52:11,623] {dag.py:1832} INFO - Sync 1 DAGs
[2021-07-14 23:52:11,636] {logging_mixin.py:104} INFO - [2021-07-14 23:52:11,636] {dag.py:2305} INFO - Setting next_dagrun for example_dag_decorator to None
[2021-07-14 23:52:11,660] {scheduler_job.py:190} INFO - Processing /home/airflow/sandbox/lib/python3.8/site-packages/airflow/example_dags/example_dag_decorator.py took 0.307 seconds
[2021-07-14 23:52:43,406] {scheduler_job.py:182} INFO - Started process (PID=2055) to work on /home/airflow/sandbox/lib/python3.8/site-packages/airflow/example_dags/example_dag_decorator.py
[2021-07-14 23:52:43,407] {scheduler_job.py:633} INFO - Processing file /home/airflow/sandbox/lib/python3.8/site-packages/airflow/example_dags/example_dag_decorator.py for tasks to queue
[2021-07-14 23:52:43,408] {logging_mixin.py:104} INFO - [2021-07-14 23:52:43,408] {dagbag.py:487} INFO - Filling up the DagBag from /home/airflow/sandbox/lib/python3.8/site-packages/airflow/example_dags/example_dag_decorator.py
[2021-07-14 23:52:43,422] {scheduler_job.py:643} INFO - DAG(s) dict_keys(['example_dag_decorator']) retrieved from /home/airflow/sandbox/lib/python3.8/site-packages/airflow/example_dags/example_dag_decorator.py
[2021-07-14 23:52:43,634] {logging_mixin.py:104} INFO - [2021-07-14 23:52:43,634] {dag.py:1832} INFO - Sync 1 DAGs
[2021-07-14 23:52:43,645] {logging_mixin.py:104} INFO - [2021-07-14 23:52:43,645] {dag.py:2305} INFO - Setting next_dagrun for example_dag_decorator to None
[2021-07-14 23:52:43,657] {scheduler_job.py:190} INFO - Processing /home/airflow/sandbox/lib/python3.8/site-packages/airflow/example_dags/example_dag_decorator.py took 0.253 seconds
[2021-07-14 23:53:15,374] {scheduler_job.py:182} INFO - Started process (PID=2086) to work on /home/airflow/sandbox/lib/python3.8/site-packages/airflow/example_dags/example_dag_decorator.py
[2021-07-14 23:53:15,375] {scheduler_job.py:633} INFO - Processing file /home/airflow/sandbox/lib/python3.8/site-packages/airflow/example_dags/example_dag_decorator.py for tasks to queue
[2021-07-14 23:53:15,375] {logging_mixin.py:104} INFO - [2021-07-14 23:53:15,375] {dagbag.py:487} INFO - Filling up the DagBag from /home/airflow/sandbox/lib/python3.8/site-packages/airflow/example_dags/example_dag_decorator.py
[2021-07-14 23:53:15,390] {scheduler_job.py:643} INFO - DAG(s) dict_keys(['example_dag_decorator']) retrieved from /home/airflow/sandbox/lib/python3.8/site-packages/airflow/example_dags/example_dag_decorator.py
[2021-07-14 23:53:15,587] {logging_mixin.py:104} INFO - [2021-07-14 23:53:15,587] {dag.py:1832} INFO - Sync 1 DAGs
[2021-07-14 23:53:15,596] {logging_mixin.py:104} INFO - [2021-07-14 23:53:15,596] {dag.py:2305} INFO - Setting next_dagrun for example_dag_decorator to None
[2021-07-14 23:53:15,608] {scheduler_job.py:190} INFO - Processing /home/airflow/sandbox/lib/python3.8/site-packages/airflow/example_dags/example_dag_decorator.py took 0.237 seconds
[2021-07-14 23:53:48,239] {scheduler_job.py:182} INFO - Started process (PID=2119) to work on /home/airflow/sandbox/lib/python3.8/site-packages/airflow/example_dags/example_dag_decorator.py
[2021-07-14 23:53:48,241] {scheduler_job.py:633} INFO - Processing file /home/airflow/sandbox/lib/python3.8/site-packages/airflow/example_dags/example_dag_decorator.py for tasks to queue
[2021-07-14 23:53:48,243] {logging_mixin.py:104} INFO - [2021-07-14 23:53:48,243] {dagbag.py:487} INFO - Filling up the DagBag from /home/airflow/sandbox/lib/python3.8/site-packages/airflow/example_dags/example_dag_decorator.py
[2021-07-14 23:53:48,269] {scheduler_job.py:643} INFO - DAG(s) dict_keys(['example_dag_decorator']) retrieved from /home/airflow/sandbox/lib/python3.8/site-packages/airflow/example_dags/example_dag_decorator.py
[2021-07-14 23:53:48,560] {logging_mixin.py:104} INFO - [2021-07-14 23:53:48,560] {dag.py:1832} INFO - Sync 1 DAGs
[2021-07-14 23:53:48,577] {logging_mixin.py:104} INFO - [2021-07-14 23:53:48,577] {dag.py:2305} INFO - Setting next_dagrun for example_dag_decorator to None
[2021-07-14 23:53:48,599] {scheduler_job.py:190} INFO - Processing /home/airflow/sandbox/lib/python3.8/site-packages/airflow/example_dags/example_dag_decorator.py took 0.364 seconds
[2021-07-14 23:54:21,112] {scheduler_job.py:182} INFO - Started process (PID=2150) to work on /home/airflow/sandbox/lib/python3.8/site-packages/airflow/example_dags/example_dag_decorator.py
[2021-07-14 23:54:21,113] {scheduler_job.py:633} INFO - Processing file /home/airflow/sandbox/lib/python3.8/site-packages/airflow/example_dags/example_dag_decorator.py for tasks to queue
[2021-07-14 23:54:21,114] {logging_mixin.py:104} INFO - [2021-07-14 23:54:21,114] {dagbag.py:487} INFO - Filling up the DagBag from /home/airflow/sandbox/lib/python3.8/site-packages/airflow/example_dags/example_dag_decorator.py
[2021-07-14 23:54:21,127] {scheduler_job.py:643} INFO - DAG(s) dict_keys(['example_dag_decorator']) retrieved from /home/airflow/sandbox/lib/python3.8/site-packages/airflow/example_dags/example_dag_decorator.py
[2021-07-14 23:54:21,322] {logging_mixin.py:104} INFO - [2021-07-14 23:54:21,322] {dag.py:1832} INFO - Sync 1 DAGs
[2021-07-14 23:54:21,332] {logging_mixin.py:104} INFO - [2021-07-14 23:54:21,332] {dag.py:2305} INFO - Setting next_dagrun for example_dag_decorator to None
[2021-07-14 23:54:21,355] {scheduler_job.py:190} INFO - Processing /home/airflow/sandbox/lib/python3.8/site-packages/airflow/example_dags/example_dag_decorator.py took 0.245 seconds
[2021-07-14 23:54:53,327] {scheduler_job.py:182} INFO - Started process (PID=2181) to work on /home/airflow/sandbox/lib/python3.8/site-packages/airflow/example_dags/example_dag_decorator.py
[2021-07-14 23:54:53,328] {scheduler_job.py:633} INFO - Processing file /home/airflow/sandbox/lib/python3.8/site-packages/airflow/example_dags/example_dag_decorator.py for tasks to queue
[2021-07-14 23:54:53,329] {logging_mixin.py:104} INFO - [2021-07-14 23:54:53,328] {dagbag.py:487} INFO - Filling up the DagBag from /home/airflow/sandbox/lib/python3.8/site-packages/airflow/example_dags/example_dag_decorator.py
[2021-07-14 23:54:53,347] {scheduler_job.py:643} INFO - DAG(s) dict_keys(['example_dag_decorator']) retrieved from /home/airflow/sandbox/lib/python3.8/site-packages/airflow/example_dags/example_dag_decorator.py
[2021-07-14 23:54:53,589] {logging_mixin.py:104} INFO - [2021-07-14 23:54:53,589] {dag.py:1832} INFO - Sync 1 DAGs
[2021-07-14 23:54:53,602] {logging_mixin.py:104} INFO - [2021-07-14 23:54:53,602] {dag.py:2305} INFO - Setting next_dagrun for example_dag_decorator to None
[2021-07-14 23:54:53,624] {scheduler_job.py:190} INFO - Processing /home/airflow/sandbox/lib/python3.8/site-packages/airflow/example_dags/example_dag_decorator.py took 0.301 seconds
[2021-07-14 23:56:07,164] {scheduler_job.py:182} INFO - Started process (PID=2262) to work on /home/airflow/sandbox/lib/python3.8/site-packages/airflow/example_dags/example_dag_decorator.py
[2021-07-14 23:56:07,166] {scheduler_job.py:633} INFO - Processing file /home/airflow/sandbox/lib/python3.8/site-packages/airflow/example_dags/example_dag_decorator.py for tasks to queue
[2021-07-14 23:56:07,166] {logging_mixin.py:104} INFO - [2021-07-14 23:56:07,166] {dagbag.py:487} INFO - Filling up the DagBag from /home/airflow/sandbox/lib/python3.8/site-packages/airflow/example_dags/example_dag_decorator.py
[2021-07-14 23:56:07,182] {scheduler_job.py:643} INFO - DAG(s) dict_keys(['example_dag_decorator']) retrieved from /home/airflow/sandbox/lib/python3.8/site-packages/airflow/example_dags/example_dag_decorator.py
[2021-07-14 23:56:07,378] {logging_mixin.py:104} INFO - [2021-07-14 23:56:07,378] {dag.py:1832} INFO - Sync 1 DAGs
[2021-07-14 23:56:07,386] {logging_mixin.py:104} INFO - [2021-07-14 23:56:07,386] {dag.py:2305} INFO - Setting next_dagrun for example_dag_decorator to None
[2021-07-14 23:56:07,407] {scheduler_job.py:190} INFO - Processing /home/airflow/sandbox/lib/python3.8/site-packages/airflow/example_dags/example_dag_decorator.py took 0.245 seconds
[2021-07-14 23:56:41,111] {scheduler_job.py:182} INFO - Started process (PID=2293) to work on /home/airflow/sandbox/lib/python3.8/site-packages/airflow/example_dags/example_dag_decorator.py
[2021-07-14 23:56:41,112] {scheduler_job.py:633} INFO - Processing file /home/airflow/sandbox/lib/python3.8/site-packages/airflow/example_dags/example_dag_decorator.py for tasks to queue
[2021-07-14 23:56:41,112] {logging_mixin.py:104} INFO - [2021-07-14 23:56:41,112] {dagbag.py:487} INFO - Filling up the DagBag from /home/airflow/sandbox/lib/python3.8/site-packages/airflow/example_dags/example_dag_decorator.py
[2021-07-14 23:56:41,129] {scheduler_job.py:643} INFO - DAG(s) dict_keys(['example_dag_decorator']) retrieved from /home/airflow/sandbox/lib/python3.8/site-packages/airflow/example_dags/example_dag_decorator.py
[2021-07-14 23:56:41,345] {logging_mixin.py:104} INFO - [2021-07-14 23:56:41,344] {dag.py:1832} INFO - Sync 1 DAGs
[2021-07-14 23:56:41,363] {logging_mixin.py:104} INFO - [2021-07-14 23:56:41,362] {dag.py:2305} INFO - Setting next_dagrun for example_dag_decorator to None
[2021-07-14 23:56:41,382] {scheduler_job.py:190} INFO - Processing /home/airflow/sandbox/lib/python3.8/site-packages/airflow/example_dags/example_dag_decorator.py took 0.274 seconds
[2021-07-14 23:57:13,624] {scheduler_job.py:182} INFO - Started process (PID=2325) to work on /home/airflow/sandbox/lib/python3.8/site-packages/airflow/example_dags/example_dag_decorator.py
[2021-07-14 23:57:13,625] {scheduler_job.py:633} INFO - Processing file /home/airflow/sandbox/lib/python3.8/site-packages/airflow/example_dags/example_dag_decorator.py for tasks to queue
[2021-07-14 23:57:13,626] {logging_mixin.py:104} INFO - [2021-07-14 23:57:13,625] {dagbag.py:487} INFO - Filling up the DagBag from /home/airflow/sandbox/lib/python3.8/site-packages/airflow/example_dags/example_dag_decorator.py
[2021-07-14 23:57:13,641] {scheduler_job.py:643} INFO - DAG(s) dict_keys(['example_dag_decorator']) retrieved from /home/airflow/sandbox/lib/python3.8/site-packages/airflow/example_dags/example_dag_decorator.py
[2021-07-14 23:57:13,865] {logging_mixin.py:104} INFO - [2021-07-14 23:57:13,865] {dag.py:1832} INFO - Sync 1 DAGs
[2021-07-14 23:57:13,875] {logging_mixin.py:104} INFO - [2021-07-14 23:57:13,875] {dag.py:2305} INFO - Setting next_dagrun for example_dag_decorator to None
[2021-07-14 23:57:13,896] {scheduler_job.py:190} INFO - Processing /home/airflow/sandbox/lib/python3.8/site-packages/airflow/example_dags/example_dag_decorator.py took 0.275 seconds
[2021-07-14 23:57:47,737] {scheduler_job.py:182} INFO - Started process (PID=2357) to work on /home/airflow/sandbox/lib/python3.8/site-packages/airflow/example_dags/example_dag_decorator.py
[2021-07-14 23:57:47,738] {scheduler_job.py:633} INFO - Processing file /home/airflow/sandbox/lib/python3.8/site-packages/airflow/example_dags/example_dag_decorator.py for tasks to queue
[2021-07-14 23:57:47,739] {logging_mixin.py:104} INFO - [2021-07-14 23:57:47,739] {dagbag.py:487} INFO - Filling up the DagBag from /home/airflow/sandbox/lib/python3.8/site-packages/airflow/example_dags/example_dag_decorator.py
[2021-07-14 23:57:47,758] {scheduler_job.py:643} INFO - DAG(s) dict_keys(['example_dag_decorator']) retrieved from /home/airflow/sandbox/lib/python3.8/site-packages/airflow/example_dags/example_dag_decorator.py
[2021-07-14 23:57:48,013] {logging_mixin.py:104} INFO - [2021-07-14 23:57:48,013] {dag.py:1832} INFO - Sync 1 DAGs
[2021-07-14 23:57:48,025] {logging_mixin.py:104} INFO - [2021-07-14 23:57:48,025] {dag.py:2305} INFO - Setting next_dagrun for example_dag_decorator to None
[2021-07-14 23:57:48,049] {scheduler_job.py:190} INFO - Processing /home/airflow/sandbox/lib/python3.8/site-packages/airflow/example_dags/example_dag_decorator.py took 0.315 seconds
[2021-07-14 23:58:20,192] {scheduler_job.py:182} INFO - Started process (PID=2388) to work on /home/airflow/sandbox/lib/python3.8/site-packages/airflow/example_dags/example_dag_decorator.py
[2021-07-14 23:58:20,193] {scheduler_job.py:633} INFO - Processing file /home/airflow/sandbox/lib/python3.8/site-packages/airflow/example_dags/example_dag_decorator.py for tasks to queue
[2021-07-14 23:58:20,194] {logging_mixin.py:104} INFO - [2021-07-14 23:58:20,194] {dagbag.py:487} INFO - Filling up the DagBag from /home/airflow/sandbox/lib/python3.8/site-packages/airflow/example_dags/example_dag_decorator.py
[2021-07-14 23:58:20,211] {scheduler_job.py:643} INFO - DAG(s) dict_keys(['example_dag_decorator']) retrieved from /home/airflow/sandbox/lib/python3.8/site-packages/airflow/example_dags/example_dag_decorator.py
[2021-07-14 23:58:20,436] {logging_mixin.py:104} INFO - [2021-07-14 23:58:20,436] {dag.py:1832} INFO - Sync 1 DAGs
[2021-07-14 23:58:20,447] {logging_mixin.py:104} INFO - [2021-07-14 23:58:20,447] {dag.py:2305} INFO - Setting next_dagrun for example_dag_decorator to None
[2021-07-14 23:58:20,468] {scheduler_job.py:190} INFO - Processing /home/airflow/sandbox/lib/python3.8/site-packages/airflow/example_dags/example_dag_decorator.py took 0.278 seconds
[2021-07-14 23:58:51,258] {scheduler_job.py:182} INFO - Started process (PID=2419) to work on /home/airflow/sandbox/lib/python3.8/site-packages/airflow/example_dags/example_dag_decorator.py
[2021-07-14 23:58:51,259] {scheduler_job.py:633} INFO - Processing file /home/airflow/sandbox/lib/python3.8/site-packages/airflow/example_dags/example_dag_decorator.py for tasks to queue
[2021-07-14 23:58:51,260] {logging_mixin.py:104} INFO - [2021-07-14 23:58:51,260] {dagbag.py:487} INFO - Filling up the DagBag from /home/airflow/sandbox/lib/python3.8/site-packages/airflow/example_dags/example_dag_decorator.py
[2021-07-14 23:58:51,273] {scheduler_job.py:643} INFO - DAG(s) dict_keys(['example_dag_decorator']) retrieved from /home/airflow/sandbox/lib/python3.8/site-packages/airflow/example_dags/example_dag_decorator.py
[2021-07-14 23:58:51,437] {logging_mixin.py:104} INFO - [2021-07-14 23:58:51,437] {dag.py:1832} INFO - Sync 1 DAGs
[2021-07-14 23:58:51,446] {logging_mixin.py:104} INFO - [2021-07-14 23:58:51,445] {dag.py:2305} INFO - Setting next_dagrun for example_dag_decorator to None
[2021-07-14 23:58:51,456] {scheduler_job.py:190} INFO - Processing /home/airflow/sandbox/lib/python3.8/site-packages/airflow/example_dags/example_dag_decorator.py took 0.200 seconds
[2021-07-14 23:59:22,102] {scheduler_job.py:182} INFO - Started process (PID=2450) to work on /home/airflow/sandbox/lib/python3.8/site-packages/airflow/example_dags/example_dag_decorator.py
[2021-07-14 23:59:22,103] {scheduler_job.py:633} INFO - Processing file /home/airflow/sandbox/lib/python3.8/site-packages/airflow/example_dags/example_dag_decorator.py for tasks to queue
[2021-07-14 23:59:22,103] {logging_mixin.py:104} INFO - [2021-07-14 23:59:22,103] {dagbag.py:487} INFO - Filling up the DagBag from /home/airflow/sandbox/lib/python3.8/site-packages/airflow/example_dags/example_dag_decorator.py
[2021-07-14 23:59:22,117] {scheduler_job.py:643} INFO - DAG(s) dict_keys(['example_dag_decorator']) retrieved from /home/airflow/sandbox/lib/python3.8/site-packages/airflow/example_dags/example_dag_decorator.py
[2021-07-14 23:59:22,280] {logging_mixin.py:104} INFO - [2021-07-14 23:59:22,280] {dag.py:1832} INFO - Sync 1 DAGs
[2021-07-14 23:59:22,287] {logging_mixin.py:104} INFO - [2021-07-14 23:59:22,287] {dag.py:2305} INFO - Setting next_dagrun for example_dag_decorator to None
[2021-07-14 23:59:22,304] {scheduler_job.py:190} INFO - Processing /home/airflow/sandbox/lib/python3.8/site-packages/airflow/example_dags/example_dag_decorator.py took 0.204 seconds
[2021-07-14 23:59:55,624] {scheduler_job.py:182} INFO - Started process (PID=2485) to work on /home/airflow/sandbox/lib/python3.8/site-packages/airflow/example_dags/example_dag_decorator.py
[2021-07-14 23:59:55,625] {scheduler_job.py:633} INFO - Processing file /home/airflow/sandbox/lib/python3.8/site-packages/airflow/example_dags/example_dag_decorator.py for tasks to queue
[2021-07-14 23:59:55,625] {logging_mixin.py:104} INFO - [2021-07-14 23:59:55,625] {dagbag.py:487} INFO - Filling up the DagBag from /home/airflow/sandbox/lib/python3.8/site-packages/airflow/example_dags/example_dag_decorator.py
[2021-07-14 23:59:55,638] {scheduler_job.py:643} INFO - DAG(s) dict_keys(['example_dag_decorator']) retrieved from /home/airflow/sandbox/lib/python3.8/site-packages/airflow/example_dags/example_dag_decorator.py
[2021-07-14 23:59:55,807] {logging_mixin.py:104} INFO - [2021-07-14 23:59:55,807] {dag.py:1832} INFO - Sync 1 DAGs
[2021-07-14 23:59:55,814] {logging_mixin.py:104} INFO - [2021-07-14 23:59:55,814] {dag.py:2305} INFO - Setting next_dagrun for example_dag_decorator to None
[2021-07-14 23:59:55,831] {scheduler_job.py:190} INFO - Processing /home/airflow/sandbox/lib/python3.8/site-packages/airflow/example_dags/example_dag_decorator.py took 0.209 seconds
