[2021-07-14 23:03:10,678] {scheduler_job.py:182} INFO - Started process (PID=1596) to work on /home/airflow/sandbox/lib/python3.8/site-packages/airflow/example_dags/example_kubernetes_executor_config.py
[2021-07-14 23:03:10,679] {scheduler_job.py:633} INFO - Processing file /home/airflow/sandbox/lib/python3.8/site-packages/airflow/example_dags/example_kubernetes_executor_config.py for tasks to queue
[2021-07-14 23:03:10,680] {logging_mixin.py:104} INFO - [2021-07-14 23:03:10,680] {dagbag.py:487} INFO - Filling up the DagBag from /home/airflow/sandbox/lib/python3.8/site-packages/airflow/example_dags/example_kubernetes_executor_config.py
[2021-07-14 23:03:10,686] {logging_mixin.py:104} INFO - [2021-07-14 23:03:10,686] {example_kubernetes_executor_config.py:175} WARNING - Could not import DAGs in example_kubernetes_executor_config.py: No module named 'kubernetes'
[2021-07-14 23:03:10,686] {logging_mixin.py:104} INFO - [2021-07-14 23:03:10,686] {example_kubernetes_executor_config.py:176} WARNING - Install kubernetes dependencies with: pip install apache-airflow['cncf.kubernetes']
[2021-07-14 23:03:10,686] {scheduler_job.py:645} WARNING - No viable dags retrieved from /home/airflow/sandbox/lib/python3.8/site-packages/airflow/example_dags/example_kubernetes_executor_config.py
[2021-07-14 23:03:10,696] {scheduler_job.py:190} INFO - Processing /home/airflow/sandbox/lib/python3.8/site-packages/airflow/example_dags/example_kubernetes_executor_config.py took 0.020 seconds
[2021-07-14 23:03:50,573] {scheduler_job.py:182} INFO - Started process (PID=1643) to work on /home/airflow/sandbox/lib/python3.8/site-packages/airflow/example_dags/example_kubernetes_executor_config.py
[2021-07-14 23:03:50,574] {scheduler_job.py:633} INFO - Processing file /home/airflow/sandbox/lib/python3.8/site-packages/airflow/example_dags/example_kubernetes_executor_config.py for tasks to queue
[2021-07-14 23:03:50,574] {logging_mixin.py:104} INFO - [2021-07-14 23:03:50,574] {dagbag.py:487} INFO - Filling up the DagBag from /home/airflow/sandbox/lib/python3.8/site-packages/airflow/example_dags/example_kubernetes_executor_config.py
[2021-07-14 23:03:50,585] {logging_mixin.py:104} INFO - [2021-07-14 23:03:50,585] {example_kubernetes_executor_config.py:175} WARNING - Could not import DAGs in example_kubernetes_executor_config.py: No module named 'kubernetes'
[2021-07-14 23:03:50,585] {logging_mixin.py:104} INFO - [2021-07-14 23:03:50,585] {example_kubernetes_executor_config.py:176} WARNING - Install kubernetes dependencies with: pip install apache-airflow['cncf.kubernetes']
[2021-07-14 23:03:50,585] {scheduler_job.py:645} WARNING - No viable dags retrieved from /home/airflow/sandbox/lib/python3.8/site-packages/airflow/example_dags/example_kubernetes_executor_config.py
[2021-07-14 23:03:50,590] {scheduler_job.py:190} INFO - Processing /home/airflow/sandbox/lib/python3.8/site-packages/airflow/example_dags/example_kubernetes_executor_config.py took 0.020 seconds
[2021-07-14 23:04:37,633] {scheduler_job.py:182} INFO - Started process (PID=1707) to work on /home/airflow/sandbox/lib/python3.8/site-packages/airflow/example_dags/example_kubernetes_executor_config.py
[2021-07-14 23:04:37,640] {scheduler_job.py:633} INFO - Processing file /home/airflow/sandbox/lib/python3.8/site-packages/airflow/example_dags/example_kubernetes_executor_config.py for tasks to queue
[2021-07-14 23:04:37,642] {logging_mixin.py:104} INFO - [2021-07-14 23:04:37,641] {dagbag.py:487} INFO - Filling up the DagBag from /home/airflow/sandbox/lib/python3.8/site-packages/airflow/example_dags/example_kubernetes_executor_config.py
[2021-07-14 23:04:37,699] {logging_mixin.py:104} INFO - [2021-07-14 23:04:37,699] {example_kubernetes_executor_config.py:175} WARNING - Could not import DAGs in example_kubernetes_executor_config.py: No module named 'kubernetes'
[2021-07-14 23:04:37,699] {logging_mixin.py:104} INFO - [2021-07-14 23:04:37,699] {example_kubernetes_executor_config.py:176} WARNING - Install kubernetes dependencies with: pip install apache-airflow['cncf.kubernetes']
[2021-07-14 23:04:37,700] {scheduler_job.py:645} WARNING - No viable dags retrieved from /home/airflow/sandbox/lib/python3.8/site-packages/airflow/example_dags/example_kubernetes_executor_config.py
[2021-07-14 23:04:37,740] {scheduler_job.py:190} INFO - Processing /home/airflow/sandbox/lib/python3.8/site-packages/airflow/example_dags/example_kubernetes_executor_config.py took 0.119 seconds
[2021-07-14 23:04:51,302] {scheduler_job.py:182} INFO - Started process (PID=1728) to work on /home/airflow/sandbox/lib/python3.8/site-packages/airflow/example_dags/example_kubernetes_executor_config.py
[2021-07-14 23:04:51,306] {scheduler_job.py:633} INFO - Processing file /home/airflow/sandbox/lib/python3.8/site-packages/airflow/example_dags/example_kubernetes_executor_config.py for tasks to queue
[2021-07-14 23:04:51,308] {logging_mixin.py:104} INFO - [2021-07-14 23:04:51,308] {dagbag.py:487} INFO - Filling up the DagBag from /home/airflow/sandbox/lib/python3.8/site-packages/airflow/example_dags/example_kubernetes_executor_config.py
[2021-07-14 23:04:51,330] {logging_mixin.py:104} INFO - [2021-07-14 23:04:51,330] {example_kubernetes_executor_config.py:175} WARNING - Could not import DAGs in example_kubernetes_executor_config.py: No module named 'kubernetes'
[2021-07-14 23:04:51,331] {logging_mixin.py:104} INFO - [2021-07-14 23:04:51,331] {example_kubernetes_executor_config.py:176} WARNING - Install kubernetes dependencies with: pip install apache-airflow['cncf.kubernetes']
[2021-07-14 23:04:51,332] {scheduler_job.py:645} WARNING - No viable dags retrieved from /home/airflow/sandbox/lib/python3.8/site-packages/airflow/example_dags/example_kubernetes_executor_config.py
[2021-07-14 23:04:51,363] {scheduler_job.py:190} INFO - Processing /home/airflow/sandbox/lib/python3.8/site-packages/airflow/example_dags/example_kubernetes_executor_config.py took 0.073 seconds
[2021-07-14 23:05:28,371] {scheduler_job.py:182} INFO - Started process (PID=1780) to work on /home/airflow/sandbox/lib/python3.8/site-packages/airflow/example_dags/example_kubernetes_executor_config.py
[2021-07-14 23:05:28,372] {scheduler_job.py:633} INFO - Processing file /home/airflow/sandbox/lib/python3.8/site-packages/airflow/example_dags/example_kubernetes_executor_config.py for tasks to queue
[2021-07-14 23:05:28,373] {logging_mixin.py:104} INFO - [2021-07-14 23:05:28,373] {dagbag.py:487} INFO - Filling up the DagBag from /home/airflow/sandbox/lib/python3.8/site-packages/airflow/example_dags/example_kubernetes_executor_config.py
[2021-07-14 23:05:28,382] {logging_mixin.py:104} INFO - [2021-07-14 23:05:28,382] {example_kubernetes_executor_config.py:175} WARNING - Could not import DAGs in example_kubernetes_executor_config.py: No module named 'kubernetes'
[2021-07-14 23:05:28,382] {logging_mixin.py:104} INFO - [2021-07-14 23:05:28,382] {example_kubernetes_executor_config.py:176} WARNING - Install kubernetes dependencies with: pip install apache-airflow['cncf.kubernetes']
[2021-07-14 23:05:28,383] {scheduler_job.py:645} WARNING - No viable dags retrieved from /home/airflow/sandbox/lib/python3.8/site-packages/airflow/example_dags/example_kubernetes_executor_config.py
[2021-07-14 23:05:28,395] {scheduler_job.py:190} INFO - Processing /home/airflow/sandbox/lib/python3.8/site-packages/airflow/example_dags/example_kubernetes_executor_config.py took 0.030 seconds
[2021-07-14 23:05:34,523] {scheduler_job.py:182} INFO - Started process (PID=1790) to work on /home/airflow/sandbox/lib/python3.8/site-packages/airflow/example_dags/example_kubernetes_executor_config.py
[2021-07-14 23:05:34,524] {scheduler_job.py:633} INFO - Processing file /home/airflow/sandbox/lib/python3.8/site-packages/airflow/example_dags/example_kubernetes_executor_config.py for tasks to queue
[2021-07-14 23:05:34,524] {logging_mixin.py:104} INFO - [2021-07-14 23:05:34,524] {dagbag.py:487} INFO - Filling up the DagBag from /home/airflow/sandbox/lib/python3.8/site-packages/airflow/example_dags/example_kubernetes_executor_config.py
[2021-07-14 23:05:34,533] {logging_mixin.py:104} INFO - [2021-07-14 23:05:34,533] {example_kubernetes_executor_config.py:175} WARNING - Could not import DAGs in example_kubernetes_executor_config.py: No module named 'kubernetes'
[2021-07-14 23:05:34,534] {logging_mixin.py:104} INFO - [2021-07-14 23:05:34,534] {example_kubernetes_executor_config.py:176} WARNING - Install kubernetes dependencies with: pip install apache-airflow['cncf.kubernetes']
[2021-07-14 23:05:34,534] {scheduler_job.py:645} WARNING - No viable dags retrieved from /home/airflow/sandbox/lib/python3.8/site-packages/airflow/example_dags/example_kubernetes_executor_config.py
[2021-07-14 23:05:34,545] {scheduler_job.py:190} INFO - Processing /home/airflow/sandbox/lib/python3.8/site-packages/airflow/example_dags/example_kubernetes_executor_config.py took 0.029 seconds
[2021-07-14 23:06:03,987] {scheduler_job.py:182} INFO - Started process (PID=1844) to work on /home/airflow/sandbox/lib/python3.8/site-packages/airflow/example_dags/example_kubernetes_executor_config.py
[2021-07-14 23:06:03,988] {scheduler_job.py:633} INFO - Processing file /home/airflow/sandbox/lib/python3.8/site-packages/airflow/example_dags/example_kubernetes_executor_config.py for tasks to queue
[2021-07-14 23:06:03,989] {logging_mixin.py:104} INFO - [2021-07-14 23:06:03,989] {dagbag.py:487} INFO - Filling up the DagBag from /home/airflow/sandbox/lib/python3.8/site-packages/airflow/example_dags/example_kubernetes_executor_config.py
[2021-07-14 23:06:03,993] {logging_mixin.py:104} INFO - [2021-07-14 23:06:03,993] {example_kubernetes_executor_config.py:175} WARNING - Could not import DAGs in example_kubernetes_executor_config.py: No module named 'kubernetes'
[2021-07-14 23:06:03,994] {logging_mixin.py:104} INFO - [2021-07-14 23:06:03,993] {example_kubernetes_executor_config.py:176} WARNING - Install kubernetes dependencies with: pip install apache-airflow['cncf.kubernetes']
[2021-07-14 23:06:03,994] {scheduler_job.py:645} WARNING - No viable dags retrieved from /home/airflow/sandbox/lib/python3.8/site-packages/airflow/example_dags/example_kubernetes_executor_config.py
[2021-07-14 23:06:04,001] {scheduler_job.py:190} INFO - Processing /home/airflow/sandbox/lib/python3.8/site-packages/airflow/example_dags/example_kubernetes_executor_config.py took 0.016 seconds
[2021-07-14 23:06:07,384] {scheduler_job.py:182} INFO - Started process (PID=1851) to work on /home/airflow/sandbox/lib/python3.8/site-packages/airflow/example_dags/example_kubernetes_executor_config.py
[2021-07-14 23:06:07,385] {scheduler_job.py:633} INFO - Processing file /home/airflow/sandbox/lib/python3.8/site-packages/airflow/example_dags/example_kubernetes_executor_config.py for tasks to queue
[2021-07-14 23:06:07,386] {logging_mixin.py:104} INFO - [2021-07-14 23:06:07,386] {dagbag.py:487} INFO - Filling up the DagBag from /home/airflow/sandbox/lib/python3.8/site-packages/airflow/example_dags/example_kubernetes_executor_config.py
[2021-07-14 23:06:07,395] {logging_mixin.py:104} INFO - [2021-07-14 23:06:07,395] {example_kubernetes_executor_config.py:175} WARNING - Could not import DAGs in example_kubernetes_executor_config.py: No module named 'kubernetes'
[2021-07-14 23:06:07,395] {logging_mixin.py:104} INFO - [2021-07-14 23:06:07,395] {example_kubernetes_executor_config.py:176} WARNING - Install kubernetes dependencies with: pip install apache-airflow['cncf.kubernetes']
[2021-07-14 23:06:07,395] {scheduler_job.py:645} WARNING - No viable dags retrieved from /home/airflow/sandbox/lib/python3.8/site-packages/airflow/example_dags/example_kubernetes_executor_config.py
[2021-07-14 23:06:07,402] {scheduler_job.py:190} INFO - Processing /home/airflow/sandbox/lib/python3.8/site-packages/airflow/example_dags/example_kubernetes_executor_config.py took 0.020 seconds
[2021-07-14 23:06:40,783] {scheduler_job.py:182} INFO - Started process (PID=1911) to work on /home/airflow/sandbox/lib/python3.8/site-packages/airflow/example_dags/example_kubernetes_executor_config.py
[2021-07-14 23:06:40,784] {scheduler_job.py:633} INFO - Processing file /home/airflow/sandbox/lib/python3.8/site-packages/airflow/example_dags/example_kubernetes_executor_config.py for tasks to queue
[2021-07-14 23:06:40,785] {logging_mixin.py:104} INFO - [2021-07-14 23:06:40,785] {dagbag.py:487} INFO - Filling up the DagBag from /home/airflow/sandbox/lib/python3.8/site-packages/airflow/example_dags/example_kubernetes_executor_config.py
[2021-07-14 23:06:40,791] {logging_mixin.py:104} INFO - [2021-07-14 23:06:40,790] {example_kubernetes_executor_config.py:175} WARNING - Could not import DAGs in example_kubernetes_executor_config.py: No module named 'kubernetes'
[2021-07-14 23:06:40,791] {logging_mixin.py:104} INFO - [2021-07-14 23:06:40,791] {example_kubernetes_executor_config.py:176} WARNING - Install kubernetes dependencies with: pip install apache-airflow['cncf.kubernetes']
[2021-07-14 23:06:40,791] {scheduler_job.py:645} WARNING - No viable dags retrieved from /home/airflow/sandbox/lib/python3.8/site-packages/airflow/example_dags/example_kubernetes_executor_config.py
[2021-07-14 23:06:40,799] {scheduler_job.py:190} INFO - Processing /home/airflow/sandbox/lib/python3.8/site-packages/airflow/example_dags/example_kubernetes_executor_config.py took 0.019 seconds
[2021-07-14 23:06:46,333] {scheduler_job.py:182} INFO - Started process (PID=1921) to work on /home/airflow/sandbox/lib/python3.8/site-packages/airflow/example_dags/example_kubernetes_executor_config.py
[2021-07-14 23:06:46,365] {scheduler_job.py:633} INFO - Processing file /home/airflow/sandbox/lib/python3.8/site-packages/airflow/example_dags/example_kubernetes_executor_config.py for tasks to queue
[2021-07-14 23:06:46,373] {logging_mixin.py:104} INFO - [2021-07-14 23:06:46,371] {dagbag.py:487} INFO - Filling up the DagBag from /home/airflow/sandbox/lib/python3.8/site-packages/airflow/example_dags/example_kubernetes_executor_config.py
[2021-07-14 23:06:46,581] {logging_mixin.py:104} INFO - [2021-07-14 23:06:46,580] {example_kubernetes_executor_config.py:175} WARNING - Could not import DAGs in example_kubernetes_executor_config.py: No module named 'kubernetes'
[2021-07-14 23:06:46,582] {logging_mixin.py:104} INFO - [2021-07-14 23:06:46,582] {example_kubernetes_executor_config.py:176} WARNING - Install kubernetes dependencies with: pip install apache-airflow['cncf.kubernetes']
[2021-07-14 23:06:46,589] {scheduler_job.py:645} WARNING - No viable dags retrieved from /home/airflow/sandbox/lib/python3.8/site-packages/airflow/example_dags/example_kubernetes_executor_config.py
[2021-07-14 23:06:46,726] {scheduler_job.py:190} INFO - Processing /home/airflow/sandbox/lib/python3.8/site-packages/airflow/example_dags/example_kubernetes_executor_config.py took 0.457 seconds
[2021-07-14 23:07:21,784] {scheduler_job.py:182} INFO - Started process (PID=1978) to work on /home/airflow/sandbox/lib/python3.8/site-packages/airflow/example_dags/example_kubernetes_executor_config.py
[2021-07-14 23:07:21,786] {scheduler_job.py:633} INFO - Processing file /home/airflow/sandbox/lib/python3.8/site-packages/airflow/example_dags/example_kubernetes_executor_config.py for tasks to queue
[2021-07-14 23:07:21,786] {logging_mixin.py:104} INFO - [2021-07-14 23:07:21,786] {dagbag.py:487} INFO - Filling up the DagBag from /home/airflow/sandbox/lib/python3.8/site-packages/airflow/example_dags/example_kubernetes_executor_config.py
[2021-07-14 23:07:21,791] {logging_mixin.py:104} INFO - [2021-07-14 23:07:21,791] {example_kubernetes_executor_config.py:175} WARNING - Could not import DAGs in example_kubernetes_executor_config.py: No module named 'kubernetes'
[2021-07-14 23:07:21,791] {logging_mixin.py:104} INFO - [2021-07-14 23:07:21,791] {example_kubernetes_executor_config.py:176} WARNING - Install kubernetes dependencies with: pip install apache-airflow['cncf.kubernetes']
[2021-07-14 23:07:21,792] {scheduler_job.py:645} WARNING - No viable dags retrieved from /home/airflow/sandbox/lib/python3.8/site-packages/airflow/example_dags/example_kubernetes_executor_config.py
[2021-07-14 23:07:21,799] {scheduler_job.py:190} INFO - Processing /home/airflow/sandbox/lib/python3.8/site-packages/airflow/example_dags/example_kubernetes_executor_config.py took 0.018 seconds
[2021-07-14 23:07:24,885] {scheduler_job.py:182} INFO - Started process (PID=1983) to work on /home/airflow/sandbox/lib/python3.8/site-packages/airflow/example_dags/example_kubernetes_executor_config.py
[2021-07-14 23:07:24,886] {scheduler_job.py:633} INFO - Processing file /home/airflow/sandbox/lib/python3.8/site-packages/airflow/example_dags/example_kubernetes_executor_config.py for tasks to queue
[2021-07-14 23:07:24,887] {logging_mixin.py:104} INFO - [2021-07-14 23:07:24,887] {dagbag.py:487} INFO - Filling up the DagBag from /home/airflow/sandbox/lib/python3.8/site-packages/airflow/example_dags/example_kubernetes_executor_config.py
[2021-07-14 23:07:24,891] {logging_mixin.py:104} INFO - [2021-07-14 23:07:24,891] {example_kubernetes_executor_config.py:175} WARNING - Could not import DAGs in example_kubernetes_executor_config.py: No module named 'kubernetes'
[2021-07-14 23:07:24,891] {logging_mixin.py:104} INFO - [2021-07-14 23:07:24,891] {example_kubernetes_executor_config.py:176} WARNING - Install kubernetes dependencies with: pip install apache-airflow['cncf.kubernetes']
[2021-07-14 23:07:24,891] {scheduler_job.py:645} WARNING - No viable dags retrieved from /home/airflow/sandbox/lib/python3.8/site-packages/airflow/example_dags/example_kubernetes_executor_config.py
[2021-07-14 23:07:24,897] {scheduler_job.py:190} INFO - Processing /home/airflow/sandbox/lib/python3.8/site-packages/airflow/example_dags/example_kubernetes_executor_config.py took 0.014 seconds
[2021-07-14 23:07:53,333] {scheduler_job.py:182} INFO - Started process (PID=2042) to work on /home/airflow/sandbox/lib/python3.8/site-packages/airflow/example_dags/example_kubernetes_executor_config.py
[2021-07-14 23:07:53,335] {scheduler_job.py:633} INFO - Processing file /home/airflow/sandbox/lib/python3.8/site-packages/airflow/example_dags/example_kubernetes_executor_config.py for tasks to queue
[2021-07-14 23:07:53,335] {logging_mixin.py:104} INFO - [2021-07-14 23:07:53,335] {dagbag.py:487} INFO - Filling up the DagBag from /home/airflow/sandbox/lib/python3.8/site-packages/airflow/example_dags/example_kubernetes_executor_config.py
[2021-07-14 23:07:53,340] {logging_mixin.py:104} INFO - [2021-07-14 23:07:53,340] {example_kubernetes_executor_config.py:175} WARNING - Could not import DAGs in example_kubernetes_executor_config.py: No module named 'kubernetes'
[2021-07-14 23:07:53,340] {logging_mixin.py:104} INFO - [2021-07-14 23:07:53,340] {example_kubernetes_executor_config.py:176} WARNING - Install kubernetes dependencies with: pip install apache-airflow['cncf.kubernetes']
[2021-07-14 23:07:53,340] {scheduler_job.py:645} WARNING - No viable dags retrieved from /home/airflow/sandbox/lib/python3.8/site-packages/airflow/example_dags/example_kubernetes_executor_config.py
[2021-07-14 23:07:53,347] {scheduler_job.py:190} INFO - Processing /home/airflow/sandbox/lib/python3.8/site-packages/airflow/example_dags/example_kubernetes_executor_config.py took 0.019 seconds
[2021-07-14 23:07:56,802] {scheduler_job.py:182} INFO - Started process (PID=2048) to work on /home/airflow/sandbox/lib/python3.8/site-packages/airflow/example_dags/example_kubernetes_executor_config.py
[2021-07-14 23:07:56,803] {scheduler_job.py:633} INFO - Processing file /home/airflow/sandbox/lib/python3.8/site-packages/airflow/example_dags/example_kubernetes_executor_config.py for tasks to queue
[2021-07-14 23:07:56,804] {logging_mixin.py:104} INFO - [2021-07-14 23:07:56,804] {dagbag.py:487} INFO - Filling up the DagBag from /home/airflow/sandbox/lib/python3.8/site-packages/airflow/example_dags/example_kubernetes_executor_config.py
[2021-07-14 23:07:56,808] {logging_mixin.py:104} INFO - [2021-07-14 23:07:56,808] {example_kubernetes_executor_config.py:175} WARNING - Could not import DAGs in example_kubernetes_executor_config.py: No module named 'kubernetes'
[2021-07-14 23:07:56,808] {logging_mixin.py:104} INFO - [2021-07-14 23:07:56,808] {example_kubernetes_executor_config.py:176} WARNING - Install kubernetes dependencies with: pip install apache-airflow['cncf.kubernetes']
[2021-07-14 23:07:56,808] {scheduler_job.py:645} WARNING - No viable dags retrieved from /home/airflow/sandbox/lib/python3.8/site-packages/airflow/example_dags/example_kubernetes_executor_config.py
[2021-07-14 23:07:56,814] {scheduler_job.py:190} INFO - Processing /home/airflow/sandbox/lib/python3.8/site-packages/airflow/example_dags/example_kubernetes_executor_config.py took 0.014 seconds
[2021-07-14 23:08:25,757] {scheduler_job.py:182} INFO - Started process (PID=2106) to work on /home/airflow/sandbox/lib/python3.8/site-packages/airflow/example_dags/example_kubernetes_executor_config.py
[2021-07-14 23:08:25,758] {scheduler_job.py:633} INFO - Processing file /home/airflow/sandbox/lib/python3.8/site-packages/airflow/example_dags/example_kubernetes_executor_config.py for tasks to queue
[2021-07-14 23:08:25,758] {logging_mixin.py:104} INFO - [2021-07-14 23:08:25,758] {dagbag.py:487} INFO - Filling up the DagBag from /home/airflow/sandbox/lib/python3.8/site-packages/airflow/example_dags/example_kubernetes_executor_config.py
[2021-07-14 23:08:25,763] {logging_mixin.py:104} INFO - [2021-07-14 23:08:25,763] {example_kubernetes_executor_config.py:175} WARNING - Could not import DAGs in example_kubernetes_executor_config.py: No module named 'kubernetes'
[2021-07-14 23:08:25,763] {logging_mixin.py:104} INFO - [2021-07-14 23:08:25,763] {example_kubernetes_executor_config.py:176} WARNING - Install kubernetes dependencies with: pip install apache-airflow['cncf.kubernetes']
[2021-07-14 23:08:25,763] {scheduler_job.py:645} WARNING - No viable dags retrieved from /home/airflow/sandbox/lib/python3.8/site-packages/airflow/example_dags/example_kubernetes_executor_config.py
[2021-07-14 23:08:25,776] {scheduler_job.py:190} INFO - Processing /home/airflow/sandbox/lib/python3.8/site-packages/airflow/example_dags/example_kubernetes_executor_config.py took 0.025 seconds
[2021-07-14 23:08:28,005] {scheduler_job.py:182} INFO - Started process (PID=2109) to work on /home/airflow/sandbox/lib/python3.8/site-packages/airflow/example_dags/example_kubernetes_executor_config.py
[2021-07-14 23:08:28,005] {scheduler_job.py:633} INFO - Processing file /home/airflow/sandbox/lib/python3.8/site-packages/airflow/example_dags/example_kubernetes_executor_config.py for tasks to queue
[2021-07-14 23:08:28,006] {logging_mixin.py:104} INFO - [2021-07-14 23:08:28,006] {dagbag.py:487} INFO - Filling up the DagBag from /home/airflow/sandbox/lib/python3.8/site-packages/airflow/example_dags/example_kubernetes_executor_config.py
[2021-07-14 23:08:28,011] {logging_mixin.py:104} INFO - [2021-07-14 23:08:28,011] {example_kubernetes_executor_config.py:175} WARNING - Could not import DAGs in example_kubernetes_executor_config.py: No module named 'kubernetes'
[2021-07-14 23:08:28,011] {logging_mixin.py:104} INFO - [2021-07-14 23:08:28,011] {example_kubernetes_executor_config.py:176} WARNING - Install kubernetes dependencies with: pip install apache-airflow['cncf.kubernetes']
[2021-07-14 23:08:28,011] {scheduler_job.py:645} WARNING - No viable dags retrieved from /home/airflow/sandbox/lib/python3.8/site-packages/airflow/example_dags/example_kubernetes_executor_config.py
[2021-07-14 23:08:28,017] {scheduler_job.py:190} INFO - Processing /home/airflow/sandbox/lib/python3.8/site-packages/airflow/example_dags/example_kubernetes_executor_config.py took 0.014 seconds
[2021-07-14 23:08:59,001] {scheduler_job.py:182} INFO - Started process (PID=2168) to work on /home/airflow/sandbox/lib/python3.8/site-packages/airflow/example_dags/example_kubernetes_executor_config.py
[2021-07-14 23:08:59,002] {scheduler_job.py:633} INFO - Processing file /home/airflow/sandbox/lib/python3.8/site-packages/airflow/example_dags/example_kubernetes_executor_config.py for tasks to queue
[2021-07-14 23:08:59,002] {logging_mixin.py:104} INFO - [2021-07-14 23:08:59,002] {dagbag.py:487} INFO - Filling up the DagBag from /home/airflow/sandbox/lib/python3.8/site-packages/airflow/example_dags/example_kubernetes_executor_config.py
[2021-07-14 23:08:59,007] {logging_mixin.py:104} INFO - [2021-07-14 23:08:59,007] {example_kubernetes_executor_config.py:175} WARNING - Could not import DAGs in example_kubernetes_executor_config.py: No module named 'kubernetes'
[2021-07-14 23:08:59,007] {logging_mixin.py:104} INFO - [2021-07-14 23:08:59,007] {example_kubernetes_executor_config.py:176} WARNING - Install kubernetes dependencies with: pip install apache-airflow['cncf.kubernetes']
[2021-07-14 23:08:59,007] {scheduler_job.py:645} WARNING - No viable dags retrieved from /home/airflow/sandbox/lib/python3.8/site-packages/airflow/example_dags/example_kubernetes_executor_config.py
[2021-07-14 23:08:59,012] {scheduler_job.py:190} INFO - Processing /home/airflow/sandbox/lib/python3.8/site-packages/airflow/example_dags/example_kubernetes_executor_config.py took 0.015 seconds
[2021-07-14 23:09:02,155] {scheduler_job.py:182} INFO - Started process (PID=2175) to work on /home/airflow/sandbox/lib/python3.8/site-packages/airflow/example_dags/example_kubernetes_executor_config.py
[2021-07-14 23:09:02,156] {scheduler_job.py:633} INFO - Processing file /home/airflow/sandbox/lib/python3.8/site-packages/airflow/example_dags/example_kubernetes_executor_config.py for tasks to queue
[2021-07-14 23:09:02,157] {logging_mixin.py:104} INFO - [2021-07-14 23:09:02,157] {dagbag.py:487} INFO - Filling up the DagBag from /home/airflow/sandbox/lib/python3.8/site-packages/airflow/example_dags/example_kubernetes_executor_config.py
[2021-07-14 23:09:02,162] {logging_mixin.py:104} INFO - [2021-07-14 23:09:02,161] {example_kubernetes_executor_config.py:175} WARNING - Could not import DAGs in example_kubernetes_executor_config.py: No module named 'kubernetes'
[2021-07-14 23:09:02,162] {logging_mixin.py:104} INFO - [2021-07-14 23:09:02,162] {example_kubernetes_executor_config.py:176} WARNING - Install kubernetes dependencies with: pip install apache-airflow['cncf.kubernetes']
[2021-07-14 23:09:02,162] {scheduler_job.py:645} WARNING - No viable dags retrieved from /home/airflow/sandbox/lib/python3.8/site-packages/airflow/example_dags/example_kubernetes_executor_config.py
[2021-07-14 23:09:02,168] {scheduler_job.py:190} INFO - Processing /home/airflow/sandbox/lib/python3.8/site-packages/airflow/example_dags/example_kubernetes_executor_config.py took 0.015 seconds
[2021-07-14 23:09:31,293] {scheduler_job.py:182} INFO - Started process (PID=2232) to work on /home/airflow/sandbox/lib/python3.8/site-packages/airflow/example_dags/example_kubernetes_executor_config.py
[2021-07-14 23:09:31,294] {scheduler_job.py:633} INFO - Processing file /home/airflow/sandbox/lib/python3.8/site-packages/airflow/example_dags/example_kubernetes_executor_config.py for tasks to queue
[2021-07-14 23:09:31,294] {logging_mixin.py:104} INFO - [2021-07-14 23:09:31,294] {dagbag.py:487} INFO - Filling up the DagBag from /home/airflow/sandbox/lib/python3.8/site-packages/airflow/example_dags/example_kubernetes_executor_config.py
[2021-07-14 23:09:31,300] {logging_mixin.py:104} INFO - [2021-07-14 23:09:31,300] {example_kubernetes_executor_config.py:175} WARNING - Could not import DAGs in example_kubernetes_executor_config.py: No module named 'kubernetes'
[2021-07-14 23:09:31,300] {logging_mixin.py:104} INFO - [2021-07-14 23:09:31,300] {example_kubernetes_executor_config.py:176} WARNING - Install kubernetes dependencies with: pip install apache-airflow['cncf.kubernetes']
[2021-07-14 23:09:31,301] {scheduler_job.py:645} WARNING - No viable dags retrieved from /home/airflow/sandbox/lib/python3.8/site-packages/airflow/example_dags/example_kubernetes_executor_config.py
[2021-07-14 23:09:31,307] {scheduler_job.py:190} INFO - Processing /home/airflow/sandbox/lib/python3.8/site-packages/airflow/example_dags/example_kubernetes_executor_config.py took 0.017 seconds
[2021-07-14 23:09:33,255] {scheduler_job.py:182} INFO - Started process (PID=2235) to work on /home/airflow/sandbox/lib/python3.8/site-packages/airflow/example_dags/example_kubernetes_executor_config.py
[2021-07-14 23:09:33,257] {scheduler_job.py:633} INFO - Processing file /home/airflow/sandbox/lib/python3.8/site-packages/airflow/example_dags/example_kubernetes_executor_config.py for tasks to queue
[2021-07-14 23:09:33,258] {logging_mixin.py:104} INFO - [2021-07-14 23:09:33,258] {dagbag.py:487} INFO - Filling up the DagBag from /home/airflow/sandbox/lib/python3.8/site-packages/airflow/example_dags/example_kubernetes_executor_config.py
[2021-07-14 23:09:33,265] {logging_mixin.py:104} INFO - [2021-07-14 23:09:33,265] {example_kubernetes_executor_config.py:175} WARNING - Could not import DAGs in example_kubernetes_executor_config.py: No module named 'kubernetes'
[2021-07-14 23:09:33,265] {logging_mixin.py:104} INFO - [2021-07-14 23:09:33,265] {example_kubernetes_executor_config.py:176} WARNING - Install kubernetes dependencies with: pip install apache-airflow['cncf.kubernetes']
[2021-07-14 23:09:33,266] {scheduler_job.py:645} WARNING - No viable dags retrieved from /home/airflow/sandbox/lib/python3.8/site-packages/airflow/example_dags/example_kubernetes_executor_config.py
[2021-07-14 23:09:33,282] {scheduler_job.py:190} INFO - Processing /home/airflow/sandbox/lib/python3.8/site-packages/airflow/example_dags/example_kubernetes_executor_config.py took 0.032 seconds
[2021-07-14 23:10:04,610] {scheduler_job.py:182} INFO - Started process (PID=2297) to work on /home/airflow/sandbox/lib/python3.8/site-packages/airflow/example_dags/example_kubernetes_executor_config.py
[2021-07-14 23:10:04,611] {scheduler_job.py:633} INFO - Processing file /home/airflow/sandbox/lib/python3.8/site-packages/airflow/example_dags/example_kubernetes_executor_config.py for tasks to queue
[2021-07-14 23:10:04,612] {logging_mixin.py:104} INFO - [2021-07-14 23:10:04,611] {dagbag.py:487} INFO - Filling up the DagBag from /home/airflow/sandbox/lib/python3.8/site-packages/airflow/example_dags/example_kubernetes_executor_config.py
[2021-07-14 23:10:04,617] {logging_mixin.py:104} INFO - [2021-07-14 23:10:04,617] {example_kubernetes_executor_config.py:175} WARNING - Could not import DAGs in example_kubernetes_executor_config.py: No module named 'kubernetes'
[2021-07-14 23:10:04,617] {logging_mixin.py:104} INFO - [2021-07-14 23:10:04,617] {example_kubernetes_executor_config.py:176} WARNING - Install kubernetes dependencies with: pip install apache-airflow['cncf.kubernetes']
[2021-07-14 23:10:04,618] {scheduler_job.py:645} WARNING - No viable dags retrieved from /home/airflow/sandbox/lib/python3.8/site-packages/airflow/example_dags/example_kubernetes_executor_config.py
[2021-07-14 23:10:04,625] {scheduler_job.py:190} INFO - Processing /home/airflow/sandbox/lib/python3.8/site-packages/airflow/example_dags/example_kubernetes_executor_config.py took 0.018 seconds
[2021-07-14 23:10:05,365] {scheduler_job.py:182} INFO - Started process (PID=2298) to work on /home/airflow/sandbox/lib/python3.8/site-packages/airflow/example_dags/example_kubernetes_executor_config.py
[2021-07-14 23:10:05,367] {scheduler_job.py:633} INFO - Processing file /home/airflow/sandbox/lib/python3.8/site-packages/airflow/example_dags/example_kubernetes_executor_config.py for tasks to queue
[2021-07-14 23:10:05,368] {logging_mixin.py:104} INFO - [2021-07-14 23:10:05,367] {dagbag.py:487} INFO - Filling up the DagBag from /home/airflow/sandbox/lib/python3.8/site-packages/airflow/example_dags/example_kubernetes_executor_config.py
[2021-07-14 23:10:05,373] {logging_mixin.py:104} INFO - [2021-07-14 23:10:05,373] {example_kubernetes_executor_config.py:175} WARNING - Could not import DAGs in example_kubernetes_executor_config.py: No module named 'kubernetes'
[2021-07-14 23:10:05,373] {logging_mixin.py:104} INFO - [2021-07-14 23:10:05,373] {example_kubernetes_executor_config.py:176} WARNING - Install kubernetes dependencies with: pip install apache-airflow['cncf.kubernetes']
[2021-07-14 23:10:05,373] {scheduler_job.py:645} WARNING - No viable dags retrieved from /home/airflow/sandbox/lib/python3.8/site-packages/airflow/example_dags/example_kubernetes_executor_config.py
[2021-07-14 23:10:05,378] {scheduler_job.py:190} INFO - Processing /home/airflow/sandbox/lib/python3.8/site-packages/airflow/example_dags/example_kubernetes_executor_config.py took 0.015 seconds
[2021-07-14 23:10:37,146] {scheduler_job.py:182} INFO - Started process (PID=2356) to work on /home/airflow/sandbox/lib/python3.8/site-packages/airflow/example_dags/example_kubernetes_executor_config.py
[2021-07-14 23:10:37,148] {scheduler_job.py:633} INFO - Processing file /home/airflow/sandbox/lib/python3.8/site-packages/airflow/example_dags/example_kubernetes_executor_config.py for tasks to queue
[2021-07-14 23:10:37,148] {logging_mixin.py:104} INFO - [2021-07-14 23:10:37,148] {dagbag.py:487} INFO - Filling up the DagBag from /home/airflow/sandbox/lib/python3.8/site-packages/airflow/example_dags/example_kubernetes_executor_config.py
[2021-07-14 23:10:37,157] {logging_mixin.py:104} INFO - [2021-07-14 23:10:37,157] {example_kubernetes_executor_config.py:175} WARNING - Could not import DAGs in example_kubernetes_executor_config.py: No module named 'kubernetes'
[2021-07-14 23:10:37,157] {logging_mixin.py:104} INFO - [2021-07-14 23:10:37,157] {example_kubernetes_executor_config.py:176} WARNING - Install kubernetes dependencies with: pip install apache-airflow['cncf.kubernetes']
[2021-07-14 23:10:37,157] {scheduler_job.py:645} WARNING - No viable dags retrieved from /home/airflow/sandbox/lib/python3.8/site-packages/airflow/example_dags/example_kubernetes_executor_config.py
[2021-07-14 23:10:37,166] {scheduler_job.py:190} INFO - Processing /home/airflow/sandbox/lib/python3.8/site-packages/airflow/example_dags/example_kubernetes_executor_config.py took 0.024 seconds
[2021-07-14 23:10:44,386] {scheduler_job.py:182} INFO - Started process (PID=2365) to work on /home/airflow/sandbox/lib/python3.8/site-packages/airflow/example_dags/example_kubernetes_executor_config.py
[2021-07-14 23:10:44,425] {scheduler_job.py:633} INFO - Processing file /home/airflow/sandbox/lib/python3.8/site-packages/airflow/example_dags/example_kubernetes_executor_config.py for tasks to queue
[2021-07-14 23:10:44,446] {logging_mixin.py:104} INFO - [2021-07-14 23:10:44,439] {dagbag.py:487} INFO - Filling up the DagBag from /home/airflow/sandbox/lib/python3.8/site-packages/airflow/example_dags/example_kubernetes_executor_config.py
[2021-07-14 23:10:44,674] {logging_mixin.py:104} INFO - [2021-07-14 23:10:44,667] {example_kubernetes_executor_config.py:175} WARNING - Could not import DAGs in example_kubernetes_executor_config.py: No module named 'kubernetes'
[2021-07-14 23:10:44,688] {logging_mixin.py:104} INFO - [2021-07-14 23:10:44,686] {example_kubernetes_executor_config.py:176} WARNING - Install kubernetes dependencies with: pip install apache-airflow['cncf.kubernetes']
[2021-07-14 23:10:44,702] {scheduler_job.py:645} WARNING - No viable dags retrieved from /home/airflow/sandbox/lib/python3.8/site-packages/airflow/example_dags/example_kubernetes_executor_config.py
[2021-07-14 23:10:44,954] {scheduler_job.py:190} INFO - Processing /home/airflow/sandbox/lib/python3.8/site-packages/airflow/example_dags/example_kubernetes_executor_config.py took 0.629 seconds
[2021-07-14 23:11:24,601] {scheduler_job.py:182} INFO - Started process (PID=2417) to work on /home/airflow/sandbox/lib/python3.8/site-packages/airflow/example_dags/example_kubernetes_executor_config.py
[2021-07-14 23:11:24,604] {scheduler_job.py:633} INFO - Processing file /home/airflow/sandbox/lib/python3.8/site-packages/airflow/example_dags/example_kubernetes_executor_config.py for tasks to queue
[2021-07-14 23:11:24,605] {logging_mixin.py:104} INFO - [2021-07-14 23:11:24,605] {dagbag.py:487} INFO - Filling up the DagBag from /home/airflow/sandbox/lib/python3.8/site-packages/airflow/example_dags/example_kubernetes_executor_config.py
[2021-07-14 23:11:24,617] {logging_mixin.py:104} INFO - [2021-07-14 23:11:24,617] {example_kubernetes_executor_config.py:175} WARNING - Could not import DAGs in example_kubernetes_executor_config.py: No module named 'kubernetes'
[2021-07-14 23:11:24,617] {logging_mixin.py:104} INFO - [2021-07-14 23:11:24,617] {example_kubernetes_executor_config.py:176} WARNING - Install kubernetes dependencies with: pip install apache-airflow['cncf.kubernetes']
[2021-07-14 23:11:24,617] {scheduler_job.py:645} WARNING - No viable dags retrieved from /home/airflow/sandbox/lib/python3.8/site-packages/airflow/example_dags/example_kubernetes_executor_config.py
[2021-07-14 23:11:24,633] {scheduler_job.py:190} INFO - Processing /home/airflow/sandbox/lib/python3.8/site-packages/airflow/example_dags/example_kubernetes_executor_config.py took 0.037 seconds
[2021-07-14 23:11:35,461] {scheduler_job.py:182} INFO - Started process (PID=2438) to work on /home/airflow/sandbox/lib/python3.8/site-packages/airflow/example_dags/example_kubernetes_executor_config.py
[2021-07-14 23:11:35,462] {scheduler_job.py:633} INFO - Processing file /home/airflow/sandbox/lib/python3.8/site-packages/airflow/example_dags/example_kubernetes_executor_config.py for tasks to queue
[2021-07-14 23:11:35,462] {logging_mixin.py:104} INFO - [2021-07-14 23:11:35,462] {dagbag.py:487} INFO - Filling up the DagBag from /home/airflow/sandbox/lib/python3.8/site-packages/airflow/example_dags/example_kubernetes_executor_config.py
[2021-07-14 23:11:35,467] {logging_mixin.py:104} INFO - [2021-07-14 23:11:35,467] {example_kubernetes_executor_config.py:175} WARNING - Could not import DAGs in example_kubernetes_executor_config.py: No module named 'kubernetes'
[2021-07-14 23:11:35,467] {logging_mixin.py:104} INFO - [2021-07-14 23:11:35,467] {example_kubernetes_executor_config.py:176} WARNING - Install kubernetes dependencies with: pip install apache-airflow['cncf.kubernetes']
[2021-07-14 23:11:35,468] {scheduler_job.py:645} WARNING - No viable dags retrieved from /home/airflow/sandbox/lib/python3.8/site-packages/airflow/example_dags/example_kubernetes_executor_config.py
[2021-07-14 23:11:35,474] {scheduler_job.py:190} INFO - Processing /home/airflow/sandbox/lib/python3.8/site-packages/airflow/example_dags/example_kubernetes_executor_config.py took 0.016 seconds
[2021-07-14 23:11:58,095] {scheduler_job.py:182} INFO - Started process (PID=2481) to work on /home/airflow/sandbox/lib/python3.8/site-packages/airflow/example_dags/example_kubernetes_executor_config.py
[2021-07-14 23:11:58,096] {scheduler_job.py:633} INFO - Processing file /home/airflow/sandbox/lib/python3.8/site-packages/airflow/example_dags/example_kubernetes_executor_config.py for tasks to queue
[2021-07-14 23:11:58,096] {logging_mixin.py:104} INFO - [2021-07-14 23:11:58,096] {dagbag.py:487} INFO - Filling up the DagBag from /home/airflow/sandbox/lib/python3.8/site-packages/airflow/example_dags/example_kubernetes_executor_config.py
[2021-07-14 23:11:58,101] {logging_mixin.py:104} INFO - [2021-07-14 23:11:58,101] {example_kubernetes_executor_config.py:175} WARNING - Could not import DAGs in example_kubernetes_executor_config.py: No module named 'kubernetes'
[2021-07-14 23:11:58,101] {logging_mixin.py:104} INFO - [2021-07-14 23:11:58,101] {example_kubernetes_executor_config.py:176} WARNING - Install kubernetes dependencies with: pip install apache-airflow['cncf.kubernetes']
[2021-07-14 23:11:58,101] {scheduler_job.py:645} WARNING - No viable dags retrieved from /home/airflow/sandbox/lib/python3.8/site-packages/airflow/example_dags/example_kubernetes_executor_config.py
[2021-07-14 23:11:58,108] {scheduler_job.py:190} INFO - Processing /home/airflow/sandbox/lib/python3.8/site-packages/airflow/example_dags/example_kubernetes_executor_config.py took 0.015 seconds
[2021-07-14 23:12:08,000] {scheduler_job.py:182} INFO - Started process (PID=2502) to work on /home/airflow/sandbox/lib/python3.8/site-packages/airflow/example_dags/example_kubernetes_executor_config.py
[2021-07-14 23:12:08,001] {scheduler_job.py:633} INFO - Processing file /home/airflow/sandbox/lib/python3.8/site-packages/airflow/example_dags/example_kubernetes_executor_config.py for tasks to queue
[2021-07-14 23:12:08,001] {logging_mixin.py:104} INFO - [2021-07-14 23:12:08,001] {dagbag.py:487} INFO - Filling up the DagBag from /home/airflow/sandbox/lib/python3.8/site-packages/airflow/example_dags/example_kubernetes_executor_config.py
[2021-07-14 23:12:08,007] {logging_mixin.py:104} INFO - [2021-07-14 23:12:08,007] {example_kubernetes_executor_config.py:175} WARNING - Could not import DAGs in example_kubernetes_executor_config.py: No module named 'kubernetes'
[2021-07-14 23:12:08,007] {logging_mixin.py:104} INFO - [2021-07-14 23:12:08,007] {example_kubernetes_executor_config.py:176} WARNING - Install kubernetes dependencies with: pip install apache-airflow['cncf.kubernetes']
[2021-07-14 23:12:08,007] {scheduler_job.py:645} WARNING - No viable dags retrieved from /home/airflow/sandbox/lib/python3.8/site-packages/airflow/example_dags/example_kubernetes_executor_config.py
[2021-07-14 23:12:08,013] {scheduler_job.py:190} INFO - Processing /home/airflow/sandbox/lib/python3.8/site-packages/airflow/example_dags/example_kubernetes_executor_config.py took 0.016 seconds
[2021-07-14 23:12:30,645] {scheduler_job.py:182} INFO - Started process (PID=2544) to work on /home/airflow/sandbox/lib/python3.8/site-packages/airflow/example_dags/example_kubernetes_executor_config.py
[2021-07-14 23:12:30,648] {scheduler_job.py:633} INFO - Processing file /home/airflow/sandbox/lib/python3.8/site-packages/airflow/example_dags/example_kubernetes_executor_config.py for tasks to queue
[2021-07-14 23:12:30,649] {logging_mixin.py:104} INFO - [2021-07-14 23:12:30,649] {dagbag.py:487} INFO - Filling up the DagBag from /home/airflow/sandbox/lib/python3.8/site-packages/airflow/example_dags/example_kubernetes_executor_config.py
[2021-07-14 23:12:30,656] {logging_mixin.py:104} INFO - [2021-07-14 23:12:30,656] {example_kubernetes_executor_config.py:175} WARNING - Could not import DAGs in example_kubernetes_executor_config.py: No module named 'kubernetes'
[2021-07-14 23:12:30,656] {logging_mixin.py:104} INFO - [2021-07-14 23:12:30,656] {example_kubernetes_executor_config.py:176} WARNING - Install kubernetes dependencies with: pip install apache-airflow['cncf.kubernetes']
[2021-07-14 23:12:30,656] {scheduler_job.py:645} WARNING - No viable dags retrieved from /home/airflow/sandbox/lib/python3.8/site-packages/airflow/example_dags/example_kubernetes_executor_config.py
[2021-07-14 23:12:30,671] {scheduler_job.py:190} INFO - Processing /home/airflow/sandbox/lib/python3.8/site-packages/airflow/example_dags/example_kubernetes_executor_config.py took 0.032 seconds
[2021-07-14 23:12:42,633] {scheduler_job.py:182} INFO - Started process (PID=2567) to work on /home/airflow/sandbox/lib/python3.8/site-packages/airflow/example_dags/example_kubernetes_executor_config.py
[2021-07-14 23:12:42,634] {scheduler_job.py:633} INFO - Processing file /home/airflow/sandbox/lib/python3.8/site-packages/airflow/example_dags/example_kubernetes_executor_config.py for tasks to queue
[2021-07-14 23:12:42,635] {logging_mixin.py:104} INFO - [2021-07-14 23:12:42,634] {dagbag.py:487} INFO - Filling up the DagBag from /home/airflow/sandbox/lib/python3.8/site-packages/airflow/example_dags/example_kubernetes_executor_config.py
[2021-07-14 23:12:42,641] {logging_mixin.py:104} INFO - [2021-07-14 23:12:42,641] {example_kubernetes_executor_config.py:175} WARNING - Could not import DAGs in example_kubernetes_executor_config.py: No module named 'kubernetes'
[2021-07-14 23:12:42,641] {logging_mixin.py:104} INFO - [2021-07-14 23:12:42,641] {example_kubernetes_executor_config.py:176} WARNING - Install kubernetes dependencies with: pip install apache-airflow['cncf.kubernetes']
[2021-07-14 23:12:42,641] {scheduler_job.py:645} WARNING - No viable dags retrieved from /home/airflow/sandbox/lib/python3.8/site-packages/airflow/example_dags/example_kubernetes_executor_config.py
[2021-07-14 23:12:42,647] {scheduler_job.py:190} INFO - Processing /home/airflow/sandbox/lib/python3.8/site-packages/airflow/example_dags/example_kubernetes_executor_config.py took 0.018 seconds
[2021-07-14 23:13:03,324] {scheduler_job.py:182} INFO - Started process (PID=2607) to work on /home/airflow/sandbox/lib/python3.8/site-packages/airflow/example_dags/example_kubernetes_executor_config.py
[2021-07-14 23:13:03,325] {scheduler_job.py:633} INFO - Processing file /home/airflow/sandbox/lib/python3.8/site-packages/airflow/example_dags/example_kubernetes_executor_config.py for tasks to queue
[2021-07-14 23:13:03,326] {logging_mixin.py:104} INFO - [2021-07-14 23:13:03,326] {dagbag.py:487} INFO - Filling up the DagBag from /home/airflow/sandbox/lib/python3.8/site-packages/airflow/example_dags/example_kubernetes_executor_config.py
[2021-07-14 23:13:03,332] {logging_mixin.py:104} INFO - [2021-07-14 23:13:03,332] {example_kubernetes_executor_config.py:175} WARNING - Could not import DAGs in example_kubernetes_executor_config.py: No module named 'kubernetes'
[2021-07-14 23:13:03,332] {logging_mixin.py:104} INFO - [2021-07-14 23:13:03,332] {example_kubernetes_executor_config.py:176} WARNING - Install kubernetes dependencies with: pip install apache-airflow['cncf.kubernetes']
[2021-07-14 23:13:03,332] {scheduler_job.py:645} WARNING - No viable dags retrieved from /home/airflow/sandbox/lib/python3.8/site-packages/airflow/example_dags/example_kubernetes_executor_config.py
[2021-07-14 23:13:03,338] {scheduler_job.py:190} INFO - Processing /home/airflow/sandbox/lib/python3.8/site-packages/airflow/example_dags/example_kubernetes_executor_config.py took 0.017 seconds
[2021-07-14 23:49:13,295] {scheduler_job.py:182} INFO - Started process (PID=1868) to work on /home/airflow/sandbox/lib/python3.8/site-packages/airflow/example_dags/example_kubernetes_executor_config.py
[2021-07-14 23:49:13,304] {scheduler_job.py:633} INFO - Processing file /home/airflow/sandbox/lib/python3.8/site-packages/airflow/example_dags/example_kubernetes_executor_config.py for tasks to queue
[2021-07-14 23:49:13,305] {logging_mixin.py:104} INFO - [2021-07-14 23:49:13,305] {dagbag.py:487} INFO - Filling up the DagBag from /home/airflow/sandbox/lib/python3.8/site-packages/airflow/example_dags/example_kubernetes_executor_config.py
[2021-07-14 23:49:13,315] {scheduler_job.py:643} INFO - DAG(s) dict_keys(['example_kubernetes_executor_config']) retrieved from /home/airflow/sandbox/lib/python3.8/site-packages/airflow/example_dags/example_kubernetes_executor_config.py
[2021-07-14 23:49:14,020] {logging_mixin.py:104} INFO - [2021-07-14 23:49:14,020] {dag.py:1832} INFO - Sync 1 DAGs
[2021-07-14 23:49:14,031] {logging_mixin.py:104} INFO - [2021-07-14 23:49:14,031] {dag.py:1851} INFO - Creating ORM DAG for example_kubernetes_executor_config
[2021-07-14 23:49:14,052] {logging_mixin.py:104} INFO - [2021-07-14 23:49:14,051] {dag.py:2305} INFO - Setting next_dagrun for example_kubernetes_executor_config to None
[2021-07-14 23:49:14,071] {scheduler_job.py:190} INFO - Processing /home/airflow/sandbox/lib/python3.8/site-packages/airflow/example_dags/example_kubernetes_executor_config.py took 0.778 seconds
[2021-07-14 23:49:46,208] {scheduler_job.py:182} INFO - Started process (PID=1899) to work on /home/airflow/sandbox/lib/python3.8/site-packages/airflow/example_dags/example_kubernetes_executor_config.py
[2021-07-14 23:49:46,209] {scheduler_job.py:633} INFO - Processing file /home/airflow/sandbox/lib/python3.8/site-packages/airflow/example_dags/example_kubernetes_executor_config.py for tasks to queue
[2021-07-14 23:49:46,210] {logging_mixin.py:104} INFO - [2021-07-14 23:49:46,209] {dagbag.py:487} INFO - Filling up the DagBag from /home/airflow/sandbox/lib/python3.8/site-packages/airflow/example_dags/example_kubernetes_executor_config.py
[2021-07-14 23:49:46,224] {scheduler_job.py:643} INFO - DAG(s) dict_keys(['example_kubernetes_executor_config']) retrieved from /home/airflow/sandbox/lib/python3.8/site-packages/airflow/example_dags/example_kubernetes_executor_config.py
[2021-07-14 23:49:46,240] {logging_mixin.py:104} INFO - [2021-07-14 23:49:46,240] {dag.py:1832} INFO - Sync 1 DAGs
[2021-07-14 23:49:46,254] {logging_mixin.py:104} INFO - [2021-07-14 23:49:46,254] {dag.py:2305} INFO - Setting next_dagrun for example_kubernetes_executor_config to None
[2021-07-14 23:49:46,266] {scheduler_job.py:190} INFO - Processing /home/airflow/sandbox/lib/python3.8/site-packages/airflow/example_dags/example_kubernetes_executor_config.py took 0.060 seconds
[2021-07-14 23:50:18,215] {scheduler_job.py:182} INFO - Started process (PID=1930) to work on /home/airflow/sandbox/lib/python3.8/site-packages/airflow/example_dags/example_kubernetes_executor_config.py
[2021-07-14 23:50:18,216] {scheduler_job.py:633} INFO - Processing file /home/airflow/sandbox/lib/python3.8/site-packages/airflow/example_dags/example_kubernetes_executor_config.py for tasks to queue
[2021-07-14 23:50:18,216] {logging_mixin.py:104} INFO - [2021-07-14 23:50:18,216] {dagbag.py:487} INFO - Filling up the DagBag from /home/airflow/sandbox/lib/python3.8/site-packages/airflow/example_dags/example_kubernetes_executor_config.py
[2021-07-14 23:50:18,230] {scheduler_job.py:643} INFO - DAG(s) dict_keys(['example_kubernetes_executor_config']) retrieved from /home/airflow/sandbox/lib/python3.8/site-packages/airflow/example_dags/example_kubernetes_executor_config.py
[2021-07-14 23:50:18,250] {logging_mixin.py:104} INFO - [2021-07-14 23:50:18,250] {dag.py:1832} INFO - Sync 1 DAGs
[2021-07-14 23:50:18,261] {logging_mixin.py:104} INFO - [2021-07-14 23:50:18,261] {dag.py:2305} INFO - Setting next_dagrun for example_kubernetes_executor_config to None
[2021-07-14 23:50:18,273] {scheduler_job.py:190} INFO - Processing /home/airflow/sandbox/lib/python3.8/site-packages/airflow/example_dags/example_kubernetes_executor_config.py took 0.061 seconds
[2021-07-14 23:50:50,989] {scheduler_job.py:182} INFO - Started process (PID=1962) to work on /home/airflow/sandbox/lib/python3.8/site-packages/airflow/example_dags/example_kubernetes_executor_config.py
[2021-07-14 23:50:50,991] {scheduler_job.py:633} INFO - Processing file /home/airflow/sandbox/lib/python3.8/site-packages/airflow/example_dags/example_kubernetes_executor_config.py for tasks to queue
[2021-07-14 23:50:50,991] {logging_mixin.py:104} INFO - [2021-07-14 23:50:50,991] {dagbag.py:487} INFO - Filling up the DagBag from /home/airflow/sandbox/lib/python3.8/site-packages/airflow/example_dags/example_kubernetes_executor_config.py
[2021-07-14 23:50:51,014] {scheduler_job.py:643} INFO - DAG(s) dict_keys(['example_kubernetes_executor_config']) retrieved from /home/airflow/sandbox/lib/python3.8/site-packages/airflow/example_dags/example_kubernetes_executor_config.py
[2021-07-14 23:50:51,040] {logging_mixin.py:104} INFO - [2021-07-14 23:50:51,040] {dag.py:1832} INFO - Sync 1 DAGs
[2021-07-14 23:50:51,054] {logging_mixin.py:104} INFO - [2021-07-14 23:50:51,054] {dag.py:2305} INFO - Setting next_dagrun for example_kubernetes_executor_config to None
[2021-07-14 23:50:51,074] {scheduler_job.py:190} INFO - Processing /home/airflow/sandbox/lib/python3.8/site-packages/airflow/example_dags/example_kubernetes_executor_config.py took 0.090 seconds
[2021-07-14 23:51:35,649] {scheduler_job.py:182} INFO - Started process (PID=1996) to work on /home/airflow/sandbox/lib/python3.8/site-packages/airflow/example_dags/example_kubernetes_executor_config.py
[2021-07-14 23:51:35,655] {scheduler_job.py:633} INFO - Processing file /home/airflow/sandbox/lib/python3.8/site-packages/airflow/example_dags/example_kubernetes_executor_config.py for tasks to queue
[2021-07-14 23:51:35,660] {logging_mixin.py:104} INFO - [2021-07-14 23:51:35,660] {dagbag.py:487} INFO - Filling up the DagBag from /home/airflow/sandbox/lib/python3.8/site-packages/airflow/example_dags/example_kubernetes_executor_config.py
[2021-07-14 23:51:35,720] {scheduler_job.py:643} INFO - DAG(s) dict_keys(['example_kubernetes_executor_config']) retrieved from /home/airflow/sandbox/lib/python3.8/site-packages/airflow/example_dags/example_kubernetes_executor_config.py
[2021-07-14 23:51:35,783] {logging_mixin.py:104} INFO - [2021-07-14 23:51:35,783] {dag.py:1832} INFO - Sync 1 DAGs
[2021-07-14 23:51:35,836] {logging_mixin.py:104} INFO - [2021-07-14 23:51:35,836] {dag.py:2305} INFO - Setting next_dagrun for example_kubernetes_executor_config to None
[2021-07-14 23:51:35,874] {scheduler_job.py:190} INFO - Processing /home/airflow/sandbox/lib/python3.8/site-packages/airflow/example_dags/example_kubernetes_executor_config.py took 0.240 seconds
[2021-07-14 23:52:14,220] {scheduler_job.py:182} INFO - Started process (PID=2027) to work on /home/airflow/sandbox/lib/python3.8/site-packages/airflow/example_dags/example_kubernetes_executor_config.py
[2021-07-14 23:52:14,222] {scheduler_job.py:633} INFO - Processing file /home/airflow/sandbox/lib/python3.8/site-packages/airflow/example_dags/example_kubernetes_executor_config.py for tasks to queue
[2021-07-14 23:52:14,222] {logging_mixin.py:104} INFO - [2021-07-14 23:52:14,222] {dagbag.py:487} INFO - Filling up the DagBag from /home/airflow/sandbox/lib/python3.8/site-packages/airflow/example_dags/example_kubernetes_executor_config.py
[2021-07-14 23:52:14,235] {scheduler_job.py:643} INFO - DAG(s) dict_keys(['example_kubernetes_executor_config']) retrieved from /home/airflow/sandbox/lib/python3.8/site-packages/airflow/example_dags/example_kubernetes_executor_config.py
[2021-07-14 23:52:14,253] {logging_mixin.py:104} INFO - [2021-07-14 23:52:14,253] {dag.py:1832} INFO - Sync 1 DAGs
[2021-07-14 23:52:14,264] {logging_mixin.py:104} INFO - [2021-07-14 23:52:14,264] {dag.py:2305} INFO - Setting next_dagrun for example_kubernetes_executor_config to None
[2021-07-14 23:52:14,283] {scheduler_job.py:190} INFO - Processing /home/airflow/sandbox/lib/python3.8/site-packages/airflow/example_dags/example_kubernetes_executor_config.py took 0.066 seconds
[2021-07-14 23:52:46,285] {scheduler_job.py:182} INFO - Started process (PID=2058) to work on /home/airflow/sandbox/lib/python3.8/site-packages/airflow/example_dags/example_kubernetes_executor_config.py
[2021-07-14 23:52:46,290] {scheduler_job.py:633} INFO - Processing file /home/airflow/sandbox/lib/python3.8/site-packages/airflow/example_dags/example_kubernetes_executor_config.py for tasks to queue
[2021-07-14 23:52:46,291] {logging_mixin.py:104} INFO - [2021-07-14 23:52:46,290] {dagbag.py:487} INFO - Filling up the DagBag from /home/airflow/sandbox/lib/python3.8/site-packages/airflow/example_dags/example_kubernetes_executor_config.py
[2021-07-14 23:52:46,304] {scheduler_job.py:643} INFO - DAG(s) dict_keys(['example_kubernetes_executor_config']) retrieved from /home/airflow/sandbox/lib/python3.8/site-packages/airflow/example_dags/example_kubernetes_executor_config.py
[2021-07-14 23:52:46,318] {logging_mixin.py:104} INFO - [2021-07-14 23:52:46,317] {dag.py:1832} INFO - Sync 1 DAGs
[2021-07-14 23:52:46,326] {logging_mixin.py:104} INFO - [2021-07-14 23:52:46,326] {dag.py:2305} INFO - Setting next_dagrun for example_kubernetes_executor_config to None
[2021-07-14 23:52:46,346] {scheduler_job.py:190} INFO - Processing /home/airflow/sandbox/lib/python3.8/site-packages/airflow/example_dags/example_kubernetes_executor_config.py took 0.063 seconds
[2021-07-14 23:53:19,101] {scheduler_job.py:182} INFO - Started process (PID=2090) to work on /home/airflow/sandbox/lib/python3.8/site-packages/airflow/example_dags/example_kubernetes_executor_config.py
[2021-07-14 23:53:19,102] {scheduler_job.py:633} INFO - Processing file /home/airflow/sandbox/lib/python3.8/site-packages/airflow/example_dags/example_kubernetes_executor_config.py for tasks to queue
[2021-07-14 23:53:19,103] {logging_mixin.py:104} INFO - [2021-07-14 23:53:19,103] {dagbag.py:487} INFO - Filling up the DagBag from /home/airflow/sandbox/lib/python3.8/site-packages/airflow/example_dags/example_kubernetes_executor_config.py
[2021-07-14 23:53:19,114] {scheduler_job.py:643} INFO - DAG(s) dict_keys(['example_kubernetes_executor_config']) retrieved from /home/airflow/sandbox/lib/python3.8/site-packages/airflow/example_dags/example_kubernetes_executor_config.py
[2021-07-14 23:53:19,128] {logging_mixin.py:104} INFO - [2021-07-14 23:53:19,128] {dag.py:1832} INFO - Sync 1 DAGs
[2021-07-14 23:53:19,137] {logging_mixin.py:104} INFO - [2021-07-14 23:53:19,137] {dag.py:2305} INFO - Setting next_dagrun for example_kubernetes_executor_config to None
[2021-07-14 23:53:19,155] {scheduler_job.py:190} INFO - Processing /home/airflow/sandbox/lib/python3.8/site-packages/airflow/example_dags/example_kubernetes_executor_config.py took 0.056 seconds
[2021-07-14 23:53:52,887] {scheduler_job.py:182} INFO - Started process (PID=2123) to work on /home/airflow/sandbox/lib/python3.8/site-packages/airflow/example_dags/example_kubernetes_executor_config.py
[2021-07-14 23:53:52,888] {scheduler_job.py:633} INFO - Processing file /home/airflow/sandbox/lib/python3.8/site-packages/airflow/example_dags/example_kubernetes_executor_config.py for tasks to queue
[2021-07-14 23:53:52,889] {logging_mixin.py:104} INFO - [2021-07-14 23:53:52,889] {dagbag.py:487} INFO - Filling up the DagBag from /home/airflow/sandbox/lib/python3.8/site-packages/airflow/example_dags/example_kubernetes_executor_config.py
[2021-07-14 23:53:52,901] {scheduler_job.py:643} INFO - DAG(s) dict_keys(['example_kubernetes_executor_config']) retrieved from /home/airflow/sandbox/lib/python3.8/site-packages/airflow/example_dags/example_kubernetes_executor_config.py
[2021-07-14 23:53:52,918] {logging_mixin.py:104} INFO - [2021-07-14 23:53:52,917] {dag.py:1832} INFO - Sync 1 DAGs
[2021-07-14 23:53:52,929] {logging_mixin.py:104} INFO - [2021-07-14 23:53:52,929] {dag.py:2305} INFO - Setting next_dagrun for example_kubernetes_executor_config to None
[2021-07-14 23:53:52,940] {scheduler_job.py:190} INFO - Processing /home/airflow/sandbox/lib/python3.8/site-packages/airflow/example_dags/example_kubernetes_executor_config.py took 0.057 seconds
[2021-07-14 23:54:24,962] {scheduler_job.py:182} INFO - Started process (PID=2154) to work on /home/airflow/sandbox/lib/python3.8/site-packages/airflow/example_dags/example_kubernetes_executor_config.py
[2021-07-14 23:54:24,963] {scheduler_job.py:633} INFO - Processing file /home/airflow/sandbox/lib/python3.8/site-packages/airflow/example_dags/example_kubernetes_executor_config.py for tasks to queue
[2021-07-14 23:54:24,964] {logging_mixin.py:104} INFO - [2021-07-14 23:54:24,963] {dagbag.py:487} INFO - Filling up the DagBag from /home/airflow/sandbox/lib/python3.8/site-packages/airflow/example_dags/example_kubernetes_executor_config.py
[2021-07-14 23:54:24,976] {scheduler_job.py:643} INFO - DAG(s) dict_keys(['example_kubernetes_executor_config']) retrieved from /home/airflow/sandbox/lib/python3.8/site-packages/airflow/example_dags/example_kubernetes_executor_config.py
[2021-07-14 23:54:24,990] {logging_mixin.py:104} INFO - [2021-07-14 23:54:24,990] {dag.py:1832} INFO - Sync 1 DAGs
[2021-07-14 23:54:25,001] {logging_mixin.py:104} INFO - [2021-07-14 23:54:25,001] {dag.py:2305} INFO - Setting next_dagrun for example_kubernetes_executor_config to None
[2021-07-14 23:54:25,012] {scheduler_job.py:190} INFO - Processing /home/airflow/sandbox/lib/python3.8/site-packages/airflow/example_dags/example_kubernetes_executor_config.py took 0.052 seconds
[2021-07-14 23:54:58,527] {scheduler_job.py:182} INFO - Started process (PID=2186) to work on /home/airflow/sandbox/lib/python3.8/site-packages/airflow/example_dags/example_kubernetes_executor_config.py
[2021-07-14 23:54:58,528] {scheduler_job.py:633} INFO - Processing file /home/airflow/sandbox/lib/python3.8/site-packages/airflow/example_dags/example_kubernetes_executor_config.py for tasks to queue
[2021-07-14 23:54:58,529] {logging_mixin.py:104} INFO - [2021-07-14 23:54:58,529] {dagbag.py:487} INFO - Filling up the DagBag from /home/airflow/sandbox/lib/python3.8/site-packages/airflow/example_dags/example_kubernetes_executor_config.py
[2021-07-14 23:54:58,540] {scheduler_job.py:643} INFO - DAG(s) dict_keys(['example_kubernetes_executor_config']) retrieved from /home/airflow/sandbox/lib/python3.8/site-packages/airflow/example_dags/example_kubernetes_executor_config.py
[2021-07-14 23:54:58,555] {logging_mixin.py:104} INFO - [2021-07-14 23:54:58,554] {dag.py:1832} INFO - Sync 1 DAGs
[2021-07-14 23:54:58,564] {logging_mixin.py:104} INFO - [2021-07-14 23:54:58,564] {dag.py:2305} INFO - Setting next_dagrun for example_kubernetes_executor_config to None
[2021-07-14 23:54:58,581] {scheduler_job.py:190} INFO - Processing /home/airflow/sandbox/lib/python3.8/site-packages/airflow/example_dags/example_kubernetes_executor_config.py took 0.056 seconds
[2021-07-14 23:56:10,777] {scheduler_job.py:182} INFO - Started process (PID=2265) to work on /home/airflow/sandbox/lib/python3.8/site-packages/airflow/example_dags/example_kubernetes_executor_config.py
[2021-07-14 23:56:10,778] {scheduler_job.py:633} INFO - Processing file /home/airflow/sandbox/lib/python3.8/site-packages/airflow/example_dags/example_kubernetes_executor_config.py for tasks to queue
[2021-07-14 23:56:10,778] {logging_mixin.py:104} INFO - [2021-07-14 23:56:10,778] {dagbag.py:487} INFO - Filling up the DagBag from /home/airflow/sandbox/lib/python3.8/site-packages/airflow/example_dags/example_kubernetes_executor_config.py
[2021-07-14 23:56:10,791] {scheduler_job.py:643} INFO - DAG(s) dict_keys(['example_kubernetes_executor_config']) retrieved from /home/airflow/sandbox/lib/python3.8/site-packages/airflow/example_dags/example_kubernetes_executor_config.py
[2021-07-14 23:56:10,805] {logging_mixin.py:104} INFO - [2021-07-14 23:56:10,805] {dag.py:1832} INFO - Sync 1 DAGs
[2021-07-14 23:56:10,814] {logging_mixin.py:104} INFO - [2021-07-14 23:56:10,814] {dag.py:2305} INFO - Setting next_dagrun for example_kubernetes_executor_config to None
[2021-07-14 23:56:10,825] {scheduler_job.py:190} INFO - Processing /home/airflow/sandbox/lib/python3.8/site-packages/airflow/example_dags/example_kubernetes_executor_config.py took 0.051 seconds
[2021-07-14 23:56:43,676] {scheduler_job.py:182} INFO - Started process (PID=2296) to work on /home/airflow/sandbox/lib/python3.8/site-packages/airflow/example_dags/example_kubernetes_executor_config.py
[2021-07-14 23:56:43,677] {scheduler_job.py:633} INFO - Processing file /home/airflow/sandbox/lib/python3.8/site-packages/airflow/example_dags/example_kubernetes_executor_config.py for tasks to queue
[2021-07-14 23:56:43,678] {logging_mixin.py:104} INFO - [2021-07-14 23:56:43,678] {dagbag.py:487} INFO - Filling up the DagBag from /home/airflow/sandbox/lib/python3.8/site-packages/airflow/example_dags/example_kubernetes_executor_config.py
[2021-07-14 23:56:43,688] {scheduler_job.py:643} INFO - DAG(s) dict_keys(['example_kubernetes_executor_config']) retrieved from /home/airflow/sandbox/lib/python3.8/site-packages/airflow/example_dags/example_kubernetes_executor_config.py
[2021-07-14 23:56:43,703] {logging_mixin.py:104} INFO - [2021-07-14 23:56:43,703] {dag.py:1832} INFO - Sync 1 DAGs
[2021-07-14 23:56:43,714] {logging_mixin.py:104} INFO - [2021-07-14 23:56:43,714] {dag.py:2305} INFO - Setting next_dagrun for example_kubernetes_executor_config to None
[2021-07-14 23:56:43,732] {scheduler_job.py:190} INFO - Processing /home/airflow/sandbox/lib/python3.8/site-packages/airflow/example_dags/example_kubernetes_executor_config.py took 0.059 seconds
[2021-07-14 23:57:17,889] {scheduler_job.py:182} INFO - Started process (PID=2329) to work on /home/airflow/sandbox/lib/python3.8/site-packages/airflow/example_dags/example_kubernetes_executor_config.py
[2021-07-14 23:57:17,890] {scheduler_job.py:633} INFO - Processing file /home/airflow/sandbox/lib/python3.8/site-packages/airflow/example_dags/example_kubernetes_executor_config.py for tasks to queue
[2021-07-14 23:57:17,890] {logging_mixin.py:104} INFO - [2021-07-14 23:57:17,890] {dagbag.py:487} INFO - Filling up the DagBag from /home/airflow/sandbox/lib/python3.8/site-packages/airflow/example_dags/example_kubernetes_executor_config.py
[2021-07-14 23:57:17,903] {scheduler_job.py:643} INFO - DAG(s) dict_keys(['example_kubernetes_executor_config']) retrieved from /home/airflow/sandbox/lib/python3.8/site-packages/airflow/example_dags/example_kubernetes_executor_config.py
[2021-07-14 23:57:17,919] {logging_mixin.py:104} INFO - [2021-07-14 23:57:17,919] {dag.py:1832} INFO - Sync 1 DAGs
[2021-07-14 23:57:17,930] {logging_mixin.py:104} INFO - [2021-07-14 23:57:17,930] {dag.py:2305} INFO - Setting next_dagrun for example_kubernetes_executor_config to None
[2021-07-14 23:57:17,949] {scheduler_job.py:190} INFO - Processing /home/airflow/sandbox/lib/python3.8/site-packages/airflow/example_dags/example_kubernetes_executor_config.py took 0.064 seconds
[2021-07-14 23:57:52,902] {scheduler_job.py:182} INFO - Started process (PID=2362) to work on /home/airflow/sandbox/lib/python3.8/site-packages/airflow/example_dags/example_kubernetes_executor_config.py
[2021-07-14 23:57:52,903] {scheduler_job.py:633} INFO - Processing file /home/airflow/sandbox/lib/python3.8/site-packages/airflow/example_dags/example_kubernetes_executor_config.py for tasks to queue
[2021-07-14 23:57:52,903] {logging_mixin.py:104} INFO - [2021-07-14 23:57:52,903] {dagbag.py:487} INFO - Filling up the DagBag from /home/airflow/sandbox/lib/python3.8/site-packages/airflow/example_dags/example_kubernetes_executor_config.py
[2021-07-14 23:57:52,915] {scheduler_job.py:643} INFO - DAG(s) dict_keys(['example_kubernetes_executor_config']) retrieved from /home/airflow/sandbox/lib/python3.8/site-packages/airflow/example_dags/example_kubernetes_executor_config.py
[2021-07-14 23:57:52,930] {logging_mixin.py:104} INFO - [2021-07-14 23:57:52,930] {dag.py:1832} INFO - Sync 1 DAGs
[2021-07-14 23:57:52,939] {logging_mixin.py:104} INFO - [2021-07-14 23:57:52,939] {dag.py:2305} INFO - Setting next_dagrun for example_kubernetes_executor_config to None
[2021-07-14 23:57:52,960] {scheduler_job.py:190} INFO - Processing /home/airflow/sandbox/lib/python3.8/site-packages/airflow/example_dags/example_kubernetes_executor_config.py took 0.061 seconds
[2021-07-14 23:58:25,135] {scheduler_job.py:182} INFO - Started process (PID=2393) to work on /home/airflow/sandbox/lib/python3.8/site-packages/airflow/example_dags/example_kubernetes_executor_config.py
[2021-07-14 23:58:25,135] {scheduler_job.py:633} INFO - Processing file /home/airflow/sandbox/lib/python3.8/site-packages/airflow/example_dags/example_kubernetes_executor_config.py for tasks to queue
[2021-07-14 23:58:25,136] {logging_mixin.py:104} INFO - [2021-07-14 23:58:25,136] {dagbag.py:487} INFO - Filling up the DagBag from /home/airflow/sandbox/lib/python3.8/site-packages/airflow/example_dags/example_kubernetes_executor_config.py
[2021-07-14 23:58:25,147] {scheduler_job.py:643} INFO - DAG(s) dict_keys(['example_kubernetes_executor_config']) retrieved from /home/airflow/sandbox/lib/python3.8/site-packages/airflow/example_dags/example_kubernetes_executor_config.py
[2021-07-14 23:58:25,162] {logging_mixin.py:104} INFO - [2021-07-14 23:58:25,162] {dag.py:1832} INFO - Sync 1 DAGs
[2021-07-14 23:58:25,172] {logging_mixin.py:104} INFO - [2021-07-14 23:58:25,172] {dag.py:2305} INFO - Setting next_dagrun for example_kubernetes_executor_config to None
[2021-07-14 23:58:25,190] {scheduler_job.py:190} INFO - Processing /home/airflow/sandbox/lib/python3.8/site-packages/airflow/example_dags/example_kubernetes_executor_config.py took 0.058 seconds
[2021-07-14 23:58:56,196] {scheduler_job.py:182} INFO - Started process (PID=2424) to work on /home/airflow/sandbox/lib/python3.8/site-packages/airflow/example_dags/example_kubernetes_executor_config.py
[2021-07-14 23:58:56,197] {scheduler_job.py:633} INFO - Processing file /home/airflow/sandbox/lib/python3.8/site-packages/airflow/example_dags/example_kubernetes_executor_config.py for tasks to queue
[2021-07-14 23:58:56,197] {logging_mixin.py:104} INFO - [2021-07-14 23:58:56,197] {dagbag.py:487} INFO - Filling up the DagBag from /home/airflow/sandbox/lib/python3.8/site-packages/airflow/example_dags/example_kubernetes_executor_config.py
[2021-07-14 23:58:56,207] {scheduler_job.py:643} INFO - DAG(s) dict_keys(['example_kubernetes_executor_config']) retrieved from /home/airflow/sandbox/lib/python3.8/site-packages/airflow/example_dags/example_kubernetes_executor_config.py
[2021-07-14 23:58:56,220] {logging_mixin.py:104} INFO - [2021-07-14 23:58:56,219] {dag.py:1832} INFO - Sync 1 DAGs
[2021-07-14 23:58:56,227] {logging_mixin.py:104} INFO - [2021-07-14 23:58:56,227] {dag.py:2305} INFO - Setting next_dagrun for example_kubernetes_executor_config to None
[2021-07-14 23:58:56,238] {scheduler_job.py:190} INFO - Processing /home/airflow/sandbox/lib/python3.8/site-packages/airflow/example_dags/example_kubernetes_executor_config.py took 0.045 seconds
[2021-07-14 23:59:27,041] {scheduler_job.py:182} INFO - Started process (PID=2455) to work on /home/airflow/sandbox/lib/python3.8/site-packages/airflow/example_dags/example_kubernetes_executor_config.py
[2021-07-14 23:59:27,042] {scheduler_job.py:633} INFO - Processing file /home/airflow/sandbox/lib/python3.8/site-packages/airflow/example_dags/example_kubernetes_executor_config.py for tasks to queue
[2021-07-14 23:59:27,043] {logging_mixin.py:104} INFO - [2021-07-14 23:59:27,043] {dagbag.py:487} INFO - Filling up the DagBag from /home/airflow/sandbox/lib/python3.8/site-packages/airflow/example_dags/example_kubernetes_executor_config.py
[2021-07-14 23:59:27,052] {scheduler_job.py:643} INFO - DAG(s) dict_keys(['example_kubernetes_executor_config']) retrieved from /home/airflow/sandbox/lib/python3.8/site-packages/airflow/example_dags/example_kubernetes_executor_config.py
[2021-07-14 23:59:27,065] {logging_mixin.py:104} INFO - [2021-07-14 23:59:27,065] {dag.py:1832} INFO - Sync 1 DAGs
[2021-07-14 23:59:27,079] {logging_mixin.py:104} INFO - [2021-07-14 23:59:27,079] {dag.py:2305} INFO - Setting next_dagrun for example_kubernetes_executor_config to None
[2021-07-14 23:59:27,096] {scheduler_job.py:190} INFO - Processing /home/airflow/sandbox/lib/python3.8/site-packages/airflow/example_dags/example_kubernetes_executor_config.py took 0.057 seconds
[2021-07-14 23:59:59,629] {scheduler_job.py:182} INFO - Started process (PID=2489) to work on /home/airflow/sandbox/lib/python3.8/site-packages/airflow/example_dags/example_kubernetes_executor_config.py
[2021-07-14 23:59:59,629] {scheduler_job.py:633} INFO - Processing file /home/airflow/sandbox/lib/python3.8/site-packages/airflow/example_dags/example_kubernetes_executor_config.py for tasks to queue
[2021-07-14 23:59:59,630] {logging_mixin.py:104} INFO - [2021-07-14 23:59:59,630] {dagbag.py:487} INFO - Filling up the DagBag from /home/airflow/sandbox/lib/python3.8/site-packages/airflow/example_dags/example_kubernetes_executor_config.py
[2021-07-14 23:59:59,640] {scheduler_job.py:643} INFO - DAG(s) dict_keys(['example_kubernetes_executor_config']) retrieved from /home/airflow/sandbox/lib/python3.8/site-packages/airflow/example_dags/example_kubernetes_executor_config.py
[2021-07-14 23:59:59,651] {logging_mixin.py:104} INFO - [2021-07-14 23:59:59,651] {dag.py:1832} INFO - Sync 1 DAGs
[2021-07-14 23:59:59,659] {logging_mixin.py:104} INFO - [2021-07-14 23:59:59,659] {dag.py:2305} INFO - Setting next_dagrun for example_kubernetes_executor_config to None
[2021-07-14 23:59:59,680] {scheduler_job.py:190} INFO - Processing /home/airflow/sandbox/lib/python3.8/site-packages/airflow/example_dags/example_kubernetes_executor_config.py took 0.054 seconds
