[2021-07-14 23:02:46,077] {scheduler_job.py:182} INFO - Started process (PID=1572) to work on /home/airflow/sandbox/lib/python3.8/site-packages/airflow/example_dags/example_task_group_decorator.py
[2021-07-14 23:02:46,078] {scheduler_job.py:633} INFO - Processing file /home/airflow/sandbox/lib/python3.8/site-packages/airflow/example_dags/example_task_group_decorator.py for tasks to queue
[2021-07-14 23:02:46,079] {logging_mixin.py:104} INFO - [2021-07-14 23:02:46,079] {dagbag.py:487} INFO - Filling up the DagBag from /home/airflow/sandbox/lib/python3.8/site-packages/airflow/example_dags/example_task_group_decorator.py
[2021-07-14 23:02:46,102] {scheduler_job.py:643} INFO - DAG(s) dict_keys(['example_task_group_decorator']) retrieved from /home/airflow/sandbox/lib/python3.8/site-packages/airflow/example_dags/example_task_group_decorator.py
[2021-07-14 23:02:46,421] {logging_mixin.py:104} INFO - [2021-07-14 23:02:46,421] {dag.py:1832} INFO - Sync 1 DAGs
[2021-07-14 23:02:46,431] {logging_mixin.py:104} INFO - [2021-07-14 23:02:46,431] {dag.py:2305} INFO - Setting next_dagrun for example_task_group_decorator to 2021-07-12 00:00:00+00:00
[2021-07-14 23:02:46,450] {scheduler_job.py:190} INFO - Processing /home/airflow/sandbox/lib/python3.8/site-packages/airflow/example_dags/example_task_group_decorator.py took 0.376 seconds
[2021-07-14 23:03:22,043] {scheduler_job.py:182} INFO - Started process (PID=1605) to work on /home/airflow/sandbox/lib/python3.8/site-packages/airflow/example_dags/example_task_group_decorator.py
[2021-07-14 23:03:22,044] {scheduler_job.py:633} INFO - Processing file /home/airflow/sandbox/lib/python3.8/site-packages/airflow/example_dags/example_task_group_decorator.py for tasks to queue
[2021-07-14 23:03:22,045] {logging_mixin.py:104} INFO - [2021-07-14 23:03:22,045] {dagbag.py:487} INFO - Filling up the DagBag from /home/airflow/sandbox/lib/python3.8/site-packages/airflow/example_dags/example_task_group_decorator.py
[2021-07-14 23:03:22,072] {scheduler_job.py:643} INFO - DAG(s) dict_keys(['example_task_group_decorator']) retrieved from /home/airflow/sandbox/lib/python3.8/site-packages/airflow/example_dags/example_task_group_decorator.py
[2021-07-14 23:03:22,508] {logging_mixin.py:104} INFO - [2021-07-14 23:03:22,508] {dag.py:1832} INFO - Sync 1 DAGs
[2021-07-14 23:03:22,521] {logging_mixin.py:104} INFO - [2021-07-14 23:03:22,521] {dag.py:2305} INFO - Setting next_dagrun for example_task_group_decorator to 2021-07-12 00:00:00+00:00
[2021-07-14 23:03:22,536] {scheduler_job.py:190} INFO - Processing /home/airflow/sandbox/lib/python3.8/site-packages/airflow/example_dags/example_task_group_decorator.py took 0.495 seconds
[2021-07-14 23:03:58,450] {scheduler_job.py:182} INFO - Started process (PID=1651) to work on /home/airflow/sandbox/lib/python3.8/site-packages/airflow/example_dags/example_task_group_decorator.py
[2021-07-14 23:03:58,451] {scheduler_job.py:633} INFO - Processing file /home/airflow/sandbox/lib/python3.8/site-packages/airflow/example_dags/example_task_group_decorator.py for tasks to queue
[2021-07-14 23:03:58,452] {logging_mixin.py:104} INFO - [2021-07-14 23:03:58,452] {dagbag.py:487} INFO - Filling up the DagBag from /home/airflow/sandbox/lib/python3.8/site-packages/airflow/example_dags/example_task_group_decorator.py
[2021-07-14 23:03:58,488] {scheduler_job.py:643} INFO - DAG(s) dict_keys(['example_task_group_decorator']) retrieved from /home/airflow/sandbox/lib/python3.8/site-packages/airflow/example_dags/example_task_group_decorator.py
[2021-07-14 23:03:58,950] {logging_mixin.py:104} INFO - [2021-07-14 23:03:58,950] {dag.py:1832} INFO - Sync 1 DAGs
[2021-07-14 23:03:58,964] {logging_mixin.py:104} INFO - [2021-07-14 23:03:58,964] {dag.py:2305} INFO - Setting next_dagrun for example_task_group_decorator to 2021-07-12 00:00:00+00:00
[2021-07-14 23:03:58,993] {scheduler_job.py:190} INFO - Processing /home/airflow/sandbox/lib/python3.8/site-packages/airflow/example_dags/example_task_group_decorator.py took 0.547 seconds
[2021-07-14 23:04:19,687] {scheduler_job.py:182} INFO - Started process (PID=1679) to work on /home/airflow/sandbox/lib/python3.8/site-packages/airflow/example_dags/example_task_group_decorator.py
[2021-07-14 23:04:19,694] {scheduler_job.py:633} INFO - Processing file /home/airflow/sandbox/lib/python3.8/site-packages/airflow/example_dags/example_task_group_decorator.py for tasks to queue
[2021-07-14 23:04:19,697] {logging_mixin.py:104} INFO - [2021-07-14 23:04:19,696] {dagbag.py:487} INFO - Filling up the DagBag from /home/airflow/sandbox/lib/python3.8/site-packages/airflow/example_dags/example_task_group_decorator.py
[2021-07-14 23:04:19,818] {scheduler_job.py:643} INFO - DAG(s) dict_keys(['example_task_group_decorator']) retrieved from /home/airflow/sandbox/lib/python3.8/site-packages/airflow/example_dags/example_task_group_decorator.py
[2021-07-14 23:04:19,846] {logging_mixin.py:104} INFO - [2021-07-14 23:04:19,846] {dag.py:1832} INFO - Sync 1 DAGs
[2021-07-14 23:04:19,884] {logging_mixin.py:104} INFO - [2021-07-14 23:04:19,884] {dag.py:2305} INFO - Setting next_dagrun for example_task_group_decorator to 2021-07-12 00:00:00+00:00
[2021-07-14 23:04:19,932] {scheduler_job.py:190} INFO - Processing /home/airflow/sandbox/lib/python3.8/site-packages/airflow/example_dags/example_task_group_decorator.py took 0.253 seconds
[2021-07-14 23:04:42,425] {scheduler_job.py:182} INFO - Started process (PID=1714) to work on /home/airflow/sandbox/lib/python3.8/site-packages/airflow/example_dags/example_task_group_decorator.py
[2021-07-14 23:04:42,426] {scheduler_job.py:633} INFO - Processing file /home/airflow/sandbox/lib/python3.8/site-packages/airflow/example_dags/example_task_group_decorator.py for tasks to queue
[2021-07-14 23:04:42,430] {logging_mixin.py:104} INFO - [2021-07-14 23:04:42,430] {dagbag.py:487} INFO - Filling up the DagBag from /home/airflow/sandbox/lib/python3.8/site-packages/airflow/example_dags/example_task_group_decorator.py
[2021-07-14 23:04:42,516] {scheduler_job.py:643} INFO - DAG(s) dict_keys(['example_task_group_decorator']) retrieved from /home/airflow/sandbox/lib/python3.8/site-packages/airflow/example_dags/example_task_group_decorator.py
[2021-07-14 23:04:43,327] {logging_mixin.py:104} INFO - [2021-07-14 23:04:43,327] {dag.py:1832} INFO - Sync 1 DAGs
[2021-07-14 23:04:43,351] {logging_mixin.py:104} INFO - [2021-07-14 23:04:43,351] {dag.py:2305} INFO - Setting next_dagrun for example_task_group_decorator to 2021-07-12 00:00:00+00:00
[2021-07-14 23:04:43,371] {scheduler_job.py:190} INFO - Processing /home/airflow/sandbox/lib/python3.8/site-packages/airflow/example_dags/example_task_group_decorator.py took 0.951 seconds
[2021-07-14 23:05:03,714] {scheduler_job.py:182} INFO - Started process (PID=1748) to work on /home/airflow/sandbox/lib/python3.8/site-packages/airflow/example_dags/example_task_group_decorator.py
[2021-07-14 23:05:03,716] {scheduler_job.py:633} INFO - Processing file /home/airflow/sandbox/lib/python3.8/site-packages/airflow/example_dags/example_task_group_decorator.py for tasks to queue
[2021-07-14 23:05:03,716] {logging_mixin.py:104} INFO - [2021-07-14 23:05:03,716] {dagbag.py:487} INFO - Filling up the DagBag from /home/airflow/sandbox/lib/python3.8/site-packages/airflow/example_dags/example_task_group_decorator.py
[2021-07-14 23:05:04,038] {scheduler_job.py:643} INFO - DAG(s) dict_keys(['example_task_group_decorator']) retrieved from /home/airflow/sandbox/lib/python3.8/site-packages/airflow/example_dags/example_task_group_decorator.py
[2021-07-14 23:05:04,102] {logging_mixin.py:104} INFO - [2021-07-14 23:05:04,101] {dag.py:1832} INFO - Sync 1 DAGs
[2021-07-14 23:05:04,202] {logging_mixin.py:104} INFO - [2021-07-14 23:05:04,201] {dag.py:2305} INFO - Setting next_dagrun for example_task_group_decorator to 2021-07-12 00:00:00+00:00
[2021-07-14 23:05:04,303] {scheduler_job.py:190} INFO - Processing /home/airflow/sandbox/lib/python3.8/site-packages/airflow/example_dags/example_task_group_decorator.py took 0.609 seconds
[2021-07-14 23:05:24,371] {scheduler_job.py:182} INFO - Started process (PID=1774) to work on /home/airflow/sandbox/lib/python3.8/site-packages/airflow/example_dags/example_task_group_decorator.py
[2021-07-14 23:05:24,380] {scheduler_job.py:633} INFO - Processing file /home/airflow/sandbox/lib/python3.8/site-packages/airflow/example_dags/example_task_group_decorator.py for tasks to queue
[2021-07-14 23:05:24,382] {logging_mixin.py:104} INFO - [2021-07-14 23:05:24,382] {dagbag.py:487} INFO - Filling up the DagBag from /home/airflow/sandbox/lib/python3.8/site-packages/airflow/example_dags/example_task_group_decorator.py
[2021-07-14 23:05:24,424] {scheduler_job.py:643} INFO - DAG(s) dict_keys(['example_task_group_decorator']) retrieved from /home/airflow/sandbox/lib/python3.8/site-packages/airflow/example_dags/example_task_group_decorator.py
[2021-07-14 23:05:25,214] {logging_mixin.py:104} INFO - [2021-07-14 23:05:25,213] {dag.py:1832} INFO - Sync 1 DAGs
[2021-07-14 23:05:25,252] {logging_mixin.py:104} INFO - [2021-07-14 23:05:25,252] {dag.py:2305} INFO - Setting next_dagrun for example_task_group_decorator to 2021-07-12 00:00:00+00:00
[2021-07-14 23:05:25,300] {scheduler_job.py:190} INFO - Processing /home/airflow/sandbox/lib/python3.8/site-packages/airflow/example_dags/example_task_group_decorator.py took 0.932 seconds
[2021-07-14 23:05:43,284] {scheduler_job.py:182} INFO - Started process (PID=1807) to work on /home/airflow/sandbox/lib/python3.8/site-packages/airflow/example_dags/example_task_group_decorator.py
[2021-07-14 23:05:43,285] {scheduler_job.py:633} INFO - Processing file /home/airflow/sandbox/lib/python3.8/site-packages/airflow/example_dags/example_task_group_decorator.py for tasks to queue
[2021-07-14 23:05:43,285] {logging_mixin.py:104} INFO - [2021-07-14 23:05:43,285] {dagbag.py:487} INFO - Filling up the DagBag from /home/airflow/sandbox/lib/python3.8/site-packages/airflow/example_dags/example_task_group_decorator.py
[2021-07-14 23:05:43,310] {scheduler_job.py:643} INFO - DAG(s) dict_keys(['example_task_group_decorator']) retrieved from /home/airflow/sandbox/lib/python3.8/site-packages/airflow/example_dags/example_task_group_decorator.py
[2021-07-14 23:05:43,317] {logging_mixin.py:104} INFO - [2021-07-14 23:05:43,317] {dag.py:1832} INFO - Sync 1 DAGs
[2021-07-14 23:05:43,328] {logging_mixin.py:104} INFO - [2021-07-14 23:05:43,328] {dag.py:2305} INFO - Setting next_dagrun for example_task_group_decorator to 2021-07-12 00:00:00+00:00
[2021-07-14 23:05:43,340] {scheduler_job.py:190} INFO - Processing /home/airflow/sandbox/lib/python3.8/site-packages/airflow/example_dags/example_task_group_decorator.py took 0.058 seconds
[2021-07-14 23:06:00,286] {scheduler_job.py:182} INFO - Started process (PID=1838) to work on /home/airflow/sandbox/lib/python3.8/site-packages/airflow/example_dags/example_task_group_decorator.py
[2021-07-14 23:06:00,287] {scheduler_job.py:633} INFO - Processing file /home/airflow/sandbox/lib/python3.8/site-packages/airflow/example_dags/example_task_group_decorator.py for tasks to queue
[2021-07-14 23:06:00,288] {logging_mixin.py:104} INFO - [2021-07-14 23:06:00,288] {dagbag.py:487} INFO - Filling up the DagBag from /home/airflow/sandbox/lib/python3.8/site-packages/airflow/example_dags/example_task_group_decorator.py
[2021-07-14 23:06:00,306] {scheduler_job.py:643} INFO - DAG(s) dict_keys(['example_task_group_decorator']) retrieved from /home/airflow/sandbox/lib/python3.8/site-packages/airflow/example_dags/example_task_group_decorator.py
[2021-07-14 23:06:00,614] {logging_mixin.py:104} INFO - [2021-07-14 23:06:00,614] {dag.py:1832} INFO - Sync 1 DAGs
[2021-07-14 23:06:00,622] {logging_mixin.py:104} INFO - [2021-07-14 23:06:00,622] {dag.py:2305} INFO - Setting next_dagrun for example_task_group_decorator to 2021-07-12 00:00:00+00:00
[2021-07-14 23:06:00,644] {scheduler_job.py:190} INFO - Processing /home/airflow/sandbox/lib/python3.8/site-packages/airflow/example_dags/example_task_group_decorator.py took 0.360 seconds
[2021-07-14 23:06:16,508] {scheduler_job.py:182} INFO - Started process (PID=1869) to work on /home/airflow/sandbox/lib/python3.8/site-packages/airflow/example_dags/example_task_group_decorator.py
[2021-07-14 23:06:16,509] {scheduler_job.py:633} INFO - Processing file /home/airflow/sandbox/lib/python3.8/site-packages/airflow/example_dags/example_task_group_decorator.py for tasks to queue
[2021-07-14 23:06:16,510] {logging_mixin.py:104} INFO - [2021-07-14 23:06:16,510] {dagbag.py:487} INFO - Filling up the DagBag from /home/airflow/sandbox/lib/python3.8/site-packages/airflow/example_dags/example_task_group_decorator.py
[2021-07-14 23:06:16,545] {scheduler_job.py:643} INFO - DAG(s) dict_keys(['example_task_group_decorator']) retrieved from /home/airflow/sandbox/lib/python3.8/site-packages/airflow/example_dags/example_task_group_decorator.py
[2021-07-14 23:06:16,563] {logging_mixin.py:104} INFO - [2021-07-14 23:06:16,563] {dag.py:1832} INFO - Sync 1 DAGs
[2021-07-14 23:06:16,581] {logging_mixin.py:104} INFO - [2021-07-14 23:06:16,581] {dag.py:2305} INFO - Setting next_dagrun for example_task_group_decorator to 2021-07-12 00:00:00+00:00
[2021-07-14 23:06:16,594] {scheduler_job.py:190} INFO - Processing /home/airflow/sandbox/lib/python3.8/site-packages/airflow/example_dags/example_task_group_decorator.py took 0.090 seconds
[2021-07-14 23:06:33,992] {scheduler_job.py:182} INFO - Started process (PID=1898) to work on /home/airflow/sandbox/lib/python3.8/site-packages/airflow/example_dags/example_task_group_decorator.py
[2021-07-14 23:06:33,993] {scheduler_job.py:633} INFO - Processing file /home/airflow/sandbox/lib/python3.8/site-packages/airflow/example_dags/example_task_group_decorator.py for tasks to queue
[2021-07-14 23:06:33,993] {logging_mixin.py:104} INFO - [2021-07-14 23:06:33,993] {dagbag.py:487} INFO - Filling up the DagBag from /home/airflow/sandbox/lib/python3.8/site-packages/airflow/example_dags/example_task_group_decorator.py
[2021-07-14 23:06:34,018] {scheduler_job.py:643} INFO - DAG(s) dict_keys(['example_task_group_decorator']) retrieved from /home/airflow/sandbox/lib/python3.8/site-packages/airflow/example_dags/example_task_group_decorator.py
[2021-07-14 23:06:34,516] {logging_mixin.py:104} INFO - [2021-07-14 23:06:34,515] {dag.py:1832} INFO - Sync 1 DAGs
[2021-07-14 23:06:34,526] {logging_mixin.py:104} INFO - [2021-07-14 23:06:34,526] {dag.py:2305} INFO - Setting next_dagrun for example_task_group_decorator to 2021-07-12 00:00:00+00:00
[2021-07-14 23:06:34,541] {scheduler_job.py:190} INFO - Processing /home/airflow/sandbox/lib/python3.8/site-packages/airflow/example_dags/example_task_group_decorator.py took 0.552 seconds
[2021-07-14 23:06:55,479] {scheduler_job.py:182} INFO - Started process (PID=1930) to work on /home/airflow/sandbox/lib/python3.8/site-packages/airflow/example_dags/example_task_group_decorator.py
[2021-07-14 23:06:55,487] {scheduler_job.py:633} INFO - Processing file /home/airflow/sandbox/lib/python3.8/site-packages/airflow/example_dags/example_task_group_decorator.py for tasks to queue
[2021-07-14 23:06:55,488] {logging_mixin.py:104} INFO - [2021-07-14 23:06:55,488] {dagbag.py:487} INFO - Filling up the DagBag from /home/airflow/sandbox/lib/python3.8/site-packages/airflow/example_dags/example_task_group_decorator.py
[2021-07-14 23:06:55,528] {scheduler_job.py:643} INFO - DAG(s) dict_keys(['example_task_group_decorator']) retrieved from /home/airflow/sandbox/lib/python3.8/site-packages/airflow/example_dags/example_task_group_decorator.py
[2021-07-14 23:06:55,544] {logging_mixin.py:104} INFO - [2021-07-14 23:06:55,544] {dag.py:1832} INFO - Sync 1 DAGs
[2021-07-14 23:06:55,564] {logging_mixin.py:104} INFO - [2021-07-14 23:06:55,564] {dag.py:2305} INFO - Setting next_dagrun for example_task_group_decorator to 2021-07-12 00:00:00+00:00
[2021-07-14 23:06:55,594] {scheduler_job.py:190} INFO - Processing /home/airflow/sandbox/lib/python3.8/site-packages/airflow/example_dags/example_task_group_decorator.py took 0.120 seconds
[2021-07-14 23:07:14,376] {scheduler_job.py:182} INFO - Started process (PID=1965) to work on /home/airflow/sandbox/lib/python3.8/site-packages/airflow/example_dags/example_task_group_decorator.py
[2021-07-14 23:07:14,380] {scheduler_job.py:633} INFO - Processing file /home/airflow/sandbox/lib/python3.8/site-packages/airflow/example_dags/example_task_group_decorator.py for tasks to queue
[2021-07-14 23:07:14,382] {logging_mixin.py:104} INFO - [2021-07-14 23:07:14,381] {dagbag.py:487} INFO - Filling up the DagBag from /home/airflow/sandbox/lib/python3.8/site-packages/airflow/example_dags/example_task_group_decorator.py
[2021-07-14 23:07:14,477] {scheduler_job.py:643} INFO - DAG(s) dict_keys(['example_task_group_decorator']) retrieved from /home/airflow/sandbox/lib/python3.8/site-packages/airflow/example_dags/example_task_group_decorator.py
[2021-07-14 23:07:15,499] {logging_mixin.py:104} INFO - [2021-07-14 23:07:15,499] {dag.py:1832} INFO - Sync 1 DAGs
[2021-07-14 23:07:15,517] {logging_mixin.py:104} INFO - [2021-07-14 23:07:15,517] {dag.py:2305} INFO - Setting next_dagrun for example_task_group_decorator to 2021-07-12 00:00:00+00:00
[2021-07-14 23:07:15,544] {scheduler_job.py:190} INFO - Processing /home/airflow/sandbox/lib/python3.8/site-packages/airflow/example_dags/example_task_group_decorator.py took 1.176 seconds
[2021-07-14 23:07:30,448] {scheduler_job.py:182} INFO - Started process (PID=1994) to work on /home/airflow/sandbox/lib/python3.8/site-packages/airflow/example_dags/example_task_group_decorator.py
[2021-07-14 23:07:30,452] {scheduler_job.py:633} INFO - Processing file /home/airflow/sandbox/lib/python3.8/site-packages/airflow/example_dags/example_task_group_decorator.py for tasks to queue
[2021-07-14 23:07:30,453] {logging_mixin.py:104} INFO - [2021-07-14 23:07:30,453] {dagbag.py:487} INFO - Filling up the DagBag from /home/airflow/sandbox/lib/python3.8/site-packages/airflow/example_dags/example_task_group_decorator.py
[2021-07-14 23:07:30,478] {scheduler_job.py:643} INFO - DAG(s) dict_keys(['example_task_group_decorator']) retrieved from /home/airflow/sandbox/lib/python3.8/site-packages/airflow/example_dags/example_task_group_decorator.py
[2021-07-14 23:07:30,485] {logging_mixin.py:104} INFO - [2021-07-14 23:07:30,485] {dag.py:1832} INFO - Sync 1 DAGs
[2021-07-14 23:07:30,495] {logging_mixin.py:104} INFO - [2021-07-14 23:07:30,495] {dag.py:2305} INFO - Setting next_dagrun for example_task_group_decorator to 2021-07-12 00:00:00+00:00
[2021-07-14 23:07:30,505] {scheduler_job.py:190} INFO - Processing /home/airflow/sandbox/lib/python3.8/site-packages/airflow/example_dags/example_task_group_decorator.py took 0.061 seconds
[2021-07-14 23:07:46,846] {scheduler_job.py:182} INFO - Started process (PID=2030) to work on /home/airflow/sandbox/lib/python3.8/site-packages/airflow/example_dags/example_task_group_decorator.py
[2021-07-14 23:07:46,846] {scheduler_job.py:633} INFO - Processing file /home/airflow/sandbox/lib/python3.8/site-packages/airflow/example_dags/example_task_group_decorator.py for tasks to queue
[2021-07-14 23:07:46,847] {logging_mixin.py:104} INFO - [2021-07-14 23:07:46,847] {dagbag.py:487} INFO - Filling up the DagBag from /home/airflow/sandbox/lib/python3.8/site-packages/airflow/example_dags/example_task_group_decorator.py
[2021-07-14 23:07:46,864] {scheduler_job.py:643} INFO - DAG(s) dict_keys(['example_task_group_decorator']) retrieved from /home/airflow/sandbox/lib/python3.8/site-packages/airflow/example_dags/example_task_group_decorator.py
[2021-07-14 23:07:47,121] {logging_mixin.py:104} INFO - [2021-07-14 23:07:47,121] {dag.py:1832} INFO - Sync 1 DAGs
[2021-07-14 23:07:47,128] {logging_mixin.py:104} INFO - [2021-07-14 23:07:47,128] {dag.py:2305} INFO - Setting next_dagrun for example_task_group_decorator to 2021-07-12 00:00:00+00:00
[2021-07-14 23:07:47,139] {scheduler_job.py:190} INFO - Processing /home/airflow/sandbox/lib/python3.8/site-packages/airflow/example_dags/example_task_group_decorator.py took 0.295 seconds
[2021-07-14 23:08:01,959] {scheduler_job.py:182} INFO - Started process (PID=2058) to work on /home/airflow/sandbox/lib/python3.8/site-packages/airflow/example_dags/example_task_group_decorator.py
[2021-07-14 23:08:01,961] {scheduler_job.py:633} INFO - Processing file /home/airflow/sandbox/lib/python3.8/site-packages/airflow/example_dags/example_task_group_decorator.py for tasks to queue
[2021-07-14 23:08:01,963] {logging_mixin.py:104} INFO - [2021-07-14 23:08:01,962] {dagbag.py:487} INFO - Filling up the DagBag from /home/airflow/sandbox/lib/python3.8/site-packages/airflow/example_dags/example_task_group_decorator.py
[2021-07-14 23:08:01,999] {scheduler_job.py:643} INFO - DAG(s) dict_keys(['example_task_group_decorator']) retrieved from /home/airflow/sandbox/lib/python3.8/site-packages/airflow/example_dags/example_task_group_decorator.py
[2021-07-14 23:08:02,011] {logging_mixin.py:104} INFO - [2021-07-14 23:08:02,011] {dag.py:1832} INFO - Sync 1 DAGs
[2021-07-14 23:08:02,049] {logging_mixin.py:104} INFO - [2021-07-14 23:08:02,048] {dag.py:2305} INFO - Setting next_dagrun for example_task_group_decorator to 2021-07-12 00:00:00+00:00
[2021-07-14 23:08:02,071] {scheduler_job.py:190} INFO - Processing /home/airflow/sandbox/lib/python3.8/site-packages/airflow/example_dags/example_task_group_decorator.py took 0.117 seconds
[2021-07-14 23:08:19,478] {scheduler_job.py:182} INFO - Started process (PID=2093) to work on /home/airflow/sandbox/lib/python3.8/site-packages/airflow/example_dags/example_task_group_decorator.py
[2021-07-14 23:08:19,479] {scheduler_job.py:633} INFO - Processing file /home/airflow/sandbox/lib/python3.8/site-packages/airflow/example_dags/example_task_group_decorator.py for tasks to queue
[2021-07-14 23:08:19,479] {logging_mixin.py:104} INFO - [2021-07-14 23:08:19,479] {dagbag.py:487} INFO - Filling up the DagBag from /home/airflow/sandbox/lib/python3.8/site-packages/airflow/example_dags/example_task_group_decorator.py
[2021-07-14 23:08:19,497] {scheduler_job.py:643} INFO - DAG(s) dict_keys(['example_task_group_decorator']) retrieved from /home/airflow/sandbox/lib/python3.8/site-packages/airflow/example_dags/example_task_group_decorator.py
[2021-07-14 23:08:19,812] {logging_mixin.py:104} INFO - [2021-07-14 23:08:19,812] {dag.py:1832} INFO - Sync 1 DAGs
[2021-07-14 23:08:19,819] {logging_mixin.py:104} INFO - [2021-07-14 23:08:19,819] {dag.py:2305} INFO - Setting next_dagrun for example_task_group_decorator to 2021-07-12 00:00:00+00:00
[2021-07-14 23:08:19,830] {scheduler_job.py:190} INFO - Processing /home/airflow/sandbox/lib/python3.8/site-packages/airflow/example_dags/example_task_group_decorator.py took 0.354 seconds
[2021-07-14 23:08:33,170] {scheduler_job.py:182} INFO - Started process (PID=2120) to work on /home/airflow/sandbox/lib/python3.8/site-packages/airflow/example_dags/example_task_group_decorator.py
[2021-07-14 23:08:33,171] {scheduler_job.py:633} INFO - Processing file /home/airflow/sandbox/lib/python3.8/site-packages/airflow/example_dags/example_task_group_decorator.py for tasks to queue
[2021-07-14 23:08:33,172] {logging_mixin.py:104} INFO - [2021-07-14 23:08:33,172] {dagbag.py:487} INFO - Filling up the DagBag from /home/airflow/sandbox/lib/python3.8/site-packages/airflow/example_dags/example_task_group_decorator.py
[2021-07-14 23:08:33,198] {scheduler_job.py:643} INFO - DAG(s) dict_keys(['example_task_group_decorator']) retrieved from /home/airflow/sandbox/lib/python3.8/site-packages/airflow/example_dags/example_task_group_decorator.py
[2021-07-14 23:08:33,206] {logging_mixin.py:104} INFO - [2021-07-14 23:08:33,206] {dag.py:1832} INFO - Sync 1 DAGs
[2021-07-14 23:08:33,217] {logging_mixin.py:104} INFO - [2021-07-14 23:08:33,217] {dag.py:2305} INFO - Setting next_dagrun for example_task_group_decorator to 2021-07-12 00:00:00+00:00
[2021-07-14 23:08:33,236] {scheduler_job.py:190} INFO - Processing /home/airflow/sandbox/lib/python3.8/site-packages/airflow/example_dags/example_task_group_decorator.py took 0.068 seconds
[2021-07-14 23:08:51,904] {scheduler_job.py:182} INFO - Started process (PID=2155) to work on /home/airflow/sandbox/lib/python3.8/site-packages/airflow/example_dags/example_task_group_decorator.py
[2021-07-14 23:08:51,905] {scheduler_job.py:633} INFO - Processing file /home/airflow/sandbox/lib/python3.8/site-packages/airflow/example_dags/example_task_group_decorator.py for tasks to queue
[2021-07-14 23:08:51,905] {logging_mixin.py:104} INFO - [2021-07-14 23:08:51,905] {dagbag.py:487} INFO - Filling up the DagBag from /home/airflow/sandbox/lib/python3.8/site-packages/airflow/example_dags/example_task_group_decorator.py
[2021-07-14 23:08:51,923] {scheduler_job.py:643} INFO - DAG(s) dict_keys(['example_task_group_decorator']) retrieved from /home/airflow/sandbox/lib/python3.8/site-packages/airflow/example_dags/example_task_group_decorator.py
[2021-07-14 23:08:52,307] {logging_mixin.py:104} INFO - [2021-07-14 23:08:52,307] {dag.py:1832} INFO - Sync 1 DAGs
[2021-07-14 23:08:52,315] {logging_mixin.py:104} INFO - [2021-07-14 23:08:52,315] {dag.py:2305} INFO - Setting next_dagrun for example_task_group_decorator to 2021-07-12 00:00:00+00:00
[2021-07-14 23:08:52,326] {scheduler_job.py:190} INFO - Processing /home/airflow/sandbox/lib/python3.8/site-packages/airflow/example_dags/example_task_group_decorator.py took 0.424 seconds
[2021-07-14 23:09:04,033] {scheduler_job.py:182} INFO - Started process (PID=2179) to work on /home/airflow/sandbox/lib/python3.8/site-packages/airflow/example_dags/example_task_group_decorator.py
[2021-07-14 23:09:04,034] {scheduler_job.py:633} INFO - Processing file /home/airflow/sandbox/lib/python3.8/site-packages/airflow/example_dags/example_task_group_decorator.py for tasks to queue
[2021-07-14 23:09:04,034] {logging_mixin.py:104} INFO - [2021-07-14 23:09:04,034] {dagbag.py:487} INFO - Filling up the DagBag from /home/airflow/sandbox/lib/python3.8/site-packages/airflow/example_dags/example_task_group_decorator.py
[2021-07-14 23:09:04,053] {scheduler_job.py:643} INFO - DAG(s) dict_keys(['example_task_group_decorator']) retrieved from /home/airflow/sandbox/lib/python3.8/site-packages/airflow/example_dags/example_task_group_decorator.py
[2021-07-14 23:09:04,060] {logging_mixin.py:104} INFO - [2021-07-14 23:09:04,060] {dag.py:1832} INFO - Sync 1 DAGs
[2021-07-14 23:09:04,069] {logging_mixin.py:104} INFO - [2021-07-14 23:09:04,069] {dag.py:2305} INFO - Setting next_dagrun for example_task_group_decorator to 2021-07-12 00:00:00+00:00
[2021-07-14 23:09:04,081] {scheduler_job.py:190} INFO - Processing /home/airflow/sandbox/lib/python3.8/site-packages/airflow/example_dags/example_task_group_decorator.py took 0.051 seconds
[2021-07-14 23:09:24,683] {scheduler_job.py:182} INFO - Started process (PID=2219) to work on /home/airflow/sandbox/lib/python3.8/site-packages/airflow/example_dags/example_task_group_decorator.py
[2021-07-14 23:09:24,684] {scheduler_job.py:633} INFO - Processing file /home/airflow/sandbox/lib/python3.8/site-packages/airflow/example_dags/example_task_group_decorator.py for tasks to queue
[2021-07-14 23:09:24,684] {logging_mixin.py:104} INFO - [2021-07-14 23:09:24,684] {dagbag.py:487} INFO - Filling up the DagBag from /home/airflow/sandbox/lib/python3.8/site-packages/airflow/example_dags/example_task_group_decorator.py
[2021-07-14 23:09:24,702] {scheduler_job.py:643} INFO - DAG(s) dict_keys(['example_task_group_decorator']) retrieved from /home/airflow/sandbox/lib/python3.8/site-packages/airflow/example_dags/example_task_group_decorator.py
[2021-07-14 23:09:24,964] {logging_mixin.py:104} INFO - [2021-07-14 23:09:24,964] {dag.py:1832} INFO - Sync 1 DAGs
[2021-07-14 23:09:24,970] {logging_mixin.py:104} INFO - [2021-07-14 23:09:24,970] {dag.py:2305} INFO - Setting next_dagrun for example_task_group_decorator to 2021-07-12 00:00:00+00:00
[2021-07-14 23:09:24,990] {scheduler_job.py:190} INFO - Processing /home/airflow/sandbox/lib/python3.8/site-packages/airflow/example_dags/example_task_group_decorator.py took 0.310 seconds
[2021-07-14 23:09:35,461] {scheduler_job.py:182} INFO - Started process (PID=2239) to work on /home/airflow/sandbox/lib/python3.8/site-packages/airflow/example_dags/example_task_group_decorator.py
[2021-07-14 23:09:35,463] {scheduler_job.py:633} INFO - Processing file /home/airflow/sandbox/lib/python3.8/site-packages/airflow/example_dags/example_task_group_decorator.py for tasks to queue
[2021-07-14 23:09:35,464] {logging_mixin.py:104} INFO - [2021-07-14 23:09:35,464] {dagbag.py:487} INFO - Filling up the DagBag from /home/airflow/sandbox/lib/python3.8/site-packages/airflow/example_dags/example_task_group_decorator.py
[2021-07-14 23:09:35,490] {scheduler_job.py:643} INFO - DAG(s) dict_keys(['example_task_group_decorator']) retrieved from /home/airflow/sandbox/lib/python3.8/site-packages/airflow/example_dags/example_task_group_decorator.py
[2021-07-14 23:09:35,503] {logging_mixin.py:104} INFO - [2021-07-14 23:09:35,503] {dag.py:1832} INFO - Sync 1 DAGs
[2021-07-14 23:09:35,518] {logging_mixin.py:104} INFO - [2021-07-14 23:09:35,518] {dag.py:2305} INFO - Setting next_dagrun for example_task_group_decorator to 2021-07-12 00:00:00+00:00
[2021-07-14 23:09:35,545] {scheduler_job.py:190} INFO - Processing /home/airflow/sandbox/lib/python3.8/site-packages/airflow/example_dags/example_task_group_decorator.py took 0.089 seconds
[2021-07-14 23:09:57,341] {scheduler_job.py:182} INFO - Started process (PID=2283) to work on /home/airflow/sandbox/lib/python3.8/site-packages/airflow/example_dags/example_task_group_decorator.py
[2021-07-14 23:09:57,343] {scheduler_job.py:633} INFO - Processing file /home/airflow/sandbox/lib/python3.8/site-packages/airflow/example_dags/example_task_group_decorator.py for tasks to queue
[2021-07-14 23:09:57,344] {logging_mixin.py:104} INFO - [2021-07-14 23:09:57,344] {dagbag.py:487} INFO - Filling up the DagBag from /home/airflow/sandbox/lib/python3.8/site-packages/airflow/example_dags/example_task_group_decorator.py
[2021-07-14 23:09:57,370] {scheduler_job.py:643} INFO - DAG(s) dict_keys(['example_task_group_decorator']) retrieved from /home/airflow/sandbox/lib/python3.8/site-packages/airflow/example_dags/example_task_group_decorator.py
[2021-07-14 23:09:57,872] {logging_mixin.py:104} INFO - [2021-07-14 23:09:57,872] {dag.py:1832} INFO - Sync 1 DAGs
[2021-07-14 23:09:57,889] {logging_mixin.py:104} INFO - [2021-07-14 23:09:57,889] {dag.py:2305} INFO - Setting next_dagrun for example_task_group_decorator to 2021-07-12 00:00:00+00:00
[2021-07-14 23:09:57,904] {scheduler_job.py:190} INFO - Processing /home/airflow/sandbox/lib/python3.8/site-packages/airflow/example_dags/example_task_group_decorator.py took 0.567 seconds
[2021-07-14 23:10:06,882] {scheduler_job.py:182} INFO - Started process (PID=2301) to work on /home/airflow/sandbox/lib/python3.8/site-packages/airflow/example_dags/example_task_group_decorator.py
[2021-07-14 23:10:06,883] {scheduler_job.py:633} INFO - Processing file /home/airflow/sandbox/lib/python3.8/site-packages/airflow/example_dags/example_task_group_decorator.py for tasks to queue
[2021-07-14 23:10:06,884] {logging_mixin.py:104} INFO - [2021-07-14 23:10:06,884] {dagbag.py:487} INFO - Filling up the DagBag from /home/airflow/sandbox/lib/python3.8/site-packages/airflow/example_dags/example_task_group_decorator.py
[2021-07-14 23:10:06,906] {scheduler_job.py:643} INFO - DAG(s) dict_keys(['example_task_group_decorator']) retrieved from /home/airflow/sandbox/lib/python3.8/site-packages/airflow/example_dags/example_task_group_decorator.py
[2021-07-14 23:10:06,914] {logging_mixin.py:104} INFO - [2021-07-14 23:10:06,914] {dag.py:1832} INFO - Sync 1 DAGs
[2021-07-14 23:10:06,925] {logging_mixin.py:104} INFO - [2021-07-14 23:10:06,925] {dag.py:2305} INFO - Setting next_dagrun for example_task_group_decorator to 2021-07-12 00:00:00+00:00
[2021-07-14 23:10:06,945] {scheduler_job.py:190} INFO - Processing /home/airflow/sandbox/lib/python3.8/site-packages/airflow/example_dags/example_task_group_decorator.py took 0.066 seconds
[2021-07-14 23:10:32,713] {scheduler_job.py:182} INFO - Started process (PID=2348) to work on /home/airflow/sandbox/lib/python3.8/site-packages/airflow/example_dags/example_task_group_decorator.py
[2021-07-14 23:10:32,715] {scheduler_job.py:633} INFO - Processing file /home/airflow/sandbox/lib/python3.8/site-packages/airflow/example_dags/example_task_group_decorator.py for tasks to queue
[2021-07-14 23:10:32,716] {logging_mixin.py:104} INFO - [2021-07-14 23:10:32,716] {dagbag.py:487} INFO - Filling up the DagBag from /home/airflow/sandbox/lib/python3.8/site-packages/airflow/example_dags/example_task_group_decorator.py
[2021-07-14 23:10:32,742] {scheduler_job.py:643} INFO - DAG(s) dict_keys(['example_task_group_decorator']) retrieved from /home/airflow/sandbox/lib/python3.8/site-packages/airflow/example_dags/example_task_group_decorator.py
[2021-07-14 23:10:33,291] {logging_mixin.py:104} INFO - [2021-07-14 23:10:33,290] {dag.py:1832} INFO - Sync 1 DAGs
[2021-07-14 23:10:33,303] {logging_mixin.py:104} INFO - [2021-07-14 23:10:33,303] {dag.py:2305} INFO - Setting next_dagrun for example_task_group_decorator to 2021-07-12 00:00:00+00:00
[2021-07-14 23:10:33,321] {scheduler_job.py:190} INFO - Processing /home/airflow/sandbox/lib/python3.8/site-packages/airflow/example_dags/example_task_group_decorator.py took 0.611 seconds
[2021-07-14 23:10:39,942] {scheduler_job.py:182} INFO - Started process (PID=2360) to work on /home/airflow/sandbox/lib/python3.8/site-packages/airflow/example_dags/example_task_group_decorator.py
[2021-07-14 23:10:39,945] {scheduler_job.py:633} INFO - Processing file /home/airflow/sandbox/lib/python3.8/site-packages/airflow/example_dags/example_task_group_decorator.py for tasks to queue
[2021-07-14 23:10:39,946] {logging_mixin.py:104} INFO - [2021-07-14 23:10:39,946] {dagbag.py:487} INFO - Filling up the DagBag from /home/airflow/sandbox/lib/python3.8/site-packages/airflow/example_dags/example_task_group_decorator.py
[2021-07-14 23:10:40,005] {scheduler_job.py:643} INFO - DAG(s) dict_keys(['example_task_group_decorator']) retrieved from /home/airflow/sandbox/lib/python3.8/site-packages/airflow/example_dags/example_task_group_decorator.py
[2021-07-14 23:10:40,031] {logging_mixin.py:104} INFO - [2021-07-14 23:10:40,030] {dag.py:1832} INFO - Sync 1 DAGs
[2021-07-14 23:10:40,062] {logging_mixin.py:104} INFO - [2021-07-14 23:10:40,062] {dag.py:2305} INFO - Setting next_dagrun for example_task_group_decorator to 2021-07-12 00:00:00+00:00
[2021-07-14 23:10:40,097] {scheduler_job.py:190} INFO - Processing /home/airflow/sandbox/lib/python3.8/site-packages/airflow/example_dags/example_task_group_decorator.py took 0.163 seconds
[2021-07-14 23:11:10,493] {scheduler_job.py:182} INFO - Started process (PID=2396) to work on /home/airflow/sandbox/lib/python3.8/site-packages/airflow/example_dags/example_task_group_decorator.py
[2021-07-14 23:11:10,494] {scheduler_job.py:633} INFO - Processing file /home/airflow/sandbox/lib/python3.8/site-packages/airflow/example_dags/example_task_group_decorator.py for tasks to queue
[2021-07-14 23:11:10,495] {logging_mixin.py:104} INFO - [2021-07-14 23:11:10,495] {dagbag.py:487} INFO - Filling up the DagBag from /home/airflow/sandbox/lib/python3.8/site-packages/airflow/example_dags/example_task_group_decorator.py
[2021-07-14 23:11:10,528] {scheduler_job.py:643} INFO - DAG(s) dict_keys(['example_task_group_decorator']) retrieved from /home/airflow/sandbox/lib/python3.8/site-packages/airflow/example_dags/example_task_group_decorator.py
[2021-07-14 23:11:11,038] {logging_mixin.py:104} INFO - [2021-07-14 23:11:11,038] {dag.py:1832} INFO - Sync 1 DAGs
[2021-07-14 23:11:11,056] {logging_mixin.py:104} INFO - [2021-07-14 23:11:11,056] {dag.py:2305} INFO - Setting next_dagrun for example_task_group_decorator to 2021-07-12 00:00:00+00:00
[2021-07-14 23:11:11,077] {scheduler_job.py:190} INFO - Processing /home/airflow/sandbox/lib/python3.8/site-packages/airflow/example_dags/example_task_group_decorator.py took 0.589 seconds
[2021-07-14 23:11:27,053] {scheduler_job.py:182} INFO - Started process (PID=2421) to work on /home/airflow/sandbox/lib/python3.8/site-packages/airflow/example_dags/example_task_group_decorator.py
[2021-07-14 23:11:27,055] {scheduler_job.py:633} INFO - Processing file /home/airflow/sandbox/lib/python3.8/site-packages/airflow/example_dags/example_task_group_decorator.py for tasks to queue
[2021-07-14 23:11:27,055] {logging_mixin.py:104} INFO - [2021-07-14 23:11:27,055] {dagbag.py:487} INFO - Filling up the DagBag from /home/airflow/sandbox/lib/python3.8/site-packages/airflow/example_dags/example_task_group_decorator.py
[2021-07-14 23:11:27,082] {scheduler_job.py:643} INFO - DAG(s) dict_keys(['example_task_group_decorator']) retrieved from /home/airflow/sandbox/lib/python3.8/site-packages/airflow/example_dags/example_task_group_decorator.py
[2021-07-14 23:11:27,092] {logging_mixin.py:104} INFO - [2021-07-14 23:11:27,092] {dag.py:1832} INFO - Sync 1 DAGs
[2021-07-14 23:11:27,105] {logging_mixin.py:104} INFO - [2021-07-14 23:11:27,105] {dag.py:2305} INFO - Setting next_dagrun for example_task_group_decorator to 2021-07-12 00:00:00+00:00
[2021-07-14 23:11:27,121] {scheduler_job.py:190} INFO - Processing /home/airflow/sandbox/lib/python3.8/site-packages/airflow/example_dags/example_task_group_decorator.py took 0.072 seconds
[2021-07-14 23:11:46,050] {scheduler_job.py:182} INFO - Started process (PID=2458) to work on /home/airflow/sandbox/lib/python3.8/site-packages/airflow/example_dags/example_task_group_decorator.py
[2021-07-14 23:11:46,051] {scheduler_job.py:633} INFO - Processing file /home/airflow/sandbox/lib/python3.8/site-packages/airflow/example_dags/example_task_group_decorator.py for tasks to queue
[2021-07-14 23:11:46,051] {logging_mixin.py:104} INFO - [2021-07-14 23:11:46,051] {dagbag.py:487} INFO - Filling up the DagBag from /home/airflow/sandbox/lib/python3.8/site-packages/airflow/example_dags/example_task_group_decorator.py
[2021-07-14 23:11:46,070] {scheduler_job.py:643} INFO - DAG(s) dict_keys(['example_task_group_decorator']) retrieved from /home/airflow/sandbox/lib/python3.8/site-packages/airflow/example_dags/example_task_group_decorator.py
[2021-07-14 23:11:46,360] {logging_mixin.py:104} INFO - [2021-07-14 23:11:46,359] {dag.py:1832} INFO - Sync 1 DAGs
[2021-07-14 23:11:46,368] {logging_mixin.py:104} INFO - [2021-07-14 23:11:46,367] {dag.py:2305} INFO - Setting next_dagrun for example_task_group_decorator to 2021-07-12 00:00:00+00:00
[2021-07-14 23:11:46,387] {scheduler_job.py:190} INFO - Processing /home/airflow/sandbox/lib/python3.8/site-packages/airflow/example_dags/example_task_group_decorator.py took 0.340 seconds
[2021-07-14 23:11:59,225] {scheduler_job.py:182} INFO - Started process (PID=2483) to work on /home/airflow/sandbox/lib/python3.8/site-packages/airflow/example_dags/example_task_group_decorator.py
[2021-07-14 23:11:59,226] {scheduler_job.py:633} INFO - Processing file /home/airflow/sandbox/lib/python3.8/site-packages/airflow/example_dags/example_task_group_decorator.py for tasks to queue
[2021-07-14 23:11:59,226] {logging_mixin.py:104} INFO - [2021-07-14 23:11:59,226] {dagbag.py:487} INFO - Filling up the DagBag from /home/airflow/sandbox/lib/python3.8/site-packages/airflow/example_dags/example_task_group_decorator.py
[2021-07-14 23:11:59,244] {scheduler_job.py:643} INFO - DAG(s) dict_keys(['example_task_group_decorator']) retrieved from /home/airflow/sandbox/lib/python3.8/site-packages/airflow/example_dags/example_task_group_decorator.py
[2021-07-14 23:11:59,252] {logging_mixin.py:104} INFO - [2021-07-14 23:11:59,251] {dag.py:1832} INFO - Sync 1 DAGs
[2021-07-14 23:11:59,262] {logging_mixin.py:104} INFO - [2021-07-14 23:11:59,262] {dag.py:2305} INFO - Setting next_dagrun for example_task_group_decorator to 2021-07-12 00:00:00+00:00
[2021-07-14 23:11:59,271] {scheduler_job.py:190} INFO - Processing /home/airflow/sandbox/lib/python3.8/site-packages/airflow/example_dags/example_task_group_decorator.py took 0.050 seconds
[2021-07-14 23:12:19,118] {scheduler_job.py:182} INFO - Started process (PID=2524) to work on /home/airflow/sandbox/lib/python3.8/site-packages/airflow/example_dags/example_task_group_decorator.py
[2021-07-14 23:12:19,119] {scheduler_job.py:633} INFO - Processing file /home/airflow/sandbox/lib/python3.8/site-packages/airflow/example_dags/example_task_group_decorator.py for tasks to queue
[2021-07-14 23:12:19,119] {logging_mixin.py:104} INFO - [2021-07-14 23:12:19,119] {dagbag.py:487} INFO - Filling up the DagBag from /home/airflow/sandbox/lib/python3.8/site-packages/airflow/example_dags/example_task_group_decorator.py
[2021-07-14 23:12:19,139] {scheduler_job.py:643} INFO - DAG(s) dict_keys(['example_task_group_decorator']) retrieved from /home/airflow/sandbox/lib/python3.8/site-packages/airflow/example_dags/example_task_group_decorator.py
[2021-07-14 23:12:19,414] {logging_mixin.py:104} INFO - [2021-07-14 23:12:19,414] {dag.py:1832} INFO - Sync 1 DAGs
[2021-07-14 23:12:19,421] {logging_mixin.py:104} INFO - [2021-07-14 23:12:19,421] {dag.py:2305} INFO - Setting next_dagrun for example_task_group_decorator to 2021-07-12 00:00:00+00:00
[2021-07-14 23:12:19,440] {scheduler_job.py:190} INFO - Processing /home/airflow/sandbox/lib/python3.8/site-packages/airflow/example_dags/example_task_group_decorator.py took 0.324 seconds
[2021-07-14 23:12:31,802] {scheduler_job.py:182} INFO - Started process (PID=2546) to work on /home/airflow/sandbox/lib/python3.8/site-packages/airflow/example_dags/example_task_group_decorator.py
[2021-07-14 23:12:31,803] {scheduler_job.py:633} INFO - Processing file /home/airflow/sandbox/lib/python3.8/site-packages/airflow/example_dags/example_task_group_decorator.py for tasks to queue
[2021-07-14 23:12:31,803] {logging_mixin.py:104} INFO - [2021-07-14 23:12:31,803] {dagbag.py:487} INFO - Filling up the DagBag from /home/airflow/sandbox/lib/python3.8/site-packages/airflow/example_dags/example_task_group_decorator.py
[2021-07-14 23:12:31,825] {scheduler_job.py:643} INFO - DAG(s) dict_keys(['example_task_group_decorator']) retrieved from /home/airflow/sandbox/lib/python3.8/site-packages/airflow/example_dags/example_task_group_decorator.py
[2021-07-14 23:12:31,833] {logging_mixin.py:104} INFO - [2021-07-14 23:12:31,833] {dag.py:1832} INFO - Sync 1 DAGs
[2021-07-14 23:12:31,843] {logging_mixin.py:104} INFO - [2021-07-14 23:12:31,843] {dag.py:2305} INFO - Setting next_dagrun for example_task_group_decorator to 2021-07-12 00:00:00+00:00
[2021-07-14 23:12:31,857] {scheduler_job.py:190} INFO - Processing /home/airflow/sandbox/lib/python3.8/site-packages/airflow/example_dags/example_task_group_decorator.py took 0.058 seconds
[2021-07-14 23:12:51,300] {scheduler_job.py:182} INFO - Started process (PID=2583) to work on /home/airflow/sandbox/lib/python3.8/site-packages/airflow/example_dags/example_task_group_decorator.py
[2021-07-14 23:12:51,301] {scheduler_job.py:633} INFO - Processing file /home/airflow/sandbox/lib/python3.8/site-packages/airflow/example_dags/example_task_group_decorator.py for tasks to queue
[2021-07-14 23:12:51,301] {logging_mixin.py:104} INFO - [2021-07-14 23:12:51,301] {dagbag.py:487} INFO - Filling up the DagBag from /home/airflow/sandbox/lib/python3.8/site-packages/airflow/example_dags/example_task_group_decorator.py
[2021-07-14 23:12:51,325] {scheduler_job.py:643} INFO - DAG(s) dict_keys(['example_task_group_decorator']) retrieved from /home/airflow/sandbox/lib/python3.8/site-packages/airflow/example_dags/example_task_group_decorator.py
[2021-07-14 23:12:51,704] {logging_mixin.py:104} INFO - [2021-07-14 23:12:51,704] {dag.py:1832} INFO - Sync 1 DAGs
[2021-07-14 23:12:51,723] {logging_mixin.py:104} INFO - [2021-07-14 23:12:51,722] {dag.py:2305} INFO - Setting next_dagrun for example_task_group_decorator to 2021-07-12 00:00:00+00:00
[2021-07-14 23:12:51,735] {scheduler_job.py:190} INFO - Processing /home/airflow/sandbox/lib/python3.8/site-packages/airflow/example_dags/example_task_group_decorator.py took 0.443 seconds
[2021-07-14 23:13:02,170] {scheduler_job.py:182} INFO - Started process (PID=2605) to work on /home/airflow/sandbox/lib/python3.8/site-packages/airflow/example_dags/example_task_group_decorator.py
[2021-07-14 23:13:02,172] {scheduler_job.py:633} INFO - Processing file /home/airflow/sandbox/lib/python3.8/site-packages/airflow/example_dags/example_task_group_decorator.py for tasks to queue
[2021-07-14 23:13:02,172] {logging_mixin.py:104} INFO - [2021-07-14 23:13:02,172] {dagbag.py:487} INFO - Filling up the DagBag from /home/airflow/sandbox/lib/python3.8/site-packages/airflow/example_dags/example_task_group_decorator.py
[2021-07-14 23:13:02,201] {scheduler_job.py:643} INFO - DAG(s) dict_keys(['example_task_group_decorator']) retrieved from /home/airflow/sandbox/lib/python3.8/site-packages/airflow/example_dags/example_task_group_decorator.py
[2021-07-14 23:13:02,212] {logging_mixin.py:104} INFO - [2021-07-14 23:13:02,211] {dag.py:1832} INFO - Sync 1 DAGs
[2021-07-14 23:13:02,224] {logging_mixin.py:104} INFO - [2021-07-14 23:13:02,224] {dag.py:2305} INFO - Setting next_dagrun for example_task_group_decorator to 2021-07-12 00:00:00+00:00
[2021-07-14 23:13:02,238] {scheduler_job.py:190} INFO - Processing /home/airflow/sandbox/lib/python3.8/site-packages/airflow/example_dags/example_task_group_decorator.py took 0.070 seconds
[2021-07-14 23:48:50,736] {scheduler_job.py:182} INFO - Started process (PID=1844) to work on /home/airflow/sandbox/lib/python3.8/site-packages/airflow/example_dags/example_task_group_decorator.py
[2021-07-14 23:48:50,746] {scheduler_job.py:633} INFO - Processing file /home/airflow/sandbox/lib/python3.8/site-packages/airflow/example_dags/example_task_group_decorator.py for tasks to queue
[2021-07-14 23:48:50,746] {logging_mixin.py:104} INFO - [2021-07-14 23:48:50,746] {dagbag.py:487} INFO - Filling up the DagBag from /home/airflow/sandbox/lib/python3.8/site-packages/airflow/example_dags/example_task_group_decorator.py
[2021-07-14 23:48:50,763] {scheduler_job.py:643} INFO - DAG(s) dict_keys(['example_task_group_decorator']) retrieved from /home/airflow/sandbox/lib/python3.8/site-packages/airflow/example_dags/example_task_group_decorator.py
[2021-07-14 23:48:50,938] {logging_mixin.py:104} INFO - [2021-07-14 23:48:50,937] {dag.py:1832} INFO - Sync 1 DAGs
[2021-07-14 23:48:50,948] {logging_mixin.py:104} INFO - [2021-07-14 23:48:50,948] {dag.py:2305} INFO - Setting next_dagrun for example_task_group_decorator to 2021-07-12 00:00:00+00:00
[2021-07-14 23:48:50,973] {scheduler_job.py:190} INFO - Processing /home/airflow/sandbox/lib/python3.8/site-packages/airflow/example_dags/example_task_group_decorator.py took 0.239 seconds
[2021-07-14 23:49:24,057] {scheduler_job.py:182} INFO - Started process (PID=1877) to work on /home/airflow/sandbox/lib/python3.8/site-packages/airflow/example_dags/example_task_group_decorator.py
[2021-07-14 23:49:24,058] {scheduler_job.py:633} INFO - Processing file /home/airflow/sandbox/lib/python3.8/site-packages/airflow/example_dags/example_task_group_decorator.py for tasks to queue
[2021-07-14 23:49:24,059] {logging_mixin.py:104} INFO - [2021-07-14 23:49:24,059] {dagbag.py:487} INFO - Filling up the DagBag from /home/airflow/sandbox/lib/python3.8/site-packages/airflow/example_dags/example_task_group_decorator.py
[2021-07-14 23:49:24,082] {scheduler_job.py:643} INFO - DAG(s) dict_keys(['example_task_group_decorator']) retrieved from /home/airflow/sandbox/lib/python3.8/site-packages/airflow/example_dags/example_task_group_decorator.py
[2021-07-14 23:49:24,288] {logging_mixin.py:104} INFO - [2021-07-14 23:49:24,287] {dag.py:1832} INFO - Sync 1 DAGs
[2021-07-14 23:49:24,304] {logging_mixin.py:104} INFO - [2021-07-14 23:49:24,304] {dag.py:2305} INFO - Setting next_dagrun for example_task_group_decorator to 2021-07-12 00:00:00+00:00
[2021-07-14 23:49:24,317] {scheduler_job.py:190} INFO - Processing /home/airflow/sandbox/lib/python3.8/site-packages/airflow/example_dags/example_task_group_decorator.py took 0.263 seconds
[2021-07-14 23:49:55,358] {scheduler_job.py:182} INFO - Started process (PID=1908) to work on /home/airflow/sandbox/lib/python3.8/site-packages/airflow/example_dags/example_task_group_decorator.py
[2021-07-14 23:49:55,359] {scheduler_job.py:633} INFO - Processing file /home/airflow/sandbox/lib/python3.8/site-packages/airflow/example_dags/example_task_group_decorator.py for tasks to queue
[2021-07-14 23:49:55,359] {logging_mixin.py:104} INFO - [2021-07-14 23:49:55,359] {dagbag.py:487} INFO - Filling up the DagBag from /home/airflow/sandbox/lib/python3.8/site-packages/airflow/example_dags/example_task_group_decorator.py
[2021-07-14 23:49:55,382] {scheduler_job.py:643} INFO - DAG(s) dict_keys(['example_task_group_decorator']) retrieved from /home/airflow/sandbox/lib/python3.8/site-packages/airflow/example_dags/example_task_group_decorator.py
[2021-07-14 23:49:55,595] {logging_mixin.py:104} INFO - [2021-07-14 23:49:55,595] {dag.py:1832} INFO - Sync 1 DAGs
[2021-07-14 23:49:55,609] {logging_mixin.py:104} INFO - [2021-07-14 23:49:55,609] {dag.py:2305} INFO - Setting next_dagrun for example_task_group_decorator to 2021-07-12 00:00:00+00:00
[2021-07-14 23:49:55,631] {scheduler_job.py:190} INFO - Processing /home/airflow/sandbox/lib/python3.8/site-packages/airflow/example_dags/example_task_group_decorator.py took 0.275 seconds
[2021-07-14 23:50:27,563] {scheduler_job.py:182} INFO - Started process (PID=1939) to work on /home/airflow/sandbox/lib/python3.8/site-packages/airflow/example_dags/example_task_group_decorator.py
[2021-07-14 23:50:27,564] {scheduler_job.py:633} INFO - Processing file /home/airflow/sandbox/lib/python3.8/site-packages/airflow/example_dags/example_task_group_decorator.py for tasks to queue
[2021-07-14 23:50:27,565] {logging_mixin.py:104} INFO - [2021-07-14 23:50:27,565] {dagbag.py:487} INFO - Filling up the DagBag from /home/airflow/sandbox/lib/python3.8/site-packages/airflow/example_dags/example_task_group_decorator.py
[2021-07-14 23:50:27,585] {scheduler_job.py:643} INFO - DAG(s) dict_keys(['example_task_group_decorator']) retrieved from /home/airflow/sandbox/lib/python3.8/site-packages/airflow/example_dags/example_task_group_decorator.py
[2021-07-14 23:50:27,777] {logging_mixin.py:104} INFO - [2021-07-14 23:50:27,777] {dag.py:1832} INFO - Sync 1 DAGs
[2021-07-14 23:50:27,788] {logging_mixin.py:104} INFO - [2021-07-14 23:50:27,788] {dag.py:2305} INFO - Setting next_dagrun for example_task_group_decorator to 2021-07-12 00:00:00+00:00
[2021-07-14 23:50:27,807] {scheduler_job.py:190} INFO - Processing /home/airflow/sandbox/lib/python3.8/site-packages/airflow/example_dags/example_task_group_decorator.py took 0.246 seconds
[2021-07-14 23:51:02,135] {scheduler_job.py:182} INFO - Started process (PID=1971) to work on /home/airflow/sandbox/lib/python3.8/site-packages/airflow/example_dags/example_task_group_decorator.py
[2021-07-14 23:51:02,139] {scheduler_job.py:633} INFO - Processing file /home/airflow/sandbox/lib/python3.8/site-packages/airflow/example_dags/example_task_group_decorator.py for tasks to queue
[2021-07-14 23:51:02,140] {logging_mixin.py:104} INFO - [2021-07-14 23:51:02,140] {dagbag.py:487} INFO - Filling up the DagBag from /home/airflow/sandbox/lib/python3.8/site-packages/airflow/example_dags/example_task_group_decorator.py
[2021-07-14 23:51:02,214] {scheduler_job.py:643} INFO - DAG(s) dict_keys(['example_task_group_decorator']) retrieved from /home/airflow/sandbox/lib/python3.8/site-packages/airflow/example_dags/example_task_group_decorator.py
[2021-07-14 23:51:03,048] {logging_mixin.py:104} INFO - [2021-07-14 23:51:03,047] {dag.py:1832} INFO - Sync 1 DAGs
[2021-07-14 23:51:03,077] {logging_mixin.py:104} INFO - [2021-07-14 23:51:03,076] {dag.py:2305} INFO - Setting next_dagrun for example_task_group_decorator to 2021-07-12 00:00:00+00:00
[2021-07-14 23:51:03,110] {scheduler_job.py:190} INFO - Processing /home/airflow/sandbox/lib/python3.8/site-packages/airflow/example_dags/example_task_group_decorator.py took 0.983 seconds
[2021-07-14 23:51:44,818] {scheduler_job.py:182} INFO - Started process (PID=2003) to work on /home/airflow/sandbox/lib/python3.8/site-packages/airflow/example_dags/example_task_group_decorator.py
[2021-07-14 23:51:44,822] {scheduler_job.py:633} INFO - Processing file /home/airflow/sandbox/lib/python3.8/site-packages/airflow/example_dags/example_task_group_decorator.py for tasks to queue
[2021-07-14 23:51:44,824] {logging_mixin.py:104} INFO - [2021-07-14 23:51:44,823] {dagbag.py:487} INFO - Filling up the DagBag from /home/airflow/sandbox/lib/python3.8/site-packages/airflow/example_dags/example_task_group_decorator.py
[2021-07-14 23:51:45,003] {scheduler_job.py:643} INFO - DAG(s) dict_keys(['example_task_group_decorator']) retrieved from /home/airflow/sandbox/lib/python3.8/site-packages/airflow/example_dags/example_task_group_decorator.py
[2021-07-14 23:51:46,525] {logging_mixin.py:104} INFO - [2021-07-14 23:51:46,524] {dag.py:1832} INFO - Sync 1 DAGs
[2021-07-14 23:51:46,571] {logging_mixin.py:104} INFO - [2021-07-14 23:51:46,571] {dag.py:2305} INFO - Setting next_dagrun for example_task_group_decorator to 2021-07-12 00:00:00+00:00
[2021-07-14 23:51:46,616] {scheduler_job.py:190} INFO - Processing /home/airflow/sandbox/lib/python3.8/site-packages/airflow/example_dags/example_task_group_decorator.py took 1.813 seconds
[2021-07-14 23:52:21,653] {scheduler_job.py:182} INFO - Started process (PID=2034) to work on /home/airflow/sandbox/lib/python3.8/site-packages/airflow/example_dags/example_task_group_decorator.py
[2021-07-14 23:52:21,654] {scheduler_job.py:633} INFO - Processing file /home/airflow/sandbox/lib/python3.8/site-packages/airflow/example_dags/example_task_group_decorator.py for tasks to queue
[2021-07-14 23:52:21,654] {logging_mixin.py:104} INFO - [2021-07-14 23:52:21,654] {dagbag.py:487} INFO - Filling up the DagBag from /home/airflow/sandbox/lib/python3.8/site-packages/airflow/example_dags/example_task_group_decorator.py
[2021-07-14 23:52:21,676] {scheduler_job.py:643} INFO - DAG(s) dict_keys(['example_task_group_decorator']) retrieved from /home/airflow/sandbox/lib/python3.8/site-packages/airflow/example_dags/example_task_group_decorator.py
[2021-07-14 23:52:21,898] {logging_mixin.py:104} INFO - [2021-07-14 23:52:21,898] {dag.py:1832} INFO - Sync 1 DAGs
[2021-07-14 23:52:21,911] {logging_mixin.py:104} INFO - [2021-07-14 23:52:21,910] {dag.py:2305} INFO - Setting next_dagrun for example_task_group_decorator to 2021-07-12 00:00:00+00:00
[2021-07-14 23:52:21,933] {scheduler_job.py:190} INFO - Processing /home/airflow/sandbox/lib/python3.8/site-packages/airflow/example_dags/example_task_group_decorator.py took 0.283 seconds
[2021-07-14 23:52:53,857] {scheduler_job.py:182} INFO - Started process (PID=2065) to work on /home/airflow/sandbox/lib/python3.8/site-packages/airflow/example_dags/example_task_group_decorator.py
[2021-07-14 23:52:53,858] {scheduler_job.py:633} INFO - Processing file /home/airflow/sandbox/lib/python3.8/site-packages/airflow/example_dags/example_task_group_decorator.py for tasks to queue
[2021-07-14 23:52:53,859] {logging_mixin.py:104} INFO - [2021-07-14 23:52:53,859] {dagbag.py:487} INFO - Filling up the DagBag from /home/airflow/sandbox/lib/python3.8/site-packages/airflow/example_dags/example_task_group_decorator.py
[2021-07-14 23:52:53,878] {scheduler_job.py:643} INFO - DAG(s) dict_keys(['example_task_group_decorator']) retrieved from /home/airflow/sandbox/lib/python3.8/site-packages/airflow/example_dags/example_task_group_decorator.py
[2021-07-14 23:52:54,068] {logging_mixin.py:104} INFO - [2021-07-14 23:52:54,068] {dag.py:1832} INFO - Sync 1 DAGs
[2021-07-14 23:52:54,079] {logging_mixin.py:104} INFO - [2021-07-14 23:52:54,079] {dag.py:2305} INFO - Setting next_dagrun for example_task_group_decorator to 2021-07-12 00:00:00+00:00
[2021-07-14 23:52:54,098] {scheduler_job.py:190} INFO - Processing /home/airflow/sandbox/lib/python3.8/site-packages/airflow/example_dags/example_task_group_decorator.py took 0.244 seconds
[2021-07-14 23:53:25,861] {scheduler_job.py:182} INFO - Started process (PID=2096) to work on /home/airflow/sandbox/lib/python3.8/site-packages/airflow/example_dags/example_task_group_decorator.py
[2021-07-14 23:53:25,862] {scheduler_job.py:633} INFO - Processing file /home/airflow/sandbox/lib/python3.8/site-packages/airflow/example_dags/example_task_group_decorator.py for tasks to queue
[2021-07-14 23:53:25,863] {logging_mixin.py:104} INFO - [2021-07-14 23:53:25,863] {dagbag.py:487} INFO - Filling up the DagBag from /home/airflow/sandbox/lib/python3.8/site-packages/airflow/example_dags/example_task_group_decorator.py
[2021-07-14 23:53:25,885] {scheduler_job.py:643} INFO - DAG(s) dict_keys(['example_task_group_decorator']) retrieved from /home/airflow/sandbox/lib/python3.8/site-packages/airflow/example_dags/example_task_group_decorator.py
[2021-07-14 23:53:26,092] {logging_mixin.py:104} INFO - [2021-07-14 23:53:26,092] {dag.py:1832} INFO - Sync 1 DAGs
[2021-07-14 23:53:26,104] {logging_mixin.py:104} INFO - [2021-07-14 23:53:26,104] {dag.py:2305} INFO - Setting next_dagrun for example_task_group_decorator to 2021-07-12 00:00:00+00:00
[2021-07-14 23:53:26,125] {scheduler_job.py:190} INFO - Processing /home/airflow/sandbox/lib/python3.8/site-packages/airflow/example_dags/example_task_group_decorator.py took 0.266 seconds
[2021-07-14 23:54:00,361] {scheduler_job.py:182} INFO - Started process (PID=2129) to work on /home/airflow/sandbox/lib/python3.8/site-packages/airflow/example_dags/example_task_group_decorator.py
[2021-07-14 23:54:00,362] {scheduler_job.py:633} INFO - Processing file /home/airflow/sandbox/lib/python3.8/site-packages/airflow/example_dags/example_task_group_decorator.py for tasks to queue
[2021-07-14 23:54:00,363] {logging_mixin.py:104} INFO - [2021-07-14 23:54:00,363] {dagbag.py:487} INFO - Filling up the DagBag from /home/airflow/sandbox/lib/python3.8/site-packages/airflow/example_dags/example_task_group_decorator.py
[2021-07-14 23:54:00,399] {scheduler_job.py:643} INFO - DAG(s) dict_keys(['example_task_group_decorator']) retrieved from /home/airflow/sandbox/lib/python3.8/site-packages/airflow/example_dags/example_task_group_decorator.py
[2021-07-14 23:54:00,686] {logging_mixin.py:104} INFO - [2021-07-14 23:54:00,686] {dag.py:1832} INFO - Sync 1 DAGs
[2021-07-14 23:54:00,697] {logging_mixin.py:104} INFO - [2021-07-14 23:54:00,697] {dag.py:2305} INFO - Setting next_dagrun for example_task_group_decorator to 2021-07-12 00:00:00+00:00
[2021-07-14 23:54:00,713] {scheduler_job.py:190} INFO - Processing /home/airflow/sandbox/lib/python3.8/site-packages/airflow/example_dags/example_task_group_decorator.py took 0.355 seconds
[2021-07-14 23:54:31,452] {scheduler_job.py:182} INFO - Started process (PID=2160) to work on /home/airflow/sandbox/lib/python3.8/site-packages/airflow/example_dags/example_task_group_decorator.py
[2021-07-14 23:54:31,453] {scheduler_job.py:633} INFO - Processing file /home/airflow/sandbox/lib/python3.8/site-packages/airflow/example_dags/example_task_group_decorator.py for tasks to queue
[2021-07-14 23:54:31,453] {logging_mixin.py:104} INFO - [2021-07-14 23:54:31,453] {dagbag.py:487} INFO - Filling up the DagBag from /home/airflow/sandbox/lib/python3.8/site-packages/airflow/example_dags/example_task_group_decorator.py
[2021-07-14 23:54:31,472] {scheduler_job.py:643} INFO - DAG(s) dict_keys(['example_task_group_decorator']) retrieved from /home/airflow/sandbox/lib/python3.8/site-packages/airflow/example_dags/example_task_group_decorator.py
[2021-07-14 23:54:31,671] {logging_mixin.py:104} INFO - [2021-07-14 23:54:31,670] {dag.py:1832} INFO - Sync 1 DAGs
[2021-07-14 23:54:31,678] {logging_mixin.py:104} INFO - [2021-07-14 23:54:31,678] {dag.py:2305} INFO - Setting next_dagrun for example_task_group_decorator to 2021-07-12 00:00:00+00:00
[2021-07-14 23:54:31,699] {scheduler_job.py:190} INFO - Processing /home/airflow/sandbox/lib/python3.8/site-packages/airflow/example_dags/example_task_group_decorator.py took 0.249 seconds
[2021-07-14 23:55:02,555] {scheduler_job.py:182} INFO - Started process (PID=2190) to work on /home/airflow/sandbox/lib/python3.8/site-packages/airflow/example_dags/example_task_group_decorator.py
[2021-07-14 23:55:02,556] {scheduler_job.py:633} INFO - Processing file /home/airflow/sandbox/lib/python3.8/site-packages/airflow/example_dags/example_task_group_decorator.py for tasks to queue
[2021-07-14 23:55:02,557] {logging_mixin.py:104} INFO - [2021-07-14 23:55:02,557] {dagbag.py:487} INFO - Filling up the DagBag from /home/airflow/sandbox/lib/python3.8/site-packages/airflow/example_dags/example_task_group_decorator.py
[2021-07-14 23:55:02,587] {scheduler_job.py:643} INFO - DAG(s) dict_keys(['example_task_group_decorator']) retrieved from /home/airflow/sandbox/lib/python3.8/site-packages/airflow/example_dags/example_task_group_decorator.py
[2021-07-14 23:55:02,939] {logging_mixin.py:104} INFO - [2021-07-14 23:55:02,939] {dag.py:1832} INFO - Sync 1 DAGs
[2021-07-14 23:55:02,956] {logging_mixin.py:104} INFO - [2021-07-14 23:55:02,956] {dag.py:2305} INFO - Setting next_dagrun for example_task_group_decorator to 2021-07-12 00:00:00+00:00
[2021-07-14 23:55:02,976] {scheduler_job.py:190} INFO - Processing /home/airflow/sandbox/lib/python3.8/site-packages/airflow/example_dags/example_task_group_decorator.py took 0.425 seconds
[2021-07-14 23:56:05,730] {scheduler_job.py:182} INFO - Started process (PID=2261) to work on /home/airflow/sandbox/lib/python3.8/site-packages/airflow/example_dags/example_task_group_decorator.py
[2021-07-14 23:56:05,731] {scheduler_job.py:633} INFO - Processing file /home/airflow/sandbox/lib/python3.8/site-packages/airflow/example_dags/example_task_group_decorator.py for tasks to queue
[2021-07-14 23:56:05,731] {logging_mixin.py:104} INFO - [2021-07-14 23:56:05,731] {dagbag.py:487} INFO - Filling up the DagBag from /home/airflow/sandbox/lib/python3.8/site-packages/airflow/example_dags/example_task_group_decorator.py
[2021-07-14 23:56:05,757] {scheduler_job.py:643} INFO - DAG(s) dict_keys(['example_task_group_decorator']) retrieved from /home/airflow/sandbox/lib/python3.8/site-packages/airflow/example_dags/example_task_group_decorator.py
[2021-07-14 23:56:06,041] {logging_mixin.py:104} INFO - [2021-07-14 23:56:06,041] {dag.py:1832} INFO - Sync 1 DAGs
[2021-07-14 23:56:06,052] {logging_mixin.py:104} INFO - [2021-07-14 23:56:06,052] {dag.py:2305} INFO - Setting next_dagrun for example_task_group_decorator to 2021-07-12 00:00:00+00:00
[2021-07-14 23:56:06,074] {scheduler_job.py:190} INFO - Processing /home/airflow/sandbox/lib/python3.8/site-packages/airflow/example_dags/example_task_group_decorator.py took 0.348 seconds
[2021-07-14 23:56:39,672] {scheduler_job.py:182} INFO - Started process (PID=2292) to work on /home/airflow/sandbox/lib/python3.8/site-packages/airflow/example_dags/example_task_group_decorator.py
[2021-07-14 23:56:39,673] {scheduler_job.py:633} INFO - Processing file /home/airflow/sandbox/lib/python3.8/site-packages/airflow/example_dags/example_task_group_decorator.py for tasks to queue
[2021-07-14 23:56:39,674] {logging_mixin.py:104} INFO - [2021-07-14 23:56:39,674] {dagbag.py:487} INFO - Filling up the DagBag from /home/airflow/sandbox/lib/python3.8/site-packages/airflow/example_dags/example_task_group_decorator.py
[2021-07-14 23:56:39,708] {scheduler_job.py:643} INFO - DAG(s) dict_keys(['example_task_group_decorator']) retrieved from /home/airflow/sandbox/lib/python3.8/site-packages/airflow/example_dags/example_task_group_decorator.py
[2021-07-14 23:56:39,994] {logging_mixin.py:104} INFO - [2021-07-14 23:56:39,993] {dag.py:1832} INFO - Sync 1 DAGs
[2021-07-14 23:56:40,005] {logging_mixin.py:104} INFO - [2021-07-14 23:56:40,005] {dag.py:2305} INFO - Setting next_dagrun for example_task_group_decorator to 2021-07-12 00:00:00+00:00
[2021-07-14 23:56:40,029] {scheduler_job.py:190} INFO - Processing /home/airflow/sandbox/lib/python3.8/site-packages/airflow/example_dags/example_task_group_decorator.py took 0.361 seconds
[2021-07-14 23:57:12,179] {scheduler_job.py:182} INFO - Started process (PID=2324) to work on /home/airflow/sandbox/lib/python3.8/site-packages/airflow/example_dags/example_task_group_decorator.py
[2021-07-14 23:57:12,180] {scheduler_job.py:633} INFO - Processing file /home/airflow/sandbox/lib/python3.8/site-packages/airflow/example_dags/example_task_group_decorator.py for tasks to queue
[2021-07-14 23:57:12,180] {logging_mixin.py:104} INFO - [2021-07-14 23:57:12,180] {dagbag.py:487} INFO - Filling up the DagBag from /home/airflow/sandbox/lib/python3.8/site-packages/airflow/example_dags/example_task_group_decorator.py
[2021-07-14 23:57:12,208] {scheduler_job.py:643} INFO - DAG(s) dict_keys(['example_task_group_decorator']) retrieved from /home/airflow/sandbox/lib/python3.8/site-packages/airflow/example_dags/example_task_group_decorator.py
[2021-07-14 23:57:12,486] {logging_mixin.py:104} INFO - [2021-07-14 23:57:12,486] {dag.py:1832} INFO - Sync 1 DAGs
[2021-07-14 23:57:12,499] {logging_mixin.py:104} INFO - [2021-07-14 23:57:12,499] {dag.py:2305} INFO - Setting next_dagrun for example_task_group_decorator to 2021-07-12 00:00:00+00:00
[2021-07-14 23:57:12,522] {scheduler_job.py:190} INFO - Processing /home/airflow/sandbox/lib/python3.8/site-packages/airflow/example_dags/example_task_group_decorator.py took 0.347 seconds
[2021-07-14 23:57:45,250] {scheduler_job.py:182} INFO - Started process (PID=2355) to work on /home/airflow/sandbox/lib/python3.8/site-packages/airflow/example_dags/example_task_group_decorator.py
[2021-07-14 23:57:45,251] {scheduler_job.py:633} INFO - Processing file /home/airflow/sandbox/lib/python3.8/site-packages/airflow/example_dags/example_task_group_decorator.py for tasks to queue
[2021-07-14 23:57:45,252] {logging_mixin.py:104} INFO - [2021-07-14 23:57:45,252] {dagbag.py:487} INFO - Filling up the DagBag from /home/airflow/sandbox/lib/python3.8/site-packages/airflow/example_dags/example_task_group_decorator.py
[2021-07-14 23:57:45,273] {scheduler_job.py:643} INFO - DAG(s) dict_keys(['example_task_group_decorator']) retrieved from /home/airflow/sandbox/lib/python3.8/site-packages/airflow/example_dags/example_task_group_decorator.py
[2021-07-14 23:57:45,493] {logging_mixin.py:104} INFO - [2021-07-14 23:57:45,493] {dag.py:1832} INFO - Sync 1 DAGs
[2021-07-14 23:57:45,504] {logging_mixin.py:104} INFO - [2021-07-14 23:57:45,504] {dag.py:2305} INFO - Setting next_dagrun for example_task_group_decorator to 2021-07-12 00:00:00+00:00
[2021-07-14 23:57:45,524] {scheduler_job.py:190} INFO - Processing /home/airflow/sandbox/lib/python3.8/site-packages/airflow/example_dags/example_task_group_decorator.py took 0.277 seconds
[2021-07-14 23:58:17,722] {scheduler_job.py:182} INFO - Started process (PID=2386) to work on /home/airflow/sandbox/lib/python3.8/site-packages/airflow/example_dags/example_task_group_decorator.py
[2021-07-14 23:58:17,723] {scheduler_job.py:633} INFO - Processing file /home/airflow/sandbox/lib/python3.8/site-packages/airflow/example_dags/example_task_group_decorator.py for tasks to queue
[2021-07-14 23:58:17,724] {logging_mixin.py:104} INFO - [2021-07-14 23:58:17,724] {dagbag.py:487} INFO - Filling up the DagBag from /home/airflow/sandbox/lib/python3.8/site-packages/airflow/example_dags/example_task_group_decorator.py
[2021-07-14 23:58:17,746] {scheduler_job.py:643} INFO - DAG(s) dict_keys(['example_task_group_decorator']) retrieved from /home/airflow/sandbox/lib/python3.8/site-packages/airflow/example_dags/example_task_group_decorator.py
[2021-07-14 23:58:17,980] {logging_mixin.py:104} INFO - [2021-07-14 23:58:17,980] {dag.py:1832} INFO - Sync 1 DAGs
[2021-07-14 23:58:17,989] {logging_mixin.py:104} INFO - [2021-07-14 23:58:17,989] {dag.py:2305} INFO - Setting next_dagrun for example_task_group_decorator to 2021-07-12 00:00:00+00:00
[2021-07-14 23:58:18,002] {scheduler_job.py:190} INFO - Processing /home/airflow/sandbox/lib/python3.8/site-packages/airflow/example_dags/example_task_group_decorator.py took 0.283 seconds
[2021-07-14 23:58:48,801] {scheduler_job.py:182} INFO - Started process (PID=2417) to work on /home/airflow/sandbox/lib/python3.8/site-packages/airflow/example_dags/example_task_group_decorator.py
[2021-07-14 23:58:48,802] {scheduler_job.py:633} INFO - Processing file /home/airflow/sandbox/lib/python3.8/site-packages/airflow/example_dags/example_task_group_decorator.py for tasks to queue
[2021-07-14 23:58:48,803] {logging_mixin.py:104} INFO - [2021-07-14 23:58:48,803] {dagbag.py:487} INFO - Filling up the DagBag from /home/airflow/sandbox/lib/python3.8/site-packages/airflow/example_dags/example_task_group_decorator.py
[2021-07-14 23:58:48,820] {scheduler_job.py:643} INFO - DAG(s) dict_keys(['example_task_group_decorator']) retrieved from /home/airflow/sandbox/lib/python3.8/site-packages/airflow/example_dags/example_task_group_decorator.py
[2021-07-14 23:58:48,990] {logging_mixin.py:104} INFO - [2021-07-14 23:58:48,990] {dag.py:1832} INFO - Sync 1 DAGs
[2021-07-14 23:58:48,997] {logging_mixin.py:104} INFO - [2021-07-14 23:58:48,997] {dag.py:2305} INFO - Setting next_dagrun for example_task_group_decorator to 2021-07-12 00:00:00+00:00
[2021-07-14 23:58:49,016] {scheduler_job.py:190} INFO - Processing /home/airflow/sandbox/lib/python3.8/site-packages/airflow/example_dags/example_task_group_decorator.py took 0.217 seconds
[2021-07-14 23:59:19,645] {scheduler_job.py:182} INFO - Started process (PID=2448) to work on /home/airflow/sandbox/lib/python3.8/site-packages/airflow/example_dags/example_task_group_decorator.py
[2021-07-14 23:59:19,646] {scheduler_job.py:633} INFO - Processing file /home/airflow/sandbox/lib/python3.8/site-packages/airflow/example_dags/example_task_group_decorator.py for tasks to queue
[2021-07-14 23:59:19,647] {logging_mixin.py:104} INFO - [2021-07-14 23:59:19,647] {dagbag.py:487} INFO - Filling up the DagBag from /home/airflow/sandbox/lib/python3.8/site-packages/airflow/example_dags/example_task_group_decorator.py
[2021-07-14 23:59:19,664] {scheduler_job.py:643} INFO - DAG(s) dict_keys(['example_task_group_decorator']) retrieved from /home/airflow/sandbox/lib/python3.8/site-packages/airflow/example_dags/example_task_group_decorator.py
[2021-07-14 23:59:19,828] {logging_mixin.py:104} INFO - [2021-07-14 23:59:19,828] {dag.py:1832} INFO - Sync 1 DAGs
[2021-07-14 23:59:19,835] {logging_mixin.py:104} INFO - [2021-07-14 23:59:19,835] {dag.py:2305} INFO - Setting next_dagrun for example_task_group_decorator to 2021-07-12 00:00:00+00:00
[2021-07-14 23:59:19,853] {scheduler_job.py:190} INFO - Processing /home/airflow/sandbox/lib/python3.8/site-packages/airflow/example_dags/example_task_group_decorator.py took 0.210 seconds
[2021-07-14 23:59:52,943] {scheduler_job.py:182} INFO - Started process (PID=2482) to work on /home/airflow/sandbox/lib/python3.8/site-packages/airflow/example_dags/example_task_group_decorator.py
[2021-07-14 23:59:52,943] {scheduler_job.py:633} INFO - Processing file /home/airflow/sandbox/lib/python3.8/site-packages/airflow/example_dags/example_task_group_decorator.py for tasks to queue
[2021-07-14 23:59:52,944] {logging_mixin.py:104} INFO - [2021-07-14 23:59:52,944] {dagbag.py:487} INFO - Filling up the DagBag from /home/airflow/sandbox/lib/python3.8/site-packages/airflow/example_dags/example_task_group_decorator.py
[2021-07-14 23:59:52,961] {scheduler_job.py:643} INFO - DAG(s) dict_keys(['example_task_group_decorator']) retrieved from /home/airflow/sandbox/lib/python3.8/site-packages/airflow/example_dags/example_task_group_decorator.py
[2021-07-14 23:59:53,129] {logging_mixin.py:104} INFO - [2021-07-14 23:59:53,129] {dag.py:1832} INFO - Sync 1 DAGs
[2021-07-14 23:59:53,135] {logging_mixin.py:104} INFO - [2021-07-14 23:59:53,135] {dag.py:2305} INFO - Setting next_dagrun for example_task_group_decorator to 2021-07-12 00:00:00+00:00
[2021-07-14 23:59:53,153] {scheduler_job.py:190} INFO - Processing /home/airflow/sandbox/lib/python3.8/site-packages/airflow/example_dags/example_task_group_decorator.py took 0.213 seconds
