[2021-07-14 23:03:08,642] {scheduler_job.py:182} INFO - Started process (PID=1594) to work on /home/airflow/sandbox/lib/python3.8/site-packages/airflow/example_dags/example_nested_branch_dag.py
[2021-07-14 23:03:08,644] {scheduler_job.py:633} INFO - Processing file /home/airflow/sandbox/lib/python3.8/site-packages/airflow/example_dags/example_nested_branch_dag.py for tasks to queue
[2021-07-14 23:03:08,645] {logging_mixin.py:104} INFO - [2021-07-14 23:03:08,645] {dagbag.py:487} INFO - Filling up the DagBag from /home/airflow/sandbox/lib/python3.8/site-packages/airflow/example_dags/example_nested_branch_dag.py
[2021-07-14 23:03:08,670] {scheduler_job.py:643} INFO - DAG(s) dict_keys(['example_nested_branch_dag']) retrieved from /home/airflow/sandbox/lib/python3.8/site-packages/airflow/example_dags/example_nested_branch_dag.py
[2021-07-14 23:03:08,707] {logging_mixin.py:104} INFO - [2021-07-14 23:03:08,707] {dag.py:1832} INFO - Sync 1 DAGs
[2021-07-14 23:03:08,728] {logging_mixin.py:104} INFO - [2021-07-14 23:03:08,728] {dag.py:2305} INFO - Setting next_dagrun for example_nested_branch_dag to 2021-07-12 00:00:00+00:00
[2021-07-14 23:03:08,745] {scheduler_job.py:190} INFO - Processing /home/airflow/sandbox/lib/python3.8/site-packages/airflow/example_dags/example_nested_branch_dag.py took 0.106 seconds
[2021-07-14 23:03:45,500] {scheduler_job.py:182} INFO - Started process (PID=1639) to work on /home/airflow/sandbox/lib/python3.8/site-packages/airflow/example_dags/example_nested_branch_dag.py
[2021-07-14 23:03:45,501] {scheduler_job.py:633} INFO - Processing file /home/airflow/sandbox/lib/python3.8/site-packages/airflow/example_dags/example_nested_branch_dag.py for tasks to queue
[2021-07-14 23:03:45,501] {logging_mixin.py:104} INFO - [2021-07-14 23:03:45,501] {dagbag.py:487} INFO - Filling up the DagBag from /home/airflow/sandbox/lib/python3.8/site-packages/airflow/example_dags/example_nested_branch_dag.py
[2021-07-14 23:03:45,517] {scheduler_job.py:643} INFO - DAG(s) dict_keys(['example_nested_branch_dag']) retrieved from /home/airflow/sandbox/lib/python3.8/site-packages/airflow/example_dags/example_nested_branch_dag.py
[2021-07-14 23:03:45,533] {logging_mixin.py:104} INFO - [2021-07-14 23:03:45,533] {dag.py:1832} INFO - Sync 1 DAGs
[2021-07-14 23:03:45,548] {logging_mixin.py:104} INFO - [2021-07-14 23:03:45,548] {dag.py:2305} INFO - Setting next_dagrun for example_nested_branch_dag to 2021-07-12 00:00:00+00:00
[2021-07-14 23:03:45,565] {scheduler_job.py:190} INFO - Processing /home/airflow/sandbox/lib/python3.8/site-packages/airflow/example_dags/example_nested_branch_dag.py took 0.068 seconds
[2021-07-14 23:04:25,000] {scheduler_job.py:182} INFO - Started process (PID=1685) to work on /home/airflow/sandbox/lib/python3.8/site-packages/airflow/example_dags/example_nested_branch_dag.py
[2021-07-14 23:04:25,005] {scheduler_job.py:633} INFO - Processing file /home/airflow/sandbox/lib/python3.8/site-packages/airflow/example_dags/example_nested_branch_dag.py for tasks to queue
[2021-07-14 23:04:25,009] {logging_mixin.py:104} INFO - [2021-07-14 23:04:25,008] {dagbag.py:487} INFO - Filling up the DagBag from /home/airflow/sandbox/lib/python3.8/site-packages/airflow/example_dags/example_nested_branch_dag.py
[2021-07-14 23:04:25,056] {scheduler_job.py:643} INFO - DAG(s) dict_keys(['example_nested_branch_dag']) retrieved from /home/airflow/sandbox/lib/python3.8/site-packages/airflow/example_dags/example_nested_branch_dag.py
[2021-07-14 23:04:25,099] {logging_mixin.py:104} INFO - [2021-07-14 23:04:25,098] {dag.py:1832} INFO - Sync 1 DAGs
[2021-07-14 23:04:25,139] {logging_mixin.py:104} INFO - [2021-07-14 23:04:25,138] {dag.py:2305} INFO - Setting next_dagrun for example_nested_branch_dag to 2021-07-12 00:00:00+00:00
[2021-07-14 23:04:25,179] {scheduler_job.py:190} INFO - Processing /home/airflow/sandbox/lib/python3.8/site-packages/airflow/example_dags/example_nested_branch_dag.py took 0.187 seconds
[2021-07-14 23:04:48,603] {scheduler_job.py:182} INFO - Started process (PID=1724) to work on /home/airflow/sandbox/lib/python3.8/site-packages/airflow/example_dags/example_nested_branch_dag.py
[2021-07-14 23:04:48,606] {scheduler_job.py:633} INFO - Processing file /home/airflow/sandbox/lib/python3.8/site-packages/airflow/example_dags/example_nested_branch_dag.py for tasks to queue
[2021-07-14 23:04:48,608] {logging_mixin.py:104} INFO - [2021-07-14 23:04:48,608] {dagbag.py:487} INFO - Filling up the DagBag from /home/airflow/sandbox/lib/python3.8/site-packages/airflow/example_dags/example_nested_branch_dag.py
[2021-07-14 23:04:48,645] {scheduler_job.py:643} INFO - DAG(s) dict_keys(['example_nested_branch_dag']) retrieved from /home/airflow/sandbox/lib/python3.8/site-packages/airflow/example_dags/example_nested_branch_dag.py
[2021-07-14 23:04:48,685] {logging_mixin.py:104} INFO - [2021-07-14 23:04:48,684] {dag.py:1832} INFO - Sync 1 DAGs
[2021-07-14 23:04:48,731] {logging_mixin.py:104} INFO - [2021-07-14 23:04:48,731] {dag.py:2305} INFO - Setting next_dagrun for example_nested_branch_dag to 2021-07-12 00:00:00+00:00
[2021-07-14 23:04:48,758] {scheduler_job.py:190} INFO - Processing /home/airflow/sandbox/lib/python3.8/site-packages/airflow/example_dags/example_nested_branch_dag.py took 0.164 seconds
[2021-07-14 23:05:13,735] {scheduler_job.py:182} INFO - Started process (PID=1758) to work on /home/airflow/sandbox/lib/python3.8/site-packages/airflow/example_dags/example_nested_branch_dag.py
[2021-07-14 23:05:13,737] {scheduler_job.py:633} INFO - Processing file /home/airflow/sandbox/lib/python3.8/site-packages/airflow/example_dags/example_nested_branch_dag.py for tasks to queue
[2021-07-14 23:05:13,738] {logging_mixin.py:104} INFO - [2021-07-14 23:05:13,738] {dagbag.py:487} INFO - Filling up the DagBag from /home/airflow/sandbox/lib/python3.8/site-packages/airflow/example_dags/example_nested_branch_dag.py
[2021-07-14 23:05:13,789] {scheduler_job.py:643} INFO - DAG(s) dict_keys(['example_nested_branch_dag']) retrieved from /home/airflow/sandbox/lib/python3.8/site-packages/airflow/example_dags/example_nested_branch_dag.py
[2021-07-14 23:05:13,817] {logging_mixin.py:104} INFO - [2021-07-14 23:05:13,817] {dag.py:1832} INFO - Sync 1 DAGs
[2021-07-14 23:05:13,845] {logging_mixin.py:104} INFO - [2021-07-14 23:05:13,845] {dag.py:2305} INFO - Setting next_dagrun for example_nested_branch_dag to 2021-07-12 00:00:00+00:00
[2021-07-14 23:05:13,879] {scheduler_job.py:190} INFO - Processing /home/airflow/sandbox/lib/python3.8/site-packages/airflow/example_dags/example_nested_branch_dag.py took 0.151 seconds
[2021-07-14 23:05:32,371] {scheduler_job.py:182} INFO - Started process (PID=1787) to work on /home/airflow/sandbox/lib/python3.8/site-packages/airflow/example_dags/example_nested_branch_dag.py
[2021-07-14 23:05:32,373] {scheduler_job.py:633} INFO - Processing file /home/airflow/sandbox/lib/python3.8/site-packages/airflow/example_dags/example_nested_branch_dag.py for tasks to queue
[2021-07-14 23:05:32,375] {logging_mixin.py:104} INFO - [2021-07-14 23:05:32,375] {dagbag.py:487} INFO - Filling up the DagBag from /home/airflow/sandbox/lib/python3.8/site-packages/airflow/example_dags/example_nested_branch_dag.py
[2021-07-14 23:05:32,402] {scheduler_job.py:643} INFO - DAG(s) dict_keys(['example_nested_branch_dag']) retrieved from /home/airflow/sandbox/lib/python3.8/site-packages/airflow/example_dags/example_nested_branch_dag.py
[2021-07-14 23:05:32,445] {logging_mixin.py:104} INFO - [2021-07-14 23:05:32,444] {dag.py:1832} INFO - Sync 1 DAGs
[2021-07-14 23:05:32,471] {logging_mixin.py:104} INFO - [2021-07-14 23:05:32,470] {dag.py:2305} INFO - Setting next_dagrun for example_nested_branch_dag to 2021-07-12 00:00:00+00:00
[2021-07-14 23:05:32,498] {scheduler_job.py:190} INFO - Processing /home/airflow/sandbox/lib/python3.8/site-packages/airflow/example_dags/example_nested_branch_dag.py took 0.134 seconds
[2021-07-14 23:05:53,998] {scheduler_job.py:182} INFO - Started process (PID=1825) to work on /home/airflow/sandbox/lib/python3.8/site-packages/airflow/example_dags/example_nested_branch_dag.py
[2021-07-14 23:05:53,999] {scheduler_job.py:633} INFO - Processing file /home/airflow/sandbox/lib/python3.8/site-packages/airflow/example_dags/example_nested_branch_dag.py for tasks to queue
[2021-07-14 23:05:53,999] {logging_mixin.py:104} INFO - [2021-07-14 23:05:53,999] {dagbag.py:487} INFO - Filling up the DagBag from /home/airflow/sandbox/lib/python3.8/site-packages/airflow/example_dags/example_nested_branch_dag.py
[2021-07-14 23:05:54,012] {scheduler_job.py:643} INFO - DAG(s) dict_keys(['example_nested_branch_dag']) retrieved from /home/airflow/sandbox/lib/python3.8/site-packages/airflow/example_dags/example_nested_branch_dag.py
[2021-07-14 23:05:54,025] {logging_mixin.py:104} INFO - [2021-07-14 23:05:54,025] {dag.py:1832} INFO - Sync 1 DAGs
[2021-07-14 23:05:54,037] {logging_mixin.py:104} INFO - [2021-07-14 23:05:54,037] {dag.py:2305} INFO - Setting next_dagrun for example_nested_branch_dag to 2021-07-12 00:00:00+00:00
[2021-07-14 23:05:54,058] {scheduler_job.py:190} INFO - Processing /home/airflow/sandbox/lib/python3.8/site-packages/airflow/example_dags/example_nested_branch_dag.py took 0.062 seconds
[2021-07-14 23:06:05,623] {scheduler_job.py:182} INFO - Started process (PID=1848) to work on /home/airflow/sandbox/lib/python3.8/site-packages/airflow/example_dags/example_nested_branch_dag.py
[2021-07-14 23:06:05,624] {scheduler_job.py:633} INFO - Processing file /home/airflow/sandbox/lib/python3.8/site-packages/airflow/example_dags/example_nested_branch_dag.py for tasks to queue
[2021-07-14 23:06:05,625] {logging_mixin.py:104} INFO - [2021-07-14 23:06:05,624] {dagbag.py:487} INFO - Filling up the DagBag from /home/airflow/sandbox/lib/python3.8/site-packages/airflow/example_dags/example_nested_branch_dag.py
[2021-07-14 23:06:05,640] {scheduler_job.py:643} INFO - DAG(s) dict_keys(['example_nested_branch_dag']) retrieved from /home/airflow/sandbox/lib/python3.8/site-packages/airflow/example_dags/example_nested_branch_dag.py
[2021-07-14 23:06:05,657] {logging_mixin.py:104} INFO - [2021-07-14 23:06:05,657] {dag.py:1832} INFO - Sync 1 DAGs
[2021-07-14 23:06:05,671] {logging_mixin.py:104} INFO - [2021-07-14 23:06:05,670] {dag.py:2305} INFO - Setting next_dagrun for example_nested_branch_dag to 2021-07-12 00:00:00+00:00
[2021-07-14 23:06:05,682] {scheduler_job.py:190} INFO - Processing /home/airflow/sandbox/lib/python3.8/site-packages/airflow/example_dags/example_nested_branch_dag.py took 0.062 seconds
[2021-07-14 23:06:26,419] {scheduler_job.py:182} INFO - Started process (PID=1886) to work on /home/airflow/sandbox/lib/python3.8/site-packages/airflow/example_dags/example_nested_branch_dag.py
[2021-07-14 23:06:26,420] {scheduler_job.py:633} INFO - Processing file /home/airflow/sandbox/lib/python3.8/site-packages/airflow/example_dags/example_nested_branch_dag.py for tasks to queue
[2021-07-14 23:06:26,421] {logging_mixin.py:104} INFO - [2021-07-14 23:06:26,421] {dagbag.py:487} INFO - Filling up the DagBag from /home/airflow/sandbox/lib/python3.8/site-packages/airflow/example_dags/example_nested_branch_dag.py
[2021-07-14 23:06:26,443] {scheduler_job.py:643} INFO - DAG(s) dict_keys(['example_nested_branch_dag']) retrieved from /home/airflow/sandbox/lib/python3.8/site-packages/airflow/example_dags/example_nested_branch_dag.py
[2021-07-14 23:06:26,463] {logging_mixin.py:104} INFO - [2021-07-14 23:06:26,463] {dag.py:1832} INFO - Sync 1 DAGs
[2021-07-14 23:06:26,480] {logging_mixin.py:104} INFO - [2021-07-14 23:06:26,479] {dag.py:2305} INFO - Setting next_dagrun for example_nested_branch_dag to 2021-07-12 00:00:00+00:00
[2021-07-14 23:06:26,501] {scheduler_job.py:190} INFO - Processing /home/airflow/sandbox/lib/python3.8/site-packages/airflow/example_dags/example_nested_branch_dag.py took 0.085 seconds
[2021-07-14 23:06:40,617] {scheduler_job.py:182} INFO - Started process (PID=1910) to work on /home/airflow/sandbox/lib/python3.8/site-packages/airflow/example_dags/example_nested_branch_dag.py
[2021-07-14 23:06:40,618] {scheduler_job.py:633} INFO - Processing file /home/airflow/sandbox/lib/python3.8/site-packages/airflow/example_dags/example_nested_branch_dag.py for tasks to queue
[2021-07-14 23:06:40,619] {logging_mixin.py:104} INFO - [2021-07-14 23:06:40,619] {dagbag.py:487} INFO - Filling up the DagBag from /home/airflow/sandbox/lib/python3.8/site-packages/airflow/example_dags/example_nested_branch_dag.py
[2021-07-14 23:06:40,636] {scheduler_job.py:643} INFO - DAG(s) dict_keys(['example_nested_branch_dag']) retrieved from /home/airflow/sandbox/lib/python3.8/site-packages/airflow/example_dags/example_nested_branch_dag.py
[2021-07-14 23:06:40,653] {logging_mixin.py:104} INFO - [2021-07-14 23:06:40,652] {dag.py:1832} INFO - Sync 1 DAGs
[2021-07-14 23:06:40,668] {logging_mixin.py:104} INFO - [2021-07-14 23:06:40,668] {dag.py:2305} INFO - Setting next_dagrun for example_nested_branch_dag to 2021-07-12 00:00:00+00:00
[2021-07-14 23:06:40,688] {scheduler_job.py:190} INFO - Processing /home/airflow/sandbox/lib/python3.8/site-packages/airflow/example_dags/example_nested_branch_dag.py took 0.074 seconds
[2021-07-14 23:07:11,051] {scheduler_job.py:182} INFO - Started process (PID=1959) to work on /home/airflow/sandbox/lib/python3.8/site-packages/airflow/example_dags/example_nested_branch_dag.py
[2021-07-14 23:07:11,052] {scheduler_job.py:633} INFO - Processing file /home/airflow/sandbox/lib/python3.8/site-packages/airflow/example_dags/example_nested_branch_dag.py for tasks to queue
[2021-07-14 23:07:11,053] {logging_mixin.py:104} INFO - [2021-07-14 23:07:11,053] {dagbag.py:487} INFO - Filling up the DagBag from /home/airflow/sandbox/lib/python3.8/site-packages/airflow/example_dags/example_nested_branch_dag.py
[2021-07-14 23:07:11,076] {scheduler_job.py:643} INFO - DAG(s) dict_keys(['example_nested_branch_dag']) retrieved from /home/airflow/sandbox/lib/python3.8/site-packages/airflow/example_dags/example_nested_branch_dag.py
[2021-07-14 23:07:11,121] {logging_mixin.py:104} INFO - [2021-07-14 23:07:11,121] {dag.py:1832} INFO - Sync 1 DAGs
[2021-07-14 23:07:11,157] {logging_mixin.py:104} INFO - [2021-07-14 23:07:11,157] {dag.py:2305} INFO - Setting next_dagrun for example_nested_branch_dag to 2021-07-12 00:00:00+00:00
[2021-07-14 23:07:11,187] {scheduler_job.py:190} INFO - Processing /home/airflow/sandbox/lib/python3.8/site-packages/airflow/example_dags/example_nested_branch_dag.py took 0.146 seconds
[2021-07-14 23:07:22,619] {scheduler_job.py:182} INFO - Started process (PID=1979) to work on /home/airflow/sandbox/lib/python3.8/site-packages/airflow/example_dags/example_nested_branch_dag.py
[2021-07-14 23:07:22,620] {scheduler_job.py:633} INFO - Processing file /home/airflow/sandbox/lib/python3.8/site-packages/airflow/example_dags/example_nested_branch_dag.py for tasks to queue
[2021-07-14 23:07:22,621] {logging_mixin.py:104} INFO - [2021-07-14 23:07:22,620] {dagbag.py:487} INFO - Filling up the DagBag from /home/airflow/sandbox/lib/python3.8/site-packages/airflow/example_dags/example_nested_branch_dag.py
[2021-07-14 23:07:22,631] {scheduler_job.py:643} INFO - DAG(s) dict_keys(['example_nested_branch_dag']) retrieved from /home/airflow/sandbox/lib/python3.8/site-packages/airflow/example_dags/example_nested_branch_dag.py
[2021-07-14 23:07:22,643] {logging_mixin.py:104} INFO - [2021-07-14 23:07:22,643] {dag.py:1832} INFO - Sync 1 DAGs
[2021-07-14 23:07:22,654] {logging_mixin.py:104} INFO - [2021-07-14 23:07:22,654] {dag.py:2305} INFO - Setting next_dagrun for example_nested_branch_dag to 2021-07-12 00:00:00+00:00
[2021-07-14 23:07:22,672] {scheduler_job.py:190} INFO - Processing /home/airflow/sandbox/lib/python3.8/site-packages/airflow/example_dags/example_nested_branch_dag.py took 0.055 seconds
[2021-07-14 23:07:44,278] {scheduler_job.py:182} INFO - Started process (PID=2024) to work on /home/airflow/sandbox/lib/python3.8/site-packages/airflow/example_dags/example_nested_branch_dag.py
[2021-07-14 23:07:44,279] {scheduler_job.py:633} INFO - Processing file /home/airflow/sandbox/lib/python3.8/site-packages/airflow/example_dags/example_nested_branch_dag.py for tasks to queue
[2021-07-14 23:07:44,279] {logging_mixin.py:104} INFO - [2021-07-14 23:07:44,279] {dagbag.py:487} INFO - Filling up the DagBag from /home/airflow/sandbox/lib/python3.8/site-packages/airflow/example_dags/example_nested_branch_dag.py
[2021-07-14 23:07:44,290] {scheduler_job.py:643} INFO - DAG(s) dict_keys(['example_nested_branch_dag']) retrieved from /home/airflow/sandbox/lib/python3.8/site-packages/airflow/example_dags/example_nested_branch_dag.py
[2021-07-14 23:07:44,301] {logging_mixin.py:104} INFO - [2021-07-14 23:07:44,301] {dag.py:1832} INFO - Sync 1 DAGs
[2021-07-14 23:07:44,313] {logging_mixin.py:104} INFO - [2021-07-14 23:07:44,313] {dag.py:2305} INFO - Setting next_dagrun for example_nested_branch_dag to 2021-07-12 00:00:00+00:00
[2021-07-14 23:07:44,331] {scheduler_job.py:190} INFO - Processing /home/airflow/sandbox/lib/python3.8/site-packages/airflow/example_dags/example_nested_branch_dag.py took 0.056 seconds
[2021-07-14 23:07:55,073] {scheduler_job.py:182} INFO - Started process (PID=2045) to work on /home/airflow/sandbox/lib/python3.8/site-packages/airflow/example_dags/example_nested_branch_dag.py
[2021-07-14 23:07:55,074] {scheduler_job.py:633} INFO - Processing file /home/airflow/sandbox/lib/python3.8/site-packages/airflow/example_dags/example_nested_branch_dag.py for tasks to queue
[2021-07-14 23:07:55,074] {logging_mixin.py:104} INFO - [2021-07-14 23:07:55,074] {dagbag.py:487} INFO - Filling up the DagBag from /home/airflow/sandbox/lib/python3.8/site-packages/airflow/example_dags/example_nested_branch_dag.py
[2021-07-14 23:07:55,086] {scheduler_job.py:643} INFO - DAG(s) dict_keys(['example_nested_branch_dag']) retrieved from /home/airflow/sandbox/lib/python3.8/site-packages/airflow/example_dags/example_nested_branch_dag.py
[2021-07-14 23:07:55,099] {logging_mixin.py:104} INFO - [2021-07-14 23:07:55,099] {dag.py:1832} INFO - Sync 1 DAGs
[2021-07-14 23:07:55,111] {logging_mixin.py:104} INFO - [2021-07-14 23:07:55,111] {dag.py:2305} INFO - Setting next_dagrun for example_nested_branch_dag to 2021-07-12 00:00:00+00:00
[2021-07-14 23:07:55,129] {scheduler_job.py:190} INFO - Processing /home/airflow/sandbox/lib/python3.8/site-packages/airflow/example_dags/example_nested_branch_dag.py took 0.058 seconds
[2021-07-14 23:08:16,029] {scheduler_job.py:182} INFO - Started process (PID=2086) to work on /home/airflow/sandbox/lib/python3.8/site-packages/airflow/example_dags/example_nested_branch_dag.py
[2021-07-14 23:08:16,030] {scheduler_job.py:633} INFO - Processing file /home/airflow/sandbox/lib/python3.8/site-packages/airflow/example_dags/example_nested_branch_dag.py for tasks to queue
[2021-07-14 23:08:16,030] {logging_mixin.py:104} INFO - [2021-07-14 23:08:16,030] {dagbag.py:487} INFO - Filling up the DagBag from /home/airflow/sandbox/lib/python3.8/site-packages/airflow/example_dags/example_nested_branch_dag.py
[2021-07-14 23:08:16,041] {scheduler_job.py:643} INFO - DAG(s) dict_keys(['example_nested_branch_dag']) retrieved from /home/airflow/sandbox/lib/python3.8/site-packages/airflow/example_dags/example_nested_branch_dag.py
[2021-07-14 23:08:16,055] {logging_mixin.py:104} INFO - [2021-07-14 23:08:16,055] {dag.py:1832} INFO - Sync 1 DAGs
[2021-07-14 23:08:16,065] {logging_mixin.py:104} INFO - [2021-07-14 23:08:16,065] {dag.py:2305} INFO - Setting next_dagrun for example_nested_branch_dag to 2021-07-12 00:00:00+00:00
[2021-07-14 23:08:16,083] {scheduler_job.py:190} INFO - Processing /home/airflow/sandbox/lib/python3.8/site-packages/airflow/example_dags/example_nested_branch_dag.py took 0.056 seconds
[2021-07-14 23:08:25,729] {scheduler_job.py:182} INFO - Started process (PID=2105) to work on /home/airflow/sandbox/lib/python3.8/site-packages/airflow/example_dags/example_nested_branch_dag.py
[2021-07-14 23:08:25,730] {scheduler_job.py:633} INFO - Processing file /home/airflow/sandbox/lib/python3.8/site-packages/airflow/example_dags/example_nested_branch_dag.py for tasks to queue
[2021-07-14 23:08:25,730] {logging_mixin.py:104} INFO - [2021-07-14 23:08:25,730] {dagbag.py:487} INFO - Filling up the DagBag from /home/airflow/sandbox/lib/python3.8/site-packages/airflow/example_dags/example_nested_branch_dag.py
[2021-07-14 23:08:25,743] {scheduler_job.py:643} INFO - DAG(s) dict_keys(['example_nested_branch_dag']) retrieved from /home/airflow/sandbox/lib/python3.8/site-packages/airflow/example_dags/example_nested_branch_dag.py
[2021-07-14 23:08:25,768] {logging_mixin.py:104} INFO - [2021-07-14 23:08:25,767] {dag.py:1832} INFO - Sync 1 DAGs
[2021-07-14 23:08:25,786] {logging_mixin.py:104} INFO - [2021-07-14 23:08:25,786] {dag.py:2305} INFO - Setting next_dagrun for example_nested_branch_dag to 2021-07-12 00:00:00+00:00
[2021-07-14 23:08:25,800] {scheduler_job.py:190} INFO - Processing /home/airflow/sandbox/lib/python3.8/site-packages/airflow/example_dags/example_nested_branch_dag.py took 0.073 seconds
[2021-07-14 23:08:49,328] {scheduler_job.py:182} INFO - Started process (PID=2151) to work on /home/airflow/sandbox/lib/python3.8/site-packages/airflow/example_dags/example_nested_branch_dag.py
[2021-07-14 23:08:49,329] {scheduler_job.py:633} INFO - Processing file /home/airflow/sandbox/lib/python3.8/site-packages/airflow/example_dags/example_nested_branch_dag.py for tasks to queue
[2021-07-14 23:08:49,330] {logging_mixin.py:104} INFO - [2021-07-14 23:08:49,330] {dagbag.py:487} INFO - Filling up the DagBag from /home/airflow/sandbox/lib/python3.8/site-packages/airflow/example_dags/example_nested_branch_dag.py
[2021-07-14 23:08:49,341] {scheduler_job.py:643} INFO - DAG(s) dict_keys(['example_nested_branch_dag']) retrieved from /home/airflow/sandbox/lib/python3.8/site-packages/airflow/example_dags/example_nested_branch_dag.py
[2021-07-14 23:08:49,353] {logging_mixin.py:104} INFO - [2021-07-14 23:08:49,353] {dag.py:1832} INFO - Sync 1 DAGs
[2021-07-14 23:08:49,365] {logging_mixin.py:104} INFO - [2021-07-14 23:08:49,365] {dag.py:2305} INFO - Setting next_dagrun for example_nested_branch_dag to 2021-07-12 00:00:00+00:00
[2021-07-14 23:08:49,374] {scheduler_job.py:190} INFO - Processing /home/airflow/sandbox/lib/python3.8/site-packages/airflow/example_dags/example_nested_branch_dag.py took 0.048 seconds
[2021-07-14 23:08:58,125] {scheduler_job.py:182} INFO - Started process (PID=2167) to work on /home/airflow/sandbox/lib/python3.8/site-packages/airflow/example_dags/example_nested_branch_dag.py
[2021-07-14 23:08:58,126] {scheduler_job.py:633} INFO - Processing file /home/airflow/sandbox/lib/python3.8/site-packages/airflow/example_dags/example_nested_branch_dag.py for tasks to queue
[2021-07-14 23:08:58,126] {logging_mixin.py:104} INFO - [2021-07-14 23:08:58,126] {dagbag.py:487} INFO - Filling up the DagBag from /home/airflow/sandbox/lib/python3.8/site-packages/airflow/example_dags/example_nested_branch_dag.py
[2021-07-14 23:08:58,137] {scheduler_job.py:643} INFO - DAG(s) dict_keys(['example_nested_branch_dag']) retrieved from /home/airflow/sandbox/lib/python3.8/site-packages/airflow/example_dags/example_nested_branch_dag.py
[2021-07-14 23:08:58,152] {logging_mixin.py:104} INFO - [2021-07-14 23:08:58,152] {dag.py:1832} INFO - Sync 1 DAGs
[2021-07-14 23:08:58,163] {logging_mixin.py:104} INFO - [2021-07-14 23:08:58,163] {dag.py:2305} INFO - Setting next_dagrun for example_nested_branch_dag to 2021-07-12 00:00:00+00:00
[2021-07-14 23:08:58,183] {scheduler_job.py:190} INFO - Processing /home/airflow/sandbox/lib/python3.8/site-packages/airflow/example_dags/example_nested_branch_dag.py took 0.060 seconds
[2021-07-14 23:09:22,119] {scheduler_job.py:182} INFO - Started process (PID=2215) to work on /home/airflow/sandbox/lib/python3.8/site-packages/airflow/example_dags/example_nested_branch_dag.py
[2021-07-14 23:09:22,120] {scheduler_job.py:633} INFO - Processing file /home/airflow/sandbox/lib/python3.8/site-packages/airflow/example_dags/example_nested_branch_dag.py for tasks to queue
[2021-07-14 23:09:22,120] {logging_mixin.py:104} INFO - [2021-07-14 23:09:22,120] {dagbag.py:487} INFO - Filling up the DagBag from /home/airflow/sandbox/lib/python3.8/site-packages/airflow/example_dags/example_nested_branch_dag.py
[2021-07-14 23:09:22,132] {scheduler_job.py:643} INFO - DAG(s) dict_keys(['example_nested_branch_dag']) retrieved from /home/airflow/sandbox/lib/python3.8/site-packages/airflow/example_dags/example_nested_branch_dag.py
[2021-07-14 23:09:22,143] {logging_mixin.py:104} INFO - [2021-07-14 23:09:22,143] {dag.py:1832} INFO - Sync 1 DAGs
[2021-07-14 23:09:22,155] {logging_mixin.py:104} INFO - [2021-07-14 23:09:22,155] {dag.py:2305} INFO - Setting next_dagrun for example_nested_branch_dag to 2021-07-12 00:00:00+00:00
[2021-07-14 23:09:22,165] {scheduler_job.py:190} INFO - Processing /home/airflow/sandbox/lib/python3.8/site-packages/airflow/example_dags/example_nested_branch_dag.py took 0.048 seconds
[2021-07-14 23:09:29,212] {scheduler_job.py:182} INFO - Started process (PID=2227) to work on /home/airflow/sandbox/lib/python3.8/site-packages/airflow/example_dags/example_nested_branch_dag.py
[2021-07-14 23:09:29,214] {scheduler_job.py:633} INFO - Processing file /home/airflow/sandbox/lib/python3.8/site-packages/airflow/example_dags/example_nested_branch_dag.py for tasks to queue
[2021-07-14 23:09:29,216] {logging_mixin.py:104} INFO - [2021-07-14 23:09:29,215] {dagbag.py:487} INFO - Filling up the DagBag from /home/airflow/sandbox/lib/python3.8/site-packages/airflow/example_dags/example_nested_branch_dag.py
[2021-07-14 23:09:29,228] {scheduler_job.py:643} INFO - DAG(s) dict_keys(['example_nested_branch_dag']) retrieved from /home/airflow/sandbox/lib/python3.8/site-packages/airflow/example_dags/example_nested_branch_dag.py
[2021-07-14 23:09:29,247] {logging_mixin.py:104} INFO - [2021-07-14 23:09:29,247] {dag.py:1832} INFO - Sync 1 DAGs
[2021-07-14 23:09:29,261] {logging_mixin.py:104} INFO - [2021-07-14 23:09:29,261] {dag.py:2305} INFO - Setting next_dagrun for example_nested_branch_dag to 2021-07-12 00:00:00+00:00
[2021-07-14 23:09:29,274] {scheduler_job.py:190} INFO - Processing /home/airflow/sandbox/lib/python3.8/site-packages/airflow/example_dags/example_nested_branch_dag.py took 0.065 seconds
[2021-07-14 23:09:54,785] {scheduler_job.py:182} INFO - Started process (PID=2278) to work on /home/airflow/sandbox/lib/python3.8/site-packages/airflow/example_dags/example_nested_branch_dag.py
[2021-07-14 23:09:54,787] {scheduler_job.py:633} INFO - Processing file /home/airflow/sandbox/lib/python3.8/site-packages/airflow/example_dags/example_nested_branch_dag.py for tasks to queue
[2021-07-14 23:09:54,787] {logging_mixin.py:104} INFO - [2021-07-14 23:09:54,787] {dagbag.py:487} INFO - Filling up the DagBag from /home/airflow/sandbox/lib/python3.8/site-packages/airflow/example_dags/example_nested_branch_dag.py
[2021-07-14 23:09:54,799] {scheduler_job.py:643} INFO - DAG(s) dict_keys(['example_nested_branch_dag']) retrieved from /home/airflow/sandbox/lib/python3.8/site-packages/airflow/example_dags/example_nested_branch_dag.py
[2021-07-14 23:09:54,812] {logging_mixin.py:104} INFO - [2021-07-14 23:09:54,811] {dag.py:1832} INFO - Sync 1 DAGs
[2021-07-14 23:09:54,823] {logging_mixin.py:104} INFO - [2021-07-14 23:09:54,822] {dag.py:2305} INFO - Setting next_dagrun for example_nested_branch_dag to 2021-07-12 00:00:00+00:00
[2021-07-14 23:09:54,844] {scheduler_job.py:190} INFO - Processing /home/airflow/sandbox/lib/python3.8/site-packages/airflow/example_dags/example_nested_branch_dag.py took 0.061 seconds
[2021-07-14 23:10:01,942] {scheduler_job.py:182} INFO - Started process (PID=2291) to work on /home/airflow/sandbox/lib/python3.8/site-packages/airflow/example_dags/example_nested_branch_dag.py
[2021-07-14 23:10:01,943] {scheduler_job.py:633} INFO - Processing file /home/airflow/sandbox/lib/python3.8/site-packages/airflow/example_dags/example_nested_branch_dag.py for tasks to queue
[2021-07-14 23:10:01,944] {logging_mixin.py:104} INFO - [2021-07-14 23:10:01,943] {dagbag.py:487} INFO - Filling up the DagBag from /home/airflow/sandbox/lib/python3.8/site-packages/airflow/example_dags/example_nested_branch_dag.py
[2021-07-14 23:10:01,958] {scheduler_job.py:643} INFO - DAG(s) dict_keys(['example_nested_branch_dag']) retrieved from /home/airflow/sandbox/lib/python3.8/site-packages/airflow/example_dags/example_nested_branch_dag.py
[2021-07-14 23:10:01,972] {logging_mixin.py:104} INFO - [2021-07-14 23:10:01,972] {dag.py:1832} INFO - Sync 1 DAGs
[2021-07-14 23:10:01,985] {logging_mixin.py:104} INFO - [2021-07-14 23:10:01,985] {dag.py:2305} INFO - Setting next_dagrun for example_nested_branch_dag to 2021-07-12 00:00:00+00:00
[2021-07-14 23:10:02,005] {scheduler_job.py:190} INFO - Processing /home/airflow/sandbox/lib/python3.8/site-packages/airflow/example_dags/example_nested_branch_dag.py took 0.065 seconds
[2021-07-14 23:10:30,227] {scheduler_job.py:182} INFO - Started process (PID=2344) to work on /home/airflow/sandbox/lib/python3.8/site-packages/airflow/example_dags/example_nested_branch_dag.py
[2021-07-14 23:10:30,228] {scheduler_job.py:633} INFO - Processing file /home/airflow/sandbox/lib/python3.8/site-packages/airflow/example_dags/example_nested_branch_dag.py for tasks to queue
[2021-07-14 23:10:30,229] {logging_mixin.py:104} INFO - [2021-07-14 23:10:30,229] {dagbag.py:487} INFO - Filling up the DagBag from /home/airflow/sandbox/lib/python3.8/site-packages/airflow/example_dags/example_nested_branch_dag.py
[2021-07-14 23:10:30,245] {scheduler_job.py:643} INFO - DAG(s) dict_keys(['example_nested_branch_dag']) retrieved from /home/airflow/sandbox/lib/python3.8/site-packages/airflow/example_dags/example_nested_branch_dag.py
[2021-07-14 23:10:30,304] {logging_mixin.py:104} INFO - [2021-07-14 23:10:30,304] {dag.py:1832} INFO - Sync 1 DAGs
[2021-07-14 23:10:30,344] {logging_mixin.py:104} INFO - [2021-07-14 23:10:30,344] {dag.py:2305} INFO - Setting next_dagrun for example_nested_branch_dag to 2021-07-12 00:00:00+00:00
[2021-07-14 23:10:30,373] {scheduler_job.py:190} INFO - Processing /home/airflow/sandbox/lib/python3.8/site-packages/airflow/example_dags/example_nested_branch_dag.py took 0.150 seconds
[2021-07-14 23:10:34,059] {scheduler_job.py:182} INFO - Started process (PID=2350) to work on /home/airflow/sandbox/lib/python3.8/site-packages/airflow/example_dags/example_nested_branch_dag.py
[2021-07-14 23:10:34,060] {scheduler_job.py:633} INFO - Processing file /home/airflow/sandbox/lib/python3.8/site-packages/airflow/example_dags/example_nested_branch_dag.py for tasks to queue
[2021-07-14 23:10:34,061] {logging_mixin.py:104} INFO - [2021-07-14 23:10:34,061] {dagbag.py:487} INFO - Filling up the DagBag from /home/airflow/sandbox/lib/python3.8/site-packages/airflow/example_dags/example_nested_branch_dag.py
[2021-07-14 23:10:34,078] {scheduler_job.py:643} INFO - DAG(s) dict_keys(['example_nested_branch_dag']) retrieved from /home/airflow/sandbox/lib/python3.8/site-packages/airflow/example_dags/example_nested_branch_dag.py
[2021-07-14 23:10:34,098] {logging_mixin.py:104} INFO - [2021-07-14 23:10:34,098] {dag.py:1832} INFO - Sync 1 DAGs
[2021-07-14 23:10:34,118] {logging_mixin.py:104} INFO - [2021-07-14 23:10:34,118] {dag.py:2305} INFO - Setting next_dagrun for example_nested_branch_dag to 2021-07-12 00:00:00+00:00
[2021-07-14 23:10:34,140] {scheduler_job.py:190} INFO - Processing /home/airflow/sandbox/lib/python3.8/site-packages/airflow/example_dags/example_nested_branch_dag.py took 0.085 seconds
[2021-07-14 23:11:21,340] {scheduler_job.py:182} INFO - Started process (PID=2412) to work on /home/airflow/sandbox/lib/python3.8/site-packages/airflow/example_dags/example_nested_branch_dag.py
[2021-07-14 23:11:21,341] {scheduler_job.py:633} INFO - Processing file /home/airflow/sandbox/lib/python3.8/site-packages/airflow/example_dags/example_nested_branch_dag.py for tasks to queue
[2021-07-14 23:11:21,342] {logging_mixin.py:104} INFO - [2021-07-14 23:11:21,342] {dagbag.py:487} INFO - Filling up the DagBag from /home/airflow/sandbox/lib/python3.8/site-packages/airflow/example_dags/example_nested_branch_dag.py
[2021-07-14 23:11:21,364] {scheduler_job.py:643} INFO - DAG(s) dict_keys(['example_nested_branch_dag']) retrieved from /home/airflow/sandbox/lib/python3.8/site-packages/airflow/example_dags/example_nested_branch_dag.py
[2021-07-14 23:11:21,388] {logging_mixin.py:104} INFO - [2021-07-14 23:11:21,388] {dag.py:1832} INFO - Sync 1 DAGs
[2021-07-14 23:11:21,412] {logging_mixin.py:104} INFO - [2021-07-14 23:11:21,412] {dag.py:2305} INFO - Setting next_dagrun for example_nested_branch_dag to 2021-07-12 00:00:00+00:00
[2021-07-14 23:11:21,432] {scheduler_job.py:190} INFO - Processing /home/airflow/sandbox/lib/python3.8/site-packages/airflow/example_dags/example_nested_branch_dag.py took 0.097 seconds
[2021-07-14 23:11:22,134] {scheduler_job.py:182} INFO - Started process (PID=2413) to work on /home/airflow/sandbox/lib/python3.8/site-packages/airflow/example_dags/example_nested_branch_dag.py
[2021-07-14 23:11:22,136] {scheduler_job.py:633} INFO - Processing file /home/airflow/sandbox/lib/python3.8/site-packages/airflow/example_dags/example_nested_branch_dag.py for tasks to queue
[2021-07-14 23:11:22,137] {logging_mixin.py:104} INFO - [2021-07-14 23:11:22,137] {dagbag.py:487} INFO - Filling up the DagBag from /home/airflow/sandbox/lib/python3.8/site-packages/airflow/example_dags/example_nested_branch_dag.py
[2021-07-14 23:11:22,157] {scheduler_job.py:643} INFO - DAG(s) dict_keys(['example_nested_branch_dag']) retrieved from /home/airflow/sandbox/lib/python3.8/site-packages/airflow/example_dags/example_nested_branch_dag.py
[2021-07-14 23:11:22,178] {logging_mixin.py:104} INFO - [2021-07-14 23:11:22,178] {dag.py:1832} INFO - Sync 1 DAGs
[2021-07-14 23:11:22,198] {logging_mixin.py:104} INFO - [2021-07-14 23:11:22,198] {dag.py:2305} INFO - Setting next_dagrun for example_nested_branch_dag to 2021-07-12 00:00:00+00:00
[2021-07-14 23:11:22,213] {scheduler_job.py:190} INFO - Processing /home/airflow/sandbox/lib/python3.8/site-packages/airflow/example_dags/example_nested_branch_dag.py took 0.084 seconds
[2021-07-14 23:11:54,303] {scheduler_job.py:182} INFO - Started process (PID=2474) to work on /home/airflow/sandbox/lib/python3.8/site-packages/airflow/example_dags/example_nested_branch_dag.py
[2021-07-14 23:11:54,304] {scheduler_job.py:633} INFO - Processing file /home/airflow/sandbox/lib/python3.8/site-packages/airflow/example_dags/example_nested_branch_dag.py for tasks to queue
[2021-07-14 23:11:54,304] {logging_mixin.py:104} INFO - [2021-07-14 23:11:54,304] {dagbag.py:487} INFO - Filling up the DagBag from /home/airflow/sandbox/lib/python3.8/site-packages/airflow/example_dags/example_nested_branch_dag.py
[2021-07-14 23:11:54,315] {scheduler_job.py:643} INFO - DAG(s) dict_keys(['example_nested_branch_dag']) retrieved from /home/airflow/sandbox/lib/python3.8/site-packages/airflow/example_dags/example_nested_branch_dag.py
[2021-07-14 23:11:54,328] {logging_mixin.py:104} INFO - [2021-07-14 23:11:54,328] {dag.py:1832} INFO - Sync 1 DAGs
[2021-07-14 23:11:54,340] {logging_mixin.py:104} INFO - [2021-07-14 23:11:54,340] {dag.py:2305} INFO - Setting next_dagrun for example_nested_branch_dag to 2021-07-12 00:00:00+00:00
[2021-07-14 23:11:54,359] {scheduler_job.py:190} INFO - Processing /home/airflow/sandbox/lib/python3.8/site-packages/airflow/example_dags/example_nested_branch_dag.py took 0.059 seconds
[2021-07-14 23:11:54,679] {scheduler_job.py:182} INFO - Started process (PID=2475) to work on /home/airflow/sandbox/lib/python3.8/site-packages/airflow/example_dags/example_nested_branch_dag.py
[2021-07-14 23:11:54,679] {scheduler_job.py:633} INFO - Processing file /home/airflow/sandbox/lib/python3.8/site-packages/airflow/example_dags/example_nested_branch_dag.py for tasks to queue
[2021-07-14 23:11:54,680] {logging_mixin.py:104} INFO - [2021-07-14 23:11:54,680] {dagbag.py:487} INFO - Filling up the DagBag from /home/airflow/sandbox/lib/python3.8/site-packages/airflow/example_dags/example_nested_branch_dag.py
[2021-07-14 23:11:54,693] {scheduler_job.py:643} INFO - DAG(s) dict_keys(['example_nested_branch_dag']) retrieved from /home/airflow/sandbox/lib/python3.8/site-packages/airflow/example_dags/example_nested_branch_dag.py
[2021-07-14 23:11:54,707] {logging_mixin.py:104} INFO - [2021-07-14 23:11:54,706] {dag.py:1832} INFO - Sync 1 DAGs
[2021-07-14 23:11:54,719] {logging_mixin.py:104} INFO - [2021-07-14 23:11:54,719] {dag.py:2305} INFO - Setting next_dagrun for example_nested_branch_dag to 2021-07-12 00:00:00+00:00
[2021-07-14 23:11:54,738] {scheduler_job.py:190} INFO - Processing /home/airflow/sandbox/lib/python3.8/site-packages/airflow/example_dags/example_nested_branch_dag.py took 0.062 seconds
[2021-07-14 23:12:26,645] {scheduler_job.py:182} INFO - Started process (PID=2538) to work on /home/airflow/sandbox/lib/python3.8/site-packages/airflow/example_dags/example_nested_branch_dag.py
[2021-07-14 23:12:26,647] {scheduler_job.py:633} INFO - Processing file /home/airflow/sandbox/lib/python3.8/site-packages/airflow/example_dags/example_nested_branch_dag.py for tasks to queue
[2021-07-14 23:12:26,647] {logging_mixin.py:104} INFO - [2021-07-14 23:12:26,647] {dagbag.py:487} INFO - Filling up the DagBag from /home/airflow/sandbox/lib/python3.8/site-packages/airflow/example_dags/example_nested_branch_dag.py
[2021-07-14 23:12:26,663] {scheduler_job.py:643} INFO - DAG(s) dict_keys(['example_nested_branch_dag']) retrieved from /home/airflow/sandbox/lib/python3.8/site-packages/airflow/example_dags/example_nested_branch_dag.py
[2021-07-14 23:12:26,683] {logging_mixin.py:104} INFO - [2021-07-14 23:12:26,682] {dag.py:1832} INFO - Sync 1 DAGs
[2021-07-14 23:12:26,700] {logging_mixin.py:104} INFO - [2021-07-14 23:12:26,700] {dag.py:2305} INFO - Setting next_dagrun for example_nested_branch_dag to 2021-07-12 00:00:00+00:00
[2021-07-14 23:12:26,715] {scheduler_job.py:190} INFO - Processing /home/airflow/sandbox/lib/python3.8/site-packages/airflow/example_dags/example_nested_branch_dag.py took 0.074 seconds
[2021-07-14 23:12:27,169] {scheduler_job.py:182} INFO - Started process (PID=2539) to work on /home/airflow/sandbox/lib/python3.8/site-packages/airflow/example_dags/example_nested_branch_dag.py
[2021-07-14 23:12:27,171] {scheduler_job.py:633} INFO - Processing file /home/airflow/sandbox/lib/python3.8/site-packages/airflow/example_dags/example_nested_branch_dag.py for tasks to queue
[2021-07-14 23:12:27,172] {logging_mixin.py:104} INFO - [2021-07-14 23:12:27,172] {dagbag.py:487} INFO - Filling up the DagBag from /home/airflow/sandbox/lib/python3.8/site-packages/airflow/example_dags/example_nested_branch_dag.py
[2021-07-14 23:12:27,189] {scheduler_job.py:643} INFO - DAG(s) dict_keys(['example_nested_branch_dag']) retrieved from /home/airflow/sandbox/lib/python3.8/site-packages/airflow/example_dags/example_nested_branch_dag.py
[2021-07-14 23:12:27,208] {logging_mixin.py:104} INFO - [2021-07-14 23:12:27,208] {dag.py:1832} INFO - Sync 1 DAGs
[2021-07-14 23:12:27,228] {logging_mixin.py:104} INFO - [2021-07-14 23:12:27,227] {dag.py:2305} INFO - Setting next_dagrun for example_nested_branch_dag to 2021-07-12 00:00:00+00:00
[2021-07-14 23:12:27,251] {scheduler_job.py:190} INFO - Processing /home/airflow/sandbox/lib/python3.8/site-packages/airflow/example_dags/example_nested_branch_dag.py took 0.085 seconds
[2021-07-14 23:12:59,706] {scheduler_job.py:182} INFO - Started process (PID=2600) to work on /home/airflow/sandbox/lib/python3.8/site-packages/airflow/example_dags/example_nested_branch_dag.py
[2021-07-14 23:12:59,707] {scheduler_job.py:633} INFO - Processing file /home/airflow/sandbox/lib/python3.8/site-packages/airflow/example_dags/example_nested_branch_dag.py for tasks to queue
[2021-07-14 23:12:59,709] {logging_mixin.py:104} INFO - [2021-07-14 23:12:59,708] {dagbag.py:487} INFO - Filling up the DagBag from /home/airflow/sandbox/lib/python3.8/site-packages/airflow/example_dags/example_nested_branch_dag.py
[2021-07-14 23:12:59,726] {scheduler_job.py:643} INFO - DAG(s) dict_keys(['example_nested_branch_dag']) retrieved from /home/airflow/sandbox/lib/python3.8/site-packages/airflow/example_dags/example_nested_branch_dag.py
[2021-07-14 23:12:59,747] {logging_mixin.py:104} INFO - [2021-07-14 23:12:59,746] {dag.py:1832} INFO - Sync 1 DAGs
[2021-07-14 23:12:59,766] {logging_mixin.py:104} INFO - [2021-07-14 23:12:59,766] {dag.py:2305} INFO - Setting next_dagrun for example_nested_branch_dag to 2021-07-12 00:00:00+00:00
[2021-07-14 23:12:59,783] {scheduler_job.py:190} INFO - Processing /home/airflow/sandbox/lib/python3.8/site-packages/airflow/example_dags/example_nested_branch_dag.py took 0.083 seconds
[2021-07-14 23:13:03,158] {scheduler_job.py:182} INFO - Started process (PID=2606) to work on /home/airflow/sandbox/lib/python3.8/site-packages/airflow/example_dags/example_nested_branch_dag.py
[2021-07-14 23:13:03,159] {scheduler_job.py:633} INFO - Processing file /home/airflow/sandbox/lib/python3.8/site-packages/airflow/example_dags/example_nested_branch_dag.py for tasks to queue
[2021-07-14 23:13:03,159] {logging_mixin.py:104} INFO - [2021-07-14 23:13:03,159] {dagbag.py:487} INFO - Filling up the DagBag from /home/airflow/sandbox/lib/python3.8/site-packages/airflow/example_dags/example_nested_branch_dag.py
[2021-07-14 23:13:03,170] {scheduler_job.py:643} INFO - DAG(s) dict_keys(['example_nested_branch_dag']) retrieved from /home/airflow/sandbox/lib/python3.8/site-packages/airflow/example_dags/example_nested_branch_dag.py
[2021-07-14 23:13:03,183] {logging_mixin.py:104} INFO - [2021-07-14 23:13:03,183] {dag.py:1832} INFO - Sync 1 DAGs
[2021-07-14 23:13:03,195] {logging_mixin.py:104} INFO - [2021-07-14 23:13:03,195] {dag.py:2305} INFO - Setting next_dagrun for example_nested_branch_dag to 2021-07-12 00:00:00+00:00
[2021-07-14 23:13:03,205] {scheduler_job.py:190} INFO - Processing /home/airflow/sandbox/lib/python3.8/site-packages/airflow/example_dags/example_nested_branch_dag.py took 0.050 seconds
[2021-07-14 23:49:11,104] {scheduler_job.py:182} INFO - Started process (PID=1866) to work on /home/airflow/sandbox/lib/python3.8/site-packages/airflow/example_dags/example_nested_branch_dag.py
[2021-07-14 23:49:11,114] {scheduler_job.py:633} INFO - Processing file /home/airflow/sandbox/lib/python3.8/site-packages/airflow/example_dags/example_nested_branch_dag.py for tasks to queue
[2021-07-14 23:49:11,115] {logging_mixin.py:104} INFO - [2021-07-14 23:49:11,115] {dagbag.py:487} INFO - Filling up the DagBag from /home/airflow/sandbox/lib/python3.8/site-packages/airflow/example_dags/example_nested_branch_dag.py
[2021-07-14 23:49:11,132] {scheduler_job.py:643} INFO - DAG(s) dict_keys(['example_nested_branch_dag']) retrieved from /home/airflow/sandbox/lib/python3.8/site-packages/airflow/example_dags/example_nested_branch_dag.py
[2021-07-14 23:49:11,145] {logging_mixin.py:104} INFO - [2021-07-14 23:49:11,144] {dag.py:1832} INFO - Sync 1 DAGs
[2021-07-14 23:49:11,156] {logging_mixin.py:104} INFO - [2021-07-14 23:49:11,156] {dag.py:2305} INFO - Setting next_dagrun for example_nested_branch_dag to 2021-07-12 00:00:00+00:00
[2021-07-14 23:49:11,166] {scheduler_job.py:190} INFO - Processing /home/airflow/sandbox/lib/python3.8/site-packages/airflow/example_dags/example_nested_branch_dag.py took 0.064 seconds
[2021-07-14 23:49:44,287] {scheduler_job.py:182} INFO - Started process (PID=1897) to work on /home/airflow/sandbox/lib/python3.8/site-packages/airflow/example_dags/example_nested_branch_dag.py
[2021-07-14 23:49:44,288] {scheduler_job.py:633} INFO - Processing file /home/airflow/sandbox/lib/python3.8/site-packages/airflow/example_dags/example_nested_branch_dag.py for tasks to queue
[2021-07-14 23:49:44,288] {logging_mixin.py:104} INFO - [2021-07-14 23:49:44,288] {dagbag.py:487} INFO - Filling up the DagBag from /home/airflow/sandbox/lib/python3.8/site-packages/airflow/example_dags/example_nested_branch_dag.py
[2021-07-14 23:49:44,299] {scheduler_job.py:643} INFO - DAG(s) dict_keys(['example_nested_branch_dag']) retrieved from /home/airflow/sandbox/lib/python3.8/site-packages/airflow/example_dags/example_nested_branch_dag.py
[2021-07-14 23:49:44,313] {logging_mixin.py:104} INFO - [2021-07-14 23:49:44,313] {dag.py:1832} INFO - Sync 1 DAGs
[2021-07-14 23:49:44,325] {logging_mixin.py:104} INFO - [2021-07-14 23:49:44,325] {dag.py:2305} INFO - Setting next_dagrun for example_nested_branch_dag to 2021-07-12 00:00:00+00:00
[2021-07-14 23:49:44,336] {scheduler_job.py:190} INFO - Processing /home/airflow/sandbox/lib/python3.8/site-packages/airflow/example_dags/example_nested_branch_dag.py took 0.052 seconds
[2021-07-14 23:50:15,933] {scheduler_job.py:182} INFO - Started process (PID=1928) to work on /home/airflow/sandbox/lib/python3.8/site-packages/airflow/example_dags/example_nested_branch_dag.py
[2021-07-14 23:50:15,935] {scheduler_job.py:633} INFO - Processing file /home/airflow/sandbox/lib/python3.8/site-packages/airflow/example_dags/example_nested_branch_dag.py for tasks to queue
[2021-07-14 23:50:15,936] {logging_mixin.py:104} INFO - [2021-07-14 23:50:15,936] {dagbag.py:487} INFO - Filling up the DagBag from /home/airflow/sandbox/lib/python3.8/site-packages/airflow/example_dags/example_nested_branch_dag.py
[2021-07-14 23:50:15,948] {scheduler_job.py:643} INFO - DAG(s) dict_keys(['example_nested_branch_dag']) retrieved from /home/airflow/sandbox/lib/python3.8/site-packages/airflow/example_dags/example_nested_branch_dag.py
[2021-07-14 23:50:15,962] {logging_mixin.py:104} INFO - [2021-07-14 23:50:15,962] {dag.py:1832} INFO - Sync 1 DAGs
[2021-07-14 23:50:15,977] {logging_mixin.py:104} INFO - [2021-07-14 23:50:15,977] {dag.py:2305} INFO - Setting next_dagrun for example_nested_branch_dag to 2021-07-12 00:00:00+00:00
[2021-07-14 23:50:15,989] {scheduler_job.py:190} INFO - Processing /home/airflow/sandbox/lib/python3.8/site-packages/airflow/example_dags/example_nested_branch_dag.py took 0.060 seconds
[2021-07-14 23:50:48,706] {scheduler_job.py:182} INFO - Started process (PID=1960) to work on /home/airflow/sandbox/lib/python3.8/site-packages/airflow/example_dags/example_nested_branch_dag.py
[2021-07-14 23:50:48,707] {scheduler_job.py:633} INFO - Processing file /home/airflow/sandbox/lib/python3.8/site-packages/airflow/example_dags/example_nested_branch_dag.py for tasks to queue
[2021-07-14 23:50:48,708] {logging_mixin.py:104} INFO - [2021-07-14 23:50:48,708] {dagbag.py:487} INFO - Filling up the DagBag from /home/airflow/sandbox/lib/python3.8/site-packages/airflow/example_dags/example_nested_branch_dag.py
[2021-07-14 23:50:48,723] {scheduler_job.py:643} INFO - DAG(s) dict_keys(['example_nested_branch_dag']) retrieved from /home/airflow/sandbox/lib/python3.8/site-packages/airflow/example_dags/example_nested_branch_dag.py
[2021-07-14 23:50:48,741] {logging_mixin.py:104} INFO - [2021-07-14 23:50:48,740] {dag.py:1832} INFO - Sync 1 DAGs
[2021-07-14 23:50:48,759] {logging_mixin.py:104} INFO - [2021-07-14 23:50:48,758] {dag.py:2305} INFO - Setting next_dagrun for example_nested_branch_dag to 2021-07-12 00:00:00+00:00
[2021-07-14 23:50:48,778] {scheduler_job.py:190} INFO - Processing /home/airflow/sandbox/lib/python3.8/site-packages/airflow/example_dags/example_nested_branch_dag.py took 0.076 seconds
[2021-07-14 23:51:32,538] {scheduler_job.py:182} INFO - Started process (PID=1994) to work on /home/airflow/sandbox/lib/python3.8/site-packages/airflow/example_dags/example_nested_branch_dag.py
[2021-07-14 23:51:32,541] {scheduler_job.py:633} INFO - Processing file /home/airflow/sandbox/lib/python3.8/site-packages/airflow/example_dags/example_nested_branch_dag.py for tasks to queue
[2021-07-14 23:51:32,543] {logging_mixin.py:104} INFO - [2021-07-14 23:51:32,543] {dagbag.py:487} INFO - Filling up the DagBag from /home/airflow/sandbox/lib/python3.8/site-packages/airflow/example_dags/example_nested_branch_dag.py
[2021-07-14 23:51:32,595] {scheduler_job.py:643} INFO - DAG(s) dict_keys(['example_nested_branch_dag']) retrieved from /home/airflow/sandbox/lib/python3.8/site-packages/airflow/example_dags/example_nested_branch_dag.py
[2021-07-14 23:51:32,658] {logging_mixin.py:104} INFO - [2021-07-14 23:51:32,658] {dag.py:1832} INFO - Sync 1 DAGs
[2021-07-14 23:51:32,708] {logging_mixin.py:104} INFO - [2021-07-14 23:51:32,708] {dag.py:2305} INFO - Setting next_dagrun for example_nested_branch_dag to 2021-07-12 00:00:00+00:00
[2021-07-14 23:51:32,742] {scheduler_job.py:190} INFO - Processing /home/airflow/sandbox/lib/python3.8/site-packages/airflow/example_dags/example_nested_branch_dag.py took 0.217 seconds
[2021-07-14 23:52:12,795] {scheduler_job.py:182} INFO - Started process (PID=2025) to work on /home/airflow/sandbox/lib/python3.8/site-packages/airflow/example_dags/example_nested_branch_dag.py
[2021-07-14 23:52:12,796] {scheduler_job.py:633} INFO - Processing file /home/airflow/sandbox/lib/python3.8/site-packages/airflow/example_dags/example_nested_branch_dag.py for tasks to queue
[2021-07-14 23:52:12,796] {logging_mixin.py:104} INFO - [2021-07-14 23:52:12,796] {dagbag.py:487} INFO - Filling up the DagBag from /home/airflow/sandbox/lib/python3.8/site-packages/airflow/example_dags/example_nested_branch_dag.py
[2021-07-14 23:52:12,811] {scheduler_job.py:643} INFO - DAG(s) dict_keys(['example_nested_branch_dag']) retrieved from /home/airflow/sandbox/lib/python3.8/site-packages/airflow/example_dags/example_nested_branch_dag.py
[2021-07-14 23:52:12,826] {logging_mixin.py:104} INFO - [2021-07-14 23:52:12,826] {dag.py:1832} INFO - Sync 1 DAGs
[2021-07-14 23:52:12,842] {logging_mixin.py:104} INFO - [2021-07-14 23:52:12,841] {dag.py:2305} INFO - Setting next_dagrun for example_nested_branch_dag to 2021-07-12 00:00:00+00:00
[2021-07-14 23:52:12,863] {scheduler_job.py:190} INFO - Processing /home/airflow/sandbox/lib/python3.8/site-packages/airflow/example_dags/example_nested_branch_dag.py took 0.071 seconds
[2021-07-14 23:52:44,740] {scheduler_job.py:182} INFO - Started process (PID=2056) to work on /home/airflow/sandbox/lib/python3.8/site-packages/airflow/example_dags/example_nested_branch_dag.py
[2021-07-14 23:52:44,741] {scheduler_job.py:633} INFO - Processing file /home/airflow/sandbox/lib/python3.8/site-packages/airflow/example_dags/example_nested_branch_dag.py for tasks to queue
[2021-07-14 23:52:44,742] {logging_mixin.py:104} INFO - [2021-07-14 23:52:44,742] {dagbag.py:487} INFO - Filling up the DagBag from /home/airflow/sandbox/lib/python3.8/site-packages/airflow/example_dags/example_nested_branch_dag.py
[2021-07-14 23:52:44,755] {scheduler_job.py:643} INFO - DAG(s) dict_keys(['example_nested_branch_dag']) retrieved from /home/airflow/sandbox/lib/python3.8/site-packages/airflow/example_dags/example_nested_branch_dag.py
[2021-07-14 23:52:44,768] {logging_mixin.py:104} INFO - [2021-07-14 23:52:44,768] {dag.py:1832} INFO - Sync 1 DAGs
[2021-07-14 23:52:44,785] {logging_mixin.py:104} INFO - [2021-07-14 23:52:44,785] {dag.py:2305} INFO - Setting next_dagrun for example_nested_branch_dag to 2021-07-12 00:00:00+00:00
[2021-07-14 23:52:44,804] {scheduler_job.py:190} INFO - Processing /home/airflow/sandbox/lib/python3.8/site-packages/airflow/example_dags/example_nested_branch_dag.py took 0.066 seconds
[2021-07-14 23:53:15,964] {scheduler_job.py:182} INFO - Started process (PID=2087) to work on /home/airflow/sandbox/lib/python3.8/site-packages/airflow/example_dags/example_nested_branch_dag.py
[2021-07-14 23:53:15,964] {scheduler_job.py:633} INFO - Processing file /home/airflow/sandbox/lib/python3.8/site-packages/airflow/example_dags/example_nested_branch_dag.py for tasks to queue
[2021-07-14 23:53:15,965] {logging_mixin.py:104} INFO - [2021-07-14 23:53:15,965] {dagbag.py:487} INFO - Filling up the DagBag from /home/airflow/sandbox/lib/python3.8/site-packages/airflow/example_dags/example_nested_branch_dag.py
[2021-07-14 23:53:15,977] {scheduler_job.py:643} INFO - DAG(s) dict_keys(['example_nested_branch_dag']) retrieved from /home/airflow/sandbox/lib/python3.8/site-packages/airflow/example_dags/example_nested_branch_dag.py
[2021-07-14 23:53:15,989] {logging_mixin.py:104} INFO - [2021-07-14 23:53:15,989] {dag.py:1832} INFO - Sync 1 DAGs
[2021-07-14 23:53:16,002] {logging_mixin.py:104} INFO - [2021-07-14 23:53:16,002] {dag.py:2305} INFO - Setting next_dagrun for example_nested_branch_dag to 2021-07-12 00:00:00+00:00
[2021-07-14 23:53:16,014] {scheduler_job.py:190} INFO - Processing /home/airflow/sandbox/lib/python3.8/site-packages/airflow/example_dags/example_nested_branch_dag.py took 0.053 seconds
[2021-07-14 23:53:49,692] {scheduler_job.py:182} INFO - Started process (PID=2120) to work on /home/airflow/sandbox/lib/python3.8/site-packages/airflow/example_dags/example_nested_branch_dag.py
[2021-07-14 23:53:49,693] {scheduler_job.py:633} INFO - Processing file /home/airflow/sandbox/lib/python3.8/site-packages/airflow/example_dags/example_nested_branch_dag.py for tasks to queue
[2021-07-14 23:53:49,693] {logging_mixin.py:104} INFO - [2021-07-14 23:53:49,693] {dagbag.py:487} INFO - Filling up the DagBag from /home/airflow/sandbox/lib/python3.8/site-packages/airflow/example_dags/example_nested_branch_dag.py
[2021-07-14 23:53:49,706] {scheduler_job.py:643} INFO - DAG(s) dict_keys(['example_nested_branch_dag']) retrieved from /home/airflow/sandbox/lib/python3.8/site-packages/airflow/example_dags/example_nested_branch_dag.py
[2021-07-14 23:53:49,719] {logging_mixin.py:104} INFO - [2021-07-14 23:53:49,719] {dag.py:1832} INFO - Sync 1 DAGs
[2021-07-14 23:53:49,731] {logging_mixin.py:104} INFO - [2021-07-14 23:53:49,731] {dag.py:2305} INFO - Setting next_dagrun for example_nested_branch_dag to 2021-07-12 00:00:00+00:00
[2021-07-14 23:53:49,751] {scheduler_job.py:190} INFO - Processing /home/airflow/sandbox/lib/python3.8/site-packages/airflow/example_dags/example_nested_branch_dag.py took 0.062 seconds
[2021-07-14 23:54:22,443] {scheduler_job.py:182} INFO - Started process (PID=2151) to work on /home/airflow/sandbox/lib/python3.8/site-packages/airflow/example_dags/example_nested_branch_dag.py
[2021-07-14 23:54:22,443] {scheduler_job.py:633} INFO - Processing file /home/airflow/sandbox/lib/python3.8/site-packages/airflow/example_dags/example_nested_branch_dag.py for tasks to queue
[2021-07-14 23:54:22,444] {logging_mixin.py:104} INFO - [2021-07-14 23:54:22,444] {dagbag.py:487} INFO - Filling up the DagBag from /home/airflow/sandbox/lib/python3.8/site-packages/airflow/example_dags/example_nested_branch_dag.py
[2021-07-14 23:54:22,455] {scheduler_job.py:643} INFO - DAG(s) dict_keys(['example_nested_branch_dag']) retrieved from /home/airflow/sandbox/lib/python3.8/site-packages/airflow/example_dags/example_nested_branch_dag.py
[2021-07-14 23:54:22,468] {logging_mixin.py:104} INFO - [2021-07-14 23:54:22,468] {dag.py:1832} INFO - Sync 1 DAGs
[2021-07-14 23:54:22,481] {logging_mixin.py:104} INFO - [2021-07-14 23:54:22,480] {dag.py:2305} INFO - Setting next_dagrun for example_nested_branch_dag to 2021-07-12 00:00:00+00:00
[2021-07-14 23:54:22,492] {scheduler_job.py:190} INFO - Processing /home/airflow/sandbox/lib/python3.8/site-packages/airflow/example_dags/example_nested_branch_dag.py took 0.051 seconds
[2021-07-14 23:54:54,915] {scheduler_job.py:182} INFO - Started process (PID=2183) to work on /home/airflow/sandbox/lib/python3.8/site-packages/airflow/example_dags/example_nested_branch_dag.py
[2021-07-14 23:54:54,916] {scheduler_job.py:633} INFO - Processing file /home/airflow/sandbox/lib/python3.8/site-packages/airflow/example_dags/example_nested_branch_dag.py for tasks to queue
[2021-07-14 23:54:54,917] {logging_mixin.py:104} INFO - [2021-07-14 23:54:54,917] {dagbag.py:487} INFO - Filling up the DagBag from /home/airflow/sandbox/lib/python3.8/site-packages/airflow/example_dags/example_nested_branch_dag.py
[2021-07-14 23:54:54,931] {scheduler_job.py:643} INFO - DAG(s) dict_keys(['example_nested_branch_dag']) retrieved from /home/airflow/sandbox/lib/python3.8/site-packages/airflow/example_dags/example_nested_branch_dag.py
[2021-07-14 23:54:54,945] {logging_mixin.py:104} INFO - [2021-07-14 23:54:54,945] {dag.py:1832} INFO - Sync 1 DAGs
[2021-07-14 23:54:54,960] {logging_mixin.py:104} INFO - [2021-07-14 23:54:54,960] {dag.py:2305} INFO - Setting next_dagrun for example_nested_branch_dag to 2021-07-12 00:00:00+00:00
[2021-07-14 23:54:54,971] {scheduler_job.py:190} INFO - Processing /home/airflow/sandbox/lib/python3.8/site-packages/airflow/example_dags/example_nested_branch_dag.py took 0.059 seconds
[2021-07-14 23:56:08,510] {scheduler_job.py:182} INFO - Started process (PID=2263) to work on /home/airflow/sandbox/lib/python3.8/site-packages/airflow/example_dags/example_nested_branch_dag.py
[2021-07-14 23:56:08,511] {scheduler_job.py:633} INFO - Processing file /home/airflow/sandbox/lib/python3.8/site-packages/airflow/example_dags/example_nested_branch_dag.py for tasks to queue
[2021-07-14 23:56:08,512] {logging_mixin.py:104} INFO - [2021-07-14 23:56:08,512] {dagbag.py:487} INFO - Filling up the DagBag from /home/airflow/sandbox/lib/python3.8/site-packages/airflow/example_dags/example_nested_branch_dag.py
[2021-07-14 23:56:08,523] {scheduler_job.py:643} INFO - DAG(s) dict_keys(['example_nested_branch_dag']) retrieved from /home/airflow/sandbox/lib/python3.8/site-packages/airflow/example_dags/example_nested_branch_dag.py
[2021-07-14 23:56:08,537] {logging_mixin.py:104} INFO - [2021-07-14 23:56:08,537] {dag.py:1832} INFO - Sync 1 DAGs
[2021-07-14 23:56:08,550] {logging_mixin.py:104} INFO - [2021-07-14 23:56:08,550] {dag.py:2305} INFO - Setting next_dagrun for example_nested_branch_dag to 2021-07-12 00:00:00+00:00
[2021-07-14 23:56:08,561] {scheduler_job.py:190} INFO - Processing /home/airflow/sandbox/lib/python3.8/site-packages/airflow/example_dags/example_nested_branch_dag.py took 0.053 seconds
[2021-07-14 23:56:41,893] {scheduler_job.py:182} INFO - Started process (PID=2294) to work on /home/airflow/sandbox/lib/python3.8/site-packages/airflow/example_dags/example_nested_branch_dag.py
[2021-07-14 23:56:41,894] {scheduler_job.py:633} INFO - Processing file /home/airflow/sandbox/lib/python3.8/site-packages/airflow/example_dags/example_nested_branch_dag.py for tasks to queue
[2021-07-14 23:56:41,895] {logging_mixin.py:104} INFO - [2021-07-14 23:56:41,895] {dagbag.py:487} INFO - Filling up the DagBag from /home/airflow/sandbox/lib/python3.8/site-packages/airflow/example_dags/example_nested_branch_dag.py
[2021-07-14 23:56:41,907] {scheduler_job.py:643} INFO - DAG(s) dict_keys(['example_nested_branch_dag']) retrieved from /home/airflow/sandbox/lib/python3.8/site-packages/airflow/example_dags/example_nested_branch_dag.py
[2021-07-14 23:56:41,922] {logging_mixin.py:104} INFO - [2021-07-14 23:56:41,922] {dag.py:1832} INFO - Sync 1 DAGs
[2021-07-14 23:56:41,937] {logging_mixin.py:104} INFO - [2021-07-14 23:56:41,936] {dag.py:2305} INFO - Setting next_dagrun for example_nested_branch_dag to 2021-07-12 00:00:00+00:00
[2021-07-14 23:56:41,955] {scheduler_job.py:190} INFO - Processing /home/airflow/sandbox/lib/python3.8/site-packages/airflow/example_dags/example_nested_branch_dag.py took 0.065 seconds
[2021-07-14 23:57:14,468] {scheduler_job.py:182} INFO - Started process (PID=2326) to work on /home/airflow/sandbox/lib/python3.8/site-packages/airflow/example_dags/example_nested_branch_dag.py
[2021-07-14 23:57:14,469] {scheduler_job.py:633} INFO - Processing file /home/airflow/sandbox/lib/python3.8/site-packages/airflow/example_dags/example_nested_branch_dag.py for tasks to queue
[2021-07-14 23:57:14,469] {logging_mixin.py:104} INFO - [2021-07-14 23:57:14,469] {dagbag.py:487} INFO - Filling up the DagBag from /home/airflow/sandbox/lib/python3.8/site-packages/airflow/example_dags/example_nested_branch_dag.py
[2021-07-14 23:57:14,481] {scheduler_job.py:643} INFO - DAG(s) dict_keys(['example_nested_branch_dag']) retrieved from /home/airflow/sandbox/lib/python3.8/site-packages/airflow/example_dags/example_nested_branch_dag.py
[2021-07-14 23:57:14,494] {logging_mixin.py:104} INFO - [2021-07-14 23:57:14,494] {dag.py:1832} INFO - Sync 1 DAGs
[2021-07-14 23:57:14,507] {logging_mixin.py:104} INFO - [2021-07-14 23:57:14,507] {dag.py:2305} INFO - Setting next_dagrun for example_nested_branch_dag to 2021-07-12 00:00:00+00:00
[2021-07-14 23:57:14,518] {scheduler_job.py:190} INFO - Processing /home/airflow/sandbox/lib/python3.8/site-packages/airflow/example_dags/example_nested_branch_dag.py took 0.052 seconds
[2021-07-14 23:57:49,172] {scheduler_job.py:182} INFO - Started process (PID=2358) to work on /home/airflow/sandbox/lib/python3.8/site-packages/airflow/example_dags/example_nested_branch_dag.py
[2021-07-14 23:57:49,173] {scheduler_job.py:633} INFO - Processing file /home/airflow/sandbox/lib/python3.8/site-packages/airflow/example_dags/example_nested_branch_dag.py for tasks to queue
[2021-07-14 23:57:49,174] {logging_mixin.py:104} INFO - [2021-07-14 23:57:49,173] {dagbag.py:487} INFO - Filling up the DagBag from /home/airflow/sandbox/lib/python3.8/site-packages/airflow/example_dags/example_nested_branch_dag.py
[2021-07-14 23:57:49,188] {scheduler_job.py:643} INFO - DAG(s) dict_keys(['example_nested_branch_dag']) retrieved from /home/airflow/sandbox/lib/python3.8/site-packages/airflow/example_dags/example_nested_branch_dag.py
[2021-07-14 23:57:49,203] {logging_mixin.py:104} INFO - [2021-07-14 23:57:49,203] {dag.py:1832} INFO - Sync 1 DAGs
[2021-07-14 23:57:49,219] {logging_mixin.py:104} INFO - [2021-07-14 23:57:49,218] {dag.py:2305} INFO - Setting next_dagrun for example_nested_branch_dag to 2021-07-12 00:00:00+00:00
[2021-07-14 23:57:49,243] {scheduler_job.py:190} INFO - Processing /home/airflow/sandbox/lib/python3.8/site-packages/airflow/example_dags/example_nested_branch_dag.py took 0.074 seconds
[2021-07-14 23:58:22,870] {scheduler_job.py:182} INFO - Started process (PID=2391) to work on /home/airflow/sandbox/lib/python3.8/site-packages/airflow/example_dags/example_nested_branch_dag.py
[2021-07-14 23:58:22,871] {scheduler_job.py:633} INFO - Processing file /home/airflow/sandbox/lib/python3.8/site-packages/airflow/example_dags/example_nested_branch_dag.py for tasks to queue
[2021-07-14 23:58:22,872] {logging_mixin.py:104} INFO - [2021-07-14 23:58:22,872] {dagbag.py:487} INFO - Filling up the DagBag from /home/airflow/sandbox/lib/python3.8/site-packages/airflow/example_dags/example_nested_branch_dag.py
[2021-07-14 23:58:22,883] {scheduler_job.py:643} INFO - DAG(s) dict_keys(['example_nested_branch_dag']) retrieved from /home/airflow/sandbox/lib/python3.8/site-packages/airflow/example_dags/example_nested_branch_dag.py
[2021-07-14 23:58:22,896] {logging_mixin.py:104} INFO - [2021-07-14 23:58:22,896] {dag.py:1832} INFO - Sync 1 DAGs
[2021-07-14 23:58:22,910] {logging_mixin.py:104} INFO - [2021-07-14 23:58:22,910] {dag.py:2305} INFO - Setting next_dagrun for example_nested_branch_dag to 2021-07-12 00:00:00+00:00
[2021-07-14 23:58:22,921] {scheduler_job.py:190} INFO - Processing /home/airflow/sandbox/lib/python3.8/site-packages/airflow/example_dags/example_nested_branch_dag.py took 0.054 seconds
[2021-07-14 23:58:53,939] {scheduler_job.py:182} INFO - Started process (PID=2422) to work on /home/airflow/sandbox/lib/python3.8/site-packages/airflow/example_dags/example_nested_branch_dag.py
[2021-07-14 23:58:53,939] {scheduler_job.py:633} INFO - Processing file /home/airflow/sandbox/lib/python3.8/site-packages/airflow/example_dags/example_nested_branch_dag.py for tasks to queue
[2021-07-14 23:58:53,940] {logging_mixin.py:104} INFO - [2021-07-14 23:58:53,940] {dagbag.py:487} INFO - Filling up the DagBag from /home/airflow/sandbox/lib/python3.8/site-packages/airflow/example_dags/example_nested_branch_dag.py
[2021-07-14 23:58:53,950] {scheduler_job.py:643} INFO - DAG(s) dict_keys(['example_nested_branch_dag']) retrieved from /home/airflow/sandbox/lib/python3.8/site-packages/airflow/example_dags/example_nested_branch_dag.py
[2021-07-14 23:58:53,961] {logging_mixin.py:104} INFO - [2021-07-14 23:58:53,961] {dag.py:1832} INFO - Sync 1 DAGs
[2021-07-14 23:58:53,972] {logging_mixin.py:104} INFO - [2021-07-14 23:58:53,972] {dag.py:2305} INFO - Setting next_dagrun for example_nested_branch_dag to 2021-07-12 00:00:00+00:00
[2021-07-14 23:58:53,989] {scheduler_job.py:190} INFO - Processing /home/airflow/sandbox/lib/python3.8/site-packages/airflow/example_dags/example_nested_branch_dag.py took 0.052 seconds
[2021-07-14 23:59:24,784] {scheduler_job.py:182} INFO - Started process (PID=2453) to work on /home/airflow/sandbox/lib/python3.8/site-packages/airflow/example_dags/example_nested_branch_dag.py
[2021-07-14 23:59:24,785] {scheduler_job.py:633} INFO - Processing file /home/airflow/sandbox/lib/python3.8/site-packages/airflow/example_dags/example_nested_branch_dag.py for tasks to queue
[2021-07-14 23:59:24,785] {logging_mixin.py:104} INFO - [2021-07-14 23:59:24,785] {dagbag.py:487} INFO - Filling up the DagBag from /home/airflow/sandbox/lib/python3.8/site-packages/airflow/example_dags/example_nested_branch_dag.py
[2021-07-14 23:59:24,795] {scheduler_job.py:643} INFO - DAG(s) dict_keys(['example_nested_branch_dag']) retrieved from /home/airflow/sandbox/lib/python3.8/site-packages/airflow/example_dags/example_nested_branch_dag.py
[2021-07-14 23:59:24,807] {logging_mixin.py:104} INFO - [2021-07-14 23:59:24,807] {dag.py:1832} INFO - Sync 1 DAGs
[2021-07-14 23:59:24,817] {logging_mixin.py:104} INFO - [2021-07-14 23:59:24,817] {dag.py:2305} INFO - Setting next_dagrun for example_nested_branch_dag to 2021-07-12 00:00:00+00:00
[2021-07-14 23:59:24,835] {scheduler_job.py:190} INFO - Processing /home/airflow/sandbox/lib/python3.8/site-packages/airflow/example_dags/example_nested_branch_dag.py took 0.054 seconds
[2021-07-14 23:59:56,952] {scheduler_job.py:182} INFO - Started process (PID=2486) to work on /home/airflow/sandbox/lib/python3.8/site-packages/airflow/example_dags/example_nested_branch_dag.py
[2021-07-14 23:59:56,953] {scheduler_job.py:633} INFO - Processing file /home/airflow/sandbox/lib/python3.8/site-packages/airflow/example_dags/example_nested_branch_dag.py for tasks to queue
[2021-07-14 23:59:56,953] {logging_mixin.py:104} INFO - [2021-07-14 23:59:56,953] {dagbag.py:487} INFO - Filling up the DagBag from /home/airflow/sandbox/lib/python3.8/site-packages/airflow/example_dags/example_nested_branch_dag.py
[2021-07-14 23:59:56,963] {scheduler_job.py:643} INFO - DAG(s) dict_keys(['example_nested_branch_dag']) retrieved from /home/airflow/sandbox/lib/python3.8/site-packages/airflow/example_dags/example_nested_branch_dag.py
[2021-07-14 23:59:56,974] {logging_mixin.py:104} INFO - [2021-07-14 23:59:56,974] {dag.py:1832} INFO - Sync 1 DAGs
[2021-07-14 23:59:56,985] {logging_mixin.py:104} INFO - [2021-07-14 23:59:56,985] {dag.py:2305} INFO - Setting next_dagrun for example_nested_branch_dag to 2021-07-12 00:00:00+00:00
[2021-07-14 23:59:57,001] {scheduler_job.py:190} INFO - Processing /home/airflow/sandbox/lib/python3.8/site-packages/airflow/example_dags/example_nested_branch_dag.py took 0.051 seconds
