[2021-07-14 23:02:57,234] {scheduler_job.py:182} INFO - Started process (PID=1584) to work on /home/airflow/sandbox/lib/python3.8/site-packages/airflow/example_dags/example_branch_labels.py
[2021-07-14 23:02:57,236] {scheduler_job.py:633} INFO - Processing file /home/airflow/sandbox/lib/python3.8/site-packages/airflow/example_dags/example_branch_labels.py for tasks to queue
[2021-07-14 23:02:57,236] {logging_mixin.py:104} INFO - [2021-07-14 23:02:57,236] {dagbag.py:487} INFO - Filling up the DagBag from /home/airflow/sandbox/lib/python3.8/site-packages/airflow/example_dags/example_branch_labels.py
[2021-07-14 23:02:57,256] {scheduler_job.py:643} INFO - DAG(s) dict_keys(['example_branch_labels']) retrieved from /home/airflow/sandbox/lib/python3.8/site-packages/airflow/example_dags/example_branch_labels.py
[2021-07-14 23:02:57,284] {logging_mixin.py:104} INFO - [2021-07-14 23:02:57,283] {dag.py:1832} INFO - Sync 1 DAGs
[2021-07-14 23:02:57,317] {logging_mixin.py:104} INFO - [2021-07-14 23:02:57,316] {dag.py:2305} INFO - Setting next_dagrun for example_branch_labels to 2021-07-12 00:00:00+00:00
[2021-07-14 23:02:57,349] {scheduler_job.py:190} INFO - Processing /home/airflow/sandbox/lib/python3.8/site-packages/airflow/example_dags/example_branch_labels.py took 0.119 seconds
[2021-07-14 23:03:33,454] {scheduler_job.py:182} INFO - Started process (PID=1622) to work on /home/airflow/sandbox/lib/python3.8/site-packages/airflow/example_dags/example_branch_labels.py
[2021-07-14 23:03:33,455] {scheduler_job.py:633} INFO - Processing file /home/airflow/sandbox/lib/python3.8/site-packages/airflow/example_dags/example_branch_labels.py for tasks to queue
[2021-07-14 23:03:33,455] {logging_mixin.py:104} INFO - [2021-07-14 23:03:33,455] {dagbag.py:487} INFO - Filling up the DagBag from /home/airflow/sandbox/lib/python3.8/site-packages/airflow/example_dags/example_branch_labels.py
[2021-07-14 23:03:33,472] {scheduler_job.py:643} INFO - DAG(s) dict_keys(['example_branch_labels']) retrieved from /home/airflow/sandbox/lib/python3.8/site-packages/airflow/example_dags/example_branch_labels.py
[2021-07-14 23:03:33,489] {logging_mixin.py:104} INFO - [2021-07-14 23:03:33,489] {dag.py:1832} INFO - Sync 1 DAGs
[2021-07-14 23:03:33,507] {logging_mixin.py:104} INFO - [2021-07-14 23:03:33,507] {dag.py:2305} INFO - Setting next_dagrun for example_branch_labels to 2021-07-12 00:00:00+00:00
[2021-07-14 23:03:33,521] {scheduler_job.py:190} INFO - Processing /home/airflow/sandbox/lib/python3.8/site-packages/airflow/example_dags/example_branch_labels.py took 0.071 seconds
[2021-07-14 23:04:09,729] {scheduler_job.py:182} INFO - Started process (PID=1661) to work on /home/airflow/sandbox/lib/python3.8/site-packages/airflow/example_dags/example_branch_labels.py
[2021-07-14 23:04:09,730] {scheduler_job.py:633} INFO - Processing file /home/airflow/sandbox/lib/python3.8/site-packages/airflow/example_dags/example_branch_labels.py for tasks to queue
[2021-07-14 23:04:09,732] {logging_mixin.py:104} INFO - [2021-07-14 23:04:09,731] {dagbag.py:487} INFO - Filling up the DagBag from /home/airflow/sandbox/lib/python3.8/site-packages/airflow/example_dags/example_branch_labels.py
[2021-07-14 23:04:09,752] {scheduler_job.py:643} INFO - DAG(s) dict_keys(['example_branch_labels']) retrieved from /home/airflow/sandbox/lib/python3.8/site-packages/airflow/example_dags/example_branch_labels.py
[2021-07-14 23:04:09,772] {logging_mixin.py:104} INFO - [2021-07-14 23:04:09,772] {dag.py:1832} INFO - Sync 1 DAGs
[2021-07-14 23:04:09,795] {logging_mixin.py:104} INFO - [2021-07-14 23:04:09,795] {dag.py:2305} INFO - Setting next_dagrun for example_branch_labels to 2021-07-12 00:00:00+00:00
[2021-07-14 23:04:09,822] {scheduler_job.py:190} INFO - Processing /home/airflow/sandbox/lib/python3.8/site-packages/airflow/example_dags/example_branch_labels.py took 0.097 seconds
[2021-07-14 23:04:35,473] {scheduler_job.py:182} INFO - Started process (PID=1697) to work on /home/airflow/sandbox/lib/python3.8/site-packages/airflow/example_dags/example_branch_labels.py
[2021-07-14 23:04:35,475] {scheduler_job.py:633} INFO - Processing file /home/airflow/sandbox/lib/python3.8/site-packages/airflow/example_dags/example_branch_labels.py for tasks to queue
[2021-07-14 23:04:35,478] {logging_mixin.py:104} INFO - [2021-07-14 23:04:35,477] {dagbag.py:487} INFO - Filling up the DagBag from /home/airflow/sandbox/lib/python3.8/site-packages/airflow/example_dags/example_branch_labels.py
[2021-07-14 23:04:35,513] {scheduler_job.py:643} INFO - DAG(s) dict_keys(['example_branch_labels']) retrieved from /home/airflow/sandbox/lib/python3.8/site-packages/airflow/example_dags/example_branch_labels.py
[2021-07-14 23:04:35,548] {logging_mixin.py:104} INFO - [2021-07-14 23:04:35,548] {dag.py:1832} INFO - Sync 1 DAGs
[2021-07-14 23:04:35,591] {logging_mixin.py:104} INFO - [2021-07-14 23:04:35,590] {dag.py:2305} INFO - Setting next_dagrun for example_branch_labels to 2021-07-12 00:00:00+00:00
[2021-07-14 23:04:35,607] {scheduler_job.py:190} INFO - Processing /home/airflow/sandbox/lib/python3.8/site-packages/airflow/example_dags/example_branch_labels.py took 0.141 seconds
[2021-07-14 23:04:55,435] {scheduler_job.py:182} INFO - Started process (PID=1735) to work on /home/airflow/sandbox/lib/python3.8/site-packages/airflow/example_dags/example_branch_labels.py
[2021-07-14 23:04:55,437] {scheduler_job.py:633} INFO - Processing file /home/airflow/sandbox/lib/python3.8/site-packages/airflow/example_dags/example_branch_labels.py for tasks to queue
[2021-07-14 23:04:55,439] {logging_mixin.py:104} INFO - [2021-07-14 23:04:55,439] {dagbag.py:487} INFO - Filling up the DagBag from /home/airflow/sandbox/lib/python3.8/site-packages/airflow/example_dags/example_branch_labels.py
[2021-07-14 23:04:55,474] {scheduler_job.py:643} INFO - DAG(s) dict_keys(['example_branch_labels']) retrieved from /home/airflow/sandbox/lib/python3.8/site-packages/airflow/example_dags/example_branch_labels.py
[2021-07-14 23:04:55,511] {logging_mixin.py:104} INFO - [2021-07-14 23:04:55,511] {dag.py:1832} INFO - Sync 1 DAGs
[2021-07-14 23:04:55,553] {logging_mixin.py:104} INFO - [2021-07-14 23:04:55,553] {dag.py:2305} INFO - Setting next_dagrun for example_branch_labels to 2021-07-12 00:00:00+00:00
[2021-07-14 23:04:55,582] {scheduler_job.py:190} INFO - Processing /home/airflow/sandbox/lib/python3.8/site-packages/airflow/example_dags/example_branch_labels.py took 0.156 seconds
[2021-07-14 23:05:19,850] {scheduler_job.py:182} INFO - Started process (PID=1768) to work on /home/airflow/sandbox/lib/python3.8/site-packages/airflow/example_dags/example_branch_labels.py
[2021-07-14 23:05:19,851] {scheduler_job.py:633} INFO - Processing file /home/airflow/sandbox/lib/python3.8/site-packages/airflow/example_dags/example_branch_labels.py for tasks to queue
[2021-07-14 23:05:19,857] {logging_mixin.py:104} INFO - [2021-07-14 23:05:19,857] {dagbag.py:487} INFO - Filling up the DagBag from /home/airflow/sandbox/lib/python3.8/site-packages/airflow/example_dags/example_branch_labels.py
[2021-07-14 23:05:19,903] {scheduler_job.py:643} INFO - DAG(s) dict_keys(['example_branch_labels']) retrieved from /home/airflow/sandbox/lib/python3.8/site-packages/airflow/example_dags/example_branch_labels.py
[2021-07-14 23:05:19,962] {logging_mixin.py:104} INFO - [2021-07-14 23:05:19,962] {dag.py:1832} INFO - Sync 1 DAGs
[2021-07-14 23:05:20,020] {logging_mixin.py:104} INFO - [2021-07-14 23:05:20,020] {dag.py:2305} INFO - Setting next_dagrun for example_branch_labels to 2021-07-12 00:00:00+00:00
[2021-07-14 23:05:20,066] {scheduler_job.py:190} INFO - Processing /home/airflow/sandbox/lib/python3.8/site-packages/airflow/example_dags/example_branch_labels.py took 0.220 seconds
[2021-07-14 23:05:40,950] {scheduler_job.py:182} INFO - Started process (PID=1803) to work on /home/airflow/sandbox/lib/python3.8/site-packages/airflow/example_dags/example_branch_labels.py
[2021-07-14 23:05:40,952] {scheduler_job.py:633} INFO - Processing file /home/airflow/sandbox/lib/python3.8/site-packages/airflow/example_dags/example_branch_labels.py for tasks to queue
[2021-07-14 23:05:40,953] {logging_mixin.py:104} INFO - [2021-07-14 23:05:40,953] {dagbag.py:487} INFO - Filling up the DagBag from /home/airflow/sandbox/lib/python3.8/site-packages/airflow/example_dags/example_branch_labels.py
[2021-07-14 23:05:40,980] {scheduler_job.py:643} INFO - DAG(s) dict_keys(['example_branch_labels']) retrieved from /home/airflow/sandbox/lib/python3.8/site-packages/airflow/example_dags/example_branch_labels.py
[2021-07-14 23:05:41,003] {logging_mixin.py:104} INFO - [2021-07-14 23:05:41,003] {dag.py:1832} INFO - Sync 1 DAGs
[2021-07-14 23:05:41,016] {logging_mixin.py:104} INFO - [2021-07-14 23:05:41,016] {dag.py:2305} INFO - Setting next_dagrun for example_branch_labels to 2021-07-12 00:00:00+00:00
[2021-07-14 23:05:41,027] {scheduler_job.py:190} INFO - Processing /home/airflow/sandbox/lib/python3.8/site-packages/airflow/example_dags/example_branch_labels.py took 0.080 seconds
[2021-07-14 23:05:55,317] {scheduler_job.py:182} INFO - Started process (PID=1828) to work on /home/airflow/sandbox/lib/python3.8/site-packages/airflow/example_dags/example_branch_labels.py
[2021-07-14 23:05:55,318] {scheduler_job.py:633} INFO - Processing file /home/airflow/sandbox/lib/python3.8/site-packages/airflow/example_dags/example_branch_labels.py for tasks to queue
[2021-07-14 23:05:55,318] {logging_mixin.py:104} INFO - [2021-07-14 23:05:55,318] {dagbag.py:487} INFO - Filling up the DagBag from /home/airflow/sandbox/lib/python3.8/site-packages/airflow/example_dags/example_branch_labels.py
[2021-07-14 23:05:55,331] {scheduler_job.py:643} INFO - DAG(s) dict_keys(['example_branch_labels']) retrieved from /home/airflow/sandbox/lib/python3.8/site-packages/airflow/example_dags/example_branch_labels.py
[2021-07-14 23:05:55,344] {logging_mixin.py:104} INFO - [2021-07-14 23:05:55,344] {dag.py:1832} INFO - Sync 1 DAGs
[2021-07-14 23:05:55,357] {logging_mixin.py:104} INFO - [2021-07-14 23:05:55,357] {dag.py:2305} INFO - Setting next_dagrun for example_branch_labels to 2021-07-12 00:00:00+00:00
[2021-07-14 23:05:55,367] {scheduler_job.py:190} INFO - Processing /home/airflow/sandbox/lib/python3.8/site-packages/airflow/example_dags/example_branch_labels.py took 0.052 seconds
[2021-07-14 23:06:14,442] {scheduler_job.py:182} INFO - Started process (PID=1865) to work on /home/airflow/sandbox/lib/python3.8/site-packages/airflow/example_dags/example_branch_labels.py
[2021-07-14 23:06:14,444] {scheduler_job.py:633} INFO - Processing file /home/airflow/sandbox/lib/python3.8/site-packages/airflow/example_dags/example_branch_labels.py for tasks to queue
[2021-07-14 23:06:14,445] {logging_mixin.py:104} INFO - [2021-07-14 23:06:14,444] {dagbag.py:487} INFO - Filling up the DagBag from /home/airflow/sandbox/lib/python3.8/site-packages/airflow/example_dags/example_branch_labels.py
[2021-07-14 23:06:14,455] {scheduler_job.py:643} INFO - DAG(s) dict_keys(['example_branch_labels']) retrieved from /home/airflow/sandbox/lib/python3.8/site-packages/airflow/example_dags/example_branch_labels.py
[2021-07-14 23:06:14,471] {logging_mixin.py:104} INFO - [2021-07-14 23:06:14,471] {dag.py:1832} INFO - Sync 1 DAGs
[2021-07-14 23:06:14,486] {logging_mixin.py:104} INFO - [2021-07-14 23:06:14,486] {dag.py:2305} INFO - Setting next_dagrun for example_branch_labels to 2021-07-12 00:00:00+00:00
[2021-07-14 23:06:14,504] {scheduler_job.py:190} INFO - Processing /home/airflow/sandbox/lib/python3.8/site-packages/airflow/example_dags/example_branch_labels.py took 0.065 seconds
[2021-07-14 23:06:29,179] {scheduler_job.py:182} INFO - Started process (PID=1891) to work on /home/airflow/sandbox/lib/python3.8/site-packages/airflow/example_dags/example_branch_labels.py
[2021-07-14 23:06:29,181] {scheduler_job.py:633} INFO - Processing file /home/airflow/sandbox/lib/python3.8/site-packages/airflow/example_dags/example_branch_labels.py for tasks to queue
[2021-07-14 23:06:29,182] {logging_mixin.py:104} INFO - [2021-07-14 23:06:29,182] {dagbag.py:487} INFO - Filling up the DagBag from /home/airflow/sandbox/lib/python3.8/site-packages/airflow/example_dags/example_branch_labels.py
[2021-07-14 23:06:29,203] {scheduler_job.py:643} INFO - DAG(s) dict_keys(['example_branch_labels']) retrieved from /home/airflow/sandbox/lib/python3.8/site-packages/airflow/example_dags/example_branch_labels.py
[2021-07-14 23:06:29,222] {logging_mixin.py:104} INFO - [2021-07-14 23:06:29,222] {dag.py:1832} INFO - Sync 1 DAGs
[2021-07-14 23:06:29,244] {logging_mixin.py:104} INFO - [2021-07-14 23:06:29,243] {dag.py:2305} INFO - Setting next_dagrun for example_branch_labels to 2021-07-12 00:00:00+00:00
[2021-07-14 23:06:29,269] {scheduler_job.py:190} INFO - Processing /home/airflow/sandbox/lib/python3.8/site-packages/airflow/example_dags/example_branch_labels.py took 0.095 seconds
[2021-07-14 23:06:55,718] {scheduler_job.py:182} INFO - Started process (PID=1931) to work on /home/airflow/sandbox/lib/python3.8/site-packages/airflow/example_dags/example_branch_labels.py
[2021-07-14 23:06:55,721] {scheduler_job.py:633} INFO - Processing file /home/airflow/sandbox/lib/python3.8/site-packages/airflow/example_dags/example_branch_labels.py for tasks to queue
[2021-07-14 23:06:55,722] {logging_mixin.py:104} INFO - [2021-07-14 23:06:55,722] {dagbag.py:487} INFO - Filling up the DagBag from /home/airflow/sandbox/lib/python3.8/site-packages/airflow/example_dags/example_branch_labels.py
[2021-07-14 23:06:55,755] {scheduler_job.py:643} INFO - DAG(s) dict_keys(['example_branch_labels']) retrieved from /home/airflow/sandbox/lib/python3.8/site-packages/airflow/example_dags/example_branch_labels.py
[2021-07-14 23:06:55,781] {logging_mixin.py:104} INFO - [2021-07-14 23:06:55,781] {dag.py:1832} INFO - Sync 1 DAGs
[2021-07-14 23:06:55,808] {logging_mixin.py:104} INFO - [2021-07-14 23:06:55,807] {dag.py:2305} INFO - Setting next_dagrun for example_branch_labels to 2021-07-12 00:00:00+00:00
[2021-07-14 23:06:55,832] {scheduler_job.py:190} INFO - Processing /home/airflow/sandbox/lib/python3.8/site-packages/airflow/example_dags/example_branch_labels.py took 0.119 seconds
[2021-07-14 23:07:07,935] {scheduler_job.py:182} INFO - Started process (PID=1952) to work on /home/airflow/sandbox/lib/python3.8/site-packages/airflow/example_dags/example_branch_labels.py
[2021-07-14 23:07:07,937] {scheduler_job.py:633} INFO - Processing file /home/airflow/sandbox/lib/python3.8/site-packages/airflow/example_dags/example_branch_labels.py for tasks to queue
[2021-07-14 23:07:07,937] {logging_mixin.py:104} INFO - [2021-07-14 23:07:07,937] {dagbag.py:487} INFO - Filling up the DagBag from /home/airflow/sandbox/lib/python3.8/site-packages/airflow/example_dags/example_branch_labels.py
[2021-07-14 23:07:07,949] {scheduler_job.py:643} INFO - DAG(s) dict_keys(['example_branch_labels']) retrieved from /home/airflow/sandbox/lib/python3.8/site-packages/airflow/example_dags/example_branch_labels.py
[2021-07-14 23:07:07,965] {logging_mixin.py:104} INFO - [2021-07-14 23:07:07,965] {dag.py:1832} INFO - Sync 1 DAGs
[2021-07-14 23:07:07,981] {logging_mixin.py:104} INFO - [2021-07-14 23:07:07,981] {dag.py:2305} INFO - Setting next_dagrun for example_branch_labels to 2021-07-12 00:00:00+00:00
[2021-07-14 23:07:08,000] {scheduler_job.py:190} INFO - Processing /home/airflow/sandbox/lib/python3.8/site-packages/airflow/example_dags/example_branch_labels.py took 0.069 seconds
[2021-07-14 23:07:30,635] {scheduler_job.py:182} INFO - Started process (PID=1995) to work on /home/airflow/sandbox/lib/python3.8/site-packages/airflow/example_dags/example_branch_labels.py
[2021-07-14 23:07:30,636] {scheduler_job.py:633} INFO - Processing file /home/airflow/sandbox/lib/python3.8/site-packages/airflow/example_dags/example_branch_labels.py for tasks to queue
[2021-07-14 23:07:30,636] {logging_mixin.py:104} INFO - [2021-07-14 23:07:30,636] {dagbag.py:487} INFO - Filling up the DagBag from /home/airflow/sandbox/lib/python3.8/site-packages/airflow/example_dags/example_branch_labels.py
[2021-07-14 23:07:30,646] {scheduler_job.py:643} INFO - DAG(s) dict_keys(['example_branch_labels']) retrieved from /home/airflow/sandbox/lib/python3.8/site-packages/airflow/example_dags/example_branch_labels.py
[2021-07-14 23:07:30,663] {logging_mixin.py:104} INFO - [2021-07-14 23:07:30,663] {dag.py:1832} INFO - Sync 1 DAGs
[2021-07-14 23:07:30,675] {logging_mixin.py:104} INFO - [2021-07-14 23:07:30,675] {dag.py:2305} INFO - Setting next_dagrun for example_branch_labels to 2021-07-12 00:00:00+00:00
[2021-07-14 23:07:30,684] {scheduler_job.py:190} INFO - Processing /home/airflow/sandbox/lib/python3.8/site-packages/airflow/example_dags/example_branch_labels.py took 0.051 seconds
[2021-07-14 23:07:40,738] {scheduler_job.py:182} INFO - Started process (PID=2017) to work on /home/airflow/sandbox/lib/python3.8/site-packages/airflow/example_dags/example_branch_labels.py
[2021-07-14 23:07:40,739] {scheduler_job.py:633} INFO - Processing file /home/airflow/sandbox/lib/python3.8/site-packages/airflow/example_dags/example_branch_labels.py for tasks to queue
[2021-07-14 23:07:40,739] {logging_mixin.py:104} INFO - [2021-07-14 23:07:40,739] {dagbag.py:487} INFO - Filling up the DagBag from /home/airflow/sandbox/lib/python3.8/site-packages/airflow/example_dags/example_branch_labels.py
[2021-07-14 23:07:40,748] {scheduler_job.py:643} INFO - DAG(s) dict_keys(['example_branch_labels']) retrieved from /home/airflow/sandbox/lib/python3.8/site-packages/airflow/example_dags/example_branch_labels.py
[2021-07-14 23:07:40,760] {logging_mixin.py:104} INFO - [2021-07-14 23:07:40,760] {dag.py:1832} INFO - Sync 1 DAGs
[2021-07-14 23:07:40,772] {logging_mixin.py:104} INFO - [2021-07-14 23:07:40,772] {dag.py:2305} INFO - Setting next_dagrun for example_branch_labels to 2021-07-12 00:00:00+00:00
[2021-07-14 23:07:40,790] {scheduler_job.py:190} INFO - Processing /home/airflow/sandbox/lib/python3.8/site-packages/airflow/example_dags/example_branch_labels.py took 0.054 seconds
[2021-07-14 23:08:02,044] {scheduler_job.py:182} INFO - Started process (PID=2059) to work on /home/airflow/sandbox/lib/python3.8/site-packages/airflow/example_dags/example_branch_labels.py
[2021-07-14 23:08:02,046] {scheduler_job.py:633} INFO - Processing file /home/airflow/sandbox/lib/python3.8/site-packages/airflow/example_dags/example_branch_labels.py for tasks to queue
[2021-07-14 23:08:02,056] {logging_mixin.py:104} INFO - [2021-07-14 23:08:02,056] {dagbag.py:487} INFO - Filling up the DagBag from /home/airflow/sandbox/lib/python3.8/site-packages/airflow/example_dags/example_branch_labels.py
[2021-07-14 23:08:02,086] {scheduler_job.py:643} INFO - DAG(s) dict_keys(['example_branch_labels']) retrieved from /home/airflow/sandbox/lib/python3.8/site-packages/airflow/example_dags/example_branch_labels.py
[2021-07-14 23:08:02,109] {logging_mixin.py:104} INFO - [2021-07-14 23:08:02,109] {dag.py:1832} INFO - Sync 1 DAGs
[2021-07-14 23:08:02,125] {logging_mixin.py:104} INFO - [2021-07-14 23:08:02,125] {dag.py:2305} INFO - Setting next_dagrun for example_branch_labels to 2021-07-12 00:00:00+00:00
[2021-07-14 23:08:02,136] {scheduler_job.py:190} INFO - Processing /home/airflow/sandbox/lib/python3.8/site-packages/airflow/example_dags/example_branch_labels.py took 0.100 seconds
[2021-07-14 23:08:12,059] {scheduler_job.py:182} INFO - Started process (PID=2078) to work on /home/airflow/sandbox/lib/python3.8/site-packages/airflow/example_dags/example_branch_labels.py
[2021-07-14 23:08:12,060] {scheduler_job.py:633} INFO - Processing file /home/airflow/sandbox/lib/python3.8/site-packages/airflow/example_dags/example_branch_labels.py for tasks to queue
[2021-07-14 23:08:12,060] {logging_mixin.py:104} INFO - [2021-07-14 23:08:12,060] {dagbag.py:487} INFO - Filling up the DagBag from /home/airflow/sandbox/lib/python3.8/site-packages/airflow/example_dags/example_branch_labels.py
[2021-07-14 23:08:12,070] {scheduler_job.py:643} INFO - DAG(s) dict_keys(['example_branch_labels']) retrieved from /home/airflow/sandbox/lib/python3.8/site-packages/airflow/example_dags/example_branch_labels.py
[2021-07-14 23:08:12,082] {logging_mixin.py:104} INFO - [2021-07-14 23:08:12,082] {dag.py:1832} INFO - Sync 1 DAGs
[2021-07-14 23:08:12,093] {logging_mixin.py:104} INFO - [2021-07-14 23:08:12,093] {dag.py:2305} INFO - Setting next_dagrun for example_branch_labels to 2021-07-12 00:00:00+00:00
[2021-07-14 23:08:12,102] {scheduler_job.py:190} INFO - Processing /home/airflow/sandbox/lib/python3.8/site-packages/airflow/example_dags/example_branch_labels.py took 0.046 seconds
[2021-07-14 23:08:33,433] {scheduler_job.py:182} INFO - Started process (PID=2121) to work on /home/airflow/sandbox/lib/python3.8/site-packages/airflow/example_dags/example_branch_labels.py
[2021-07-14 23:08:33,434] {scheduler_job.py:633} INFO - Processing file /home/airflow/sandbox/lib/python3.8/site-packages/airflow/example_dags/example_branch_labels.py for tasks to queue
[2021-07-14 23:08:33,434] {logging_mixin.py:104} INFO - [2021-07-14 23:08:33,434] {dagbag.py:487} INFO - Filling up the DagBag from /home/airflow/sandbox/lib/python3.8/site-packages/airflow/example_dags/example_branch_labels.py
[2021-07-14 23:08:33,446] {scheduler_job.py:643} INFO - DAG(s) dict_keys(['example_branch_labels']) retrieved from /home/airflow/sandbox/lib/python3.8/site-packages/airflow/example_dags/example_branch_labels.py
[2021-07-14 23:08:33,459] {logging_mixin.py:104} INFO - [2021-07-14 23:08:33,459] {dag.py:1832} INFO - Sync 1 DAGs
[2021-07-14 23:08:33,473] {logging_mixin.py:104} INFO - [2021-07-14 23:08:33,473] {dag.py:2305} INFO - Setting next_dagrun for example_branch_labels to 2021-07-12 00:00:00+00:00
[2021-07-14 23:08:33,495] {scheduler_job.py:190} INFO - Processing /home/airflow/sandbox/lib/python3.8/site-packages/airflow/example_dags/example_branch_labels.py took 0.064 seconds
[2021-07-14 23:08:43,970] {scheduler_job.py:182} INFO - Started process (PID=2140) to work on /home/airflow/sandbox/lib/python3.8/site-packages/airflow/example_dags/example_branch_labels.py
[2021-07-14 23:08:43,970] {scheduler_job.py:633} INFO - Processing file /home/airflow/sandbox/lib/python3.8/site-packages/airflow/example_dags/example_branch_labels.py for tasks to queue
[2021-07-14 23:08:43,971] {logging_mixin.py:104} INFO - [2021-07-14 23:08:43,971] {dagbag.py:487} INFO - Filling up the DagBag from /home/airflow/sandbox/lib/python3.8/site-packages/airflow/example_dags/example_branch_labels.py
[2021-07-14 23:08:43,979] {scheduler_job.py:643} INFO - DAG(s) dict_keys(['example_branch_labels']) retrieved from /home/airflow/sandbox/lib/python3.8/site-packages/airflow/example_dags/example_branch_labels.py
[2021-07-14 23:08:43,992] {logging_mixin.py:104} INFO - [2021-07-14 23:08:43,991] {dag.py:1832} INFO - Sync 1 DAGs
[2021-07-14 23:08:44,003] {logging_mixin.py:104} INFO - [2021-07-14 23:08:44,002] {dag.py:2305} INFO - Setting next_dagrun for example_branch_labels to 2021-07-12 00:00:00+00:00
[2021-07-14 23:08:44,020] {scheduler_job.py:190} INFO - Processing /home/airflow/sandbox/lib/python3.8/site-packages/airflow/example_dags/example_branch_labels.py took 0.053 seconds
[2021-07-14 23:09:06,301] {scheduler_job.py:182} INFO - Started process (PID=2184) to work on /home/airflow/sandbox/lib/python3.8/site-packages/airflow/example_dags/example_branch_labels.py
[2021-07-14 23:09:06,302] {scheduler_job.py:633} INFO - Processing file /home/airflow/sandbox/lib/python3.8/site-packages/airflow/example_dags/example_branch_labels.py for tasks to queue
[2021-07-14 23:09:06,302] {logging_mixin.py:104} INFO - [2021-07-14 23:09:06,302] {dagbag.py:487} INFO - Filling up the DagBag from /home/airflow/sandbox/lib/python3.8/site-packages/airflow/example_dags/example_branch_labels.py
[2021-07-14 23:09:06,311] {scheduler_job.py:643} INFO - DAG(s) dict_keys(['example_branch_labels']) retrieved from /home/airflow/sandbox/lib/python3.8/site-packages/airflow/example_dags/example_branch_labels.py
[2021-07-14 23:09:06,329] {logging_mixin.py:104} INFO - [2021-07-14 23:09:06,329] {dag.py:1832} INFO - Sync 1 DAGs
[2021-07-14 23:09:06,340] {logging_mixin.py:104} INFO - [2021-07-14 23:09:06,340] {dag.py:2305} INFO - Setting next_dagrun for example_branch_labels to 2021-07-12 00:00:00+00:00
[2021-07-14 23:09:06,357] {scheduler_job.py:190} INFO - Processing /home/airflow/sandbox/lib/python3.8/site-packages/airflow/example_dags/example_branch_labels.py took 0.059 seconds
[2021-07-14 23:09:15,396] {scheduler_job.py:182} INFO - Started process (PID=2201) to work on /home/airflow/sandbox/lib/python3.8/site-packages/airflow/example_dags/example_branch_labels.py
[2021-07-14 23:09:15,397] {scheduler_job.py:633} INFO - Processing file /home/airflow/sandbox/lib/python3.8/site-packages/airflow/example_dags/example_branch_labels.py for tasks to queue
[2021-07-14 23:09:15,398] {logging_mixin.py:104} INFO - [2021-07-14 23:09:15,398] {dagbag.py:487} INFO - Filling up the DagBag from /home/airflow/sandbox/lib/python3.8/site-packages/airflow/example_dags/example_branch_labels.py
[2021-07-14 23:09:15,407] {scheduler_job.py:643} INFO - DAG(s) dict_keys(['example_branch_labels']) retrieved from /home/airflow/sandbox/lib/python3.8/site-packages/airflow/example_dags/example_branch_labels.py
[2021-07-14 23:09:15,419] {logging_mixin.py:104} INFO - [2021-07-14 23:09:15,419] {dag.py:1832} INFO - Sync 1 DAGs
[2021-07-14 23:09:15,436] {logging_mixin.py:104} INFO - [2021-07-14 23:09:15,436] {dag.py:2305} INFO - Setting next_dagrun for example_branch_labels to 2021-07-12 00:00:00+00:00
[2021-07-14 23:09:15,456] {scheduler_job.py:190} INFO - Processing /home/airflow/sandbox/lib/python3.8/site-packages/airflow/example_dags/example_branch_labels.py took 0.062 seconds
[2021-07-14 23:09:39,869] {scheduler_job.py:182} INFO - Started process (PID=2248) to work on /home/airflow/sandbox/lib/python3.8/site-packages/airflow/example_dags/example_branch_labels.py
[2021-07-14 23:09:39,870] {scheduler_job.py:633} INFO - Processing file /home/airflow/sandbox/lib/python3.8/site-packages/airflow/example_dags/example_branch_labels.py for tasks to queue
[2021-07-14 23:09:39,871] {logging_mixin.py:104} INFO - [2021-07-14 23:09:39,870] {dagbag.py:487} INFO - Filling up the DagBag from /home/airflow/sandbox/lib/python3.8/site-packages/airflow/example_dags/example_branch_labels.py
[2021-07-14 23:09:39,880] {scheduler_job.py:643} INFO - DAG(s) dict_keys(['example_branch_labels']) retrieved from /home/airflow/sandbox/lib/python3.8/site-packages/airflow/example_dags/example_branch_labels.py
[2021-07-14 23:09:39,894] {logging_mixin.py:104} INFO - [2021-07-14 23:09:39,894] {dag.py:1832} INFO - Sync 1 DAGs
[2021-07-14 23:09:39,905] {logging_mixin.py:104} INFO - [2021-07-14 23:09:39,905] {dag.py:2305} INFO - Setting next_dagrun for example_branch_labels to 2021-07-12 00:00:00+00:00
[2021-07-14 23:09:39,922] {scheduler_job.py:190} INFO - Processing /home/airflow/sandbox/lib/python3.8/site-packages/airflow/example_dags/example_branch_labels.py took 0.056 seconds
[2021-07-14 23:09:46,498] {scheduler_job.py:182} INFO - Started process (PID=2261) to work on /home/airflow/sandbox/lib/python3.8/site-packages/airflow/example_dags/example_branch_labels.py
[2021-07-14 23:09:46,499] {scheduler_job.py:633} INFO - Processing file /home/airflow/sandbox/lib/python3.8/site-packages/airflow/example_dags/example_branch_labels.py for tasks to queue
[2021-07-14 23:09:46,501] {logging_mixin.py:104} INFO - [2021-07-14 23:09:46,500] {dagbag.py:487} INFO - Filling up the DagBag from /home/airflow/sandbox/lib/python3.8/site-packages/airflow/example_dags/example_branch_labels.py
[2021-07-14 23:09:46,509] {scheduler_job.py:643} INFO - DAG(s) dict_keys(['example_branch_labels']) retrieved from /home/airflow/sandbox/lib/python3.8/site-packages/airflow/example_dags/example_branch_labels.py
[2021-07-14 23:09:46,523] {logging_mixin.py:104} INFO - [2021-07-14 23:09:46,523] {dag.py:1832} INFO - Sync 1 DAGs
[2021-07-14 23:09:46,534] {logging_mixin.py:104} INFO - [2021-07-14 23:09:46,534] {dag.py:2305} INFO - Setting next_dagrun for example_branch_labels to 2021-07-12 00:00:00+00:00
[2021-07-14 23:09:46,543] {scheduler_job.py:190} INFO - Processing /home/airflow/sandbox/lib/python3.8/site-packages/airflow/example_dags/example_branch_labels.py took 0.047 seconds
[2021-07-14 23:10:13,482] {scheduler_job.py:182} INFO - Started process (PID=2315) to work on /home/airflow/sandbox/lib/python3.8/site-packages/airflow/example_dags/example_branch_labels.py
[2021-07-14 23:10:13,484] {scheduler_job.py:633} INFO - Processing file /home/airflow/sandbox/lib/python3.8/site-packages/airflow/example_dags/example_branch_labels.py for tasks to queue
[2021-07-14 23:10:13,485] {logging_mixin.py:104} INFO - [2021-07-14 23:10:13,485] {dagbag.py:487} INFO - Filling up the DagBag from /home/airflow/sandbox/lib/python3.8/site-packages/airflow/example_dags/example_branch_labels.py
[2021-07-14 23:10:13,499] {scheduler_job.py:643} INFO - DAG(s) dict_keys(['example_branch_labels']) retrieved from /home/airflow/sandbox/lib/python3.8/site-packages/airflow/example_dags/example_branch_labels.py
[2021-07-14 23:10:13,539] {logging_mixin.py:104} INFO - [2021-07-14 23:10:13,539] {dag.py:1832} INFO - Sync 1 DAGs
[2021-07-14 23:10:13,570] {logging_mixin.py:104} INFO - [2021-07-14 23:10:13,569] {dag.py:2305} INFO - Setting next_dagrun for example_branch_labels to 2021-07-12 00:00:00+00:00
[2021-07-14 23:10:13,581] {scheduler_job.py:190} INFO - Processing /home/airflow/sandbox/lib/python3.8/site-packages/airflow/example_dags/example_branch_labels.py took 0.105 seconds
[2021-07-14 23:10:17,405] {scheduler_job.py:182} INFO - Started process (PID=2322) to work on /home/airflow/sandbox/lib/python3.8/site-packages/airflow/example_dags/example_branch_labels.py
[2021-07-14 23:10:17,407] {scheduler_job.py:633} INFO - Processing file /home/airflow/sandbox/lib/python3.8/site-packages/airflow/example_dags/example_branch_labels.py for tasks to queue
[2021-07-14 23:10:17,407] {logging_mixin.py:104} INFO - [2021-07-14 23:10:17,407] {dagbag.py:487} INFO - Filling up the DagBag from /home/airflow/sandbox/lib/python3.8/site-packages/airflow/example_dags/example_branch_labels.py
[2021-07-14 23:10:17,419] {scheduler_job.py:643} INFO - DAG(s) dict_keys(['example_branch_labels']) retrieved from /home/airflow/sandbox/lib/python3.8/site-packages/airflow/example_dags/example_branch_labels.py
[2021-07-14 23:10:17,436] {logging_mixin.py:104} INFO - [2021-07-14 23:10:17,436] {dag.py:1832} INFO - Sync 1 DAGs
[2021-07-14 23:10:17,452] {logging_mixin.py:104} INFO - [2021-07-14 23:10:17,452] {dag.py:2305} INFO - Setting next_dagrun for example_branch_labels to 2021-07-12 00:00:00+00:00
[2021-07-14 23:10:17,463] {scheduler_job.py:190} INFO - Processing /home/airflow/sandbox/lib/python3.8/site-packages/airflow/example_dags/example_branch_labels.py took 0.061 seconds
[2021-07-14 23:10:56,242] {scheduler_job.py:182} INFO - Started process (PID=2378) to work on /home/airflow/sandbox/lib/python3.8/site-packages/airflow/example_dags/example_branch_labels.py
[2021-07-14 23:10:56,250] {scheduler_job.py:633} INFO - Processing file /home/airflow/sandbox/lib/python3.8/site-packages/airflow/example_dags/example_branch_labels.py for tasks to queue
[2021-07-14 23:10:56,256] {logging_mixin.py:104} INFO - [2021-07-14 23:10:56,256] {dagbag.py:487} INFO - Filling up the DagBag from /home/airflow/sandbox/lib/python3.8/site-packages/airflow/example_dags/example_branch_labels.py
[2021-07-14 23:10:56,371] {scheduler_job.py:643} INFO - DAG(s) dict_keys(['example_branch_labels']) retrieved from /home/airflow/sandbox/lib/python3.8/site-packages/airflow/example_dags/example_branch_labels.py
[2021-07-14 23:10:56,520] {logging_mixin.py:104} INFO - [2021-07-14 23:10:56,519] {dag.py:1832} INFO - Sync 1 DAGs
[2021-07-14 23:10:56,658] {logging_mixin.py:104} INFO - [2021-07-14 23:10:56,658] {dag.py:2305} INFO - Setting next_dagrun for example_branch_labels to 2021-07-12 00:00:00+00:00
[2021-07-14 23:10:56,777] {scheduler_job.py:190} INFO - Processing /home/airflow/sandbox/lib/python3.8/site-packages/airflow/example_dags/example_branch_labels.py took 0.572 seconds
[2021-07-14 23:11:00,934] {scheduler_job.py:182} INFO - Started process (PID=2383) to work on /home/airflow/sandbox/lib/python3.8/site-packages/airflow/example_dags/example_branch_labels.py
[2021-07-14 23:11:00,940] {scheduler_job.py:633} INFO - Processing file /home/airflow/sandbox/lib/python3.8/site-packages/airflow/example_dags/example_branch_labels.py for tasks to queue
[2021-07-14 23:11:00,943] {logging_mixin.py:104} INFO - [2021-07-14 23:11:00,943] {dagbag.py:487} INFO - Filling up the DagBag from /home/airflow/sandbox/lib/python3.8/site-packages/airflow/example_dags/example_branch_labels.py
[2021-07-14 23:11:01,048] {scheduler_job.py:643} INFO - DAG(s) dict_keys(['example_branch_labels']) retrieved from /home/airflow/sandbox/lib/python3.8/site-packages/airflow/example_dags/example_branch_labels.py
[2021-07-14 23:11:01,168] {logging_mixin.py:104} INFO - [2021-07-14 23:11:01,167] {dag.py:1832} INFO - Sync 1 DAGs
[2021-07-14 23:11:01,304] {logging_mixin.py:104} INFO - [2021-07-14 23:11:01,304] {dag.py:2305} INFO - Setting next_dagrun for example_branch_labels to 2021-07-12 00:00:00+00:00
[2021-07-14 23:11:01,349] {scheduler_job.py:190} INFO - Processing /home/airflow/sandbox/lib/python3.8/site-packages/airflow/example_dags/example_branch_labels.py took 0.429 seconds
[2021-07-14 23:11:38,298] {scheduler_job.py:182} INFO - Started process (PID=2443) to work on /home/airflow/sandbox/lib/python3.8/site-packages/airflow/example_dags/example_branch_labels.py
[2021-07-14 23:11:38,300] {scheduler_job.py:633} INFO - Processing file /home/airflow/sandbox/lib/python3.8/site-packages/airflow/example_dags/example_branch_labels.py for tasks to queue
[2021-07-14 23:11:38,300] {logging_mixin.py:104} INFO - [2021-07-14 23:11:38,300] {dagbag.py:487} INFO - Filling up the DagBag from /home/airflow/sandbox/lib/python3.8/site-packages/airflow/example_dags/example_branch_labels.py
[2021-07-14 23:11:38,309] {scheduler_job.py:643} INFO - DAG(s) dict_keys(['example_branch_labels']) retrieved from /home/airflow/sandbox/lib/python3.8/site-packages/airflow/example_dags/example_branch_labels.py
[2021-07-14 23:11:38,323] {logging_mixin.py:104} INFO - [2021-07-14 23:11:38,323] {dag.py:1832} INFO - Sync 1 DAGs
[2021-07-14 23:11:38,338] {logging_mixin.py:104} INFO - [2021-07-14 23:11:38,338] {dag.py:2305} INFO - Setting next_dagrun for example_branch_labels to 2021-07-12 00:00:00+00:00
[2021-07-14 23:11:38,348] {scheduler_job.py:190} INFO - Processing /home/airflow/sandbox/lib/python3.8/site-packages/airflow/example_dags/example_branch_labels.py took 0.053 seconds
[2021-07-14 23:11:39,461] {scheduler_job.py:182} INFO - Started process (PID=2446) to work on /home/airflow/sandbox/lib/python3.8/site-packages/airflow/example_dags/example_branch_labels.py
[2021-07-14 23:11:39,462] {scheduler_job.py:633} INFO - Processing file /home/airflow/sandbox/lib/python3.8/site-packages/airflow/example_dags/example_branch_labels.py for tasks to queue
[2021-07-14 23:11:39,462] {logging_mixin.py:104} INFO - [2021-07-14 23:11:39,462] {dagbag.py:487} INFO - Filling up the DagBag from /home/airflow/sandbox/lib/python3.8/site-packages/airflow/example_dags/example_branch_labels.py
[2021-07-14 23:11:39,473] {scheduler_job.py:643} INFO - DAG(s) dict_keys(['example_branch_labels']) retrieved from /home/airflow/sandbox/lib/python3.8/site-packages/airflow/example_dags/example_branch_labels.py
[2021-07-14 23:11:39,489] {logging_mixin.py:104} INFO - [2021-07-14 23:11:39,489] {dag.py:1832} INFO - Sync 1 DAGs
[2021-07-14 23:11:39,503] {logging_mixin.py:104} INFO - [2021-07-14 23:11:39,503] {dag.py:2305} INFO - Setting next_dagrun for example_branch_labels to 2021-07-12 00:00:00+00:00
[2021-07-14 23:11:39,513] {scheduler_job.py:190} INFO - Processing /home/airflow/sandbox/lib/python3.8/site-packages/airflow/example_dags/example_branch_labels.py took 0.055 seconds
[2021-07-14 23:12:09,824] {scheduler_job.py:182} INFO - Started process (PID=2505) to work on /home/airflow/sandbox/lib/python3.8/site-packages/airflow/example_dags/example_branch_labels.py
[2021-07-14 23:12:09,825] {scheduler_job.py:633} INFO - Processing file /home/airflow/sandbox/lib/python3.8/site-packages/airflow/example_dags/example_branch_labels.py for tasks to queue
[2021-07-14 23:12:09,825] {logging_mixin.py:104} INFO - [2021-07-14 23:12:09,825] {dagbag.py:487} INFO - Filling up the DagBag from /home/airflow/sandbox/lib/python3.8/site-packages/airflow/example_dags/example_branch_labels.py
[2021-07-14 23:12:09,835] {scheduler_job.py:643} INFO - DAG(s) dict_keys(['example_branch_labels']) retrieved from /home/airflow/sandbox/lib/python3.8/site-packages/airflow/example_dags/example_branch_labels.py
[2021-07-14 23:12:09,847] {logging_mixin.py:104} INFO - [2021-07-14 23:12:09,847] {dag.py:1832} INFO - Sync 1 DAGs
[2021-07-14 23:12:09,860] {logging_mixin.py:104} INFO - [2021-07-14 23:12:09,860] {dag.py:2305} INFO - Setting next_dagrun for example_branch_labels to 2021-07-12 00:00:00+00:00
[2021-07-14 23:12:09,878] {scheduler_job.py:190} INFO - Processing /home/airflow/sandbox/lib/python3.8/site-packages/airflow/example_dags/example_branch_labels.py took 0.057 seconds
[2021-07-14 23:12:11,708] {scheduler_job.py:182} INFO - Started process (PID=2509) to work on /home/airflow/sandbox/lib/python3.8/site-packages/airflow/example_dags/example_branch_labels.py
[2021-07-14 23:12:11,709] {scheduler_job.py:633} INFO - Processing file /home/airflow/sandbox/lib/python3.8/site-packages/airflow/example_dags/example_branch_labels.py for tasks to queue
[2021-07-14 23:12:11,709] {logging_mixin.py:104} INFO - [2021-07-14 23:12:11,709] {dagbag.py:487} INFO - Filling up the DagBag from /home/airflow/sandbox/lib/python3.8/site-packages/airflow/example_dags/example_branch_labels.py
[2021-07-14 23:12:11,717] {scheduler_job.py:643} INFO - DAG(s) dict_keys(['example_branch_labels']) retrieved from /home/airflow/sandbox/lib/python3.8/site-packages/airflow/example_dags/example_branch_labels.py
[2021-07-14 23:12:11,729] {logging_mixin.py:104} INFO - [2021-07-14 23:12:11,729] {dag.py:1832} INFO - Sync 1 DAGs
[2021-07-14 23:12:11,741] {logging_mixin.py:104} INFO - [2021-07-14 23:12:11,740] {dag.py:2305} INFO - Setting next_dagrun for example_branch_labels to 2021-07-12 00:00:00+00:00
[2021-07-14 23:12:11,758] {scheduler_job.py:190} INFO - Processing /home/airflow/sandbox/lib/python3.8/site-packages/airflow/example_dags/example_branch_labels.py took 0.053 seconds
[2021-07-14 23:12:44,642] {scheduler_job.py:182} INFO - Started process (PID=2570) to work on /home/airflow/sandbox/lib/python3.8/site-packages/airflow/example_dags/example_branch_labels.py
[2021-07-14 23:12:44,644] {scheduler_job.py:633} INFO - Processing file /home/airflow/sandbox/lib/python3.8/site-packages/airflow/example_dags/example_branch_labels.py for tasks to queue
[2021-07-14 23:12:44,646] {logging_mixin.py:104} INFO - [2021-07-14 23:12:44,646] {dagbag.py:487} INFO - Filling up the DagBag from /home/airflow/sandbox/lib/python3.8/site-packages/airflow/example_dags/example_branch_labels.py
[2021-07-14 23:12:44,659] {scheduler_job.py:643} INFO - DAG(s) dict_keys(['example_branch_labels']) retrieved from /home/airflow/sandbox/lib/python3.8/site-packages/airflow/example_dags/example_branch_labels.py
[2021-07-14 23:12:44,682] {logging_mixin.py:104} INFO - [2021-07-14 23:12:44,681] {dag.py:1832} INFO - Sync 1 DAGs
[2021-07-14 23:12:44,700] {logging_mixin.py:104} INFO - [2021-07-14 23:12:44,700] {dag.py:2305} INFO - Setting next_dagrun for example_branch_labels to 2021-07-12 00:00:00+00:00
[2021-07-14 23:12:44,721] {scheduler_job.py:190} INFO - Processing /home/airflow/sandbox/lib/python3.8/site-packages/airflow/example_dags/example_branch_labels.py took 0.084 seconds
[2021-07-14 23:12:46,337] {scheduler_job.py:182} INFO - Started process (PID=2573) to work on /home/airflow/sandbox/lib/python3.8/site-packages/airflow/example_dags/example_branch_labels.py
[2021-07-14 23:12:46,339] {scheduler_job.py:633} INFO - Processing file /home/airflow/sandbox/lib/python3.8/site-packages/airflow/example_dags/example_branch_labels.py for tasks to queue
[2021-07-14 23:12:46,340] {logging_mixin.py:104} INFO - [2021-07-14 23:12:46,340] {dagbag.py:487} INFO - Filling up the DagBag from /home/airflow/sandbox/lib/python3.8/site-packages/airflow/example_dags/example_branch_labels.py
[2021-07-14 23:12:46,350] {scheduler_job.py:643} INFO - DAG(s) dict_keys(['example_branch_labels']) retrieved from /home/airflow/sandbox/lib/python3.8/site-packages/airflow/example_dags/example_branch_labels.py
[2021-07-14 23:12:46,377] {logging_mixin.py:104} INFO - [2021-07-14 23:12:46,377] {dag.py:1832} INFO - Sync 1 DAGs
[2021-07-14 23:12:46,413] {logging_mixin.py:104} INFO - [2021-07-14 23:12:46,413] {dag.py:2305} INFO - Setting next_dagrun for example_branch_labels to 2021-07-12 00:00:00+00:00
[2021-07-14 23:12:46,435] {scheduler_job.py:190} INFO - Processing /home/airflow/sandbox/lib/python3.8/site-packages/airflow/example_dags/example_branch_labels.py took 0.100 seconds
[2021-07-14 23:49:00,624] {scheduler_job.py:182} INFO - Started process (PID=1856) to work on /home/airflow/sandbox/lib/python3.8/site-packages/airflow/example_dags/example_branch_labels.py
[2021-07-14 23:49:00,633] {scheduler_job.py:633} INFO - Processing file /home/airflow/sandbox/lib/python3.8/site-packages/airflow/example_dags/example_branch_labels.py for tasks to queue
[2021-07-14 23:49:00,634] {logging_mixin.py:104} INFO - [2021-07-14 23:49:00,634] {dagbag.py:487} INFO - Filling up the DagBag from /home/airflow/sandbox/lib/python3.8/site-packages/airflow/example_dags/example_branch_labels.py
[2021-07-14 23:49:00,642] {scheduler_job.py:643} INFO - DAG(s) dict_keys(['example_branch_labels']) retrieved from /home/airflow/sandbox/lib/python3.8/site-packages/airflow/example_dags/example_branch_labels.py
[2021-07-14 23:49:00,654] {logging_mixin.py:104} INFO - [2021-07-14 23:49:00,654] {dag.py:1832} INFO - Sync 1 DAGs
[2021-07-14 23:49:00,665] {logging_mixin.py:104} INFO - [2021-07-14 23:49:00,665] {dag.py:2305} INFO - Setting next_dagrun for example_branch_labels to 2021-07-12 00:00:00+00:00
[2021-07-14 23:49:00,672] {scheduler_job.py:190} INFO - Processing /home/airflow/sandbox/lib/python3.8/site-packages/airflow/example_dags/example_branch_labels.py took 0.051 seconds
[2021-07-14 23:49:34,359] {scheduler_job.py:182} INFO - Started process (PID=1887) to work on /home/airflow/sandbox/lib/python3.8/site-packages/airflow/example_dags/example_branch_labels.py
[2021-07-14 23:49:34,360] {scheduler_job.py:633} INFO - Processing file /home/airflow/sandbox/lib/python3.8/site-packages/airflow/example_dags/example_branch_labels.py for tasks to queue
[2021-07-14 23:49:34,360] {logging_mixin.py:104} INFO - [2021-07-14 23:49:34,360] {dagbag.py:487} INFO - Filling up the DagBag from /home/airflow/sandbox/lib/python3.8/site-packages/airflow/example_dags/example_branch_labels.py
[2021-07-14 23:49:34,376] {scheduler_job.py:643} INFO - DAG(s) dict_keys(['example_branch_labels']) retrieved from /home/airflow/sandbox/lib/python3.8/site-packages/airflow/example_dags/example_branch_labels.py
[2021-07-14 23:49:34,389] {logging_mixin.py:104} INFO - [2021-07-14 23:49:34,389] {dag.py:1832} INFO - Sync 1 DAGs
[2021-07-14 23:49:34,401] {logging_mixin.py:104} INFO - [2021-07-14 23:49:34,401] {dag.py:2305} INFO - Setting next_dagrun for example_branch_labels to 2021-07-12 00:00:00+00:00
[2021-07-14 23:49:34,419] {scheduler_job.py:190} INFO - Processing /home/airflow/sandbox/lib/python3.8/site-packages/airflow/example_dags/example_branch_labels.py took 0.062 seconds
[2021-07-14 23:50:05,770] {scheduler_job.py:182} INFO - Started process (PID=1918) to work on /home/airflow/sandbox/lib/python3.8/site-packages/airflow/example_dags/example_branch_labels.py
[2021-07-14 23:50:05,772] {scheduler_job.py:633} INFO - Processing file /home/airflow/sandbox/lib/python3.8/site-packages/airflow/example_dags/example_branch_labels.py for tasks to queue
[2021-07-14 23:50:05,773] {logging_mixin.py:104} INFO - [2021-07-14 23:50:05,772] {dagbag.py:487} INFO - Filling up the DagBag from /home/airflow/sandbox/lib/python3.8/site-packages/airflow/example_dags/example_branch_labels.py
[2021-07-14 23:50:05,789] {scheduler_job.py:643} INFO - DAG(s) dict_keys(['example_branch_labels']) retrieved from /home/airflow/sandbox/lib/python3.8/site-packages/airflow/example_dags/example_branch_labels.py
[2021-07-14 23:50:05,816] {logging_mixin.py:104} INFO - [2021-07-14 23:50:05,816] {dag.py:1832} INFO - Sync 1 DAGs
[2021-07-14 23:50:05,838] {logging_mixin.py:104} INFO - [2021-07-14 23:50:05,838] {dag.py:2305} INFO - Setting next_dagrun for example_branch_labels to 2021-07-12 00:00:00+00:00
[2021-07-14 23:50:05,853] {scheduler_job.py:190} INFO - Processing /home/airflow/sandbox/lib/python3.8/site-packages/airflow/example_dags/example_branch_labels.py took 0.086 seconds
[2021-07-14 23:50:37,847] {scheduler_job.py:182} INFO - Started process (PID=1949) to work on /home/airflow/sandbox/lib/python3.8/site-packages/airflow/example_dags/example_branch_labels.py
[2021-07-14 23:50:37,849] {scheduler_job.py:633} INFO - Processing file /home/airflow/sandbox/lib/python3.8/site-packages/airflow/example_dags/example_branch_labels.py for tasks to queue
[2021-07-14 23:50:37,849] {logging_mixin.py:104} INFO - [2021-07-14 23:50:37,849] {dagbag.py:487} INFO - Filling up the DagBag from /home/airflow/sandbox/lib/python3.8/site-packages/airflow/example_dags/example_branch_labels.py
[2021-07-14 23:50:37,859] {scheduler_job.py:643} INFO - DAG(s) dict_keys(['example_branch_labels']) retrieved from /home/airflow/sandbox/lib/python3.8/site-packages/airflow/example_dags/example_branch_labels.py
[2021-07-14 23:50:37,872] {logging_mixin.py:104} INFO - [2021-07-14 23:50:37,872] {dag.py:1832} INFO - Sync 1 DAGs
[2021-07-14 23:50:37,889] {logging_mixin.py:104} INFO - [2021-07-14 23:50:37,889] {dag.py:2305} INFO - Setting next_dagrun for example_branch_labels to 2021-07-12 00:00:00+00:00
[2021-07-14 23:50:37,906] {scheduler_job.py:190} INFO - Processing /home/airflow/sandbox/lib/python3.8/site-packages/airflow/example_dags/example_branch_labels.py took 0.062 seconds
[2021-07-14 23:51:15,839] {scheduler_job.py:182} INFO - Started process (PID=1982) to work on /home/airflow/sandbox/lib/python3.8/site-packages/airflow/example_dags/example_branch_labels.py
[2021-07-14 23:51:15,842] {scheduler_job.py:633} INFO - Processing file /home/airflow/sandbox/lib/python3.8/site-packages/airflow/example_dags/example_branch_labels.py for tasks to queue
[2021-07-14 23:51:15,843] {logging_mixin.py:104} INFO - [2021-07-14 23:51:15,843] {dagbag.py:487} INFO - Filling up the DagBag from /home/airflow/sandbox/lib/python3.8/site-packages/airflow/example_dags/example_branch_labels.py
[2021-07-14 23:51:15,861] {scheduler_job.py:643} INFO - DAG(s) dict_keys(['example_branch_labels']) retrieved from /home/airflow/sandbox/lib/python3.8/site-packages/airflow/example_dags/example_branch_labels.py
[2021-07-14 23:51:15,889] {logging_mixin.py:104} INFO - [2021-07-14 23:51:15,888] {dag.py:1832} INFO - Sync 1 DAGs
[2021-07-14 23:51:15,915] {logging_mixin.py:104} INFO - [2021-07-14 23:51:15,915] {dag.py:2305} INFO - Setting next_dagrun for example_branch_labels to 2021-07-12 00:00:00+00:00
[2021-07-14 23:51:15,932] {scheduler_job.py:190} INFO - Processing /home/airflow/sandbox/lib/python3.8/site-packages/airflow/example_dags/example_branch_labels.py took 0.098 seconds
[2021-07-14 23:51:59,815] {scheduler_job.py:182} INFO - Started process (PID=2013) to work on /home/airflow/sandbox/lib/python3.8/site-packages/airflow/example_dags/example_branch_labels.py
[2021-07-14 23:51:59,817] {scheduler_job.py:633} INFO - Processing file /home/airflow/sandbox/lib/python3.8/site-packages/airflow/example_dags/example_branch_labels.py for tasks to queue
[2021-07-14 23:51:59,818] {logging_mixin.py:104} INFO - [2021-07-14 23:51:59,818] {dagbag.py:487} INFO - Filling up the DagBag from /home/airflow/sandbox/lib/python3.8/site-packages/airflow/example_dags/example_branch_labels.py
[2021-07-14 23:51:59,840] {scheduler_job.py:643} INFO - DAG(s) dict_keys(['example_branch_labels']) retrieved from /home/airflow/sandbox/lib/python3.8/site-packages/airflow/example_dags/example_branch_labels.py
[2021-07-14 23:51:59,868] {logging_mixin.py:104} INFO - [2021-07-14 23:51:59,867] {dag.py:1832} INFO - Sync 1 DAGs
[2021-07-14 23:51:59,899] {logging_mixin.py:104} INFO - [2021-07-14 23:51:59,899] {dag.py:2305} INFO - Setting next_dagrun for example_branch_labels to 2021-07-12 00:00:00+00:00
[2021-07-14 23:51:59,917] {scheduler_job.py:190} INFO - Processing /home/airflow/sandbox/lib/python3.8/site-packages/airflow/example_dags/example_branch_labels.py took 0.107 seconds
[2021-07-14 23:52:31,970] {scheduler_job.py:182} INFO - Started process (PID=2044) to work on /home/airflow/sandbox/lib/python3.8/site-packages/airflow/example_dags/example_branch_labels.py
[2021-07-14 23:52:31,971] {scheduler_job.py:633} INFO - Processing file /home/airflow/sandbox/lib/python3.8/site-packages/airflow/example_dags/example_branch_labels.py for tasks to queue
[2021-07-14 23:52:31,971] {logging_mixin.py:104} INFO - [2021-07-14 23:52:31,971] {dagbag.py:487} INFO - Filling up the DagBag from /home/airflow/sandbox/lib/python3.8/site-packages/airflow/example_dags/example_branch_labels.py
[2021-07-14 23:52:31,981] {scheduler_job.py:643} INFO - DAG(s) dict_keys(['example_branch_labels']) retrieved from /home/airflow/sandbox/lib/python3.8/site-packages/airflow/example_dags/example_branch_labels.py
[2021-07-14 23:52:31,993] {logging_mixin.py:104} INFO - [2021-07-14 23:52:31,993] {dag.py:1832} INFO - Sync 1 DAGs
[2021-07-14 23:52:32,005] {logging_mixin.py:104} INFO - [2021-07-14 23:52:32,005] {dag.py:2305} INFO - Setting next_dagrun for example_branch_labels to 2021-07-12 00:00:00+00:00
[2021-07-14 23:52:32,015] {scheduler_job.py:190} INFO - Processing /home/airflow/sandbox/lib/python3.8/site-packages/airflow/example_dags/example_branch_labels.py took 0.048 seconds
[2021-07-14 23:53:03,944] {scheduler_job.py:182} INFO - Started process (PID=2075) to work on /home/airflow/sandbox/lib/python3.8/site-packages/airflow/example_dags/example_branch_labels.py
[2021-07-14 23:53:03,946] {scheduler_job.py:633} INFO - Processing file /home/airflow/sandbox/lib/python3.8/site-packages/airflow/example_dags/example_branch_labels.py for tasks to queue
[2021-07-14 23:53:03,947] {logging_mixin.py:104} INFO - [2021-07-14 23:53:03,947] {dagbag.py:487} INFO - Filling up the DagBag from /home/airflow/sandbox/lib/python3.8/site-packages/airflow/example_dags/example_branch_labels.py
[2021-07-14 23:53:03,958] {scheduler_job.py:643} INFO - DAG(s) dict_keys(['example_branch_labels']) retrieved from /home/airflow/sandbox/lib/python3.8/site-packages/airflow/example_dags/example_branch_labels.py
[2021-07-14 23:53:03,972] {logging_mixin.py:104} INFO - [2021-07-14 23:53:03,972] {dag.py:1832} INFO - Sync 1 DAGs
[2021-07-14 23:53:03,985] {logging_mixin.py:104} INFO - [2021-07-14 23:53:03,985] {dag.py:2305} INFO - Setting next_dagrun for example_branch_labels to 2021-07-12 00:00:00+00:00
[2021-07-14 23:53:04,006] {scheduler_job.py:190} INFO - Processing /home/airflow/sandbox/lib/python3.8/site-packages/airflow/example_dags/example_branch_labels.py took 0.064 seconds
[2021-07-14 23:53:36,553] {scheduler_job.py:182} INFO - Started process (PID=2106) to work on /home/airflow/sandbox/lib/python3.8/site-packages/airflow/example_dags/example_branch_labels.py
[2021-07-14 23:53:36,566] {scheduler_job.py:633} INFO - Processing file /home/airflow/sandbox/lib/python3.8/site-packages/airflow/example_dags/example_branch_labels.py for tasks to queue
[2021-07-14 23:53:36,569] {logging_mixin.py:104} INFO - [2021-07-14 23:53:36,569] {dagbag.py:487} INFO - Filling up the DagBag from /home/airflow/sandbox/lib/python3.8/site-packages/airflow/example_dags/example_branch_labels.py
[2021-07-14 23:53:36,712] {scheduler_job.py:643} INFO - DAG(s) dict_keys(['example_branch_labels']) retrieved from /home/airflow/sandbox/lib/python3.8/site-packages/airflow/example_dags/example_branch_labels.py
[2021-07-14 23:53:36,979] {logging_mixin.py:104} INFO - [2021-07-14 23:53:36,962] {dag.py:1832} INFO - Sync 1 DAGs
[2021-07-14 23:53:37,258] {logging_mixin.py:104} INFO - [2021-07-14 23:53:37,258] {dag.py:2305} INFO - Setting next_dagrun for example_branch_labels to 2021-07-12 00:00:00+00:00
[2021-07-14 23:53:37,335] {scheduler_job.py:190} INFO - Processing /home/airflow/sandbox/lib/python3.8/site-packages/airflow/example_dags/example_branch_labels.py took 0.814 seconds
[2021-07-14 23:54:10,649] {scheduler_job.py:182} INFO - Started process (PID=2139) to work on /home/airflow/sandbox/lib/python3.8/site-packages/airflow/example_dags/example_branch_labels.py
[2021-07-14 23:54:10,650] {scheduler_job.py:633} INFO - Processing file /home/airflow/sandbox/lib/python3.8/site-packages/airflow/example_dags/example_branch_labels.py for tasks to queue
[2021-07-14 23:54:10,652] {logging_mixin.py:104} INFO - [2021-07-14 23:54:10,652] {dagbag.py:487} INFO - Filling up the DagBag from /home/airflow/sandbox/lib/python3.8/site-packages/airflow/example_dags/example_branch_labels.py
[2021-07-14 23:54:10,672] {scheduler_job.py:643} INFO - DAG(s) dict_keys(['example_branch_labels']) retrieved from /home/airflow/sandbox/lib/python3.8/site-packages/airflow/example_dags/example_branch_labels.py
[2021-07-14 23:54:10,695] {logging_mixin.py:104} INFO - [2021-07-14 23:54:10,695] {dag.py:1832} INFO - Sync 1 DAGs
[2021-07-14 23:54:10,716] {logging_mixin.py:104} INFO - [2021-07-14 23:54:10,716] {dag.py:2305} INFO - Setting next_dagrun for example_branch_labels to 2021-07-12 00:00:00+00:00
[2021-07-14 23:54:10,737] {scheduler_job.py:190} INFO - Processing /home/airflow/sandbox/lib/python3.8/site-packages/airflow/example_dags/example_branch_labels.py took 0.091 seconds
[2021-07-14 23:54:41,740] {scheduler_job.py:182} INFO - Started process (PID=2170) to work on /home/airflow/sandbox/lib/python3.8/site-packages/airflow/example_dags/example_branch_labels.py
[2021-07-14 23:54:41,741] {scheduler_job.py:633} INFO - Processing file /home/airflow/sandbox/lib/python3.8/site-packages/airflow/example_dags/example_branch_labels.py for tasks to queue
[2021-07-14 23:54:41,741] {logging_mixin.py:104} INFO - [2021-07-14 23:54:41,741] {dagbag.py:487} INFO - Filling up the DagBag from /home/airflow/sandbox/lib/python3.8/site-packages/airflow/example_dags/example_branch_labels.py
[2021-07-14 23:54:41,751] {scheduler_job.py:643} INFO - DAG(s) dict_keys(['example_branch_labels']) retrieved from /home/airflow/sandbox/lib/python3.8/site-packages/airflow/example_dags/example_branch_labels.py
[2021-07-14 23:54:41,766] {logging_mixin.py:104} INFO - [2021-07-14 23:54:41,766] {dag.py:1832} INFO - Sync 1 DAGs
[2021-07-14 23:54:41,779] {logging_mixin.py:104} INFO - [2021-07-14 23:54:41,779] {dag.py:2305} INFO - Setting next_dagrun for example_branch_labels to 2021-07-12 00:00:00+00:00
[2021-07-14 23:54:41,796] {scheduler_job.py:190} INFO - Processing /home/airflow/sandbox/lib/python3.8/site-packages/airflow/example_dags/example_branch_labels.py took 0.060 seconds
[2021-07-14 23:55:51,592] {scheduler_job.py:182} INFO - Started process (PID=2247) to work on /home/airflow/sandbox/lib/python3.8/site-packages/airflow/example_dags/example_branch_labels.py
[2021-07-14 23:55:51,593] {scheduler_job.py:633} INFO - Processing file /home/airflow/sandbox/lib/python3.8/site-packages/airflow/example_dags/example_branch_labels.py for tasks to queue
[2021-07-14 23:55:51,593] {logging_mixin.py:104} INFO - [2021-07-14 23:55:51,593] {dagbag.py:487} INFO - Filling up the DagBag from /home/airflow/sandbox/lib/python3.8/site-packages/airflow/example_dags/example_branch_labels.py
[2021-07-14 23:55:51,605] {scheduler_job.py:643} INFO - DAG(s) dict_keys(['example_branch_labels']) retrieved from /home/airflow/sandbox/lib/python3.8/site-packages/airflow/example_dags/example_branch_labels.py
[2021-07-14 23:55:51,620] {logging_mixin.py:104} INFO - [2021-07-14 23:55:51,620] {dag.py:1832} INFO - Sync 1 DAGs
[2021-07-14 23:55:51,639] {logging_mixin.py:104} INFO - [2021-07-14 23:55:51,639] {dag.py:2305} INFO - Setting next_dagrun for example_branch_labels to 2021-07-12 00:00:00+00:00
[2021-07-14 23:55:51,652] {scheduler_job.py:190} INFO - Processing /home/airflow/sandbox/lib/python3.8/site-packages/airflow/example_dags/example_branch_labels.py took 0.064 seconds
[2021-07-14 23:56:23,961] {scheduler_job.py:182} INFO - Started process (PID=2278) to work on /home/airflow/sandbox/lib/python3.8/site-packages/airflow/example_dags/example_branch_labels.py
[2021-07-14 23:56:23,963] {scheduler_job.py:633} INFO - Processing file /home/airflow/sandbox/lib/python3.8/site-packages/airflow/example_dags/example_branch_labels.py for tasks to queue
[2021-07-14 23:56:23,963] {logging_mixin.py:104} INFO - [2021-07-14 23:56:23,963] {dagbag.py:487} INFO - Filling up the DagBag from /home/airflow/sandbox/lib/python3.8/site-packages/airflow/example_dags/example_branch_labels.py
[2021-07-14 23:56:23,972] {scheduler_job.py:643} INFO - DAG(s) dict_keys(['example_branch_labels']) retrieved from /home/airflow/sandbox/lib/python3.8/site-packages/airflow/example_dags/example_branch_labels.py
[2021-07-14 23:56:23,987] {logging_mixin.py:104} INFO - [2021-07-14 23:56:23,987] {dag.py:1832} INFO - Sync 1 DAGs
[2021-07-14 23:56:24,000] {logging_mixin.py:104} INFO - [2021-07-14 23:56:24,000] {dag.py:2305} INFO - Setting next_dagrun for example_branch_labels to 2021-07-12 00:00:00+00:00
[2021-07-14 23:56:24,011] {scheduler_job.py:190} INFO - Processing /home/airflow/sandbox/lib/python3.8/site-packages/airflow/example_dags/example_branch_labels.py took 0.052 seconds
[2021-07-14 23:56:57,040] {scheduler_job.py:182} INFO - Started process (PID=2310) to work on /home/airflow/sandbox/lib/python3.8/site-packages/airflow/example_dags/example_branch_labels.py
[2021-07-14 23:56:57,041] {scheduler_job.py:633} INFO - Processing file /home/airflow/sandbox/lib/python3.8/site-packages/airflow/example_dags/example_branch_labels.py for tasks to queue
[2021-07-14 23:56:57,041] {logging_mixin.py:104} INFO - [2021-07-14 23:56:57,041] {dagbag.py:487} INFO - Filling up the DagBag from /home/airflow/sandbox/lib/python3.8/site-packages/airflow/example_dags/example_branch_labels.py
[2021-07-14 23:56:57,050] {scheduler_job.py:643} INFO - DAG(s) dict_keys(['example_branch_labels']) retrieved from /home/airflow/sandbox/lib/python3.8/site-packages/airflow/example_dags/example_branch_labels.py
[2021-07-14 23:56:57,063] {logging_mixin.py:104} INFO - [2021-07-14 23:56:57,063] {dag.py:1832} INFO - Sync 1 DAGs
[2021-07-14 23:56:57,074] {logging_mixin.py:104} INFO - [2021-07-14 23:56:57,074] {dag.py:2305} INFO - Setting next_dagrun for example_branch_labels to 2021-07-12 00:00:00+00:00
[2021-07-14 23:56:57,086] {scheduler_job.py:190} INFO - Processing /home/airflow/sandbox/lib/python3.8/site-packages/airflow/example_dags/example_branch_labels.py took 0.049 seconds
[2021-07-14 23:57:29,902] {scheduler_job.py:182} INFO - Started process (PID=2341) to work on /home/airflow/sandbox/lib/python3.8/site-packages/airflow/example_dags/example_branch_labels.py
[2021-07-14 23:57:29,903] {scheduler_job.py:633} INFO - Processing file /home/airflow/sandbox/lib/python3.8/site-packages/airflow/example_dags/example_branch_labels.py for tasks to queue
[2021-07-14 23:57:29,904] {logging_mixin.py:104} INFO - [2021-07-14 23:57:29,904] {dagbag.py:487} INFO - Filling up the DagBag from /home/airflow/sandbox/lib/python3.8/site-packages/airflow/example_dags/example_branch_labels.py
[2021-07-14 23:57:29,915] {scheduler_job.py:643} INFO - DAG(s) dict_keys(['example_branch_labels']) retrieved from /home/airflow/sandbox/lib/python3.8/site-packages/airflow/example_dags/example_branch_labels.py
[2021-07-14 23:57:29,929] {logging_mixin.py:104} INFO - [2021-07-14 23:57:29,929] {dag.py:1832} INFO - Sync 1 DAGs
[2021-07-14 23:57:29,943] {logging_mixin.py:104} INFO - [2021-07-14 23:57:29,943] {dag.py:2305} INFO - Setting next_dagrun for example_branch_labels to 2021-07-12 00:00:00+00:00
[2021-07-14 23:57:29,963] {scheduler_job.py:190} INFO - Processing /home/airflow/sandbox/lib/python3.8/site-packages/airflow/example_dags/example_branch_labels.py took 0.064 seconds
[2021-07-14 23:58:03,203] {scheduler_job.py:182} INFO - Started process (PID=2372) to work on /home/airflow/sandbox/lib/python3.8/site-packages/airflow/example_dags/example_branch_labels.py
[2021-07-14 23:58:03,204] {scheduler_job.py:633} INFO - Processing file /home/airflow/sandbox/lib/python3.8/site-packages/airflow/example_dags/example_branch_labels.py for tasks to queue
[2021-07-14 23:58:03,205] {logging_mixin.py:104} INFO - [2021-07-14 23:58:03,205] {dagbag.py:487} INFO - Filling up the DagBag from /home/airflow/sandbox/lib/python3.8/site-packages/airflow/example_dags/example_branch_labels.py
[2021-07-14 23:58:03,216] {scheduler_job.py:643} INFO - DAG(s) dict_keys(['example_branch_labels']) retrieved from /home/airflow/sandbox/lib/python3.8/site-packages/airflow/example_dags/example_branch_labels.py
[2021-07-14 23:58:03,230] {logging_mixin.py:104} INFO - [2021-07-14 23:58:03,229] {dag.py:1832} INFO - Sync 1 DAGs
[2021-07-14 23:58:03,244] {logging_mixin.py:104} INFO - [2021-07-14 23:58:03,244] {dag.py:2305} INFO - Setting next_dagrun for example_branch_labels to 2021-07-12 00:00:00+00:00
[2021-07-14 23:58:03,263] {scheduler_job.py:190} INFO - Processing /home/airflow/sandbox/lib/python3.8/site-packages/airflow/example_dags/example_branch_labels.py took 0.064 seconds
[2021-07-14 23:58:34,296] {scheduler_job.py:182} INFO - Started process (PID=2403) to work on /home/airflow/sandbox/lib/python3.8/site-packages/airflow/example_dags/example_branch_labels.py
[2021-07-14 23:58:34,297] {scheduler_job.py:633} INFO - Processing file /home/airflow/sandbox/lib/python3.8/site-packages/airflow/example_dags/example_branch_labels.py for tasks to queue
[2021-07-14 23:58:34,297] {logging_mixin.py:104} INFO - [2021-07-14 23:58:34,297] {dagbag.py:487} INFO - Filling up the DagBag from /home/airflow/sandbox/lib/python3.8/site-packages/airflow/example_dags/example_branch_labels.py
[2021-07-14 23:58:34,307] {scheduler_job.py:643} INFO - DAG(s) dict_keys(['example_branch_labels']) retrieved from /home/airflow/sandbox/lib/python3.8/site-packages/airflow/example_dags/example_branch_labels.py
[2021-07-14 23:58:34,319] {logging_mixin.py:104} INFO - [2021-07-14 23:58:34,319] {dag.py:1832} INFO - Sync 1 DAGs
[2021-07-14 23:58:34,331] {logging_mixin.py:104} INFO - [2021-07-14 23:58:34,330] {dag.py:2305} INFO - Setting next_dagrun for example_branch_labels to 2021-07-12 00:00:00+00:00
[2021-07-14 23:58:34,348] {scheduler_job.py:190} INFO - Processing /home/airflow/sandbox/lib/python3.8/site-packages/airflow/example_dags/example_branch_labels.py took 0.055 seconds
[2021-07-14 23:59:06,484] {scheduler_job.py:182} INFO - Started process (PID=2434) to work on /home/airflow/sandbox/lib/python3.8/site-packages/airflow/example_dags/example_branch_labels.py
[2021-07-14 23:59:06,485] {scheduler_job.py:633} INFO - Processing file /home/airflow/sandbox/lib/python3.8/site-packages/airflow/example_dags/example_branch_labels.py for tasks to queue
[2021-07-14 23:59:06,485] {logging_mixin.py:104} INFO - [2021-07-14 23:59:06,485] {dagbag.py:487} INFO - Filling up the DagBag from /home/airflow/sandbox/lib/python3.8/site-packages/airflow/example_dags/example_branch_labels.py
[2021-07-14 23:59:06,494] {scheduler_job.py:643} INFO - DAG(s) dict_keys(['example_branch_labels']) retrieved from /home/airflow/sandbox/lib/python3.8/site-packages/airflow/example_dags/example_branch_labels.py
[2021-07-14 23:59:06,504] {logging_mixin.py:104} INFO - [2021-07-14 23:59:06,504] {dag.py:1832} INFO - Sync 1 DAGs
[2021-07-14 23:59:06,515] {logging_mixin.py:104} INFO - [2021-07-14 23:59:06,515] {dag.py:2305} INFO - Setting next_dagrun for example_branch_labels to 2021-07-12 00:00:00+00:00
[2021-07-14 23:59:06,531] {scheduler_job.py:190} INFO - Processing /home/airflow/sandbox/lib/python3.8/site-packages/airflow/example_dags/example_branch_labels.py took 0.049 seconds
[2021-07-14 23:59:37,303] {scheduler_job.py:182} INFO - Started process (PID=2465) to work on /home/airflow/sandbox/lib/python3.8/site-packages/airflow/example_dags/example_branch_labels.py
[2021-07-14 23:59:37,304] {scheduler_job.py:633} INFO - Processing file /home/airflow/sandbox/lib/python3.8/site-packages/airflow/example_dags/example_branch_labels.py for tasks to queue
[2021-07-14 23:59:37,304] {logging_mixin.py:104} INFO - [2021-07-14 23:59:37,304] {dagbag.py:487} INFO - Filling up the DagBag from /home/airflow/sandbox/lib/python3.8/site-packages/airflow/example_dags/example_branch_labels.py
[2021-07-14 23:59:37,313] {scheduler_job.py:643} INFO - DAG(s) dict_keys(['example_branch_labels']) retrieved from /home/airflow/sandbox/lib/python3.8/site-packages/airflow/example_dags/example_branch_labels.py
[2021-07-14 23:59:37,323] {logging_mixin.py:104} INFO - [2021-07-14 23:59:37,323] {dag.py:1832} INFO - Sync 1 DAGs
[2021-07-14 23:59:37,333] {logging_mixin.py:104} INFO - [2021-07-14 23:59:37,333] {dag.py:2305} INFO - Setting next_dagrun for example_branch_labels to 2021-07-12 00:00:00+00:00
[2021-07-14 23:59:37,351] {scheduler_job.py:190} INFO - Processing /home/airflow/sandbox/lib/python3.8/site-packages/airflow/example_dags/example_branch_labels.py took 0.050 seconds
