[2021-07-14 23:02:47,511] {scheduler_job.py:182} INFO - Started process (PID=1573) to work on /home/airflow/sandbox/lib/python3.8/site-packages/airflow/example_dags/example_short_circuit_operator.py
[2021-07-14 23:02:47,513] {scheduler_job.py:633} INFO - Processing file /home/airflow/sandbox/lib/python3.8/site-packages/airflow/example_dags/example_short_circuit_operator.py for tasks to queue
[2021-07-14 23:02:47,513] {logging_mixin.py:104} INFO - [2021-07-14 23:02:47,513] {dagbag.py:487} INFO - Filling up the DagBag from /home/airflow/sandbox/lib/python3.8/site-packages/airflow/example_dags/example_short_circuit_operator.py
[2021-07-14 23:02:47,527] {scheduler_job.py:643} INFO - DAG(s) dict_keys(['example_short_circuit_operator']) retrieved from /home/airflow/sandbox/lib/python3.8/site-packages/airflow/example_dags/example_short_circuit_operator.py
[2021-07-14 23:02:47,539] {logging_mixin.py:104} INFO - [2021-07-14 23:02:47,539] {dag.py:1832} INFO - Sync 1 DAGs
[2021-07-14 23:02:47,552] {logging_mixin.py:104} INFO - [2021-07-14 23:02:47,552] {dag.py:2305} INFO - Setting next_dagrun for example_short_circuit_operator to 2021-07-12 00:00:00+00:00
[2021-07-14 23:02:47,571] {scheduler_job.py:190} INFO - Processing /home/airflow/sandbox/lib/python3.8/site-packages/airflow/example_dags/example_short_circuit_operator.py took 0.064 seconds
[2021-07-14 23:03:23,590] {scheduler_job.py:182} INFO - Started process (PID=1606) to work on /home/airflow/sandbox/lib/python3.8/site-packages/airflow/example_dags/example_short_circuit_operator.py
[2021-07-14 23:03:23,590] {scheduler_job.py:633} INFO - Processing file /home/airflow/sandbox/lib/python3.8/site-packages/airflow/example_dags/example_short_circuit_operator.py for tasks to queue
[2021-07-14 23:03:23,591] {logging_mixin.py:104} INFO - [2021-07-14 23:03:23,591] {dagbag.py:487} INFO - Filling up the DagBag from /home/airflow/sandbox/lib/python3.8/site-packages/airflow/example_dags/example_short_circuit_operator.py
[2021-07-14 23:03:23,608] {scheduler_job.py:643} INFO - DAG(s) dict_keys(['example_short_circuit_operator']) retrieved from /home/airflow/sandbox/lib/python3.8/site-packages/airflow/example_dags/example_short_circuit_operator.py
[2021-07-14 23:03:23,625] {logging_mixin.py:104} INFO - [2021-07-14 23:03:23,625] {dag.py:1832} INFO - Sync 1 DAGs
[2021-07-14 23:03:23,639] {logging_mixin.py:104} INFO - [2021-07-14 23:03:23,638] {dag.py:2305} INFO - Setting next_dagrun for example_short_circuit_operator to 2021-07-12 00:00:00+00:00
[2021-07-14 23:03:23,658] {scheduler_job.py:190} INFO - Processing /home/airflow/sandbox/lib/python3.8/site-packages/airflow/example_dags/example_short_circuit_operator.py took 0.071 seconds
[2021-07-14 23:04:00,099] {scheduler_job.py:182} INFO - Started process (PID=1652) to work on /home/airflow/sandbox/lib/python3.8/site-packages/airflow/example_dags/example_short_circuit_operator.py
[2021-07-14 23:04:00,101] {scheduler_job.py:633} INFO - Processing file /home/airflow/sandbox/lib/python3.8/site-packages/airflow/example_dags/example_short_circuit_operator.py for tasks to queue
[2021-07-14 23:04:00,101] {logging_mixin.py:104} INFO - [2021-07-14 23:04:00,101] {dagbag.py:487} INFO - Filling up the DagBag from /home/airflow/sandbox/lib/python3.8/site-packages/airflow/example_dags/example_short_circuit_operator.py
[2021-07-14 23:04:00,134] {scheduler_job.py:643} INFO - DAG(s) dict_keys(['example_short_circuit_operator']) retrieved from /home/airflow/sandbox/lib/python3.8/site-packages/airflow/example_dags/example_short_circuit_operator.py
[2021-07-14 23:04:00,173] {logging_mixin.py:104} INFO - [2021-07-14 23:04:00,173] {dag.py:1832} INFO - Sync 1 DAGs
[2021-07-14 23:04:00,196] {logging_mixin.py:104} INFO - [2021-07-14 23:04:00,196] {dag.py:2305} INFO - Setting next_dagrun for example_short_circuit_operator to 2021-07-12 00:00:00+00:00
[2021-07-14 23:04:00,228] {scheduler_job.py:190} INFO - Processing /home/airflow/sandbox/lib/python3.8/site-packages/airflow/example_dags/example_short_circuit_operator.py took 0.133 seconds
[2021-07-14 23:04:21,077] {scheduler_job.py:182} INFO - Started process (PID=1681) to work on /home/airflow/sandbox/lib/python3.8/site-packages/airflow/example_dags/example_short_circuit_operator.py
[2021-07-14 23:04:21,081] {scheduler_job.py:633} INFO - Processing file /home/airflow/sandbox/lib/python3.8/site-packages/airflow/example_dags/example_short_circuit_operator.py for tasks to queue
[2021-07-14 23:04:21,083] {logging_mixin.py:104} INFO - [2021-07-14 23:04:21,083] {dagbag.py:487} INFO - Filling up the DagBag from /home/airflow/sandbox/lib/python3.8/site-packages/airflow/example_dags/example_short_circuit_operator.py
[2021-07-14 23:04:21,125] {scheduler_job.py:643} INFO - DAG(s) dict_keys(['example_short_circuit_operator']) retrieved from /home/airflow/sandbox/lib/python3.8/site-packages/airflow/example_dags/example_short_circuit_operator.py
[2021-07-14 23:04:21,171] {logging_mixin.py:104} INFO - [2021-07-14 23:04:21,171] {dag.py:1832} INFO - Sync 1 DAGs
[2021-07-14 23:04:21,220] {logging_mixin.py:104} INFO - [2021-07-14 23:04:21,219] {dag.py:2305} INFO - Setting next_dagrun for example_short_circuit_operator to 2021-07-12 00:00:00+00:00
[2021-07-14 23:04:21,265] {scheduler_job.py:190} INFO - Processing /home/airflow/sandbox/lib/python3.8/site-packages/airflow/example_dags/example_short_circuit_operator.py took 0.194 seconds
[2021-07-14 23:04:44,474] {scheduler_job.py:182} INFO - Started process (PID=1717) to work on /home/airflow/sandbox/lib/python3.8/site-packages/airflow/example_dags/example_short_circuit_operator.py
[2021-07-14 23:04:44,477] {scheduler_job.py:633} INFO - Processing file /home/airflow/sandbox/lib/python3.8/site-packages/airflow/example_dags/example_short_circuit_operator.py for tasks to queue
[2021-07-14 23:04:44,479] {logging_mixin.py:104} INFO - [2021-07-14 23:04:44,479] {dagbag.py:487} INFO - Filling up the DagBag from /home/airflow/sandbox/lib/python3.8/site-packages/airflow/example_dags/example_short_circuit_operator.py
[2021-07-14 23:04:44,505] {scheduler_job.py:643} INFO - DAG(s) dict_keys(['example_short_circuit_operator']) retrieved from /home/airflow/sandbox/lib/python3.8/site-packages/airflow/example_dags/example_short_circuit_operator.py
[2021-07-14 23:04:44,528] {logging_mixin.py:104} INFO - [2021-07-14 23:04:44,528] {dag.py:1832} INFO - Sync 1 DAGs
[2021-07-14 23:04:44,548] {logging_mixin.py:104} INFO - [2021-07-14 23:04:44,548] {dag.py:2305} INFO - Setting next_dagrun for example_short_circuit_operator to 2021-07-12 00:00:00+00:00
[2021-07-14 23:04:44,565] {scheduler_job.py:190} INFO - Processing /home/airflow/sandbox/lib/python3.8/site-packages/airflow/example_dags/example_short_circuit_operator.py took 0.099 seconds
[2021-07-14 23:05:05,595] {scheduler_job.py:182} INFO - Started process (PID=1750) to work on /home/airflow/sandbox/lib/python3.8/site-packages/airflow/example_dags/example_short_circuit_operator.py
[2021-07-14 23:05:05,610] {scheduler_job.py:633} INFO - Processing file /home/airflow/sandbox/lib/python3.8/site-packages/airflow/example_dags/example_short_circuit_operator.py for tasks to queue
[2021-07-14 23:05:05,611] {logging_mixin.py:104} INFO - [2021-07-14 23:05:05,611] {dagbag.py:487} INFO - Filling up the DagBag from /home/airflow/sandbox/lib/python3.8/site-packages/airflow/example_dags/example_short_circuit_operator.py
[2021-07-14 23:05:05,737] {scheduler_job.py:643} INFO - DAG(s) dict_keys(['example_short_circuit_operator']) retrieved from /home/airflow/sandbox/lib/python3.8/site-packages/airflow/example_dags/example_short_circuit_operator.py
[2021-07-14 23:05:05,835] {logging_mixin.py:104} INFO - [2021-07-14 23:05:05,835] {dag.py:1832} INFO - Sync 1 DAGs
[2021-07-14 23:05:05,937] {logging_mixin.py:104} INFO - [2021-07-14 23:05:05,937] {dag.py:2305} INFO - Setting next_dagrun for example_short_circuit_operator to 2021-07-12 00:00:00+00:00
[2021-07-14 23:05:06,022] {scheduler_job.py:190} INFO - Processing /home/airflow/sandbox/lib/python3.8/site-packages/airflow/example_dags/example_short_circuit_operator.py took 0.441 seconds
[2021-07-14 23:05:26,524] {scheduler_job.py:182} INFO - Started process (PID=1776) to work on /home/airflow/sandbox/lib/python3.8/site-packages/airflow/example_dags/example_short_circuit_operator.py
[2021-07-14 23:05:26,527] {scheduler_job.py:633} INFO - Processing file /home/airflow/sandbox/lib/python3.8/site-packages/airflow/example_dags/example_short_circuit_operator.py for tasks to queue
[2021-07-14 23:05:26,529] {logging_mixin.py:104} INFO - [2021-07-14 23:05:26,529] {dagbag.py:487} INFO - Filling up the DagBag from /home/airflow/sandbox/lib/python3.8/site-packages/airflow/example_dags/example_short_circuit_operator.py
[2021-07-14 23:05:26,556] {scheduler_job.py:643} INFO - DAG(s) dict_keys(['example_short_circuit_operator']) retrieved from /home/airflow/sandbox/lib/python3.8/site-packages/airflow/example_dags/example_short_circuit_operator.py
[2021-07-14 23:05:26,590] {logging_mixin.py:104} INFO - [2021-07-14 23:05:26,590] {dag.py:1832} INFO - Sync 1 DAGs
[2021-07-14 23:05:26,639] {logging_mixin.py:104} INFO - [2021-07-14 23:05:26,639] {dag.py:2305} INFO - Setting next_dagrun for example_short_circuit_operator to 2021-07-12 00:00:00+00:00
[2021-07-14 23:05:26,698] {scheduler_job.py:190} INFO - Processing /home/airflow/sandbox/lib/python3.8/site-packages/airflow/example_dags/example_short_circuit_operator.py took 0.178 seconds
[2021-07-14 23:05:44,426] {scheduler_job.py:182} INFO - Started process (PID=1809) to work on /home/airflow/sandbox/lib/python3.8/site-packages/airflow/example_dags/example_short_circuit_operator.py
[2021-07-14 23:05:44,428] {scheduler_job.py:633} INFO - Processing file /home/airflow/sandbox/lib/python3.8/site-packages/airflow/example_dags/example_short_circuit_operator.py for tasks to queue
[2021-07-14 23:05:44,429] {logging_mixin.py:104} INFO - [2021-07-14 23:05:44,429] {dagbag.py:487} INFO - Filling up the DagBag from /home/airflow/sandbox/lib/python3.8/site-packages/airflow/example_dags/example_short_circuit_operator.py
[2021-07-14 23:05:44,458] {scheduler_job.py:643} INFO - DAG(s) dict_keys(['example_short_circuit_operator']) retrieved from /home/airflow/sandbox/lib/python3.8/site-packages/airflow/example_dags/example_short_circuit_operator.py
[2021-07-14 23:05:44,539] {logging_mixin.py:104} INFO - [2021-07-14 23:05:44,539] {dag.py:1832} INFO - Sync 1 DAGs
[2021-07-14 23:05:44,578] {logging_mixin.py:104} INFO - [2021-07-14 23:05:44,577] {dag.py:2305} INFO - Setting next_dagrun for example_short_circuit_operator to 2021-07-12 00:00:00+00:00
[2021-07-14 23:05:44,618] {scheduler_job.py:190} INFO - Processing /home/airflow/sandbox/lib/python3.8/site-packages/airflow/example_dags/example_short_circuit_operator.py took 0.197 seconds
[2021-07-14 23:06:01,721] {scheduler_job.py:182} INFO - Started process (PID=1840) to work on /home/airflow/sandbox/lib/python3.8/site-packages/airflow/example_dags/example_short_circuit_operator.py
[2021-07-14 23:06:01,722] {scheduler_job.py:633} INFO - Processing file /home/airflow/sandbox/lib/python3.8/site-packages/airflow/example_dags/example_short_circuit_operator.py for tasks to queue
[2021-07-14 23:06:01,723] {logging_mixin.py:104} INFO - [2021-07-14 23:06:01,723] {dagbag.py:487} INFO - Filling up the DagBag from /home/airflow/sandbox/lib/python3.8/site-packages/airflow/example_dags/example_short_circuit_operator.py
[2021-07-14 23:06:01,734] {scheduler_job.py:643} INFO - DAG(s) dict_keys(['example_short_circuit_operator']) retrieved from /home/airflow/sandbox/lib/python3.8/site-packages/airflow/example_dags/example_short_circuit_operator.py
[2021-07-14 23:06:01,748] {logging_mixin.py:104} INFO - [2021-07-14 23:06:01,748] {dag.py:1832} INFO - Sync 1 DAGs
[2021-07-14 23:06:01,758] {logging_mixin.py:104} INFO - [2021-07-14 23:06:01,758] {dag.py:2305} INFO - Setting next_dagrun for example_short_circuit_operator to 2021-07-12 00:00:00+00:00
[2021-07-14 23:06:01,776] {scheduler_job.py:190} INFO - Processing /home/airflow/sandbox/lib/python3.8/site-packages/airflow/example_dags/example_short_circuit_operator.py took 0.057 seconds
[2021-07-14 23:06:17,664] {scheduler_job.py:182} INFO - Started process (PID=1871) to work on /home/airflow/sandbox/lib/python3.8/site-packages/airflow/example_dags/example_short_circuit_operator.py
[2021-07-14 23:06:17,666] {scheduler_job.py:633} INFO - Processing file /home/airflow/sandbox/lib/python3.8/site-packages/airflow/example_dags/example_short_circuit_operator.py for tasks to queue
[2021-07-14 23:06:17,667] {logging_mixin.py:104} INFO - [2021-07-14 23:06:17,667] {dagbag.py:487} INFO - Filling up the DagBag from /home/airflow/sandbox/lib/python3.8/site-packages/airflow/example_dags/example_short_circuit_operator.py
[2021-07-14 23:06:17,693] {scheduler_job.py:643} INFO - DAG(s) dict_keys(['example_short_circuit_operator']) retrieved from /home/airflow/sandbox/lib/python3.8/site-packages/airflow/example_dags/example_short_circuit_operator.py
[2021-07-14 23:06:17,719] {logging_mixin.py:104} INFO - [2021-07-14 23:06:17,719] {dag.py:1832} INFO - Sync 1 DAGs
[2021-07-14 23:06:17,741] {logging_mixin.py:104} INFO - [2021-07-14 23:06:17,741] {dag.py:2305} INFO - Setting next_dagrun for example_short_circuit_operator to 2021-07-12 00:00:00+00:00
[2021-07-14 23:06:17,769] {scheduler_job.py:190} INFO - Processing /home/airflow/sandbox/lib/python3.8/site-packages/airflow/example_dags/example_short_circuit_operator.py took 0.109 seconds
[2021-07-14 23:06:35,632] {scheduler_job.py:182} INFO - Started process (PID=1901) to work on /home/airflow/sandbox/lib/python3.8/site-packages/airflow/example_dags/example_short_circuit_operator.py
[2021-07-14 23:06:35,633] {scheduler_job.py:633} INFO - Processing file /home/airflow/sandbox/lib/python3.8/site-packages/airflow/example_dags/example_short_circuit_operator.py for tasks to queue
[2021-07-14 23:06:35,634] {logging_mixin.py:104} INFO - [2021-07-14 23:06:35,634] {dagbag.py:487} INFO - Filling up the DagBag from /home/airflow/sandbox/lib/python3.8/site-packages/airflow/example_dags/example_short_circuit_operator.py
[2021-07-14 23:06:35,645] {scheduler_job.py:643} INFO - DAG(s) dict_keys(['example_short_circuit_operator']) retrieved from /home/airflow/sandbox/lib/python3.8/site-packages/airflow/example_dags/example_short_circuit_operator.py
[2021-07-14 23:06:35,661] {logging_mixin.py:104} INFO - [2021-07-14 23:06:35,661] {dag.py:1832} INFO - Sync 1 DAGs
[2021-07-14 23:06:35,673] {logging_mixin.py:104} INFO - [2021-07-14 23:06:35,672] {dag.py:2305} INFO - Setting next_dagrun for example_short_circuit_operator to 2021-07-12 00:00:00+00:00
[2021-07-14 23:06:35,684] {scheduler_job.py:190} INFO - Processing /home/airflow/sandbox/lib/python3.8/site-packages/airflow/example_dags/example_short_circuit_operator.py took 0.054 seconds
[2021-07-14 23:06:56,724] {scheduler_job.py:182} INFO - Started process (PID=1932) to work on /home/airflow/sandbox/lib/python3.8/site-packages/airflow/example_dags/example_short_circuit_operator.py
[2021-07-14 23:06:56,730] {scheduler_job.py:633} INFO - Processing file /home/airflow/sandbox/lib/python3.8/site-packages/airflow/example_dags/example_short_circuit_operator.py for tasks to queue
[2021-07-14 23:06:56,731] {logging_mixin.py:104} INFO - [2021-07-14 23:06:56,730] {dagbag.py:487} INFO - Filling up the DagBag from /home/airflow/sandbox/lib/python3.8/site-packages/airflow/example_dags/example_short_circuit_operator.py
[2021-07-14 23:06:56,747] {scheduler_job.py:643} INFO - DAG(s) dict_keys(['example_short_circuit_operator']) retrieved from /home/airflow/sandbox/lib/python3.8/site-packages/airflow/example_dags/example_short_circuit_operator.py
[2021-07-14 23:06:56,767] {logging_mixin.py:104} INFO - [2021-07-14 23:06:56,767] {dag.py:1832} INFO - Sync 1 DAGs
[2021-07-14 23:06:56,783] {logging_mixin.py:104} INFO - [2021-07-14 23:06:56,783] {dag.py:2305} INFO - Setting next_dagrun for example_short_circuit_operator to 2021-07-12 00:00:00+00:00
[2021-07-14 23:06:56,809] {scheduler_job.py:190} INFO - Processing /home/airflow/sandbox/lib/python3.8/site-packages/airflow/example_dags/example_short_circuit_operator.py took 0.090 seconds
[2021-07-14 23:07:16,658] {scheduler_job.py:182} INFO - Started process (PID=1968) to work on /home/airflow/sandbox/lib/python3.8/site-packages/airflow/example_dags/example_short_circuit_operator.py
[2021-07-14 23:07:16,660] {scheduler_job.py:633} INFO - Processing file /home/airflow/sandbox/lib/python3.8/site-packages/airflow/example_dags/example_short_circuit_operator.py for tasks to queue
[2021-07-14 23:07:16,661] {logging_mixin.py:104} INFO - [2021-07-14 23:07:16,661] {dagbag.py:487} INFO - Filling up the DagBag from /home/airflow/sandbox/lib/python3.8/site-packages/airflow/example_dags/example_short_circuit_operator.py
[2021-07-14 23:07:16,675] {scheduler_job.py:643} INFO - DAG(s) dict_keys(['example_short_circuit_operator']) retrieved from /home/airflow/sandbox/lib/python3.8/site-packages/airflow/example_dags/example_short_circuit_operator.py
[2021-07-14 23:07:16,699] {logging_mixin.py:104} INFO - [2021-07-14 23:07:16,698] {dag.py:1832} INFO - Sync 1 DAGs
[2021-07-14 23:07:16,717] {logging_mixin.py:104} INFO - [2021-07-14 23:07:16,717] {dag.py:2305} INFO - Setting next_dagrun for example_short_circuit_operator to 2021-07-12 00:00:00+00:00
[2021-07-14 23:07:16,732] {scheduler_job.py:190} INFO - Processing /home/airflow/sandbox/lib/python3.8/site-packages/airflow/example_dags/example_short_circuit_operator.py took 0.078 seconds
[2021-07-14 23:07:30,753] {scheduler_job.py:182} INFO - Started process (PID=1996) to work on /home/airflow/sandbox/lib/python3.8/site-packages/airflow/example_dags/example_short_circuit_operator.py
[2021-07-14 23:07:30,754] {scheduler_job.py:633} INFO - Processing file /home/airflow/sandbox/lib/python3.8/site-packages/airflow/example_dags/example_short_circuit_operator.py for tasks to queue
[2021-07-14 23:07:30,755] {logging_mixin.py:104} INFO - [2021-07-14 23:07:30,755] {dagbag.py:487} INFO - Filling up the DagBag from /home/airflow/sandbox/lib/python3.8/site-packages/airflow/example_dags/example_short_circuit_operator.py
[2021-07-14 23:07:30,769] {scheduler_job.py:643} INFO - DAG(s) dict_keys(['example_short_circuit_operator']) retrieved from /home/airflow/sandbox/lib/python3.8/site-packages/airflow/example_dags/example_short_circuit_operator.py
[2021-07-14 23:07:30,781] {logging_mixin.py:104} INFO - [2021-07-14 23:07:30,781] {dag.py:1832} INFO - Sync 1 DAGs
[2021-07-14 23:07:30,791] {logging_mixin.py:104} INFO - [2021-07-14 23:07:30,791] {dag.py:2305} INFO - Setting next_dagrun for example_short_circuit_operator to 2021-07-12 00:00:00+00:00
[2021-07-14 23:07:30,801] {scheduler_job.py:190} INFO - Processing /home/airflow/sandbox/lib/python3.8/site-packages/airflow/example_dags/example_short_circuit_operator.py took 0.050 seconds
[2021-07-14 23:07:48,197] {scheduler_job.py:182} INFO - Started process (PID=2032) to work on /home/airflow/sandbox/lib/python3.8/site-packages/airflow/example_dags/example_short_circuit_operator.py
[2021-07-14 23:07:48,198] {scheduler_job.py:633} INFO - Processing file /home/airflow/sandbox/lib/python3.8/site-packages/airflow/example_dags/example_short_circuit_operator.py for tasks to queue
[2021-07-14 23:07:48,198] {logging_mixin.py:104} INFO - [2021-07-14 23:07:48,198] {dagbag.py:487} INFO - Filling up the DagBag from /home/airflow/sandbox/lib/python3.8/site-packages/airflow/example_dags/example_short_circuit_operator.py
[2021-07-14 23:07:48,208] {scheduler_job.py:643} INFO - DAG(s) dict_keys(['example_short_circuit_operator']) retrieved from /home/airflow/sandbox/lib/python3.8/site-packages/airflow/example_dags/example_short_circuit_operator.py
[2021-07-14 23:07:48,220] {logging_mixin.py:104} INFO - [2021-07-14 23:07:48,220] {dag.py:1832} INFO - Sync 1 DAGs
[2021-07-14 23:07:48,232] {logging_mixin.py:104} INFO - [2021-07-14 23:07:48,232] {dag.py:2305} INFO - Setting next_dagrun for example_short_circuit_operator to 2021-07-12 00:00:00+00:00
[2021-07-14 23:07:48,250] {scheduler_job.py:190} INFO - Processing /home/airflow/sandbox/lib/python3.8/site-packages/airflow/example_dags/example_short_circuit_operator.py took 0.058 seconds
[2021-07-14 23:08:03,206] {scheduler_job.py:182} INFO - Started process (PID=2061) to work on /home/airflow/sandbox/lib/python3.8/site-packages/airflow/example_dags/example_short_circuit_operator.py
[2021-07-14 23:08:03,207] {scheduler_job.py:633} INFO - Processing file /home/airflow/sandbox/lib/python3.8/site-packages/airflow/example_dags/example_short_circuit_operator.py for tasks to queue
[2021-07-14 23:08:03,208] {logging_mixin.py:104} INFO - [2021-07-14 23:08:03,208] {dagbag.py:487} INFO - Filling up the DagBag from /home/airflow/sandbox/lib/python3.8/site-packages/airflow/example_dags/example_short_circuit_operator.py
[2021-07-14 23:08:03,217] {scheduler_job.py:643} INFO - DAG(s) dict_keys(['example_short_circuit_operator']) retrieved from /home/airflow/sandbox/lib/python3.8/site-packages/airflow/example_dags/example_short_circuit_operator.py
[2021-07-14 23:08:03,229] {logging_mixin.py:104} INFO - [2021-07-14 23:08:03,229] {dag.py:1832} INFO - Sync 1 DAGs
[2021-07-14 23:08:03,237] {logging_mixin.py:104} INFO - [2021-07-14 23:08:03,237] {dag.py:2305} INFO - Setting next_dagrun for example_short_circuit_operator to 2021-07-12 00:00:00+00:00
[2021-07-14 23:08:03,247] {scheduler_job.py:190} INFO - Processing /home/airflow/sandbox/lib/python3.8/site-packages/airflow/example_dags/example_short_circuit_operator.py took 0.044 seconds
[2021-07-14 23:08:20,907] {scheduler_job.py:182} INFO - Started process (PID=2095) to work on /home/airflow/sandbox/lib/python3.8/site-packages/airflow/example_dags/example_short_circuit_operator.py
[2021-07-14 23:08:20,908] {scheduler_job.py:633} INFO - Processing file /home/airflow/sandbox/lib/python3.8/site-packages/airflow/example_dags/example_short_circuit_operator.py for tasks to queue
[2021-07-14 23:08:20,909] {logging_mixin.py:104} INFO - [2021-07-14 23:08:20,909] {dagbag.py:487} INFO - Filling up the DagBag from /home/airflow/sandbox/lib/python3.8/site-packages/airflow/example_dags/example_short_circuit_operator.py
[2021-07-14 23:08:20,920] {scheduler_job.py:643} INFO - DAG(s) dict_keys(['example_short_circuit_operator']) retrieved from /home/airflow/sandbox/lib/python3.8/site-packages/airflow/example_dags/example_short_circuit_operator.py
[2021-07-14 23:08:20,944] {logging_mixin.py:104} INFO - [2021-07-14 23:08:20,944] {dag.py:1832} INFO - Sync 1 DAGs
[2021-07-14 23:08:20,962] {logging_mixin.py:104} INFO - [2021-07-14 23:08:20,962] {dag.py:2305} INFO - Setting next_dagrun for example_short_circuit_operator to 2021-07-12 00:00:00+00:00
[2021-07-14 23:08:20,979] {scheduler_job.py:190} INFO - Processing /home/airflow/sandbox/lib/python3.8/site-packages/airflow/example_dags/example_short_circuit_operator.py took 0.074 seconds
[2021-07-14 23:08:33,698] {scheduler_job.py:182} INFO - Started process (PID=2122) to work on /home/airflow/sandbox/lib/python3.8/site-packages/airflow/example_dags/example_short_circuit_operator.py
[2021-07-14 23:08:33,699] {scheduler_job.py:633} INFO - Processing file /home/airflow/sandbox/lib/python3.8/site-packages/airflow/example_dags/example_short_circuit_operator.py for tasks to queue
[2021-07-14 23:08:33,699] {logging_mixin.py:104} INFO - [2021-07-14 23:08:33,699] {dagbag.py:487} INFO - Filling up the DagBag from /home/airflow/sandbox/lib/python3.8/site-packages/airflow/example_dags/example_short_circuit_operator.py
[2021-07-14 23:08:33,712] {scheduler_job.py:643} INFO - DAG(s) dict_keys(['example_short_circuit_operator']) retrieved from /home/airflow/sandbox/lib/python3.8/site-packages/airflow/example_dags/example_short_circuit_operator.py
[2021-07-14 23:08:33,726] {logging_mixin.py:104} INFO - [2021-07-14 23:08:33,726] {dag.py:1832} INFO - Sync 1 DAGs
[2021-07-14 23:08:33,736] {logging_mixin.py:104} INFO - [2021-07-14 23:08:33,736] {dag.py:2305} INFO - Setting next_dagrun for example_short_circuit_operator to 2021-07-12 00:00:00+00:00
[2021-07-14 23:08:33,749] {scheduler_job.py:190} INFO - Processing /home/airflow/sandbox/lib/python3.8/site-packages/airflow/example_dags/example_short_circuit_operator.py took 0.054 seconds
[2021-07-14 23:08:53,436] {scheduler_job.py:182} INFO - Started process (PID=2158) to work on /home/airflow/sandbox/lib/python3.8/site-packages/airflow/example_dags/example_short_circuit_operator.py
[2021-07-14 23:08:53,437] {scheduler_job.py:633} INFO - Processing file /home/airflow/sandbox/lib/python3.8/site-packages/airflow/example_dags/example_short_circuit_operator.py for tasks to queue
[2021-07-14 23:08:53,438] {logging_mixin.py:104} INFO - [2021-07-14 23:08:53,438] {dagbag.py:487} INFO - Filling up the DagBag from /home/airflow/sandbox/lib/python3.8/site-packages/airflow/example_dags/example_short_circuit_operator.py
[2021-07-14 23:08:53,447] {scheduler_job.py:643} INFO - DAG(s) dict_keys(['example_short_circuit_operator']) retrieved from /home/airflow/sandbox/lib/python3.8/site-packages/airflow/example_dags/example_short_circuit_operator.py
[2021-07-14 23:08:53,459] {logging_mixin.py:104} INFO - [2021-07-14 23:08:53,459] {dag.py:1832} INFO - Sync 1 DAGs
[2021-07-14 23:08:53,467] {logging_mixin.py:104} INFO - [2021-07-14 23:08:53,467] {dag.py:2305} INFO - Setting next_dagrun for example_short_circuit_operator to 2021-07-12 00:00:00+00:00
[2021-07-14 23:08:53,477] {scheduler_job.py:190} INFO - Processing /home/airflow/sandbox/lib/python3.8/site-packages/airflow/example_dags/example_short_circuit_operator.py took 0.043 seconds
[2021-07-14 23:09:06,254] {scheduler_job.py:182} INFO - Started process (PID=2183) to work on /home/airflow/sandbox/lib/python3.8/site-packages/airflow/example_dags/example_short_circuit_operator.py
[2021-07-14 23:09:06,255] {scheduler_job.py:633} INFO - Processing file /home/airflow/sandbox/lib/python3.8/site-packages/airflow/example_dags/example_short_circuit_operator.py for tasks to queue
[2021-07-14 23:09:06,256] {logging_mixin.py:104} INFO - [2021-07-14 23:09:06,255] {dagbag.py:487} INFO - Filling up the DagBag from /home/airflow/sandbox/lib/python3.8/site-packages/airflow/example_dags/example_short_circuit_operator.py
[2021-07-14 23:09:06,266] {scheduler_job.py:643} INFO - DAG(s) dict_keys(['example_short_circuit_operator']) retrieved from /home/airflow/sandbox/lib/python3.8/site-packages/airflow/example_dags/example_short_circuit_operator.py
[2021-07-14 23:09:06,279] {logging_mixin.py:104} INFO - [2021-07-14 23:09:06,279] {dag.py:1832} INFO - Sync 1 DAGs
[2021-07-14 23:09:06,291] {logging_mixin.py:104} INFO - [2021-07-14 23:09:06,291] {dag.py:2305} INFO - Setting next_dagrun for example_short_circuit_operator to 2021-07-12 00:00:00+00:00
[2021-07-14 23:09:06,317] {scheduler_job.py:190} INFO - Processing /home/airflow/sandbox/lib/python3.8/site-packages/airflow/example_dags/example_short_circuit_operator.py took 0.066 seconds
[2021-07-14 23:09:26,113] {scheduler_job.py:182} INFO - Started process (PID=2222) to work on /home/airflow/sandbox/lib/python3.8/site-packages/airflow/example_dags/example_short_circuit_operator.py
[2021-07-14 23:09:26,114] {scheduler_job.py:633} INFO - Processing file /home/airflow/sandbox/lib/python3.8/site-packages/airflow/example_dags/example_short_circuit_operator.py for tasks to queue
[2021-07-14 23:09:26,115] {logging_mixin.py:104} INFO - [2021-07-14 23:09:26,115] {dagbag.py:487} INFO - Filling up the DagBag from /home/airflow/sandbox/lib/python3.8/site-packages/airflow/example_dags/example_short_circuit_operator.py
[2021-07-14 23:09:26,125] {scheduler_job.py:643} INFO - DAG(s) dict_keys(['example_short_circuit_operator']) retrieved from /home/airflow/sandbox/lib/python3.8/site-packages/airflow/example_dags/example_short_circuit_operator.py
[2021-07-14 23:09:26,137] {logging_mixin.py:104} INFO - [2021-07-14 23:09:26,137] {dag.py:1832} INFO - Sync 1 DAGs
[2021-07-14 23:09:26,148] {logging_mixin.py:104} INFO - [2021-07-14 23:09:26,148] {dag.py:2305} INFO - Setting next_dagrun for example_short_circuit_operator to 2021-07-12 00:00:00+00:00
[2021-07-14 23:09:26,167] {scheduler_job.py:190} INFO - Processing /home/airflow/sandbox/lib/python3.8/site-packages/airflow/example_dags/example_short_circuit_operator.py took 0.056 seconds
[2021-07-14 23:09:37,358] {scheduler_job.py:182} INFO - Started process (PID=2243) to work on /home/airflow/sandbox/lib/python3.8/site-packages/airflow/example_dags/example_short_circuit_operator.py
[2021-07-14 23:09:37,359] {scheduler_job.py:633} INFO - Processing file /home/airflow/sandbox/lib/python3.8/site-packages/airflow/example_dags/example_short_circuit_operator.py for tasks to queue
[2021-07-14 23:09:37,359] {logging_mixin.py:104} INFO - [2021-07-14 23:09:37,359] {dagbag.py:487} INFO - Filling up the DagBag from /home/airflow/sandbox/lib/python3.8/site-packages/airflow/example_dags/example_short_circuit_operator.py
[2021-07-14 23:09:37,369] {scheduler_job.py:643} INFO - DAG(s) dict_keys(['example_short_circuit_operator']) retrieved from /home/airflow/sandbox/lib/python3.8/site-packages/airflow/example_dags/example_short_circuit_operator.py
[2021-07-14 23:09:37,382] {logging_mixin.py:104} INFO - [2021-07-14 23:09:37,382] {dag.py:1832} INFO - Sync 1 DAGs
[2021-07-14 23:09:37,394] {logging_mixin.py:104} INFO - [2021-07-14 23:09:37,394] {dag.py:2305} INFO - Setting next_dagrun for example_short_circuit_operator to 2021-07-12 00:00:00+00:00
[2021-07-14 23:09:37,412] {scheduler_job.py:190} INFO - Processing /home/airflow/sandbox/lib/python3.8/site-packages/airflow/example_dags/example_short_circuit_operator.py took 0.058 seconds
[2021-07-14 23:09:59,043] {scheduler_job.py:182} INFO - Started process (PID=2285) to work on /home/airflow/sandbox/lib/python3.8/site-packages/airflow/example_dags/example_short_circuit_operator.py
[2021-07-14 23:09:59,044] {scheduler_job.py:633} INFO - Processing file /home/airflow/sandbox/lib/python3.8/site-packages/airflow/example_dags/example_short_circuit_operator.py for tasks to queue
[2021-07-14 23:09:59,045] {logging_mixin.py:104} INFO - [2021-07-14 23:09:59,045] {dagbag.py:487} INFO - Filling up the DagBag from /home/airflow/sandbox/lib/python3.8/site-packages/airflow/example_dags/example_short_circuit_operator.py
[2021-07-14 23:09:59,056] {scheduler_job.py:643} INFO - DAG(s) dict_keys(['example_short_circuit_operator']) retrieved from /home/airflow/sandbox/lib/python3.8/site-packages/airflow/example_dags/example_short_circuit_operator.py
[2021-07-14 23:09:59,069] {logging_mixin.py:104} INFO - [2021-07-14 23:09:59,069] {dag.py:1832} INFO - Sync 1 DAGs
[2021-07-14 23:09:59,079] {logging_mixin.py:104} INFO - [2021-07-14 23:09:59,079] {dag.py:2305} INFO - Setting next_dagrun for example_short_circuit_operator to 2021-07-12 00:00:00+00:00
[2021-07-14 23:09:59,098] {scheduler_job.py:190} INFO - Processing /home/airflow/sandbox/lib/python3.8/site-packages/airflow/example_dags/example_short_circuit_operator.py took 0.058 seconds
[2021-07-14 23:10:08,242] {scheduler_job.py:182} INFO - Started process (PID=2305) to work on /home/airflow/sandbox/lib/python3.8/site-packages/airflow/example_dags/example_short_circuit_operator.py
[2021-07-14 23:10:08,243] {scheduler_job.py:633} INFO - Processing file /home/airflow/sandbox/lib/python3.8/site-packages/airflow/example_dags/example_short_circuit_operator.py for tasks to queue
[2021-07-14 23:10:08,248] {logging_mixin.py:104} INFO - [2021-07-14 23:10:08,248] {dagbag.py:487} INFO - Filling up the DagBag from /home/airflow/sandbox/lib/python3.8/site-packages/airflow/example_dags/example_short_circuit_operator.py
[2021-07-14 23:10:08,273] {scheduler_job.py:643} INFO - DAG(s) dict_keys(['example_short_circuit_operator']) retrieved from /home/airflow/sandbox/lib/python3.8/site-packages/airflow/example_dags/example_short_circuit_operator.py
[2021-07-14 23:10:08,304] {logging_mixin.py:104} INFO - [2021-07-14 23:10:08,304] {dag.py:1832} INFO - Sync 1 DAGs
[2021-07-14 23:10:08,332] {logging_mixin.py:104} INFO - [2021-07-14 23:10:08,332] {dag.py:2305} INFO - Setting next_dagrun for example_short_circuit_operator to 2021-07-12 00:00:00+00:00
[2021-07-14 23:10:08,347] {scheduler_job.py:190} INFO - Processing /home/airflow/sandbox/lib/python3.8/site-packages/airflow/example_dags/example_short_circuit_operator.py took 0.112 seconds
[2021-07-14 23:10:34,228] {scheduler_job.py:182} INFO - Started process (PID=2351) to work on /home/airflow/sandbox/lib/python3.8/site-packages/airflow/example_dags/example_short_circuit_operator.py
[2021-07-14 23:10:34,229] {scheduler_job.py:633} INFO - Processing file /home/airflow/sandbox/lib/python3.8/site-packages/airflow/example_dags/example_short_circuit_operator.py for tasks to queue
[2021-07-14 23:10:34,230] {logging_mixin.py:104} INFO - [2021-07-14 23:10:34,230] {dagbag.py:487} INFO - Filling up the DagBag from /home/airflow/sandbox/lib/python3.8/site-packages/airflow/example_dags/example_short_circuit_operator.py
[2021-07-14 23:10:34,245] {scheduler_job.py:643} INFO - DAG(s) dict_keys(['example_short_circuit_operator']) retrieved from /home/airflow/sandbox/lib/python3.8/site-packages/airflow/example_dags/example_short_circuit_operator.py
[2021-07-14 23:10:34,267] {logging_mixin.py:104} INFO - [2021-07-14 23:10:34,267] {dag.py:1832} INFO - Sync 1 DAGs
[2021-07-14 23:10:34,289] {logging_mixin.py:104} INFO - [2021-07-14 23:10:34,289] {dag.py:2305} INFO - Setting next_dagrun for example_short_circuit_operator to 2021-07-12 00:00:00+00:00
[2021-07-14 23:10:34,303] {scheduler_job.py:190} INFO - Processing /home/airflow/sandbox/lib/python3.8/site-packages/airflow/example_dags/example_short_circuit_operator.py took 0.079 seconds
[2021-07-14 23:10:43,804] {scheduler_job.py:182} INFO - Started process (PID=2364) to work on /home/airflow/sandbox/lib/python3.8/site-packages/airflow/example_dags/example_short_circuit_operator.py
[2021-07-14 23:10:43,810] {scheduler_job.py:633} INFO - Processing file /home/airflow/sandbox/lib/python3.8/site-packages/airflow/example_dags/example_short_circuit_operator.py for tasks to queue
[2021-07-14 23:10:43,814] {logging_mixin.py:104} INFO - [2021-07-14 23:10:43,814] {dagbag.py:487} INFO - Filling up the DagBag from /home/airflow/sandbox/lib/python3.8/site-packages/airflow/example_dags/example_short_circuit_operator.py
[2021-07-14 23:10:43,922] {scheduler_job.py:643} INFO - DAG(s) dict_keys(['example_short_circuit_operator']) retrieved from /home/airflow/sandbox/lib/python3.8/site-packages/airflow/example_dags/example_short_circuit_operator.py
[2021-07-14 23:10:44,083] {logging_mixin.py:104} INFO - [2021-07-14 23:10:44,082] {dag.py:1832} INFO - Sync 1 DAGs
[2021-07-14 23:10:44,211] {logging_mixin.py:104} INFO - [2021-07-14 23:10:44,210] {dag.py:2305} INFO - Setting next_dagrun for example_short_circuit_operator to 2021-07-12 00:00:00+00:00
[2021-07-14 23:10:44,407] {scheduler_job.py:190} INFO - Processing /home/airflow/sandbox/lib/python3.8/site-packages/airflow/example_dags/example_short_circuit_operator.py took 0.635 seconds
[2021-07-14 23:11:26,573] {scheduler_job.py:182} INFO - Started process (PID=2420) to work on /home/airflow/sandbox/lib/python3.8/site-packages/airflow/example_dags/example_short_circuit_operator.py
[2021-07-14 23:11:26,575] {scheduler_job.py:633} INFO - Processing file /home/airflow/sandbox/lib/python3.8/site-packages/airflow/example_dags/example_short_circuit_operator.py for tasks to queue
[2021-07-14 23:11:26,576] {logging_mixin.py:104} INFO - [2021-07-14 23:11:26,575] {dagbag.py:487} INFO - Filling up the DagBag from /home/airflow/sandbox/lib/python3.8/site-packages/airflow/example_dags/example_short_circuit_operator.py
[2021-07-14 23:11:26,592] {scheduler_job.py:643} INFO - DAG(s) dict_keys(['example_short_circuit_operator']) retrieved from /home/airflow/sandbox/lib/python3.8/site-packages/airflow/example_dags/example_short_circuit_operator.py
[2021-07-14 23:11:26,613] {logging_mixin.py:104} INFO - [2021-07-14 23:11:26,613] {dag.py:1832} INFO - Sync 1 DAGs
[2021-07-14 23:11:26,627] {logging_mixin.py:104} INFO - [2021-07-14 23:11:26,627] {dag.py:2305} INFO - Setting next_dagrun for example_short_circuit_operator to 2021-07-12 00:00:00+00:00
[2021-07-14 23:11:26,642] {scheduler_job.py:190} INFO - Processing /home/airflow/sandbox/lib/python3.8/site-packages/airflow/example_dags/example_short_circuit_operator.py took 0.075 seconds
[2021-07-14 23:11:28,194] {scheduler_job.py:182} INFO - Started process (PID=2423) to work on /home/airflow/sandbox/lib/python3.8/site-packages/airflow/example_dags/example_short_circuit_operator.py
[2021-07-14 23:11:28,197] {scheduler_job.py:633} INFO - Processing file /home/airflow/sandbox/lib/python3.8/site-packages/airflow/example_dags/example_short_circuit_operator.py for tasks to queue
[2021-07-14 23:11:28,197] {logging_mixin.py:104} INFO - [2021-07-14 23:11:28,197] {dagbag.py:487} INFO - Filling up the DagBag from /home/airflow/sandbox/lib/python3.8/site-packages/airflow/example_dags/example_short_circuit_operator.py
[2021-07-14 23:11:28,211] {scheduler_job.py:643} INFO - DAG(s) dict_keys(['example_short_circuit_operator']) retrieved from /home/airflow/sandbox/lib/python3.8/site-packages/airflow/example_dags/example_short_circuit_operator.py
[2021-07-14 23:11:28,227] {logging_mixin.py:104} INFO - [2021-07-14 23:11:28,227] {dag.py:1832} INFO - Sync 1 DAGs
[2021-07-14 23:11:28,239] {logging_mixin.py:104} INFO - [2021-07-14 23:11:28,238] {dag.py:2305} INFO - Setting next_dagrun for example_short_circuit_operator to 2021-07-12 00:00:00+00:00
[2021-07-14 23:11:28,253] {scheduler_job.py:190} INFO - Processing /home/airflow/sandbox/lib/python3.8/site-packages/airflow/example_dags/example_short_circuit_operator.py took 0.063 seconds
[2021-07-14 23:11:58,923] {scheduler_job.py:182} INFO - Started process (PID=2482) to work on /home/airflow/sandbox/lib/python3.8/site-packages/airflow/example_dags/example_short_circuit_operator.py
[2021-07-14 23:11:58,925] {scheduler_job.py:633} INFO - Processing file /home/airflow/sandbox/lib/python3.8/site-packages/airflow/example_dags/example_short_circuit_operator.py for tasks to queue
[2021-07-14 23:11:58,925] {logging_mixin.py:104} INFO - [2021-07-14 23:11:58,925] {dagbag.py:487} INFO - Filling up the DagBag from /home/airflow/sandbox/lib/python3.8/site-packages/airflow/example_dags/example_short_circuit_operator.py
[2021-07-14 23:11:58,935] {scheduler_job.py:643} INFO - DAG(s) dict_keys(['example_short_circuit_operator']) retrieved from /home/airflow/sandbox/lib/python3.8/site-packages/airflow/example_dags/example_short_circuit_operator.py
[2021-07-14 23:11:58,947] {logging_mixin.py:104} INFO - [2021-07-14 23:11:58,947] {dag.py:1832} INFO - Sync 1 DAGs
[2021-07-14 23:11:58,957] {logging_mixin.py:104} INFO - [2021-07-14 23:11:58,956] {dag.py:2305} INFO - Setting next_dagrun for example_short_circuit_operator to 2021-07-12 00:00:00+00:00
[2021-07-14 23:11:58,977] {scheduler_job.py:190} INFO - Processing /home/airflow/sandbox/lib/python3.8/site-packages/airflow/example_dags/example_short_circuit_operator.py took 0.057 seconds
[2021-07-14 23:11:59,822] {scheduler_job.py:182} INFO - Started process (PID=2484) to work on /home/airflow/sandbox/lib/python3.8/site-packages/airflow/example_dags/example_short_circuit_operator.py
[2021-07-14 23:11:59,824] {scheduler_job.py:633} INFO - Processing file /home/airflow/sandbox/lib/python3.8/site-packages/airflow/example_dags/example_short_circuit_operator.py for tasks to queue
[2021-07-14 23:11:59,825] {logging_mixin.py:104} INFO - [2021-07-14 23:11:59,825] {dagbag.py:487} INFO - Filling up the DagBag from /home/airflow/sandbox/lib/python3.8/site-packages/airflow/example_dags/example_short_circuit_operator.py
[2021-07-14 23:11:59,834] {scheduler_job.py:643} INFO - DAG(s) dict_keys(['example_short_circuit_operator']) retrieved from /home/airflow/sandbox/lib/python3.8/site-packages/airflow/example_dags/example_short_circuit_operator.py
[2021-07-14 23:11:59,847] {logging_mixin.py:104} INFO - [2021-07-14 23:11:59,847] {dag.py:1832} INFO - Sync 1 DAGs
[2021-07-14 23:11:59,856] {logging_mixin.py:104} INFO - [2021-07-14 23:11:59,856] {dag.py:2305} INFO - Setting next_dagrun for example_short_circuit_operator to 2021-07-12 00:00:00+00:00
[2021-07-14 23:11:59,876] {scheduler_job.py:190} INFO - Processing /home/airflow/sandbox/lib/python3.8/site-packages/airflow/example_dags/example_short_circuit_operator.py took 0.057 seconds
[2021-07-14 23:12:32,322] {scheduler_job.py:182} INFO - Started process (PID=2547) to work on /home/airflow/sandbox/lib/python3.8/site-packages/airflow/example_dags/example_short_circuit_operator.py
[2021-07-14 23:12:32,323] {scheduler_job.py:633} INFO - Processing file /home/airflow/sandbox/lib/python3.8/site-packages/airflow/example_dags/example_short_circuit_operator.py for tasks to queue
[2021-07-14 23:12:32,323] {logging_mixin.py:104} INFO - [2021-07-14 23:12:32,323] {dagbag.py:487} INFO - Filling up the DagBag from /home/airflow/sandbox/lib/python3.8/site-packages/airflow/example_dags/example_short_circuit_operator.py
[2021-07-14 23:12:32,337] {scheduler_job.py:643} INFO - DAG(s) dict_keys(['example_short_circuit_operator']) retrieved from /home/airflow/sandbox/lib/python3.8/site-packages/airflow/example_dags/example_short_circuit_operator.py
[2021-07-14 23:12:32,350] {logging_mixin.py:104} INFO - [2021-07-14 23:12:32,350] {dag.py:1832} INFO - Sync 1 DAGs
[2021-07-14 23:12:32,362] {logging_mixin.py:104} INFO - [2021-07-14 23:12:32,362] {dag.py:2305} INFO - Setting next_dagrun for example_short_circuit_operator to 2021-07-12 00:00:00+00:00
[2021-07-14 23:12:32,376] {scheduler_job.py:190} INFO - Processing /home/airflow/sandbox/lib/python3.8/site-packages/airflow/example_dags/example_short_circuit_operator.py took 0.057 seconds
[2021-07-14 23:12:32,950] {scheduler_job.py:182} INFO - Started process (PID=2548) to work on /home/airflow/sandbox/lib/python3.8/site-packages/airflow/example_dags/example_short_circuit_operator.py
[2021-07-14 23:12:32,954] {scheduler_job.py:633} INFO - Processing file /home/airflow/sandbox/lib/python3.8/site-packages/airflow/example_dags/example_short_circuit_operator.py for tasks to queue
[2021-07-14 23:12:32,955] {logging_mixin.py:104} INFO - [2021-07-14 23:12:32,955] {dagbag.py:487} INFO - Filling up the DagBag from /home/airflow/sandbox/lib/python3.8/site-packages/airflow/example_dags/example_short_circuit_operator.py
[2021-07-14 23:12:32,981] {scheduler_job.py:643} INFO - DAG(s) dict_keys(['example_short_circuit_operator']) retrieved from /home/airflow/sandbox/lib/python3.8/site-packages/airflow/example_dags/example_short_circuit_operator.py
[2021-07-14 23:12:33,016] {logging_mixin.py:104} INFO - [2021-07-14 23:12:33,016] {dag.py:1832} INFO - Sync 1 DAGs
[2021-07-14 23:12:33,044] {logging_mixin.py:104} INFO - [2021-07-14 23:12:33,044] {dag.py:2305} INFO - Setting next_dagrun for example_short_circuit_operator to 2021-07-12 00:00:00+00:00
[2021-07-14 23:12:33,070] {scheduler_job.py:190} INFO - Processing /home/airflow/sandbox/lib/python3.8/site-packages/airflow/example_dags/example_short_circuit_operator.py took 0.129 seconds
[2021-07-14 23:13:04,460] {scheduler_job.py:182} INFO - Started process (PID=2609) to work on /home/airflow/sandbox/lib/python3.8/site-packages/airflow/example_dags/example_short_circuit_operator.py
[2021-07-14 23:13:04,463] {scheduler_job.py:633} INFO - Processing file /home/airflow/sandbox/lib/python3.8/site-packages/airflow/example_dags/example_short_circuit_operator.py for tasks to queue
[2021-07-14 23:13:04,464] {logging_mixin.py:104} INFO - [2021-07-14 23:13:04,463] {dagbag.py:487} INFO - Filling up the DagBag from /home/airflow/sandbox/lib/python3.8/site-packages/airflow/example_dags/example_short_circuit_operator.py
[2021-07-14 23:13:04,475] {scheduler_job.py:643} INFO - DAG(s) dict_keys(['example_short_circuit_operator']) retrieved from /home/airflow/sandbox/lib/python3.8/site-packages/airflow/example_dags/example_short_circuit_operator.py
[2021-07-14 23:13:04,491] {logging_mixin.py:104} INFO - [2021-07-14 23:13:04,491] {dag.py:1832} INFO - Sync 1 DAGs
[2021-07-14 23:13:04,505] {logging_mixin.py:104} INFO - [2021-07-14 23:13:04,505] {dag.py:2305} INFO - Setting next_dagrun for example_short_circuit_operator to 2021-07-12 00:00:00+00:00
[2021-07-14 23:13:04,520] {scheduler_job.py:190} INFO - Processing /home/airflow/sandbox/lib/python3.8/site-packages/airflow/example_dags/example_short_circuit_operator.py took 0.063 seconds
[2021-07-14 23:48:52,066] {scheduler_job.py:182} INFO - Started process (PID=1845) to work on /home/airflow/sandbox/lib/python3.8/site-packages/airflow/example_dags/example_short_circuit_operator.py
[2021-07-14 23:48:52,075] {scheduler_job.py:633} INFO - Processing file /home/airflow/sandbox/lib/python3.8/site-packages/airflow/example_dags/example_short_circuit_operator.py for tasks to queue
[2021-07-14 23:48:52,075] {logging_mixin.py:104} INFO - [2021-07-14 23:48:52,075] {dagbag.py:487} INFO - Filling up the DagBag from /home/airflow/sandbox/lib/python3.8/site-packages/airflow/example_dags/example_short_circuit_operator.py
[2021-07-14 23:48:52,084] {scheduler_job.py:643} INFO - DAG(s) dict_keys(['example_short_circuit_operator']) retrieved from /home/airflow/sandbox/lib/python3.8/site-packages/airflow/example_dags/example_short_circuit_operator.py
[2021-07-14 23:48:52,095] {logging_mixin.py:104} INFO - [2021-07-14 23:48:52,095] {dag.py:1832} INFO - Sync 1 DAGs
[2021-07-14 23:48:52,103] {logging_mixin.py:104} INFO - [2021-07-14 23:48:52,103] {dag.py:2305} INFO - Setting next_dagrun for example_short_circuit_operator to 2021-07-12 00:00:00+00:00
[2021-07-14 23:48:52,113] {scheduler_job.py:190} INFO - Processing /home/airflow/sandbox/lib/python3.8/site-packages/airflow/example_dags/example_short_circuit_operator.py took 0.050 seconds
[2021-07-14 23:49:25,411] {scheduler_job.py:182} INFO - Started process (PID=1878) to work on /home/airflow/sandbox/lib/python3.8/site-packages/airflow/example_dags/example_short_circuit_operator.py
[2021-07-14 23:49:25,412] {scheduler_job.py:633} INFO - Processing file /home/airflow/sandbox/lib/python3.8/site-packages/airflow/example_dags/example_short_circuit_operator.py for tasks to queue
[2021-07-14 23:49:25,412] {logging_mixin.py:104} INFO - [2021-07-14 23:49:25,412] {dagbag.py:487} INFO - Filling up the DagBag from /home/airflow/sandbox/lib/python3.8/site-packages/airflow/example_dags/example_short_circuit_operator.py
[2021-07-14 23:49:25,423] {scheduler_job.py:643} INFO - DAG(s) dict_keys(['example_short_circuit_operator']) retrieved from /home/airflow/sandbox/lib/python3.8/site-packages/airflow/example_dags/example_short_circuit_operator.py
[2021-07-14 23:49:25,436] {logging_mixin.py:104} INFO - [2021-07-14 23:49:25,436] {dag.py:1832} INFO - Sync 1 DAGs
[2021-07-14 23:49:25,445] {logging_mixin.py:104} INFO - [2021-07-14 23:49:25,445] {dag.py:2305} INFO - Setting next_dagrun for example_short_circuit_operator to 2021-07-12 00:00:00+00:00
[2021-07-14 23:49:25,465] {scheduler_job.py:190} INFO - Processing /home/airflow/sandbox/lib/python3.8/site-packages/airflow/example_dags/example_short_circuit_operator.py took 0.056 seconds
[2021-07-14 23:49:56,709] {scheduler_job.py:182} INFO - Started process (PID=1909) to work on /home/airflow/sandbox/lib/python3.8/site-packages/airflow/example_dags/example_short_circuit_operator.py
[2021-07-14 23:49:56,710] {scheduler_job.py:633} INFO - Processing file /home/airflow/sandbox/lib/python3.8/site-packages/airflow/example_dags/example_short_circuit_operator.py for tasks to queue
[2021-07-14 23:49:56,711] {logging_mixin.py:104} INFO - [2021-07-14 23:49:56,711] {dagbag.py:487} INFO - Filling up the DagBag from /home/airflow/sandbox/lib/python3.8/site-packages/airflow/example_dags/example_short_circuit_operator.py
[2021-07-14 23:49:56,722] {scheduler_job.py:643} INFO - DAG(s) dict_keys(['example_short_circuit_operator']) retrieved from /home/airflow/sandbox/lib/python3.8/site-packages/airflow/example_dags/example_short_circuit_operator.py
[2021-07-14 23:49:56,735] {logging_mixin.py:104} INFO - [2021-07-14 23:49:56,735] {dag.py:1832} INFO - Sync 1 DAGs
[2021-07-14 23:49:56,744] {logging_mixin.py:104} INFO - [2021-07-14 23:49:56,744] {dag.py:2305} INFO - Setting next_dagrun for example_short_circuit_operator to 2021-07-12 00:00:00+00:00
[2021-07-14 23:49:56,763] {scheduler_job.py:190} INFO - Processing /home/airflow/sandbox/lib/python3.8/site-packages/airflow/example_dags/example_short_circuit_operator.py took 0.056 seconds
[2021-07-14 23:50:28,895] {scheduler_job.py:182} INFO - Started process (PID=1940) to work on /home/airflow/sandbox/lib/python3.8/site-packages/airflow/example_dags/example_short_circuit_operator.py
[2021-07-14 23:50:28,896] {scheduler_job.py:633} INFO - Processing file /home/airflow/sandbox/lib/python3.8/site-packages/airflow/example_dags/example_short_circuit_operator.py for tasks to queue
[2021-07-14 23:50:28,896] {logging_mixin.py:104} INFO - [2021-07-14 23:50:28,896] {dagbag.py:487} INFO - Filling up the DagBag from /home/airflow/sandbox/lib/python3.8/site-packages/airflow/example_dags/example_short_circuit_operator.py
[2021-07-14 23:50:28,906] {scheduler_job.py:643} INFO - DAG(s) dict_keys(['example_short_circuit_operator']) retrieved from /home/airflow/sandbox/lib/python3.8/site-packages/airflow/example_dags/example_short_circuit_operator.py
[2021-07-14 23:50:28,922] {logging_mixin.py:104} INFO - [2021-07-14 23:50:28,922] {dag.py:1832} INFO - Sync 1 DAGs
[2021-07-14 23:50:28,937] {logging_mixin.py:104} INFO - [2021-07-14 23:50:28,937] {dag.py:2305} INFO - Setting next_dagrun for example_short_circuit_operator to 2021-07-12 00:00:00+00:00
[2021-07-14 23:50:28,956] {scheduler_job.py:190} INFO - Processing /home/airflow/sandbox/lib/python3.8/site-packages/airflow/example_dags/example_short_circuit_operator.py took 0.064 seconds
[2021-07-14 23:51:03,369] {scheduler_job.py:182} INFO - Started process (PID=1973) to work on /home/airflow/sandbox/lib/python3.8/site-packages/airflow/example_dags/example_short_circuit_operator.py
[2021-07-14 23:51:03,374] {scheduler_job.py:633} INFO - Processing file /home/airflow/sandbox/lib/python3.8/site-packages/airflow/example_dags/example_short_circuit_operator.py for tasks to queue
[2021-07-14 23:51:03,377] {logging_mixin.py:104} INFO - [2021-07-14 23:51:03,376] {dagbag.py:487} INFO - Filling up the DagBag from /home/airflow/sandbox/lib/python3.8/site-packages/airflow/example_dags/example_short_circuit_operator.py
[2021-07-14 23:51:03,459] {scheduler_job.py:643} INFO - DAG(s) dict_keys(['example_short_circuit_operator']) retrieved from /home/airflow/sandbox/lib/python3.8/site-packages/airflow/example_dags/example_short_circuit_operator.py
[2021-07-14 23:51:03,532] {logging_mixin.py:104} INFO - [2021-07-14 23:51:03,532] {dag.py:1832} INFO - Sync 1 DAGs
[2021-07-14 23:51:03,673] {logging_mixin.py:104} INFO - [2021-07-14 23:51:03,622] {dag.py:2305} INFO - Setting next_dagrun for example_short_circuit_operator to 2021-07-12 00:00:00+00:00
[2021-07-14 23:51:03,731] {scheduler_job.py:190} INFO - Processing /home/airflow/sandbox/lib/python3.8/site-packages/airflow/example_dags/example_short_circuit_operator.py took 0.375 seconds
[2021-07-14 23:51:47,311] {scheduler_job.py:182} INFO - Started process (PID=2004) to work on /home/airflow/sandbox/lib/python3.8/site-packages/airflow/example_dags/example_short_circuit_operator.py
[2021-07-14 23:51:47,316] {scheduler_job.py:633} INFO - Processing file /home/airflow/sandbox/lib/python3.8/site-packages/airflow/example_dags/example_short_circuit_operator.py for tasks to queue
[2021-07-14 23:51:47,322] {logging_mixin.py:104} INFO - [2021-07-14 23:51:47,321] {dagbag.py:487} INFO - Filling up the DagBag from /home/airflow/sandbox/lib/python3.8/site-packages/airflow/example_dags/example_short_circuit_operator.py
[2021-07-14 23:51:47,449] {scheduler_job.py:643} INFO - DAG(s) dict_keys(['example_short_circuit_operator']) retrieved from /home/airflow/sandbox/lib/python3.8/site-packages/airflow/example_dags/example_short_circuit_operator.py
[2021-07-14 23:51:47,580] {logging_mixin.py:104} INFO - [2021-07-14 23:51:47,579] {dag.py:1832} INFO - Sync 1 DAGs
[2021-07-14 23:51:47,663] {logging_mixin.py:104} INFO - [2021-07-14 23:51:47,662] {dag.py:2305} INFO - Setting next_dagrun for example_short_circuit_operator to 2021-07-12 00:00:00+00:00
[2021-07-14 23:51:47,741] {scheduler_job.py:190} INFO - Processing /home/airflow/sandbox/lib/python3.8/site-packages/airflow/example_dags/example_short_circuit_operator.py took 0.449 seconds
[2021-07-14 23:52:22,988] {scheduler_job.py:182} INFO - Started process (PID=2035) to work on /home/airflow/sandbox/lib/python3.8/site-packages/airflow/example_dags/example_short_circuit_operator.py
[2021-07-14 23:52:22,989] {scheduler_job.py:633} INFO - Processing file /home/airflow/sandbox/lib/python3.8/site-packages/airflow/example_dags/example_short_circuit_operator.py for tasks to queue
[2021-07-14 23:52:22,990] {logging_mixin.py:104} INFO - [2021-07-14 23:52:22,989] {dagbag.py:487} INFO - Filling up the DagBag from /home/airflow/sandbox/lib/python3.8/site-packages/airflow/example_dags/example_short_circuit_operator.py
[2021-07-14 23:52:23,001] {scheduler_job.py:643} INFO - DAG(s) dict_keys(['example_short_circuit_operator']) retrieved from /home/airflow/sandbox/lib/python3.8/site-packages/airflow/example_dags/example_short_circuit_operator.py
[2021-07-14 23:52:23,015] {logging_mixin.py:104} INFO - [2021-07-14 23:52:23,015] {dag.py:1832} INFO - Sync 1 DAGs
[2021-07-14 23:52:23,025] {logging_mixin.py:104} INFO - [2021-07-14 23:52:23,025] {dag.py:2305} INFO - Setting next_dagrun for example_short_circuit_operator to 2021-07-12 00:00:00+00:00
[2021-07-14 23:52:23,051] {scheduler_job.py:190} INFO - Processing /home/airflow/sandbox/lib/python3.8/site-packages/airflow/example_dags/example_short_circuit_operator.py took 0.066 seconds
[2021-07-14 23:52:55,187] {scheduler_job.py:182} INFO - Started process (PID=2066) to work on /home/airflow/sandbox/lib/python3.8/site-packages/airflow/example_dags/example_short_circuit_operator.py
[2021-07-14 23:52:55,188] {scheduler_job.py:633} INFO - Processing file /home/airflow/sandbox/lib/python3.8/site-packages/airflow/example_dags/example_short_circuit_operator.py for tasks to queue
[2021-07-14 23:52:55,188] {logging_mixin.py:104} INFO - [2021-07-14 23:52:55,188] {dagbag.py:487} INFO - Filling up the DagBag from /home/airflow/sandbox/lib/python3.8/site-packages/airflow/example_dags/example_short_circuit_operator.py
[2021-07-14 23:52:55,198] {scheduler_job.py:643} INFO - DAG(s) dict_keys(['example_short_circuit_operator']) retrieved from /home/airflow/sandbox/lib/python3.8/site-packages/airflow/example_dags/example_short_circuit_operator.py
[2021-07-14 23:52:55,211] {logging_mixin.py:104} INFO - [2021-07-14 23:52:55,211] {dag.py:1832} INFO - Sync 1 DAGs
[2021-07-14 23:52:55,221] {logging_mixin.py:104} INFO - [2021-07-14 23:52:55,221] {dag.py:2305} INFO - Setting next_dagrun for example_short_circuit_operator to 2021-07-12 00:00:00+00:00
[2021-07-14 23:52:55,240] {scheduler_job.py:190} INFO - Processing /home/airflow/sandbox/lib/python3.8/site-packages/airflow/example_dags/example_short_circuit_operator.py took 0.056 seconds
[2021-07-14 23:53:26,450] {scheduler_job.py:182} INFO - Started process (PID=2097) to work on /home/airflow/sandbox/lib/python3.8/site-packages/airflow/example_dags/example_short_circuit_operator.py
[2021-07-14 23:53:26,451] {scheduler_job.py:633} INFO - Processing file /home/airflow/sandbox/lib/python3.8/site-packages/airflow/example_dags/example_short_circuit_operator.py for tasks to queue
[2021-07-14 23:53:26,451] {logging_mixin.py:104} INFO - [2021-07-14 23:53:26,451] {dagbag.py:487} INFO - Filling up the DagBag from /home/airflow/sandbox/lib/python3.8/site-packages/airflow/example_dags/example_short_circuit_operator.py
[2021-07-14 23:53:26,462] {scheduler_job.py:643} INFO - DAG(s) dict_keys(['example_short_circuit_operator']) retrieved from /home/airflow/sandbox/lib/python3.8/site-packages/airflow/example_dags/example_short_circuit_operator.py
[2021-07-14 23:53:26,475] {logging_mixin.py:104} INFO - [2021-07-14 23:53:26,475] {dag.py:1832} INFO - Sync 1 DAGs
[2021-07-14 23:53:26,486] {logging_mixin.py:104} INFO - [2021-07-14 23:53:26,486] {dag.py:2305} INFO - Setting next_dagrun for example_short_circuit_operator to 2021-07-12 00:00:00+00:00
[2021-07-14 23:53:26,505] {scheduler_job.py:190} INFO - Processing /home/airflow/sandbox/lib/python3.8/site-packages/airflow/example_dags/example_short_circuit_operator.py took 0.058 seconds
[2021-07-14 23:54:01,796] {scheduler_job.py:182} INFO - Started process (PID=2130) to work on /home/airflow/sandbox/lib/python3.8/site-packages/airflow/example_dags/example_short_circuit_operator.py
[2021-07-14 23:54:01,796] {scheduler_job.py:633} INFO - Processing file /home/airflow/sandbox/lib/python3.8/site-packages/airflow/example_dags/example_short_circuit_operator.py for tasks to queue
[2021-07-14 23:54:01,797] {logging_mixin.py:104} INFO - [2021-07-14 23:54:01,797] {dagbag.py:487} INFO - Filling up the DagBag from /home/airflow/sandbox/lib/python3.8/site-packages/airflow/example_dags/example_short_circuit_operator.py
[2021-07-14 23:54:01,807] {scheduler_job.py:643} INFO - DAG(s) dict_keys(['example_short_circuit_operator']) retrieved from /home/airflow/sandbox/lib/python3.8/site-packages/airflow/example_dags/example_short_circuit_operator.py
[2021-07-14 23:54:01,820] {logging_mixin.py:104} INFO - [2021-07-14 23:54:01,820] {dag.py:1832} INFO - Sync 1 DAGs
[2021-07-14 23:54:01,829] {logging_mixin.py:104} INFO - [2021-07-14 23:54:01,828] {dag.py:2305} INFO - Setting next_dagrun for example_short_circuit_operator to 2021-07-12 00:00:00+00:00
[2021-07-14 23:54:01,841] {scheduler_job.py:190} INFO - Processing /home/airflow/sandbox/lib/python3.8/site-packages/airflow/example_dags/example_short_circuit_operator.py took 0.047 seconds
[2021-07-14 23:54:32,783] {scheduler_job.py:182} INFO - Started process (PID=2161) to work on /home/airflow/sandbox/lib/python3.8/site-packages/airflow/example_dags/example_short_circuit_operator.py
[2021-07-14 23:54:32,783] {scheduler_job.py:633} INFO - Processing file /home/airflow/sandbox/lib/python3.8/site-packages/airflow/example_dags/example_short_circuit_operator.py for tasks to queue
[2021-07-14 23:54:32,784] {logging_mixin.py:104} INFO - [2021-07-14 23:54:32,784] {dagbag.py:487} INFO - Filling up the DagBag from /home/airflow/sandbox/lib/python3.8/site-packages/airflow/example_dags/example_short_circuit_operator.py
[2021-07-14 23:54:32,794] {scheduler_job.py:643} INFO - DAG(s) dict_keys(['example_short_circuit_operator']) retrieved from /home/airflow/sandbox/lib/python3.8/site-packages/airflow/example_dags/example_short_circuit_operator.py
[2021-07-14 23:54:32,807] {logging_mixin.py:104} INFO - [2021-07-14 23:54:32,807] {dag.py:1832} INFO - Sync 1 DAGs
[2021-07-14 23:54:32,816] {logging_mixin.py:104} INFO - [2021-07-14 23:54:32,816] {dag.py:2305} INFO - Setting next_dagrun for example_short_circuit_operator to 2021-07-12 00:00:00+00:00
[2021-07-14 23:54:32,834] {scheduler_job.py:190} INFO - Processing /home/airflow/sandbox/lib/python3.8/site-packages/airflow/example_dags/example_short_circuit_operator.py took 0.054 seconds
[2021-07-14 23:55:42,736] {scheduler_job.py:182} INFO - Started process (PID=2238) to work on /home/airflow/sandbox/lib/python3.8/site-packages/airflow/example_dags/example_short_circuit_operator.py
[2021-07-14 23:55:42,737] {scheduler_job.py:633} INFO - Processing file /home/airflow/sandbox/lib/python3.8/site-packages/airflow/example_dags/example_short_circuit_operator.py for tasks to queue
[2021-07-14 23:55:42,738] {logging_mixin.py:104} INFO - [2021-07-14 23:55:42,738] {dagbag.py:487} INFO - Filling up the DagBag from /home/airflow/sandbox/lib/python3.8/site-packages/airflow/example_dags/example_short_circuit_operator.py
[2021-07-14 23:55:42,749] {scheduler_job.py:643} INFO - DAG(s) dict_keys(['example_short_circuit_operator']) retrieved from /home/airflow/sandbox/lib/python3.8/site-packages/airflow/example_dags/example_short_circuit_operator.py
[2021-07-14 23:55:42,761] {logging_mixin.py:104} INFO - [2021-07-14 23:55:42,761] {dag.py:1832} INFO - Sync 1 DAGs
[2021-07-14 23:55:42,773] {logging_mixin.py:104} INFO - [2021-07-14 23:55:42,773] {dag.py:2305} INFO - Setting next_dagrun for example_short_circuit_operator to 2021-07-12 00:00:00+00:00
[2021-07-14 23:55:42,790] {scheduler_job.py:190} INFO - Processing /home/airflow/sandbox/lib/python3.8/site-packages/airflow/example_dags/example_short_circuit_operator.py took 0.057 seconds
[2021-07-14 23:56:14,794] {scheduler_job.py:182} INFO - Started process (PID=2269) to work on /home/airflow/sandbox/lib/python3.8/site-packages/airflow/example_dags/example_short_circuit_operator.py
[2021-07-14 23:56:14,796] {scheduler_job.py:633} INFO - Processing file /home/airflow/sandbox/lib/python3.8/site-packages/airflow/example_dags/example_short_circuit_operator.py for tasks to queue
[2021-07-14 23:56:14,796] {logging_mixin.py:104} INFO - [2021-07-14 23:56:14,796] {dagbag.py:487} INFO - Filling up the DagBag from /home/airflow/sandbox/lib/python3.8/site-packages/airflow/example_dags/example_short_circuit_operator.py
[2021-07-14 23:56:14,807] {scheduler_job.py:643} INFO - DAG(s) dict_keys(['example_short_circuit_operator']) retrieved from /home/airflow/sandbox/lib/python3.8/site-packages/airflow/example_dags/example_short_circuit_operator.py
[2021-07-14 23:56:14,820] {logging_mixin.py:104} INFO - [2021-07-14 23:56:14,820] {dag.py:1832} INFO - Sync 1 DAGs
[2021-07-14 23:56:14,830] {logging_mixin.py:104} INFO - [2021-07-14 23:56:14,830] {dag.py:2305} INFO - Setting next_dagrun for example_short_circuit_operator to 2021-07-12 00:00:00+00:00
[2021-07-14 23:56:14,850] {scheduler_job.py:190} INFO - Processing /home/airflow/sandbox/lib/python3.8/site-packages/airflow/example_dags/example_short_circuit_operator.py took 0.058 seconds
[2021-07-14 23:56:48,220] {scheduler_job.py:182} INFO - Started process (PID=2301) to work on /home/airflow/sandbox/lib/python3.8/site-packages/airflow/example_dags/example_short_circuit_operator.py
[2021-07-14 23:56:48,221] {scheduler_job.py:633} INFO - Processing file /home/airflow/sandbox/lib/python3.8/site-packages/airflow/example_dags/example_short_circuit_operator.py for tasks to queue
[2021-07-14 23:56:48,221] {logging_mixin.py:104} INFO - [2021-07-14 23:56:48,221] {dagbag.py:487} INFO - Filling up the DagBag from /home/airflow/sandbox/lib/python3.8/site-packages/airflow/example_dags/example_short_circuit_operator.py
[2021-07-14 23:56:48,231] {scheduler_job.py:643} INFO - DAG(s) dict_keys(['example_short_circuit_operator']) retrieved from /home/airflow/sandbox/lib/python3.8/site-packages/airflow/example_dags/example_short_circuit_operator.py
[2021-07-14 23:56:48,245] {logging_mixin.py:104} INFO - [2021-07-14 23:56:48,245] {dag.py:1832} INFO - Sync 1 DAGs
[2021-07-14 23:56:48,259] {logging_mixin.py:104} INFO - [2021-07-14 23:56:48,259] {dag.py:2305} INFO - Setting next_dagrun for example_short_circuit_operator to 2021-07-12 00:00:00+00:00
[2021-07-14 23:56:48,274] {scheduler_job.py:190} INFO - Processing /home/airflow/sandbox/lib/python3.8/site-packages/airflow/example_dags/example_short_circuit_operator.py took 0.056 seconds
[2021-07-14 23:57:19,021] {scheduler_job.py:182} INFO - Started process (PID=2330) to work on /home/airflow/sandbox/lib/python3.8/site-packages/airflow/example_dags/example_short_circuit_operator.py
[2021-07-14 23:57:19,022] {scheduler_job.py:633} INFO - Processing file /home/airflow/sandbox/lib/python3.8/site-packages/airflow/example_dags/example_short_circuit_operator.py for tasks to queue
[2021-07-14 23:57:19,022] {logging_mixin.py:104} INFO - [2021-07-14 23:57:19,022] {dagbag.py:487} INFO - Filling up the DagBag from /home/airflow/sandbox/lib/python3.8/site-packages/airflow/example_dags/example_short_circuit_operator.py
[2021-07-14 23:57:19,035] {scheduler_job.py:643} INFO - DAG(s) dict_keys(['example_short_circuit_operator']) retrieved from /home/airflow/sandbox/lib/python3.8/site-packages/airflow/example_dags/example_short_circuit_operator.py
[2021-07-14 23:57:19,051] {logging_mixin.py:104} INFO - [2021-07-14 23:57:19,051] {dag.py:1832} INFO - Sync 1 DAGs
[2021-07-14 23:57:19,060] {logging_mixin.py:104} INFO - [2021-07-14 23:57:19,060] {dag.py:2305} INFO - Setting next_dagrun for example_short_circuit_operator to 2021-07-12 00:00:00+00:00
[2021-07-14 23:57:19,079] {scheduler_job.py:190} INFO - Processing /home/airflow/sandbox/lib/python3.8/site-packages/airflow/example_dags/example_short_circuit_operator.py took 0.060 seconds
[2021-07-14 23:57:50,317] {scheduler_job.py:182} INFO - Started process (PID=2359) to work on /home/airflow/sandbox/lib/python3.8/site-packages/airflow/example_dags/example_short_circuit_operator.py
[2021-07-14 23:57:50,319] {scheduler_job.py:633} INFO - Processing file /home/airflow/sandbox/lib/python3.8/site-packages/airflow/example_dags/example_short_circuit_operator.py for tasks to queue
[2021-07-14 23:57:50,320] {logging_mixin.py:104} INFO - [2021-07-14 23:57:50,320] {dagbag.py:487} INFO - Filling up the DagBag from /home/airflow/sandbox/lib/python3.8/site-packages/airflow/example_dags/example_short_circuit_operator.py
[2021-07-14 23:57:50,343] {scheduler_job.py:643} INFO - DAG(s) dict_keys(['example_short_circuit_operator']) retrieved from /home/airflow/sandbox/lib/python3.8/site-packages/airflow/example_dags/example_short_circuit_operator.py
[2021-07-14 23:57:50,370] {logging_mixin.py:104} INFO - [2021-07-14 23:57:50,370] {dag.py:1832} INFO - Sync 1 DAGs
[2021-07-14 23:57:50,391] {logging_mixin.py:104} INFO - [2021-07-14 23:57:50,391] {dag.py:2305} INFO - Setting next_dagrun for example_short_circuit_operator to 2021-07-12 00:00:00+00:00
[2021-07-14 23:57:50,408] {scheduler_job.py:190} INFO - Processing /home/airflow/sandbox/lib/python3.8/site-packages/airflow/example_dags/example_short_circuit_operator.py took 0.098 seconds
[2021-07-14 23:58:21,538] {scheduler_job.py:182} INFO - Started process (PID=2389) to work on /home/airflow/sandbox/lib/python3.8/site-packages/airflow/example_dags/example_short_circuit_operator.py
[2021-07-14 23:58:21,539] {scheduler_job.py:633} INFO - Processing file /home/airflow/sandbox/lib/python3.8/site-packages/airflow/example_dags/example_short_circuit_operator.py for tasks to queue
[2021-07-14 23:58:21,539] {logging_mixin.py:104} INFO - [2021-07-14 23:58:21,539] {dagbag.py:487} INFO - Filling up the DagBag from /home/airflow/sandbox/lib/python3.8/site-packages/airflow/example_dags/example_short_circuit_operator.py
[2021-07-14 23:58:21,550] {scheduler_job.py:643} INFO - DAG(s) dict_keys(['example_short_circuit_operator']) retrieved from /home/airflow/sandbox/lib/python3.8/site-packages/airflow/example_dags/example_short_circuit_operator.py
[2021-07-14 23:58:21,564] {logging_mixin.py:104} INFO - [2021-07-14 23:58:21,564] {dag.py:1832} INFO - Sync 1 DAGs
[2021-07-14 23:58:21,576] {logging_mixin.py:104} INFO - [2021-07-14 23:58:21,576] {dag.py:2305} INFO - Setting next_dagrun for example_short_circuit_operator to 2021-07-12 00:00:00+00:00
[2021-07-14 23:58:21,587] {scheduler_job.py:190} INFO - Processing /home/airflow/sandbox/lib/python3.8/site-packages/airflow/example_dags/example_short_circuit_operator.py took 0.053 seconds
[2021-07-14 23:58:52,587] {scheduler_job.py:182} INFO - Started process (PID=2420) to work on /home/airflow/sandbox/lib/python3.8/site-packages/airflow/example_dags/example_short_circuit_operator.py
[2021-07-14 23:58:52,588] {scheduler_job.py:633} INFO - Processing file /home/airflow/sandbox/lib/python3.8/site-packages/airflow/example_dags/example_short_circuit_operator.py for tasks to queue
[2021-07-14 23:58:52,588] {logging_mixin.py:104} INFO - [2021-07-14 23:58:52,588] {dagbag.py:487} INFO - Filling up the DagBag from /home/airflow/sandbox/lib/python3.8/site-packages/airflow/example_dags/example_short_circuit_operator.py
[2021-07-14 23:58:52,597] {scheduler_job.py:643} INFO - DAG(s) dict_keys(['example_short_circuit_operator']) retrieved from /home/airflow/sandbox/lib/python3.8/site-packages/airflow/example_dags/example_short_circuit_operator.py
[2021-07-14 23:58:52,608] {logging_mixin.py:104} INFO - [2021-07-14 23:58:52,608] {dag.py:1832} INFO - Sync 1 DAGs
[2021-07-14 23:58:52,616] {logging_mixin.py:104} INFO - [2021-07-14 23:58:52,616] {dag.py:2305} INFO - Setting next_dagrun for example_short_circuit_operator to 2021-07-12 00:00:00+00:00
[2021-07-14 23:58:52,626] {scheduler_job.py:190} INFO - Processing /home/airflow/sandbox/lib/python3.8/site-packages/airflow/example_dags/example_short_circuit_operator.py took 0.041 seconds
[2021-07-14 23:59:23,434] {scheduler_job.py:182} INFO - Started process (PID=2451) to work on /home/airflow/sandbox/lib/python3.8/site-packages/airflow/example_dags/example_short_circuit_operator.py
[2021-07-14 23:59:23,434] {scheduler_job.py:633} INFO - Processing file /home/airflow/sandbox/lib/python3.8/site-packages/airflow/example_dags/example_short_circuit_operator.py for tasks to queue
[2021-07-14 23:59:23,435] {logging_mixin.py:104} INFO - [2021-07-14 23:59:23,435] {dagbag.py:487} INFO - Filling up the DagBag from /home/airflow/sandbox/lib/python3.8/site-packages/airflow/example_dags/example_short_circuit_operator.py
[2021-07-14 23:59:23,445] {scheduler_job.py:643} INFO - DAG(s) dict_keys(['example_short_circuit_operator']) retrieved from /home/airflow/sandbox/lib/python3.8/site-packages/airflow/example_dags/example_short_circuit_operator.py
[2021-07-14 23:59:23,456] {logging_mixin.py:104} INFO - [2021-07-14 23:59:23,456] {dag.py:1832} INFO - Sync 1 DAGs
[2021-07-14 23:59:23,465] {logging_mixin.py:104} INFO - [2021-07-14 23:59:23,465] {dag.py:2305} INFO - Setting next_dagrun for example_short_circuit_operator to 2021-07-12 00:00:00+00:00
[2021-07-14 23:59:23,482] {scheduler_job.py:190} INFO - Processing /home/airflow/sandbox/lib/python3.8/site-packages/airflow/example_dags/example_short_circuit_operator.py took 0.051 seconds
[2021-07-14 23:59:54,272] {scheduler_job.py:182} INFO - Started process (PID=2483) to work on /home/airflow/sandbox/lib/python3.8/site-packages/airflow/example_dags/example_short_circuit_operator.py
[2021-07-14 23:59:54,273] {scheduler_job.py:633} INFO - Processing file /home/airflow/sandbox/lib/python3.8/site-packages/airflow/example_dags/example_short_circuit_operator.py for tasks to queue
[2021-07-14 23:59:54,274] {logging_mixin.py:104} INFO - [2021-07-14 23:59:54,274] {dagbag.py:487} INFO - Filling up the DagBag from /home/airflow/sandbox/lib/python3.8/site-packages/airflow/example_dags/example_short_circuit_operator.py
[2021-07-14 23:59:54,283] {scheduler_job.py:643} INFO - DAG(s) dict_keys(['example_short_circuit_operator']) retrieved from /home/airflow/sandbox/lib/python3.8/site-packages/airflow/example_dags/example_short_circuit_operator.py
[2021-07-14 23:59:54,293] {logging_mixin.py:104} INFO - [2021-07-14 23:59:54,293] {dag.py:1832} INFO - Sync 1 DAGs
[2021-07-14 23:59:54,306] {logging_mixin.py:104} INFO - [2021-07-14 23:59:54,305] {dag.py:2305} INFO - Setting next_dagrun for example_short_circuit_operator to 2021-07-12 00:00:00+00:00
[2021-07-14 23:59:54,317] {scheduler_job.py:190} INFO - Processing /home/airflow/sandbox/lib/python3.8/site-packages/airflow/example_dags/example_short_circuit_operator.py took 0.047 seconds
