[2021-07-14 23:03:03,691] {scheduler_job.py:182} INFO - Started process (PID=1590) to work on /home/airflow/sandbox/lib/python3.8/site-packages/airflow/example_dags/example_branch_operator.py
[2021-07-14 23:03:03,694] {scheduler_job.py:633} INFO - Processing file /home/airflow/sandbox/lib/python3.8/site-packages/airflow/example_dags/example_branch_operator.py for tasks to queue
[2021-07-14 23:03:03,698] {logging_mixin.py:104} INFO - [2021-07-14 23:03:03,696] {dagbag.py:487} INFO - Filling up the DagBag from /home/airflow/sandbox/lib/python3.8/site-packages/airflow/example_dags/example_branch_operator.py
[2021-07-14 23:03:03,724] {scheduler_job.py:643} INFO - DAG(s) dict_keys(['example_branch_operator']) retrieved from /home/airflow/sandbox/lib/python3.8/site-packages/airflow/example_dags/example_branch_operator.py
[2021-07-14 23:03:03,752] {logging_mixin.py:104} INFO - [2021-07-14 23:03:03,751] {dag.py:1832} INFO - Sync 1 DAGs
[2021-07-14 23:03:03,774] {logging_mixin.py:104} INFO - [2021-07-14 23:03:03,774] {dag.py:2305} INFO - Setting next_dagrun for example_branch_operator to 2021-07-12 00:00:00+00:00
[2021-07-14 23:03:03,803] {scheduler_job.py:190} INFO - Processing /home/airflow/sandbox/lib/python3.8/site-packages/airflow/example_dags/example_branch_operator.py took 0.116 seconds
[2021-07-14 23:03:40,327] {scheduler_job.py:182} INFO - Started process (PID=1635) to work on /home/airflow/sandbox/lib/python3.8/site-packages/airflow/example_dags/example_branch_operator.py
[2021-07-14 23:03:40,329] {scheduler_job.py:633} INFO - Processing file /home/airflow/sandbox/lib/python3.8/site-packages/airflow/example_dags/example_branch_operator.py for tasks to queue
[2021-07-14 23:03:40,329] {logging_mixin.py:104} INFO - [2021-07-14 23:03:40,329] {dagbag.py:487} INFO - Filling up the DagBag from /home/airflow/sandbox/lib/python3.8/site-packages/airflow/example_dags/example_branch_operator.py
[2021-07-14 23:03:40,360] {scheduler_job.py:643} INFO - DAG(s) dict_keys(['example_branch_operator']) retrieved from /home/airflow/sandbox/lib/python3.8/site-packages/airflow/example_dags/example_branch_operator.py
[2021-07-14 23:03:40,390] {logging_mixin.py:104} INFO - [2021-07-14 23:03:40,389] {dag.py:1832} INFO - Sync 1 DAGs
[2021-07-14 23:03:40,419] {logging_mixin.py:104} INFO - [2021-07-14 23:03:40,419] {dag.py:2305} INFO - Setting next_dagrun for example_branch_operator to 2021-07-12 00:00:00+00:00
[2021-07-14 23:03:40,447] {scheduler_job.py:190} INFO - Processing /home/airflow/sandbox/lib/python3.8/site-packages/airflow/example_dags/example_branch_operator.py took 0.124 seconds
[2021-07-14 23:04:17,623] {scheduler_job.py:182} INFO - Started process (PID=1676) to work on /home/airflow/sandbox/lib/python3.8/site-packages/airflow/example_dags/example_branch_operator.py
[2021-07-14 23:04:17,625] {scheduler_job.py:633} INFO - Processing file /home/airflow/sandbox/lib/python3.8/site-packages/airflow/example_dags/example_branch_operator.py for tasks to queue
[2021-07-14 23:04:17,626] {logging_mixin.py:104} INFO - [2021-07-14 23:04:17,626] {dagbag.py:487} INFO - Filling up the DagBag from /home/airflow/sandbox/lib/python3.8/site-packages/airflow/example_dags/example_branch_operator.py
[2021-07-14 23:04:17,646] {scheduler_job.py:643} INFO - DAG(s) dict_keys(['example_branch_operator']) retrieved from /home/airflow/sandbox/lib/python3.8/site-packages/airflow/example_dags/example_branch_operator.py
[2021-07-14 23:04:17,667] {logging_mixin.py:104} INFO - [2021-07-14 23:04:17,666] {dag.py:1832} INFO - Sync 1 DAGs
[2021-07-14 23:04:17,685] {logging_mixin.py:104} INFO - [2021-07-14 23:04:17,684] {dag.py:2305} INFO - Setting next_dagrun for example_branch_operator to 2021-07-12 00:00:00+00:00
[2021-07-14 23:04:17,711] {scheduler_job.py:190} INFO - Processing /home/airflow/sandbox/lib/python3.8/site-packages/airflow/example_dags/example_branch_operator.py took 0.092 seconds
[2021-07-14 23:04:44,101] {scheduler_job.py:182} INFO - Started process (PID=1716) to work on /home/airflow/sandbox/lib/python3.8/site-packages/airflow/example_dags/example_branch_operator.py
[2021-07-14 23:04:44,104] {scheduler_job.py:633} INFO - Processing file /home/airflow/sandbox/lib/python3.8/site-packages/airflow/example_dags/example_branch_operator.py for tasks to queue
[2021-07-14 23:04:44,105] {logging_mixin.py:104} INFO - [2021-07-14 23:04:44,105] {dagbag.py:487} INFO - Filling up the DagBag from /home/airflow/sandbox/lib/python3.8/site-packages/airflow/example_dags/example_branch_operator.py
[2021-07-14 23:04:44,131] {scheduler_job.py:643} INFO - DAG(s) dict_keys(['example_branch_operator']) retrieved from /home/airflow/sandbox/lib/python3.8/site-packages/airflow/example_dags/example_branch_operator.py
[2021-07-14 23:04:44,159] {logging_mixin.py:104} INFO - [2021-07-14 23:04:44,159] {dag.py:1832} INFO - Sync 1 DAGs
[2021-07-14 23:04:44,188] {logging_mixin.py:104} INFO - [2021-07-14 23:04:44,188] {dag.py:2305} INFO - Setting next_dagrun for example_branch_operator to 2021-07-12 00:00:00+00:00
[2021-07-14 23:04:44,217] {scheduler_job.py:190} INFO - Processing /home/airflow/sandbox/lib/python3.8/site-packages/airflow/example_dags/example_branch_operator.py took 0.121 seconds
[2021-07-14 23:05:03,894] {scheduler_job.py:182} INFO - Started process (PID=1749) to work on /home/airflow/sandbox/lib/python3.8/site-packages/airflow/example_dags/example_branch_operator.py
[2021-07-14 23:05:03,907] {scheduler_job.py:633} INFO - Processing file /home/airflow/sandbox/lib/python3.8/site-packages/airflow/example_dags/example_branch_operator.py for tasks to queue
[2021-07-14 23:05:03,917] {logging_mixin.py:104} INFO - [2021-07-14 23:05:03,916] {dagbag.py:487} INFO - Filling up the DagBag from /home/airflow/sandbox/lib/python3.8/site-packages/airflow/example_dags/example_branch_operator.py
[2021-07-14 23:05:04,092] {scheduler_job.py:643} INFO - DAG(s) dict_keys(['example_branch_operator']) retrieved from /home/airflow/sandbox/lib/python3.8/site-packages/airflow/example_dags/example_branch_operator.py
[2021-07-14 23:05:04,211] {logging_mixin.py:104} INFO - [2021-07-14 23:05:04,211] {dag.py:1832} INFO - Sync 1 DAGs
[2021-07-14 23:05:04,347] {logging_mixin.py:104} INFO - [2021-07-14 23:05:04,347] {dag.py:2305} INFO - Setting next_dagrun for example_branch_operator to 2021-07-12 00:00:00+00:00
[2021-07-14 23:05:04,418] {scheduler_job.py:190} INFO - Processing /home/airflow/sandbox/lib/python3.8/site-packages/airflow/example_dags/example_branch_operator.py took 0.543 seconds
[2021-07-14 23:05:27,972] {scheduler_job.py:182} INFO - Started process (PID=1779) to work on /home/airflow/sandbox/lib/python3.8/site-packages/airflow/example_dags/example_branch_operator.py
[2021-07-14 23:05:27,973] {scheduler_job.py:633} INFO - Processing file /home/airflow/sandbox/lib/python3.8/site-packages/airflow/example_dags/example_branch_operator.py for tasks to queue
[2021-07-14 23:05:27,974] {logging_mixin.py:104} INFO - [2021-07-14 23:05:27,973] {dagbag.py:487} INFO - Filling up the DagBag from /home/airflow/sandbox/lib/python3.8/site-packages/airflow/example_dags/example_branch_operator.py
[2021-07-14 23:05:28,007] {scheduler_job.py:643} INFO - DAG(s) dict_keys(['example_branch_operator']) retrieved from /home/airflow/sandbox/lib/python3.8/site-packages/airflow/example_dags/example_branch_operator.py
[2021-07-14 23:05:28,032] {logging_mixin.py:104} INFO - [2021-07-14 23:05:28,032] {dag.py:1832} INFO - Sync 1 DAGs
[2021-07-14 23:05:28,056] {logging_mixin.py:104} INFO - [2021-07-14 23:05:28,056] {dag.py:2305} INFO - Setting next_dagrun for example_branch_operator to 2021-07-12 00:00:00+00:00
[2021-07-14 23:05:28,079] {scheduler_job.py:190} INFO - Processing /home/airflow/sandbox/lib/python3.8/site-packages/airflow/example_dags/example_branch_operator.py took 0.120 seconds
[2021-07-14 23:05:48,882] {scheduler_job.py:182} INFO - Started process (PID=1817) to work on /home/airflow/sandbox/lib/python3.8/site-packages/airflow/example_dags/example_branch_operator.py
[2021-07-14 23:05:48,883] {scheduler_job.py:633} INFO - Processing file /home/airflow/sandbox/lib/python3.8/site-packages/airflow/example_dags/example_branch_operator.py for tasks to queue
[2021-07-14 23:05:48,884] {logging_mixin.py:104} INFO - [2021-07-14 23:05:48,884] {dagbag.py:487} INFO - Filling up the DagBag from /home/airflow/sandbox/lib/python3.8/site-packages/airflow/example_dags/example_branch_operator.py
[2021-07-14 23:05:48,902] {scheduler_job.py:643} INFO - DAG(s) dict_keys(['example_branch_operator']) retrieved from /home/airflow/sandbox/lib/python3.8/site-packages/airflow/example_dags/example_branch_operator.py
[2021-07-14 23:05:48,916] {logging_mixin.py:104} INFO - [2021-07-14 23:05:48,916] {dag.py:1832} INFO - Sync 1 DAGs
[2021-07-14 23:05:48,929] {logging_mixin.py:104} INFO - [2021-07-14 23:05:48,928] {dag.py:2305} INFO - Setting next_dagrun for example_branch_operator to 2021-07-12 00:00:00+00:00
[2021-07-14 23:05:48,943] {scheduler_job.py:190} INFO - Processing /home/airflow/sandbox/lib/python3.8/site-packages/airflow/example_dags/example_branch_operator.py took 0.064 seconds
[2021-07-14 23:06:01,072] {scheduler_job.py:182} INFO - Started process (PID=1839) to work on /home/airflow/sandbox/lib/python3.8/site-packages/airflow/example_dags/example_branch_operator.py
[2021-07-14 23:06:01,073] {scheduler_job.py:633} INFO - Processing file /home/airflow/sandbox/lib/python3.8/site-packages/airflow/example_dags/example_branch_operator.py for tasks to queue
[2021-07-14 23:06:01,074] {logging_mixin.py:104} INFO - [2021-07-14 23:06:01,074] {dagbag.py:487} INFO - Filling up the DagBag from /home/airflow/sandbox/lib/python3.8/site-packages/airflow/example_dags/example_branch_operator.py
[2021-07-14 23:06:01,090] {scheduler_job.py:643} INFO - DAG(s) dict_keys(['example_branch_operator']) retrieved from /home/airflow/sandbox/lib/python3.8/site-packages/airflow/example_dags/example_branch_operator.py
[2021-07-14 23:06:01,104] {logging_mixin.py:104} INFO - [2021-07-14 23:06:01,104] {dag.py:1832} INFO - Sync 1 DAGs
[2021-07-14 23:06:01,129] {logging_mixin.py:104} INFO - [2021-07-14 23:06:01,129] {dag.py:2305} INFO - Setting next_dagrun for example_branch_operator to 2021-07-12 00:00:00+00:00
[2021-07-14 23:06:01,140] {scheduler_job.py:190} INFO - Processing /home/airflow/sandbox/lib/python3.8/site-packages/airflow/example_dags/example_branch_operator.py took 0.070 seconds
[2021-07-14 23:06:21,999] {scheduler_job.py:182} INFO - Started process (PID=1879) to work on /home/airflow/sandbox/lib/python3.8/site-packages/airflow/example_dags/example_branch_operator.py
[2021-07-14 23:06:22,000] {scheduler_job.py:633} INFO - Processing file /home/airflow/sandbox/lib/python3.8/site-packages/airflow/example_dags/example_branch_operator.py for tasks to queue
[2021-07-14 23:06:22,001] {logging_mixin.py:104} INFO - [2021-07-14 23:06:22,001] {dagbag.py:487} INFO - Filling up the DagBag from /home/airflow/sandbox/lib/python3.8/site-packages/airflow/example_dags/example_branch_operator.py
[2021-07-14 23:06:22,015] {scheduler_job.py:643} INFO - DAG(s) dict_keys(['example_branch_operator']) retrieved from /home/airflow/sandbox/lib/python3.8/site-packages/airflow/example_dags/example_branch_operator.py
[2021-07-14 23:06:22,034] {logging_mixin.py:104} INFO - [2021-07-14 23:06:22,034] {dag.py:1832} INFO - Sync 1 DAGs
[2021-07-14 23:06:22,050] {logging_mixin.py:104} INFO - [2021-07-14 23:06:22,050] {dag.py:2305} INFO - Setting next_dagrun for example_branch_operator to 2021-07-12 00:00:00+00:00
[2021-07-14 23:06:22,072] {scheduler_job.py:190} INFO - Processing /home/airflow/sandbox/lib/python3.8/site-packages/airflow/example_dags/example_branch_operator.py took 0.076 seconds
[2021-07-14 23:06:36,626] {scheduler_job.py:182} INFO - Started process (PID=1902) to work on /home/airflow/sandbox/lib/python3.8/site-packages/airflow/example_dags/example_branch_operator.py
[2021-07-14 23:06:36,627] {scheduler_job.py:633} INFO - Processing file /home/airflow/sandbox/lib/python3.8/site-packages/airflow/example_dags/example_branch_operator.py for tasks to queue
[2021-07-14 23:06:36,628] {logging_mixin.py:104} INFO - [2021-07-14 23:06:36,628] {dagbag.py:487} INFO - Filling up the DagBag from /home/airflow/sandbox/lib/python3.8/site-packages/airflow/example_dags/example_branch_operator.py
[2021-07-14 23:06:36,644] {scheduler_job.py:643} INFO - DAG(s) dict_keys(['example_branch_operator']) retrieved from /home/airflow/sandbox/lib/python3.8/site-packages/airflow/example_dags/example_branch_operator.py
[2021-07-14 23:06:36,660] {logging_mixin.py:104} INFO - [2021-07-14 23:06:36,660] {dag.py:1832} INFO - Sync 1 DAGs
[2021-07-14 23:06:36,673] {logging_mixin.py:104} INFO - [2021-07-14 23:06:36,673] {dag.py:2305} INFO - Setting next_dagrun for example_branch_operator to 2021-07-12 00:00:00+00:00
[2021-07-14 23:06:36,693] {scheduler_job.py:190} INFO - Processing /home/airflow/sandbox/lib/python3.8/site-packages/airflow/example_dags/example_branch_operator.py took 0.070 seconds
[2021-07-14 23:07:06,179] {scheduler_job.py:182} INFO - Started process (PID=1949) to work on /home/airflow/sandbox/lib/python3.8/site-packages/airflow/example_dags/example_branch_operator.py
[2021-07-14 23:07:06,180] {scheduler_job.py:633} INFO - Processing file /home/airflow/sandbox/lib/python3.8/site-packages/airflow/example_dags/example_branch_operator.py for tasks to queue
[2021-07-14 23:07:06,181] {logging_mixin.py:104} INFO - [2021-07-14 23:07:06,181] {dagbag.py:487} INFO - Filling up the DagBag from /home/airflow/sandbox/lib/python3.8/site-packages/airflow/example_dags/example_branch_operator.py
[2021-07-14 23:07:06,195] {scheduler_job.py:643} INFO - DAG(s) dict_keys(['example_branch_operator']) retrieved from /home/airflow/sandbox/lib/python3.8/site-packages/airflow/example_dags/example_branch_operator.py
[2021-07-14 23:07:06,212] {logging_mixin.py:104} INFO - [2021-07-14 23:07:06,212] {dag.py:1832} INFO - Sync 1 DAGs
[2021-07-14 23:07:06,229] {logging_mixin.py:104} INFO - [2021-07-14 23:07:06,229] {dag.py:2305} INFO - Setting next_dagrun for example_branch_operator to 2021-07-12 00:00:00+00:00
[2021-07-14 23:07:06,243] {scheduler_job.py:190} INFO - Processing /home/airflow/sandbox/lib/python3.8/site-packages/airflow/example_dags/example_branch_operator.py took 0.068 seconds
[2021-07-14 23:07:14,878] {scheduler_job.py:182} INFO - Started process (PID=1966) to work on /home/airflow/sandbox/lib/python3.8/site-packages/airflow/example_dags/example_branch_operator.py
[2021-07-14 23:07:14,884] {scheduler_job.py:633} INFO - Processing file /home/airflow/sandbox/lib/python3.8/site-packages/airflow/example_dags/example_branch_operator.py for tasks to queue
[2021-07-14 23:07:14,885] {logging_mixin.py:104} INFO - [2021-07-14 23:07:14,885] {dagbag.py:487} INFO - Filling up the DagBag from /home/airflow/sandbox/lib/python3.8/site-packages/airflow/example_dags/example_branch_operator.py
[2021-07-14 23:07:14,942] {scheduler_job.py:643} INFO - DAG(s) dict_keys(['example_branch_operator']) retrieved from /home/airflow/sandbox/lib/python3.8/site-packages/airflow/example_dags/example_branch_operator.py
[2021-07-14 23:07:14,993] {logging_mixin.py:104} INFO - [2021-07-14 23:07:14,993] {dag.py:1832} INFO - Sync 1 DAGs
[2021-07-14 23:07:15,044] {logging_mixin.py:104} INFO - [2021-07-14 23:07:15,044] {dag.py:2305} INFO - Setting next_dagrun for example_branch_operator to 2021-07-12 00:00:00+00:00
[2021-07-14 23:07:15,081] {scheduler_job.py:190} INFO - Processing /home/airflow/sandbox/lib/python3.8/site-packages/airflow/example_dags/example_branch_operator.py took 0.212 seconds
[2021-07-14 23:07:39,768] {scheduler_job.py:182} INFO - Started process (PID=2016) to work on /home/airflow/sandbox/lib/python3.8/site-packages/airflow/example_dags/example_branch_operator.py
[2021-07-14 23:07:39,769] {scheduler_job.py:633} INFO - Processing file /home/airflow/sandbox/lib/python3.8/site-packages/airflow/example_dags/example_branch_operator.py for tasks to queue
[2021-07-14 23:07:39,770] {logging_mixin.py:104} INFO - [2021-07-14 23:07:39,769] {dagbag.py:487} INFO - Filling up the DagBag from /home/airflow/sandbox/lib/python3.8/site-packages/airflow/example_dags/example_branch_operator.py
[2021-07-14 23:07:39,780] {scheduler_job.py:643} INFO - DAG(s) dict_keys(['example_branch_operator']) retrieved from /home/airflow/sandbox/lib/python3.8/site-packages/airflow/example_dags/example_branch_operator.py
[2021-07-14 23:07:39,795] {logging_mixin.py:104} INFO - [2021-07-14 23:07:39,795] {dag.py:1832} INFO - Sync 1 DAGs
[2021-07-14 23:07:39,809] {logging_mixin.py:104} INFO - [2021-07-14 23:07:39,809] {dag.py:2305} INFO - Setting next_dagrun for example_branch_operator to 2021-07-12 00:00:00+00:00
[2021-07-14 23:07:39,821] {scheduler_job.py:190} INFO - Processing /home/airflow/sandbox/lib/python3.8/site-packages/airflow/example_dags/example_branch_operator.py took 0.057 seconds
[2021-07-14 23:07:47,617] {scheduler_job.py:182} INFO - Started process (PID=2031) to work on /home/airflow/sandbox/lib/python3.8/site-packages/airflow/example_dags/example_branch_operator.py
[2021-07-14 23:07:47,618] {scheduler_job.py:633} INFO - Processing file /home/airflow/sandbox/lib/python3.8/site-packages/airflow/example_dags/example_branch_operator.py for tasks to queue
[2021-07-14 23:07:47,619] {logging_mixin.py:104} INFO - [2021-07-14 23:07:47,619] {dagbag.py:487} INFO - Filling up the DagBag from /home/airflow/sandbox/lib/python3.8/site-packages/airflow/example_dags/example_branch_operator.py
[2021-07-14 23:07:47,629] {scheduler_job.py:643} INFO - DAG(s) dict_keys(['example_branch_operator']) retrieved from /home/airflow/sandbox/lib/python3.8/site-packages/airflow/example_dags/example_branch_operator.py
[2021-07-14 23:07:47,641] {logging_mixin.py:104} INFO - [2021-07-14 23:07:47,641] {dag.py:1832} INFO - Sync 1 DAGs
[2021-07-14 23:07:47,652] {logging_mixin.py:104} INFO - [2021-07-14 23:07:47,652] {dag.py:2305} INFO - Setting next_dagrun for example_branch_operator to 2021-07-12 00:00:00+00:00
[2021-07-14 23:07:47,662] {scheduler_job.py:190} INFO - Processing /home/airflow/sandbox/lib/python3.8/site-packages/airflow/example_dags/example_branch_operator.py took 0.047 seconds
[2021-07-14 23:08:12,458] {scheduler_job.py:182} INFO - Started process (PID=2079) to work on /home/airflow/sandbox/lib/python3.8/site-packages/airflow/example_dags/example_branch_operator.py
[2021-07-14 23:08:12,458] {scheduler_job.py:633} INFO - Processing file /home/airflow/sandbox/lib/python3.8/site-packages/airflow/example_dags/example_branch_operator.py for tasks to queue
[2021-07-14 23:08:12,459] {logging_mixin.py:104} INFO - [2021-07-14 23:08:12,459] {dagbag.py:487} INFO - Filling up the DagBag from /home/airflow/sandbox/lib/python3.8/site-packages/airflow/example_dags/example_branch_operator.py
[2021-07-14 23:08:12,469] {scheduler_job.py:643} INFO - DAG(s) dict_keys(['example_branch_operator']) retrieved from /home/airflow/sandbox/lib/python3.8/site-packages/airflow/example_dags/example_branch_operator.py
[2021-07-14 23:08:12,481] {logging_mixin.py:104} INFO - [2021-07-14 23:08:12,481] {dag.py:1832} INFO - Sync 1 DAGs
[2021-07-14 23:08:12,494] {logging_mixin.py:104} INFO - [2021-07-14 23:08:12,493] {dag.py:2305} INFO - Setting next_dagrun for example_branch_operator to 2021-07-12 00:00:00+00:00
[2021-07-14 23:08:12,512] {scheduler_job.py:190} INFO - Processing /home/airflow/sandbox/lib/python3.8/site-packages/airflow/example_dags/example_branch_operator.py took 0.057 seconds
[2021-07-14 23:08:19,701] {scheduler_job.py:182} INFO - Started process (PID=2094) to work on /home/airflow/sandbox/lib/python3.8/site-packages/airflow/example_dags/example_branch_operator.py
[2021-07-14 23:08:19,702] {scheduler_job.py:633} INFO - Processing file /home/airflow/sandbox/lib/python3.8/site-packages/airflow/example_dags/example_branch_operator.py for tasks to queue
[2021-07-14 23:08:19,702] {logging_mixin.py:104} INFO - [2021-07-14 23:08:19,702] {dagbag.py:487} INFO - Filling up the DagBag from /home/airflow/sandbox/lib/python3.8/site-packages/airflow/example_dags/example_branch_operator.py
[2021-07-14 23:08:19,729] {scheduler_job.py:643} INFO - DAG(s) dict_keys(['example_branch_operator']) retrieved from /home/airflow/sandbox/lib/python3.8/site-packages/airflow/example_dags/example_branch_operator.py
[2021-07-14 23:08:19,751] {logging_mixin.py:104} INFO - [2021-07-14 23:08:19,751] {dag.py:1832} INFO - Sync 1 DAGs
[2021-07-14 23:08:19,781] {logging_mixin.py:104} INFO - [2021-07-14 23:08:19,781] {dag.py:2305} INFO - Setting next_dagrun for example_branch_operator to 2021-07-12 00:00:00+00:00
[2021-07-14 23:08:19,799] {scheduler_job.py:190} INFO - Processing /home/airflow/sandbox/lib/python3.8/site-packages/airflow/example_dags/example_branch_operator.py took 0.101 seconds
[2021-07-14 23:08:44,188] {scheduler_job.py:182} INFO - Started process (PID=2141) to work on /home/airflow/sandbox/lib/python3.8/site-packages/airflow/example_dags/example_branch_operator.py
[2021-07-14 23:08:44,189] {scheduler_job.py:633} INFO - Processing file /home/airflow/sandbox/lib/python3.8/site-packages/airflow/example_dags/example_branch_operator.py for tasks to queue
[2021-07-14 23:08:44,190] {logging_mixin.py:104} INFO - [2021-07-14 23:08:44,190] {dagbag.py:487} INFO - Filling up the DagBag from /home/airflow/sandbox/lib/python3.8/site-packages/airflow/example_dags/example_branch_operator.py
[2021-07-14 23:08:44,202] {scheduler_job.py:643} INFO - DAG(s) dict_keys(['example_branch_operator']) retrieved from /home/airflow/sandbox/lib/python3.8/site-packages/airflow/example_dags/example_branch_operator.py
[2021-07-14 23:08:44,217] {logging_mixin.py:104} INFO - [2021-07-14 23:08:44,217] {dag.py:1832} INFO - Sync 1 DAGs
[2021-07-14 23:08:44,229] {logging_mixin.py:104} INFO - [2021-07-14 23:08:44,229] {dag.py:2305} INFO - Setting next_dagrun for example_branch_operator to 2021-07-12 00:00:00+00:00
[2021-07-14 23:08:44,240] {scheduler_job.py:190} INFO - Processing /home/airflow/sandbox/lib/python3.8/site-packages/airflow/example_dags/example_branch_operator.py took 0.054 seconds
[2021-07-14 23:08:53,208] {scheduler_job.py:182} INFO - Started process (PID=2157) to work on /home/airflow/sandbox/lib/python3.8/site-packages/airflow/example_dags/example_branch_operator.py
[2021-07-14 23:08:53,209] {scheduler_job.py:633} INFO - Processing file /home/airflow/sandbox/lib/python3.8/site-packages/airflow/example_dags/example_branch_operator.py for tasks to queue
[2021-07-14 23:08:53,209] {logging_mixin.py:104} INFO - [2021-07-14 23:08:53,209] {dagbag.py:487} INFO - Filling up the DagBag from /home/airflow/sandbox/lib/python3.8/site-packages/airflow/example_dags/example_branch_operator.py
[2021-07-14 23:08:53,226] {scheduler_job.py:643} INFO - DAG(s) dict_keys(['example_branch_operator']) retrieved from /home/airflow/sandbox/lib/python3.8/site-packages/airflow/example_dags/example_branch_operator.py
[2021-07-14 23:08:53,240] {logging_mixin.py:104} INFO - [2021-07-14 23:08:53,239] {dag.py:1832} INFO - Sync 1 DAGs
[2021-07-14 23:08:53,252] {logging_mixin.py:104} INFO - [2021-07-14 23:08:53,251] {dag.py:2305} INFO - Setting next_dagrun for example_branch_operator to 2021-07-12 00:00:00+00:00
[2021-07-14 23:08:53,264] {scheduler_job.py:190} INFO - Processing /home/airflow/sandbox/lib/python3.8/site-packages/airflow/example_dags/example_branch_operator.py took 0.059 seconds
[2021-07-14 23:09:16,578] {scheduler_job.py:182} INFO - Started process (PID=2204) to work on /home/airflow/sandbox/lib/python3.8/site-packages/airflow/example_dags/example_branch_operator.py
[2021-07-14 23:09:16,579] {scheduler_job.py:633} INFO - Processing file /home/airflow/sandbox/lib/python3.8/site-packages/airflow/example_dags/example_branch_operator.py for tasks to queue
[2021-07-14 23:09:16,579] {logging_mixin.py:104} INFO - [2021-07-14 23:09:16,579] {dagbag.py:487} INFO - Filling up the DagBag from /home/airflow/sandbox/lib/python3.8/site-packages/airflow/example_dags/example_branch_operator.py
[2021-07-14 23:09:16,596] {scheduler_job.py:643} INFO - DAG(s) dict_keys(['example_branch_operator']) retrieved from /home/airflow/sandbox/lib/python3.8/site-packages/airflow/example_dags/example_branch_operator.py
[2021-07-14 23:09:16,610] {logging_mixin.py:104} INFO - [2021-07-14 23:09:16,610] {dag.py:1832} INFO - Sync 1 DAGs
[2021-07-14 23:09:16,621] {logging_mixin.py:104} INFO - [2021-07-14 23:09:16,621] {dag.py:2305} INFO - Setting next_dagrun for example_branch_operator to 2021-07-12 00:00:00+00:00
[2021-07-14 23:09:16,637] {scheduler_job.py:190} INFO - Processing /home/airflow/sandbox/lib/python3.8/site-packages/airflow/example_dags/example_branch_operator.py took 0.063 seconds
[2021-07-14 23:09:24,063] {scheduler_job.py:182} INFO - Started process (PID=2218) to work on /home/airflow/sandbox/lib/python3.8/site-packages/airflow/example_dags/example_branch_operator.py
[2021-07-14 23:09:24,064] {scheduler_job.py:633} INFO - Processing file /home/airflow/sandbox/lib/python3.8/site-packages/airflow/example_dags/example_branch_operator.py for tasks to queue
[2021-07-14 23:09:24,065] {logging_mixin.py:104} INFO - [2021-07-14 23:09:24,065] {dagbag.py:487} INFO - Filling up the DagBag from /home/airflow/sandbox/lib/python3.8/site-packages/airflow/example_dags/example_branch_operator.py
[2021-07-14 23:09:24,076] {scheduler_job.py:643} INFO - DAG(s) dict_keys(['example_branch_operator']) retrieved from /home/airflow/sandbox/lib/python3.8/site-packages/airflow/example_dags/example_branch_operator.py
[2021-07-14 23:09:24,088] {logging_mixin.py:104} INFO - [2021-07-14 23:09:24,088] {dag.py:1832} INFO - Sync 1 DAGs
[2021-07-14 23:09:24,100] {logging_mixin.py:104} INFO - [2021-07-14 23:09:24,100] {dag.py:2305} INFO - Setting next_dagrun for example_branch_operator to 2021-07-12 00:00:00+00:00
[2021-07-14 23:09:24,120] {scheduler_job.py:190} INFO - Processing /home/airflow/sandbox/lib/python3.8/site-packages/airflow/example_dags/example_branch_operator.py took 0.059 seconds
[2021-07-14 23:09:49,545] {scheduler_job.py:182} INFO - Started process (PID=2268) to work on /home/airflow/sandbox/lib/python3.8/site-packages/airflow/example_dags/example_branch_operator.py
[2021-07-14 23:09:49,546] {scheduler_job.py:633} INFO - Processing file /home/airflow/sandbox/lib/python3.8/site-packages/airflow/example_dags/example_branch_operator.py for tasks to queue
[2021-07-14 23:09:49,546] {logging_mixin.py:104} INFO - [2021-07-14 23:09:49,546] {dagbag.py:487} INFO - Filling up the DagBag from /home/airflow/sandbox/lib/python3.8/site-packages/airflow/example_dags/example_branch_operator.py
[2021-07-14 23:09:49,578] {scheduler_job.py:643} INFO - DAG(s) dict_keys(['example_branch_operator']) retrieved from /home/airflow/sandbox/lib/python3.8/site-packages/airflow/example_dags/example_branch_operator.py
[2021-07-14 23:09:49,602] {logging_mixin.py:104} INFO - [2021-07-14 23:09:49,602] {dag.py:1832} INFO - Sync 1 DAGs
[2021-07-14 23:09:49,615] {logging_mixin.py:104} INFO - [2021-07-14 23:09:49,615] {dag.py:2305} INFO - Setting next_dagrun for example_branch_operator to 2021-07-12 00:00:00+00:00
[2021-07-14 23:09:49,626] {scheduler_job.py:190} INFO - Processing /home/airflow/sandbox/lib/python3.8/site-packages/airflow/example_dags/example_branch_operator.py took 0.083 seconds
[2021-07-14 23:09:56,195] {scheduler_job.py:182} INFO - Started process (PID=2281) to work on /home/airflow/sandbox/lib/python3.8/site-packages/airflow/example_dags/example_branch_operator.py
[2021-07-14 23:09:56,200] {scheduler_job.py:633} INFO - Processing file /home/airflow/sandbox/lib/python3.8/site-packages/airflow/example_dags/example_branch_operator.py for tasks to queue
[2021-07-14 23:09:56,200] {logging_mixin.py:104} INFO - [2021-07-14 23:09:56,200] {dagbag.py:487} INFO - Filling up the DagBag from /home/airflow/sandbox/lib/python3.8/site-packages/airflow/example_dags/example_branch_operator.py
[2021-07-14 23:09:56,236] {scheduler_job.py:643} INFO - DAG(s) dict_keys(['example_branch_operator']) retrieved from /home/airflow/sandbox/lib/python3.8/site-packages/airflow/example_dags/example_branch_operator.py
[2021-07-14 23:09:56,270] {logging_mixin.py:104} INFO - [2021-07-14 23:09:56,270] {dag.py:1832} INFO - Sync 1 DAGs
[2021-07-14 23:09:56,300] {logging_mixin.py:104} INFO - [2021-07-14 23:09:56,299] {dag.py:2305} INFO - Setting next_dagrun for example_branch_operator to 2021-07-12 00:00:00+00:00
[2021-07-14 23:09:56,319] {scheduler_job.py:190} INFO - Processing /home/airflow/sandbox/lib/python3.8/site-packages/airflow/example_dags/example_branch_operator.py took 0.132 seconds
[2021-07-14 23:10:23,819] {scheduler_job.py:182} INFO - Started process (PID=2333) to work on /home/airflow/sandbox/lib/python3.8/site-packages/airflow/example_dags/example_branch_operator.py
[2021-07-14 23:10:23,824] {scheduler_job.py:633} INFO - Processing file /home/airflow/sandbox/lib/python3.8/site-packages/airflow/example_dags/example_branch_operator.py for tasks to queue
[2021-07-14 23:10:23,825] {logging_mixin.py:104} INFO - [2021-07-14 23:10:23,824] {dagbag.py:487} INFO - Filling up the DagBag from /home/airflow/sandbox/lib/python3.8/site-packages/airflow/example_dags/example_branch_operator.py
[2021-07-14 23:10:23,860] {scheduler_job.py:643} INFO - DAG(s) dict_keys(['example_branch_operator']) retrieved from /home/airflow/sandbox/lib/python3.8/site-packages/airflow/example_dags/example_branch_operator.py
[2021-07-14 23:10:23,895] {logging_mixin.py:104} INFO - [2021-07-14 23:10:23,895] {dag.py:1832} INFO - Sync 1 DAGs
[2021-07-14 23:10:23,927] {logging_mixin.py:104} INFO - [2021-07-14 23:10:23,927] {dag.py:2305} INFO - Setting next_dagrun for example_branch_operator to 2021-07-12 00:00:00+00:00
[2021-07-14 23:10:23,972] {scheduler_job.py:190} INFO - Processing /home/airflow/sandbox/lib/python3.8/site-packages/airflow/example_dags/example_branch_operator.py took 0.156 seconds
[2021-07-14 23:10:27,831] {scheduler_job.py:182} INFO - Started process (PID=2341) to work on /home/airflow/sandbox/lib/python3.8/site-packages/airflow/example_dags/example_branch_operator.py
[2021-07-14 23:10:27,833] {scheduler_job.py:633} INFO - Processing file /home/airflow/sandbox/lib/python3.8/site-packages/airflow/example_dags/example_branch_operator.py for tasks to queue
[2021-07-14 23:10:27,833] {logging_mixin.py:104} INFO - [2021-07-14 23:10:27,833] {dagbag.py:487} INFO - Filling up the DagBag from /home/airflow/sandbox/lib/python3.8/site-packages/airflow/example_dags/example_branch_operator.py
[2021-07-14 23:10:27,850] {scheduler_job.py:643} INFO - DAG(s) dict_keys(['example_branch_operator']) retrieved from /home/airflow/sandbox/lib/python3.8/site-packages/airflow/example_dags/example_branch_operator.py
[2021-07-14 23:10:27,869] {logging_mixin.py:104} INFO - [2021-07-14 23:10:27,868] {dag.py:1832} INFO - Sync 1 DAGs
[2021-07-14 23:10:27,885] {logging_mixin.py:104} INFO - [2021-07-14 23:10:27,885] {dag.py:2305} INFO - Setting next_dagrun for example_branch_operator to 2021-07-12 00:00:00+00:00
[2021-07-14 23:10:27,899] {scheduler_job.py:190} INFO - Processing /home/airflow/sandbox/lib/python3.8/site-packages/airflow/example_dags/example_branch_operator.py took 0.070 seconds
[2021-07-14 23:11:15,368] {scheduler_job.py:182} INFO - Started process (PID=2404) to work on /home/airflow/sandbox/lib/python3.8/site-packages/airflow/example_dags/example_branch_operator.py
[2021-07-14 23:11:15,370] {scheduler_job.py:633} INFO - Processing file /home/airflow/sandbox/lib/python3.8/site-packages/airflow/example_dags/example_branch_operator.py for tasks to queue
[2021-07-14 23:11:15,371] {logging_mixin.py:104} INFO - [2021-07-14 23:11:15,371] {dagbag.py:487} INFO - Filling up the DagBag from /home/airflow/sandbox/lib/python3.8/site-packages/airflow/example_dags/example_branch_operator.py
[2021-07-14 23:11:15,399] {scheduler_job.py:643} INFO - DAG(s) dict_keys(['example_branch_operator']) retrieved from /home/airflow/sandbox/lib/python3.8/site-packages/airflow/example_dags/example_branch_operator.py
[2021-07-14 23:11:15,434] {logging_mixin.py:104} INFO - [2021-07-14 23:11:15,433] {dag.py:1832} INFO - Sync 1 DAGs
[2021-07-14 23:11:15,465] {logging_mixin.py:104} INFO - [2021-07-14 23:11:15,464] {dag.py:2305} INFO - Setting next_dagrun for example_branch_operator to 2021-07-12 00:00:00+00:00
[2021-07-14 23:11:15,500] {scheduler_job.py:190} INFO - Processing /home/airflow/sandbox/lib/python3.8/site-packages/airflow/example_dags/example_branch_operator.py took 0.138 seconds
[2021-07-14 23:11:15,529] {scheduler_job.py:182} INFO - Started process (PID=2405) to work on /home/airflow/sandbox/lib/python3.8/site-packages/airflow/example_dags/example_branch_operator.py
[2021-07-14 23:11:15,531] {scheduler_job.py:633} INFO - Processing file /home/airflow/sandbox/lib/python3.8/site-packages/airflow/example_dags/example_branch_operator.py for tasks to queue
[2021-07-14 23:11:15,533] {logging_mixin.py:104} INFO - [2021-07-14 23:11:15,533] {dagbag.py:487} INFO - Filling up the DagBag from /home/airflow/sandbox/lib/python3.8/site-packages/airflow/example_dags/example_branch_operator.py
[2021-07-14 23:11:15,576] {scheduler_job.py:643} INFO - DAG(s) dict_keys(['example_branch_operator']) retrieved from /home/airflow/sandbox/lib/python3.8/site-packages/airflow/example_dags/example_branch_operator.py
[2021-07-14 23:11:15,648] {logging_mixin.py:104} INFO - [2021-07-14 23:11:15,648] {dag.py:1832} INFO - Sync 1 DAGs
[2021-07-14 23:11:15,688] {logging_mixin.py:104} INFO - [2021-07-14 23:11:15,687] {dag.py:2305} INFO - Setting next_dagrun for example_branch_operator to 2021-07-12 00:00:00+00:00
[2021-07-14 23:11:15,715] {scheduler_job.py:190} INFO - Processing /home/airflow/sandbox/lib/python3.8/site-packages/airflow/example_dags/example_branch_operator.py took 0.193 seconds
[2021-07-14 23:11:50,051] {scheduler_job.py:182} INFO - Started process (PID=2466) to work on /home/airflow/sandbox/lib/python3.8/site-packages/airflow/example_dags/example_branch_operator.py
[2021-07-14 23:11:50,051] {scheduler_job.py:633} INFO - Processing file /home/airflow/sandbox/lib/python3.8/site-packages/airflow/example_dags/example_branch_operator.py for tasks to queue
[2021-07-14 23:11:50,052] {logging_mixin.py:104} INFO - [2021-07-14 23:11:50,052] {dagbag.py:487} INFO - Filling up the DagBag from /home/airflow/sandbox/lib/python3.8/site-packages/airflow/example_dags/example_branch_operator.py
[2021-07-14 23:11:50,063] {scheduler_job.py:643} INFO - DAG(s) dict_keys(['example_branch_operator']) retrieved from /home/airflow/sandbox/lib/python3.8/site-packages/airflow/example_dags/example_branch_operator.py
[2021-07-14 23:11:50,076] {logging_mixin.py:104} INFO - [2021-07-14 23:11:50,076] {dag.py:1832} INFO - Sync 1 DAGs
[2021-07-14 23:11:50,088] {logging_mixin.py:104} INFO - [2021-07-14 23:11:50,088] {dag.py:2305} INFO - Setting next_dagrun for example_branch_operator to 2021-07-12 00:00:00+00:00
[2021-07-14 23:11:50,106] {scheduler_job.py:190} INFO - Processing /home/airflow/sandbox/lib/python3.8/site-packages/airflow/example_dags/example_branch_operator.py took 0.058 seconds
[2021-07-14 23:11:50,716] {scheduler_job.py:182} INFO - Started process (PID=2467) to work on /home/airflow/sandbox/lib/python3.8/site-packages/airflow/example_dags/example_branch_operator.py
[2021-07-14 23:11:50,717] {scheduler_job.py:633} INFO - Processing file /home/airflow/sandbox/lib/python3.8/site-packages/airflow/example_dags/example_branch_operator.py for tasks to queue
[2021-07-14 23:11:50,717] {logging_mixin.py:104} INFO - [2021-07-14 23:11:50,717] {dagbag.py:487} INFO - Filling up the DagBag from /home/airflow/sandbox/lib/python3.8/site-packages/airflow/example_dags/example_branch_operator.py
[2021-07-14 23:11:50,728] {scheduler_job.py:643} INFO - DAG(s) dict_keys(['example_branch_operator']) retrieved from /home/airflow/sandbox/lib/python3.8/site-packages/airflow/example_dags/example_branch_operator.py
[2021-07-14 23:11:50,742] {logging_mixin.py:104} INFO - [2021-07-14 23:11:50,742] {dag.py:1832} INFO - Sync 1 DAGs
[2021-07-14 23:11:50,755] {logging_mixin.py:104} INFO - [2021-07-14 23:11:50,755] {dag.py:2305} INFO - Setting next_dagrun for example_branch_operator to 2021-07-12 00:00:00+00:00
[2021-07-14 23:11:50,774] {scheduler_job.py:190} INFO - Processing /home/airflow/sandbox/lib/python3.8/site-packages/airflow/example_dags/example_branch_operator.py took 0.062 seconds
[2021-07-14 23:12:21,548] {scheduler_job.py:182} INFO - Started process (PID=2529) to work on /home/airflow/sandbox/lib/python3.8/site-packages/airflow/example_dags/example_branch_operator.py
[2021-07-14 23:12:21,549] {scheduler_job.py:633} INFO - Processing file /home/airflow/sandbox/lib/python3.8/site-packages/airflow/example_dags/example_branch_operator.py for tasks to queue
[2021-07-14 23:12:21,549] {logging_mixin.py:104} INFO - [2021-07-14 23:12:21,549] {dagbag.py:487} INFO - Filling up the DagBag from /home/airflow/sandbox/lib/python3.8/site-packages/airflow/example_dags/example_branch_operator.py
[2021-07-14 23:12:21,560] {scheduler_job.py:643} INFO - DAG(s) dict_keys(['example_branch_operator']) retrieved from /home/airflow/sandbox/lib/python3.8/site-packages/airflow/example_dags/example_branch_operator.py
[2021-07-14 23:12:21,573] {logging_mixin.py:104} INFO - [2021-07-14 23:12:21,573] {dag.py:1832} INFO - Sync 1 DAGs
[2021-07-14 23:12:21,585] {logging_mixin.py:104} INFO - [2021-07-14 23:12:21,585] {dag.py:2305} INFO - Setting next_dagrun for example_branch_operator to 2021-07-12 00:00:00+00:00
[2021-07-14 23:12:21,595] {scheduler_job.py:190} INFO - Processing /home/airflow/sandbox/lib/python3.8/site-packages/airflow/example_dags/example_branch_operator.py took 0.051 seconds
[2021-07-14 23:12:23,144] {scheduler_job.py:182} INFO - Started process (PID=2532) to work on /home/airflow/sandbox/lib/python3.8/site-packages/airflow/example_dags/example_branch_operator.py
[2021-07-14 23:12:23,145] {scheduler_job.py:633} INFO - Processing file /home/airflow/sandbox/lib/python3.8/site-packages/airflow/example_dags/example_branch_operator.py for tasks to queue
[2021-07-14 23:12:23,145] {logging_mixin.py:104} INFO - [2021-07-14 23:12:23,145] {dagbag.py:487} INFO - Filling up the DagBag from /home/airflow/sandbox/lib/python3.8/site-packages/airflow/example_dags/example_branch_operator.py
[2021-07-14 23:12:23,160] {scheduler_job.py:643} INFO - DAG(s) dict_keys(['example_branch_operator']) retrieved from /home/airflow/sandbox/lib/python3.8/site-packages/airflow/example_dags/example_branch_operator.py
[2021-07-14 23:12:23,177] {logging_mixin.py:104} INFO - [2021-07-14 23:12:23,177] {dag.py:1832} INFO - Sync 1 DAGs
[2021-07-14 23:12:23,191] {logging_mixin.py:104} INFO - [2021-07-14 23:12:23,191] {dag.py:2305} INFO - Setting next_dagrun for example_branch_operator to 2021-07-12 00:00:00+00:00
[2021-07-14 23:12:23,210] {scheduler_job.py:190} INFO - Processing /home/airflow/sandbox/lib/python3.8/site-packages/airflow/example_dags/example_branch_operator.py took 0.068 seconds
[2021-07-14 23:12:55,365] {scheduler_job.py:182} INFO - Started process (PID=2592) to work on /home/airflow/sandbox/lib/python3.8/site-packages/airflow/example_dags/example_branch_operator.py
[2021-07-14 23:12:55,366] {scheduler_job.py:633} INFO - Processing file /home/airflow/sandbox/lib/python3.8/site-packages/airflow/example_dags/example_branch_operator.py for tasks to queue
[2021-07-14 23:12:55,367] {logging_mixin.py:104} INFO - [2021-07-14 23:12:55,367] {dagbag.py:487} INFO - Filling up the DagBag from /home/airflow/sandbox/lib/python3.8/site-packages/airflow/example_dags/example_branch_operator.py
[2021-07-14 23:12:55,382] {scheduler_job.py:643} INFO - DAG(s) dict_keys(['example_branch_operator']) retrieved from /home/airflow/sandbox/lib/python3.8/site-packages/airflow/example_dags/example_branch_operator.py
[2021-07-14 23:12:55,402] {logging_mixin.py:104} INFO - [2021-07-14 23:12:55,402] {dag.py:1832} INFO - Sync 1 DAGs
[2021-07-14 23:12:55,420] {logging_mixin.py:104} INFO - [2021-07-14 23:12:55,420] {dag.py:2305} INFO - Setting next_dagrun for example_branch_operator to 2021-07-12 00:00:00+00:00
[2021-07-14 23:12:55,442] {scheduler_job.py:190} INFO - Processing /home/airflow/sandbox/lib/python3.8/site-packages/airflow/example_dags/example_branch_operator.py took 0.080 seconds
[2021-07-14 23:12:56,848] {scheduler_job.py:182} INFO - Started process (PID=2595) to work on /home/airflow/sandbox/lib/python3.8/site-packages/airflow/example_dags/example_branch_operator.py
[2021-07-14 23:12:56,850] {scheduler_job.py:633} INFO - Processing file /home/airflow/sandbox/lib/python3.8/site-packages/airflow/example_dags/example_branch_operator.py for tasks to queue
[2021-07-14 23:12:56,850] {logging_mixin.py:104} INFO - [2021-07-14 23:12:56,850] {dagbag.py:487} INFO - Filling up the DagBag from /home/airflow/sandbox/lib/python3.8/site-packages/airflow/example_dags/example_branch_operator.py
[2021-07-14 23:12:56,863] {scheduler_job.py:643} INFO - DAG(s) dict_keys(['example_branch_operator']) retrieved from /home/airflow/sandbox/lib/python3.8/site-packages/airflow/example_dags/example_branch_operator.py
[2021-07-14 23:12:56,878] {logging_mixin.py:104} INFO - [2021-07-14 23:12:56,878] {dag.py:1832} INFO - Sync 1 DAGs
[2021-07-14 23:12:56,905] {logging_mixin.py:104} INFO - [2021-07-14 23:12:56,904] {dag.py:2305} INFO - Setting next_dagrun for example_branch_operator to 2021-07-12 00:00:00+00:00
[2021-07-14 23:12:56,922] {scheduler_job.py:190} INFO - Processing /home/airflow/sandbox/lib/python3.8/site-packages/airflow/example_dags/example_branch_operator.py took 0.077 seconds
[2021-07-14 23:49:06,901] {scheduler_job.py:182} INFO - Started process (PID=1862) to work on /home/airflow/sandbox/lib/python3.8/site-packages/airflow/example_dags/example_branch_operator.py
[2021-07-14 23:49:06,911] {scheduler_job.py:633} INFO - Processing file /home/airflow/sandbox/lib/python3.8/site-packages/airflow/example_dags/example_branch_operator.py for tasks to queue
[2021-07-14 23:49:06,912] {logging_mixin.py:104} INFO - [2021-07-14 23:49:06,912] {dagbag.py:487} INFO - Filling up the DagBag from /home/airflow/sandbox/lib/python3.8/site-packages/airflow/example_dags/example_branch_operator.py
[2021-07-14 23:49:06,923] {scheduler_job.py:643} INFO - DAG(s) dict_keys(['example_branch_operator']) retrieved from /home/airflow/sandbox/lib/python3.8/site-packages/airflow/example_dags/example_branch_operator.py
[2021-07-14 23:49:06,936] {logging_mixin.py:104} INFO - [2021-07-14 23:49:06,936] {dag.py:1832} INFO - Sync 1 DAGs
[2021-07-14 23:49:06,948] {logging_mixin.py:104} INFO - [2021-07-14 23:49:06,948] {dag.py:2305} INFO - Setting next_dagrun for example_branch_operator to 2021-07-12 00:00:00+00:00
[2021-07-14 23:49:06,957] {scheduler_job.py:190} INFO - Processing /home/airflow/sandbox/lib/python3.8/site-packages/airflow/example_dags/example_branch_operator.py took 0.058 seconds
[2021-07-14 23:49:39,905] {scheduler_job.py:182} INFO - Started process (PID=1893) to work on /home/airflow/sandbox/lib/python3.8/site-packages/airflow/example_dags/example_branch_operator.py
[2021-07-14 23:49:39,906] {scheduler_job.py:633} INFO - Processing file /home/airflow/sandbox/lib/python3.8/site-packages/airflow/example_dags/example_branch_operator.py for tasks to queue
[2021-07-14 23:49:39,907] {logging_mixin.py:104} INFO - [2021-07-14 23:49:39,906] {dagbag.py:487} INFO - Filling up the DagBag from /home/airflow/sandbox/lib/python3.8/site-packages/airflow/example_dags/example_branch_operator.py
[2021-07-14 23:49:39,923] {scheduler_job.py:643} INFO - DAG(s) dict_keys(['example_branch_operator']) retrieved from /home/airflow/sandbox/lib/python3.8/site-packages/airflow/example_dags/example_branch_operator.py
[2021-07-14 23:49:39,945] {logging_mixin.py:104} INFO - [2021-07-14 23:49:39,945] {dag.py:1832} INFO - Sync 1 DAGs
[2021-07-14 23:49:39,959] {logging_mixin.py:104} INFO - [2021-07-14 23:49:39,959] {dag.py:2305} INFO - Setting next_dagrun for example_branch_operator to 2021-07-12 00:00:00+00:00
[2021-07-14 23:49:39,971] {scheduler_job.py:190} INFO - Processing /home/airflow/sandbox/lib/python3.8/site-packages/airflow/example_dags/example_branch_operator.py took 0.068 seconds
[2021-07-14 23:50:12,053] {scheduler_job.py:182} INFO - Started process (PID=1924) to work on /home/airflow/sandbox/lib/python3.8/site-packages/airflow/example_dags/example_branch_operator.py
[2021-07-14 23:50:12,054] {scheduler_job.py:633} INFO - Processing file /home/airflow/sandbox/lib/python3.8/site-packages/airflow/example_dags/example_branch_operator.py for tasks to queue
[2021-07-14 23:50:12,054] {logging_mixin.py:104} INFO - [2021-07-14 23:50:12,054] {dagbag.py:487} INFO - Filling up the DagBag from /home/airflow/sandbox/lib/python3.8/site-packages/airflow/example_dags/example_branch_operator.py
[2021-07-14 23:50:12,073] {scheduler_job.py:643} INFO - DAG(s) dict_keys(['example_branch_operator']) retrieved from /home/airflow/sandbox/lib/python3.8/site-packages/airflow/example_dags/example_branch_operator.py
[2021-07-14 23:50:12,096] {logging_mixin.py:104} INFO - [2021-07-14 23:50:12,095] {dag.py:1832} INFO - Sync 1 DAGs
[2021-07-14 23:50:12,121] {logging_mixin.py:104} INFO - [2021-07-14 23:50:12,120] {dag.py:2305} INFO - Setting next_dagrun for example_branch_operator to 2021-07-12 00:00:00+00:00
[2021-07-14 23:50:12,143] {scheduler_job.py:190} INFO - Processing /home/airflow/sandbox/lib/python3.8/site-packages/airflow/example_dags/example_branch_operator.py took 0.092 seconds
[2021-07-14 23:50:44,141] {scheduler_job.py:182} INFO - Started process (PID=1955) to work on /home/airflow/sandbox/lib/python3.8/site-packages/airflow/example_dags/example_branch_operator.py
[2021-07-14 23:50:44,142] {scheduler_job.py:633} INFO - Processing file /home/airflow/sandbox/lib/python3.8/site-packages/airflow/example_dags/example_branch_operator.py for tasks to queue
[2021-07-14 23:50:44,143] {logging_mixin.py:104} INFO - [2021-07-14 23:50:44,143] {dagbag.py:487} INFO - Filling up the DagBag from /home/airflow/sandbox/lib/python3.8/site-packages/airflow/example_dags/example_branch_operator.py
[2021-07-14 23:50:44,155] {scheduler_job.py:643} INFO - DAG(s) dict_keys(['example_branch_operator']) retrieved from /home/airflow/sandbox/lib/python3.8/site-packages/airflow/example_dags/example_branch_operator.py
[2021-07-14 23:50:44,171] {logging_mixin.py:104} INFO - [2021-07-14 23:50:44,171] {dag.py:1832} INFO - Sync 1 DAGs
[2021-07-14 23:50:44,185] {logging_mixin.py:104} INFO - [2021-07-14 23:50:44,185] {dag.py:2305} INFO - Setting next_dagrun for example_branch_operator to 2021-07-12 00:00:00+00:00
[2021-07-14 23:50:44,212] {scheduler_job.py:190} INFO - Processing /home/airflow/sandbox/lib/python3.8/site-packages/airflow/example_dags/example_branch_operator.py took 0.076 seconds
[2021-07-14 23:51:22,287] {scheduler_job.py:182} INFO - Started process (PID=1988) to work on /home/airflow/sandbox/lib/python3.8/site-packages/airflow/example_dags/example_branch_operator.py
[2021-07-14 23:51:22,292] {scheduler_job.py:633} INFO - Processing file /home/airflow/sandbox/lib/python3.8/site-packages/airflow/example_dags/example_branch_operator.py for tasks to queue
[2021-07-14 23:51:22,293] {logging_mixin.py:104} INFO - [2021-07-14 23:51:22,293] {dagbag.py:487} INFO - Filling up the DagBag from /home/airflow/sandbox/lib/python3.8/site-packages/airflow/example_dags/example_branch_operator.py
[2021-07-14 23:51:22,343] {scheduler_job.py:643} INFO - DAG(s) dict_keys(['example_branch_operator']) retrieved from /home/airflow/sandbox/lib/python3.8/site-packages/airflow/example_dags/example_branch_operator.py
[2021-07-14 23:51:22,386] {logging_mixin.py:104} INFO - [2021-07-14 23:51:22,386] {dag.py:1832} INFO - Sync 1 DAGs
[2021-07-14 23:51:22,436] {logging_mixin.py:104} INFO - [2021-07-14 23:51:22,436] {dag.py:2305} INFO - Setting next_dagrun for example_branch_operator to 2021-07-12 00:00:00+00:00
[2021-07-14 23:51:22,485] {scheduler_job.py:190} INFO - Processing /home/airflow/sandbox/lib/python3.8/site-packages/airflow/example_dags/example_branch_operator.py took 0.205 seconds
[2021-07-14 23:52:06,222] {scheduler_job.py:182} INFO - Started process (PID=2019) to work on /home/airflow/sandbox/lib/python3.8/site-packages/airflow/example_dags/example_branch_operator.py
[2021-07-14 23:52:06,223] {scheduler_job.py:633} INFO - Processing file /home/airflow/sandbox/lib/python3.8/site-packages/airflow/example_dags/example_branch_operator.py for tasks to queue
[2021-07-14 23:52:06,223] {logging_mixin.py:104} INFO - [2021-07-14 23:52:06,223] {dagbag.py:487} INFO - Filling up the DagBag from /home/airflow/sandbox/lib/python3.8/site-packages/airflow/example_dags/example_branch_operator.py
[2021-07-14 23:52:06,239] {scheduler_job.py:643} INFO - DAG(s) dict_keys(['example_branch_operator']) retrieved from /home/airflow/sandbox/lib/python3.8/site-packages/airflow/example_dags/example_branch_operator.py
[2021-07-14 23:52:06,257] {logging_mixin.py:104} INFO - [2021-07-14 23:52:06,256] {dag.py:1832} INFO - Sync 1 DAGs
[2021-07-14 23:52:06,275] {logging_mixin.py:104} INFO - [2021-07-14 23:52:06,275] {dag.py:2305} INFO - Setting next_dagrun for example_branch_operator to 2021-07-12 00:00:00+00:00
[2021-07-14 23:52:06,288] {scheduler_job.py:190} INFO - Processing /home/airflow/sandbox/lib/python3.8/site-packages/airflow/example_dags/example_branch_operator.py took 0.070 seconds
[2021-07-14 23:52:38,278] {scheduler_job.py:182} INFO - Started process (PID=2050) to work on /home/airflow/sandbox/lib/python3.8/site-packages/airflow/example_dags/example_branch_operator.py
[2021-07-14 23:52:38,279] {scheduler_job.py:633} INFO - Processing file /home/airflow/sandbox/lib/python3.8/site-packages/airflow/example_dags/example_branch_operator.py for tasks to queue
[2021-07-14 23:52:38,279] {logging_mixin.py:104} INFO - [2021-07-14 23:52:38,279] {dagbag.py:487} INFO - Filling up the DagBag from /home/airflow/sandbox/lib/python3.8/site-packages/airflow/example_dags/example_branch_operator.py
[2021-07-14 23:52:38,292] {scheduler_job.py:643} INFO - DAG(s) dict_keys(['example_branch_operator']) retrieved from /home/airflow/sandbox/lib/python3.8/site-packages/airflow/example_dags/example_branch_operator.py
[2021-07-14 23:52:38,315] {logging_mixin.py:104} INFO - [2021-07-14 23:52:38,314] {dag.py:1832} INFO - Sync 1 DAGs
[2021-07-14 23:52:38,329] {logging_mixin.py:104} INFO - [2021-07-14 23:52:38,329] {dag.py:2305} INFO - Setting next_dagrun for example_branch_operator to 2021-07-12 00:00:00+00:00
[2021-07-14 23:52:38,340] {scheduler_job.py:190} INFO - Processing /home/airflow/sandbox/lib/python3.8/site-packages/airflow/example_dags/example_branch_operator.py took 0.065 seconds
[2021-07-14 23:53:11,963] {scheduler_job.py:182} INFO - Started process (PID=2083) to work on /home/airflow/sandbox/lib/python3.8/site-packages/airflow/example_dags/example_branch_operator.py
[2021-07-14 23:53:11,964] {scheduler_job.py:633} INFO - Processing file /home/airflow/sandbox/lib/python3.8/site-packages/airflow/example_dags/example_branch_operator.py for tasks to queue
[2021-07-14 23:53:11,964] {logging_mixin.py:104} INFO - [2021-07-14 23:53:11,964] {dagbag.py:487} INFO - Filling up the DagBag from /home/airflow/sandbox/lib/python3.8/site-packages/airflow/example_dags/example_branch_operator.py
[2021-07-14 23:53:11,976] {scheduler_job.py:643} INFO - DAG(s) dict_keys(['example_branch_operator']) retrieved from /home/airflow/sandbox/lib/python3.8/site-packages/airflow/example_dags/example_branch_operator.py
[2021-07-14 23:53:11,989] {logging_mixin.py:104} INFO - [2021-07-14 23:53:11,989] {dag.py:1832} INFO - Sync 1 DAGs
[2021-07-14 23:53:12,001] {logging_mixin.py:104} INFO - [2021-07-14 23:53:12,001] {dag.py:2305} INFO - Setting next_dagrun for example_branch_operator to 2021-07-12 00:00:00+00:00
[2021-07-14 23:53:12,011] {scheduler_job.py:190} INFO - Processing /home/airflow/sandbox/lib/python3.8/site-packages/airflow/example_dags/example_branch_operator.py took 0.051 seconds
[2021-07-14 23:53:45,460] {scheduler_job.py:182} INFO - Started process (PID=2116) to work on /home/airflow/sandbox/lib/python3.8/site-packages/airflow/example_dags/example_branch_operator.py
[2021-07-14 23:53:45,461] {scheduler_job.py:633} INFO - Processing file /home/airflow/sandbox/lib/python3.8/site-packages/airflow/example_dags/example_branch_operator.py for tasks to queue
[2021-07-14 23:53:45,462] {logging_mixin.py:104} INFO - [2021-07-14 23:53:45,462] {dagbag.py:487} INFO - Filling up the DagBag from /home/airflow/sandbox/lib/python3.8/site-packages/airflow/example_dags/example_branch_operator.py
[2021-07-14 23:53:45,474] {scheduler_job.py:643} INFO - DAG(s) dict_keys(['example_branch_operator']) retrieved from /home/airflow/sandbox/lib/python3.8/site-packages/airflow/example_dags/example_branch_operator.py
[2021-07-14 23:53:45,489] {logging_mixin.py:104} INFO - [2021-07-14 23:53:45,489] {dag.py:1832} INFO - Sync 1 DAGs
[2021-07-14 23:53:45,503] {logging_mixin.py:104} INFO - [2021-07-14 23:53:45,503] {dag.py:2305} INFO - Setting next_dagrun for example_branch_operator to 2021-07-12 00:00:00+00:00
[2021-07-14 23:53:45,514] {scheduler_job.py:190} INFO - Processing /home/airflow/sandbox/lib/python3.8/site-packages/airflow/example_dags/example_branch_operator.py took 0.058 seconds
[2021-07-14 23:54:18,667] {scheduler_job.py:182} INFO - Started process (PID=2147) to work on /home/airflow/sandbox/lib/python3.8/site-packages/airflow/example_dags/example_branch_operator.py
[2021-07-14 23:54:18,668] {scheduler_job.py:633} INFO - Processing file /home/airflow/sandbox/lib/python3.8/site-packages/airflow/example_dags/example_branch_operator.py for tasks to queue
[2021-07-14 23:54:18,669] {logging_mixin.py:104} INFO - [2021-07-14 23:54:18,669] {dagbag.py:487} INFO - Filling up the DagBag from /home/airflow/sandbox/lib/python3.8/site-packages/airflow/example_dags/example_branch_operator.py
[2021-07-14 23:54:18,685] {scheduler_job.py:643} INFO - DAG(s) dict_keys(['example_branch_operator']) retrieved from /home/airflow/sandbox/lib/python3.8/site-packages/airflow/example_dags/example_branch_operator.py
[2021-07-14 23:54:18,702] {logging_mixin.py:104} INFO - [2021-07-14 23:54:18,702] {dag.py:1832} INFO - Sync 1 DAGs
[2021-07-14 23:54:18,717] {logging_mixin.py:104} INFO - [2021-07-14 23:54:18,717] {dag.py:2305} INFO - Setting next_dagrun for example_branch_operator to 2021-07-12 00:00:00+00:00
[2021-07-14 23:54:18,728] {scheduler_job.py:190} INFO - Processing /home/airflow/sandbox/lib/python3.8/site-packages/airflow/example_dags/example_branch_operator.py took 0.064 seconds
[2021-07-14 23:54:49,752] {scheduler_job.py:182} INFO - Started process (PID=2178) to work on /home/airflow/sandbox/lib/python3.8/site-packages/airflow/example_dags/example_branch_operator.py
[2021-07-14 23:54:49,753] {scheduler_job.py:633} INFO - Processing file /home/airflow/sandbox/lib/python3.8/site-packages/airflow/example_dags/example_branch_operator.py for tasks to queue
[2021-07-14 23:54:49,753] {logging_mixin.py:104} INFO - [2021-07-14 23:54:49,753] {dagbag.py:487} INFO - Filling up the DagBag from /home/airflow/sandbox/lib/python3.8/site-packages/airflow/example_dags/example_branch_operator.py
[2021-07-14 23:54:49,768] {scheduler_job.py:643} INFO - DAG(s) dict_keys(['example_branch_operator']) retrieved from /home/airflow/sandbox/lib/python3.8/site-packages/airflow/example_dags/example_branch_operator.py
[2021-07-14 23:54:49,785] {logging_mixin.py:104} INFO - [2021-07-14 23:54:49,785] {dag.py:1832} INFO - Sync 1 DAGs
[2021-07-14 23:54:49,801] {logging_mixin.py:104} INFO - [2021-07-14 23:54:49,801] {dag.py:2305} INFO - Setting next_dagrun for example_branch_operator to 2021-07-12 00:00:00+00:00
[2021-07-14 23:54:49,823] {scheduler_job.py:190} INFO - Processing /home/airflow/sandbox/lib/python3.8/site-packages/airflow/example_dags/example_branch_operator.py took 0.074 seconds
[2021-07-14 23:55:56,747] {scheduler_job.py:182} INFO - Started process (PID=2253) to work on /home/airflow/sandbox/lib/python3.8/site-packages/airflow/example_dags/example_branch_operator.py
[2021-07-14 23:55:56,748] {scheduler_job.py:633} INFO - Processing file /home/airflow/sandbox/lib/python3.8/site-packages/airflow/example_dags/example_branch_operator.py for tasks to queue
[2021-07-14 23:55:56,749] {logging_mixin.py:104} INFO - [2021-07-14 23:55:56,748] {dagbag.py:487} INFO - Filling up the DagBag from /home/airflow/sandbox/lib/python3.8/site-packages/airflow/example_dags/example_branch_operator.py
[2021-07-14 23:55:56,763] {scheduler_job.py:643} INFO - DAG(s) dict_keys(['example_branch_operator']) retrieved from /home/airflow/sandbox/lib/python3.8/site-packages/airflow/example_dags/example_branch_operator.py
[2021-07-14 23:55:56,781] {logging_mixin.py:104} INFO - [2021-07-14 23:55:56,781] {dag.py:1832} INFO - Sync 1 DAGs
[2021-07-14 23:55:56,797] {logging_mixin.py:104} INFO - [2021-07-14 23:55:56,797] {dag.py:2305} INFO - Setting next_dagrun for example_branch_operator to 2021-07-12 00:00:00+00:00
[2021-07-14 23:55:56,812] {scheduler_job.py:190} INFO - Processing /home/airflow/sandbox/lib/python3.8/site-packages/airflow/example_dags/example_branch_operator.py took 0.069 seconds
[2021-07-14 23:56:30,170] {scheduler_job.py:182} INFO - Started process (PID=2284) to work on /home/airflow/sandbox/lib/python3.8/site-packages/airflow/example_dags/example_branch_operator.py
[2021-07-14 23:56:30,178] {scheduler_job.py:633} INFO - Processing file /home/airflow/sandbox/lib/python3.8/site-packages/airflow/example_dags/example_branch_operator.py for tasks to queue
[2021-07-14 23:56:30,179] {logging_mixin.py:104} INFO - [2021-07-14 23:56:30,179] {dagbag.py:487} INFO - Filling up the DagBag from /home/airflow/sandbox/lib/python3.8/site-packages/airflow/example_dags/example_branch_operator.py
[2021-07-14 23:56:30,193] {scheduler_job.py:643} INFO - DAG(s) dict_keys(['example_branch_operator']) retrieved from /home/airflow/sandbox/lib/python3.8/site-packages/airflow/example_dags/example_branch_operator.py
[2021-07-14 23:56:30,208] {logging_mixin.py:104} INFO - [2021-07-14 23:56:30,208] {dag.py:1832} INFO - Sync 1 DAGs
[2021-07-14 23:56:30,221] {logging_mixin.py:104} INFO - [2021-07-14 23:56:30,221] {dag.py:2305} INFO - Setting next_dagrun for example_branch_operator to 2021-07-12 00:00:00+00:00
[2021-07-14 23:56:30,232] {scheduler_job.py:190} INFO - Processing /home/airflow/sandbox/lib/python3.8/site-packages/airflow/example_dags/example_branch_operator.py took 0.066 seconds
[2021-07-14 23:57:03,664] {scheduler_job.py:182} INFO - Started process (PID=2316) to work on /home/airflow/sandbox/lib/python3.8/site-packages/airflow/example_dags/example_branch_operator.py
[2021-07-14 23:57:03,666] {scheduler_job.py:633} INFO - Processing file /home/airflow/sandbox/lib/python3.8/site-packages/airflow/example_dags/example_branch_operator.py for tasks to queue
[2021-07-14 23:57:03,666] {logging_mixin.py:104} INFO - [2021-07-14 23:57:03,666] {dagbag.py:487} INFO - Filling up the DagBag from /home/airflow/sandbox/lib/python3.8/site-packages/airflow/example_dags/example_branch_operator.py
[2021-07-14 23:57:03,678] {scheduler_job.py:643} INFO - DAG(s) dict_keys(['example_branch_operator']) retrieved from /home/airflow/sandbox/lib/python3.8/site-packages/airflow/example_dags/example_branch_operator.py
[2021-07-14 23:57:03,692] {logging_mixin.py:104} INFO - [2021-07-14 23:57:03,692] {dag.py:1832} INFO - Sync 1 DAGs
[2021-07-14 23:57:03,704] {logging_mixin.py:104} INFO - [2021-07-14 23:57:03,704] {dag.py:2305} INFO - Setting next_dagrun for example_branch_operator to 2021-07-12 00:00:00+00:00
[2021-07-14 23:57:03,722] {scheduler_job.py:190} INFO - Processing /home/airflow/sandbox/lib/python3.8/site-packages/airflow/example_dags/example_branch_operator.py took 0.062 seconds
[2021-07-14 23:57:36,207] {scheduler_job.py:182} INFO - Started process (PID=2347) to work on /home/airflow/sandbox/lib/python3.8/site-packages/airflow/example_dags/example_branch_operator.py
[2021-07-14 23:57:36,208] {scheduler_job.py:633} INFO - Processing file /home/airflow/sandbox/lib/python3.8/site-packages/airflow/example_dags/example_branch_operator.py for tasks to queue
[2021-07-14 23:57:36,209] {logging_mixin.py:104} INFO - [2021-07-14 23:57:36,209] {dagbag.py:487} INFO - Filling up the DagBag from /home/airflow/sandbox/lib/python3.8/site-packages/airflow/example_dags/example_branch_operator.py
[2021-07-14 23:57:36,224] {scheduler_job.py:643} INFO - DAG(s) dict_keys(['example_branch_operator']) retrieved from /home/airflow/sandbox/lib/python3.8/site-packages/airflow/example_dags/example_branch_operator.py
[2021-07-14 23:57:36,240] {logging_mixin.py:104} INFO - [2021-07-14 23:57:36,240] {dag.py:1832} INFO - Sync 1 DAGs
[2021-07-14 23:57:36,257] {logging_mixin.py:104} INFO - [2021-07-14 23:57:36,257] {dag.py:2305} INFO - Setting next_dagrun for example_branch_operator to 2021-07-12 00:00:00+00:00
[2021-07-14 23:57:36,270] {scheduler_job.py:190} INFO - Processing /home/airflow/sandbox/lib/python3.8/site-packages/airflow/example_dags/example_branch_operator.py took 0.066 seconds
[2021-07-14 23:58:09,497] {scheduler_job.py:182} INFO - Started process (PID=2378) to work on /home/airflow/sandbox/lib/python3.8/site-packages/airflow/example_dags/example_branch_operator.py
[2021-07-14 23:58:09,498] {scheduler_job.py:633} INFO - Processing file /home/airflow/sandbox/lib/python3.8/site-packages/airflow/example_dags/example_branch_operator.py for tasks to queue
[2021-07-14 23:58:09,499] {logging_mixin.py:104} INFO - [2021-07-14 23:58:09,499] {dagbag.py:487} INFO - Filling up the DagBag from /home/airflow/sandbox/lib/python3.8/site-packages/airflow/example_dags/example_branch_operator.py
[2021-07-14 23:58:09,515] {scheduler_job.py:643} INFO - DAG(s) dict_keys(['example_branch_operator']) retrieved from /home/airflow/sandbox/lib/python3.8/site-packages/airflow/example_dags/example_branch_operator.py
[2021-07-14 23:58:09,530] {logging_mixin.py:104} INFO - [2021-07-14 23:58:09,530] {dag.py:1832} INFO - Sync 1 DAGs
[2021-07-14 23:58:09,546] {logging_mixin.py:104} INFO - [2021-07-14 23:58:09,545] {dag.py:2305} INFO - Setting next_dagrun for example_branch_operator to 2021-07-12 00:00:00+00:00
[2021-07-14 23:58:09,566] {scheduler_job.py:190} INFO - Processing /home/airflow/sandbox/lib/python3.8/site-packages/airflow/example_dags/example_branch_operator.py took 0.072 seconds
[2021-07-14 23:58:40,583] {scheduler_job.py:182} INFO - Started process (PID=2409) to work on /home/airflow/sandbox/lib/python3.8/site-packages/airflow/example_dags/example_branch_operator.py
[2021-07-14 23:58:40,584] {scheduler_job.py:633} INFO - Processing file /home/airflow/sandbox/lib/python3.8/site-packages/airflow/example_dags/example_branch_operator.py for tasks to queue
[2021-07-14 23:58:40,584] {logging_mixin.py:104} INFO - [2021-07-14 23:58:40,584] {dagbag.py:487} INFO - Filling up the DagBag from /home/airflow/sandbox/lib/python3.8/site-packages/airflow/example_dags/example_branch_operator.py
[2021-07-14 23:58:40,596] {scheduler_job.py:643} INFO - DAG(s) dict_keys(['example_branch_operator']) retrieved from /home/airflow/sandbox/lib/python3.8/site-packages/airflow/example_dags/example_branch_operator.py
[2021-07-14 23:58:40,611] {logging_mixin.py:104} INFO - [2021-07-14 23:58:40,611] {dag.py:1832} INFO - Sync 1 DAGs
[2021-07-14 23:58:40,623] {logging_mixin.py:104} INFO - [2021-07-14 23:58:40,623] {dag.py:2305} INFO - Setting next_dagrun for example_branch_operator to 2021-07-12 00:00:00+00:00
[2021-07-14 23:58:40,646] {scheduler_job.py:190} INFO - Processing /home/airflow/sandbox/lib/python3.8/site-packages/airflow/example_dags/example_branch_operator.py took 0.066 seconds
[2021-07-14 23:59:13,622] {scheduler_job.py:182} INFO - Started process (PID=2442) to work on /home/airflow/sandbox/lib/python3.8/site-packages/airflow/example_dags/example_branch_operator.py
[2021-07-14 23:59:13,623] {scheduler_job.py:633} INFO - Processing file /home/airflow/sandbox/lib/python3.8/site-packages/airflow/example_dags/example_branch_operator.py for tasks to queue
[2021-07-14 23:59:13,623] {logging_mixin.py:104} INFO - [2021-07-14 23:59:13,623] {dagbag.py:487} INFO - Filling up the DagBag from /home/airflow/sandbox/lib/python3.8/site-packages/airflow/example_dags/example_branch_operator.py
[2021-07-14 23:59:13,633] {scheduler_job.py:643} INFO - DAG(s) dict_keys(['example_branch_operator']) retrieved from /home/airflow/sandbox/lib/python3.8/site-packages/airflow/example_dags/example_branch_operator.py
[2021-07-14 23:59:13,645] {logging_mixin.py:104} INFO - [2021-07-14 23:59:13,645] {dag.py:1832} INFO - Sync 1 DAGs
[2021-07-14 23:59:13,656] {logging_mixin.py:104} INFO - [2021-07-14 23:59:13,656] {dag.py:2305} INFO - Setting next_dagrun for example_branch_operator to 2021-07-12 00:00:00+00:00
[2021-07-14 23:59:13,665] {scheduler_job.py:190} INFO - Processing /home/airflow/sandbox/lib/python3.8/site-packages/airflow/example_dags/example_branch_operator.py took 0.046 seconds
[2021-07-14 23:59:45,325] {scheduler_job.py:182} INFO - Started process (PID=2475) to work on /home/airflow/sandbox/lib/python3.8/site-packages/airflow/example_dags/example_branch_operator.py
[2021-07-14 23:59:45,326] {scheduler_job.py:633} INFO - Processing file /home/airflow/sandbox/lib/python3.8/site-packages/airflow/example_dags/example_branch_operator.py for tasks to queue
[2021-07-14 23:59:45,327] {logging_mixin.py:104} INFO - [2021-07-14 23:59:45,326] {dagbag.py:487} INFO - Filling up the DagBag from /home/airflow/sandbox/lib/python3.8/site-packages/airflow/example_dags/example_branch_operator.py
[2021-07-14 23:59:45,338] {scheduler_job.py:643} INFO - DAG(s) dict_keys(['example_branch_operator']) retrieved from /home/airflow/sandbox/lib/python3.8/site-packages/airflow/example_dags/example_branch_operator.py
[2021-07-14 23:59:45,354] {logging_mixin.py:104} INFO - [2021-07-14 23:59:45,354] {dag.py:1832} INFO - Sync 1 DAGs
[2021-07-14 23:59:45,367] {logging_mixin.py:104} INFO - [2021-07-14 23:59:45,367] {dag.py:2305} INFO - Setting next_dagrun for example_branch_operator to 2021-07-12 00:00:00+00:00
[2021-07-14 23:59:45,379] {scheduler_job.py:190} INFO - Processing /home/airflow/sandbox/lib/python3.8/site-packages/airflow/example_dags/example_branch_operator.py took 0.056 seconds
