[2021-07-14 23:02:52,059] {scheduler_job.py:182} INFO - Started process (PID=1577) to work on /home/airflow/sandbox/lib/python3.8/site-packages/airflow/example_dags/example_branch_datetime_operator.py
[2021-07-14 23:02:52,060] {scheduler_job.py:633} INFO - Processing file /home/airflow/sandbox/lib/python3.8/site-packages/airflow/example_dags/example_branch_datetime_operator.py for tasks to queue
[2021-07-14 23:02:52,060] {logging_mixin.py:104} INFO - [2021-07-14 23:02:52,060] {dagbag.py:487} INFO - Filling up the DagBag from /home/airflow/sandbox/lib/python3.8/site-packages/airflow/example_dags/example_branch_datetime_operator.py
[2021-07-14 23:02:52,079] {scheduler_job.py:643} INFO - DAG(s) dict_keys(['example_branch_datetime_operator_2']) retrieved from /home/airflow/sandbox/lib/python3.8/site-packages/airflow/example_dags/example_branch_datetime_operator.py
[2021-07-14 23:02:52,094] {logging_mixin.py:104} INFO - [2021-07-14 23:02:52,094] {dag.py:1832} INFO - Sync 1 DAGs
[2021-07-14 23:02:52,109] {logging_mixin.py:104} INFO - [2021-07-14 23:02:52,109] {dag.py:2305} INFO - Setting next_dagrun for example_branch_datetime_operator_2 to 2021-07-12 00:00:00+00:00
[2021-07-14 23:02:52,132] {scheduler_job.py:190} INFO - Processing /home/airflow/sandbox/lib/python3.8/site-packages/airflow/example_dags/example_branch_datetime_operator.py took 0.076 seconds
[2021-07-14 23:03:27,211] {scheduler_job.py:182} INFO - Started process (PID=1610) to work on /home/airflow/sandbox/lib/python3.8/site-packages/airflow/example_dags/example_branch_datetime_operator.py
[2021-07-14 23:03:27,211] {scheduler_job.py:633} INFO - Processing file /home/airflow/sandbox/lib/python3.8/site-packages/airflow/example_dags/example_branch_datetime_operator.py for tasks to queue
[2021-07-14 23:03:27,212] {logging_mixin.py:104} INFO - [2021-07-14 23:03:27,212] {dagbag.py:487} INFO - Filling up the DagBag from /home/airflow/sandbox/lib/python3.8/site-packages/airflow/example_dags/example_branch_datetime_operator.py
[2021-07-14 23:03:27,227] {scheduler_job.py:643} INFO - DAG(s) dict_keys(['example_branch_datetime_operator_2']) retrieved from /home/airflow/sandbox/lib/python3.8/site-packages/airflow/example_dags/example_branch_datetime_operator.py
[2021-07-14 23:03:27,241] {logging_mixin.py:104} INFO - [2021-07-14 23:03:27,241] {dag.py:1832} INFO - Sync 1 DAGs
[2021-07-14 23:03:27,254] {logging_mixin.py:104} INFO - [2021-07-14 23:03:27,254] {dag.py:2305} INFO - Setting next_dagrun for example_branch_datetime_operator_2 to 2021-07-12 00:00:00+00:00
[2021-07-14 23:03:27,276] {scheduler_job.py:190} INFO - Processing /home/airflow/sandbox/lib/python3.8/site-packages/airflow/example_dags/example_branch_datetime_operator.py took 0.067 seconds
[2021-07-14 23:04:04,359] {scheduler_job.py:182} INFO - Started process (PID=1656) to work on /home/airflow/sandbox/lib/python3.8/site-packages/airflow/example_dags/example_branch_datetime_operator.py
[2021-07-14 23:04:04,361] {scheduler_job.py:633} INFO - Processing file /home/airflow/sandbox/lib/python3.8/site-packages/airflow/example_dags/example_branch_datetime_operator.py for tasks to queue
[2021-07-14 23:04:04,362] {logging_mixin.py:104} INFO - [2021-07-14 23:04:04,362] {dagbag.py:487} INFO - Filling up the DagBag from /home/airflow/sandbox/lib/python3.8/site-packages/airflow/example_dags/example_branch_datetime_operator.py
[2021-07-14 23:04:04,381] {scheduler_job.py:643} INFO - DAG(s) dict_keys(['example_branch_datetime_operator_2']) retrieved from /home/airflow/sandbox/lib/python3.8/site-packages/airflow/example_dags/example_branch_datetime_operator.py
[2021-07-14 23:04:04,398] {logging_mixin.py:104} INFO - [2021-07-14 23:04:04,398] {dag.py:1832} INFO - Sync 1 DAGs
[2021-07-14 23:04:04,416] {logging_mixin.py:104} INFO - [2021-07-14 23:04:04,416] {dag.py:2305} INFO - Setting next_dagrun for example_branch_datetime_operator_2 to 2021-07-12 00:00:00+00:00
[2021-07-14 23:04:04,437] {scheduler_job.py:190} INFO - Processing /home/airflow/sandbox/lib/python3.8/site-packages/airflow/example_dags/example_branch_datetime_operator.py took 0.083 seconds
[2021-07-14 23:04:27,125] {scheduler_job.py:182} INFO - Started process (PID=1688) to work on /home/airflow/sandbox/lib/python3.8/site-packages/airflow/example_dags/example_branch_datetime_operator.py
[2021-07-14 23:04:27,127] {scheduler_job.py:633} INFO - Processing file /home/airflow/sandbox/lib/python3.8/site-packages/airflow/example_dags/example_branch_datetime_operator.py for tasks to queue
[2021-07-14 23:04:27,133] {logging_mixin.py:104} INFO - [2021-07-14 23:04:27,133] {dagbag.py:487} INFO - Filling up the DagBag from /home/airflow/sandbox/lib/python3.8/site-packages/airflow/example_dags/example_branch_datetime_operator.py
[2021-07-14 23:04:27,215] {scheduler_job.py:643} INFO - DAG(s) dict_keys(['example_branch_datetime_operator_2']) retrieved from /home/airflow/sandbox/lib/python3.8/site-packages/airflow/example_dags/example_branch_datetime_operator.py
[2021-07-14 23:04:27,295] {logging_mixin.py:104} INFO - [2021-07-14 23:04:27,295] {dag.py:1832} INFO - Sync 1 DAGs
[2021-07-14 23:04:27,397] {logging_mixin.py:104} INFO - [2021-07-14 23:04:27,396] {dag.py:2305} INFO - Setting next_dagrun for example_branch_datetime_operator_2 to 2021-07-12 00:00:00+00:00
[2021-07-14 23:04:27,461] {scheduler_job.py:190} INFO - Processing /home/airflow/sandbox/lib/python3.8/site-packages/airflow/example_dags/example_branch_datetime_operator.py took 0.351 seconds
[2021-07-14 23:04:48,914] {scheduler_job.py:182} INFO - Started process (PID=1725) to work on /home/airflow/sandbox/lib/python3.8/site-packages/airflow/example_dags/example_branch_datetime_operator.py
[2021-07-14 23:04:48,918] {scheduler_job.py:633} INFO - Processing file /home/airflow/sandbox/lib/python3.8/site-packages/airflow/example_dags/example_branch_datetime_operator.py for tasks to queue
[2021-07-14 23:04:48,919] {logging_mixin.py:104} INFO - [2021-07-14 23:04:48,919] {dagbag.py:487} INFO - Filling up the DagBag from /home/airflow/sandbox/lib/python3.8/site-packages/airflow/example_dags/example_branch_datetime_operator.py
[2021-07-14 23:04:48,950] {scheduler_job.py:643} INFO - DAG(s) dict_keys(['example_branch_datetime_operator_2']) retrieved from /home/airflow/sandbox/lib/python3.8/site-packages/airflow/example_dags/example_branch_datetime_operator.py
[2021-07-14 23:04:48,983] {logging_mixin.py:104} INFO - [2021-07-14 23:04:48,983] {dag.py:1832} INFO - Sync 1 DAGs
[2021-07-14 23:04:49,029] {logging_mixin.py:104} INFO - [2021-07-14 23:04:49,029] {dag.py:2305} INFO - Setting next_dagrun for example_branch_datetime_operator_2 to 2021-07-12 00:00:00+00:00
[2021-07-14 23:04:49,059] {scheduler_job.py:190} INFO - Processing /home/airflow/sandbox/lib/python3.8/site-packages/airflow/example_dags/example_branch_datetime_operator.py took 0.155 seconds
[2021-07-14 23:05:12,989] {scheduler_job.py:182} INFO - Started process (PID=1757) to work on /home/airflow/sandbox/lib/python3.8/site-packages/airflow/example_dags/example_branch_datetime_operator.py
[2021-07-14 23:05:12,998] {scheduler_job.py:633} INFO - Processing file /home/airflow/sandbox/lib/python3.8/site-packages/airflow/example_dags/example_branch_datetime_operator.py for tasks to queue
[2021-07-14 23:05:13,001] {logging_mixin.py:104} INFO - [2021-07-14 23:05:13,000] {dagbag.py:487} INFO - Filling up the DagBag from /home/airflow/sandbox/lib/python3.8/site-packages/airflow/example_dags/example_branch_datetime_operator.py
[2021-07-14 23:05:13,093] {scheduler_job.py:643} INFO - DAG(s) dict_keys(['example_branch_datetime_operator_2']) retrieved from /home/airflow/sandbox/lib/python3.8/site-packages/airflow/example_dags/example_branch_datetime_operator.py
[2021-07-14 23:05:13,206] {logging_mixin.py:104} INFO - [2021-07-14 23:05:13,206] {dag.py:1832} INFO - Sync 1 DAGs
[2021-07-14 23:05:13,298] {logging_mixin.py:104} INFO - [2021-07-14 23:05:13,298] {dag.py:2305} INFO - Setting next_dagrun for example_branch_datetime_operator_2 to 2021-07-12 00:00:00+00:00
[2021-07-14 23:05:13,347] {scheduler_job.py:190} INFO - Processing /home/airflow/sandbox/lib/python3.8/site-packages/airflow/example_dags/example_branch_datetime_operator.py took 0.375 seconds
[2021-07-14 23:05:35,779] {scheduler_job.py:182} INFO - Started process (PID=1793) to work on /home/airflow/sandbox/lib/python3.8/site-packages/airflow/example_dags/example_branch_datetime_operator.py
[2021-07-14 23:05:35,780] {scheduler_job.py:633} INFO - Processing file /home/airflow/sandbox/lib/python3.8/site-packages/airflow/example_dags/example_branch_datetime_operator.py for tasks to queue
[2021-07-14 23:05:35,780] {logging_mixin.py:104} INFO - [2021-07-14 23:05:35,780] {dagbag.py:487} INFO - Filling up the DagBag from /home/airflow/sandbox/lib/python3.8/site-packages/airflow/example_dags/example_branch_datetime_operator.py
[2021-07-14 23:05:35,797] {scheduler_job.py:643} INFO - DAG(s) dict_keys(['example_branch_datetime_operator_2']) retrieved from /home/airflow/sandbox/lib/python3.8/site-packages/airflow/example_dags/example_branch_datetime_operator.py
[2021-07-14 23:05:35,823] {logging_mixin.py:104} INFO - [2021-07-14 23:05:35,822] {dag.py:1832} INFO - Sync 1 DAGs
[2021-07-14 23:05:35,835] {logging_mixin.py:104} INFO - [2021-07-14 23:05:35,835] {dag.py:2305} INFO - Setting next_dagrun for example_branch_datetime_operator_2 to 2021-07-12 00:00:00+00:00
[2021-07-14 23:05:35,845] {scheduler_job.py:190} INFO - Processing /home/airflow/sandbox/lib/python3.8/site-packages/airflow/example_dags/example_branch_datetime_operator.py took 0.068 seconds
[2021-07-14 23:05:49,647] {scheduler_job.py:182} INFO - Started process (PID=1818) to work on /home/airflow/sandbox/lib/python3.8/site-packages/airflow/example_dags/example_branch_datetime_operator.py
[2021-07-14 23:05:49,648] {scheduler_job.py:633} INFO - Processing file /home/airflow/sandbox/lib/python3.8/site-packages/airflow/example_dags/example_branch_datetime_operator.py for tasks to queue
[2021-07-14 23:05:49,649] {logging_mixin.py:104} INFO - [2021-07-14 23:05:49,648] {dagbag.py:487} INFO - Filling up the DagBag from /home/airflow/sandbox/lib/python3.8/site-packages/airflow/example_dags/example_branch_datetime_operator.py
[2021-07-14 23:05:49,675] {scheduler_job.py:643} INFO - DAG(s) dict_keys(['example_branch_datetime_operator_2']) retrieved from /home/airflow/sandbox/lib/python3.8/site-packages/airflow/example_dags/example_branch_datetime_operator.py
[2021-07-14 23:05:49,709] {logging_mixin.py:104} INFO - [2021-07-14 23:05:49,709] {dag.py:1832} INFO - Sync 1 DAGs
[2021-07-14 23:05:49,734] {logging_mixin.py:104} INFO - [2021-07-14 23:05:49,734] {dag.py:2305} INFO - Setting next_dagrun for example_branch_datetime_operator_2 to 2021-07-12 00:00:00+00:00
[2021-07-14 23:05:49,762] {scheduler_job.py:190} INFO - Processing /home/airflow/sandbox/lib/python3.8/site-packages/airflow/example_dags/example_branch_datetime_operator.py took 0.118 seconds
[2021-07-14 23:06:09,434] {scheduler_job.py:182} INFO - Started process (PID=1855) to work on /home/airflow/sandbox/lib/python3.8/site-packages/airflow/example_dags/example_branch_datetime_operator.py
[2021-07-14 23:06:09,435] {scheduler_job.py:633} INFO - Processing file /home/airflow/sandbox/lib/python3.8/site-packages/airflow/example_dags/example_branch_datetime_operator.py for tasks to queue
[2021-07-14 23:06:09,436] {logging_mixin.py:104} INFO - [2021-07-14 23:06:09,436] {dagbag.py:487} INFO - Filling up the DagBag from /home/airflow/sandbox/lib/python3.8/site-packages/airflow/example_dags/example_branch_datetime_operator.py
[2021-07-14 23:06:09,448] {scheduler_job.py:643} INFO - DAG(s) dict_keys(['example_branch_datetime_operator_2']) retrieved from /home/airflow/sandbox/lib/python3.8/site-packages/airflow/example_dags/example_branch_datetime_operator.py
[2021-07-14 23:06:09,466] {logging_mixin.py:104} INFO - [2021-07-14 23:06:09,466] {dag.py:1832} INFO - Sync 1 DAGs
[2021-07-14 23:06:09,490] {logging_mixin.py:104} INFO - [2021-07-14 23:06:09,490] {dag.py:2305} INFO - Setting next_dagrun for example_branch_datetime_operator_2 to 2021-07-12 00:00:00+00:00
[2021-07-14 23:06:09,515] {scheduler_job.py:190} INFO - Processing /home/airflow/sandbox/lib/python3.8/site-packages/airflow/example_dags/example_branch_datetime_operator.py took 0.083 seconds
[2021-07-14 23:06:22,824] {scheduler_job.py:182} INFO - Started process (PID=1880) to work on /home/airflow/sandbox/lib/python3.8/site-packages/airflow/example_dags/example_branch_datetime_operator.py
[2021-07-14 23:06:22,825] {scheduler_job.py:633} INFO - Processing file /home/airflow/sandbox/lib/python3.8/site-packages/airflow/example_dags/example_branch_datetime_operator.py for tasks to queue
[2021-07-14 23:06:22,825] {logging_mixin.py:104} INFO - [2021-07-14 23:06:22,825] {dagbag.py:487} INFO - Filling up the DagBag from /home/airflow/sandbox/lib/python3.8/site-packages/airflow/example_dags/example_branch_datetime_operator.py
[2021-07-14 23:06:22,840] {scheduler_job.py:643} INFO - DAG(s) dict_keys(['example_branch_datetime_operator_2']) retrieved from /home/airflow/sandbox/lib/python3.8/site-packages/airflow/example_dags/example_branch_datetime_operator.py
[2021-07-14 23:06:22,855] {logging_mixin.py:104} INFO - [2021-07-14 23:06:22,855] {dag.py:1832} INFO - Sync 1 DAGs
[2021-07-14 23:06:22,868] {logging_mixin.py:104} INFO - [2021-07-14 23:06:22,868] {dag.py:2305} INFO - Setting next_dagrun for example_branch_datetime_operator_2 to 2021-07-12 00:00:00+00:00
[2021-07-14 23:06:22,889] {scheduler_job.py:190} INFO - Processing /home/airflow/sandbox/lib/python3.8/site-packages/airflow/example_dags/example_branch_datetime_operator.py took 0.069 seconds
[2021-07-14 23:06:43,080] {scheduler_job.py:182} INFO - Started process (PID=1915) to work on /home/airflow/sandbox/lib/python3.8/site-packages/airflow/example_dags/example_branch_datetime_operator.py
[2021-07-14 23:06:43,081] {scheduler_job.py:633} INFO - Processing file /home/airflow/sandbox/lib/python3.8/site-packages/airflow/example_dags/example_branch_datetime_operator.py for tasks to queue
[2021-07-14 23:06:43,082] {logging_mixin.py:104} INFO - [2021-07-14 23:06:43,082] {dagbag.py:487} INFO - Filling up the DagBag from /home/airflow/sandbox/lib/python3.8/site-packages/airflow/example_dags/example_branch_datetime_operator.py
[2021-07-14 23:06:43,095] {scheduler_job.py:643} INFO - DAG(s) dict_keys(['example_branch_datetime_operator_2']) retrieved from /home/airflow/sandbox/lib/python3.8/site-packages/airflow/example_dags/example_branch_datetime_operator.py
[2021-07-14 23:06:43,112] {logging_mixin.py:104} INFO - [2021-07-14 23:06:43,112] {dag.py:1832} INFO - Sync 1 DAGs
[2021-07-14 23:06:43,128] {logging_mixin.py:104} INFO - [2021-07-14 23:06:43,128] {dag.py:2305} INFO - Setting next_dagrun for example_branch_datetime_operator_2 to 2021-07-12 00:00:00+00:00
[2021-07-14 23:06:43,150] {scheduler_job.py:190} INFO - Processing /home/airflow/sandbox/lib/python3.8/site-packages/airflow/example_dags/example_branch_datetime_operator.py took 0.074 seconds
[2021-07-14 23:07:01,771] {scheduler_job.py:182} INFO - Started process (PID=1941) to work on /home/airflow/sandbox/lib/python3.8/site-packages/airflow/example_dags/example_branch_datetime_operator.py
[2021-07-14 23:07:01,781] {scheduler_job.py:633} INFO - Processing file /home/airflow/sandbox/lib/python3.8/site-packages/airflow/example_dags/example_branch_datetime_operator.py for tasks to queue
[2021-07-14 23:07:01,782] {logging_mixin.py:104} INFO - [2021-07-14 23:07:01,782] {dagbag.py:487} INFO - Filling up the DagBag from /home/airflow/sandbox/lib/python3.8/site-packages/airflow/example_dags/example_branch_datetime_operator.py
[2021-07-14 23:07:01,801] {scheduler_job.py:643} INFO - DAG(s) dict_keys(['example_branch_datetime_operator_2']) retrieved from /home/airflow/sandbox/lib/python3.8/site-packages/airflow/example_dags/example_branch_datetime_operator.py
[2021-07-14 23:07:01,819] {logging_mixin.py:104} INFO - [2021-07-14 23:07:01,819] {dag.py:1832} INFO - Sync 1 DAGs
[2021-07-14 23:07:01,837] {logging_mixin.py:104} INFO - [2021-07-14 23:07:01,837] {dag.py:2305} INFO - Setting next_dagrun for example_branch_datetime_operator_2 to 2021-07-12 00:00:00+00:00
[2021-07-14 23:07:01,853] {scheduler_job.py:190} INFO - Processing /home/airflow/sandbox/lib/python3.8/site-packages/airflow/example_dags/example_branch_datetime_operator.py took 0.090 seconds
[2021-07-14 23:07:25,497] {scheduler_job.py:182} INFO - Started process (PID=1984) to work on /home/airflow/sandbox/lib/python3.8/site-packages/airflow/example_dags/example_branch_datetime_operator.py
[2021-07-14 23:07:25,497] {scheduler_job.py:633} INFO - Processing file /home/airflow/sandbox/lib/python3.8/site-packages/airflow/example_dags/example_branch_datetime_operator.py for tasks to queue
[2021-07-14 23:07:25,498] {logging_mixin.py:104} INFO - [2021-07-14 23:07:25,498] {dagbag.py:487} INFO - Filling up the DagBag from /home/airflow/sandbox/lib/python3.8/site-packages/airflow/example_dags/example_branch_datetime_operator.py
[2021-07-14 23:07:25,520] {scheduler_job.py:643} INFO - DAG(s) dict_keys(['example_branch_datetime_operator_2']) retrieved from /home/airflow/sandbox/lib/python3.8/site-packages/airflow/example_dags/example_branch_datetime_operator.py
[2021-07-14 23:07:25,544] {logging_mixin.py:104} INFO - [2021-07-14 23:07:25,544] {dag.py:1832} INFO - Sync 1 DAGs
[2021-07-14 23:07:25,566] {logging_mixin.py:104} INFO - [2021-07-14 23:07:25,566] {dag.py:2305} INFO - Setting next_dagrun for example_branch_datetime_operator_2 to 2021-07-12 00:00:00+00:00
[2021-07-14 23:07:25,588] {scheduler_job.py:190} INFO - Processing /home/airflow/sandbox/lib/python3.8/site-packages/airflow/example_dags/example_branch_datetime_operator.py took 0.099 seconds
[2021-07-14 23:07:35,425] {scheduler_job.py:182} INFO - Started process (PID=2006) to work on /home/airflow/sandbox/lib/python3.8/site-packages/airflow/example_dags/example_branch_datetime_operator.py
[2021-07-14 23:07:35,426] {scheduler_job.py:633} INFO - Processing file /home/airflow/sandbox/lib/python3.8/site-packages/airflow/example_dags/example_branch_datetime_operator.py for tasks to queue
[2021-07-14 23:07:35,427] {logging_mixin.py:104} INFO - [2021-07-14 23:07:35,427] {dagbag.py:487} INFO - Filling up the DagBag from /home/airflow/sandbox/lib/python3.8/site-packages/airflow/example_dags/example_branch_datetime_operator.py
[2021-07-14 23:07:35,435] {scheduler_job.py:643} INFO - DAG(s) dict_keys(['example_branch_datetime_operator_2']) retrieved from /home/airflow/sandbox/lib/python3.8/site-packages/airflow/example_dags/example_branch_datetime_operator.py
[2021-07-14 23:07:35,445] {logging_mixin.py:104} INFO - [2021-07-14 23:07:35,445] {dag.py:1832} INFO - Sync 1 DAGs
[2021-07-14 23:07:35,456] {logging_mixin.py:104} INFO - [2021-07-14 23:07:35,456] {dag.py:2305} INFO - Setting next_dagrun for example_branch_datetime_operator_2 to 2021-07-12 00:00:00+00:00
[2021-07-14 23:07:35,476] {scheduler_job.py:190} INFO - Processing /home/airflow/sandbox/lib/python3.8/site-packages/airflow/example_dags/example_branch_datetime_operator.py took 0.053 seconds
[2021-07-14 23:07:57,031] {scheduler_job.py:182} INFO - Started process (PID=2049) to work on /home/airflow/sandbox/lib/python3.8/site-packages/airflow/example_dags/example_branch_datetime_operator.py
[2021-07-14 23:07:57,031] {scheduler_job.py:633} INFO - Processing file /home/airflow/sandbox/lib/python3.8/site-packages/airflow/example_dags/example_branch_datetime_operator.py for tasks to queue
[2021-07-14 23:07:57,032] {logging_mixin.py:104} INFO - [2021-07-14 23:07:57,032] {dagbag.py:487} INFO - Filling up the DagBag from /home/airflow/sandbox/lib/python3.8/site-packages/airflow/example_dags/example_branch_datetime_operator.py
[2021-07-14 23:07:57,041] {scheduler_job.py:643} INFO - DAG(s) dict_keys(['example_branch_datetime_operator_2']) retrieved from /home/airflow/sandbox/lib/python3.8/site-packages/airflow/example_dags/example_branch_datetime_operator.py
[2021-07-14 23:07:57,053] {logging_mixin.py:104} INFO - [2021-07-14 23:07:57,053] {dag.py:1832} INFO - Sync 1 DAGs
[2021-07-14 23:07:57,064] {logging_mixin.py:104} INFO - [2021-07-14 23:07:57,064] {dag.py:2305} INFO - Setting next_dagrun for example_branch_datetime_operator_2 to 2021-07-12 00:00:00+00:00
[2021-07-14 23:07:57,074] {scheduler_job.py:190} INFO - Processing /home/airflow/sandbox/lib/python3.8/site-packages/airflow/example_dags/example_branch_datetime_operator.py took 0.046 seconds
[2021-07-14 23:08:06,826] {scheduler_job.py:182} INFO - Started process (PID=2068) to work on /home/airflow/sandbox/lib/python3.8/site-packages/airflow/example_dags/example_branch_datetime_operator.py
[2021-07-14 23:08:06,827] {scheduler_job.py:633} INFO - Processing file /home/airflow/sandbox/lib/python3.8/site-packages/airflow/example_dags/example_branch_datetime_operator.py for tasks to queue
[2021-07-14 23:08:06,827] {logging_mixin.py:104} INFO - [2021-07-14 23:08:06,827] {dagbag.py:487} INFO - Filling up the DagBag from /home/airflow/sandbox/lib/python3.8/site-packages/airflow/example_dags/example_branch_datetime_operator.py
[2021-07-14 23:08:06,836] {scheduler_job.py:643} INFO - DAG(s) dict_keys(['example_branch_datetime_operator_2']) retrieved from /home/airflow/sandbox/lib/python3.8/site-packages/airflow/example_dags/example_branch_datetime_operator.py
[2021-07-14 23:08:06,846] {logging_mixin.py:104} INFO - [2021-07-14 23:08:06,846] {dag.py:1832} INFO - Sync 1 DAGs
[2021-07-14 23:08:06,857] {logging_mixin.py:104} INFO - [2021-07-14 23:08:06,857] {dag.py:2305} INFO - Setting next_dagrun for example_branch_datetime_operator_2 to 2021-07-12 00:00:00+00:00
[2021-07-14 23:08:06,869] {scheduler_job.py:190} INFO - Processing /home/airflow/sandbox/lib/python3.8/site-packages/airflow/example_dags/example_branch_datetime_operator.py took 0.046 seconds
[2021-07-14 23:08:28,629] {scheduler_job.py:182} INFO - Started process (PID=2112) to work on /home/airflow/sandbox/lib/python3.8/site-packages/airflow/example_dags/example_branch_datetime_operator.py
[2021-07-14 23:08:28,629] {scheduler_job.py:633} INFO - Processing file /home/airflow/sandbox/lib/python3.8/site-packages/airflow/example_dags/example_branch_datetime_operator.py for tasks to queue
[2021-07-14 23:08:28,630] {logging_mixin.py:104} INFO - [2021-07-14 23:08:28,630] {dagbag.py:487} INFO - Filling up the DagBag from /home/airflow/sandbox/lib/python3.8/site-packages/airflow/example_dags/example_branch_datetime_operator.py
[2021-07-14 23:08:28,648] {scheduler_job.py:643} INFO - DAG(s) dict_keys(['example_branch_datetime_operator_2']) retrieved from /home/airflow/sandbox/lib/python3.8/site-packages/airflow/example_dags/example_branch_datetime_operator.py
[2021-07-14 23:08:28,668] {logging_mixin.py:104} INFO - [2021-07-14 23:08:28,668] {dag.py:1832} INFO - Sync 1 DAGs
[2021-07-14 23:08:28,679] {logging_mixin.py:104} INFO - [2021-07-14 23:08:28,679] {dag.py:2305} INFO - Setting next_dagrun for example_branch_datetime_operator_2 to 2021-07-12 00:00:00+00:00
[2021-07-14 23:08:28,689] {scheduler_job.py:190} INFO - Processing /home/airflow/sandbox/lib/python3.8/site-packages/airflow/example_dags/example_branch_datetime_operator.py took 0.067 seconds
[2021-07-14 23:08:38,333] {scheduler_job.py:182} INFO - Started process (PID=2130) to work on /home/airflow/sandbox/lib/python3.8/site-packages/airflow/example_dags/example_branch_datetime_operator.py
[2021-07-14 23:08:38,334] {scheduler_job.py:633} INFO - Processing file /home/airflow/sandbox/lib/python3.8/site-packages/airflow/example_dags/example_branch_datetime_operator.py for tasks to queue
[2021-07-14 23:08:38,334] {logging_mixin.py:104} INFO - [2021-07-14 23:08:38,334] {dagbag.py:487} INFO - Filling up the DagBag from /home/airflow/sandbox/lib/python3.8/site-packages/airflow/example_dags/example_branch_datetime_operator.py
[2021-07-14 23:08:38,343] {scheduler_job.py:643} INFO - DAG(s) dict_keys(['example_branch_datetime_operator_2']) retrieved from /home/airflow/sandbox/lib/python3.8/site-packages/airflow/example_dags/example_branch_datetime_operator.py
[2021-07-14 23:08:38,354] {logging_mixin.py:104} INFO - [2021-07-14 23:08:38,354] {dag.py:1832} INFO - Sync 1 DAGs
[2021-07-14 23:08:38,365] {logging_mixin.py:104} INFO - [2021-07-14 23:08:38,365] {dag.py:2305} INFO - Setting next_dagrun for example_branch_datetime_operator_2 to 2021-07-12 00:00:00+00:00
[2021-07-14 23:08:38,382] {scheduler_job.py:190} INFO - Processing /home/airflow/sandbox/lib/python3.8/site-packages/airflow/example_dags/example_branch_datetime_operator.py took 0.052 seconds
[2021-07-14 23:09:01,058] {scheduler_job.py:182} INFO - Started process (PID=2173) to work on /home/airflow/sandbox/lib/python3.8/site-packages/airflow/example_dags/example_branch_datetime_operator.py
[2021-07-14 23:09:01,059] {scheduler_job.py:633} INFO - Processing file /home/airflow/sandbox/lib/python3.8/site-packages/airflow/example_dags/example_branch_datetime_operator.py for tasks to queue
[2021-07-14 23:09:01,059] {logging_mixin.py:104} INFO - [2021-07-14 23:09:01,059] {dagbag.py:487} INFO - Filling up the DagBag from /home/airflow/sandbox/lib/python3.8/site-packages/airflow/example_dags/example_branch_datetime_operator.py
[2021-07-14 23:09:01,069] {scheduler_job.py:643} INFO - DAG(s) dict_keys(['example_branch_datetime_operator_2']) retrieved from /home/airflow/sandbox/lib/python3.8/site-packages/airflow/example_dags/example_branch_datetime_operator.py
[2021-07-14 23:09:01,088] {logging_mixin.py:104} INFO - [2021-07-14 23:09:01,088] {dag.py:1832} INFO - Sync 1 DAGs
[2021-07-14 23:09:01,101] {logging_mixin.py:104} INFO - [2021-07-14 23:09:01,101] {dag.py:2305} INFO - Setting next_dagrun for example_branch_datetime_operator_2 to 2021-07-12 00:00:00+00:00
[2021-07-14 23:09:01,125] {scheduler_job.py:190} INFO - Processing /home/airflow/sandbox/lib/python3.8/site-packages/airflow/example_dags/example_branch_datetime_operator.py took 0.069 seconds
[2021-07-14 23:09:10,254] {scheduler_job.py:182} INFO - Started process (PID=2191) to work on /home/airflow/sandbox/lib/python3.8/site-packages/airflow/example_dags/example_branch_datetime_operator.py
[2021-07-14 23:09:10,255] {scheduler_job.py:633} INFO - Processing file /home/airflow/sandbox/lib/python3.8/site-packages/airflow/example_dags/example_branch_datetime_operator.py for tasks to queue
[2021-07-14 23:09:10,255] {logging_mixin.py:104} INFO - [2021-07-14 23:09:10,255] {dagbag.py:487} INFO - Filling up the DagBag from /home/airflow/sandbox/lib/python3.8/site-packages/airflow/example_dags/example_branch_datetime_operator.py
[2021-07-14 23:09:10,265] {scheduler_job.py:643} INFO - DAG(s) dict_keys(['example_branch_datetime_operator_2']) retrieved from /home/airflow/sandbox/lib/python3.8/site-packages/airflow/example_dags/example_branch_datetime_operator.py
[2021-07-14 23:09:10,276] {logging_mixin.py:104} INFO - [2021-07-14 23:09:10,276] {dag.py:1832} INFO - Sync 1 DAGs
[2021-07-14 23:09:10,290] {logging_mixin.py:104} INFO - [2021-07-14 23:09:10,290] {dag.py:2305} INFO - Setting next_dagrun for example_branch_datetime_operator_2 to 2021-07-12 00:00:00+00:00
[2021-07-14 23:09:10,304] {scheduler_job.py:190} INFO - Processing /home/airflow/sandbox/lib/python3.8/site-packages/airflow/example_dags/example_branch_datetime_operator.py took 0.052 seconds
[2021-07-14 23:09:33,309] {scheduler_job.py:182} INFO - Started process (PID=2236) to work on /home/airflow/sandbox/lib/python3.8/site-packages/airflow/example_dags/example_branch_datetime_operator.py
[2021-07-14 23:09:33,310] {scheduler_job.py:633} INFO - Processing file /home/airflow/sandbox/lib/python3.8/site-packages/airflow/example_dags/example_branch_datetime_operator.py for tasks to queue
[2021-07-14 23:09:33,312] {logging_mixin.py:104} INFO - [2021-07-14 23:09:33,312] {dagbag.py:487} INFO - Filling up the DagBag from /home/airflow/sandbox/lib/python3.8/site-packages/airflow/example_dags/example_branch_datetime_operator.py
[2021-07-14 23:09:33,329] {scheduler_job.py:643} INFO - DAG(s) dict_keys(['example_branch_datetime_operator_2']) retrieved from /home/airflow/sandbox/lib/python3.8/site-packages/airflow/example_dags/example_branch_datetime_operator.py
[2021-07-14 23:09:33,354] {logging_mixin.py:104} INFO - [2021-07-14 23:09:33,353] {dag.py:1832} INFO - Sync 1 DAGs
[2021-07-14 23:09:33,400] {logging_mixin.py:104} INFO - [2021-07-14 23:09:33,400] {dag.py:2305} INFO - Setting next_dagrun for example_branch_datetime_operator_2 to 2021-07-12 00:00:00+00:00
[2021-07-14 23:09:33,427] {scheduler_job.py:190} INFO - Processing /home/airflow/sandbox/lib/python3.8/site-packages/airflow/example_dags/example_branch_datetime_operator.py took 0.123 seconds
[2021-07-14 23:09:41,355] {scheduler_job.py:182} INFO - Started process (PID=2251) to work on /home/airflow/sandbox/lib/python3.8/site-packages/airflow/example_dags/example_branch_datetime_operator.py
[2021-07-14 23:09:41,356] {scheduler_job.py:633} INFO - Processing file /home/airflow/sandbox/lib/python3.8/site-packages/airflow/example_dags/example_branch_datetime_operator.py for tasks to queue
[2021-07-14 23:09:41,356] {logging_mixin.py:104} INFO - [2021-07-14 23:09:41,356] {dagbag.py:487} INFO - Filling up the DagBag from /home/airflow/sandbox/lib/python3.8/site-packages/airflow/example_dags/example_branch_datetime_operator.py
[2021-07-14 23:09:41,367] {scheduler_job.py:643} INFO - DAG(s) dict_keys(['example_branch_datetime_operator_2']) retrieved from /home/airflow/sandbox/lib/python3.8/site-packages/airflow/example_dags/example_branch_datetime_operator.py
[2021-07-14 23:09:41,379] {logging_mixin.py:104} INFO - [2021-07-14 23:09:41,379] {dag.py:1832} INFO - Sync 1 DAGs
[2021-07-14 23:09:41,391] {logging_mixin.py:104} INFO - [2021-07-14 23:09:41,391] {dag.py:2305} INFO - Setting next_dagrun for example_branch_datetime_operator_2 to 2021-07-12 00:00:00+00:00
[2021-07-14 23:09:41,402] {scheduler_job.py:190} INFO - Processing /home/airflow/sandbox/lib/python3.8/site-packages/airflow/example_dags/example_branch_datetime_operator.py took 0.050 seconds
[2021-07-14 23:10:06,497] {scheduler_job.py:182} INFO - Started process (PID=2300) to work on /home/airflow/sandbox/lib/python3.8/site-packages/airflow/example_dags/example_branch_datetime_operator.py
[2021-07-14 23:10:06,499] {scheduler_job.py:633} INFO - Processing file /home/airflow/sandbox/lib/python3.8/site-packages/airflow/example_dags/example_branch_datetime_operator.py for tasks to queue
[2021-07-14 23:10:06,500] {logging_mixin.py:104} INFO - [2021-07-14 23:10:06,500] {dagbag.py:487} INFO - Filling up the DagBag from /home/airflow/sandbox/lib/python3.8/site-packages/airflow/example_dags/example_branch_datetime_operator.py
[2021-07-14 23:10:06,512] {scheduler_job.py:643} INFO - DAG(s) dict_keys(['example_branch_datetime_operator_2']) retrieved from /home/airflow/sandbox/lib/python3.8/site-packages/airflow/example_dags/example_branch_datetime_operator.py
[2021-07-14 23:10:06,526] {logging_mixin.py:104} INFO - [2021-07-14 23:10:06,526] {dag.py:1832} INFO - Sync 1 DAGs
[2021-07-14 23:10:06,540] {logging_mixin.py:104} INFO - [2021-07-14 23:10:06,540] {dag.py:2305} INFO - Setting next_dagrun for example_branch_datetime_operator_2 to 2021-07-12 00:00:00+00:00
[2021-07-14 23:10:06,551] {scheduler_job.py:190} INFO - Processing /home/airflow/sandbox/lib/python3.8/site-packages/airflow/example_dags/example_branch_datetime_operator.py took 0.057 seconds
[2021-07-14 23:10:12,239] {scheduler_job.py:182} INFO - Started process (PID=2312) to work on /home/airflow/sandbox/lib/python3.8/site-packages/airflow/example_dags/example_branch_datetime_operator.py
[2021-07-14 23:10:12,240] {scheduler_job.py:633} INFO - Processing file /home/airflow/sandbox/lib/python3.8/site-packages/airflow/example_dags/example_branch_datetime_operator.py for tasks to queue
[2021-07-14 23:10:12,241] {logging_mixin.py:104} INFO - [2021-07-14 23:10:12,241] {dagbag.py:487} INFO - Filling up the DagBag from /home/airflow/sandbox/lib/python3.8/site-packages/airflow/example_dags/example_branch_datetime_operator.py
[2021-07-14 23:10:12,260] {scheduler_job.py:643} INFO - DAG(s) dict_keys(['example_branch_datetime_operator_2']) retrieved from /home/airflow/sandbox/lib/python3.8/site-packages/airflow/example_dags/example_branch_datetime_operator.py
[2021-07-14 23:10:12,279] {logging_mixin.py:104} INFO - [2021-07-14 23:10:12,279] {dag.py:1832} INFO - Sync 1 DAGs
[2021-07-14 23:10:12,305] {logging_mixin.py:104} INFO - [2021-07-14 23:10:12,305] {dag.py:2305} INFO - Setting next_dagrun for example_branch_datetime_operator_2 to 2021-07-12 00:00:00+00:00
[2021-07-14 23:10:12,324] {scheduler_job.py:190} INFO - Processing /home/airflow/sandbox/lib/python3.8/site-packages/airflow/example_dags/example_branch_datetime_operator.py took 0.088 seconds
[2021-07-14 23:10:40,572] {scheduler_job.py:182} INFO - Started process (PID=2361) to work on /home/airflow/sandbox/lib/python3.8/site-packages/airflow/example_dags/example_branch_datetime_operator.py
[2021-07-14 23:10:40,576] {scheduler_job.py:633} INFO - Processing file /home/airflow/sandbox/lib/python3.8/site-packages/airflow/example_dags/example_branch_datetime_operator.py for tasks to queue
[2021-07-14 23:10:40,578] {logging_mixin.py:104} INFO - [2021-07-14 23:10:40,577] {dagbag.py:487} INFO - Filling up the DagBag from /home/airflow/sandbox/lib/python3.8/site-packages/airflow/example_dags/example_branch_datetime_operator.py
[2021-07-14 23:10:40,619] {scheduler_job.py:643} INFO - DAG(s) dict_keys(['example_branch_datetime_operator_2']) retrieved from /home/airflow/sandbox/lib/python3.8/site-packages/airflow/example_dags/example_branch_datetime_operator.py
[2021-07-14 23:10:40,667] {logging_mixin.py:104} INFO - [2021-07-14 23:10:40,667] {dag.py:1832} INFO - Sync 1 DAGs
[2021-07-14 23:10:40,724] {logging_mixin.py:104} INFO - [2021-07-14 23:10:40,723] {dag.py:2305} INFO - Setting next_dagrun for example_branch_datetime_operator_2 to 2021-07-12 00:00:00+00:00
[2021-07-14 23:10:40,765] {scheduler_job.py:190} INFO - Processing /home/airflow/sandbox/lib/python3.8/site-packages/airflow/example_dags/example_branch_datetime_operator.py took 0.203 seconds
[2021-07-14 23:10:50,410] {scheduler_job.py:182} INFO - Started process (PID=2371) to work on /home/airflow/sandbox/lib/python3.8/site-packages/airflow/example_dags/example_branch_datetime_operator.py
[2021-07-14 23:10:50,413] {scheduler_job.py:633} INFO - Processing file /home/airflow/sandbox/lib/python3.8/site-packages/airflow/example_dags/example_branch_datetime_operator.py for tasks to queue
[2021-07-14 23:10:50,415] {logging_mixin.py:104} INFO - [2021-07-14 23:10:50,415] {dagbag.py:487} INFO - Filling up the DagBag from /home/airflow/sandbox/lib/python3.8/site-packages/airflow/example_dags/example_branch_datetime_operator.py
[2021-07-14 23:10:50,463] {scheduler_job.py:643} INFO - DAG(s) dict_keys(['example_branch_datetime_operator_2']) retrieved from /home/airflow/sandbox/lib/python3.8/site-packages/airflow/example_dags/example_branch_datetime_operator.py
[2021-07-14 23:10:50,514] {logging_mixin.py:104} INFO - [2021-07-14 23:10:50,513] {dag.py:1832} INFO - Sync 1 DAGs
[2021-07-14 23:10:50,561] {logging_mixin.py:104} INFO - [2021-07-14 23:10:50,561] {dag.py:2305} INFO - Setting next_dagrun for example_branch_datetime_operator_2 to 2021-07-12 00:00:00+00:00
[2021-07-14 23:10:50,610] {scheduler_job.py:190} INFO - Processing /home/airflow/sandbox/lib/python3.8/site-packages/airflow/example_dags/example_branch_datetime_operator.py took 0.212 seconds
[2021-07-14 23:11:30,336] {scheduler_job.py:182} INFO - Started process (PID=2428) to work on /home/airflow/sandbox/lib/python3.8/site-packages/airflow/example_dags/example_branch_datetime_operator.py
[2021-07-14 23:11:30,337] {scheduler_job.py:633} INFO - Processing file /home/airflow/sandbox/lib/python3.8/site-packages/airflow/example_dags/example_branch_datetime_operator.py for tasks to queue
[2021-07-14 23:11:30,337] {logging_mixin.py:104} INFO - [2021-07-14 23:11:30,337] {dagbag.py:487} INFO - Filling up the DagBag from /home/airflow/sandbox/lib/python3.8/site-packages/airflow/example_dags/example_branch_datetime_operator.py
[2021-07-14 23:11:30,352] {scheduler_job.py:643} INFO - DAG(s) dict_keys(['example_branch_datetime_operator_2']) retrieved from /home/airflow/sandbox/lib/python3.8/site-packages/airflow/example_dags/example_branch_datetime_operator.py
[2021-07-14 23:11:30,367] {logging_mixin.py:104} INFO - [2021-07-14 23:11:30,367] {dag.py:1832} INFO - Sync 1 DAGs
[2021-07-14 23:11:30,385] {logging_mixin.py:104} INFO - [2021-07-14 23:11:30,385] {dag.py:2305} INFO - Setting next_dagrun for example_branch_datetime_operator_2 to 2021-07-12 00:00:00+00:00
[2021-07-14 23:11:30,405] {scheduler_job.py:190} INFO - Processing /home/airflow/sandbox/lib/python3.8/site-packages/airflow/example_dags/example_branch_datetime_operator.py took 0.072 seconds
[2021-07-14 23:11:32,007] {scheduler_job.py:182} INFO - Started process (PID=2431) to work on /home/airflow/sandbox/lib/python3.8/site-packages/airflow/example_dags/example_branch_datetime_operator.py
[2021-07-14 23:11:32,009] {scheduler_job.py:633} INFO - Processing file /home/airflow/sandbox/lib/python3.8/site-packages/airflow/example_dags/example_branch_datetime_operator.py for tasks to queue
[2021-07-14 23:11:32,009] {logging_mixin.py:104} INFO - [2021-07-14 23:11:32,009] {dagbag.py:487} INFO - Filling up the DagBag from /home/airflow/sandbox/lib/python3.8/site-packages/airflow/example_dags/example_branch_datetime_operator.py
[2021-07-14 23:11:32,021] {scheduler_job.py:643} INFO - DAG(s) dict_keys(['example_branch_datetime_operator_2']) retrieved from /home/airflow/sandbox/lib/python3.8/site-packages/airflow/example_dags/example_branch_datetime_operator.py
[2021-07-14 23:11:32,034] {logging_mixin.py:104} INFO - [2021-07-14 23:11:32,034] {dag.py:1832} INFO - Sync 1 DAGs
[2021-07-14 23:11:32,048] {logging_mixin.py:104} INFO - [2021-07-14 23:11:32,048] {dag.py:2305} INFO - Setting next_dagrun for example_branch_datetime_operator_2 to 2021-07-12 00:00:00+00:00
[2021-07-14 23:11:32,060] {scheduler_job.py:190} INFO - Processing /home/airflow/sandbox/lib/python3.8/site-packages/airflow/example_dags/example_branch_datetime_operator.py took 0.055 seconds
[2021-07-14 23:12:02,637] {scheduler_job.py:182} INFO - Started process (PID=2490) to work on /home/airflow/sandbox/lib/python3.8/site-packages/airflow/example_dags/example_branch_datetime_operator.py
[2021-07-14 23:12:02,638] {scheduler_job.py:633} INFO - Processing file /home/airflow/sandbox/lib/python3.8/site-packages/airflow/example_dags/example_branch_datetime_operator.py for tasks to queue
[2021-07-14 23:12:02,638] {logging_mixin.py:104} INFO - [2021-07-14 23:12:02,638] {dagbag.py:487} INFO - Filling up the DagBag from /home/airflow/sandbox/lib/python3.8/site-packages/airflow/example_dags/example_branch_datetime_operator.py
[2021-07-14 23:12:02,649] {scheduler_job.py:643} INFO - DAG(s) dict_keys(['example_branch_datetime_operator_2']) retrieved from /home/airflow/sandbox/lib/python3.8/site-packages/airflow/example_dags/example_branch_datetime_operator.py
[2021-07-14 23:12:02,661] {logging_mixin.py:104} INFO - [2021-07-14 23:12:02,661] {dag.py:1832} INFO - Sync 1 DAGs
[2021-07-14 23:12:02,674] {logging_mixin.py:104} INFO - [2021-07-14 23:12:02,674] {dag.py:2305} INFO - Setting next_dagrun for example_branch_datetime_operator_2 to 2021-07-12 00:00:00+00:00
[2021-07-14 23:12:02,695] {scheduler_job.py:190} INFO - Processing /home/airflow/sandbox/lib/python3.8/site-packages/airflow/example_dags/example_branch_datetime_operator.py took 0.061 seconds
[2021-07-14 23:12:04,358] {scheduler_job.py:182} INFO - Started process (PID=2493) to work on /home/airflow/sandbox/lib/python3.8/site-packages/airflow/example_dags/example_branch_datetime_operator.py
[2021-07-14 23:12:04,359] {scheduler_job.py:633} INFO - Processing file /home/airflow/sandbox/lib/python3.8/site-packages/airflow/example_dags/example_branch_datetime_operator.py for tasks to queue
[2021-07-14 23:12:04,359] {logging_mixin.py:104} INFO - [2021-07-14 23:12:04,359] {dagbag.py:487} INFO - Filling up the DagBag from /home/airflow/sandbox/lib/python3.8/site-packages/airflow/example_dags/example_branch_datetime_operator.py
[2021-07-14 23:12:04,369] {scheduler_job.py:643} INFO - DAG(s) dict_keys(['example_branch_datetime_operator_2']) retrieved from /home/airflow/sandbox/lib/python3.8/site-packages/airflow/example_dags/example_branch_datetime_operator.py
[2021-07-14 23:12:04,382] {logging_mixin.py:104} INFO - [2021-07-14 23:12:04,382] {dag.py:1832} INFO - Sync 1 DAGs
[2021-07-14 23:12:04,393] {logging_mixin.py:104} INFO - [2021-07-14 23:12:04,393] {dag.py:2305} INFO - Setting next_dagrun for example_branch_datetime_operator_2 to 2021-07-12 00:00:00+00:00
[2021-07-14 23:12:04,404] {scheduler_job.py:190} INFO - Processing /home/airflow/sandbox/lib/python3.8/site-packages/airflow/example_dags/example_branch_datetime_operator.py took 0.049 seconds
[2021-07-14 23:12:36,697] {scheduler_job.py:182} INFO - Started process (PID=2555) to work on /home/airflow/sandbox/lib/python3.8/site-packages/airflow/example_dags/example_branch_datetime_operator.py
[2021-07-14 23:12:36,700] {scheduler_job.py:633} INFO - Processing file /home/airflow/sandbox/lib/python3.8/site-packages/airflow/example_dags/example_branch_datetime_operator.py for tasks to queue
[2021-07-14 23:12:36,701] {logging_mixin.py:104} INFO - [2021-07-14 23:12:36,701] {dagbag.py:487} INFO - Filling up the DagBag from /home/airflow/sandbox/lib/python3.8/site-packages/airflow/example_dags/example_branch_datetime_operator.py
[2021-07-14 23:12:36,732] {scheduler_job.py:643} INFO - DAG(s) dict_keys(['example_branch_datetime_operator_2']) retrieved from /home/airflow/sandbox/lib/python3.8/site-packages/airflow/example_dags/example_branch_datetime_operator.py
[2021-07-14 23:12:36,767] {logging_mixin.py:104} INFO - [2021-07-14 23:12:36,766] {dag.py:1832} INFO - Sync 1 DAGs
[2021-07-14 23:12:36,801] {logging_mixin.py:104} INFO - [2021-07-14 23:12:36,801] {dag.py:2305} INFO - Setting next_dagrun for example_branch_datetime_operator_2 to 2021-07-12 00:00:00+00:00
[2021-07-14 23:12:36,828] {scheduler_job.py:190} INFO - Processing /home/airflow/sandbox/lib/python3.8/site-packages/airflow/example_dags/example_branch_datetime_operator.py took 0.137 seconds
[2021-07-14 23:12:37,160] {scheduler_job.py:182} INFO - Started process (PID=2556) to work on /home/airflow/sandbox/lib/python3.8/site-packages/airflow/example_dags/example_branch_datetime_operator.py
[2021-07-14 23:12:37,161] {scheduler_job.py:633} INFO - Processing file /home/airflow/sandbox/lib/python3.8/site-packages/airflow/example_dags/example_branch_datetime_operator.py for tasks to queue
[2021-07-14 23:12:37,162] {logging_mixin.py:104} INFO - [2021-07-14 23:12:37,162] {dagbag.py:487} INFO - Filling up the DagBag from /home/airflow/sandbox/lib/python3.8/site-packages/airflow/example_dags/example_branch_datetime_operator.py
[2021-07-14 23:12:37,193] {scheduler_job.py:643} INFO - DAG(s) dict_keys(['example_branch_datetime_operator_2']) retrieved from /home/airflow/sandbox/lib/python3.8/site-packages/airflow/example_dags/example_branch_datetime_operator.py
[2021-07-14 23:12:37,225] {logging_mixin.py:104} INFO - [2021-07-14 23:12:37,224] {dag.py:1832} INFO - Sync 1 DAGs
[2021-07-14 23:12:37,258] {logging_mixin.py:104} INFO - [2021-07-14 23:12:37,258] {dag.py:2305} INFO - Setting next_dagrun for example_branch_datetime_operator_2 to 2021-07-12 00:00:00+00:00
[2021-07-14 23:12:37,279] {scheduler_job.py:190} INFO - Processing /home/airflow/sandbox/lib/python3.8/site-packages/airflow/example_dags/example_branch_datetime_operator.py took 0.129 seconds
[2021-07-14 23:13:07,324] {scheduler_job.py:182} INFO - Started process (PID=2614) to work on /home/airflow/sandbox/lib/python3.8/site-packages/airflow/example_dags/example_branch_datetime_operator.py
[2021-07-14 23:13:07,325] {scheduler_job.py:633} INFO - Processing file /home/airflow/sandbox/lib/python3.8/site-packages/airflow/example_dags/example_branch_datetime_operator.py for tasks to queue
[2021-07-14 23:13:07,325] {logging_mixin.py:104} INFO - [2021-07-14 23:13:07,325] {dagbag.py:487} INFO - Filling up the DagBag from /home/airflow/sandbox/lib/python3.8/site-packages/airflow/example_dags/example_branch_datetime_operator.py
[2021-07-14 23:13:07,336] {scheduler_job.py:643} INFO - DAG(s) dict_keys(['example_branch_datetime_operator_2']) retrieved from /home/airflow/sandbox/lib/python3.8/site-packages/airflow/example_dags/example_branch_datetime_operator.py
[2021-07-14 23:13:07,348] {logging_mixin.py:104} INFO - [2021-07-14 23:13:07,348] {dag.py:1832} INFO - Sync 1 DAGs
[2021-07-14 23:13:07,359] {logging_mixin.py:104} INFO - [2021-07-14 23:13:07,359] {dag.py:2305} INFO - Setting next_dagrun for example_branch_datetime_operator_2 to 2021-07-12 00:00:00+00:00
[2021-07-14 23:13:07,379] {scheduler_job.py:190} INFO - Processing /home/airflow/sandbox/lib/python3.8/site-packages/airflow/example_dags/example_branch_datetime_operator.py took 0.058 seconds
[2021-07-14 23:48:56,634] {scheduler_job.py:182} INFO - Started process (PID=1851) to work on /home/airflow/sandbox/lib/python3.8/site-packages/airflow/example_dags/example_branch_datetime_operator.py
[2021-07-14 23:48:56,644] {scheduler_job.py:633} INFO - Processing file /home/airflow/sandbox/lib/python3.8/site-packages/airflow/example_dags/example_branch_datetime_operator.py for tasks to queue
[2021-07-14 23:48:56,645] {logging_mixin.py:104} INFO - [2021-07-14 23:48:56,645] {dagbag.py:487} INFO - Filling up the DagBag from /home/airflow/sandbox/lib/python3.8/site-packages/airflow/example_dags/example_branch_datetime_operator.py
[2021-07-14 23:48:56,653] {scheduler_job.py:643} INFO - DAG(s) dict_keys(['example_branch_datetime_operator_2']) retrieved from /home/airflow/sandbox/lib/python3.8/site-packages/airflow/example_dags/example_branch_datetime_operator.py
[2021-07-14 23:48:56,665] {logging_mixin.py:104} INFO - [2021-07-14 23:48:56,665] {dag.py:1832} INFO - Sync 1 DAGs
[2021-07-14 23:48:56,676] {logging_mixin.py:104} INFO - [2021-07-14 23:48:56,676] {dag.py:2305} INFO - Setting next_dagrun for example_branch_datetime_operator_2 to 2021-07-12 00:00:00+00:00
[2021-07-14 23:48:56,685] {scheduler_job.py:190} INFO - Processing /home/airflow/sandbox/lib/python3.8/site-packages/airflow/example_dags/example_branch_datetime_operator.py took 0.054 seconds
[2021-07-14 23:49:29,149] {scheduler_job.py:182} INFO - Started process (PID=1882) to work on /home/airflow/sandbox/lib/python3.8/site-packages/airflow/example_dags/example_branch_datetime_operator.py
[2021-07-14 23:49:29,150] {scheduler_job.py:633} INFO - Processing file /home/airflow/sandbox/lib/python3.8/site-packages/airflow/example_dags/example_branch_datetime_operator.py for tasks to queue
[2021-07-14 23:49:29,151] {logging_mixin.py:104} INFO - [2021-07-14 23:49:29,151] {dagbag.py:487} INFO - Filling up the DagBag from /home/airflow/sandbox/lib/python3.8/site-packages/airflow/example_dags/example_branch_datetime_operator.py
[2021-07-14 23:49:29,161] {scheduler_job.py:643} INFO - DAG(s) dict_keys(['example_branch_datetime_operator_2']) retrieved from /home/airflow/sandbox/lib/python3.8/site-packages/airflow/example_dags/example_branch_datetime_operator.py
[2021-07-14 23:49:29,172] {logging_mixin.py:104} INFO - [2021-07-14 23:49:29,172] {dag.py:1832} INFO - Sync 1 DAGs
[2021-07-14 23:49:29,185] {logging_mixin.py:104} INFO - [2021-07-14 23:49:29,185] {dag.py:2305} INFO - Setting next_dagrun for example_branch_datetime_operator_2 to 2021-07-12 00:00:00+00:00
[2021-07-14 23:49:29,195] {scheduler_job.py:190} INFO - Processing /home/airflow/sandbox/lib/python3.8/site-packages/airflow/example_dags/example_branch_datetime_operator.py took 0.048 seconds
[2021-07-14 23:50:00,590] {scheduler_job.py:182} INFO - Started process (PID=1913) to work on /home/airflow/sandbox/lib/python3.8/site-packages/airflow/example_dags/example_branch_datetime_operator.py
[2021-07-14 23:50:00,590] {scheduler_job.py:633} INFO - Processing file /home/airflow/sandbox/lib/python3.8/site-packages/airflow/example_dags/example_branch_datetime_operator.py for tasks to queue
[2021-07-14 23:50:00,591] {logging_mixin.py:104} INFO - [2021-07-14 23:50:00,591] {dagbag.py:487} INFO - Filling up the DagBag from /home/airflow/sandbox/lib/python3.8/site-packages/airflow/example_dags/example_branch_datetime_operator.py
[2021-07-14 23:50:00,602] {scheduler_job.py:643} INFO - DAG(s) dict_keys(['example_branch_datetime_operator_2']) retrieved from /home/airflow/sandbox/lib/python3.8/site-packages/airflow/example_dags/example_branch_datetime_operator.py
[2021-07-14 23:50:00,613] {logging_mixin.py:104} INFO - [2021-07-14 23:50:00,613] {dag.py:1832} INFO - Sync 1 DAGs
[2021-07-14 23:50:00,626] {logging_mixin.py:104} INFO - [2021-07-14 23:50:00,626] {dag.py:2305} INFO - Setting next_dagrun for example_branch_datetime_operator_2 to 2021-07-12 00:00:00+00:00
[2021-07-14 23:50:00,645] {scheduler_job.py:190} INFO - Processing /home/airflow/sandbox/lib/python3.8/site-packages/airflow/example_dags/example_branch_datetime_operator.py took 0.058 seconds
[2021-07-14 23:50:32,698] {scheduler_job.py:182} INFO - Started process (PID=1944) to work on /home/airflow/sandbox/lib/python3.8/site-packages/airflow/example_dags/example_branch_datetime_operator.py
[2021-07-14 23:50:32,699] {scheduler_job.py:633} INFO - Processing file /home/airflow/sandbox/lib/python3.8/site-packages/airflow/example_dags/example_branch_datetime_operator.py for tasks to queue
[2021-07-14 23:50:32,700] {logging_mixin.py:104} INFO - [2021-07-14 23:50:32,699] {dagbag.py:487} INFO - Filling up the DagBag from /home/airflow/sandbox/lib/python3.8/site-packages/airflow/example_dags/example_branch_datetime_operator.py
[2021-07-14 23:50:32,711] {scheduler_job.py:643} INFO - DAG(s) dict_keys(['example_branch_datetime_operator_2']) retrieved from /home/airflow/sandbox/lib/python3.8/site-packages/airflow/example_dags/example_branch_datetime_operator.py
[2021-07-14 23:50:32,722] {logging_mixin.py:104} INFO - [2021-07-14 23:50:32,722] {dag.py:1832} INFO - Sync 1 DAGs
[2021-07-14 23:50:32,733] {logging_mixin.py:104} INFO - [2021-07-14 23:50:32,733] {dag.py:2305} INFO - Setting next_dagrun for example_branch_datetime_operator_2 to 2021-07-12 00:00:00+00:00
[2021-07-14 23:50:32,747] {scheduler_job.py:190} INFO - Processing /home/airflow/sandbox/lib/python3.8/site-packages/airflow/example_dags/example_branch_datetime_operator.py took 0.051 seconds
[2021-07-14 23:51:09,126] {scheduler_job.py:182} INFO - Started process (PID=1977) to work on /home/airflow/sandbox/lib/python3.8/site-packages/airflow/example_dags/example_branch_datetime_operator.py
[2021-07-14 23:51:09,129] {scheduler_job.py:633} INFO - Processing file /home/airflow/sandbox/lib/python3.8/site-packages/airflow/example_dags/example_branch_datetime_operator.py for tasks to queue
[2021-07-14 23:51:09,131] {logging_mixin.py:104} INFO - [2021-07-14 23:51:09,131] {dagbag.py:487} INFO - Filling up the DagBag from /home/airflow/sandbox/lib/python3.8/site-packages/airflow/example_dags/example_branch_datetime_operator.py
[2021-07-14 23:51:09,210] {scheduler_job.py:643} INFO - DAG(s) dict_keys(['example_branch_datetime_operator_2']) retrieved from /home/airflow/sandbox/lib/python3.8/site-packages/airflow/example_dags/example_branch_datetime_operator.py
[2021-07-14 23:51:09,264] {logging_mixin.py:104} INFO - [2021-07-14 23:51:09,264] {dag.py:1832} INFO - Sync 1 DAGs
[2021-07-14 23:51:09,328] {logging_mixin.py:104} INFO - [2021-07-14 23:51:09,327] {dag.py:2305} INFO - Setting next_dagrun for example_branch_datetime_operator_2 to 2021-07-12 00:00:00+00:00
[2021-07-14 23:51:09,360] {scheduler_job.py:190} INFO - Processing /home/airflow/sandbox/lib/python3.8/site-packages/airflow/example_dags/example_branch_datetime_operator.py took 0.243 seconds
[2021-07-14 23:51:53,127] {scheduler_job.py:182} INFO - Started process (PID=2008) to work on /home/airflow/sandbox/lib/python3.8/site-packages/airflow/example_dags/example_branch_datetime_operator.py
[2021-07-14 23:51:53,131] {scheduler_job.py:633} INFO - Processing file /home/airflow/sandbox/lib/python3.8/site-packages/airflow/example_dags/example_branch_datetime_operator.py for tasks to queue
[2021-07-14 23:51:53,133] {logging_mixin.py:104} INFO - [2021-07-14 23:51:53,132] {dagbag.py:487} INFO - Filling up the DagBag from /home/airflow/sandbox/lib/python3.8/site-packages/airflow/example_dags/example_branch_datetime_operator.py
[2021-07-14 23:51:53,173] {scheduler_job.py:643} INFO - DAG(s) dict_keys(['example_branch_datetime_operator_2']) retrieved from /home/airflow/sandbox/lib/python3.8/site-packages/airflow/example_dags/example_branch_datetime_operator.py
[2021-07-14 23:51:53,218] {logging_mixin.py:104} INFO - [2021-07-14 23:51:53,218] {dag.py:1832} INFO - Sync 1 DAGs
[2021-07-14 23:51:53,266] {logging_mixin.py:104} INFO - [2021-07-14 23:51:53,266] {dag.py:2305} INFO - Setting next_dagrun for example_branch_datetime_operator_2 to 2021-07-12 00:00:00+00:00
[2021-07-14 23:51:53,305] {scheduler_job.py:190} INFO - Processing /home/airflow/sandbox/lib/python3.8/site-packages/airflow/example_dags/example_branch_datetime_operator.py took 0.185 seconds
[2021-07-14 23:52:26,832] {scheduler_job.py:182} INFO - Started process (PID=2039) to work on /home/airflow/sandbox/lib/python3.8/site-packages/airflow/example_dags/example_branch_datetime_operator.py
[2021-07-14 23:52:26,833] {scheduler_job.py:633} INFO - Processing file /home/airflow/sandbox/lib/python3.8/site-packages/airflow/example_dags/example_branch_datetime_operator.py for tasks to queue
[2021-07-14 23:52:26,834] {logging_mixin.py:104} INFO - [2021-07-14 23:52:26,834] {dagbag.py:487} INFO - Filling up the DagBag from /home/airflow/sandbox/lib/python3.8/site-packages/airflow/example_dags/example_branch_datetime_operator.py
[2021-07-14 23:52:26,844] {scheduler_job.py:643} INFO - DAG(s) dict_keys(['example_branch_datetime_operator_2']) retrieved from /home/airflow/sandbox/lib/python3.8/site-packages/airflow/example_dags/example_branch_datetime_operator.py
[2021-07-14 23:52:26,857] {logging_mixin.py:104} INFO - [2021-07-14 23:52:26,857] {dag.py:1832} INFO - Sync 1 DAGs
[2021-07-14 23:52:26,871] {logging_mixin.py:104} INFO - [2021-07-14 23:52:26,870] {dag.py:2305} INFO - Setting next_dagrun for example_branch_datetime_operator_2 to 2021-07-12 00:00:00+00:00
[2021-07-14 23:52:26,882] {scheduler_job.py:190} INFO - Processing /home/airflow/sandbox/lib/python3.8/site-packages/airflow/example_dags/example_branch_datetime_operator.py took 0.052 seconds
[2021-07-14 23:52:58,801] {scheduler_job.py:182} INFO - Started process (PID=2070) to work on /home/airflow/sandbox/lib/python3.8/site-packages/airflow/example_dags/example_branch_datetime_operator.py
[2021-07-14 23:52:58,802] {scheduler_job.py:633} INFO - Processing file /home/airflow/sandbox/lib/python3.8/site-packages/airflow/example_dags/example_branch_datetime_operator.py for tasks to queue
[2021-07-14 23:52:58,802] {logging_mixin.py:104} INFO - [2021-07-14 23:52:58,802] {dagbag.py:487} INFO - Filling up the DagBag from /home/airflow/sandbox/lib/python3.8/site-packages/airflow/example_dags/example_branch_datetime_operator.py
[2021-07-14 23:52:58,811] {scheduler_job.py:643} INFO - DAG(s) dict_keys(['example_branch_datetime_operator_2']) retrieved from /home/airflow/sandbox/lib/python3.8/site-packages/airflow/example_dags/example_branch_datetime_operator.py
[2021-07-14 23:52:58,823] {logging_mixin.py:104} INFO - [2021-07-14 23:52:58,823] {dag.py:1832} INFO - Sync 1 DAGs
[2021-07-14 23:52:58,836] {logging_mixin.py:104} INFO - [2021-07-14 23:52:58,836] {dag.py:2305} INFO - Setting next_dagrun for example_branch_datetime_operator_2 to 2021-07-12 00:00:00+00:00
[2021-07-14 23:52:58,855] {scheduler_job.py:190} INFO - Processing /home/airflow/sandbox/lib/python3.8/site-packages/airflow/example_dags/example_branch_datetime_operator.py took 0.056 seconds
[2021-07-14 23:53:31,009] {scheduler_job.py:182} INFO - Started process (PID=2101) to work on /home/airflow/sandbox/lib/python3.8/site-packages/airflow/example_dags/example_branch_datetime_operator.py
[2021-07-14 23:53:31,014] {scheduler_job.py:633} INFO - Processing file /home/airflow/sandbox/lib/python3.8/site-packages/airflow/example_dags/example_branch_datetime_operator.py for tasks to queue
[2021-07-14 23:53:31,015] {logging_mixin.py:104} INFO - [2021-07-14 23:53:31,015] {dagbag.py:487} INFO - Filling up the DagBag from /home/airflow/sandbox/lib/python3.8/site-packages/airflow/example_dags/example_branch_datetime_operator.py
[2021-07-14 23:53:31,035] {scheduler_job.py:643} INFO - DAG(s) dict_keys(['example_branch_datetime_operator_2']) retrieved from /home/airflow/sandbox/lib/python3.8/site-packages/airflow/example_dags/example_branch_datetime_operator.py
[2021-07-14 23:53:31,063] {logging_mixin.py:104} INFO - [2021-07-14 23:53:31,063] {dag.py:1832} INFO - Sync 1 DAGs
[2021-07-14 23:53:31,095] {logging_mixin.py:104} INFO - [2021-07-14 23:53:31,095] {dag.py:2305} INFO - Setting next_dagrun for example_branch_datetime_operator_2 to 2021-07-12 00:00:00+00:00
[2021-07-14 23:53:31,112] {scheduler_job.py:190} INFO - Processing /home/airflow/sandbox/lib/python3.8/site-packages/airflow/example_dags/example_branch_datetime_operator.py took 0.105 seconds
[2021-07-14 23:54:04,825] {scheduler_job.py:182} INFO - Started process (PID=2134) to work on /home/airflow/sandbox/lib/python3.8/site-packages/airflow/example_dags/example_branch_datetime_operator.py
[2021-07-14 23:54:04,826] {scheduler_job.py:633} INFO - Processing file /home/airflow/sandbox/lib/python3.8/site-packages/airflow/example_dags/example_branch_datetime_operator.py for tasks to queue
[2021-07-14 23:54:04,826] {logging_mixin.py:104} INFO - [2021-07-14 23:54:04,826] {dagbag.py:487} INFO - Filling up the DagBag from /home/airflow/sandbox/lib/python3.8/site-packages/airflow/example_dags/example_branch_datetime_operator.py
[2021-07-14 23:54:04,835] {scheduler_job.py:643} INFO - DAG(s) dict_keys(['example_branch_datetime_operator_2']) retrieved from /home/airflow/sandbox/lib/python3.8/site-packages/airflow/example_dags/example_branch_datetime_operator.py
[2021-07-14 23:54:04,848] {logging_mixin.py:104} INFO - [2021-07-14 23:54:04,848] {dag.py:1832} INFO - Sync 1 DAGs
[2021-07-14 23:54:04,861] {logging_mixin.py:104} INFO - [2021-07-14 23:54:04,861] {dag.py:2305} INFO - Setting next_dagrun for example_branch_datetime_operator_2 to 2021-07-12 00:00:00+00:00
[2021-07-14 23:54:04,879] {scheduler_job.py:190} INFO - Processing /home/airflow/sandbox/lib/python3.8/site-packages/airflow/example_dags/example_branch_datetime_operator.py took 0.057 seconds
[2021-07-14 23:54:36,581] {scheduler_job.py:182} INFO - Started process (PID=2165) to work on /home/airflow/sandbox/lib/python3.8/site-packages/airflow/example_dags/example_branch_datetime_operator.py
[2021-07-14 23:54:36,582] {scheduler_job.py:633} INFO - Processing file /home/airflow/sandbox/lib/python3.8/site-packages/airflow/example_dags/example_branch_datetime_operator.py for tasks to queue
[2021-07-14 23:54:36,583] {logging_mixin.py:104} INFO - [2021-07-14 23:54:36,583] {dagbag.py:487} INFO - Filling up the DagBag from /home/airflow/sandbox/lib/python3.8/site-packages/airflow/example_dags/example_branch_datetime_operator.py
[2021-07-14 23:54:36,594] {scheduler_job.py:643} INFO - DAG(s) dict_keys(['example_branch_datetime_operator_2']) retrieved from /home/airflow/sandbox/lib/python3.8/site-packages/airflow/example_dags/example_branch_datetime_operator.py
[2021-07-14 23:54:36,606] {logging_mixin.py:104} INFO - [2021-07-14 23:54:36,606] {dag.py:1832} INFO - Sync 1 DAGs
[2021-07-14 23:54:36,618] {logging_mixin.py:104} INFO - [2021-07-14 23:54:36,618] {dag.py:2305} INFO - Setting next_dagrun for example_branch_datetime_operator_2 to 2021-07-12 00:00:00+00:00
[2021-07-14 23:54:36,637] {scheduler_job.py:190} INFO - Processing /home/airflow/sandbox/lib/python3.8/site-packages/airflow/example_dags/example_branch_datetime_operator.py took 0.058 seconds
[2021-07-14 23:55:46,436] {scheduler_job.py:182} INFO - Started process (PID=2242) to work on /home/airflow/sandbox/lib/python3.8/site-packages/airflow/example_dags/example_branch_datetime_operator.py
[2021-07-14 23:55:46,437] {scheduler_job.py:633} INFO - Processing file /home/airflow/sandbox/lib/python3.8/site-packages/airflow/example_dags/example_branch_datetime_operator.py for tasks to queue
[2021-07-14 23:55:46,437] {logging_mixin.py:104} INFO - [2021-07-14 23:55:46,437] {dagbag.py:487} INFO - Filling up the DagBag from /home/airflow/sandbox/lib/python3.8/site-packages/airflow/example_dags/example_branch_datetime_operator.py
[2021-07-14 23:55:46,449] {scheduler_job.py:643} INFO - DAG(s) dict_keys(['example_branch_datetime_operator_2']) retrieved from /home/airflow/sandbox/lib/python3.8/site-packages/airflow/example_dags/example_branch_datetime_operator.py
[2021-07-14 23:55:46,461] {logging_mixin.py:104} INFO - [2021-07-14 23:55:46,461] {dag.py:1832} INFO - Sync 1 DAGs
[2021-07-14 23:55:46,474] {logging_mixin.py:104} INFO - [2021-07-14 23:55:46,474] {dag.py:2305} INFO - Setting next_dagrun for example_branch_datetime_operator_2 to 2021-07-12 00:00:00+00:00
[2021-07-14 23:55:46,485] {scheduler_job.py:190} INFO - Processing /home/airflow/sandbox/lib/python3.8/site-packages/airflow/example_dags/example_branch_datetime_operator.py took 0.052 seconds
[2021-07-14 23:56:18,807] {scheduler_job.py:182} INFO - Started process (PID=2273) to work on /home/airflow/sandbox/lib/python3.8/site-packages/airflow/example_dags/example_branch_datetime_operator.py
[2021-07-14 23:56:18,809] {scheduler_job.py:633} INFO - Processing file /home/airflow/sandbox/lib/python3.8/site-packages/airflow/example_dags/example_branch_datetime_operator.py for tasks to queue
[2021-07-14 23:56:18,809] {logging_mixin.py:104} INFO - [2021-07-14 23:56:18,809] {dagbag.py:487} INFO - Filling up the DagBag from /home/airflow/sandbox/lib/python3.8/site-packages/airflow/example_dags/example_branch_datetime_operator.py
[2021-07-14 23:56:18,819] {scheduler_job.py:643} INFO - DAG(s) dict_keys(['example_branch_datetime_operator_2']) retrieved from /home/airflow/sandbox/lib/python3.8/site-packages/airflow/example_dags/example_branch_datetime_operator.py
[2021-07-14 23:56:18,830] {logging_mixin.py:104} INFO - [2021-07-14 23:56:18,830] {dag.py:1832} INFO - Sync 1 DAGs
[2021-07-14 23:56:18,843] {logging_mixin.py:104} INFO - [2021-07-14 23:56:18,843] {dag.py:2305} INFO - Setting next_dagrun for example_branch_datetime_operator_2 to 2021-07-12 00:00:00+00:00
[2021-07-14 23:56:18,860] {scheduler_job.py:190} INFO - Processing /home/airflow/sandbox/lib/python3.8/site-packages/airflow/example_dags/example_branch_datetime_operator.py took 0.056 seconds
[2021-07-14 23:56:52,231] {scheduler_job.py:182} INFO - Started process (PID=2305) to work on /home/airflow/sandbox/lib/python3.8/site-packages/airflow/example_dags/example_branch_datetime_operator.py
[2021-07-14 23:56:52,231] {scheduler_job.py:633} INFO - Processing file /home/airflow/sandbox/lib/python3.8/site-packages/airflow/example_dags/example_branch_datetime_operator.py for tasks to queue
[2021-07-14 23:56:52,232] {logging_mixin.py:104} INFO - [2021-07-14 23:56:52,232] {dagbag.py:487} INFO - Filling up the DagBag from /home/airflow/sandbox/lib/python3.8/site-packages/airflow/example_dags/example_branch_datetime_operator.py
[2021-07-14 23:56:52,243] {scheduler_job.py:643} INFO - DAG(s) dict_keys(['example_branch_datetime_operator_2']) retrieved from /home/airflow/sandbox/lib/python3.8/site-packages/airflow/example_dags/example_branch_datetime_operator.py
[2021-07-14 23:56:52,255] {logging_mixin.py:104} INFO - [2021-07-14 23:56:52,255] {dag.py:1832} INFO - Sync 1 DAGs
[2021-07-14 23:56:52,268] {logging_mixin.py:104} INFO - [2021-07-14 23:56:52,268] {dag.py:2305} INFO - Setting next_dagrun for example_branch_datetime_operator_2 to 2021-07-12 00:00:00+00:00
[2021-07-14 23:56:52,287] {scheduler_job.py:190} INFO - Processing /home/airflow/sandbox/lib/python3.8/site-packages/airflow/example_dags/example_branch_datetime_operator.py took 0.059 seconds
[2021-07-14 23:57:24,763] {scheduler_job.py:182} INFO - Started process (PID=2336) to work on /home/airflow/sandbox/lib/python3.8/site-packages/airflow/example_dags/example_branch_datetime_operator.py
[2021-07-14 23:57:24,764] {scheduler_job.py:633} INFO - Processing file /home/airflow/sandbox/lib/python3.8/site-packages/airflow/example_dags/example_branch_datetime_operator.py for tasks to queue
[2021-07-14 23:57:24,765] {logging_mixin.py:104} INFO - [2021-07-14 23:57:24,764] {dagbag.py:487} INFO - Filling up the DagBag from /home/airflow/sandbox/lib/python3.8/site-packages/airflow/example_dags/example_branch_datetime_operator.py
[2021-07-14 23:57:24,777] {scheduler_job.py:643} INFO - DAG(s) dict_keys(['example_branch_datetime_operator_2']) retrieved from /home/airflow/sandbox/lib/python3.8/site-packages/airflow/example_dags/example_branch_datetime_operator.py
[2021-07-14 23:57:24,797] {logging_mixin.py:104} INFO - [2021-07-14 23:57:24,797] {dag.py:1832} INFO - Sync 1 DAGs
[2021-07-14 23:57:24,817] {logging_mixin.py:104} INFO - [2021-07-14 23:57:24,817] {dag.py:2305} INFO - Setting next_dagrun for example_branch_datetime_operator_2 to 2021-07-12 00:00:00+00:00
[2021-07-14 23:57:24,841] {scheduler_job.py:190} INFO - Processing /home/airflow/sandbox/lib/python3.8/site-packages/airflow/example_dags/example_branch_datetime_operator.py took 0.080 seconds
[2021-07-14 23:57:57,907] {scheduler_job.py:182} INFO - Started process (PID=2367) to work on /home/airflow/sandbox/lib/python3.8/site-packages/airflow/example_dags/example_branch_datetime_operator.py
[2021-07-14 23:57:57,908] {scheduler_job.py:633} INFO - Processing file /home/airflow/sandbox/lib/python3.8/site-packages/airflow/example_dags/example_branch_datetime_operator.py for tasks to queue
[2021-07-14 23:57:57,909] {logging_mixin.py:104} INFO - [2021-07-14 23:57:57,909] {dagbag.py:487} INFO - Filling up the DagBag from /home/airflow/sandbox/lib/python3.8/site-packages/airflow/example_dags/example_branch_datetime_operator.py
[2021-07-14 23:57:57,921] {scheduler_job.py:643} INFO - DAG(s) dict_keys(['example_branch_datetime_operator_2']) retrieved from /home/airflow/sandbox/lib/python3.8/site-packages/airflow/example_dags/example_branch_datetime_operator.py
[2021-07-14 23:57:57,933] {logging_mixin.py:104} INFO - [2021-07-14 23:57:57,933] {dag.py:1832} INFO - Sync 1 DAGs
[2021-07-14 23:57:57,947] {logging_mixin.py:104} INFO - [2021-07-14 23:57:57,947] {dag.py:2305} INFO - Setting next_dagrun for example_branch_datetime_operator_2 to 2021-07-12 00:00:00+00:00
[2021-07-14 23:57:57,959] {scheduler_job.py:190} INFO - Processing /home/airflow/sandbox/lib/python3.8/site-packages/airflow/example_dags/example_branch_datetime_operator.py took 0.055 seconds
[2021-07-14 23:58:29,327] {scheduler_job.py:182} INFO - Started process (PID=2398) to work on /home/airflow/sandbox/lib/python3.8/site-packages/airflow/example_dags/example_branch_datetime_operator.py
[2021-07-14 23:58:29,328] {scheduler_job.py:633} INFO - Processing file /home/airflow/sandbox/lib/python3.8/site-packages/airflow/example_dags/example_branch_datetime_operator.py for tasks to queue
[2021-07-14 23:58:29,328] {logging_mixin.py:104} INFO - [2021-07-14 23:58:29,328] {dagbag.py:487} INFO - Filling up the DagBag from /home/airflow/sandbox/lib/python3.8/site-packages/airflow/example_dags/example_branch_datetime_operator.py
[2021-07-14 23:58:29,338] {scheduler_job.py:643} INFO - DAG(s) dict_keys(['example_branch_datetime_operator_2']) retrieved from /home/airflow/sandbox/lib/python3.8/site-packages/airflow/example_dags/example_branch_datetime_operator.py
[2021-07-14 23:58:29,350] {logging_mixin.py:104} INFO - [2021-07-14 23:58:29,350] {dag.py:1832} INFO - Sync 1 DAGs
[2021-07-14 23:58:29,363] {logging_mixin.py:104} INFO - [2021-07-14 23:58:29,363] {dag.py:2305} INFO - Setting next_dagrun for example_branch_datetime_operator_2 to 2021-07-12 00:00:00+00:00
[2021-07-14 23:58:29,373] {scheduler_job.py:190} INFO - Processing /home/airflow/sandbox/lib/python3.8/site-packages/airflow/example_dags/example_branch_datetime_operator.py took 0.050 seconds
[2021-07-14 23:59:00,750] {scheduler_job.py:182} INFO - Started process (PID=2429) to work on /home/airflow/sandbox/lib/python3.8/site-packages/airflow/example_dags/example_branch_datetime_operator.py
[2021-07-14 23:59:00,751] {scheduler_job.py:633} INFO - Processing file /home/airflow/sandbox/lib/python3.8/site-packages/airflow/example_dags/example_branch_datetime_operator.py for tasks to queue
[2021-07-14 23:59:00,751] {logging_mixin.py:104} INFO - [2021-07-14 23:59:00,751] {dagbag.py:487} INFO - Filling up the DagBag from /home/airflow/sandbox/lib/python3.8/site-packages/airflow/example_dags/example_branch_datetime_operator.py
[2021-07-14 23:59:00,760] {scheduler_job.py:643} INFO - DAG(s) dict_keys(['example_branch_datetime_operator_2']) retrieved from /home/airflow/sandbox/lib/python3.8/site-packages/airflow/example_dags/example_branch_datetime_operator.py
[2021-07-14 23:59:00,771] {logging_mixin.py:104} INFO - [2021-07-14 23:59:00,771] {dag.py:1832} INFO - Sync 1 DAGs
[2021-07-14 23:59:00,781] {logging_mixin.py:104} INFO - [2021-07-14 23:59:00,781] {dag.py:2305} INFO - Setting next_dagrun for example_branch_datetime_operator_2 to 2021-07-12 00:00:00+00:00
[2021-07-14 23:59:00,798] {scheduler_job.py:190} INFO - Processing /home/airflow/sandbox/lib/python3.8/site-packages/airflow/example_dags/example_branch_datetime_operator.py took 0.050 seconds
[2021-07-14 23:59:32,156] {scheduler_job.py:182} INFO - Started process (PID=2460) to work on /home/airflow/sandbox/lib/python3.8/site-packages/airflow/example_dags/example_branch_datetime_operator.py
[2021-07-14 23:59:32,157] {scheduler_job.py:633} INFO - Processing file /home/airflow/sandbox/lib/python3.8/site-packages/airflow/example_dags/example_branch_datetime_operator.py for tasks to queue
[2021-07-14 23:59:32,158] {logging_mixin.py:104} INFO - [2021-07-14 23:59:32,158] {dagbag.py:487} INFO - Filling up the DagBag from /home/airflow/sandbox/lib/python3.8/site-packages/airflow/example_dags/example_branch_datetime_operator.py
[2021-07-14 23:59:32,167] {scheduler_job.py:643} INFO - DAG(s) dict_keys(['example_branch_datetime_operator_2']) retrieved from /home/airflow/sandbox/lib/python3.8/site-packages/airflow/example_dags/example_branch_datetime_operator.py
[2021-07-14 23:59:32,178] {logging_mixin.py:104} INFO - [2021-07-14 23:59:32,178] {dag.py:1832} INFO - Sync 1 DAGs
[2021-07-14 23:59:32,188] {logging_mixin.py:104} INFO - [2021-07-14 23:59:32,188] {dag.py:2305} INFO - Setting next_dagrun for example_branch_datetime_operator_2 to 2021-07-12 00:00:00+00:00
[2021-07-14 23:59:32,206] {scheduler_job.py:190} INFO - Processing /home/airflow/sandbox/lib/python3.8/site-packages/airflow/example_dags/example_branch_datetime_operator.py took 0.052 seconds
