[2021-07-14 23:02:53,195] {scheduler_job.py:182} INFO - Started process (PID=1578) to work on /home/airflow/sandbox/lib/python3.8/site-packages/airflow/example_dags/example_xcomargs.py
[2021-07-14 23:02:53,196] {scheduler_job.py:633} INFO - Processing file /home/airflow/sandbox/lib/python3.8/site-packages/airflow/example_dags/example_xcomargs.py for tasks to queue
[2021-07-14 23:02:53,196] {logging_mixin.py:104} INFO - [2021-07-14 23:02:53,196] {dagbag.py:487} INFO - Filling up the DagBag from /home/airflow/sandbox/lib/python3.8/site-packages/airflow/example_dags/example_xcomargs.py
[2021-07-14 23:02:53,216] {scheduler_job.py:643} INFO - DAG(s) dict_keys(['example_xcom_args', 'example_xcom_args_with_operators']) retrieved from /home/airflow/sandbox/lib/python3.8/site-packages/airflow/example_dags/example_xcomargs.py
[2021-07-14 23:02:53,541] {logging_mixin.py:104} INFO - [2021-07-14 23:02:53,541] {dag.py:1832} INFO - Sync 2 DAGs
[2021-07-14 23:02:53,550] {logging_mixin.py:104} INFO - [2021-07-14 23:02:53,550] {dag.py:2305} INFO - Setting next_dagrun for example_xcom_args to None
[2021-07-14 23:02:53,551] {logging_mixin.py:104} INFO - [2021-07-14 23:02:53,551] {dag.py:2305} INFO - Setting next_dagrun for example_xcom_args_with_operators to None
[2021-07-14 23:02:53,572] {scheduler_job.py:190} INFO - Processing /home/airflow/sandbox/lib/python3.8/site-packages/airflow/example_dags/example_xcomargs.py took 0.379 seconds
[2021-07-14 23:03:28,348] {scheduler_job.py:182} INFO - Started process (PID=1618) to work on /home/airflow/sandbox/lib/python3.8/site-packages/airflow/example_dags/example_xcomargs.py
[2021-07-14 23:03:28,349] {scheduler_job.py:633} INFO - Processing file /home/airflow/sandbox/lib/python3.8/site-packages/airflow/example_dags/example_xcomargs.py for tasks to queue
[2021-07-14 23:03:28,350] {logging_mixin.py:104} INFO - [2021-07-14 23:03:28,350] {dagbag.py:487} INFO - Filling up the DagBag from /home/airflow/sandbox/lib/python3.8/site-packages/airflow/example_dags/example_xcomargs.py
[2021-07-14 23:03:28,376] {scheduler_job.py:643} INFO - DAG(s) dict_keys(['example_xcom_args', 'example_xcom_args_with_operators']) retrieved from /home/airflow/sandbox/lib/python3.8/site-packages/airflow/example_dags/example_xcomargs.py
[2021-07-14 23:03:28,783] {logging_mixin.py:104} INFO - [2021-07-14 23:03:28,783] {dag.py:1832} INFO - Sync 2 DAGs
[2021-07-14 23:03:28,795] {logging_mixin.py:104} INFO - [2021-07-14 23:03:28,795] {dag.py:2305} INFO - Setting next_dagrun for example_xcom_args to None
[2021-07-14 23:03:28,796] {logging_mixin.py:104} INFO - [2021-07-14 23:03:28,796] {dag.py:2305} INFO - Setting next_dagrun for example_xcom_args_with_operators to None
[2021-07-14 23:03:28,822] {scheduler_job.py:190} INFO - Processing /home/airflow/sandbox/lib/python3.8/site-packages/airflow/example_dags/example_xcomargs.py took 0.476 seconds
[2021-07-14 23:04:05,501] {scheduler_job.py:182} INFO - Started process (PID=1657) to work on /home/airflow/sandbox/lib/python3.8/site-packages/airflow/example_dags/example_xcomargs.py
[2021-07-14 23:04:05,502] {scheduler_job.py:633} INFO - Processing file /home/airflow/sandbox/lib/python3.8/site-packages/airflow/example_dags/example_xcomargs.py for tasks to queue
[2021-07-14 23:04:05,502] {logging_mixin.py:104} INFO - [2021-07-14 23:04:05,502] {dagbag.py:487} INFO - Filling up the DagBag from /home/airflow/sandbox/lib/python3.8/site-packages/airflow/example_dags/example_xcomargs.py
[2021-07-14 23:04:05,527] {scheduler_job.py:643} INFO - DAG(s) dict_keys(['example_xcom_args', 'example_xcom_args_with_operators']) retrieved from /home/airflow/sandbox/lib/python3.8/site-packages/airflow/example_dags/example_xcomargs.py
[2021-07-14 23:04:05,549] {logging_mixin.py:104} INFO - [2021-07-14 23:04:05,549] {dag.py:1832} INFO - Sync 2 DAGs
[2021-07-14 23:04:05,563] {logging_mixin.py:104} INFO - [2021-07-14 23:04:05,563] {dag.py:2305} INFO - Setting next_dagrun for example_xcom_args to None
[2021-07-14 23:04:05,564] {logging_mixin.py:104} INFO - [2021-07-14 23:04:05,564] {dag.py:2305} INFO - Setting next_dagrun for example_xcom_args_with_operators to None
[2021-07-14 23:04:05,585] {scheduler_job.py:190} INFO - Processing /home/airflow/sandbox/lib/python3.8/site-packages/airflow/example_dags/example_xcomargs.py took 0.087 seconds
[2021-07-14 23:04:28,529] {scheduler_job.py:182} INFO - Started process (PID=1689) to work on /home/airflow/sandbox/lib/python3.8/site-packages/airflow/example_dags/example_xcomargs.py
[2021-07-14 23:04:28,534] {scheduler_job.py:633} INFO - Processing file /home/airflow/sandbox/lib/python3.8/site-packages/airflow/example_dags/example_xcomargs.py for tasks to queue
[2021-07-14 23:04:28,536] {logging_mixin.py:104} INFO - [2021-07-14 23:04:28,536] {dagbag.py:487} INFO - Filling up the DagBag from /home/airflow/sandbox/lib/python3.8/site-packages/airflow/example_dags/example_xcomargs.py
[2021-07-14 23:04:28,601] {scheduler_job.py:643} INFO - DAG(s) dict_keys(['example_xcom_args', 'example_xcom_args_with_operators']) retrieved from /home/airflow/sandbox/lib/python3.8/site-packages/airflow/example_dags/example_xcomargs.py
[2021-07-14 23:04:30,162] {logging_mixin.py:104} INFO - [2021-07-14 23:04:30,161] {dag.py:1832} INFO - Sync 2 DAGs
[2021-07-14 23:04:30,193] {logging_mixin.py:104} INFO - [2021-07-14 23:04:30,192] {dag.py:2305} INFO - Setting next_dagrun for example_xcom_args to None
[2021-07-14 23:04:30,196] {logging_mixin.py:104} INFO - [2021-07-14 23:04:30,195] {dag.py:2305} INFO - Setting next_dagrun for example_xcom_args_with_operators to None
[2021-07-14 23:04:30,236] {scheduler_job.py:190} INFO - Processing /home/airflow/sandbox/lib/python3.8/site-packages/airflow/example_dags/example_xcomargs.py took 1.718 seconds
[2021-07-14 23:04:50,203] {scheduler_job.py:182} INFO - Started process (PID=1727) to work on /home/airflow/sandbox/lib/python3.8/site-packages/airflow/example_dags/example_xcomargs.py
[2021-07-14 23:04:50,210] {scheduler_job.py:633} INFO - Processing file /home/airflow/sandbox/lib/python3.8/site-packages/airflow/example_dags/example_xcomargs.py for tasks to queue
[2021-07-14 23:04:50,216] {logging_mixin.py:104} INFO - [2021-07-14 23:04:50,216] {dagbag.py:487} INFO - Filling up the DagBag from /home/airflow/sandbox/lib/python3.8/site-packages/airflow/example_dags/example_xcomargs.py
[2021-07-14 23:04:50,292] {scheduler_job.py:643} INFO - DAG(s) dict_keys(['example_xcom_args', 'example_xcom_args_with_operators']) retrieved from /home/airflow/sandbox/lib/python3.8/site-packages/airflow/example_dags/example_xcomargs.py
[2021-07-14 23:04:50,342] {logging_mixin.py:104} INFO - [2021-07-14 23:04:50,341] {dag.py:1832} INFO - Sync 2 DAGs
[2021-07-14 23:04:50,373] {logging_mixin.py:104} INFO - [2021-07-14 23:04:50,373] {dag.py:2305} INFO - Setting next_dagrun for example_xcom_args to None
[2021-07-14 23:04:50,376] {logging_mixin.py:104} INFO - [2021-07-14 23:04:50,376] {dag.py:2305} INFO - Setting next_dagrun for example_xcom_args_with_operators to None
[2021-07-14 23:04:50,411] {scheduler_job.py:190} INFO - Processing /home/airflow/sandbox/lib/python3.8/site-packages/airflow/example_dags/example_xcomargs.py took 0.225 seconds
[2021-07-14 23:05:13,889] {scheduler_job.py:182} INFO - Started process (PID=1759) to work on /home/airflow/sandbox/lib/python3.8/site-packages/airflow/example_dags/example_xcomargs.py
[2021-07-14 23:05:13,891] {scheduler_job.py:633} INFO - Processing file /home/airflow/sandbox/lib/python3.8/site-packages/airflow/example_dags/example_xcomargs.py for tasks to queue
[2021-07-14 23:05:13,891] {logging_mixin.py:104} INFO - [2021-07-14 23:05:13,891] {dagbag.py:487} INFO - Filling up the DagBag from /home/airflow/sandbox/lib/python3.8/site-packages/airflow/example_dags/example_xcomargs.py
[2021-07-14 23:05:13,956] {scheduler_job.py:643} INFO - DAG(s) dict_keys(['example_xcom_args', 'example_xcom_args_with_operators']) retrieved from /home/airflow/sandbox/lib/python3.8/site-packages/airflow/example_dags/example_xcomargs.py
[2021-07-14 23:05:14,611] {logging_mixin.py:104} INFO - [2021-07-14 23:05:14,611] {dag.py:1832} INFO - Sync 2 DAGs
[2021-07-14 23:05:14,626] {logging_mixin.py:104} INFO - [2021-07-14 23:05:14,626] {dag.py:2305} INFO - Setting next_dagrun for example_xcom_args to None
[2021-07-14 23:05:14,627] {logging_mixin.py:104} INFO - [2021-07-14 23:05:14,627] {dag.py:2305} INFO - Setting next_dagrun for example_xcom_args_with_operators to None
[2021-07-14 23:05:14,658] {scheduler_job.py:190} INFO - Processing /home/airflow/sandbox/lib/python3.8/site-packages/airflow/example_dags/example_xcomargs.py took 0.788 seconds
[2021-07-14 23:05:36,926] {scheduler_job.py:182} INFO - Started process (PID=1795) to work on /home/airflow/sandbox/lib/python3.8/site-packages/airflow/example_dags/example_xcomargs.py
[2021-07-14 23:05:36,927] {scheduler_job.py:633} INFO - Processing file /home/airflow/sandbox/lib/python3.8/site-packages/airflow/example_dags/example_xcomargs.py for tasks to queue
[2021-07-14 23:05:36,928] {logging_mixin.py:104} INFO - [2021-07-14 23:05:36,928] {dagbag.py:487} INFO - Filling up the DagBag from /home/airflow/sandbox/lib/python3.8/site-packages/airflow/example_dags/example_xcomargs.py
[2021-07-14 23:05:36,948] {scheduler_job.py:643} INFO - DAG(s) dict_keys(['example_xcom_args', 'example_xcom_args_with_operators']) retrieved from /home/airflow/sandbox/lib/python3.8/site-packages/airflow/example_dags/example_xcomargs.py
[2021-07-14 23:05:36,973] {logging_mixin.py:104} INFO - [2021-07-14 23:05:36,973] {dag.py:1832} INFO - Sync 2 DAGs
[2021-07-14 23:05:36,982] {logging_mixin.py:104} INFO - [2021-07-14 23:05:36,982] {dag.py:2305} INFO - Setting next_dagrun for example_xcom_args to None
[2021-07-14 23:05:36,983] {logging_mixin.py:104} INFO - [2021-07-14 23:05:36,982] {dag.py:2305} INFO - Setting next_dagrun for example_xcom_args_with_operators to None
[2021-07-14 23:05:36,994] {scheduler_job.py:190} INFO - Processing /home/airflow/sandbox/lib/python3.8/site-packages/airflow/example_dags/example_xcomargs.py took 0.071 seconds
[2021-07-14 23:05:50,191] {scheduler_job.py:182} INFO - Started process (PID=1820) to work on /home/airflow/sandbox/lib/python3.8/site-packages/airflow/example_dags/example_xcomargs.py
[2021-07-14 23:05:50,199] {scheduler_job.py:633} INFO - Processing file /home/airflow/sandbox/lib/python3.8/site-packages/airflow/example_dags/example_xcomargs.py for tasks to queue
[2021-07-14 23:05:50,200] {logging_mixin.py:104} INFO - [2021-07-14 23:05:50,200] {dagbag.py:487} INFO - Filling up the DagBag from /home/airflow/sandbox/lib/python3.8/site-packages/airflow/example_dags/example_xcomargs.py
[2021-07-14 23:05:50,301] {scheduler_job.py:643} INFO - DAG(s) dict_keys(['example_xcom_args', 'example_xcom_args_with_operators']) retrieved from /home/airflow/sandbox/lib/python3.8/site-packages/airflow/example_dags/example_xcomargs.py
[2021-07-14 23:05:50,783] {logging_mixin.py:104} INFO - [2021-07-14 23:05:50,782] {dag.py:1832} INFO - Sync 2 DAGs
[2021-07-14 23:05:50,803] {logging_mixin.py:104} INFO - [2021-07-14 23:05:50,803] {dag.py:2305} INFO - Setting next_dagrun for example_xcom_args to None
[2021-07-14 23:05:50,805] {logging_mixin.py:104} INFO - [2021-07-14 23:05:50,805] {dag.py:2305} INFO - Setting next_dagrun for example_xcom_args_with_operators to None
[2021-07-14 23:05:50,835] {scheduler_job.py:190} INFO - Processing /home/airflow/sandbox/lib/python3.8/site-packages/airflow/example_dags/example_xcomargs.py took 0.655 seconds
[2021-07-14 23:06:10,593] {scheduler_job.py:182} INFO - Started process (PID=1857) to work on /home/airflow/sandbox/lib/python3.8/site-packages/airflow/example_dags/example_xcomargs.py
[2021-07-14 23:06:10,594] {scheduler_job.py:633} INFO - Processing file /home/airflow/sandbox/lib/python3.8/site-packages/airflow/example_dags/example_xcomargs.py for tasks to queue
[2021-07-14 23:06:10,594] {logging_mixin.py:104} INFO - [2021-07-14 23:06:10,594] {dagbag.py:487} INFO - Filling up the DagBag from /home/airflow/sandbox/lib/python3.8/site-packages/airflow/example_dags/example_xcomargs.py
[2021-07-14 23:06:10,611] {scheduler_job.py:643} INFO - DAG(s) dict_keys(['example_xcom_args', 'example_xcom_args_with_operators']) retrieved from /home/airflow/sandbox/lib/python3.8/site-packages/airflow/example_dags/example_xcomargs.py
[2021-07-14 23:06:10,627] {logging_mixin.py:104} INFO - [2021-07-14 23:06:10,627] {dag.py:1832} INFO - Sync 2 DAGs
[2021-07-14 23:06:10,638] {logging_mixin.py:104} INFO - [2021-07-14 23:06:10,638] {dag.py:2305} INFO - Setting next_dagrun for example_xcom_args to None
[2021-07-14 23:06:10,639] {logging_mixin.py:104} INFO - [2021-07-14 23:06:10,639] {dag.py:2305} INFO - Setting next_dagrun for example_xcom_args_with_operators to None
[2021-07-14 23:06:10,660] {scheduler_job.py:190} INFO - Processing /home/airflow/sandbox/lib/python3.8/site-packages/airflow/example_dags/example_xcomargs.py took 0.071 seconds
[2021-07-14 23:06:23,956] {scheduler_job.py:182} INFO - Started process (PID=1882) to work on /home/airflow/sandbox/lib/python3.8/site-packages/airflow/example_dags/example_xcomargs.py
[2021-07-14 23:06:23,957] {scheduler_job.py:633} INFO - Processing file /home/airflow/sandbox/lib/python3.8/site-packages/airflow/example_dags/example_xcomargs.py for tasks to queue
[2021-07-14 23:06:23,958] {logging_mixin.py:104} INFO - [2021-07-14 23:06:23,958] {dagbag.py:487} INFO - Filling up the DagBag from /home/airflow/sandbox/lib/python3.8/site-packages/airflow/example_dags/example_xcomargs.py
[2021-07-14 23:06:23,977] {scheduler_job.py:643} INFO - DAG(s) dict_keys(['example_xcom_args', 'example_xcom_args_with_operators']) retrieved from /home/airflow/sandbox/lib/python3.8/site-packages/airflow/example_dags/example_xcomargs.py
[2021-07-14 23:06:24,403] {logging_mixin.py:104} INFO - [2021-07-14 23:06:24,403] {dag.py:1832} INFO - Sync 2 DAGs
[2021-07-14 23:06:24,413] {logging_mixin.py:104} INFO - [2021-07-14 23:06:24,413] {dag.py:2305} INFO - Setting next_dagrun for example_xcom_args to None
[2021-07-14 23:06:24,414] {logging_mixin.py:104} INFO - [2021-07-14 23:06:24,414] {dag.py:2305} INFO - Setting next_dagrun for example_xcom_args_with_operators to None
[2021-07-14 23:06:24,428] {scheduler_job.py:190} INFO - Processing /home/airflow/sandbox/lib/python3.8/site-packages/airflow/example_dags/example_xcomargs.py took 0.475 seconds
[2021-07-14 23:06:43,625] {scheduler_job.py:182} INFO - Started process (PID=1917) to work on /home/airflow/sandbox/lib/python3.8/site-packages/airflow/example_dags/example_xcomargs.py
[2021-07-14 23:06:43,636] {scheduler_job.py:633} INFO - Processing file /home/airflow/sandbox/lib/python3.8/site-packages/airflow/example_dags/example_xcomargs.py for tasks to queue
[2021-07-14 23:06:43,637] {logging_mixin.py:104} INFO - [2021-07-14 23:06:43,637] {dagbag.py:487} INFO - Filling up the DagBag from /home/airflow/sandbox/lib/python3.8/site-packages/airflow/example_dags/example_xcomargs.py
[2021-07-14 23:06:43,734] {scheduler_job.py:643} INFO - DAG(s) dict_keys(['example_xcom_args', 'example_xcom_args_with_operators']) retrieved from /home/airflow/sandbox/lib/python3.8/site-packages/airflow/example_dags/example_xcomargs.py
[2021-07-14 23:06:43,793] {logging_mixin.py:104} INFO - [2021-07-14 23:06:43,792] {dag.py:1832} INFO - Sync 2 DAGs
[2021-07-14 23:06:43,832] {logging_mixin.py:104} INFO - [2021-07-14 23:06:43,832] {dag.py:2305} INFO - Setting next_dagrun for example_xcom_args to None
[2021-07-14 23:06:43,835] {logging_mixin.py:104} INFO - [2021-07-14 23:06:43,835] {dag.py:2305} INFO - Setting next_dagrun for example_xcom_args_with_operators to None
[2021-07-14 23:06:43,876] {scheduler_job.py:190} INFO - Processing /home/airflow/sandbox/lib/python3.8/site-packages/airflow/example_dags/example_xcomargs.py took 0.265 seconds
[2021-07-14 23:07:02,379] {scheduler_job.py:182} INFO - Started process (PID=1942) to work on /home/airflow/sandbox/lib/python3.8/site-packages/airflow/example_dags/example_xcomargs.py
[2021-07-14 23:07:02,384] {scheduler_job.py:633} INFO - Processing file /home/airflow/sandbox/lib/python3.8/site-packages/airflow/example_dags/example_xcomargs.py for tasks to queue
[2021-07-14 23:07:02,385] {logging_mixin.py:104} INFO - [2021-07-14 23:07:02,385] {dagbag.py:487} INFO - Filling up the DagBag from /home/airflow/sandbox/lib/python3.8/site-packages/airflow/example_dags/example_xcomargs.py
[2021-07-14 23:07:02,406] {scheduler_job.py:643} INFO - DAG(s) dict_keys(['example_xcom_args', 'example_xcom_args_with_operators']) retrieved from /home/airflow/sandbox/lib/python3.8/site-packages/airflow/example_dags/example_xcomargs.py
[2021-07-14 23:07:02,988] {logging_mixin.py:104} INFO - [2021-07-14 23:07:02,988] {dag.py:1832} INFO - Sync 2 DAGs
[2021-07-14 23:07:03,010] {logging_mixin.py:104} INFO - [2021-07-14 23:07:03,009] {dag.py:2305} INFO - Setting next_dagrun for example_xcom_args to None
[2021-07-14 23:07:03,011] {logging_mixin.py:104} INFO - [2021-07-14 23:07:03,011] {dag.py:2305} INFO - Setting next_dagrun for example_xcom_args_with_operators to None
[2021-07-14 23:07:03,043] {scheduler_job.py:190} INFO - Processing /home/airflow/sandbox/lib/python3.8/site-packages/airflow/example_dags/example_xcomargs.py took 0.669 seconds
[2021-07-14 23:07:25,781] {scheduler_job.py:182} INFO - Started process (PID=1986) to work on /home/airflow/sandbox/lib/python3.8/site-packages/airflow/example_dags/example_xcomargs.py
[2021-07-14 23:07:25,782] {scheduler_job.py:633} INFO - Processing file /home/airflow/sandbox/lib/python3.8/site-packages/airflow/example_dags/example_xcomargs.py for tasks to queue
[2021-07-14 23:07:25,782] {logging_mixin.py:104} INFO - [2021-07-14 23:07:25,782] {dagbag.py:487} INFO - Filling up the DagBag from /home/airflow/sandbox/lib/python3.8/site-packages/airflow/example_dags/example_xcomargs.py
[2021-07-14 23:07:25,797] {scheduler_job.py:643} INFO - DAG(s) dict_keys(['example_xcom_args', 'example_xcom_args_with_operators']) retrieved from /home/airflow/sandbox/lib/python3.8/site-packages/airflow/example_dags/example_xcomargs.py
[2021-07-14 23:07:25,811] {logging_mixin.py:104} INFO - [2021-07-14 23:07:25,811] {dag.py:1832} INFO - Sync 2 DAGs
[2021-07-14 23:07:25,820] {logging_mixin.py:104} INFO - [2021-07-14 23:07:25,820] {dag.py:2305} INFO - Setting next_dagrun for example_xcom_args to None
[2021-07-14 23:07:25,821] {logging_mixin.py:104} INFO - [2021-07-14 23:07:25,821] {dag.py:2305} INFO - Setting next_dagrun for example_xcom_args_with_operators to None
[2021-07-14 23:07:25,836] {scheduler_job.py:190} INFO - Processing /home/airflow/sandbox/lib/python3.8/site-packages/airflow/example_dags/example_xcomargs.py took 0.057 seconds
[2021-07-14 23:07:35,902] {scheduler_job.py:182} INFO - Started process (PID=2008) to work on /home/airflow/sandbox/lib/python3.8/site-packages/airflow/example_dags/example_xcomargs.py
[2021-07-14 23:07:35,903] {scheduler_job.py:633} INFO - Processing file /home/airflow/sandbox/lib/python3.8/site-packages/airflow/example_dags/example_xcomargs.py for tasks to queue
[2021-07-14 23:07:35,903] {logging_mixin.py:104} INFO - [2021-07-14 23:07:35,903] {dagbag.py:487} INFO - Filling up the DagBag from /home/airflow/sandbox/lib/python3.8/site-packages/airflow/example_dags/example_xcomargs.py
[2021-07-14 23:07:35,929] {scheduler_job.py:643} INFO - DAG(s) dict_keys(['example_xcom_args', 'example_xcom_args_with_operators']) retrieved from /home/airflow/sandbox/lib/python3.8/site-packages/airflow/example_dags/example_xcomargs.py
[2021-07-14 23:07:36,226] {logging_mixin.py:104} INFO - [2021-07-14 23:07:36,226] {dag.py:1832} INFO - Sync 2 DAGs
[2021-07-14 23:07:36,233] {logging_mixin.py:104} INFO - [2021-07-14 23:07:36,233] {dag.py:2305} INFO - Setting next_dagrun for example_xcom_args to None
[2021-07-14 23:07:36,233] {logging_mixin.py:104} INFO - [2021-07-14 23:07:36,233] {dag.py:2305} INFO - Setting next_dagrun for example_xcom_args_with_operators to None
[2021-07-14 23:07:36,244] {scheduler_job.py:190} INFO - Processing /home/airflow/sandbox/lib/python3.8/site-packages/airflow/example_dags/example_xcomargs.py took 0.344 seconds
[2021-07-14 23:07:57,331] {scheduler_job.py:182} INFO - Started process (PID=2050) to work on /home/airflow/sandbox/lib/python3.8/site-packages/airflow/example_dags/example_xcomargs.py
[2021-07-14 23:07:57,332] {scheduler_job.py:633} INFO - Processing file /home/airflow/sandbox/lib/python3.8/site-packages/airflow/example_dags/example_xcomargs.py for tasks to queue
[2021-07-14 23:07:57,333] {logging_mixin.py:104} INFO - [2021-07-14 23:07:57,333] {dagbag.py:487} INFO - Filling up the DagBag from /home/airflow/sandbox/lib/python3.8/site-packages/airflow/example_dags/example_xcomargs.py
[2021-07-14 23:07:57,349] {scheduler_job.py:643} INFO - DAG(s) dict_keys(['example_xcom_args', 'example_xcom_args_with_operators']) retrieved from /home/airflow/sandbox/lib/python3.8/site-packages/airflow/example_dags/example_xcomargs.py
[2021-07-14 23:07:57,364] {logging_mixin.py:104} INFO - [2021-07-14 23:07:57,364] {dag.py:1832} INFO - Sync 2 DAGs
[2021-07-14 23:07:57,374] {logging_mixin.py:104} INFO - [2021-07-14 23:07:57,374] {dag.py:2305} INFO - Setting next_dagrun for example_xcom_args to None
[2021-07-14 23:07:57,374] {logging_mixin.py:104} INFO - [2021-07-14 23:07:57,374] {dag.py:2305} INFO - Setting next_dagrun for example_xcom_args_with_operators to None
[2021-07-14 23:07:57,384] {scheduler_job.py:190} INFO - Processing /home/airflow/sandbox/lib/python3.8/site-packages/airflow/example_dags/example_xcomargs.py took 0.056 seconds
[2021-07-14 23:08:07,206] {scheduler_job.py:182} INFO - Started process (PID=2070) to work on /home/airflow/sandbox/lib/python3.8/site-packages/airflow/example_dags/example_xcomargs.py
[2021-07-14 23:08:07,207] {scheduler_job.py:633} INFO - Processing file /home/airflow/sandbox/lib/python3.8/site-packages/airflow/example_dags/example_xcomargs.py for tasks to queue
[2021-07-14 23:08:07,208] {logging_mixin.py:104} INFO - [2021-07-14 23:08:07,208] {dagbag.py:487} INFO - Filling up the DagBag from /home/airflow/sandbox/lib/python3.8/site-packages/airflow/example_dags/example_xcomargs.py
[2021-07-14 23:08:07,222] {scheduler_job.py:643} INFO - DAG(s) dict_keys(['example_xcom_args', 'example_xcom_args_with_operators']) retrieved from /home/airflow/sandbox/lib/python3.8/site-packages/airflow/example_dags/example_xcomargs.py
[2021-07-14 23:08:07,511] {logging_mixin.py:104} INFO - [2021-07-14 23:08:07,510] {dag.py:1832} INFO - Sync 2 DAGs
[2021-07-14 23:08:07,518] {logging_mixin.py:104} INFO - [2021-07-14 23:08:07,518] {dag.py:2305} INFO - Setting next_dagrun for example_xcom_args to None
[2021-07-14 23:08:07,519] {logging_mixin.py:104} INFO - [2021-07-14 23:08:07,519] {dag.py:2305} INFO - Setting next_dagrun for example_xcom_args_with_operators to None
[2021-07-14 23:08:07,528] {scheduler_job.py:190} INFO - Processing /home/airflow/sandbox/lib/python3.8/site-packages/airflow/example_dags/example_xcomargs.py took 0.324 seconds
[2021-07-14 23:08:29,780] {scheduler_job.py:182} INFO - Started process (PID=2114) to work on /home/airflow/sandbox/lib/python3.8/site-packages/airflow/example_dags/example_xcomargs.py
[2021-07-14 23:08:29,781] {scheduler_job.py:633} INFO - Processing file /home/airflow/sandbox/lib/python3.8/site-packages/airflow/example_dags/example_xcomargs.py for tasks to queue
[2021-07-14 23:08:29,782] {logging_mixin.py:104} INFO - [2021-07-14 23:08:29,781] {dagbag.py:487} INFO - Filling up the DagBag from /home/airflow/sandbox/lib/python3.8/site-packages/airflow/example_dags/example_xcomargs.py
[2021-07-14 23:08:29,795] {scheduler_job.py:643} INFO - DAG(s) dict_keys(['example_xcom_args', 'example_xcom_args_with_operators']) retrieved from /home/airflow/sandbox/lib/python3.8/site-packages/airflow/example_dags/example_xcomargs.py
[2021-07-14 23:08:29,806] {logging_mixin.py:104} INFO - [2021-07-14 23:08:29,806] {dag.py:1832} INFO - Sync 2 DAGs
[2021-07-14 23:08:29,814] {logging_mixin.py:104} INFO - [2021-07-14 23:08:29,814] {dag.py:2305} INFO - Setting next_dagrun for example_xcom_args to None
[2021-07-14 23:08:29,815] {logging_mixin.py:104} INFO - [2021-07-14 23:08:29,815] {dag.py:2305} INFO - Setting next_dagrun for example_xcom_args_with_operators to None
[2021-07-14 23:08:29,834] {scheduler_job.py:190} INFO - Processing /home/airflow/sandbox/lib/python3.8/site-packages/airflow/example_dags/example_xcomargs.py took 0.056 seconds
[2021-07-14 23:08:38,896] {scheduler_job.py:182} INFO - Started process (PID=2132) to work on /home/airflow/sandbox/lib/python3.8/site-packages/airflow/example_dags/example_xcomargs.py
[2021-07-14 23:08:38,897] {scheduler_job.py:633} INFO - Processing file /home/airflow/sandbox/lib/python3.8/site-packages/airflow/example_dags/example_xcomargs.py for tasks to queue
[2021-07-14 23:08:38,898] {logging_mixin.py:104} INFO - [2021-07-14 23:08:38,897] {dagbag.py:487} INFO - Filling up the DagBag from /home/airflow/sandbox/lib/python3.8/site-packages/airflow/example_dags/example_xcomargs.py
[2021-07-14 23:08:38,913] {scheduler_job.py:643} INFO - DAG(s) dict_keys(['example_xcom_args', 'example_xcom_args_with_operators']) retrieved from /home/airflow/sandbox/lib/python3.8/site-packages/airflow/example_dags/example_xcomargs.py
[2021-07-14 23:08:39,326] {logging_mixin.py:104} INFO - [2021-07-14 23:08:39,326] {dag.py:1832} INFO - Sync 2 DAGs
[2021-07-14 23:08:39,341] {logging_mixin.py:104} INFO - [2021-07-14 23:08:39,341] {dag.py:2305} INFO - Setting next_dagrun for example_xcom_args to None
[2021-07-14 23:08:39,341] {logging_mixin.py:104} INFO - [2021-07-14 23:08:39,341] {dag.py:2305} INFO - Setting next_dagrun for example_xcom_args_with_operators to None
[2021-07-14 23:08:39,373] {scheduler_job.py:190} INFO - Processing /home/airflow/sandbox/lib/python3.8/site-packages/airflow/example_dags/example_xcomargs.py took 0.480 seconds
[2021-07-14 23:09:02,573] {scheduler_job.py:182} INFO - Started process (PID=2176) to work on /home/airflow/sandbox/lib/python3.8/site-packages/airflow/example_dags/example_xcomargs.py
[2021-07-14 23:09:02,574] {scheduler_job.py:633} INFO - Processing file /home/airflow/sandbox/lib/python3.8/site-packages/airflow/example_dags/example_xcomargs.py for tasks to queue
[2021-07-14 23:09:02,574] {logging_mixin.py:104} INFO - [2021-07-14 23:09:02,574] {dagbag.py:487} INFO - Filling up the DagBag from /home/airflow/sandbox/lib/python3.8/site-packages/airflow/example_dags/example_xcomargs.py
[2021-07-14 23:09:02,588] {scheduler_job.py:643} INFO - DAG(s) dict_keys(['example_xcom_args', 'example_xcom_args_with_operators']) retrieved from /home/airflow/sandbox/lib/python3.8/site-packages/airflow/example_dags/example_xcomargs.py
[2021-07-14 23:09:02,602] {logging_mixin.py:104} INFO - [2021-07-14 23:09:02,601] {dag.py:1832} INFO - Sync 2 DAGs
[2021-07-14 23:09:02,611] {logging_mixin.py:104} INFO - [2021-07-14 23:09:02,610] {dag.py:2305} INFO - Setting next_dagrun for example_xcom_args to None
[2021-07-14 23:09:02,611] {logging_mixin.py:104} INFO - [2021-07-14 23:09:02,611] {dag.py:2305} INFO - Setting next_dagrun for example_xcom_args_with_operators to None
[2021-07-14 23:09:02,623] {scheduler_job.py:190} INFO - Processing /home/airflow/sandbox/lib/python3.8/site-packages/airflow/example_dags/example_xcomargs.py took 0.052 seconds
[2021-07-14 23:09:11,398] {scheduler_job.py:182} INFO - Started process (PID=2193) to work on /home/airflow/sandbox/lib/python3.8/site-packages/airflow/example_dags/example_xcomargs.py
[2021-07-14 23:09:11,398] {scheduler_job.py:633} INFO - Processing file /home/airflow/sandbox/lib/python3.8/site-packages/airflow/example_dags/example_xcomargs.py for tasks to queue
[2021-07-14 23:09:11,399] {logging_mixin.py:104} INFO - [2021-07-14 23:09:11,399] {dagbag.py:487} INFO - Filling up the DagBag from /home/airflow/sandbox/lib/python3.8/site-packages/airflow/example_dags/example_xcomargs.py
[2021-07-14 23:09:11,412] {scheduler_job.py:643} INFO - DAG(s) dict_keys(['example_xcom_args', 'example_xcom_args_with_operators']) retrieved from /home/airflow/sandbox/lib/python3.8/site-packages/airflow/example_dags/example_xcomargs.py
[2021-07-14 23:09:11,757] {logging_mixin.py:104} INFO - [2021-07-14 23:09:11,757] {dag.py:1832} INFO - Sync 2 DAGs
[2021-07-14 23:09:11,765] {logging_mixin.py:104} INFO - [2021-07-14 23:09:11,765] {dag.py:2305} INFO - Setting next_dagrun for example_xcom_args to None
[2021-07-14 23:09:11,766] {logging_mixin.py:104} INFO - [2021-07-14 23:09:11,766] {dag.py:2305} INFO - Setting next_dagrun for example_xcom_args_with_operators to None
[2021-07-14 23:09:11,776] {scheduler_job.py:190} INFO - Processing /home/airflow/sandbox/lib/python3.8/site-packages/airflow/example_dags/example_xcomargs.py took 0.380 seconds
[2021-07-14 23:09:35,689] {scheduler_job.py:182} INFO - Started process (PID=2240) to work on /home/airflow/sandbox/lib/python3.8/site-packages/airflow/example_dags/example_xcomargs.py
[2021-07-14 23:09:35,691] {scheduler_job.py:633} INFO - Processing file /home/airflow/sandbox/lib/python3.8/site-packages/airflow/example_dags/example_xcomargs.py for tasks to queue
[2021-07-14 23:09:35,693] {logging_mixin.py:104} INFO - [2021-07-14 23:09:35,693] {dagbag.py:487} INFO - Filling up the DagBag from /home/airflow/sandbox/lib/python3.8/site-packages/airflow/example_dags/example_xcomargs.py
[2021-07-14 23:09:35,718] {scheduler_job.py:643} INFO - DAG(s) dict_keys(['example_xcom_args', 'example_xcom_args_with_operators']) retrieved from /home/airflow/sandbox/lib/python3.8/site-packages/airflow/example_dags/example_xcomargs.py
[2021-07-14 23:09:35,741] {logging_mixin.py:104} INFO - [2021-07-14 23:09:35,741] {dag.py:1832} INFO - Sync 2 DAGs
[2021-07-14 23:09:35,754] {logging_mixin.py:104} INFO - [2021-07-14 23:09:35,754] {dag.py:2305} INFO - Setting next_dagrun for example_xcom_args to None
[2021-07-14 23:09:35,756] {logging_mixin.py:104} INFO - [2021-07-14 23:09:35,756] {dag.py:2305} INFO - Setting next_dagrun for example_xcom_args_with_operators to None
[2021-07-14 23:09:35,776] {scheduler_job.py:190} INFO - Processing /home/airflow/sandbox/lib/python3.8/site-packages/airflow/example_dags/example_xcomargs.py took 0.090 seconds
[2021-07-14 23:09:42,500] {scheduler_job.py:182} INFO - Started process (PID=2253) to work on /home/airflow/sandbox/lib/python3.8/site-packages/airflow/example_dags/example_xcomargs.py
[2021-07-14 23:09:42,501] {scheduler_job.py:633} INFO - Processing file /home/airflow/sandbox/lib/python3.8/site-packages/airflow/example_dags/example_xcomargs.py for tasks to queue
[2021-07-14 23:09:42,502] {logging_mixin.py:104} INFO - [2021-07-14 23:09:42,502] {dagbag.py:487} INFO - Filling up the DagBag from /home/airflow/sandbox/lib/python3.8/site-packages/airflow/example_dags/example_xcomargs.py
[2021-07-14 23:09:42,515] {scheduler_job.py:643} INFO - DAG(s) dict_keys(['example_xcom_args', 'example_xcom_args_with_operators']) retrieved from /home/airflow/sandbox/lib/python3.8/site-packages/airflow/example_dags/example_xcomargs.py
[2021-07-14 23:09:42,868] {logging_mixin.py:104} INFO - [2021-07-14 23:09:42,867] {dag.py:1832} INFO - Sync 2 DAGs
[2021-07-14 23:09:42,874] {logging_mixin.py:104} INFO - [2021-07-14 23:09:42,874] {dag.py:2305} INFO - Setting next_dagrun for example_xcom_args to None
[2021-07-14 23:09:42,874] {logging_mixin.py:104} INFO - [2021-07-14 23:09:42,874] {dag.py:2305} INFO - Setting next_dagrun for example_xcom_args_with_operators to None
[2021-07-14 23:09:42,885] {scheduler_job.py:190} INFO - Processing /home/airflow/sandbox/lib/python3.8/site-packages/airflow/example_dags/example_xcomargs.py took 0.387 seconds
[2021-07-14 23:10:07,631] {scheduler_job.py:182} INFO - Started process (PID=2303) to work on /home/airflow/sandbox/lib/python3.8/site-packages/airflow/example_dags/example_xcomargs.py
[2021-07-14 23:10:07,633] {scheduler_job.py:633} INFO - Processing file /home/airflow/sandbox/lib/python3.8/site-packages/airflow/example_dags/example_xcomargs.py for tasks to queue
[2021-07-14 23:10:07,633] {logging_mixin.py:104} INFO - [2021-07-14 23:10:07,633] {dagbag.py:487} INFO - Filling up the DagBag from /home/airflow/sandbox/lib/python3.8/site-packages/airflow/example_dags/example_xcomargs.py
[2021-07-14 23:10:07,650] {scheduler_job.py:643} INFO - DAG(s) dict_keys(['example_xcom_args', 'example_xcom_args_with_operators']) retrieved from /home/airflow/sandbox/lib/python3.8/site-packages/airflow/example_dags/example_xcomargs.py
[2021-07-14 23:10:07,665] {logging_mixin.py:104} INFO - [2021-07-14 23:10:07,665] {dag.py:1832} INFO - Sync 2 DAGs
[2021-07-14 23:10:07,676] {logging_mixin.py:104} INFO - [2021-07-14 23:10:07,676] {dag.py:2305} INFO - Setting next_dagrun for example_xcom_args to None
[2021-07-14 23:10:07,677] {logging_mixin.py:104} INFO - [2021-07-14 23:10:07,677] {dag.py:2305} INFO - Setting next_dagrun for example_xcom_args_with_operators to None
[2021-07-14 23:10:07,697] {scheduler_job.py:190} INFO - Processing /home/airflow/sandbox/lib/python3.8/site-packages/airflow/example_dags/example_xcomargs.py took 0.068 seconds
[2021-07-14 23:10:13,406] {scheduler_job.py:182} INFO - Started process (PID=2314) to work on /home/airflow/sandbox/lib/python3.8/site-packages/airflow/example_dags/example_xcomargs.py
[2021-07-14 23:10:13,407] {scheduler_job.py:633} INFO - Processing file /home/airflow/sandbox/lib/python3.8/site-packages/airflow/example_dags/example_xcomargs.py for tasks to queue
[2021-07-14 23:10:13,408] {logging_mixin.py:104} INFO - [2021-07-14 23:10:13,407] {dagbag.py:487} INFO - Filling up the DagBag from /home/airflow/sandbox/lib/python3.8/site-packages/airflow/example_dags/example_xcomargs.py
[2021-07-14 23:10:13,426] {scheduler_job.py:643} INFO - DAG(s) dict_keys(['example_xcom_args', 'example_xcom_args_with_operators']) retrieved from /home/airflow/sandbox/lib/python3.8/site-packages/airflow/example_dags/example_xcomargs.py
[2021-07-14 23:10:13,446] {logging_mixin.py:104} INFO - [2021-07-14 23:10:13,446] {dag.py:1832} INFO - Sync 2 DAGs
[2021-07-14 23:10:13,458] {logging_mixin.py:104} INFO - [2021-07-14 23:10:13,458] {dag.py:2305} INFO - Setting next_dagrun for example_xcom_args to None
[2021-07-14 23:10:13,459] {logging_mixin.py:104} INFO - [2021-07-14 23:10:13,459] {dag.py:2305} INFO - Setting next_dagrun for example_xcom_args_with_operators to None
[2021-07-14 23:10:13,474] {scheduler_job.py:190} INFO - Processing /home/airflow/sandbox/lib/python3.8/site-packages/airflow/example_dags/example_xcomargs.py took 0.071 seconds
[2021-07-14 23:10:48,481] {scheduler_job.py:182} INFO - Started process (PID=2369) to work on /home/airflow/sandbox/lib/python3.8/site-packages/airflow/example_dags/example_xcomargs.py
[2021-07-14 23:10:48,484] {scheduler_job.py:633} INFO - Processing file /home/airflow/sandbox/lib/python3.8/site-packages/airflow/example_dags/example_xcomargs.py for tasks to queue
[2021-07-14 23:10:48,486] {logging_mixin.py:104} INFO - [2021-07-14 23:10:48,486] {dagbag.py:487} INFO - Filling up the DagBag from /home/airflow/sandbox/lib/python3.8/site-packages/airflow/example_dags/example_xcomargs.py
[2021-07-14 23:10:48,541] {scheduler_job.py:643} INFO - DAG(s) dict_keys(['example_xcom_args', 'example_xcom_args_with_operators']) retrieved from /home/airflow/sandbox/lib/python3.8/site-packages/airflow/example_dags/example_xcomargs.py
[2021-07-14 23:10:49,957] {logging_mixin.py:104} INFO - [2021-07-14 23:10:49,956] {dag.py:1832} INFO - Sync 2 DAGs
[2021-07-14 23:10:50,028] {logging_mixin.py:104} INFO - [2021-07-14 23:10:50,028] {dag.py:2305} INFO - Setting next_dagrun for example_xcom_args to None
[2021-07-14 23:10:50,030] {logging_mixin.py:104} INFO - [2021-07-14 23:10:50,030] {dag.py:2305} INFO - Setting next_dagrun for example_xcom_args_with_operators to None
[2021-07-14 23:10:50,106] {scheduler_job.py:190} INFO - Processing /home/airflow/sandbox/lib/python3.8/site-packages/airflow/example_dags/example_xcomargs.py took 1.633 seconds
[2021-07-14 23:10:51,955] {scheduler_job.py:182} INFO - Started process (PID=2373) to work on /home/airflow/sandbox/lib/python3.8/site-packages/airflow/example_dags/example_xcomargs.py
[2021-07-14 23:10:51,959] {scheduler_job.py:633} INFO - Processing file /home/airflow/sandbox/lib/python3.8/site-packages/airflow/example_dags/example_xcomargs.py for tasks to queue
[2021-07-14 23:10:51,961] {logging_mixin.py:104} INFO - [2021-07-14 23:10:51,960] {dagbag.py:487} INFO - Filling up the DagBag from /home/airflow/sandbox/lib/python3.8/site-packages/airflow/example_dags/example_xcomargs.py
[2021-07-14 23:10:52,049] {scheduler_job.py:643} INFO - DAG(s) dict_keys(['example_xcom_args', 'example_xcom_args_with_operators']) retrieved from /home/airflow/sandbox/lib/python3.8/site-packages/airflow/example_dags/example_xcomargs.py
[2021-07-14 23:10:52,118] {logging_mixin.py:104} INFO - [2021-07-14 23:10:52,117] {dag.py:1832} INFO - Sync 2 DAGs
[2021-07-14 23:10:52,245] {logging_mixin.py:104} INFO - [2021-07-14 23:10:52,244] {dag.py:2305} INFO - Setting next_dagrun for example_xcom_args to None
[2021-07-14 23:10:52,256] {logging_mixin.py:104} INFO - [2021-07-14 23:10:52,256] {dag.py:2305} INFO - Setting next_dagrun for example_xcom_args_with_operators to None
[2021-07-14 23:10:52,594] {scheduler_job.py:190} INFO - Processing /home/airflow/sandbox/lib/python3.8/site-packages/airflow/example_dags/example_xcomargs.py took 0.650 seconds
[2021-07-14 23:11:31,459] {scheduler_job.py:182} INFO - Started process (PID=2430) to work on /home/airflow/sandbox/lib/python3.8/site-packages/airflow/example_dags/example_xcomargs.py
[2021-07-14 23:11:31,460] {scheduler_job.py:633} INFO - Processing file /home/airflow/sandbox/lib/python3.8/site-packages/airflow/example_dags/example_xcomargs.py for tasks to queue
[2021-07-14 23:11:31,461] {logging_mixin.py:104} INFO - [2021-07-14 23:11:31,461] {dagbag.py:487} INFO - Filling up the DagBag from /home/airflow/sandbox/lib/python3.8/site-packages/airflow/example_dags/example_xcomargs.py
[2021-07-14 23:11:31,475] {scheduler_job.py:643} INFO - DAG(s) dict_keys(['example_xcom_args', 'example_xcom_args_with_operators']) retrieved from /home/airflow/sandbox/lib/python3.8/site-packages/airflow/example_dags/example_xcomargs.py
[2021-07-14 23:11:31,777] {logging_mixin.py:104} INFO - [2021-07-14 23:11:31,777] {dag.py:1832} INFO - Sync 2 DAGs
[2021-07-14 23:11:31,786] {logging_mixin.py:104} INFO - [2021-07-14 23:11:31,786] {dag.py:2305} INFO - Setting next_dagrun for example_xcom_args to None
[2021-07-14 23:11:31,786] {logging_mixin.py:104} INFO - [2021-07-14 23:11:31,786] {dag.py:2305} INFO - Setting next_dagrun for example_xcom_args_with_operators to None
[2021-07-14 23:11:31,798] {scheduler_job.py:190} INFO - Processing /home/airflow/sandbox/lib/python3.8/site-packages/airflow/example_dags/example_xcomargs.py took 0.342 seconds
[2021-07-14 23:11:33,140] {scheduler_job.py:182} INFO - Started process (PID=2433) to work on /home/airflow/sandbox/lib/python3.8/site-packages/airflow/example_dags/example_xcomargs.py
[2021-07-14 23:11:33,141] {scheduler_job.py:633} INFO - Processing file /home/airflow/sandbox/lib/python3.8/site-packages/airflow/example_dags/example_xcomargs.py for tasks to queue
[2021-07-14 23:11:33,142] {logging_mixin.py:104} INFO - [2021-07-14 23:11:33,142] {dagbag.py:487} INFO - Filling up the DagBag from /home/airflow/sandbox/lib/python3.8/site-packages/airflow/example_dags/example_xcomargs.py
[2021-07-14 23:11:33,157] {scheduler_job.py:643} INFO - DAG(s) dict_keys(['example_xcom_args', 'example_xcom_args_with_operators']) retrieved from /home/airflow/sandbox/lib/python3.8/site-packages/airflow/example_dags/example_xcomargs.py
[2021-07-14 23:11:33,170] {logging_mixin.py:104} INFO - [2021-07-14 23:11:33,170] {dag.py:1832} INFO - Sync 2 DAGs
[2021-07-14 23:11:33,181] {logging_mixin.py:104} INFO - [2021-07-14 23:11:33,181] {dag.py:2305} INFO - Setting next_dagrun for example_xcom_args to None
[2021-07-14 23:11:33,182] {logging_mixin.py:104} INFO - [2021-07-14 23:11:33,182] {dag.py:2305} INFO - Setting next_dagrun for example_xcom_args_with_operators to None
[2021-07-14 23:11:33,194] {scheduler_job.py:190} INFO - Processing /home/airflow/sandbox/lib/python3.8/site-packages/airflow/example_dags/example_xcomargs.py took 0.057 seconds
[2021-07-14 23:12:03,768] {scheduler_job.py:182} INFO - Started process (PID=2492) to work on /home/airflow/sandbox/lib/python3.8/site-packages/airflow/example_dags/example_xcomargs.py
[2021-07-14 23:12:03,769] {scheduler_job.py:633} INFO - Processing file /home/airflow/sandbox/lib/python3.8/site-packages/airflow/example_dags/example_xcomargs.py for tasks to queue
[2021-07-14 23:12:03,769] {logging_mixin.py:104} INFO - [2021-07-14 23:12:03,769] {dagbag.py:487} INFO - Filling up the DagBag from /home/airflow/sandbox/lib/python3.8/site-packages/airflow/example_dags/example_xcomargs.py
[2021-07-14 23:12:03,783] {scheduler_job.py:643} INFO - DAG(s) dict_keys(['example_xcom_args', 'example_xcom_args_with_operators']) retrieved from /home/airflow/sandbox/lib/python3.8/site-packages/airflow/example_dags/example_xcomargs.py
[2021-07-14 23:12:04,063] {logging_mixin.py:104} INFO - [2021-07-14 23:12:04,063] {dag.py:1832} INFO - Sync 2 DAGs
[2021-07-14 23:12:04,070] {logging_mixin.py:104} INFO - [2021-07-14 23:12:04,070] {dag.py:2305} INFO - Setting next_dagrun for example_xcom_args to None
[2021-07-14 23:12:04,071] {logging_mixin.py:104} INFO - [2021-07-14 23:12:04,071] {dag.py:2305} INFO - Setting next_dagrun for example_xcom_args_with_operators to None
[2021-07-14 23:12:04,089] {scheduler_job.py:190} INFO - Processing /home/airflow/sandbox/lib/python3.8/site-packages/airflow/example_dags/example_xcomargs.py took 0.324 seconds
[2021-07-14 23:12:04,969] {scheduler_job.py:182} INFO - Started process (PID=2494) to work on /home/airflow/sandbox/lib/python3.8/site-packages/airflow/example_dags/example_xcomargs.py
[2021-07-14 23:12:04,970] {scheduler_job.py:633} INFO - Processing file /home/airflow/sandbox/lib/python3.8/site-packages/airflow/example_dags/example_xcomargs.py for tasks to queue
[2021-07-14 23:12:04,970] {logging_mixin.py:104} INFO - [2021-07-14 23:12:04,970] {dagbag.py:487} INFO - Filling up the DagBag from /home/airflow/sandbox/lib/python3.8/site-packages/airflow/example_dags/example_xcomargs.py
[2021-07-14 23:12:04,987] {scheduler_job.py:643} INFO - DAG(s) dict_keys(['example_xcom_args', 'example_xcom_args_with_operators']) retrieved from /home/airflow/sandbox/lib/python3.8/site-packages/airflow/example_dags/example_xcomargs.py
[2021-07-14 23:12:05,000] {logging_mixin.py:104} INFO - [2021-07-14 23:12:05,000] {dag.py:1832} INFO - Sync 2 DAGs
[2021-07-14 23:12:05,009] {logging_mixin.py:104} INFO - [2021-07-14 23:12:05,009] {dag.py:2305} INFO - Setting next_dagrun for example_xcom_args to None
[2021-07-14 23:12:05,009] {logging_mixin.py:104} INFO - [2021-07-14 23:12:05,009] {dag.py:2305} INFO - Setting next_dagrun for example_xcom_args_with_operators to None
[2021-07-14 23:12:05,031] {scheduler_job.py:190} INFO - Processing /home/airflow/sandbox/lib/python3.8/site-packages/airflow/example_dags/example_xcomargs.py took 0.065 seconds
[2021-07-14 23:12:37,969] {scheduler_job.py:182} INFO - Started process (PID=2557) to work on /home/airflow/sandbox/lib/python3.8/site-packages/airflow/example_dags/example_xcomargs.py
[2021-07-14 23:12:37,971] {scheduler_job.py:633} INFO - Processing file /home/airflow/sandbox/lib/python3.8/site-packages/airflow/example_dags/example_xcomargs.py for tasks to queue
[2021-07-14 23:12:37,972] {logging_mixin.py:104} INFO - [2021-07-14 23:12:37,972] {dagbag.py:487} INFO - Filling up the DagBag from /home/airflow/sandbox/lib/python3.8/site-packages/airflow/example_dags/example_xcomargs.py
[2021-07-14 23:12:38,001] {scheduler_job.py:643} INFO - DAG(s) dict_keys(['example_xcom_args', 'example_xcom_args_with_operators']) retrieved from /home/airflow/sandbox/lib/python3.8/site-packages/airflow/example_dags/example_xcomargs.py
[2021-07-14 23:12:38,610] {logging_mixin.py:104} INFO - [2021-07-14 23:12:38,610] {dag.py:1832} INFO - Sync 2 DAGs
[2021-07-14 23:12:38,632] {logging_mixin.py:104} INFO - [2021-07-14 23:12:38,632] {dag.py:2305} INFO - Setting next_dagrun for example_xcom_args to None
[2021-07-14 23:12:38,633] {logging_mixin.py:104} INFO - [2021-07-14 23:12:38,633] {dag.py:2305} INFO - Setting next_dagrun for example_xcom_args_with_operators to None
[2021-07-14 23:12:38,652] {scheduler_job.py:190} INFO - Processing /home/airflow/sandbox/lib/python3.8/site-packages/airflow/example_dags/example_xcomargs.py took 0.690 seconds
[2021-07-14 23:12:38,733] {scheduler_job.py:182} INFO - Started process (PID=2559) to work on /home/airflow/sandbox/lib/python3.8/site-packages/airflow/example_dags/example_xcomargs.py
[2021-07-14 23:12:38,734] {scheduler_job.py:633} INFO - Processing file /home/airflow/sandbox/lib/python3.8/site-packages/airflow/example_dags/example_xcomargs.py for tasks to queue
[2021-07-14 23:12:38,735] {logging_mixin.py:104} INFO - [2021-07-14 23:12:38,735] {dagbag.py:487} INFO - Filling up the DagBag from /home/airflow/sandbox/lib/python3.8/site-packages/airflow/example_dags/example_xcomargs.py
[2021-07-14 23:12:38,755] {scheduler_job.py:643} INFO - DAG(s) dict_keys(['example_xcom_args', 'example_xcom_args_with_operators']) retrieved from /home/airflow/sandbox/lib/python3.8/site-packages/airflow/example_dags/example_xcomargs.py
[2021-07-14 23:12:38,774] {logging_mixin.py:104} INFO - [2021-07-14 23:12:38,774] {dag.py:1832} INFO - Sync 2 DAGs
[2021-07-14 23:12:38,788] {logging_mixin.py:104} INFO - [2021-07-14 23:12:38,788] {dag.py:2305} INFO - Setting next_dagrun for example_xcom_args to None
[2021-07-14 23:12:38,789] {logging_mixin.py:104} INFO - [2021-07-14 23:12:38,789] {dag.py:2305} INFO - Setting next_dagrun for example_xcom_args_with_operators to None
[2021-07-14 23:12:38,802] {scheduler_job.py:190} INFO - Processing /home/airflow/sandbox/lib/python3.8/site-packages/airflow/example_dags/example_xcomargs.py took 0.072 seconds
[2021-07-14 23:13:09,505] {scheduler_job.py:182} INFO - Started process (PID=2615) to work on /home/airflow/sandbox/lib/python3.8/site-packages/airflow/example_dags/example_xcomargs.py
[2021-07-14 23:13:09,507] {scheduler_job.py:633} INFO - Processing file /home/airflow/sandbox/lib/python3.8/site-packages/airflow/example_dags/example_xcomargs.py for tasks to queue
[2021-07-14 23:13:09,508] {logging_mixin.py:104} INFO - [2021-07-14 23:13:09,508] {dagbag.py:487} INFO - Filling up the DagBag from /home/airflow/sandbox/lib/python3.8/site-packages/airflow/example_dags/example_xcomargs.py
[2021-07-14 23:13:09,530] {scheduler_job.py:643} INFO - DAG(s) dict_keys(['example_xcom_args', 'example_xcom_args_with_operators']) retrieved from /home/airflow/sandbox/lib/python3.8/site-packages/airflow/example_dags/example_xcomargs.py
[2021-07-14 23:13:10,038] {logging_mixin.py:104} INFO - [2021-07-14 23:13:10,038] {dag.py:1832} INFO - Sync 2 DAGs
[2021-07-14 23:13:10,053] {logging_mixin.py:104} INFO - [2021-07-14 23:13:10,053] {dag.py:2305} INFO - Setting next_dagrun for example_xcom_args to None
[2021-07-14 23:13:10,054] {logging_mixin.py:104} INFO - [2021-07-14 23:13:10,054] {dag.py:2305} INFO - Setting next_dagrun for example_xcom_args_with_operators to None
[2021-07-14 23:13:10,073] {scheduler_job.py:190} INFO - Processing /home/airflow/sandbox/lib/python3.8/site-packages/airflow/example_dags/example_xcomargs.py took 0.571 seconds
[2021-07-14 23:48:57,762] {scheduler_job.py:182} INFO - Started process (PID=1852) to work on /home/airflow/sandbox/lib/python3.8/site-packages/airflow/example_dags/example_xcomargs.py
[2021-07-14 23:48:57,772] {scheduler_job.py:633} INFO - Processing file /home/airflow/sandbox/lib/python3.8/site-packages/airflow/example_dags/example_xcomargs.py for tasks to queue
[2021-07-14 23:48:57,773] {logging_mixin.py:104} INFO - [2021-07-14 23:48:57,773] {dagbag.py:487} INFO - Filling up the DagBag from /home/airflow/sandbox/lib/python3.8/site-packages/airflow/example_dags/example_xcomargs.py
[2021-07-14 23:48:57,786] {scheduler_job.py:643} INFO - DAG(s) dict_keys(['example_xcom_args', 'example_xcom_args_with_operators']) retrieved from /home/airflow/sandbox/lib/python3.8/site-packages/airflow/example_dags/example_xcomargs.py
[2021-07-14 23:48:57,962] {logging_mixin.py:104} INFO - [2021-07-14 23:48:57,962] {dag.py:1832} INFO - Sync 2 DAGs
[2021-07-14 23:48:57,973] {logging_mixin.py:104} INFO - [2021-07-14 23:48:57,973] {dag.py:2305} INFO - Setting next_dagrun for example_xcom_args to None
[2021-07-14 23:48:57,973] {logging_mixin.py:104} INFO - [2021-07-14 23:48:57,973] {dag.py:2305} INFO - Setting next_dagrun for example_xcom_args_with_operators to None
[2021-07-14 23:48:57,992] {scheduler_job.py:190} INFO - Processing /home/airflow/sandbox/lib/python3.8/site-packages/airflow/example_dags/example_xcomargs.py took 0.232 seconds
[2021-07-14 23:49:29,406] {scheduler_job.py:182} INFO - Started process (PID=1883) to work on /home/airflow/sandbox/lib/python3.8/site-packages/airflow/example_dags/example_xcomargs.py
[2021-07-14 23:49:29,407] {scheduler_job.py:633} INFO - Processing file /home/airflow/sandbox/lib/python3.8/site-packages/airflow/example_dags/example_xcomargs.py for tasks to queue
[2021-07-14 23:49:29,408] {logging_mixin.py:104} INFO - [2021-07-14 23:49:29,407] {dagbag.py:487} INFO - Filling up the DagBag from /home/airflow/sandbox/lib/python3.8/site-packages/airflow/example_dags/example_xcomargs.py
[2021-07-14 23:49:29,423] {scheduler_job.py:643} INFO - DAG(s) dict_keys(['example_xcom_args', 'example_xcom_args_with_operators']) retrieved from /home/airflow/sandbox/lib/python3.8/site-packages/airflow/example_dags/example_xcomargs.py
[2021-07-14 23:49:29,640] {logging_mixin.py:104} INFO - [2021-07-14 23:49:29,640] {dag.py:1832} INFO - Sync 2 DAGs
[2021-07-14 23:49:29,648] {logging_mixin.py:104} INFO - [2021-07-14 23:49:29,648] {dag.py:2305} INFO - Setting next_dagrun for example_xcom_args to None
[2021-07-14 23:49:29,649] {logging_mixin.py:104} INFO - [2021-07-14 23:49:29,649] {dag.py:2305} INFO - Setting next_dagrun for example_xcom_args_with_operators to None
[2021-07-14 23:49:29,660] {scheduler_job.py:190} INFO - Processing /home/airflow/sandbox/lib/python3.8/site-packages/airflow/example_dags/example_xcomargs.py took 0.256 seconds
[2021-07-14 23:50:01,734] {scheduler_job.py:182} INFO - Started process (PID=1914) to work on /home/airflow/sandbox/lib/python3.8/site-packages/airflow/example_dags/example_xcomargs.py
[2021-07-14 23:50:01,735] {scheduler_job.py:633} INFO - Processing file /home/airflow/sandbox/lib/python3.8/site-packages/airflow/example_dags/example_xcomargs.py for tasks to queue
[2021-07-14 23:50:01,735] {logging_mixin.py:104} INFO - [2021-07-14 23:50:01,735] {dagbag.py:487} INFO - Filling up the DagBag from /home/airflow/sandbox/lib/python3.8/site-packages/airflow/example_dags/example_xcomargs.py
[2021-07-14 23:50:01,754] {scheduler_job.py:643} INFO - DAG(s) dict_keys(['example_xcom_args', 'example_xcom_args_with_operators']) retrieved from /home/airflow/sandbox/lib/python3.8/site-packages/airflow/example_dags/example_xcomargs.py
[2021-07-14 23:50:01,984] {logging_mixin.py:104} INFO - [2021-07-14 23:50:01,984] {dag.py:1832} INFO - Sync 2 DAGs
[2021-07-14 23:50:01,997] {logging_mixin.py:104} INFO - [2021-07-14 23:50:01,997] {dag.py:2305} INFO - Setting next_dagrun for example_xcom_args to None
[2021-07-14 23:50:01,997] {logging_mixin.py:104} INFO - [2021-07-14 23:50:01,997] {dag.py:2305} INFO - Setting next_dagrun for example_xcom_args_with_operators to None
[2021-07-14 23:50:02,012] {scheduler_job.py:190} INFO - Processing /home/airflow/sandbox/lib/python3.8/site-packages/airflow/example_dags/example_xcomargs.py took 0.281 seconds
[2021-07-14 23:50:33,829] {scheduler_job.py:182} INFO - Started process (PID=1945) to work on /home/airflow/sandbox/lib/python3.8/site-packages/airflow/example_dags/example_xcomargs.py
[2021-07-14 23:50:33,830] {scheduler_job.py:633} INFO - Processing file /home/airflow/sandbox/lib/python3.8/site-packages/airflow/example_dags/example_xcomargs.py for tasks to queue
[2021-07-14 23:50:33,831] {logging_mixin.py:104} INFO - [2021-07-14 23:50:33,831] {dagbag.py:487} INFO - Filling up the DagBag from /home/airflow/sandbox/lib/python3.8/site-packages/airflow/example_dags/example_xcomargs.py
[2021-07-14 23:50:33,845] {scheduler_job.py:643} INFO - DAG(s) dict_keys(['example_xcom_args', 'example_xcom_args_with_operators']) retrieved from /home/airflow/sandbox/lib/python3.8/site-packages/airflow/example_dags/example_xcomargs.py
[2021-07-14 23:50:34,061] {logging_mixin.py:104} INFO - [2021-07-14 23:50:34,060] {dag.py:1832} INFO - Sync 2 DAGs
[2021-07-14 23:50:34,069] {logging_mixin.py:104} INFO - [2021-07-14 23:50:34,069] {dag.py:2305} INFO - Setting next_dagrun for example_xcom_args to None
[2021-07-14 23:50:34,070] {logging_mixin.py:104} INFO - [2021-07-14 23:50:34,070] {dag.py:2305} INFO - Setting next_dagrun for example_xcom_args_with_operators to None
[2021-07-14 23:50:34,092] {scheduler_job.py:190} INFO - Processing /home/airflow/sandbox/lib/python3.8/site-packages/airflow/example_dags/example_xcomargs.py took 0.265 seconds
[2021-07-14 23:51:10,578] {scheduler_job.py:182} INFO - Started process (PID=1978) to work on /home/airflow/sandbox/lib/python3.8/site-packages/airflow/example_dags/example_xcomargs.py
[2021-07-14 23:51:10,582] {scheduler_job.py:633} INFO - Processing file /home/airflow/sandbox/lib/python3.8/site-packages/airflow/example_dags/example_xcomargs.py for tasks to queue
[2021-07-14 23:51:10,583] {logging_mixin.py:104} INFO - [2021-07-14 23:51:10,583] {dagbag.py:487} INFO - Filling up the DagBag from /home/airflow/sandbox/lib/python3.8/site-packages/airflow/example_dags/example_xcomargs.py
[2021-07-14 23:51:10,613] {scheduler_job.py:643} INFO - DAG(s) dict_keys(['example_xcom_args', 'example_xcom_args_with_operators']) retrieved from /home/airflow/sandbox/lib/python3.8/site-packages/airflow/example_dags/example_xcomargs.py
[2021-07-14 23:51:11,032] {logging_mixin.py:104} INFO - [2021-07-14 23:51:11,031] {dag.py:1832} INFO - Sync 2 DAGs
[2021-07-14 23:51:11,049] {logging_mixin.py:104} INFO - [2021-07-14 23:51:11,049] {dag.py:2305} INFO - Setting next_dagrun for example_xcom_args to None
[2021-07-14 23:51:11,050] {logging_mixin.py:104} INFO - [2021-07-14 23:51:11,050] {dag.py:2305} INFO - Setting next_dagrun for example_xcom_args_with_operators to None
[2021-07-14 23:51:11,074] {scheduler_job.py:190} INFO - Processing /home/airflow/sandbox/lib/python3.8/site-packages/airflow/example_dags/example_xcomargs.py took 0.501 seconds
[2021-07-14 23:51:54,488] {scheduler_job.py:182} INFO - Started process (PID=2009) to work on /home/airflow/sandbox/lib/python3.8/site-packages/airflow/example_dags/example_xcomargs.py
[2021-07-14 23:51:54,491] {scheduler_job.py:633} INFO - Processing file /home/airflow/sandbox/lib/python3.8/site-packages/airflow/example_dags/example_xcomargs.py for tasks to queue
[2021-07-14 23:51:54,492] {logging_mixin.py:104} INFO - [2021-07-14 23:51:54,492] {dagbag.py:487} INFO - Filling up the DagBag from /home/airflow/sandbox/lib/python3.8/site-packages/airflow/example_dags/example_xcomargs.py
[2021-07-14 23:51:54,572] {scheduler_job.py:643} INFO - DAG(s) dict_keys(['example_xcom_args', 'example_xcom_args_with_operators']) retrieved from /home/airflow/sandbox/lib/python3.8/site-packages/airflow/example_dags/example_xcomargs.py
[2021-07-14 23:51:55,376] {logging_mixin.py:104} INFO - [2021-07-14 23:51:55,374] {dag.py:1832} INFO - Sync 2 DAGs
[2021-07-14 23:51:55,423] {logging_mixin.py:104} INFO - [2021-07-14 23:51:55,422] {dag.py:2305} INFO - Setting next_dagrun for example_xcom_args to None
[2021-07-14 23:51:55,426] {logging_mixin.py:104} INFO - [2021-07-14 23:51:55,426] {dag.py:2305} INFO - Setting next_dagrun for example_xcom_args_with_operators to None
[2021-07-14 23:51:55,485] {scheduler_job.py:190} INFO - Processing /home/airflow/sandbox/lib/python3.8/site-packages/airflow/example_dags/example_xcomargs.py took 1.006 seconds
[2021-07-14 23:52:27,965] {scheduler_job.py:182} INFO - Started process (PID=2040) to work on /home/airflow/sandbox/lib/python3.8/site-packages/airflow/example_dags/example_xcomargs.py
[2021-07-14 23:52:27,966] {scheduler_job.py:633} INFO - Processing file /home/airflow/sandbox/lib/python3.8/site-packages/airflow/example_dags/example_xcomargs.py for tasks to queue
[2021-07-14 23:52:27,966] {logging_mixin.py:104} INFO - [2021-07-14 23:52:27,966] {dagbag.py:487} INFO - Filling up the DagBag from /home/airflow/sandbox/lib/python3.8/site-packages/airflow/example_dags/example_xcomargs.py
[2021-07-14 23:52:27,981] {scheduler_job.py:643} INFO - DAG(s) dict_keys(['example_xcom_args', 'example_xcom_args_with_operators']) retrieved from /home/airflow/sandbox/lib/python3.8/site-packages/airflow/example_dags/example_xcomargs.py
[2021-07-14 23:52:28,206] {logging_mixin.py:104} INFO - [2021-07-14 23:52:28,205] {dag.py:1832} INFO - Sync 2 DAGs
[2021-07-14 23:52:28,221] {logging_mixin.py:104} INFO - [2021-07-14 23:52:28,220] {dag.py:2305} INFO - Setting next_dagrun for example_xcom_args to None
[2021-07-14 23:52:28,221] {logging_mixin.py:104} INFO - [2021-07-14 23:52:28,221] {dag.py:2305} INFO - Setting next_dagrun for example_xcom_args_with_operators to None
[2021-07-14 23:52:28,233] {scheduler_job.py:190} INFO - Processing /home/airflow/sandbox/lib/python3.8/site-packages/airflow/example_dags/example_xcomargs.py took 0.272 seconds
[2021-07-14 23:52:59,937] {scheduler_job.py:182} INFO - Started process (PID=2071) to work on /home/airflow/sandbox/lib/python3.8/site-packages/airflow/example_dags/example_xcomargs.py
[2021-07-14 23:52:59,938] {scheduler_job.py:633} INFO - Processing file /home/airflow/sandbox/lib/python3.8/site-packages/airflow/example_dags/example_xcomargs.py for tasks to queue
[2021-07-14 23:52:59,939] {logging_mixin.py:104} INFO - [2021-07-14 23:52:59,939] {dagbag.py:487} INFO - Filling up the DagBag from /home/airflow/sandbox/lib/python3.8/site-packages/airflow/example_dags/example_xcomargs.py
[2021-07-14 23:52:59,954] {scheduler_job.py:643} INFO - DAG(s) dict_keys(['example_xcom_args', 'example_xcom_args_with_operators']) retrieved from /home/airflow/sandbox/lib/python3.8/site-packages/airflow/example_dags/example_xcomargs.py
[2021-07-14 23:53:00,150] {logging_mixin.py:104} INFO - [2021-07-14 23:53:00,150] {dag.py:1832} INFO - Sync 2 DAGs
[2021-07-14 23:53:00,160] {logging_mixin.py:104} INFO - [2021-07-14 23:53:00,160] {dag.py:2305} INFO - Setting next_dagrun for example_xcom_args to None
[2021-07-14 23:53:00,161] {logging_mixin.py:104} INFO - [2021-07-14 23:53:00,161] {dag.py:2305} INFO - Setting next_dagrun for example_xcom_args_with_operators to None
[2021-07-14 23:53:00,172] {scheduler_job.py:190} INFO - Processing /home/airflow/sandbox/lib/python3.8/site-packages/airflow/example_dags/example_xcomargs.py took 0.238 seconds
[2021-07-14 23:53:31,667] {scheduler_job.py:182} INFO - Started process (PID=2102) to work on /home/airflow/sandbox/lib/python3.8/site-packages/airflow/example_dags/example_xcomargs.py
[2021-07-14 23:53:31,673] {scheduler_job.py:633} INFO - Processing file /home/airflow/sandbox/lib/python3.8/site-packages/airflow/example_dags/example_xcomargs.py for tasks to queue
[2021-07-14 23:53:31,682] {logging_mixin.py:104} INFO - [2021-07-14 23:53:31,681] {dagbag.py:487} INFO - Filling up the DagBag from /home/airflow/sandbox/lib/python3.8/site-packages/airflow/example_dags/example_xcomargs.py
[2021-07-14 23:53:31,732] {scheduler_job.py:643} INFO - DAG(s) dict_keys(['example_xcom_args', 'example_xcom_args_with_operators']) retrieved from /home/airflow/sandbox/lib/python3.8/site-packages/airflow/example_dags/example_xcomargs.py
[2021-07-14 23:53:32,206] {logging_mixin.py:104} INFO - [2021-07-14 23:53:32,205] {dag.py:1832} INFO - Sync 2 DAGs
[2021-07-14 23:53:32,226] {logging_mixin.py:104} INFO - [2021-07-14 23:53:32,226] {dag.py:2305} INFO - Setting next_dagrun for example_xcom_args to None
[2021-07-14 23:53:32,227] {logging_mixin.py:104} INFO - [2021-07-14 23:53:32,227] {dag.py:2305} INFO - Setting next_dagrun for example_xcom_args_with_operators to None
[2021-07-14 23:53:32,245] {scheduler_job.py:190} INFO - Processing /home/airflow/sandbox/lib/python3.8/site-packages/airflow/example_dags/example_xcomargs.py took 0.610 seconds
[2021-07-14 23:54:05,961] {scheduler_job.py:182} INFO - Started process (PID=2135) to work on /home/airflow/sandbox/lib/python3.8/site-packages/airflow/example_dags/example_xcomargs.py
[2021-07-14 23:54:05,962] {scheduler_job.py:633} INFO - Processing file /home/airflow/sandbox/lib/python3.8/site-packages/airflow/example_dags/example_xcomargs.py for tasks to queue
[2021-07-14 23:54:05,963] {logging_mixin.py:104} INFO - [2021-07-14 23:54:05,963] {dagbag.py:487} INFO - Filling up the DagBag from /home/airflow/sandbox/lib/python3.8/site-packages/airflow/example_dags/example_xcomargs.py
[2021-07-14 23:54:05,981] {scheduler_job.py:643} INFO - DAG(s) dict_keys(['example_xcom_args', 'example_xcom_args_with_operators']) retrieved from /home/airflow/sandbox/lib/python3.8/site-packages/airflow/example_dags/example_xcomargs.py
[2021-07-14 23:54:06,286] {logging_mixin.py:104} INFO - [2021-07-14 23:54:06,273] {dag.py:1832} INFO - Sync 2 DAGs
[2021-07-14 23:54:06,305] {logging_mixin.py:104} INFO - [2021-07-14 23:54:06,304] {dag.py:2305} INFO - Setting next_dagrun for example_xcom_args to None
[2021-07-14 23:54:06,305] {logging_mixin.py:104} INFO - [2021-07-14 23:54:06,305] {dag.py:2305} INFO - Setting next_dagrun for example_xcom_args_with_operators to None
[2021-07-14 23:54:06,323] {scheduler_job.py:190} INFO - Processing /home/airflow/sandbox/lib/python3.8/site-packages/airflow/example_dags/example_xcomargs.py took 0.368 seconds
[2021-07-14 23:54:37,714] {scheduler_job.py:182} INFO - Started process (PID=2166) to work on /home/airflow/sandbox/lib/python3.8/site-packages/airflow/example_dags/example_xcomargs.py
[2021-07-14 23:54:37,715] {scheduler_job.py:633} INFO - Processing file /home/airflow/sandbox/lib/python3.8/site-packages/airflow/example_dags/example_xcomargs.py for tasks to queue
[2021-07-14 23:54:37,715] {logging_mixin.py:104} INFO - [2021-07-14 23:54:37,715] {dagbag.py:487} INFO - Filling up the DagBag from /home/airflow/sandbox/lib/python3.8/site-packages/airflow/example_dags/example_xcomargs.py
[2021-07-14 23:54:37,729] {scheduler_job.py:643} INFO - DAG(s) dict_keys(['example_xcom_args', 'example_xcom_args_with_operators']) retrieved from /home/airflow/sandbox/lib/python3.8/site-packages/airflow/example_dags/example_xcomargs.py
[2021-07-14 23:54:37,921] {logging_mixin.py:104} INFO - [2021-07-14 23:54:37,921] {dag.py:1832} INFO - Sync 2 DAGs
[2021-07-14 23:54:37,932] {logging_mixin.py:104} INFO - [2021-07-14 23:54:37,932] {dag.py:2305} INFO - Setting next_dagrun for example_xcom_args to None
[2021-07-14 23:54:37,932] {logging_mixin.py:104} INFO - [2021-07-14 23:54:37,932] {dag.py:2305} INFO - Setting next_dagrun for example_xcom_args_with_operators to None
[2021-07-14 23:54:37,952] {scheduler_job.py:190} INFO - Processing /home/airflow/sandbox/lib/python3.8/site-packages/airflow/example_dags/example_xcomargs.py took 0.240 seconds
[2021-07-14 23:55:47,584] {scheduler_job.py:182} INFO - Started process (PID=2243) to work on /home/airflow/sandbox/lib/python3.8/site-packages/airflow/example_dags/example_xcomargs.py
[2021-07-14 23:55:47,585] {scheduler_job.py:633} INFO - Processing file /home/airflow/sandbox/lib/python3.8/site-packages/airflow/example_dags/example_xcomargs.py for tasks to queue
[2021-07-14 23:55:47,586] {logging_mixin.py:104} INFO - [2021-07-14 23:55:47,586] {dagbag.py:487} INFO - Filling up the DagBag from /home/airflow/sandbox/lib/python3.8/site-packages/airflow/example_dags/example_xcomargs.py
[2021-07-14 23:55:47,603] {scheduler_job.py:643} INFO - DAG(s) dict_keys(['example_xcom_args', 'example_xcom_args_with_operators']) retrieved from /home/airflow/sandbox/lib/python3.8/site-packages/airflow/example_dags/example_xcomargs.py
[2021-07-14 23:55:47,832] {logging_mixin.py:104} INFO - [2021-07-14 23:55:47,832] {dag.py:1832} INFO - Sync 2 DAGs
[2021-07-14 23:55:47,841] {logging_mixin.py:104} INFO - [2021-07-14 23:55:47,841] {dag.py:2305} INFO - Setting next_dagrun for example_xcom_args to None
[2021-07-14 23:55:47,841] {logging_mixin.py:104} INFO - [2021-07-14 23:55:47,841] {dag.py:2305} INFO - Setting next_dagrun for example_xcom_args_with_operators to None
[2021-07-14 23:55:47,864] {scheduler_job.py:190} INFO - Processing /home/airflow/sandbox/lib/python3.8/site-packages/airflow/example_dags/example_xcomargs.py took 0.283 seconds
[2021-07-14 23:56:19,940] {scheduler_job.py:182} INFO - Started process (PID=2274) to work on /home/airflow/sandbox/lib/python3.8/site-packages/airflow/example_dags/example_xcomargs.py
[2021-07-14 23:56:19,941] {scheduler_job.py:633} INFO - Processing file /home/airflow/sandbox/lib/python3.8/site-packages/airflow/example_dags/example_xcomargs.py for tasks to queue
[2021-07-14 23:56:19,942] {logging_mixin.py:104} INFO - [2021-07-14 23:56:19,942] {dagbag.py:487} INFO - Filling up the DagBag from /home/airflow/sandbox/lib/python3.8/site-packages/airflow/example_dags/example_xcomargs.py
[2021-07-14 23:56:19,955] {scheduler_job.py:643} INFO - DAG(s) dict_keys(['example_xcom_args', 'example_xcom_args_with_operators']) retrieved from /home/airflow/sandbox/lib/python3.8/site-packages/airflow/example_dags/example_xcomargs.py
[2021-07-14 23:56:20,165] {logging_mixin.py:104} INFO - [2021-07-14 23:56:20,165] {dag.py:1832} INFO - Sync 2 DAGs
[2021-07-14 23:56:20,173] {logging_mixin.py:104} INFO - [2021-07-14 23:56:20,173] {dag.py:2305} INFO - Setting next_dagrun for example_xcom_args to None
[2021-07-14 23:56:20,174] {logging_mixin.py:104} INFO - [2021-07-14 23:56:20,174] {dag.py:2305} INFO - Setting next_dagrun for example_xcom_args_with_operators to None
[2021-07-14 23:56:20,185] {scheduler_job.py:190} INFO - Processing /home/airflow/sandbox/lib/python3.8/site-packages/airflow/example_dags/example_xcomargs.py took 0.248 seconds
[2021-07-14 23:56:53,363] {scheduler_job.py:182} INFO - Started process (PID=2306) to work on /home/airflow/sandbox/lib/python3.8/site-packages/airflow/example_dags/example_xcomargs.py
[2021-07-14 23:56:53,364] {scheduler_job.py:633} INFO - Processing file /home/airflow/sandbox/lib/python3.8/site-packages/airflow/example_dags/example_xcomargs.py for tasks to queue
[2021-07-14 23:56:53,364] {logging_mixin.py:104} INFO - [2021-07-14 23:56:53,364] {dagbag.py:487} INFO - Filling up the DagBag from /home/airflow/sandbox/lib/python3.8/site-packages/airflow/example_dags/example_xcomargs.py
[2021-07-14 23:56:53,381] {scheduler_job.py:643} INFO - DAG(s) dict_keys(['example_xcom_args', 'example_xcom_args_with_operators']) retrieved from /home/airflow/sandbox/lib/python3.8/site-packages/airflow/example_dags/example_xcomargs.py
[2021-07-14 23:56:53,601] {logging_mixin.py:104} INFO - [2021-07-14 23:56:53,601] {dag.py:1832} INFO - Sync 2 DAGs
[2021-07-14 23:56:53,609] {logging_mixin.py:104} INFO - [2021-07-14 23:56:53,609] {dag.py:2305} INFO - Setting next_dagrun for example_xcom_args to None
[2021-07-14 23:56:53,610] {logging_mixin.py:104} INFO - [2021-07-14 23:56:53,610] {dag.py:2305} INFO - Setting next_dagrun for example_xcom_args_with_operators to None
[2021-07-14 23:56:53,622] {scheduler_job.py:190} INFO - Processing /home/airflow/sandbox/lib/python3.8/site-packages/airflow/example_dags/example_xcomargs.py took 0.262 seconds
[2021-07-14 23:57:25,910] {scheduler_job.py:182} INFO - Started process (PID=2337) to work on /home/airflow/sandbox/lib/python3.8/site-packages/airflow/example_dags/example_xcomargs.py
[2021-07-14 23:57:25,911] {scheduler_job.py:633} INFO - Processing file /home/airflow/sandbox/lib/python3.8/site-packages/airflow/example_dags/example_xcomargs.py for tasks to queue
[2021-07-14 23:57:25,911] {logging_mixin.py:104} INFO - [2021-07-14 23:57:25,911] {dagbag.py:487} INFO - Filling up the DagBag from /home/airflow/sandbox/lib/python3.8/site-packages/airflow/example_dags/example_xcomargs.py
[2021-07-14 23:57:25,927] {scheduler_job.py:643} INFO - DAG(s) dict_keys(['example_xcom_args', 'example_xcom_args_with_operators']) retrieved from /home/airflow/sandbox/lib/python3.8/site-packages/airflow/example_dags/example_xcomargs.py
[2021-07-14 23:57:26,153] {logging_mixin.py:104} INFO - [2021-07-14 23:57:26,153] {dag.py:1832} INFO - Sync 2 DAGs
[2021-07-14 23:57:26,163] {logging_mixin.py:104} INFO - [2021-07-14 23:57:26,163] {dag.py:2305} INFO - Setting next_dagrun for example_xcom_args to None
[2021-07-14 23:57:26,164] {logging_mixin.py:104} INFO - [2021-07-14 23:57:26,164] {dag.py:2305} INFO - Setting next_dagrun for example_xcom_args_with_operators to None
[2021-07-14 23:57:26,179] {scheduler_job.py:190} INFO - Processing /home/airflow/sandbox/lib/python3.8/site-packages/airflow/example_dags/example_xcomargs.py took 0.272 seconds
[2021-07-14 23:57:59,051] {scheduler_job.py:182} INFO - Started process (PID=2368) to work on /home/airflow/sandbox/lib/python3.8/site-packages/airflow/example_dags/example_xcomargs.py
[2021-07-14 23:57:59,052] {scheduler_job.py:633} INFO - Processing file /home/airflow/sandbox/lib/python3.8/site-packages/airflow/example_dags/example_xcomargs.py for tasks to queue
[2021-07-14 23:57:59,052] {logging_mixin.py:104} INFO - [2021-07-14 23:57:59,052] {dagbag.py:487} INFO - Filling up the DagBag from /home/airflow/sandbox/lib/python3.8/site-packages/airflow/example_dags/example_xcomargs.py
[2021-07-14 23:57:59,068] {scheduler_job.py:643} INFO - DAG(s) dict_keys(['example_xcom_args', 'example_xcom_args_with_operators']) retrieved from /home/airflow/sandbox/lib/python3.8/site-packages/airflow/example_dags/example_xcomargs.py
[2021-07-14 23:57:59,084] {logging_mixin.py:104} INFO - [2021-07-14 23:57:59,084] {dag.py:1832} INFO - Sync 2 DAGs
[2021-07-14 23:57:59,094] {logging_mixin.py:104} INFO - [2021-07-14 23:57:59,094] {dag.py:2305} INFO - Setting next_dagrun for example_xcom_args to None
[2021-07-14 23:57:59,095] {logging_mixin.py:104} INFO - [2021-07-14 23:57:59,095] {dag.py:2305} INFO - Setting next_dagrun for example_xcom_args_with_operators to None
[2021-07-14 23:57:59,113] {scheduler_job.py:190} INFO - Processing /home/airflow/sandbox/lib/python3.8/site-packages/airflow/example_dags/example_xcomargs.py took 0.065 seconds
[2021-07-14 23:58:30,457] {scheduler_job.py:182} INFO - Started process (PID=2399) to work on /home/airflow/sandbox/lib/python3.8/site-packages/airflow/example_dags/example_xcomargs.py
[2021-07-14 23:58:30,458] {scheduler_job.py:633} INFO - Processing file /home/airflow/sandbox/lib/python3.8/site-packages/airflow/example_dags/example_xcomargs.py for tasks to queue
[2021-07-14 23:58:30,458] {logging_mixin.py:104} INFO - [2021-07-14 23:58:30,458] {dagbag.py:487} INFO - Filling up the DagBag from /home/airflow/sandbox/lib/python3.8/site-packages/airflow/example_dags/example_xcomargs.py
[2021-07-14 23:58:30,474] {scheduler_job.py:643} INFO - DAG(s) dict_keys(['example_xcom_args', 'example_xcom_args_with_operators']) retrieved from /home/airflow/sandbox/lib/python3.8/site-packages/airflow/example_dags/example_xcomargs.py
[2021-07-14 23:58:30,679] {logging_mixin.py:104} INFO - [2021-07-14 23:58:30,678] {dag.py:1832} INFO - Sync 2 DAGs
[2021-07-14 23:58:30,687] {logging_mixin.py:104} INFO - [2021-07-14 23:58:30,687] {dag.py:2305} INFO - Setting next_dagrun for example_xcom_args to None
[2021-07-14 23:58:30,688] {logging_mixin.py:104} INFO - [2021-07-14 23:58:30,688] {dag.py:2305} INFO - Setting next_dagrun for example_xcom_args_with_operators to None
[2021-07-14 23:58:30,708] {scheduler_job.py:190} INFO - Processing /home/airflow/sandbox/lib/python3.8/site-packages/airflow/example_dags/example_xcomargs.py took 0.253 seconds
[2021-07-14 23:59:01,882] {scheduler_job.py:182} INFO - Started process (PID=2430) to work on /home/airflow/sandbox/lib/python3.8/site-packages/airflow/example_dags/example_xcomargs.py
[2021-07-14 23:59:01,883] {scheduler_job.py:633} INFO - Processing file /home/airflow/sandbox/lib/python3.8/site-packages/airflow/example_dags/example_xcomargs.py for tasks to queue
[2021-07-14 23:59:01,883] {logging_mixin.py:104} INFO - [2021-07-14 23:59:01,883] {dagbag.py:487} INFO - Filling up the DagBag from /home/airflow/sandbox/lib/python3.8/site-packages/airflow/example_dags/example_xcomargs.py
[2021-07-14 23:59:01,896] {scheduler_job.py:643} INFO - DAG(s) dict_keys(['example_xcom_args', 'example_xcom_args_with_operators']) retrieved from /home/airflow/sandbox/lib/python3.8/site-packages/airflow/example_dags/example_xcomargs.py
[2021-07-14 23:59:02,060] {logging_mixin.py:104} INFO - [2021-07-14 23:59:02,060] {dag.py:1832} INFO - Sync 2 DAGs
[2021-07-14 23:59:02,067] {logging_mixin.py:104} INFO - [2021-07-14 23:59:02,067] {dag.py:2305} INFO - Setting next_dagrun for example_xcom_args to None
[2021-07-14 23:59:02,067] {logging_mixin.py:104} INFO - [2021-07-14 23:59:02,067] {dag.py:2305} INFO - Setting next_dagrun for example_xcom_args_with_operators to None
[2021-07-14 23:59:02,086] {scheduler_job.py:190} INFO - Processing /home/airflow/sandbox/lib/python3.8/site-packages/airflow/example_dags/example_xcomargs.py took 0.206 seconds
[2021-07-14 23:59:33,285] {scheduler_job.py:182} INFO - Started process (PID=2461) to work on /home/airflow/sandbox/lib/python3.8/site-packages/airflow/example_dags/example_xcomargs.py
[2021-07-14 23:59:33,286] {scheduler_job.py:633} INFO - Processing file /home/airflow/sandbox/lib/python3.8/site-packages/airflow/example_dags/example_xcomargs.py for tasks to queue
[2021-07-14 23:59:33,286] {logging_mixin.py:104} INFO - [2021-07-14 23:59:33,286] {dagbag.py:487} INFO - Filling up the DagBag from /home/airflow/sandbox/lib/python3.8/site-packages/airflow/example_dags/example_xcomargs.py
[2021-07-14 23:59:33,300] {scheduler_job.py:643} INFO - DAG(s) dict_keys(['example_xcom_args', 'example_xcom_args_with_operators']) retrieved from /home/airflow/sandbox/lib/python3.8/site-packages/airflow/example_dags/example_xcomargs.py
[2021-07-14 23:59:33,466] {logging_mixin.py:104} INFO - [2021-07-14 23:59:33,466] {dag.py:1832} INFO - Sync 2 DAGs
[2021-07-14 23:59:33,473] {logging_mixin.py:104} INFO - [2021-07-14 23:59:33,473] {dag.py:2305} INFO - Setting next_dagrun for example_xcom_args to None
[2021-07-14 23:59:33,474] {logging_mixin.py:104} INFO - [2021-07-14 23:59:33,474] {dag.py:2305} INFO - Setting next_dagrun for example_xcom_args_with_operators to None
[2021-07-14 23:59:33,491] {scheduler_job.py:190} INFO - Processing /home/airflow/sandbox/lib/python3.8/site-packages/airflow/example_dags/example_xcomargs.py took 0.209 seconds
