[2021-07-14 23:03:05,522] {scheduler_job.py:182} INFO - Started process (PID=1592) to work on /home/airflow/sandbox/lib/python3.8/site-packages/airflow/example_dags/example_trigger_target_dag.py
[2021-07-14 23:03:05,525] {scheduler_job.py:633} INFO - Processing file /home/airflow/sandbox/lib/python3.8/site-packages/airflow/example_dags/example_trigger_target_dag.py for tasks to queue
[2021-07-14 23:03:05,527] {logging_mixin.py:104} INFO - [2021-07-14 23:03:05,526] {dagbag.py:487} INFO - Filling up the DagBag from /home/airflow/sandbox/lib/python3.8/site-packages/airflow/example_dags/example_trigger_target_dag.py
[2021-07-14 23:03:05,556] {scheduler_job.py:643} INFO - DAG(s) dict_keys(['example_trigger_target_dag']) retrieved from /home/airflow/sandbox/lib/python3.8/site-packages/airflow/example_dags/example_trigger_target_dag.py
[2021-07-14 23:03:05,578] {logging_mixin.py:104} INFO - [2021-07-14 23:03:05,578] {dag.py:1832} INFO - Sync 1 DAGs
[2021-07-14 23:03:05,617] {logging_mixin.py:104} INFO - [2021-07-14 23:03:05,616] {dag.py:2305} INFO - Setting next_dagrun for example_trigger_target_dag to None
[2021-07-14 23:03:05,652] {scheduler_job.py:190} INFO - Processing /home/airflow/sandbox/lib/python3.8/site-packages/airflow/example_dags/example_trigger_target_dag.py took 0.135 seconds
[2021-07-14 23:03:42,826] {scheduler_job.py:182} INFO - Started process (PID=1637) to work on /home/airflow/sandbox/lib/python3.8/site-packages/airflow/example_dags/example_trigger_target_dag.py
[2021-07-14 23:03:42,827] {scheduler_job.py:633} INFO - Processing file /home/airflow/sandbox/lib/python3.8/site-packages/airflow/example_dags/example_trigger_target_dag.py for tasks to queue
[2021-07-14 23:03:42,828] {logging_mixin.py:104} INFO - [2021-07-14 23:03:42,828] {dagbag.py:487} INFO - Filling up the DagBag from /home/airflow/sandbox/lib/python3.8/site-packages/airflow/example_dags/example_trigger_target_dag.py
[2021-07-14 23:03:42,843] {scheduler_job.py:643} INFO - DAG(s) dict_keys(['example_trigger_target_dag']) retrieved from /home/airflow/sandbox/lib/python3.8/site-packages/airflow/example_dags/example_trigger_target_dag.py
[2021-07-14 23:03:42,858] {logging_mixin.py:104} INFO - [2021-07-14 23:03:42,857] {dag.py:1832} INFO - Sync 1 DAGs
[2021-07-14 23:03:42,866] {logging_mixin.py:104} INFO - [2021-07-14 23:03:42,866] {dag.py:2305} INFO - Setting next_dagrun for example_trigger_target_dag to None
[2021-07-14 23:03:42,891] {scheduler_job.py:190} INFO - Processing /home/airflow/sandbox/lib/python3.8/site-packages/airflow/example_dags/example_trigger_target_dag.py took 0.067 seconds
[2021-07-14 23:04:20,088] {scheduler_job.py:182} INFO - Started process (PID=1680) to work on /home/airflow/sandbox/lib/python3.8/site-packages/airflow/example_dags/example_trigger_target_dag.py
[2021-07-14 23:04:20,092] {scheduler_job.py:633} INFO - Processing file /home/airflow/sandbox/lib/python3.8/site-packages/airflow/example_dags/example_trigger_target_dag.py for tasks to queue
[2021-07-14 23:04:20,093] {logging_mixin.py:104} INFO - [2021-07-14 23:04:20,093] {dagbag.py:487} INFO - Filling up the DagBag from /home/airflow/sandbox/lib/python3.8/site-packages/airflow/example_dags/example_trigger_target_dag.py
[2021-07-14 23:04:20,152] {scheduler_job.py:643} INFO - DAG(s) dict_keys(['example_trigger_target_dag']) retrieved from /home/airflow/sandbox/lib/python3.8/site-packages/airflow/example_dags/example_trigger_target_dag.py
[2021-07-14 23:04:20,205] {logging_mixin.py:104} INFO - [2021-07-14 23:04:20,204] {dag.py:1832} INFO - Sync 1 DAGs
[2021-07-14 23:04:20,243] {logging_mixin.py:104} INFO - [2021-07-14 23:04:20,242] {dag.py:2305} INFO - Setting next_dagrun for example_trigger_target_dag to None
[2021-07-14 23:04:20,292] {scheduler_job.py:190} INFO - Processing /home/airflow/sandbox/lib/python3.8/site-packages/airflow/example_dags/example_trigger_target_dag.py took 0.212 seconds
[2021-07-14 23:04:46,282] {scheduler_job.py:182} INFO - Started process (PID=1720) to work on /home/airflow/sandbox/lib/python3.8/site-packages/airflow/example_dags/example_trigger_target_dag.py
[2021-07-14 23:04:46,285] {scheduler_job.py:633} INFO - Processing file /home/airflow/sandbox/lib/python3.8/site-packages/airflow/example_dags/example_trigger_target_dag.py for tasks to queue
[2021-07-14 23:04:46,286] {logging_mixin.py:104} INFO - [2021-07-14 23:04:46,286] {dagbag.py:487} INFO - Filling up the DagBag from /home/airflow/sandbox/lib/python3.8/site-packages/airflow/example_dags/example_trigger_target_dag.py
[2021-07-14 23:04:46,307] {scheduler_job.py:643} INFO - DAG(s) dict_keys(['example_trigger_target_dag']) retrieved from /home/airflow/sandbox/lib/python3.8/site-packages/airflow/example_dags/example_trigger_target_dag.py
[2021-07-14 23:04:46,328] {logging_mixin.py:104} INFO - [2021-07-14 23:04:46,328] {dag.py:1832} INFO - Sync 1 DAGs
[2021-07-14 23:04:46,345] {logging_mixin.py:104} INFO - [2021-07-14 23:04:46,345] {dag.py:2305} INFO - Setting next_dagrun for example_trigger_target_dag to None
[2021-07-14 23:04:46,361] {scheduler_job.py:190} INFO - Processing /home/airflow/sandbox/lib/python3.8/site-packages/airflow/example_dags/example_trigger_target_dag.py took 0.084 seconds
[2021-07-14 23:05:07,538] {scheduler_job.py:182} INFO - Started process (PID=1753) to work on /home/airflow/sandbox/lib/python3.8/site-packages/airflow/example_dags/example_trigger_target_dag.py
[2021-07-14 23:05:07,548] {scheduler_job.py:633} INFO - Processing file /home/airflow/sandbox/lib/python3.8/site-packages/airflow/example_dags/example_trigger_target_dag.py for tasks to queue
[2021-07-14 23:05:07,550] {logging_mixin.py:104} INFO - [2021-07-14 23:05:07,550] {dagbag.py:487} INFO - Filling up the DagBag from /home/airflow/sandbox/lib/python3.8/site-packages/airflow/example_dags/example_trigger_target_dag.py
[2021-07-14 23:05:07,670] {scheduler_job.py:643} INFO - DAG(s) dict_keys(['example_trigger_target_dag']) retrieved from /home/airflow/sandbox/lib/python3.8/site-packages/airflow/example_dags/example_trigger_target_dag.py
[2021-07-14 23:05:07,752] {logging_mixin.py:104} INFO - [2021-07-14 23:05:07,752] {dag.py:1832} INFO - Sync 1 DAGs
[2021-07-14 23:05:07,804] {logging_mixin.py:104} INFO - [2021-07-14 23:05:07,804] {dag.py:2305} INFO - Setting next_dagrun for example_trigger_target_dag to None
[2021-07-14 23:05:07,889] {scheduler_job.py:190} INFO - Processing /home/airflow/sandbox/lib/python3.8/site-packages/airflow/example_dags/example_trigger_target_dag.py took 0.374 seconds
[2021-07-14 23:05:29,765] {scheduler_job.py:182} INFO - Started process (PID=1783) to work on /home/airflow/sandbox/lib/python3.8/site-packages/airflow/example_dags/example_trigger_target_dag.py
[2021-07-14 23:05:29,766] {scheduler_job.py:633} INFO - Processing file /home/airflow/sandbox/lib/python3.8/site-packages/airflow/example_dags/example_trigger_target_dag.py for tasks to queue
[2021-07-14 23:05:29,767] {logging_mixin.py:104} INFO - [2021-07-14 23:05:29,767] {dagbag.py:487} INFO - Filling up the DagBag from /home/airflow/sandbox/lib/python3.8/site-packages/airflow/example_dags/example_trigger_target_dag.py
[2021-07-14 23:05:29,793] {scheduler_job.py:643} INFO - DAG(s) dict_keys(['example_trigger_target_dag']) retrieved from /home/airflow/sandbox/lib/python3.8/site-packages/airflow/example_dags/example_trigger_target_dag.py
[2021-07-14 23:05:29,810] {logging_mixin.py:104} INFO - [2021-07-14 23:05:29,810] {dag.py:1832} INFO - Sync 1 DAGs
[2021-07-14 23:05:29,831] {logging_mixin.py:104} INFO - [2021-07-14 23:05:29,831] {dag.py:2305} INFO - Setting next_dagrun for example_trigger_target_dag to None
[2021-07-14 23:05:29,844] {scheduler_job.py:190} INFO - Processing /home/airflow/sandbox/lib/python3.8/site-packages/airflow/example_dags/example_trigger_target_dag.py took 0.088 seconds
[2021-07-14 23:05:51,431] {scheduler_job.py:182} INFO - Started process (PID=1821) to work on /home/airflow/sandbox/lib/python3.8/site-packages/airflow/example_dags/example_trigger_target_dag.py
[2021-07-14 23:05:51,432] {scheduler_job.py:633} INFO - Processing file /home/airflow/sandbox/lib/python3.8/site-packages/airflow/example_dags/example_trigger_target_dag.py for tasks to queue
[2021-07-14 23:05:51,433] {logging_mixin.py:104} INFO - [2021-07-14 23:05:51,433] {dagbag.py:487} INFO - Filling up the DagBag from /home/airflow/sandbox/lib/python3.8/site-packages/airflow/example_dags/example_trigger_target_dag.py
[2021-07-14 23:05:51,445] {scheduler_job.py:643} INFO - DAG(s) dict_keys(['example_trigger_target_dag']) retrieved from /home/airflow/sandbox/lib/python3.8/site-packages/airflow/example_dags/example_trigger_target_dag.py
[2021-07-14 23:05:51,457] {logging_mixin.py:104} INFO - [2021-07-14 23:05:51,457] {dag.py:1832} INFO - Sync 1 DAGs
[2021-07-14 23:05:51,466] {logging_mixin.py:104} INFO - [2021-07-14 23:05:51,466] {dag.py:2305} INFO - Setting next_dagrun for example_trigger_target_dag to None
[2021-07-14 23:05:51,488] {scheduler_job.py:190} INFO - Processing /home/airflow/sandbox/lib/python3.8/site-packages/airflow/example_dags/example_trigger_target_dag.py took 0.059 seconds
[2021-07-14 23:06:03,354] {scheduler_job.py:182} INFO - Started process (PID=1843) to work on /home/airflow/sandbox/lib/python3.8/site-packages/airflow/example_dags/example_trigger_target_dag.py
[2021-07-14 23:06:03,355] {scheduler_job.py:633} INFO - Processing file /home/airflow/sandbox/lib/python3.8/site-packages/airflow/example_dags/example_trigger_target_dag.py for tasks to queue
[2021-07-14 23:06:03,355] {logging_mixin.py:104} INFO - [2021-07-14 23:06:03,355] {dagbag.py:487} INFO - Filling up the DagBag from /home/airflow/sandbox/lib/python3.8/site-packages/airflow/example_dags/example_trigger_target_dag.py
[2021-07-14 23:06:03,368] {scheduler_job.py:643} INFO - DAG(s) dict_keys(['example_trigger_target_dag']) retrieved from /home/airflow/sandbox/lib/python3.8/site-packages/airflow/example_dags/example_trigger_target_dag.py
[2021-07-14 23:06:03,380] {logging_mixin.py:104} INFO - [2021-07-14 23:06:03,380] {dag.py:1832} INFO - Sync 1 DAGs
[2021-07-14 23:06:03,390] {logging_mixin.py:104} INFO - [2021-07-14 23:06:03,390] {dag.py:2305} INFO - Setting next_dagrun for example_trigger_target_dag to None
[2021-07-14 23:06:03,408] {scheduler_job.py:190} INFO - Processing /home/airflow/sandbox/lib/python3.8/site-packages/airflow/example_dags/example_trigger_target_dag.py took 0.056 seconds
[2021-07-14 23:06:24,275] {scheduler_job.py:182} INFO - Started process (PID=1883) to work on /home/airflow/sandbox/lib/python3.8/site-packages/airflow/example_dags/example_trigger_target_dag.py
[2021-07-14 23:06:24,281] {scheduler_job.py:633} INFO - Processing file /home/airflow/sandbox/lib/python3.8/site-packages/airflow/example_dags/example_trigger_target_dag.py for tasks to queue
[2021-07-14 23:06:24,281] {logging_mixin.py:104} INFO - [2021-07-14 23:06:24,281] {dagbag.py:487} INFO - Filling up the DagBag from /home/airflow/sandbox/lib/python3.8/site-packages/airflow/example_dags/example_trigger_target_dag.py
[2021-07-14 23:06:24,307] {scheduler_job.py:643} INFO - DAG(s) dict_keys(['example_trigger_target_dag']) retrieved from /home/airflow/sandbox/lib/python3.8/site-packages/airflow/example_dags/example_trigger_target_dag.py
[2021-07-14 23:06:24,343] {logging_mixin.py:104} INFO - [2021-07-14 23:06:24,343] {dag.py:1832} INFO - Sync 1 DAGs
[2021-07-14 23:06:24,368] {logging_mixin.py:104} INFO - [2021-07-14 23:06:24,368] {dag.py:2305} INFO - Setting next_dagrun for example_trigger_target_dag to None
[2021-07-14 23:06:24,394] {scheduler_job.py:190} INFO - Processing /home/airflow/sandbox/lib/python3.8/site-packages/airflow/example_dags/example_trigger_target_dag.py took 0.123 seconds
[2021-07-14 23:06:38,348] {scheduler_job.py:182} INFO - Started process (PID=1906) to work on /home/airflow/sandbox/lib/python3.8/site-packages/airflow/example_dags/example_trigger_target_dag.py
[2021-07-14 23:06:38,349] {scheduler_job.py:633} INFO - Processing file /home/airflow/sandbox/lib/python3.8/site-packages/airflow/example_dags/example_trigger_target_dag.py for tasks to queue
[2021-07-14 23:06:38,349] {logging_mixin.py:104} INFO - [2021-07-14 23:06:38,349] {dagbag.py:487} INFO - Filling up the DagBag from /home/airflow/sandbox/lib/python3.8/site-packages/airflow/example_dags/example_trigger_target_dag.py
[2021-07-14 23:06:38,366] {scheduler_job.py:643} INFO - DAG(s) dict_keys(['example_trigger_target_dag']) retrieved from /home/airflow/sandbox/lib/python3.8/site-packages/airflow/example_dags/example_trigger_target_dag.py
[2021-07-14 23:06:38,380] {logging_mixin.py:104} INFO - [2021-07-14 23:06:38,380] {dag.py:1832} INFO - Sync 1 DAGs
[2021-07-14 23:06:38,392] {logging_mixin.py:104} INFO - [2021-07-14 23:06:38,391] {dag.py:2305} INFO - Setting next_dagrun for example_trigger_target_dag to None
[2021-07-14 23:06:38,414] {scheduler_job.py:190} INFO - Processing /home/airflow/sandbox/lib/python3.8/site-packages/airflow/example_dags/example_trigger_target_dag.py took 0.069 seconds
[2021-07-14 23:07:08,448] {scheduler_job.py:182} INFO - Started process (PID=1953) to work on /home/airflow/sandbox/lib/python3.8/site-packages/airflow/example_dags/example_trigger_target_dag.py
[2021-07-14 23:07:08,449] {scheduler_job.py:633} INFO - Processing file /home/airflow/sandbox/lib/python3.8/site-packages/airflow/example_dags/example_trigger_target_dag.py for tasks to queue
[2021-07-14 23:07:08,450] {logging_mixin.py:104} INFO - [2021-07-14 23:07:08,450] {dagbag.py:487} INFO - Filling up the DagBag from /home/airflow/sandbox/lib/python3.8/site-packages/airflow/example_dags/example_trigger_target_dag.py
[2021-07-14 23:07:08,466] {scheduler_job.py:643} INFO - DAG(s) dict_keys(['example_trigger_target_dag']) retrieved from /home/airflow/sandbox/lib/python3.8/site-packages/airflow/example_dags/example_trigger_target_dag.py
[2021-07-14 23:07:08,483] {logging_mixin.py:104} INFO - [2021-07-14 23:07:08,483] {dag.py:1832} INFO - Sync 1 DAGs
[2021-07-14 23:07:08,495] {logging_mixin.py:104} INFO - [2021-07-14 23:07:08,495] {dag.py:2305} INFO - Setting next_dagrun for example_trigger_target_dag to None
[2021-07-14 23:07:08,518] {scheduler_job.py:190} INFO - Processing /home/airflow/sandbox/lib/python3.8/site-packages/airflow/example_dags/example_trigger_target_dag.py took 0.073 seconds
[2021-07-14 23:07:20,348] {scheduler_job.py:182} INFO - Started process (PID=1975) to work on /home/airflow/sandbox/lib/python3.8/site-packages/airflow/example_dags/example_trigger_target_dag.py
[2021-07-14 23:07:20,349] {scheduler_job.py:633} INFO - Processing file /home/airflow/sandbox/lib/python3.8/site-packages/airflow/example_dags/example_trigger_target_dag.py for tasks to queue
[2021-07-14 23:07:20,349] {logging_mixin.py:104} INFO - [2021-07-14 23:07:20,349] {dagbag.py:487} INFO - Filling up the DagBag from /home/airflow/sandbox/lib/python3.8/site-packages/airflow/example_dags/example_trigger_target_dag.py
[2021-07-14 23:07:20,358] {scheduler_job.py:643} INFO - DAG(s) dict_keys(['example_trigger_target_dag']) retrieved from /home/airflow/sandbox/lib/python3.8/site-packages/airflow/example_dags/example_trigger_target_dag.py
[2021-07-14 23:07:20,370] {logging_mixin.py:104} INFO - [2021-07-14 23:07:20,370] {dag.py:1832} INFO - Sync 1 DAGs
[2021-07-14 23:07:20,378] {logging_mixin.py:104} INFO - [2021-07-14 23:07:20,378] {dag.py:2305} INFO - Setting next_dagrun for example_trigger_target_dag to None
[2021-07-14 23:07:20,397] {scheduler_job.py:190} INFO - Processing /home/airflow/sandbox/lib/python3.8/site-packages/airflow/example_dags/example_trigger_target_dag.py took 0.051 seconds
[2021-07-14 23:07:41,705] {scheduler_job.py:182} INFO - Started process (PID=2020) to work on /home/airflow/sandbox/lib/python3.8/site-packages/airflow/example_dags/example_trigger_target_dag.py
[2021-07-14 23:07:41,706] {scheduler_job.py:633} INFO - Processing file /home/airflow/sandbox/lib/python3.8/site-packages/airflow/example_dags/example_trigger_target_dag.py for tasks to queue
[2021-07-14 23:07:41,706] {logging_mixin.py:104} INFO - [2021-07-14 23:07:41,706] {dagbag.py:487} INFO - Filling up the DagBag from /home/airflow/sandbox/lib/python3.8/site-packages/airflow/example_dags/example_trigger_target_dag.py
[2021-07-14 23:07:41,717] {scheduler_job.py:643} INFO - DAG(s) dict_keys(['example_trigger_target_dag']) retrieved from /home/airflow/sandbox/lib/python3.8/site-packages/airflow/example_dags/example_trigger_target_dag.py
[2021-07-14 23:07:41,728] {logging_mixin.py:104} INFO - [2021-07-14 23:07:41,728] {dag.py:1832} INFO - Sync 1 DAGs
[2021-07-14 23:07:41,738] {logging_mixin.py:104} INFO - [2021-07-14 23:07:41,738] {dag.py:2305} INFO - Setting next_dagrun for example_trigger_target_dag to None
[2021-07-14 23:07:41,748] {scheduler_job.py:190} INFO - Processing /home/airflow/sandbox/lib/python3.8/site-packages/airflow/example_dags/example_trigger_target_dag.py took 0.046 seconds
[2021-07-14 23:07:52,812] {scheduler_job.py:182} INFO - Started process (PID=2041) to work on /home/airflow/sandbox/lib/python3.8/site-packages/airflow/example_dags/example_trigger_target_dag.py
[2021-07-14 23:07:52,814] {scheduler_job.py:633} INFO - Processing file /home/airflow/sandbox/lib/python3.8/site-packages/airflow/example_dags/example_trigger_target_dag.py for tasks to queue
[2021-07-14 23:07:52,815] {logging_mixin.py:104} INFO - [2021-07-14 23:07:52,815] {dagbag.py:487} INFO - Filling up the DagBag from /home/airflow/sandbox/lib/python3.8/site-packages/airflow/example_dags/example_trigger_target_dag.py
[2021-07-14 23:07:52,827] {scheduler_job.py:643} INFO - DAG(s) dict_keys(['example_trigger_target_dag']) retrieved from /home/airflow/sandbox/lib/python3.8/site-packages/airflow/example_dags/example_trigger_target_dag.py
[2021-07-14 23:07:52,849] {logging_mixin.py:104} INFO - [2021-07-14 23:07:52,848] {dag.py:1832} INFO - Sync 1 DAGs
[2021-07-14 23:07:52,870] {logging_mixin.py:104} INFO - [2021-07-14 23:07:52,870] {dag.py:2305} INFO - Setting next_dagrun for example_trigger_target_dag to None
[2021-07-14 23:07:52,884] {scheduler_job.py:190} INFO - Processing /home/airflow/sandbox/lib/python3.8/site-packages/airflow/example_dags/example_trigger_target_dag.py took 0.076 seconds
[2021-07-14 23:08:14,016] {scheduler_job.py:182} INFO - Started process (PID=2082) to work on /home/airflow/sandbox/lib/python3.8/site-packages/airflow/example_dags/example_trigger_target_dag.py
[2021-07-14 23:08:14,017] {scheduler_job.py:633} INFO - Processing file /home/airflow/sandbox/lib/python3.8/site-packages/airflow/example_dags/example_trigger_target_dag.py for tasks to queue
[2021-07-14 23:08:14,018] {logging_mixin.py:104} INFO - [2021-07-14 23:08:14,018] {dagbag.py:487} INFO - Filling up the DagBag from /home/airflow/sandbox/lib/python3.8/site-packages/airflow/example_dags/example_trigger_target_dag.py
[2021-07-14 23:08:14,028] {scheduler_job.py:643} INFO - DAG(s) dict_keys(['example_trigger_target_dag']) retrieved from /home/airflow/sandbox/lib/python3.8/site-packages/airflow/example_dags/example_trigger_target_dag.py
[2021-07-14 23:08:14,040] {logging_mixin.py:104} INFO - [2021-07-14 23:08:14,040] {dag.py:1832} INFO - Sync 1 DAGs
[2021-07-14 23:08:14,049] {logging_mixin.py:104} INFO - [2021-07-14 23:08:14,049] {dag.py:2305} INFO - Setting next_dagrun for example_trigger_target_dag to None
[2021-07-14 23:08:14,069] {scheduler_job.py:190} INFO - Processing /home/airflow/sandbox/lib/python3.8/site-packages/airflow/example_dags/example_trigger_target_dag.py took 0.056 seconds
[2021-07-14 23:08:23,445] {scheduler_job.py:182} INFO - Started process (PID=2101) to work on /home/airflow/sandbox/lib/python3.8/site-packages/airflow/example_dags/example_trigger_target_dag.py
[2021-07-14 23:08:23,446] {scheduler_job.py:633} INFO - Processing file /home/airflow/sandbox/lib/python3.8/site-packages/airflow/example_dags/example_trigger_target_dag.py for tasks to queue
[2021-07-14 23:08:23,446] {logging_mixin.py:104} INFO - [2021-07-14 23:08:23,446] {dagbag.py:487} INFO - Filling up the DagBag from /home/airflow/sandbox/lib/python3.8/site-packages/airflow/example_dags/example_trigger_target_dag.py
[2021-07-14 23:08:23,456] {scheduler_job.py:643} INFO - DAG(s) dict_keys(['example_trigger_target_dag']) retrieved from /home/airflow/sandbox/lib/python3.8/site-packages/airflow/example_dags/example_trigger_target_dag.py
[2021-07-14 23:08:23,474] {logging_mixin.py:104} INFO - [2021-07-14 23:08:23,474] {dag.py:1832} INFO - Sync 1 DAGs
[2021-07-14 23:08:23,496] {logging_mixin.py:104} INFO - [2021-07-14 23:08:23,495] {dag.py:2305} INFO - Setting next_dagrun for example_trigger_target_dag to None
[2021-07-14 23:08:23,509] {scheduler_job.py:190} INFO - Processing /home/airflow/sandbox/lib/python3.8/site-packages/airflow/example_dags/example_trigger_target_dag.py took 0.067 seconds
[2021-07-14 23:08:46,295] {scheduler_job.py:182} INFO - Started process (PID=2145) to work on /home/airflow/sandbox/lib/python3.8/site-packages/airflow/example_dags/example_trigger_target_dag.py
[2021-07-14 23:08:46,296] {scheduler_job.py:633} INFO - Processing file /home/airflow/sandbox/lib/python3.8/site-packages/airflow/example_dags/example_trigger_target_dag.py for tasks to queue
[2021-07-14 23:08:46,296] {logging_mixin.py:104} INFO - [2021-07-14 23:08:46,296] {dagbag.py:487} INFO - Filling up the DagBag from /home/airflow/sandbox/lib/python3.8/site-packages/airflow/example_dags/example_trigger_target_dag.py
[2021-07-14 23:08:46,306] {scheduler_job.py:643} INFO - DAG(s) dict_keys(['example_trigger_target_dag']) retrieved from /home/airflow/sandbox/lib/python3.8/site-packages/airflow/example_dags/example_trigger_target_dag.py
[2021-07-14 23:08:46,317] {logging_mixin.py:104} INFO - [2021-07-14 23:08:46,317] {dag.py:1832} INFO - Sync 1 DAGs
[2021-07-14 23:08:46,325] {logging_mixin.py:104} INFO - [2021-07-14 23:08:46,325] {dag.py:2305} INFO - Setting next_dagrun for example_trigger_target_dag to None
[2021-07-14 23:08:46,334] {scheduler_job.py:190} INFO - Processing /home/airflow/sandbox/lib/python3.8/site-packages/airflow/example_dags/example_trigger_target_dag.py took 0.042 seconds
[2021-07-14 23:08:55,865] {scheduler_job.py:182} INFO - Started process (PID=2163) to work on /home/airflow/sandbox/lib/python3.8/site-packages/airflow/example_dags/example_trigger_target_dag.py
[2021-07-14 23:08:55,866] {scheduler_job.py:633} INFO - Processing file /home/airflow/sandbox/lib/python3.8/site-packages/airflow/example_dags/example_trigger_target_dag.py for tasks to queue
[2021-07-14 23:08:55,866] {logging_mixin.py:104} INFO - [2021-07-14 23:08:55,866] {dagbag.py:487} INFO - Filling up the DagBag from /home/airflow/sandbox/lib/python3.8/site-packages/airflow/example_dags/example_trigger_target_dag.py
[2021-07-14 23:08:55,877] {scheduler_job.py:643} INFO - DAG(s) dict_keys(['example_trigger_target_dag']) retrieved from /home/airflow/sandbox/lib/python3.8/site-packages/airflow/example_dags/example_trigger_target_dag.py
[2021-07-14 23:08:55,889] {logging_mixin.py:104} INFO - [2021-07-14 23:08:55,889] {dag.py:1832} INFO - Sync 1 DAGs
[2021-07-14 23:08:55,899] {logging_mixin.py:104} INFO - [2021-07-14 23:08:55,899] {dag.py:2305} INFO - Setting next_dagrun for example_trigger_target_dag to None
[2021-07-14 23:08:55,915] {scheduler_job.py:190} INFO - Processing /home/airflow/sandbox/lib/python3.8/site-packages/airflow/example_dags/example_trigger_target_dag.py took 0.053 seconds
[2021-07-14 23:09:18,936] {scheduler_job.py:182} INFO - Started process (PID=2208) to work on /home/airflow/sandbox/lib/python3.8/site-packages/airflow/example_dags/example_trigger_target_dag.py
[2021-07-14 23:09:18,937] {scheduler_job.py:633} INFO - Processing file /home/airflow/sandbox/lib/python3.8/site-packages/airflow/example_dags/example_trigger_target_dag.py for tasks to queue
[2021-07-14 23:09:18,938] {logging_mixin.py:104} INFO - [2021-07-14 23:09:18,938] {dagbag.py:487} INFO - Filling up the DagBag from /home/airflow/sandbox/lib/python3.8/site-packages/airflow/example_dags/example_trigger_target_dag.py
[2021-07-14 23:09:18,948] {scheduler_job.py:643} INFO - DAG(s) dict_keys(['example_trigger_target_dag']) retrieved from /home/airflow/sandbox/lib/python3.8/site-packages/airflow/example_dags/example_trigger_target_dag.py
[2021-07-14 23:09:18,964] {logging_mixin.py:104} INFO - [2021-07-14 23:09:18,964] {dag.py:1832} INFO - Sync 1 DAGs
[2021-07-14 23:09:18,973] {logging_mixin.py:104} INFO - [2021-07-14 23:09:18,973] {dag.py:2305} INFO - Setting next_dagrun for example_trigger_target_dag to None
[2021-07-14 23:09:18,982] {scheduler_job.py:190} INFO - Processing /home/airflow/sandbox/lib/python3.8/site-packages/airflow/example_dags/example_trigger_target_dag.py took 0.048 seconds
[2021-07-14 23:09:26,942] {scheduler_job.py:182} INFO - Started process (PID=2223) to work on /home/airflow/sandbox/lib/python3.8/site-packages/airflow/example_dags/example_trigger_target_dag.py
[2021-07-14 23:09:26,944] {scheduler_job.py:633} INFO - Processing file /home/airflow/sandbox/lib/python3.8/site-packages/airflow/example_dags/example_trigger_target_dag.py for tasks to queue
[2021-07-14 23:09:26,945] {logging_mixin.py:104} INFO - [2021-07-14 23:09:26,945] {dagbag.py:487} INFO - Filling up the DagBag from /home/airflow/sandbox/lib/python3.8/site-packages/airflow/example_dags/example_trigger_target_dag.py
[2021-07-14 23:09:26,956] {scheduler_job.py:643} INFO - DAG(s) dict_keys(['example_trigger_target_dag']) retrieved from /home/airflow/sandbox/lib/python3.8/site-packages/airflow/example_dags/example_trigger_target_dag.py
[2021-07-14 23:09:26,974] {logging_mixin.py:104} INFO - [2021-07-14 23:09:26,974] {dag.py:1832} INFO - Sync 1 DAGs
[2021-07-14 23:09:26,991] {logging_mixin.py:104} INFO - [2021-07-14 23:09:26,991] {dag.py:2305} INFO - Setting next_dagrun for example_trigger_target_dag to None
[2021-07-14 23:09:27,005] {scheduler_job.py:190} INFO - Processing /home/airflow/sandbox/lib/python3.8/site-packages/airflow/example_dags/example_trigger_target_dag.py took 0.065 seconds
[2021-07-14 23:09:52,197] {scheduler_job.py:182} INFO - Started process (PID=2273) to work on /home/airflow/sandbox/lib/python3.8/site-packages/airflow/example_dags/example_trigger_target_dag.py
[2021-07-14 23:09:52,198] {scheduler_job.py:633} INFO - Processing file /home/airflow/sandbox/lib/python3.8/site-packages/airflow/example_dags/example_trigger_target_dag.py for tasks to queue
[2021-07-14 23:09:52,199] {logging_mixin.py:104} INFO - [2021-07-14 23:09:52,199] {dagbag.py:487} INFO - Filling up the DagBag from /home/airflow/sandbox/lib/python3.8/site-packages/airflow/example_dags/example_trigger_target_dag.py
[2021-07-14 23:09:52,210] {scheduler_job.py:643} INFO - DAG(s) dict_keys(['example_trigger_target_dag']) retrieved from /home/airflow/sandbox/lib/python3.8/site-packages/airflow/example_dags/example_trigger_target_dag.py
[2021-07-14 23:09:52,222] {logging_mixin.py:104} INFO - [2021-07-14 23:09:52,222] {dag.py:1832} INFO - Sync 1 DAGs
[2021-07-14 23:09:52,231] {logging_mixin.py:104} INFO - [2021-07-14 23:09:52,231] {dag.py:2305} INFO - Setting next_dagrun for example_trigger_target_dag to None
[2021-07-14 23:09:52,248] {scheduler_job.py:190} INFO - Processing /home/airflow/sandbox/lib/python3.8/site-packages/airflow/example_dags/example_trigger_target_dag.py took 0.053 seconds
[2021-07-14 23:09:59,178] {scheduler_job.py:182} INFO - Started process (PID=2286) to work on /home/airflow/sandbox/lib/python3.8/site-packages/airflow/example_dags/example_trigger_target_dag.py
[2021-07-14 23:09:59,180] {scheduler_job.py:633} INFO - Processing file /home/airflow/sandbox/lib/python3.8/site-packages/airflow/example_dags/example_trigger_target_dag.py for tasks to queue
[2021-07-14 23:09:59,181] {logging_mixin.py:104} INFO - [2021-07-14 23:09:59,181] {dagbag.py:487} INFO - Filling up the DagBag from /home/airflow/sandbox/lib/python3.8/site-packages/airflow/example_dags/example_trigger_target_dag.py
[2021-07-14 23:09:59,192] {scheduler_job.py:643} INFO - DAG(s) dict_keys(['example_trigger_target_dag']) retrieved from /home/airflow/sandbox/lib/python3.8/site-packages/airflow/example_dags/example_trigger_target_dag.py
[2021-07-14 23:09:59,207] {logging_mixin.py:104} INFO - [2021-07-14 23:09:59,207] {dag.py:1832} INFO - Sync 1 DAGs
[2021-07-14 23:09:59,218] {logging_mixin.py:104} INFO - [2021-07-14 23:09:59,218] {dag.py:2305} INFO - Setting next_dagrun for example_trigger_target_dag to None
[2021-07-14 23:09:59,228] {scheduler_job.py:190} INFO - Processing /home/airflow/sandbox/lib/python3.8/site-packages/airflow/example_dags/example_trigger_target_dag.py took 0.053 seconds
[2021-07-14 23:10:27,386] {scheduler_job.py:182} INFO - Started process (PID=2339) to work on /home/airflow/sandbox/lib/python3.8/site-packages/airflow/example_dags/example_trigger_target_dag.py
[2021-07-14 23:10:27,387] {scheduler_job.py:633} INFO - Processing file /home/airflow/sandbox/lib/python3.8/site-packages/airflow/example_dags/example_trigger_target_dag.py for tasks to queue
[2021-07-14 23:10:27,388] {logging_mixin.py:104} INFO - [2021-07-14 23:10:27,388] {dagbag.py:487} INFO - Filling up the DagBag from /home/airflow/sandbox/lib/python3.8/site-packages/airflow/example_dags/example_trigger_target_dag.py
[2021-07-14 23:10:27,401] {scheduler_job.py:643} INFO - DAG(s) dict_keys(['example_trigger_target_dag']) retrieved from /home/airflow/sandbox/lib/python3.8/site-packages/airflow/example_dags/example_trigger_target_dag.py
[2021-07-14 23:10:27,418] {logging_mixin.py:104} INFO - [2021-07-14 23:10:27,418] {dag.py:1832} INFO - Sync 1 DAGs
[2021-07-14 23:10:27,430] {logging_mixin.py:104} INFO - [2021-07-14 23:10:27,430] {dag.py:2305} INFO - Setting next_dagrun for example_trigger_target_dag to None
[2021-07-14 23:10:27,454] {scheduler_job.py:190} INFO - Processing /home/airflow/sandbox/lib/python3.8/site-packages/airflow/example_dags/example_trigger_target_dag.py took 0.071 seconds
[2021-07-14 23:10:30,272] {scheduler_job.py:182} INFO - Started process (PID=2345) to work on /home/airflow/sandbox/lib/python3.8/site-packages/airflow/example_dags/example_trigger_target_dag.py
[2021-07-14 23:10:30,274] {scheduler_job.py:633} INFO - Processing file /home/airflow/sandbox/lib/python3.8/site-packages/airflow/example_dags/example_trigger_target_dag.py for tasks to queue
[2021-07-14 23:10:30,274] {logging_mixin.py:104} INFO - [2021-07-14 23:10:30,274] {dagbag.py:487} INFO - Filling up the DagBag from /home/airflow/sandbox/lib/python3.8/site-packages/airflow/example_dags/example_trigger_target_dag.py
[2021-07-14 23:10:30,309] {scheduler_job.py:643} INFO - DAG(s) dict_keys(['example_trigger_target_dag']) retrieved from /home/airflow/sandbox/lib/python3.8/site-packages/airflow/example_dags/example_trigger_target_dag.py
[2021-07-14 23:10:30,342] {logging_mixin.py:104} INFO - [2021-07-14 23:10:30,342] {dag.py:1832} INFO - Sync 1 DAGs
[2021-07-14 23:10:30,385] {logging_mixin.py:104} INFO - [2021-07-14 23:10:30,385] {dag.py:2305} INFO - Setting next_dagrun for example_trigger_target_dag to None
[2021-07-14 23:10:30,398] {scheduler_job.py:190} INFO - Processing /home/airflow/sandbox/lib/python3.8/site-packages/airflow/example_dags/example_trigger_target_dag.py took 0.134 seconds
[2021-07-14 23:11:17,999] {scheduler_job.py:182} INFO - Started process (PID=2408) to work on /home/airflow/sandbox/lib/python3.8/site-packages/airflow/example_dags/example_trigger_target_dag.py
[2021-07-14 23:11:18,001] {scheduler_job.py:633} INFO - Processing file /home/airflow/sandbox/lib/python3.8/site-packages/airflow/example_dags/example_trigger_target_dag.py for tasks to queue
[2021-07-14 23:11:18,002] {logging_mixin.py:104} INFO - [2021-07-14 23:11:18,002] {dagbag.py:487} INFO - Filling up the DagBag from /home/airflow/sandbox/lib/python3.8/site-packages/airflow/example_dags/example_trigger_target_dag.py
[2021-07-14 23:11:18,024] {scheduler_job.py:643} INFO - DAG(s) dict_keys(['example_trigger_target_dag']) retrieved from /home/airflow/sandbox/lib/python3.8/site-packages/airflow/example_dags/example_trigger_target_dag.py
[2021-07-14 23:11:18,050] {logging_mixin.py:104} INFO - [2021-07-14 23:11:18,050] {dag.py:1832} INFO - Sync 1 DAGs
[2021-07-14 23:11:18,071] {logging_mixin.py:104} INFO - [2021-07-14 23:11:18,070] {dag.py:2305} INFO - Setting next_dagrun for example_trigger_target_dag to None
[2021-07-14 23:11:18,092] {scheduler_job.py:190} INFO - Processing /home/airflow/sandbox/lib/python3.8/site-packages/airflow/example_dags/example_trigger_target_dag.py took 0.098 seconds
[2021-07-14 23:11:18,241] {scheduler_job.py:182} INFO - Started process (PID=2409) to work on /home/airflow/sandbox/lib/python3.8/site-packages/airflow/example_dags/example_trigger_target_dag.py
[2021-07-14 23:11:18,244] {scheduler_job.py:633} INFO - Processing file /home/airflow/sandbox/lib/python3.8/site-packages/airflow/example_dags/example_trigger_target_dag.py for tasks to queue
[2021-07-14 23:11:18,244] {logging_mixin.py:104} INFO - [2021-07-14 23:11:18,244] {dagbag.py:487} INFO - Filling up the DagBag from /home/airflow/sandbox/lib/python3.8/site-packages/airflow/example_dags/example_trigger_target_dag.py
[2021-07-14 23:11:18,285] {scheduler_job.py:643} INFO - DAG(s) dict_keys(['example_trigger_target_dag']) retrieved from /home/airflow/sandbox/lib/python3.8/site-packages/airflow/example_dags/example_trigger_target_dag.py
[2021-07-14 23:11:18,313] {logging_mixin.py:104} INFO - [2021-07-14 23:11:18,312] {dag.py:1832} INFO - Sync 1 DAGs
[2021-07-14 23:11:18,340] {logging_mixin.py:104} INFO - [2021-07-14 23:11:18,340] {dag.py:2305} INFO - Setting next_dagrun for example_trigger_target_dag to None
[2021-07-14 23:11:18,362] {scheduler_job.py:190} INFO - Processing /home/airflow/sandbox/lib/python3.8/site-packages/airflow/example_dags/example_trigger_target_dag.py took 0.129 seconds
[2021-07-14 23:11:51,728] {scheduler_job.py:182} INFO - Started process (PID=2470) to work on /home/airflow/sandbox/lib/python3.8/site-packages/airflow/example_dags/example_trigger_target_dag.py
[2021-07-14 23:11:51,728] {scheduler_job.py:633} INFO - Processing file /home/airflow/sandbox/lib/python3.8/site-packages/airflow/example_dags/example_trigger_target_dag.py for tasks to queue
[2021-07-14 23:11:51,729] {logging_mixin.py:104} INFO - [2021-07-14 23:11:51,729] {dagbag.py:487} INFO - Filling up the DagBag from /home/airflow/sandbox/lib/python3.8/site-packages/airflow/example_dags/example_trigger_target_dag.py
[2021-07-14 23:11:51,740] {scheduler_job.py:643} INFO - DAG(s) dict_keys(['example_trigger_target_dag']) retrieved from /home/airflow/sandbox/lib/python3.8/site-packages/airflow/example_dags/example_trigger_target_dag.py
[2021-07-14 23:11:51,753] {logging_mixin.py:104} INFO - [2021-07-14 23:11:51,753] {dag.py:1832} INFO - Sync 1 DAGs
[2021-07-14 23:11:51,761] {logging_mixin.py:104} INFO - [2021-07-14 23:11:51,761] {dag.py:2305} INFO - Setting next_dagrun for example_trigger_target_dag to None
[2021-07-14 23:11:51,774] {scheduler_job.py:190} INFO - Processing /home/airflow/sandbox/lib/python3.8/site-packages/airflow/example_dags/example_trigger_target_dag.py took 0.048 seconds
[2021-07-14 23:11:52,419] {scheduler_job.py:182} INFO - Started process (PID=2471) to work on /home/airflow/sandbox/lib/python3.8/site-packages/airflow/example_dags/example_trigger_target_dag.py
[2021-07-14 23:11:52,420] {scheduler_job.py:633} INFO - Processing file /home/airflow/sandbox/lib/python3.8/site-packages/airflow/example_dags/example_trigger_target_dag.py for tasks to queue
[2021-07-14 23:11:52,420] {logging_mixin.py:104} INFO - [2021-07-14 23:11:52,420] {dagbag.py:487} INFO - Filling up the DagBag from /home/airflow/sandbox/lib/python3.8/site-packages/airflow/example_dags/example_trigger_target_dag.py
[2021-07-14 23:11:52,430] {scheduler_job.py:643} INFO - DAG(s) dict_keys(['example_trigger_target_dag']) retrieved from /home/airflow/sandbox/lib/python3.8/site-packages/airflow/example_dags/example_trigger_target_dag.py
[2021-07-14 23:11:52,443] {logging_mixin.py:104} INFO - [2021-07-14 23:11:52,442] {dag.py:1832} INFO - Sync 1 DAGs
[2021-07-14 23:11:52,452] {logging_mixin.py:104} INFO - [2021-07-14 23:11:52,452] {dag.py:2305} INFO - Setting next_dagrun for example_trigger_target_dag to None
[2021-07-14 23:11:52,461] {scheduler_job.py:190} INFO - Processing /home/airflow/sandbox/lib/python3.8/site-packages/airflow/example_dags/example_trigger_target_dag.py took 0.045 seconds
[2021-07-14 23:12:23,832] {scheduler_job.py:182} INFO - Started process (PID=2533) to work on /home/airflow/sandbox/lib/python3.8/site-packages/airflow/example_dags/example_trigger_target_dag.py
[2021-07-14 23:12:23,835] {scheduler_job.py:633} INFO - Processing file /home/airflow/sandbox/lib/python3.8/site-packages/airflow/example_dags/example_trigger_target_dag.py for tasks to queue
[2021-07-14 23:12:23,836] {logging_mixin.py:104} INFO - [2021-07-14 23:12:23,836] {dagbag.py:487} INFO - Filling up the DagBag from /home/airflow/sandbox/lib/python3.8/site-packages/airflow/example_dags/example_trigger_target_dag.py
[2021-07-14 23:12:23,854] {scheduler_job.py:643} INFO - DAG(s) dict_keys(['example_trigger_target_dag']) retrieved from /home/airflow/sandbox/lib/python3.8/site-packages/airflow/example_dags/example_trigger_target_dag.py
[2021-07-14 23:12:23,873] {logging_mixin.py:104} INFO - [2021-07-14 23:12:23,873] {dag.py:1832} INFO - Sync 1 DAGs
[2021-07-14 23:12:23,890] {logging_mixin.py:104} INFO - [2021-07-14 23:12:23,890] {dag.py:2305} INFO - Setting next_dagrun for example_trigger_target_dag to None
[2021-07-14 23:12:23,907] {scheduler_job.py:190} INFO - Processing /home/airflow/sandbox/lib/python3.8/site-packages/airflow/example_dags/example_trigger_target_dag.py took 0.079 seconds
[2021-07-14 23:12:25,644] {scheduler_job.py:182} INFO - Started process (PID=2536) to work on /home/airflow/sandbox/lib/python3.8/site-packages/airflow/example_dags/example_trigger_target_dag.py
[2021-07-14 23:12:25,645] {scheduler_job.py:633} INFO - Processing file /home/airflow/sandbox/lib/python3.8/site-packages/airflow/example_dags/example_trigger_target_dag.py for tasks to queue
[2021-07-14 23:12:25,645] {logging_mixin.py:104} INFO - [2021-07-14 23:12:25,645] {dagbag.py:487} INFO - Filling up the DagBag from /home/airflow/sandbox/lib/python3.8/site-packages/airflow/example_dags/example_trigger_target_dag.py
[2021-07-14 23:12:25,662] {scheduler_job.py:643} INFO - DAG(s) dict_keys(['example_trigger_target_dag']) retrieved from /home/airflow/sandbox/lib/python3.8/site-packages/airflow/example_dags/example_trigger_target_dag.py
[2021-07-14 23:12:25,680] {logging_mixin.py:104} INFO - [2021-07-14 23:12:25,680] {dag.py:1832} INFO - Sync 1 DAGs
[2021-07-14 23:12:25,695] {logging_mixin.py:104} INFO - [2021-07-14 23:12:25,695] {dag.py:2305} INFO - Setting next_dagrun for example_trigger_target_dag to None
[2021-07-14 23:12:25,709] {scheduler_job.py:190} INFO - Processing /home/airflow/sandbox/lib/python3.8/site-packages/airflow/example_dags/example_trigger_target_dag.py took 0.068 seconds
[2021-07-14 23:12:56,898] {scheduler_job.py:182} INFO - Started process (PID=2596) to work on /home/airflow/sandbox/lib/python3.8/site-packages/airflow/example_dags/example_trigger_target_dag.py
[2021-07-14 23:12:56,899] {scheduler_job.py:633} INFO - Processing file /home/airflow/sandbox/lib/python3.8/site-packages/airflow/example_dags/example_trigger_target_dag.py for tasks to queue
[2021-07-14 23:12:56,899] {logging_mixin.py:104} INFO - [2021-07-14 23:12:56,899] {dagbag.py:487} INFO - Filling up the DagBag from /home/airflow/sandbox/lib/python3.8/site-packages/airflow/example_dags/example_trigger_target_dag.py
[2021-07-14 23:12:56,926] {scheduler_job.py:643} INFO - DAG(s) dict_keys(['example_trigger_target_dag']) retrieved from /home/airflow/sandbox/lib/python3.8/site-packages/airflow/example_dags/example_trigger_target_dag.py
[2021-07-14 23:12:56,940] {logging_mixin.py:104} INFO - [2021-07-14 23:12:56,940] {dag.py:1832} INFO - Sync 1 DAGs
[2021-07-14 23:12:56,965] {logging_mixin.py:104} INFO - [2021-07-14 23:12:56,965] {dag.py:2305} INFO - Setting next_dagrun for example_trigger_target_dag to None
[2021-07-14 23:12:56,991] {scheduler_job.py:190} INFO - Processing /home/airflow/sandbox/lib/python3.8/site-packages/airflow/example_dags/example_trigger_target_dag.py took 0.096 seconds
[2021-07-14 23:12:59,268] {scheduler_job.py:182} INFO - Started process (PID=2599) to work on /home/airflow/sandbox/lib/python3.8/site-packages/airflow/example_dags/example_trigger_target_dag.py
[2021-07-14 23:12:59,269] {scheduler_job.py:633} INFO - Processing file /home/airflow/sandbox/lib/python3.8/site-packages/airflow/example_dags/example_trigger_target_dag.py for tasks to queue
[2021-07-14 23:12:59,269] {logging_mixin.py:104} INFO - [2021-07-14 23:12:59,269] {dagbag.py:487} INFO - Filling up the DagBag from /home/airflow/sandbox/lib/python3.8/site-packages/airflow/example_dags/example_trigger_target_dag.py
[2021-07-14 23:12:59,279] {scheduler_job.py:643} INFO - DAG(s) dict_keys(['example_trigger_target_dag']) retrieved from /home/airflow/sandbox/lib/python3.8/site-packages/airflow/example_dags/example_trigger_target_dag.py
[2021-07-14 23:12:59,292] {logging_mixin.py:104} INFO - [2021-07-14 23:12:59,291] {dag.py:1832} INFO - Sync 1 DAGs
[2021-07-14 23:12:59,300] {logging_mixin.py:104} INFO - [2021-07-14 23:12:59,300] {dag.py:2305} INFO - Setting next_dagrun for example_trigger_target_dag to None
[2021-07-14 23:12:59,310] {scheduler_job.py:190} INFO - Processing /home/airflow/sandbox/lib/python3.8/site-packages/airflow/example_dags/example_trigger_target_dag.py took 0.045 seconds
[2021-07-14 23:49:08,634] {scheduler_job.py:182} INFO - Started process (PID=1864) to work on /home/airflow/sandbox/lib/python3.8/site-packages/airflow/example_dags/example_trigger_target_dag.py
[2021-07-14 23:49:08,635] {scheduler_job.py:633} INFO - Processing file /home/airflow/sandbox/lib/python3.8/site-packages/airflow/example_dags/example_trigger_target_dag.py for tasks to queue
[2021-07-14 23:49:08,636] {logging_mixin.py:104} INFO - [2021-07-14 23:49:08,636] {dagbag.py:487} INFO - Filling up the DagBag from /home/airflow/sandbox/lib/python3.8/site-packages/airflow/example_dags/example_trigger_target_dag.py
[2021-07-14 23:49:08,645] {scheduler_job.py:643} INFO - DAG(s) dict_keys(['example_trigger_target_dag']) retrieved from /home/airflow/sandbox/lib/python3.8/site-packages/airflow/example_dags/example_trigger_target_dag.py
[2021-07-14 23:49:08,657] {logging_mixin.py:104} INFO - [2021-07-14 23:49:08,656] {dag.py:1832} INFO - Sync 1 DAGs
[2021-07-14 23:49:08,666] {logging_mixin.py:104} INFO - [2021-07-14 23:49:08,666] {dag.py:2305} INFO - Setting next_dagrun for example_trigger_target_dag to None
[2021-07-14 23:49:08,676] {scheduler_job.py:190} INFO - Processing /home/airflow/sandbox/lib/python3.8/site-packages/airflow/example_dags/example_trigger_target_dag.py took 0.045 seconds
[2021-07-14 23:49:42,196] {scheduler_job.py:182} INFO - Started process (PID=1895) to work on /home/airflow/sandbox/lib/python3.8/site-packages/airflow/example_dags/example_trigger_target_dag.py
[2021-07-14 23:49:42,197] {scheduler_job.py:633} INFO - Processing file /home/airflow/sandbox/lib/python3.8/site-packages/airflow/example_dags/example_trigger_target_dag.py for tasks to queue
[2021-07-14 23:49:42,197] {logging_mixin.py:104} INFO - [2021-07-14 23:49:42,197] {dagbag.py:487} INFO - Filling up the DagBag from /home/airflow/sandbox/lib/python3.8/site-packages/airflow/example_dags/example_trigger_target_dag.py
[2021-07-14 23:49:42,216] {scheduler_job.py:643} INFO - DAG(s) dict_keys(['example_trigger_target_dag']) retrieved from /home/airflow/sandbox/lib/python3.8/site-packages/airflow/example_dags/example_trigger_target_dag.py
[2021-07-14 23:49:42,237] {logging_mixin.py:104} INFO - [2021-07-14 23:49:42,237] {dag.py:1832} INFO - Sync 1 DAGs
[2021-07-14 23:49:42,264] {logging_mixin.py:104} INFO - [2021-07-14 23:49:42,258] {dag.py:2305} INFO - Setting next_dagrun for example_trigger_target_dag to None
[2021-07-14 23:49:42,282] {scheduler_job.py:190} INFO - Processing /home/airflow/sandbox/lib/python3.8/site-packages/airflow/example_dags/example_trigger_target_dag.py took 0.089 seconds
[2021-07-14 23:50:14,335] {scheduler_job.py:182} INFO - Started process (PID=1926) to work on /home/airflow/sandbox/lib/python3.8/site-packages/airflow/example_dags/example_trigger_target_dag.py
[2021-07-14 23:50:14,336] {scheduler_job.py:633} INFO - Processing file /home/airflow/sandbox/lib/python3.8/site-packages/airflow/example_dags/example_trigger_target_dag.py for tasks to queue
[2021-07-14 23:50:14,337] {logging_mixin.py:104} INFO - [2021-07-14 23:50:14,336] {dagbag.py:487} INFO - Filling up the DagBag from /home/airflow/sandbox/lib/python3.8/site-packages/airflow/example_dags/example_trigger_target_dag.py
[2021-07-14 23:50:14,346] {scheduler_job.py:643} INFO - DAG(s) dict_keys(['example_trigger_target_dag']) retrieved from /home/airflow/sandbox/lib/python3.8/site-packages/airflow/example_dags/example_trigger_target_dag.py
[2021-07-14 23:50:14,358] {logging_mixin.py:104} INFO - [2021-07-14 23:50:14,358] {dag.py:1832} INFO - Sync 1 DAGs
[2021-07-14 23:50:14,369] {logging_mixin.py:104} INFO - [2021-07-14 23:50:14,369] {dag.py:2305} INFO - Setting next_dagrun for example_trigger_target_dag to None
[2021-07-14 23:50:14,377] {scheduler_job.py:190} INFO - Processing /home/airflow/sandbox/lib/python3.8/site-packages/airflow/example_dags/example_trigger_target_dag.py took 0.046 seconds
[2021-07-14 23:50:46,483] {scheduler_job.py:182} INFO - Started process (PID=1958) to work on /home/airflow/sandbox/lib/python3.8/site-packages/airflow/example_dags/example_trigger_target_dag.py
[2021-07-14 23:50:46,486] {scheduler_job.py:633} INFO - Processing file /home/airflow/sandbox/lib/python3.8/site-packages/airflow/example_dags/example_trigger_target_dag.py for tasks to queue
[2021-07-14 23:50:46,489] {logging_mixin.py:104} INFO - [2021-07-14 23:50:46,488] {dagbag.py:487} INFO - Filling up the DagBag from /home/airflow/sandbox/lib/python3.8/site-packages/airflow/example_dags/example_trigger_target_dag.py
[2021-07-14 23:50:46,532] {scheduler_job.py:643} INFO - DAG(s) dict_keys(['example_trigger_target_dag']) retrieved from /home/airflow/sandbox/lib/python3.8/site-packages/airflow/example_dags/example_trigger_target_dag.py
[2021-07-14 23:50:46,569] {logging_mixin.py:104} INFO - [2021-07-14 23:50:46,568] {dag.py:1832} INFO - Sync 1 DAGs
[2021-07-14 23:50:46,627] {logging_mixin.py:104} INFO - [2021-07-14 23:50:46,627] {dag.py:2305} INFO - Setting next_dagrun for example_trigger_target_dag to None
[2021-07-14 23:50:46,679] {scheduler_job.py:190} INFO - Processing /home/airflow/sandbox/lib/python3.8/site-packages/airflow/example_dags/example_trigger_target_dag.py took 0.203 seconds
[2021-07-14 23:51:25,039] {scheduler_job.py:182} INFO - Started process (PID=1990) to work on /home/airflow/sandbox/lib/python3.8/site-packages/airflow/example_dags/example_trigger_target_dag.py
[2021-07-14 23:51:25,044] {scheduler_job.py:633} INFO - Processing file /home/airflow/sandbox/lib/python3.8/site-packages/airflow/example_dags/example_trigger_target_dag.py for tasks to queue
[2021-07-14 23:51:25,047] {logging_mixin.py:104} INFO - [2021-07-14 23:51:25,046] {dagbag.py:487} INFO - Filling up the DagBag from /home/airflow/sandbox/lib/python3.8/site-packages/airflow/example_dags/example_trigger_target_dag.py
[2021-07-14 23:51:25,109] {scheduler_job.py:643} INFO - DAG(s) dict_keys(['example_trigger_target_dag']) retrieved from /home/airflow/sandbox/lib/python3.8/site-packages/airflow/example_dags/example_trigger_target_dag.py
[2021-07-14 23:51:25,180] {logging_mixin.py:104} INFO - [2021-07-14 23:51:25,180] {dag.py:1832} INFO - Sync 1 DAGs
[2021-07-14 23:51:25,229] {logging_mixin.py:104} INFO - [2021-07-14 23:51:25,229] {dag.py:2305} INFO - Setting next_dagrun for example_trigger_target_dag to None
[2021-07-14 23:51:25,263] {scheduler_job.py:190} INFO - Processing /home/airflow/sandbox/lib/python3.8/site-packages/airflow/example_dags/example_trigger_target_dag.py took 0.236 seconds
[2021-07-14 23:52:10,222] {scheduler_job.py:182} INFO - Started process (PID=2023) to work on /home/airflow/sandbox/lib/python3.8/site-packages/airflow/example_dags/example_trigger_target_dag.py
[2021-07-14 23:52:10,223] {scheduler_job.py:633} INFO - Processing file /home/airflow/sandbox/lib/python3.8/site-packages/airflow/example_dags/example_trigger_target_dag.py for tasks to queue
[2021-07-14 23:52:10,224] {logging_mixin.py:104} INFO - [2021-07-14 23:52:10,224] {dagbag.py:487} INFO - Filling up the DagBag from /home/airflow/sandbox/lib/python3.8/site-packages/airflow/example_dags/example_trigger_target_dag.py
[2021-07-14 23:52:10,237] {scheduler_job.py:643} INFO - DAG(s) dict_keys(['example_trigger_target_dag']) retrieved from /home/airflow/sandbox/lib/python3.8/site-packages/airflow/example_dags/example_trigger_target_dag.py
[2021-07-14 23:52:10,252] {logging_mixin.py:104} INFO - [2021-07-14 23:52:10,252] {dag.py:1832} INFO - Sync 1 DAGs
[2021-07-14 23:52:10,264] {logging_mixin.py:104} INFO - [2021-07-14 23:52:10,264] {dag.py:2305} INFO - Setting next_dagrun for example_trigger_target_dag to None
[2021-07-14 23:52:10,277] {scheduler_job.py:190} INFO - Processing /home/airflow/sandbox/lib/python3.8/site-packages/airflow/example_dags/example_trigger_target_dag.py took 0.059 seconds
[2021-07-14 23:52:42,276] {scheduler_job.py:182} INFO - Started process (PID=2054) to work on /home/airflow/sandbox/lib/python3.8/site-packages/airflow/example_dags/example_trigger_target_dag.py
[2021-07-14 23:52:42,277] {scheduler_job.py:633} INFO - Processing file /home/airflow/sandbox/lib/python3.8/site-packages/airflow/example_dags/example_trigger_target_dag.py for tasks to queue
[2021-07-14 23:52:42,277] {logging_mixin.py:104} INFO - [2021-07-14 23:52:42,277] {dagbag.py:487} INFO - Filling up the DagBag from /home/airflow/sandbox/lib/python3.8/site-packages/airflow/example_dags/example_trigger_target_dag.py
[2021-07-14 23:52:42,288] {scheduler_job.py:643} INFO - DAG(s) dict_keys(['example_trigger_target_dag']) retrieved from /home/airflow/sandbox/lib/python3.8/site-packages/airflow/example_dags/example_trigger_target_dag.py
[2021-07-14 23:52:42,300] {logging_mixin.py:104} INFO - [2021-07-14 23:52:42,300] {dag.py:1832} INFO - Sync 1 DAGs
[2021-07-14 23:52:42,309] {logging_mixin.py:104} INFO - [2021-07-14 23:52:42,309] {dag.py:2305} INFO - Setting next_dagrun for example_trigger_target_dag to None
[2021-07-14 23:52:42,319] {scheduler_job.py:190} INFO - Processing /home/airflow/sandbox/lib/python3.8/site-packages/airflow/example_dags/example_trigger_target_dag.py took 0.046 seconds
[2021-07-14 23:53:14,225] {scheduler_job.py:182} INFO - Started process (PID=2085) to work on /home/airflow/sandbox/lib/python3.8/site-packages/airflow/example_dags/example_trigger_target_dag.py
[2021-07-14 23:53:14,225] {scheduler_job.py:633} INFO - Processing file /home/airflow/sandbox/lib/python3.8/site-packages/airflow/example_dags/example_trigger_target_dag.py for tasks to queue
[2021-07-14 23:53:14,226] {logging_mixin.py:104} INFO - [2021-07-14 23:53:14,226] {dagbag.py:487} INFO - Filling up the DagBag from /home/airflow/sandbox/lib/python3.8/site-packages/airflow/example_dags/example_trigger_target_dag.py
[2021-07-14 23:53:14,238] {scheduler_job.py:643} INFO - DAG(s) dict_keys(['example_trigger_target_dag']) retrieved from /home/airflow/sandbox/lib/python3.8/site-packages/airflow/example_dags/example_trigger_target_dag.py
[2021-07-14 23:53:14,249] {logging_mixin.py:104} INFO - [2021-07-14 23:53:14,249] {dag.py:1832} INFO - Sync 1 DAGs
[2021-07-14 23:53:14,258] {logging_mixin.py:104} INFO - [2021-07-14 23:53:14,258] {dag.py:2305} INFO - Setting next_dagrun for example_trigger_target_dag to None
[2021-07-14 23:53:14,276] {scheduler_job.py:190} INFO - Processing /home/airflow/sandbox/lib/python3.8/site-packages/airflow/example_dags/example_trigger_target_dag.py took 0.054 seconds
[2021-07-14 23:53:47,727] {scheduler_job.py:182} INFO - Started process (PID=2118) to work on /home/airflow/sandbox/lib/python3.8/site-packages/airflow/example_dags/example_trigger_target_dag.py
[2021-07-14 23:53:47,728] {scheduler_job.py:633} INFO - Processing file /home/airflow/sandbox/lib/python3.8/site-packages/airflow/example_dags/example_trigger_target_dag.py for tasks to queue
[2021-07-14 23:53:47,729] {logging_mixin.py:104} INFO - [2021-07-14 23:53:47,729] {dagbag.py:487} INFO - Filling up the DagBag from /home/airflow/sandbox/lib/python3.8/site-packages/airflow/example_dags/example_trigger_target_dag.py
[2021-07-14 23:53:47,743] {scheduler_job.py:643} INFO - DAG(s) dict_keys(['example_trigger_target_dag']) retrieved from /home/airflow/sandbox/lib/python3.8/site-packages/airflow/example_dags/example_trigger_target_dag.py
[2021-07-14 23:53:47,762] {logging_mixin.py:104} INFO - [2021-07-14 23:53:47,762] {dag.py:1832} INFO - Sync 1 DAGs
[2021-07-14 23:53:47,776] {logging_mixin.py:104} INFO - [2021-07-14 23:53:47,776] {dag.py:2305} INFO - Setting next_dagrun for example_trigger_target_dag to None
[2021-07-14 23:53:47,802] {scheduler_job.py:190} INFO - Processing /home/airflow/sandbox/lib/python3.8/site-packages/airflow/example_dags/example_trigger_target_dag.py took 0.077 seconds
[2021-07-14 23:54:19,972] {scheduler_job.py:182} INFO - Started process (PID=2149) to work on /home/airflow/sandbox/lib/python3.8/site-packages/airflow/example_dags/example_trigger_target_dag.py
[2021-07-14 23:54:19,974] {scheduler_job.py:633} INFO - Processing file /home/airflow/sandbox/lib/python3.8/site-packages/airflow/example_dags/example_trigger_target_dag.py for tasks to queue
[2021-07-14 23:54:19,974] {logging_mixin.py:104} INFO - [2021-07-14 23:54:19,974] {dagbag.py:487} INFO - Filling up the DagBag from /home/airflow/sandbox/lib/python3.8/site-packages/airflow/example_dags/example_trigger_target_dag.py
[2021-07-14 23:54:19,990] {scheduler_job.py:643} INFO - DAG(s) dict_keys(['example_trigger_target_dag']) retrieved from /home/airflow/sandbox/lib/python3.8/site-packages/airflow/example_dags/example_trigger_target_dag.py
[2021-07-14 23:54:20,014] {logging_mixin.py:104} INFO - [2021-07-14 23:54:20,013] {dag.py:1832} INFO - Sync 1 DAGs
[2021-07-14 23:54:20,030] {logging_mixin.py:104} INFO - [2021-07-14 23:54:20,030] {dag.py:2305} INFO - Setting next_dagrun for example_trigger_target_dag to None
[2021-07-14 23:54:20,042] {scheduler_job.py:190} INFO - Processing /home/airflow/sandbox/lib/python3.8/site-packages/airflow/example_dags/example_trigger_target_dag.py took 0.073 seconds
[2021-07-14 23:54:52,162] {scheduler_job.py:182} INFO - Started process (PID=2180) to work on /home/airflow/sandbox/lib/python3.8/site-packages/airflow/example_dags/example_trigger_target_dag.py
[2021-07-14 23:54:52,165] {scheduler_job.py:633} INFO - Processing file /home/airflow/sandbox/lib/python3.8/site-packages/airflow/example_dags/example_trigger_target_dag.py for tasks to queue
[2021-07-14 23:54:52,166] {logging_mixin.py:104} INFO - [2021-07-14 23:54:52,166] {dagbag.py:487} INFO - Filling up the DagBag from /home/airflow/sandbox/lib/python3.8/site-packages/airflow/example_dags/example_trigger_target_dag.py
[2021-07-14 23:54:52,186] {scheduler_job.py:643} INFO - DAG(s) dict_keys(['example_trigger_target_dag']) retrieved from /home/airflow/sandbox/lib/python3.8/site-packages/airflow/example_dags/example_trigger_target_dag.py
[2021-07-14 23:54:52,205] {logging_mixin.py:104} INFO - [2021-07-14 23:54:52,205] {dag.py:1832} INFO - Sync 1 DAGs
[2021-07-14 23:54:52,221] {logging_mixin.py:104} INFO - [2021-07-14 23:54:52,220] {dag.py:2305} INFO - Setting next_dagrun for example_trigger_target_dag to None
[2021-07-14 23:54:52,237] {scheduler_job.py:190} INFO - Processing /home/airflow/sandbox/lib/python3.8/site-packages/airflow/example_dags/example_trigger_target_dag.py took 0.079 seconds
[2021-07-14 23:55:59,038] {scheduler_job.py:182} INFO - Started process (PID=2255) to work on /home/airflow/sandbox/lib/python3.8/site-packages/airflow/example_dags/example_trigger_target_dag.py
[2021-07-14 23:55:59,039] {scheduler_job.py:633} INFO - Processing file /home/airflow/sandbox/lib/python3.8/site-packages/airflow/example_dags/example_trigger_target_dag.py for tasks to queue
[2021-07-14 23:55:59,039] {logging_mixin.py:104} INFO - [2021-07-14 23:55:59,039] {dagbag.py:487} INFO - Filling up the DagBag from /home/airflow/sandbox/lib/python3.8/site-packages/airflow/example_dags/example_trigger_target_dag.py
[2021-07-14 23:55:59,051] {scheduler_job.py:643} INFO - DAG(s) dict_keys(['example_trigger_target_dag']) retrieved from /home/airflow/sandbox/lib/python3.8/site-packages/airflow/example_dags/example_trigger_target_dag.py
[2021-07-14 23:55:59,063] {logging_mixin.py:104} INFO - [2021-07-14 23:55:59,063] {dag.py:1832} INFO - Sync 1 DAGs
[2021-07-14 23:55:59,076] {logging_mixin.py:104} INFO - [2021-07-14 23:55:59,075] {dag.py:2305} INFO - Setting next_dagrun for example_trigger_target_dag to None
[2021-07-14 23:55:59,087] {scheduler_job.py:190} INFO - Processing /home/airflow/sandbox/lib/python3.8/site-packages/airflow/example_dags/example_trigger_target_dag.py took 0.052 seconds
[2021-07-14 23:56:32,448] {scheduler_job.py:182} INFO - Started process (PID=2286) to work on /home/airflow/sandbox/lib/python3.8/site-packages/airflow/example_dags/example_trigger_target_dag.py
[2021-07-14 23:56:32,449] {scheduler_job.py:633} INFO - Processing file /home/airflow/sandbox/lib/python3.8/site-packages/airflow/example_dags/example_trigger_target_dag.py for tasks to queue
[2021-07-14 23:56:32,449] {logging_mixin.py:104} INFO - [2021-07-14 23:56:32,449] {dagbag.py:487} INFO - Filling up the DagBag from /home/airflow/sandbox/lib/python3.8/site-packages/airflow/example_dags/example_trigger_target_dag.py
[2021-07-14 23:56:32,461] {scheduler_job.py:643} INFO - DAG(s) dict_keys(['example_trigger_target_dag']) retrieved from /home/airflow/sandbox/lib/python3.8/site-packages/airflow/example_dags/example_trigger_target_dag.py
[2021-07-14 23:56:32,487] {logging_mixin.py:104} INFO - [2021-07-14 23:56:32,487] {dag.py:1832} INFO - Sync 1 DAGs
[2021-07-14 23:56:32,505] {logging_mixin.py:104} INFO - [2021-07-14 23:56:32,505] {dag.py:2305} INFO - Setting next_dagrun for example_trigger_target_dag to None
[2021-07-14 23:56:32,516] {scheduler_job.py:190} INFO - Processing /home/airflow/sandbox/lib/python3.8/site-packages/airflow/example_dags/example_trigger_target_dag.py took 0.078 seconds
[2021-07-14 23:57:07,878] {scheduler_job.py:182} INFO - Started process (PID=2320) to work on /home/airflow/sandbox/lib/python3.8/site-packages/airflow/example_dags/example_trigger_target_dag.py
[2021-07-14 23:57:07,879] {scheduler_job.py:633} INFO - Processing file /home/airflow/sandbox/lib/python3.8/site-packages/airflow/example_dags/example_trigger_target_dag.py for tasks to queue
[2021-07-14 23:57:07,880] {logging_mixin.py:104} INFO - [2021-07-14 23:57:07,879] {dagbag.py:487} INFO - Filling up the DagBag from /home/airflow/sandbox/lib/python3.8/site-packages/airflow/example_dags/example_trigger_target_dag.py
[2021-07-14 23:57:07,891] {scheduler_job.py:643} INFO - DAG(s) dict_keys(['example_trigger_target_dag']) retrieved from /home/airflow/sandbox/lib/python3.8/site-packages/airflow/example_dags/example_trigger_target_dag.py
[2021-07-14 23:57:07,904] {logging_mixin.py:104} INFO - [2021-07-14 23:57:07,904] {dag.py:1832} INFO - Sync 1 DAGs
[2021-07-14 23:57:07,913] {logging_mixin.py:104} INFO - [2021-07-14 23:57:07,913] {dag.py:2305} INFO - Setting next_dagrun for example_trigger_target_dag to None
[2021-07-14 23:57:07,930] {scheduler_job.py:190} INFO - Processing /home/airflow/sandbox/lib/python3.8/site-packages/airflow/example_dags/example_trigger_target_dag.py took 0.055 seconds
[2021-07-14 23:57:40,208] {scheduler_job.py:182} INFO - Started process (PID=2351) to work on /home/airflow/sandbox/lib/python3.8/site-packages/airflow/example_dags/example_trigger_target_dag.py
[2021-07-14 23:57:40,210] {scheduler_job.py:633} INFO - Processing file /home/airflow/sandbox/lib/python3.8/site-packages/airflow/example_dags/example_trigger_target_dag.py for tasks to queue
[2021-07-14 23:57:40,210] {logging_mixin.py:104} INFO - [2021-07-14 23:57:40,210] {dagbag.py:487} INFO - Filling up the DagBag from /home/airflow/sandbox/lib/python3.8/site-packages/airflow/example_dags/example_trigger_target_dag.py
[2021-07-14 23:57:40,226] {scheduler_job.py:643} INFO - DAG(s) dict_keys(['example_trigger_target_dag']) retrieved from /home/airflow/sandbox/lib/python3.8/site-packages/airflow/example_dags/example_trigger_target_dag.py
[2021-07-14 23:57:40,242] {logging_mixin.py:104} INFO - [2021-07-14 23:57:40,241] {dag.py:1832} INFO - Sync 1 DAGs
[2021-07-14 23:57:40,255] {logging_mixin.py:104} INFO - [2021-07-14 23:57:40,255] {dag.py:2305} INFO - Setting next_dagrun for example_trigger_target_dag to None
[2021-07-14 23:57:40,278] {scheduler_job.py:190} INFO - Processing /home/airflow/sandbox/lib/python3.8/site-packages/airflow/example_dags/example_trigger_target_dag.py took 0.074 seconds
[2021-07-14 23:58:13,051] {scheduler_job.py:182} INFO - Started process (PID=2382) to work on /home/airflow/sandbox/lib/python3.8/site-packages/airflow/example_dags/example_trigger_target_dag.py
[2021-07-14 23:58:13,052] {scheduler_job.py:633} INFO - Processing file /home/airflow/sandbox/lib/python3.8/site-packages/airflow/example_dags/example_trigger_target_dag.py for tasks to queue
[2021-07-14 23:58:13,052] {logging_mixin.py:104} INFO - [2021-07-14 23:58:13,052] {dagbag.py:487} INFO - Filling up the DagBag from /home/airflow/sandbox/lib/python3.8/site-packages/airflow/example_dags/example_trigger_target_dag.py
[2021-07-14 23:58:13,064] {scheduler_job.py:643} INFO - DAG(s) dict_keys(['example_trigger_target_dag']) retrieved from /home/airflow/sandbox/lib/python3.8/site-packages/airflow/example_dags/example_trigger_target_dag.py
[2021-07-14 23:58:13,076] {logging_mixin.py:104} INFO - [2021-07-14 23:58:13,076] {dag.py:1832} INFO - Sync 1 DAGs
[2021-07-14 23:58:13,086] {logging_mixin.py:104} INFO - [2021-07-14 23:58:13,086] {dag.py:2305} INFO - Setting next_dagrun for example_trigger_target_dag to None
[2021-07-14 23:58:13,104] {scheduler_job.py:190} INFO - Processing /home/airflow/sandbox/lib/python3.8/site-packages/airflow/example_dags/example_trigger_target_dag.py took 0.056 seconds
[2021-07-14 23:58:44,505] {scheduler_job.py:182} INFO - Started process (PID=2413) to work on /home/airflow/sandbox/lib/python3.8/site-packages/airflow/example_dags/example_trigger_target_dag.py
[2021-07-14 23:58:44,506] {scheduler_job.py:633} INFO - Processing file /home/airflow/sandbox/lib/python3.8/site-packages/airflow/example_dags/example_trigger_target_dag.py for tasks to queue
[2021-07-14 23:58:44,506] {logging_mixin.py:104} INFO - [2021-07-14 23:58:44,506] {dagbag.py:487} INFO - Filling up the DagBag from /home/airflow/sandbox/lib/python3.8/site-packages/airflow/example_dags/example_trigger_target_dag.py
[2021-07-14 23:58:44,516] {scheduler_job.py:643} INFO - DAG(s) dict_keys(['example_trigger_target_dag']) retrieved from /home/airflow/sandbox/lib/python3.8/site-packages/airflow/example_dags/example_trigger_target_dag.py
[2021-07-14 23:58:44,526] {logging_mixin.py:104} INFO - [2021-07-14 23:58:44,526] {dag.py:1832} INFO - Sync 1 DAGs
[2021-07-14 23:58:44,535] {logging_mixin.py:104} INFO - [2021-07-14 23:58:44,535] {dag.py:2305} INFO - Setting next_dagrun for example_trigger_target_dag to None
[2021-07-14 23:58:44,553] {scheduler_job.py:190} INFO - Processing /home/airflow/sandbox/lib/python3.8/site-packages/airflow/example_dags/example_trigger_target_dag.py took 0.050 seconds
[2021-07-14 23:59:15,883] {scheduler_job.py:182} INFO - Started process (PID=2444) to work on /home/airflow/sandbox/lib/python3.8/site-packages/airflow/example_dags/example_trigger_target_dag.py
[2021-07-14 23:59:15,884] {scheduler_job.py:633} INFO - Processing file /home/airflow/sandbox/lib/python3.8/site-packages/airflow/example_dags/example_trigger_target_dag.py for tasks to queue
[2021-07-14 23:59:15,884] {logging_mixin.py:104} INFO - [2021-07-14 23:59:15,884] {dagbag.py:487} INFO - Filling up the DagBag from /home/airflow/sandbox/lib/python3.8/site-packages/airflow/example_dags/example_trigger_target_dag.py
[2021-07-14 23:59:15,894] {scheduler_job.py:643} INFO - DAG(s) dict_keys(['example_trigger_target_dag']) retrieved from /home/airflow/sandbox/lib/python3.8/site-packages/airflow/example_dags/example_trigger_target_dag.py
[2021-07-14 23:59:15,904] {logging_mixin.py:104} INFO - [2021-07-14 23:59:15,904] {dag.py:1832} INFO - Sync 1 DAGs
[2021-07-14 23:59:15,912] {logging_mixin.py:104} INFO - [2021-07-14 23:59:15,912] {dag.py:2305} INFO - Setting next_dagrun for example_trigger_target_dag to None
[2021-07-14 23:59:15,929] {scheduler_job.py:190} INFO - Processing /home/airflow/sandbox/lib/python3.8/site-packages/airflow/example_dags/example_trigger_target_dag.py took 0.048 seconds
[2021-07-14 23:59:48,913] {scheduler_job.py:182} INFO - Started process (PID=2478) to work on /home/airflow/sandbox/lib/python3.8/site-packages/airflow/example_dags/example_trigger_target_dag.py
[2021-07-14 23:59:48,914] {scheduler_job.py:633} INFO - Processing file /home/airflow/sandbox/lib/python3.8/site-packages/airflow/example_dags/example_trigger_target_dag.py for tasks to queue
[2021-07-14 23:59:48,914] {logging_mixin.py:104} INFO - [2021-07-14 23:59:48,914] {dagbag.py:487} INFO - Filling up the DagBag from /home/airflow/sandbox/lib/python3.8/site-packages/airflow/example_dags/example_trigger_target_dag.py
[2021-07-14 23:59:48,923] {scheduler_job.py:643} INFO - DAG(s) dict_keys(['example_trigger_target_dag']) retrieved from /home/airflow/sandbox/lib/python3.8/site-packages/airflow/example_dags/example_trigger_target_dag.py
[2021-07-14 23:59:48,933] {logging_mixin.py:104} INFO - [2021-07-14 23:59:48,933] {dag.py:1832} INFO - Sync 1 DAGs
[2021-07-14 23:59:48,942] {logging_mixin.py:104} INFO - [2021-07-14 23:59:48,941] {dag.py:2305} INFO - Setting next_dagrun for example_trigger_target_dag to None
[2021-07-14 23:59:48,959] {scheduler_job.py:190} INFO - Processing /home/airflow/sandbox/lib/python3.8/site-packages/airflow/example_dags/example_trigger_target_dag.py took 0.048 seconds
