[2021-07-14 23:02:44,641] {scheduler_job.py:182} INFO - Started process (PID=1571) to work on /home/airflow/sandbox/lib/python3.8/site-packages/airflow/example_dags/example_external_task_marker_dag.py
[2021-07-14 23:02:44,642] {scheduler_job.py:633} INFO - Processing file /home/airflow/sandbox/lib/python3.8/site-packages/airflow/example_dags/example_external_task_marker_dag.py for tasks to queue
[2021-07-14 23:02:44,643] {logging_mixin.py:104} INFO - [2021-07-14 23:02:44,643] {dagbag.py:487} INFO - Filling up the DagBag from /home/airflow/sandbox/lib/python3.8/site-packages/airflow/example_dags/example_external_task_marker_dag.py
[2021-07-14 23:02:44,653] {scheduler_job.py:643} INFO - DAG(s) dict_keys(['example_external_task_marker_parent', 'example_external_task_marker_child']) retrieved from /home/airflow/sandbox/lib/python3.8/site-packages/airflow/example_dags/example_external_task_marker_dag.py
[2021-07-14 23:02:44,963] {logging_mixin.py:104} INFO - [2021-07-14 23:02:44,963] {dag.py:1832} INFO - Sync 2 DAGs
[2021-07-14 23:02:44,970] {logging_mixin.py:104} INFO - [2021-07-14 23:02:44,970] {dag.py:2305} INFO - Setting next_dagrun for example_external_task_marker_child to None
[2021-07-14 23:02:44,970] {logging_mixin.py:104} INFO - [2021-07-14 23:02:44,970] {dag.py:2305} INFO - Setting next_dagrun for example_external_task_marker_parent to None
[2021-07-14 23:02:44,986] {scheduler_job.py:190} INFO - Processing /home/airflow/sandbox/lib/python3.8/site-packages/airflow/example_dags/example_external_task_marker_dag.py took 0.349 seconds
[2021-07-14 23:03:20,909] {scheduler_job.py:182} INFO - Started process (PID=1604) to work on /home/airflow/sandbox/lib/python3.8/site-packages/airflow/example_dags/example_external_task_marker_dag.py
[2021-07-14 23:03:20,910] {scheduler_job.py:633} INFO - Processing file /home/airflow/sandbox/lib/python3.8/site-packages/airflow/example_dags/example_external_task_marker_dag.py for tasks to queue
[2021-07-14 23:03:20,912] {logging_mixin.py:104} INFO - [2021-07-14 23:03:20,912] {dagbag.py:487} INFO - Filling up the DagBag from /home/airflow/sandbox/lib/python3.8/site-packages/airflow/example_dags/example_external_task_marker_dag.py
[2021-07-14 23:03:20,927] {scheduler_job.py:643} INFO - DAG(s) dict_keys(['example_external_task_marker_parent', 'example_external_task_marker_child']) retrieved from /home/airflow/sandbox/lib/python3.8/site-packages/airflow/example_dags/example_external_task_marker_dag.py
[2021-07-14 23:03:20,951] {logging_mixin.py:104} INFO - [2021-07-14 23:03:20,951] {dag.py:1832} INFO - Sync 2 DAGs
[2021-07-14 23:03:20,964] {logging_mixin.py:104} INFO - [2021-07-14 23:03:20,964] {dag.py:2305} INFO - Setting next_dagrun for example_external_task_marker_child to None
[2021-07-14 23:03:20,966] {logging_mixin.py:104} INFO - [2021-07-14 23:03:20,966] {dag.py:2305} INFO - Setting next_dagrun for example_external_task_marker_parent to None
[2021-07-14 23:03:20,982] {scheduler_job.py:190} INFO - Processing /home/airflow/sandbox/lib/python3.8/site-packages/airflow/example_dags/example_external_task_marker_dag.py took 0.076 seconds
[2021-07-14 23:03:56,905] {scheduler_job.py:182} INFO - Started process (PID=1650) to work on /home/airflow/sandbox/lib/python3.8/site-packages/airflow/example_dags/example_external_task_marker_dag.py
[2021-07-14 23:03:56,907] {scheduler_job.py:633} INFO - Processing file /home/airflow/sandbox/lib/python3.8/site-packages/airflow/example_dags/example_external_task_marker_dag.py for tasks to queue
[2021-07-14 23:03:56,907] {logging_mixin.py:104} INFO - [2021-07-14 23:03:56,907] {dagbag.py:487} INFO - Filling up the DagBag from /home/airflow/sandbox/lib/python3.8/site-packages/airflow/example_dags/example_external_task_marker_dag.py
[2021-07-14 23:03:56,923] {scheduler_job.py:643} INFO - DAG(s) dict_keys(['example_external_task_marker_parent', 'example_external_task_marker_child']) retrieved from /home/airflow/sandbox/lib/python3.8/site-packages/airflow/example_dags/example_external_task_marker_dag.py
[2021-07-14 23:03:57,326] {logging_mixin.py:104} INFO - [2021-07-14 23:03:57,326] {dag.py:1832} INFO - Sync 2 DAGs
[2021-07-14 23:03:57,340] {logging_mixin.py:104} INFO - [2021-07-14 23:03:57,340] {dag.py:2305} INFO - Setting next_dagrun for example_external_task_marker_child to None
[2021-07-14 23:03:57,341] {logging_mixin.py:104} INFO - [2021-07-14 23:03:57,341] {dag.py:2305} INFO - Setting next_dagrun for example_external_task_marker_parent to None
[2021-07-14 23:03:57,363] {scheduler_job.py:190} INFO - Processing /home/airflow/sandbox/lib/python3.8/site-packages/airflow/example_dags/example_external_task_marker_dag.py took 0.462 seconds
[2021-07-14 23:04:18,524] {scheduler_job.py:182} INFO - Started process (PID=1677) to work on /home/airflow/sandbox/lib/python3.8/site-packages/airflow/example_dags/example_external_task_marker_dag.py
[2021-07-14 23:04:18,526] {scheduler_job.py:633} INFO - Processing file /home/airflow/sandbox/lib/python3.8/site-packages/airflow/example_dags/example_external_task_marker_dag.py for tasks to queue
[2021-07-14 23:04:18,528] {logging_mixin.py:104} INFO - [2021-07-14 23:04:18,528] {dagbag.py:487} INFO - Filling up the DagBag from /home/airflow/sandbox/lib/python3.8/site-packages/airflow/example_dags/example_external_task_marker_dag.py
[2021-07-14 23:04:18,547] {scheduler_job.py:643} INFO - DAG(s) dict_keys(['example_external_task_marker_parent', 'example_external_task_marker_child']) retrieved from /home/airflow/sandbox/lib/python3.8/site-packages/airflow/example_dags/example_external_task_marker_dag.py
[2021-07-14 23:04:18,566] {logging_mixin.py:104} INFO - [2021-07-14 23:04:18,566] {dag.py:1832} INFO - Sync 2 DAGs
[2021-07-14 23:04:18,583] {logging_mixin.py:104} INFO - [2021-07-14 23:04:18,583] {dag.py:2305} INFO - Setting next_dagrun for example_external_task_marker_child to None
[2021-07-14 23:04:18,584] {logging_mixin.py:104} INFO - [2021-07-14 23:04:18,584] {dag.py:2305} INFO - Setting next_dagrun for example_external_task_marker_parent to None
[2021-07-14 23:04:18,609] {scheduler_job.py:190} INFO - Processing /home/airflow/sandbox/lib/python3.8/site-packages/airflow/example_dags/example_external_task_marker_dag.py took 0.089 seconds
[2021-07-14 23:04:40,294] {scheduler_job.py:182} INFO - Started process (PID=1711) to work on /home/airflow/sandbox/lib/python3.8/site-packages/airflow/example_dags/example_external_task_marker_dag.py
[2021-07-14 23:04:40,297] {scheduler_job.py:633} INFO - Processing file /home/airflow/sandbox/lib/python3.8/site-packages/airflow/example_dags/example_external_task_marker_dag.py for tasks to queue
[2021-07-14 23:04:40,299] {logging_mixin.py:104} INFO - [2021-07-14 23:04:40,298] {dagbag.py:487} INFO - Filling up the DagBag from /home/airflow/sandbox/lib/python3.8/site-packages/airflow/example_dags/example_external_task_marker_dag.py
[2021-07-14 23:04:40,326] {scheduler_job.py:643} INFO - DAG(s) dict_keys(['example_external_task_marker_parent', 'example_external_task_marker_child']) retrieved from /home/airflow/sandbox/lib/python3.8/site-packages/airflow/example_dags/example_external_task_marker_dag.py
[2021-07-14 23:04:41,173] {logging_mixin.py:104} INFO - [2021-07-14 23:04:41,173] {dag.py:1832} INFO - Sync 2 DAGs
[2021-07-14 23:04:41,218] {logging_mixin.py:104} INFO - [2021-07-14 23:04:41,218] {dag.py:2305} INFO - Setting next_dagrun for example_external_task_marker_child to None
[2021-07-14 23:04:41,220] {logging_mixin.py:104} INFO - [2021-07-14 23:04:41,220] {dag.py:2305} INFO - Setting next_dagrun for example_external_task_marker_parent to None
[2021-07-14 23:04:41,256] {scheduler_job.py:190} INFO - Processing /home/airflow/sandbox/lib/python3.8/site-packages/airflow/example_dags/example_external_task_marker_dag.py took 0.966 seconds
[2021-07-14 23:05:02,158] {scheduler_job.py:182} INFO - Started process (PID=1744) to work on /home/airflow/sandbox/lib/python3.8/site-packages/airflow/example_dags/example_external_task_marker_dag.py
[2021-07-14 23:05:02,163] {scheduler_job.py:633} INFO - Processing file /home/airflow/sandbox/lib/python3.8/site-packages/airflow/example_dags/example_external_task_marker_dag.py for tasks to queue
[2021-07-14 23:05:02,164] {logging_mixin.py:104} INFO - [2021-07-14 23:05:02,164] {dagbag.py:487} INFO - Filling up the DagBag from /home/airflow/sandbox/lib/python3.8/site-packages/airflow/example_dags/example_external_task_marker_dag.py
[2021-07-14 23:05:02,203] {scheduler_job.py:643} INFO - DAG(s) dict_keys(['example_external_task_marker_parent', 'example_external_task_marker_child']) retrieved from /home/airflow/sandbox/lib/python3.8/site-packages/airflow/example_dags/example_external_task_marker_dag.py
[2021-07-14 23:05:02,288] {logging_mixin.py:104} INFO - [2021-07-14 23:05:02,288] {dag.py:1832} INFO - Sync 2 DAGs
[2021-07-14 23:05:02,366] {logging_mixin.py:104} INFO - [2021-07-14 23:05:02,365] {dag.py:2305} INFO - Setting next_dagrun for example_external_task_marker_child to None
[2021-07-14 23:05:02,373] {logging_mixin.py:104} INFO - [2021-07-14 23:05:02,372] {dag.py:2305} INFO - Setting next_dagrun for example_external_task_marker_parent to None
[2021-07-14 23:05:02,425] {scheduler_job.py:190} INFO - Processing /home/airflow/sandbox/lib/python3.8/site-packages/airflow/example_dags/example_external_task_marker_dag.py took 0.281 seconds
[2021-07-14 23:05:22,295] {scheduler_job.py:182} INFO - Started process (PID=1771) to work on /home/airflow/sandbox/lib/python3.8/site-packages/airflow/example_dags/example_external_task_marker_dag.py
[2021-07-14 23:05:22,302] {scheduler_job.py:633} INFO - Processing file /home/airflow/sandbox/lib/python3.8/site-packages/airflow/example_dags/example_external_task_marker_dag.py for tasks to queue
[2021-07-14 23:05:22,303] {logging_mixin.py:104} INFO - [2021-07-14 23:05:22,303] {dagbag.py:487} INFO - Filling up the DagBag from /home/airflow/sandbox/lib/python3.8/site-packages/airflow/example_dags/example_external_task_marker_dag.py
[2021-07-14 23:05:22,323] {scheduler_job.py:643} INFO - DAG(s) dict_keys(['example_external_task_marker_parent', 'example_external_task_marker_child']) retrieved from /home/airflow/sandbox/lib/python3.8/site-packages/airflow/example_dags/example_external_task_marker_dag.py
[2021-07-14 23:05:23,154] {logging_mixin.py:104} INFO - [2021-07-14 23:05:23,153] {dag.py:1832} INFO - Sync 2 DAGs
[2021-07-14 23:05:23,175] {logging_mixin.py:104} INFO - [2021-07-14 23:05:23,174] {dag.py:2305} INFO - Setting next_dagrun for example_external_task_marker_child to None
[2021-07-14 23:05:23,177] {logging_mixin.py:104} INFO - [2021-07-14 23:05:23,176] {dag.py:2305} INFO - Setting next_dagrun for example_external_task_marker_parent to None
[2021-07-14 23:05:23,213] {scheduler_job.py:190} INFO - Processing /home/airflow/sandbox/lib/python3.8/site-packages/airflow/example_dags/example_external_task_marker_dag.py took 0.926 seconds
[2021-07-14 23:05:42,021] {scheduler_job.py:182} INFO - Started process (PID=1804) to work on /home/airflow/sandbox/lib/python3.8/site-packages/airflow/example_dags/example_external_task_marker_dag.py
[2021-07-14 23:05:42,022] {scheduler_job.py:633} INFO - Processing file /home/airflow/sandbox/lib/python3.8/site-packages/airflow/example_dags/example_external_task_marker_dag.py for tasks to queue
[2021-07-14 23:05:42,023] {logging_mixin.py:104} INFO - [2021-07-14 23:05:42,023] {dagbag.py:487} INFO - Filling up the DagBag from /home/airflow/sandbox/lib/python3.8/site-packages/airflow/example_dags/example_external_task_marker_dag.py
[2021-07-14 23:05:42,040] {scheduler_job.py:643} INFO - DAG(s) dict_keys(['example_external_task_marker_parent', 'example_external_task_marker_child']) retrieved from /home/airflow/sandbox/lib/python3.8/site-packages/airflow/example_dags/example_external_task_marker_dag.py
[2021-07-14 23:05:42,057] {logging_mixin.py:104} INFO - [2021-07-14 23:05:42,057] {dag.py:1832} INFO - Sync 2 DAGs
[2021-07-14 23:05:42,090] {logging_mixin.py:104} INFO - [2021-07-14 23:05:42,090] {dag.py:2305} INFO - Setting next_dagrun for example_external_task_marker_child to None
[2021-07-14 23:05:42,091] {logging_mixin.py:104} INFO - [2021-07-14 23:05:42,091] {dag.py:2305} INFO - Setting next_dagrun for example_external_task_marker_parent to None
[2021-07-14 23:05:42,142] {scheduler_job.py:190} INFO - Processing /home/airflow/sandbox/lib/python3.8/site-packages/airflow/example_dags/example_external_task_marker_dag.py took 0.124 seconds
[2021-07-14 23:05:59,146] {scheduler_job.py:182} INFO - Started process (PID=1835) to work on /home/airflow/sandbox/lib/python3.8/site-packages/airflow/example_dags/example_external_task_marker_dag.py
[2021-07-14 23:05:59,147] {scheduler_job.py:633} INFO - Processing file /home/airflow/sandbox/lib/python3.8/site-packages/airflow/example_dags/example_external_task_marker_dag.py for tasks to queue
[2021-07-14 23:05:59,148] {logging_mixin.py:104} INFO - [2021-07-14 23:05:59,148] {dagbag.py:487} INFO - Filling up the DagBag from /home/airflow/sandbox/lib/python3.8/site-packages/airflow/example_dags/example_external_task_marker_dag.py
[2021-07-14 23:05:59,159] {scheduler_job.py:643} INFO - DAG(s) dict_keys(['example_external_task_marker_parent', 'example_external_task_marker_child']) retrieved from /home/airflow/sandbox/lib/python3.8/site-packages/airflow/example_dags/example_external_task_marker_dag.py
[2021-07-14 23:05:59,176] {logging_mixin.py:104} INFO - [2021-07-14 23:05:59,176] {dag.py:1832} INFO - Sync 2 DAGs
[2021-07-14 23:05:59,188] {logging_mixin.py:104} INFO - [2021-07-14 23:05:59,188] {dag.py:2305} INFO - Setting next_dagrun for example_external_task_marker_child to None
[2021-07-14 23:05:59,188] {logging_mixin.py:104} INFO - [2021-07-14 23:05:59,188] {dag.py:2305} INFO - Setting next_dagrun for example_external_task_marker_parent to None
[2021-07-14 23:05:59,207] {scheduler_job.py:190} INFO - Processing /home/airflow/sandbox/lib/python3.8/site-packages/airflow/example_dags/example_external_task_marker_dag.py took 0.070 seconds
[2021-07-14 23:06:14,830] {scheduler_job.py:182} INFO - Started process (PID=1867) to work on /home/airflow/sandbox/lib/python3.8/site-packages/airflow/example_dags/example_external_task_marker_dag.py
[2021-07-14 23:06:14,831] {scheduler_job.py:633} INFO - Processing file /home/airflow/sandbox/lib/python3.8/site-packages/airflow/example_dags/example_external_task_marker_dag.py for tasks to queue
[2021-07-14 23:06:14,832] {logging_mixin.py:104} INFO - [2021-07-14 23:06:14,832] {dagbag.py:487} INFO - Filling up the DagBag from /home/airflow/sandbox/lib/python3.8/site-packages/airflow/example_dags/example_external_task_marker_dag.py
[2021-07-14 23:06:14,848] {scheduler_job.py:643} INFO - DAG(s) dict_keys(['example_external_task_marker_parent', 'example_external_task_marker_child']) retrieved from /home/airflow/sandbox/lib/python3.8/site-packages/airflow/example_dags/example_external_task_marker_dag.py
[2021-07-14 23:06:15,338] {logging_mixin.py:104} INFO - [2021-07-14 23:06:15,338] {dag.py:1832} INFO - Sync 2 DAGs
[2021-07-14 23:06:15,356] {logging_mixin.py:104} INFO - [2021-07-14 23:06:15,356] {dag.py:2305} INFO - Setting next_dagrun for example_external_task_marker_child to None
[2021-07-14 23:06:15,357] {logging_mixin.py:104} INFO - [2021-07-14 23:06:15,357] {dag.py:2305} INFO - Setting next_dagrun for example_external_task_marker_parent to None
[2021-07-14 23:06:15,388] {scheduler_job.py:190} INFO - Processing /home/airflow/sandbox/lib/python3.8/site-packages/airflow/example_dags/example_external_task_marker_dag.py took 0.564 seconds
[2021-07-14 23:06:32,858] {scheduler_job.py:182} INFO - Started process (PID=1896) to work on /home/airflow/sandbox/lib/python3.8/site-packages/airflow/example_dags/example_external_task_marker_dag.py
[2021-07-14 23:06:32,859] {scheduler_job.py:633} INFO - Processing file /home/airflow/sandbox/lib/python3.8/site-packages/airflow/example_dags/example_external_task_marker_dag.py for tasks to queue
[2021-07-14 23:06:32,860] {logging_mixin.py:104} INFO - [2021-07-14 23:06:32,860] {dagbag.py:487} INFO - Filling up the DagBag from /home/airflow/sandbox/lib/python3.8/site-packages/airflow/example_dags/example_external_task_marker_dag.py
[2021-07-14 23:06:32,884] {scheduler_job.py:643} INFO - DAG(s) dict_keys(['example_external_task_marker_parent', 'example_external_task_marker_child']) retrieved from /home/airflow/sandbox/lib/python3.8/site-packages/airflow/example_dags/example_external_task_marker_dag.py
[2021-07-14 23:06:32,899] {logging_mixin.py:104} INFO - [2021-07-14 23:06:32,899] {dag.py:1832} INFO - Sync 2 DAGs
[2021-07-14 23:06:32,909] {logging_mixin.py:104} INFO - [2021-07-14 23:06:32,909] {dag.py:2305} INFO - Setting next_dagrun for example_external_task_marker_child to None
[2021-07-14 23:06:32,910] {logging_mixin.py:104} INFO - [2021-07-14 23:06:32,910] {dag.py:2305} INFO - Setting next_dagrun for example_external_task_marker_parent to None
[2021-07-14 23:06:32,932] {scheduler_job.py:190} INFO - Processing /home/airflow/sandbox/lib/python3.8/site-packages/airflow/example_dags/example_external_task_marker_dag.py took 0.077 seconds
[2021-07-14 23:06:52,756] {scheduler_job.py:182} INFO - Started process (PID=1927) to work on /home/airflow/sandbox/lib/python3.8/site-packages/airflow/example_dags/example_external_task_marker_dag.py
[2021-07-14 23:06:52,789] {scheduler_job.py:633} INFO - Processing file /home/airflow/sandbox/lib/python3.8/site-packages/airflow/example_dags/example_external_task_marker_dag.py for tasks to queue
[2021-07-14 23:06:52,791] {logging_mixin.py:104} INFO - [2021-07-14 23:06:52,790] {dagbag.py:487} INFO - Filling up the DagBag from /home/airflow/sandbox/lib/python3.8/site-packages/airflow/example_dags/example_external_task_marker_dag.py
[2021-07-14 23:06:52,876] {scheduler_job.py:643} INFO - DAG(s) dict_keys(['example_external_task_marker_parent', 'example_external_task_marker_child']) retrieved from /home/airflow/sandbox/lib/python3.8/site-packages/airflow/example_dags/example_external_task_marker_dag.py
[2021-07-14 23:06:54,175] {logging_mixin.py:104} INFO - [2021-07-14 23:06:54,174] {dag.py:1832} INFO - Sync 2 DAGs
[2021-07-14 23:06:54,198] {logging_mixin.py:104} INFO - [2021-07-14 23:06:54,198] {dag.py:2305} INFO - Setting next_dagrun for example_external_task_marker_child to None
[2021-07-14 23:06:54,199] {logging_mixin.py:104} INFO - [2021-07-14 23:06:54,199] {dag.py:2305} INFO - Setting next_dagrun for example_external_task_marker_parent to None
[2021-07-14 23:06:54,237] {scheduler_job.py:190} INFO - Processing /home/airflow/sandbox/lib/python3.8/site-packages/airflow/example_dags/example_external_task_marker_dag.py took 1.502 seconds
[2021-07-14 23:07:13,458] {scheduler_job.py:182} INFO - Started process (PID=1963) to work on /home/airflow/sandbox/lib/python3.8/site-packages/airflow/example_dags/example_external_task_marker_dag.py
[2021-07-14 23:07:13,468] {scheduler_job.py:633} INFO - Processing file /home/airflow/sandbox/lib/python3.8/site-packages/airflow/example_dags/example_external_task_marker_dag.py for tasks to queue
[2021-07-14 23:07:13,469] {logging_mixin.py:104} INFO - [2021-07-14 23:07:13,469] {dagbag.py:487} INFO - Filling up the DagBag from /home/airflow/sandbox/lib/python3.8/site-packages/airflow/example_dags/example_external_task_marker_dag.py
[2021-07-14 23:07:13,506] {scheduler_job.py:643} INFO - DAG(s) dict_keys(['example_external_task_marker_parent', 'example_external_task_marker_child']) retrieved from /home/airflow/sandbox/lib/python3.8/site-packages/airflow/example_dags/example_external_task_marker_dag.py
[2021-07-14 23:07:13,562] {logging_mixin.py:104} INFO - [2021-07-14 23:07:13,562] {dag.py:1832} INFO - Sync 2 DAGs
[2021-07-14 23:07:13,604] {logging_mixin.py:104} INFO - [2021-07-14 23:07:13,599] {dag.py:2305} INFO - Setting next_dagrun for example_external_task_marker_child to None
[2021-07-14 23:07:13,606] {logging_mixin.py:104} INFO - [2021-07-14 23:07:13,605] {dag.py:2305} INFO - Setting next_dagrun for example_external_task_marker_parent to None
[2021-07-14 23:07:13,643] {scheduler_job.py:190} INFO - Processing /home/airflow/sandbox/lib/python3.8/site-packages/airflow/example_dags/example_external_task_marker_dag.py took 0.193 seconds
[2021-07-14 23:07:27,880] {scheduler_job.py:182} INFO - Started process (PID=1989) to work on /home/airflow/sandbox/lib/python3.8/site-packages/airflow/example_dags/example_external_task_marker_dag.py
[2021-07-14 23:07:27,881] {scheduler_job.py:633} INFO - Processing file /home/airflow/sandbox/lib/python3.8/site-packages/airflow/example_dags/example_external_task_marker_dag.py for tasks to queue
[2021-07-14 23:07:27,881] {logging_mixin.py:104} INFO - [2021-07-14 23:07:27,881] {dagbag.py:487} INFO - Filling up the DagBag from /home/airflow/sandbox/lib/python3.8/site-packages/airflow/example_dags/example_external_task_marker_dag.py
[2021-07-14 23:07:27,889] {scheduler_job.py:643} INFO - DAG(s) dict_keys(['example_external_task_marker_parent', 'example_external_task_marker_child']) retrieved from /home/airflow/sandbox/lib/python3.8/site-packages/airflow/example_dags/example_external_task_marker_dag.py
[2021-07-14 23:07:28,226] {logging_mixin.py:104} INFO - [2021-07-14 23:07:28,226] {dag.py:1832} INFO - Sync 2 DAGs
[2021-07-14 23:07:28,233] {logging_mixin.py:104} INFO - [2021-07-14 23:07:28,233] {dag.py:2305} INFO - Setting next_dagrun for example_external_task_marker_child to None
[2021-07-14 23:07:28,234] {logging_mixin.py:104} INFO - [2021-07-14 23:07:28,234] {dag.py:2305} INFO - Setting next_dagrun for example_external_task_marker_parent to None
[2021-07-14 23:07:28,245] {scheduler_job.py:190} INFO - Processing /home/airflow/sandbox/lib/python3.8/site-packages/airflow/example_dags/example_external_task_marker_dag.py took 0.368 seconds
[2021-07-14 23:07:45,781] {scheduler_job.py:182} INFO - Started process (PID=2027) to work on /home/airflow/sandbox/lib/python3.8/site-packages/airflow/example_dags/example_external_task_marker_dag.py
[2021-07-14 23:07:45,782] {scheduler_job.py:633} INFO - Processing file /home/airflow/sandbox/lib/python3.8/site-packages/airflow/example_dags/example_external_task_marker_dag.py for tasks to queue
[2021-07-14 23:07:45,783] {logging_mixin.py:104} INFO - [2021-07-14 23:07:45,783] {dagbag.py:487} INFO - Filling up the DagBag from /home/airflow/sandbox/lib/python3.8/site-packages/airflow/example_dags/example_external_task_marker_dag.py
[2021-07-14 23:07:45,792] {scheduler_job.py:643} INFO - DAG(s) dict_keys(['example_external_task_marker_parent', 'example_external_task_marker_child']) retrieved from /home/airflow/sandbox/lib/python3.8/site-packages/airflow/example_dags/example_external_task_marker_dag.py
[2021-07-14 23:07:45,804] {logging_mixin.py:104} INFO - [2021-07-14 23:07:45,804] {dag.py:1832} INFO - Sync 2 DAGs
[2021-07-14 23:07:45,813] {logging_mixin.py:104} INFO - [2021-07-14 23:07:45,813] {dag.py:2305} INFO - Setting next_dagrun for example_external_task_marker_child to None
[2021-07-14 23:07:45,814] {logging_mixin.py:104} INFO - [2021-07-14 23:07:45,814] {dag.py:2305} INFO - Setting next_dagrun for example_external_task_marker_parent to None
[2021-07-14 23:07:45,824] {scheduler_job.py:190} INFO - Processing /home/airflow/sandbox/lib/python3.8/site-packages/airflow/example_dags/example_external_task_marker_dag.py took 0.045 seconds
[2021-07-14 23:08:00,246] {scheduler_job.py:182} INFO - Started process (PID=2055) to work on /home/airflow/sandbox/lib/python3.8/site-packages/airflow/example_dags/example_external_task_marker_dag.py
[2021-07-14 23:08:00,247] {scheduler_job.py:633} INFO - Processing file /home/airflow/sandbox/lib/python3.8/site-packages/airflow/example_dags/example_external_task_marker_dag.py for tasks to queue
[2021-07-14 23:08:00,248] {logging_mixin.py:104} INFO - [2021-07-14 23:08:00,247] {dagbag.py:487} INFO - Filling up the DagBag from /home/airflow/sandbox/lib/python3.8/site-packages/airflow/example_dags/example_external_task_marker_dag.py
[2021-07-14 23:08:00,258] {scheduler_job.py:643} INFO - DAG(s) dict_keys(['example_external_task_marker_parent', 'example_external_task_marker_child']) retrieved from /home/airflow/sandbox/lib/python3.8/site-packages/airflow/example_dags/example_external_task_marker_dag.py
[2021-07-14 23:08:00,274] {logging_mixin.py:104} INFO - [2021-07-14 23:08:00,274] {dag.py:1832} INFO - Sync 2 DAGs
[2021-07-14 23:08:00,284] {logging_mixin.py:104} INFO - [2021-07-14 23:08:00,284] {dag.py:2305} INFO - Setting next_dagrun for example_external_task_marker_child to None
[2021-07-14 23:08:00,285] {logging_mixin.py:104} INFO - [2021-07-14 23:08:00,285] {dag.py:2305} INFO - Setting next_dagrun for example_external_task_marker_parent to None
[2021-07-14 23:08:00,308] {scheduler_job.py:190} INFO - Processing /home/airflow/sandbox/lib/python3.8/site-packages/airflow/example_dags/example_external_task_marker_dag.py took 0.065 seconds
[2021-07-14 23:08:18,015] {scheduler_job.py:182} INFO - Started process (PID=2090) to work on /home/airflow/sandbox/lib/python3.8/site-packages/airflow/example_dags/example_external_task_marker_dag.py
[2021-07-14 23:08:18,016] {scheduler_job.py:633} INFO - Processing file /home/airflow/sandbox/lib/python3.8/site-packages/airflow/example_dags/example_external_task_marker_dag.py for tasks to queue
[2021-07-14 23:08:18,017] {logging_mixin.py:104} INFO - [2021-07-14 23:08:18,016] {dagbag.py:487} INFO - Filling up the DagBag from /home/airflow/sandbox/lib/python3.8/site-packages/airflow/example_dags/example_external_task_marker_dag.py
[2021-07-14 23:08:18,026] {scheduler_job.py:643} INFO - DAG(s) dict_keys(['example_external_task_marker_parent', 'example_external_task_marker_child']) retrieved from /home/airflow/sandbox/lib/python3.8/site-packages/airflow/example_dags/example_external_task_marker_dag.py
[2021-07-14 23:08:18,337] {logging_mixin.py:104} INFO - [2021-07-14 23:08:18,336] {dag.py:1832} INFO - Sync 2 DAGs
[2021-07-14 23:08:18,344] {logging_mixin.py:104} INFO - [2021-07-14 23:08:18,344] {dag.py:2305} INFO - Setting next_dagrun for example_external_task_marker_child to None
[2021-07-14 23:08:18,344] {logging_mixin.py:104} INFO - [2021-07-14 23:08:18,344] {dag.py:2305} INFO - Setting next_dagrun for example_external_task_marker_parent to None
[2021-07-14 23:08:18,353] {scheduler_job.py:190} INFO - Processing /home/airflow/sandbox/lib/python3.8/site-packages/airflow/example_dags/example_external_task_marker_dag.py took 0.340 seconds
[2021-07-14 23:08:30,892] {scheduler_job.py:182} INFO - Started process (PID=2115) to work on /home/airflow/sandbox/lib/python3.8/site-packages/airflow/example_dags/example_external_task_marker_dag.py
[2021-07-14 23:08:30,893] {scheduler_job.py:633} INFO - Processing file /home/airflow/sandbox/lib/python3.8/site-packages/airflow/example_dags/example_external_task_marker_dag.py for tasks to queue
[2021-07-14 23:08:30,893] {logging_mixin.py:104} INFO - [2021-07-14 23:08:30,893] {dagbag.py:487} INFO - Filling up the DagBag from /home/airflow/sandbox/lib/python3.8/site-packages/airflow/example_dags/example_external_task_marker_dag.py
[2021-07-14 23:08:30,904] {scheduler_job.py:643} INFO - DAG(s) dict_keys(['example_external_task_marker_parent', 'example_external_task_marker_child']) retrieved from /home/airflow/sandbox/lib/python3.8/site-packages/airflow/example_dags/example_external_task_marker_dag.py
[2021-07-14 23:08:30,926] {logging_mixin.py:104} INFO - [2021-07-14 23:08:30,926] {dag.py:1832} INFO - Sync 2 DAGs
[2021-07-14 23:08:30,943] {logging_mixin.py:104} INFO - [2021-07-14 23:08:30,943] {dag.py:2305} INFO - Setting next_dagrun for example_external_task_marker_child to None
[2021-07-14 23:08:30,948] {logging_mixin.py:104} INFO - [2021-07-14 23:08:30,948] {dag.py:2305} INFO - Setting next_dagrun for example_external_task_marker_parent to None
[2021-07-14 23:08:30,961] {scheduler_job.py:190} INFO - Processing /home/airflow/sandbox/lib/python3.8/site-packages/airflow/example_dags/example_external_task_marker_dag.py took 0.072 seconds
[2021-07-14 23:08:50,476] {scheduler_job.py:182} INFO - Started process (PID=2153) to work on /home/airflow/sandbox/lib/python3.8/site-packages/airflow/example_dags/example_external_task_marker_dag.py
[2021-07-14 23:08:50,477] {scheduler_job.py:633} INFO - Processing file /home/airflow/sandbox/lib/python3.8/site-packages/airflow/example_dags/example_external_task_marker_dag.py for tasks to queue
[2021-07-14 23:08:50,477] {logging_mixin.py:104} INFO - [2021-07-14 23:08:50,477] {dagbag.py:487} INFO - Filling up the DagBag from /home/airflow/sandbox/lib/python3.8/site-packages/airflow/example_dags/example_external_task_marker_dag.py
[2021-07-14 23:08:50,486] {scheduler_job.py:643} INFO - DAG(s) dict_keys(['example_external_task_marker_parent', 'example_external_task_marker_child']) retrieved from /home/airflow/sandbox/lib/python3.8/site-packages/airflow/example_dags/example_external_task_marker_dag.py
[2021-07-14 23:08:50,796] {logging_mixin.py:104} INFO - [2021-07-14 23:08:50,796] {dag.py:1832} INFO - Sync 2 DAGs
[2021-07-14 23:08:50,827] {logging_mixin.py:104} INFO - [2021-07-14 23:08:50,827] {dag.py:2305} INFO - Setting next_dagrun for example_external_task_marker_child to None
[2021-07-14 23:08:50,828] {logging_mixin.py:104} INFO - [2021-07-14 23:08:50,828] {dag.py:2305} INFO - Setting next_dagrun for example_external_task_marker_parent to None
[2021-07-14 23:08:50,837] {scheduler_job.py:190} INFO - Processing /home/airflow/sandbox/lib/python3.8/site-packages/airflow/example_dags/example_external_task_marker_dag.py took 0.364 seconds
[2021-07-14 23:09:03,284] {scheduler_job.py:182} INFO - Started process (PID=2177) to work on /home/airflow/sandbox/lib/python3.8/site-packages/airflow/example_dags/example_external_task_marker_dag.py
[2021-07-14 23:09:03,285] {scheduler_job.py:633} INFO - Processing file /home/airflow/sandbox/lib/python3.8/site-packages/airflow/example_dags/example_external_task_marker_dag.py for tasks to queue
[2021-07-14 23:09:03,285] {logging_mixin.py:104} INFO - [2021-07-14 23:09:03,285] {dagbag.py:487} INFO - Filling up the DagBag from /home/airflow/sandbox/lib/python3.8/site-packages/airflow/example_dags/example_external_task_marker_dag.py
[2021-07-14 23:09:03,296] {scheduler_job.py:643} INFO - DAG(s) dict_keys(['example_external_task_marker_parent', 'example_external_task_marker_child']) retrieved from /home/airflow/sandbox/lib/python3.8/site-packages/airflow/example_dags/example_external_task_marker_dag.py
[2021-07-14 23:09:03,307] {logging_mixin.py:104} INFO - [2021-07-14 23:09:03,307] {dag.py:1832} INFO - Sync 2 DAGs
[2021-07-14 23:09:03,316] {logging_mixin.py:104} INFO - [2021-07-14 23:09:03,316] {dag.py:2305} INFO - Setting next_dagrun for example_external_task_marker_child to None
[2021-07-14 23:09:03,316] {logging_mixin.py:104} INFO - [2021-07-14 23:09:03,316] {dag.py:2305} INFO - Setting next_dagrun for example_external_task_marker_parent to None
[2021-07-14 23:09:03,327] {scheduler_job.py:190} INFO - Processing /home/airflow/sandbox/lib/python3.8/site-packages/airflow/example_dags/example_external_task_marker_dag.py took 0.046 seconds
[2021-07-14 23:09:23,250] {scheduler_job.py:182} INFO - Started process (PID=2217) to work on /home/airflow/sandbox/lib/python3.8/site-packages/airflow/example_dags/example_external_task_marker_dag.py
[2021-07-14 23:09:23,250] {scheduler_job.py:633} INFO - Processing file /home/airflow/sandbox/lib/python3.8/site-packages/airflow/example_dags/example_external_task_marker_dag.py for tasks to queue
[2021-07-14 23:09:23,251] {logging_mixin.py:104} INFO - [2021-07-14 23:09:23,251] {dagbag.py:487} INFO - Filling up the DagBag from /home/airflow/sandbox/lib/python3.8/site-packages/airflow/example_dags/example_external_task_marker_dag.py
[2021-07-14 23:09:23,260] {scheduler_job.py:643} INFO - DAG(s) dict_keys(['example_external_task_marker_parent', 'example_external_task_marker_child']) retrieved from /home/airflow/sandbox/lib/python3.8/site-packages/airflow/example_dags/example_external_task_marker_dag.py
[2021-07-14 23:09:23,537] {logging_mixin.py:104} INFO - [2021-07-14 23:09:23,537] {dag.py:1832} INFO - Sync 2 DAGs
[2021-07-14 23:09:23,545] {logging_mixin.py:104} INFO - [2021-07-14 23:09:23,545] {dag.py:2305} INFO - Setting next_dagrun for example_external_task_marker_child to None
[2021-07-14 23:09:23,546] {logging_mixin.py:104} INFO - [2021-07-14 23:09:23,546] {dag.py:2305} INFO - Setting next_dagrun for example_external_task_marker_parent to None
[2021-07-14 23:09:23,555] {scheduler_job.py:190} INFO - Processing /home/airflow/sandbox/lib/python3.8/site-packages/airflow/example_dags/example_external_task_marker_dag.py took 0.308 seconds
[2021-07-14 23:09:34,313] {scheduler_job.py:182} INFO - Started process (PID=2237) to work on /home/airflow/sandbox/lib/python3.8/site-packages/airflow/example_dags/example_external_task_marker_dag.py
[2021-07-14 23:09:34,314] {scheduler_job.py:633} INFO - Processing file /home/airflow/sandbox/lib/python3.8/site-packages/airflow/example_dags/example_external_task_marker_dag.py for tasks to queue
[2021-07-14 23:09:34,315] {logging_mixin.py:104} INFO - [2021-07-14 23:09:34,315] {dagbag.py:487} INFO - Filling up the DagBag from /home/airflow/sandbox/lib/python3.8/site-packages/airflow/example_dags/example_external_task_marker_dag.py
[2021-07-14 23:09:34,333] {scheduler_job.py:643} INFO - DAG(s) dict_keys(['example_external_task_marker_parent', 'example_external_task_marker_child']) retrieved from /home/airflow/sandbox/lib/python3.8/site-packages/airflow/example_dags/example_external_task_marker_dag.py
[2021-07-14 23:09:34,355] {logging_mixin.py:104} INFO - [2021-07-14 23:09:34,355] {dag.py:1832} INFO - Sync 2 DAGs
[2021-07-14 23:09:34,369] {logging_mixin.py:104} INFO - [2021-07-14 23:09:34,369] {dag.py:2305} INFO - Setting next_dagrun for example_external_task_marker_child to None
[2021-07-14 23:09:34,370] {logging_mixin.py:104} INFO - [2021-07-14 23:09:34,370] {dag.py:2305} INFO - Setting next_dagrun for example_external_task_marker_parent to None
[2021-07-14 23:09:34,396] {scheduler_job.py:190} INFO - Processing /home/airflow/sandbox/lib/python3.8/site-packages/airflow/example_dags/example_external_task_marker_dag.py took 0.086 seconds
[2021-07-14 23:09:55,916] {scheduler_job.py:182} INFO - Started process (PID=2280) to work on /home/airflow/sandbox/lib/python3.8/site-packages/airflow/example_dags/example_external_task_marker_dag.py
[2021-07-14 23:09:55,917] {scheduler_job.py:633} INFO - Processing file /home/airflow/sandbox/lib/python3.8/site-packages/airflow/example_dags/example_external_task_marker_dag.py for tasks to queue
[2021-07-14 23:09:55,918] {logging_mixin.py:104} INFO - [2021-07-14 23:09:55,918] {dagbag.py:487} INFO - Filling up the DagBag from /home/airflow/sandbox/lib/python3.8/site-packages/airflow/example_dags/example_external_task_marker_dag.py
[2021-07-14 23:09:55,927] {scheduler_job.py:643} INFO - DAG(s) dict_keys(['example_external_task_marker_parent', 'example_external_task_marker_child']) retrieved from /home/airflow/sandbox/lib/python3.8/site-packages/airflow/example_dags/example_external_task_marker_dag.py
[2021-07-14 23:09:56,285] {logging_mixin.py:104} INFO - [2021-07-14 23:09:56,285] {dag.py:1832} INFO - Sync 2 DAGs
[2021-07-14 23:09:56,303] {logging_mixin.py:104} INFO - [2021-07-14 23:09:56,303] {dag.py:2305} INFO - Setting next_dagrun for example_external_task_marker_child to None
[2021-07-14 23:09:56,303] {logging_mixin.py:104} INFO - [2021-07-14 23:09:56,303] {dag.py:2305} INFO - Setting next_dagrun for example_external_task_marker_parent to None
[2021-07-14 23:09:56,329] {scheduler_job.py:190} INFO - Processing /home/airflow/sandbox/lib/python3.8/site-packages/airflow/example_dags/example_external_task_marker_dag.py took 0.415 seconds
[2021-07-14 23:10:05,749] {scheduler_job.py:182} INFO - Started process (PID=2299) to work on /home/airflow/sandbox/lib/python3.8/site-packages/airflow/example_dags/example_external_task_marker_dag.py
[2021-07-14 23:10:05,750] {scheduler_job.py:633} INFO - Processing file /home/airflow/sandbox/lib/python3.8/site-packages/airflow/example_dags/example_external_task_marker_dag.py for tasks to queue
[2021-07-14 23:10:05,751] {logging_mixin.py:104} INFO - [2021-07-14 23:10:05,751] {dagbag.py:487} INFO - Filling up the DagBag from /home/airflow/sandbox/lib/python3.8/site-packages/airflow/example_dags/example_external_task_marker_dag.py
[2021-07-14 23:10:05,762] {scheduler_job.py:643} INFO - DAG(s) dict_keys(['example_external_task_marker_parent', 'example_external_task_marker_child']) retrieved from /home/airflow/sandbox/lib/python3.8/site-packages/airflow/example_dags/example_external_task_marker_dag.py
[2021-07-14 23:10:05,776] {logging_mixin.py:104} INFO - [2021-07-14 23:10:05,776] {dag.py:1832} INFO - Sync 2 DAGs
[2021-07-14 23:10:05,785] {logging_mixin.py:104} INFO - [2021-07-14 23:10:05,785] {dag.py:2305} INFO - Setting next_dagrun for example_external_task_marker_child to None
[2021-07-14 23:10:05,786] {logging_mixin.py:104} INFO - [2021-07-14 23:10:05,786] {dag.py:2305} INFO - Setting next_dagrun for example_external_task_marker_parent to None
[2021-07-14 23:10:05,807] {scheduler_job.py:190} INFO - Processing /home/airflow/sandbox/lib/python3.8/site-packages/airflow/example_dags/example_external_task_marker_dag.py took 0.060 seconds
[2021-07-14 23:10:31,472] {scheduler_job.py:182} INFO - Started process (PID=2346) to work on /home/airflow/sandbox/lib/python3.8/site-packages/airflow/example_dags/example_external_task_marker_dag.py
[2021-07-14 23:10:31,473] {scheduler_job.py:633} INFO - Processing file /home/airflow/sandbox/lib/python3.8/site-packages/airflow/example_dags/example_external_task_marker_dag.py for tasks to queue
[2021-07-14 23:10:31,474] {logging_mixin.py:104} INFO - [2021-07-14 23:10:31,474] {dagbag.py:487} INFO - Filling up the DagBag from /home/airflow/sandbox/lib/python3.8/site-packages/airflow/example_dags/example_external_task_marker_dag.py
[2021-07-14 23:10:31,490] {scheduler_job.py:643} INFO - DAG(s) dict_keys(['example_external_task_marker_parent', 'example_external_task_marker_child']) retrieved from /home/airflow/sandbox/lib/python3.8/site-packages/airflow/example_dags/example_external_task_marker_dag.py
[2021-07-14 23:10:31,543] {logging_mixin.py:104} INFO - [2021-07-14 23:10:31,543] {dag.py:1832} INFO - Sync 2 DAGs
[2021-07-14 23:10:31,574] {logging_mixin.py:104} INFO - [2021-07-14 23:10:31,574] {dag.py:2305} INFO - Setting next_dagrun for example_external_task_marker_child to None
[2021-07-14 23:10:31,575] {logging_mixin.py:104} INFO - [2021-07-14 23:10:31,575] {dag.py:2305} INFO - Setting next_dagrun for example_external_task_marker_parent to None
[2021-07-14 23:10:31,609] {scheduler_job.py:190} INFO - Processing /home/airflow/sandbox/lib/python3.8/site-packages/airflow/example_dags/example_external_task_marker_dag.py took 0.141 seconds
[2021-07-14 23:10:38,067] {scheduler_job.py:182} INFO - Started process (PID=2358) to work on /home/airflow/sandbox/lib/python3.8/site-packages/airflow/example_dags/example_external_task_marker_dag.py
[2021-07-14 23:10:38,072] {scheduler_job.py:633} INFO - Processing file /home/airflow/sandbox/lib/python3.8/site-packages/airflow/example_dags/example_external_task_marker_dag.py for tasks to queue
[2021-07-14 23:10:38,073] {logging_mixin.py:104} INFO - [2021-07-14 23:10:38,073] {dagbag.py:487} INFO - Filling up the DagBag from /home/airflow/sandbox/lib/python3.8/site-packages/airflow/example_dags/example_external_task_marker_dag.py
[2021-07-14 23:10:38,103] {scheduler_job.py:643} INFO - DAG(s) dict_keys(['example_external_task_marker_parent', 'example_external_task_marker_child']) retrieved from /home/airflow/sandbox/lib/python3.8/site-packages/airflow/example_dags/example_external_task_marker_dag.py
[2021-07-14 23:10:38,753] {logging_mixin.py:104} INFO - [2021-07-14 23:10:38,753] {dag.py:1832} INFO - Sync 2 DAGs
[2021-07-14 23:10:38,767] {logging_mixin.py:104} INFO - [2021-07-14 23:10:38,766] {dag.py:2305} INFO - Setting next_dagrun for example_external_task_marker_child to None
[2021-07-14 23:10:38,768] {logging_mixin.py:104} INFO - [2021-07-14 23:10:38,767] {dag.py:2305} INFO - Setting next_dagrun for example_external_task_marker_parent to None
[2021-07-14 23:10:38,796] {scheduler_job.py:190} INFO - Processing /home/airflow/sandbox/lib/python3.8/site-packages/airflow/example_dags/example_external_task_marker_dag.py took 0.735 seconds
[2021-07-14 23:11:08,650] {scheduler_job.py:182} INFO - Started process (PID=2393) to work on /home/airflow/sandbox/lib/python3.8/site-packages/airflow/example_dags/example_external_task_marker_dag.py
[2021-07-14 23:11:08,652] {scheduler_job.py:633} INFO - Processing file /home/airflow/sandbox/lib/python3.8/site-packages/airflow/example_dags/example_external_task_marker_dag.py for tasks to queue
[2021-07-14 23:11:08,653] {logging_mixin.py:104} INFO - [2021-07-14 23:11:08,653] {dagbag.py:487} INFO - Filling up the DagBag from /home/airflow/sandbox/lib/python3.8/site-packages/airflow/example_dags/example_external_task_marker_dag.py
[2021-07-14 23:11:08,672] {scheduler_job.py:643} INFO - DAG(s) dict_keys(['example_external_task_marker_parent', 'example_external_task_marker_child']) retrieved from /home/airflow/sandbox/lib/python3.8/site-packages/airflow/example_dags/example_external_task_marker_dag.py
[2021-07-14 23:11:09,377] {logging_mixin.py:104} INFO - [2021-07-14 23:11:09,377] {dag.py:1832} INFO - Sync 2 DAGs
[2021-07-14 23:11:09,393] {logging_mixin.py:104} INFO - [2021-07-14 23:11:09,393] {dag.py:2305} INFO - Setting next_dagrun for example_external_task_marker_child to None
[2021-07-14 23:11:09,394] {logging_mixin.py:104} INFO - [2021-07-14 23:11:09,394] {dag.py:2305} INFO - Setting next_dagrun for example_external_task_marker_parent to None
[2021-07-14 23:11:09,412] {scheduler_job.py:190} INFO - Processing /home/airflow/sandbox/lib/python3.8/site-packages/airflow/example_dags/example_external_task_marker_dag.py took 0.766 seconds
[2021-07-14 23:11:12,934] {scheduler_job.py:182} INFO - Started process (PID=2401) to work on /home/airflow/sandbox/lib/python3.8/site-packages/airflow/example_dags/example_external_task_marker_dag.py
[2021-07-14 23:11:12,940] {scheduler_job.py:633} INFO - Processing file /home/airflow/sandbox/lib/python3.8/site-packages/airflow/example_dags/example_external_task_marker_dag.py for tasks to queue
[2021-07-14 23:11:12,941] {logging_mixin.py:104} INFO - [2021-07-14 23:11:12,941] {dagbag.py:487} INFO - Filling up the DagBag from /home/airflow/sandbox/lib/python3.8/site-packages/airflow/example_dags/example_external_task_marker_dag.py
[2021-07-14 23:11:12,988] {scheduler_job.py:643} INFO - DAG(s) dict_keys(['example_external_task_marker_parent', 'example_external_task_marker_child']) retrieved from /home/airflow/sandbox/lib/python3.8/site-packages/airflow/example_dags/example_external_task_marker_dag.py
[2021-07-14 23:11:13,036] {logging_mixin.py:104} INFO - [2021-07-14 23:11:13,036] {dag.py:1832} INFO - Sync 2 DAGs
[2021-07-14 23:11:13,067] {logging_mixin.py:104} INFO - [2021-07-14 23:11:13,067] {dag.py:2305} INFO - Setting next_dagrun for example_external_task_marker_child to None
[2021-07-14 23:11:13,068] {logging_mixin.py:104} INFO - [2021-07-14 23:11:13,068] {dag.py:2305} INFO - Setting next_dagrun for example_external_task_marker_parent to None
[2021-07-14 23:11:13,090] {scheduler_job.py:190} INFO - Processing /home/airflow/sandbox/lib/python3.8/site-packages/airflow/example_dags/example_external_task_marker_dag.py took 0.169 seconds
[2021-07-14 23:11:44,607] {scheduler_job.py:182} INFO - Started process (PID=2456) to work on /home/airflow/sandbox/lib/python3.8/site-packages/airflow/example_dags/example_external_task_marker_dag.py
[2021-07-14 23:11:44,608] {scheduler_job.py:633} INFO - Processing file /home/airflow/sandbox/lib/python3.8/site-packages/airflow/example_dags/example_external_task_marker_dag.py for tasks to queue
[2021-07-14 23:11:44,609] {logging_mixin.py:104} INFO - [2021-07-14 23:11:44,609] {dagbag.py:487} INFO - Filling up the DagBag from /home/airflow/sandbox/lib/python3.8/site-packages/airflow/example_dags/example_external_task_marker_dag.py
[2021-07-14 23:11:44,619] {scheduler_job.py:643} INFO - DAG(s) dict_keys(['example_external_task_marker_parent', 'example_external_task_marker_child']) retrieved from /home/airflow/sandbox/lib/python3.8/site-packages/airflow/example_dags/example_external_task_marker_dag.py
[2021-07-14 23:11:44,921] {logging_mixin.py:104} INFO - [2021-07-14 23:11:44,921] {dag.py:1832} INFO - Sync 2 DAGs
[2021-07-14 23:11:44,930] {logging_mixin.py:104} INFO - [2021-07-14 23:11:44,930] {dag.py:2305} INFO - Setting next_dagrun for example_external_task_marker_child to None
[2021-07-14 23:11:44,931] {logging_mixin.py:104} INFO - [2021-07-14 23:11:44,931] {dag.py:2305} INFO - Setting next_dagrun for example_external_task_marker_parent to None
[2021-07-14 23:11:44,942] {scheduler_job.py:190} INFO - Processing /home/airflow/sandbox/lib/python3.8/site-packages/airflow/example_dags/example_external_task_marker_dag.py took 0.338 seconds
[2021-07-14 23:11:48,971] {scheduler_job.py:182} INFO - Started process (PID=2463) to work on /home/airflow/sandbox/lib/python3.8/site-packages/airflow/example_dags/example_external_task_marker_dag.py
[2021-07-14 23:11:48,972] {scheduler_job.py:633} INFO - Processing file /home/airflow/sandbox/lib/python3.8/site-packages/airflow/example_dags/example_external_task_marker_dag.py for tasks to queue
[2021-07-14 23:11:48,972] {logging_mixin.py:104} INFO - [2021-07-14 23:11:48,972] {dagbag.py:487} INFO - Filling up the DagBag from /home/airflow/sandbox/lib/python3.8/site-packages/airflow/example_dags/example_external_task_marker_dag.py
[2021-07-14 23:11:48,982] {scheduler_job.py:643} INFO - DAG(s) dict_keys(['example_external_task_marker_parent', 'example_external_task_marker_child']) retrieved from /home/airflow/sandbox/lib/python3.8/site-packages/airflow/example_dags/example_external_task_marker_dag.py
[2021-07-14 23:11:48,994] {logging_mixin.py:104} INFO - [2021-07-14 23:11:48,993] {dag.py:1832} INFO - Sync 2 DAGs
[2021-07-14 23:11:49,003] {logging_mixin.py:104} INFO - [2021-07-14 23:11:49,003] {dag.py:2305} INFO - Setting next_dagrun for example_external_task_marker_child to None
[2021-07-14 23:11:49,004] {logging_mixin.py:104} INFO - [2021-07-14 23:11:49,004] {dag.py:2305} INFO - Setting next_dagrun for example_external_task_marker_parent to None
[2021-07-14 23:11:49,021] {scheduler_job.py:190} INFO - Processing /home/airflow/sandbox/lib/python3.8/site-packages/airflow/example_dags/example_external_task_marker_dag.py took 0.053 seconds
[2021-07-14 23:12:16,856] {scheduler_job.py:182} INFO - Started process (PID=2520) to work on /home/airflow/sandbox/lib/python3.8/site-packages/airflow/example_dags/example_external_task_marker_dag.py
[2021-07-14 23:12:16,856] {scheduler_job.py:633} INFO - Processing file /home/airflow/sandbox/lib/python3.8/site-packages/airflow/example_dags/example_external_task_marker_dag.py for tasks to queue
[2021-07-14 23:12:16,857] {logging_mixin.py:104} INFO - [2021-07-14 23:12:16,857] {dagbag.py:487} INFO - Filling up the DagBag from /home/airflow/sandbox/lib/python3.8/site-packages/airflow/example_dags/example_external_task_marker_dag.py
[2021-07-14 23:12:16,867] {scheduler_job.py:643} INFO - DAG(s) dict_keys(['example_external_task_marker_parent', 'example_external_task_marker_child']) retrieved from /home/airflow/sandbox/lib/python3.8/site-packages/airflow/example_dags/example_external_task_marker_dag.py
[2021-07-14 23:12:16,882] {logging_mixin.py:104} INFO - [2021-07-14 23:12:16,882] {dag.py:1832} INFO - Sync 2 DAGs
[2021-07-14 23:12:16,894] {logging_mixin.py:104} INFO - [2021-07-14 23:12:16,894] {dag.py:2305} INFO - Setting next_dagrun for example_external_task_marker_child to None
[2021-07-14 23:12:16,895] {logging_mixin.py:104} INFO - [2021-07-14 23:12:16,895] {dag.py:2305} INFO - Setting next_dagrun for example_external_task_marker_parent to None
[2021-07-14 23:12:16,906] {scheduler_job.py:190} INFO - Processing /home/airflow/sandbox/lib/python3.8/site-packages/airflow/example_dags/example_external_task_marker_dag.py took 0.053 seconds
[2021-07-14 23:12:19,804] {scheduler_job.py:182} INFO - Started process (PID=2525) to work on /home/airflow/sandbox/lib/python3.8/site-packages/airflow/example_dags/example_external_task_marker_dag.py
[2021-07-14 23:12:19,805] {scheduler_job.py:633} INFO - Processing file /home/airflow/sandbox/lib/python3.8/site-packages/airflow/example_dags/example_external_task_marker_dag.py for tasks to queue
[2021-07-14 23:12:19,806] {logging_mixin.py:104} INFO - [2021-07-14 23:12:19,806] {dagbag.py:487} INFO - Filling up the DagBag from /home/airflow/sandbox/lib/python3.8/site-packages/airflow/example_dags/example_external_task_marker_dag.py
[2021-07-14 23:12:19,816] {scheduler_job.py:643} INFO - DAG(s) dict_keys(['example_external_task_marker_parent', 'example_external_task_marker_child']) retrieved from /home/airflow/sandbox/lib/python3.8/site-packages/airflow/example_dags/example_external_task_marker_dag.py
[2021-07-14 23:12:20,109] {logging_mixin.py:104} INFO - [2021-07-14 23:12:20,109] {dag.py:1832} INFO - Sync 2 DAGs
[2021-07-14 23:12:20,117] {logging_mixin.py:104} INFO - [2021-07-14 23:12:20,117] {dag.py:2305} INFO - Setting next_dagrun for example_external_task_marker_child to None
[2021-07-14 23:12:20,118] {logging_mixin.py:104} INFO - [2021-07-14 23:12:20,117] {dag.py:2305} INFO - Setting next_dagrun for example_external_task_marker_parent to None
[2021-07-14 23:12:20,135] {scheduler_job.py:190} INFO - Processing /home/airflow/sandbox/lib/python3.8/site-packages/airflow/example_dags/example_external_task_marker_dag.py took 0.333 seconds
[2021-07-14 23:12:48,901] {scheduler_job.py:182} INFO - Started process (PID=2579) to work on /home/airflow/sandbox/lib/python3.8/site-packages/airflow/example_dags/example_external_task_marker_dag.py
[2021-07-14 23:12:48,902] {scheduler_job.py:633} INFO - Processing file /home/airflow/sandbox/lib/python3.8/site-packages/airflow/example_dags/example_external_task_marker_dag.py for tasks to queue
[2021-07-14 23:12:48,903] {logging_mixin.py:104} INFO - [2021-07-14 23:12:48,903] {dagbag.py:487} INFO - Filling up the DagBag from /home/airflow/sandbox/lib/python3.8/site-packages/airflow/example_dags/example_external_task_marker_dag.py
[2021-07-14 23:12:48,916] {scheduler_job.py:643} INFO - DAG(s) dict_keys(['example_external_task_marker_parent', 'example_external_task_marker_child']) retrieved from /home/airflow/sandbox/lib/python3.8/site-packages/airflow/example_dags/example_external_task_marker_dag.py
[2021-07-14 23:12:48,934] {logging_mixin.py:104} INFO - [2021-07-14 23:12:48,934] {dag.py:1832} INFO - Sync 2 DAGs
[2021-07-14 23:12:48,956] {logging_mixin.py:104} INFO - [2021-07-14 23:12:48,956] {dag.py:2305} INFO - Setting next_dagrun for example_external_task_marker_child to None
[2021-07-14 23:12:48,958] {logging_mixin.py:104} INFO - [2021-07-14 23:12:48,957] {dag.py:2305} INFO - Setting next_dagrun for example_external_task_marker_parent to None
[2021-07-14 23:12:48,995] {scheduler_job.py:190} INFO - Processing /home/airflow/sandbox/lib/python3.8/site-packages/airflow/example_dags/example_external_task_marker_dag.py took 0.097 seconds
[2021-07-14 23:12:53,104] {scheduler_job.py:182} INFO - Started process (PID=2587) to work on /home/airflow/sandbox/lib/python3.8/site-packages/airflow/example_dags/example_external_task_marker_dag.py
[2021-07-14 23:12:53,106] {scheduler_job.py:633} INFO - Processing file /home/airflow/sandbox/lib/python3.8/site-packages/airflow/example_dags/example_external_task_marker_dag.py for tasks to queue
[2021-07-14 23:12:53,107] {logging_mixin.py:104} INFO - [2021-07-14 23:12:53,107] {dagbag.py:487} INFO - Filling up the DagBag from /home/airflow/sandbox/lib/python3.8/site-packages/airflow/example_dags/example_external_task_marker_dag.py
[2021-07-14 23:12:53,122] {scheduler_job.py:643} INFO - DAG(s) dict_keys(['example_external_task_marker_parent', 'example_external_task_marker_child']) retrieved from /home/airflow/sandbox/lib/python3.8/site-packages/airflow/example_dags/example_external_task_marker_dag.py
[2021-07-14 23:12:53,140] {logging_mixin.py:104} INFO - [2021-07-14 23:12:53,140] {dag.py:1832} INFO - Sync 2 DAGs
[2021-07-14 23:12:53,154] {logging_mixin.py:104} INFO - [2021-07-14 23:12:53,154] {dag.py:2305} INFO - Setting next_dagrun for example_external_task_marker_child to None
[2021-07-14 23:12:53,155] {logging_mixin.py:104} INFO - [2021-07-14 23:12:53,155] {dag.py:2305} INFO - Setting next_dagrun for example_external_task_marker_parent to None
[2021-07-14 23:12:53,166] {scheduler_job.py:190} INFO - Processing /home/airflow/sandbox/lib/python3.8/site-packages/airflow/example_dags/example_external_task_marker_dag.py took 0.069 seconds
[2021-07-14 23:48:49,301] {scheduler_job.py:182} INFO - Started process (PID=1843) to work on /home/airflow/sandbox/lib/python3.8/site-packages/airflow/example_dags/example_external_task_marker_dag.py
[2021-07-14 23:48:49,312] {scheduler_job.py:633} INFO - Processing file /home/airflow/sandbox/lib/python3.8/site-packages/airflow/example_dags/example_external_task_marker_dag.py for tasks to queue
[2021-07-14 23:48:49,313] {logging_mixin.py:104} INFO - [2021-07-14 23:48:49,313] {dagbag.py:487} INFO - Filling up the DagBag from /home/airflow/sandbox/lib/python3.8/site-packages/airflow/example_dags/example_external_task_marker_dag.py
[2021-07-14 23:48:49,324] {scheduler_job.py:643} INFO - DAG(s) dict_keys(['example_external_task_marker_parent', 'example_external_task_marker_child']) retrieved from /home/airflow/sandbox/lib/python3.8/site-packages/airflow/example_dags/example_external_task_marker_dag.py
[2021-07-14 23:48:49,572] {logging_mixin.py:104} INFO - [2021-07-14 23:48:49,572] {dag.py:1832} INFO - Sync 2 DAGs
[2021-07-14 23:48:49,585] {logging_mixin.py:104} INFO - [2021-07-14 23:48:49,585] {dag.py:2305} INFO - Setting next_dagrun for example_external_task_marker_child to None
[2021-07-14 23:48:49,586] {logging_mixin.py:104} INFO - [2021-07-14 23:48:49,586] {dag.py:2305} INFO - Setting next_dagrun for example_external_task_marker_parent to None
[2021-07-14 23:48:49,605] {scheduler_job.py:190} INFO - Processing /home/airflow/sandbox/lib/python3.8/site-packages/airflow/example_dags/example_external_task_marker_dag.py took 0.308 seconds
[2021-07-14 23:49:22,773] {scheduler_job.py:182} INFO - Started process (PID=1876) to work on /home/airflow/sandbox/lib/python3.8/site-packages/airflow/example_dags/example_external_task_marker_dag.py
[2021-07-14 23:49:22,775] {scheduler_job.py:633} INFO - Processing file /home/airflow/sandbox/lib/python3.8/site-packages/airflow/example_dags/example_external_task_marker_dag.py for tasks to queue
[2021-07-14 23:49:22,775] {logging_mixin.py:104} INFO - [2021-07-14 23:49:22,775] {dagbag.py:487} INFO - Filling up the DagBag from /home/airflow/sandbox/lib/python3.8/site-packages/airflow/example_dags/example_external_task_marker_dag.py
[2021-07-14 23:49:22,801] {scheduler_job.py:643} INFO - DAG(s) dict_keys(['example_external_task_marker_parent', 'example_external_task_marker_child']) retrieved from /home/airflow/sandbox/lib/python3.8/site-packages/airflow/example_dags/example_external_task_marker_dag.py
[2021-07-14 23:49:22,850] {logging_mixin.py:104} INFO - [2021-07-14 23:49:22,850] {dag.py:1832} INFO - Sync 2 DAGs
[2021-07-14 23:49:22,890] {logging_mixin.py:104} INFO - [2021-07-14 23:49:22,890] {dag.py:2305} INFO - Setting next_dagrun for example_external_task_marker_child to None
[2021-07-14 23:49:22,897] {logging_mixin.py:104} INFO - [2021-07-14 23:49:22,896] {dag.py:2305} INFO - Setting next_dagrun for example_external_task_marker_parent to None
[2021-07-14 23:49:22,924] {scheduler_job.py:190} INFO - Processing /home/airflow/sandbox/lib/python3.8/site-packages/airflow/example_dags/example_external_task_marker_dag.py took 0.155 seconds
[2021-07-14 23:49:54,955] {scheduler_job.py:182} INFO - Started process (PID=1907) to work on /home/airflow/sandbox/lib/python3.8/site-packages/airflow/example_dags/example_external_task_marker_dag.py
[2021-07-14 23:49:54,956] {scheduler_job.py:633} INFO - Processing file /home/airflow/sandbox/lib/python3.8/site-packages/airflow/example_dags/example_external_task_marker_dag.py for tasks to queue
[2021-07-14 23:49:54,956] {logging_mixin.py:104} INFO - [2021-07-14 23:49:54,956] {dagbag.py:487} INFO - Filling up the DagBag from /home/airflow/sandbox/lib/python3.8/site-packages/airflow/example_dags/example_external_task_marker_dag.py
[2021-07-14 23:49:54,966] {scheduler_job.py:643} INFO - DAG(s) dict_keys(['example_external_task_marker_parent', 'example_external_task_marker_child']) retrieved from /home/airflow/sandbox/lib/python3.8/site-packages/airflow/example_dags/example_external_task_marker_dag.py
[2021-07-14 23:49:54,978] {logging_mixin.py:104} INFO - [2021-07-14 23:49:54,978] {dag.py:1832} INFO - Sync 2 DAGs
[2021-07-14 23:49:54,989] {logging_mixin.py:104} INFO - [2021-07-14 23:49:54,989] {dag.py:2305} INFO - Setting next_dagrun for example_external_task_marker_child to None
[2021-07-14 23:49:54,990] {logging_mixin.py:104} INFO - [2021-07-14 23:49:54,990] {dag.py:2305} INFO - Setting next_dagrun for example_external_task_marker_parent to None
[2021-07-14 23:49:55,003] {scheduler_job.py:190} INFO - Processing /home/airflow/sandbox/lib/python3.8/site-packages/airflow/example_dags/example_external_task_marker_dag.py took 0.050 seconds
[2021-07-14 23:50:26,415] {scheduler_job.py:182} INFO - Started process (PID=1938) to work on /home/airflow/sandbox/lib/python3.8/site-packages/airflow/example_dags/example_external_task_marker_dag.py
[2021-07-14 23:50:26,416] {scheduler_job.py:633} INFO - Processing file /home/airflow/sandbox/lib/python3.8/site-packages/airflow/example_dags/example_external_task_marker_dag.py for tasks to queue
[2021-07-14 23:50:26,416] {logging_mixin.py:104} INFO - [2021-07-14 23:50:26,416] {dagbag.py:487} INFO - Filling up the DagBag from /home/airflow/sandbox/lib/python3.8/site-packages/airflow/example_dags/example_external_task_marker_dag.py
[2021-07-14 23:50:26,427] {scheduler_job.py:643} INFO - DAG(s) dict_keys(['example_external_task_marker_parent', 'example_external_task_marker_child']) retrieved from /home/airflow/sandbox/lib/python3.8/site-packages/airflow/example_dags/example_external_task_marker_dag.py
[2021-07-14 23:50:26,442] {logging_mixin.py:104} INFO - [2021-07-14 23:50:26,442] {dag.py:1832} INFO - Sync 2 DAGs
[2021-07-14 23:50:26,452] {logging_mixin.py:104} INFO - [2021-07-14 23:50:26,452] {dag.py:2305} INFO - Setting next_dagrun for example_external_task_marker_child to None
[2021-07-14 23:50:26,453] {logging_mixin.py:104} INFO - [2021-07-14 23:50:26,453] {dag.py:2305} INFO - Setting next_dagrun for example_external_task_marker_parent to None
[2021-07-14 23:50:26,462] {scheduler_job.py:190} INFO - Processing /home/airflow/sandbox/lib/python3.8/site-packages/airflow/example_dags/example_external_task_marker_dag.py took 0.050 seconds
[2021-07-14 23:51:00,503] {scheduler_job.py:182} INFO - Started process (PID=1970) to work on /home/airflow/sandbox/lib/python3.8/site-packages/airflow/example_dags/example_external_task_marker_dag.py
[2021-07-14 23:51:00,507] {scheduler_job.py:633} INFO - Processing file /home/airflow/sandbox/lib/python3.8/site-packages/airflow/example_dags/example_external_task_marker_dag.py for tasks to queue
[2021-07-14 23:51:00,525] {logging_mixin.py:104} INFO - [2021-07-14 23:51:00,510] {dagbag.py:487} INFO - Filling up the DagBag from /home/airflow/sandbox/lib/python3.8/site-packages/airflow/example_dags/example_external_task_marker_dag.py
[2021-07-14 23:51:00,637] {scheduler_job.py:643} INFO - DAG(s) dict_keys(['example_external_task_marker_parent', 'example_external_task_marker_child']) retrieved from /home/airflow/sandbox/lib/python3.8/site-packages/airflow/example_dags/example_external_task_marker_dag.py
[2021-07-14 23:51:00,775] {logging_mixin.py:104} INFO - [2021-07-14 23:51:00,774] {dag.py:1832} INFO - Sync 2 DAGs
[2021-07-14 23:51:00,831] {logging_mixin.py:104} INFO - [2021-07-14 23:51:00,831] {dag.py:2305} INFO - Setting next_dagrun for example_external_task_marker_child to None
[2021-07-14 23:51:00,835] {logging_mixin.py:104} INFO - [2021-07-14 23:51:00,834] {dag.py:2305} INFO - Setting next_dagrun for example_external_task_marker_parent to None
[2021-07-14 23:51:00,901] {scheduler_job.py:190} INFO - Processing /home/airflow/sandbox/lib/python3.8/site-packages/airflow/example_dags/example_external_task_marker_dag.py took 0.412 seconds
[2021-07-14 23:51:43,322] {scheduler_job.py:182} INFO - Started process (PID=2002) to work on /home/airflow/sandbox/lib/python3.8/site-packages/airflow/example_dags/example_external_task_marker_dag.py
[2021-07-14 23:51:43,326] {scheduler_job.py:633} INFO - Processing file /home/airflow/sandbox/lib/python3.8/site-packages/airflow/example_dags/example_external_task_marker_dag.py for tasks to queue
[2021-07-14 23:51:43,328] {logging_mixin.py:104} INFO - [2021-07-14 23:51:43,328] {dagbag.py:487} INFO - Filling up the DagBag from /home/airflow/sandbox/lib/python3.8/site-packages/airflow/example_dags/example_external_task_marker_dag.py
[2021-07-14 23:51:43,389] {scheduler_job.py:643} INFO - DAG(s) dict_keys(['example_external_task_marker_parent', 'example_external_task_marker_child']) retrieved from /home/airflow/sandbox/lib/python3.8/site-packages/airflow/example_dags/example_external_task_marker_dag.py
[2021-07-14 23:51:43,452] {logging_mixin.py:104} INFO - [2021-07-14 23:51:43,452] {dag.py:1832} INFO - Sync 2 DAGs
[2021-07-14 23:51:43,500] {logging_mixin.py:104} INFO - [2021-07-14 23:51:43,499] {dag.py:2305} INFO - Setting next_dagrun for example_external_task_marker_child to None
[2021-07-14 23:51:43,505] {logging_mixin.py:104} INFO - [2021-07-14 23:51:43,504] {dag.py:2305} INFO - Setting next_dagrun for example_external_task_marker_parent to None
[2021-07-14 23:51:43,563] {scheduler_job.py:190} INFO - Processing /home/airflow/sandbox/lib/python3.8/site-packages/airflow/example_dags/example_external_task_marker_dag.py took 0.255 seconds
[2021-07-14 23:52:19,368] {scheduler_job.py:182} INFO - Started process (PID=2032) to work on /home/airflow/sandbox/lib/python3.8/site-packages/airflow/example_dags/example_external_task_marker_dag.py
[2021-07-14 23:52:19,371] {scheduler_job.py:633} INFO - Processing file /home/airflow/sandbox/lib/python3.8/site-packages/airflow/example_dags/example_external_task_marker_dag.py for tasks to queue
[2021-07-14 23:52:19,374] {logging_mixin.py:104} INFO - [2021-07-14 23:52:19,373] {dagbag.py:487} INFO - Filling up the DagBag from /home/airflow/sandbox/lib/python3.8/site-packages/airflow/example_dags/example_external_task_marker_dag.py
[2021-07-14 23:52:19,387] {scheduler_job.py:643} INFO - DAG(s) dict_keys(['example_external_task_marker_parent', 'example_external_task_marker_child']) retrieved from /home/airflow/sandbox/lib/python3.8/site-packages/airflow/example_dags/example_external_task_marker_dag.py
[2021-07-14 23:52:19,411] {logging_mixin.py:104} INFO - [2021-07-14 23:52:19,411] {dag.py:1832} INFO - Sync 2 DAGs
[2021-07-14 23:52:19,426] {logging_mixin.py:104} INFO - [2021-07-14 23:52:19,426] {dag.py:2305} INFO - Setting next_dagrun for example_external_task_marker_child to None
[2021-07-14 23:52:19,427] {logging_mixin.py:104} INFO - [2021-07-14 23:52:19,427] {dag.py:2305} INFO - Setting next_dagrun for example_external_task_marker_parent to None
[2021-07-14 23:52:19,448] {scheduler_job.py:190} INFO - Processing /home/airflow/sandbox/lib/python3.8/site-packages/airflow/example_dags/example_external_task_marker_dag.py took 0.083 seconds
[2021-07-14 23:52:51,392] {scheduler_job.py:182} INFO - Started process (PID=2063) to work on /home/airflow/sandbox/lib/python3.8/site-packages/airflow/example_dags/example_external_task_marker_dag.py
[2021-07-14 23:52:51,393] {scheduler_job.py:633} INFO - Processing file /home/airflow/sandbox/lib/python3.8/site-packages/airflow/example_dags/example_external_task_marker_dag.py for tasks to queue
[2021-07-14 23:52:51,394] {logging_mixin.py:104} INFO - [2021-07-14 23:52:51,393] {dagbag.py:487} INFO - Filling up the DagBag from /home/airflow/sandbox/lib/python3.8/site-packages/airflow/example_dags/example_external_task_marker_dag.py
[2021-07-14 23:52:51,403] {scheduler_job.py:643} INFO - DAG(s) dict_keys(['example_external_task_marker_parent', 'example_external_task_marker_child']) retrieved from /home/airflow/sandbox/lib/python3.8/site-packages/airflow/example_dags/example_external_task_marker_dag.py
[2021-07-14 23:52:51,592] {logging_mixin.py:104} INFO - [2021-07-14 23:52:51,592] {dag.py:1832} INFO - Sync 2 DAGs
[2021-07-14 23:52:51,600] {logging_mixin.py:104} INFO - [2021-07-14 23:52:51,600] {dag.py:2305} INFO - Setting next_dagrun for example_external_task_marker_child to None
[2021-07-14 23:52:51,601] {logging_mixin.py:104} INFO - [2021-07-14 23:52:51,601] {dag.py:2305} INFO - Setting next_dagrun for example_external_task_marker_parent to None
[2021-07-14 23:52:51,613] {scheduler_job.py:190} INFO - Processing /home/airflow/sandbox/lib/python3.8/site-packages/airflow/example_dags/example_external_task_marker_dag.py took 0.223 seconds
[2021-07-14 23:53:23,582] {scheduler_job.py:182} INFO - Started process (PID=2094) to work on /home/airflow/sandbox/lib/python3.8/site-packages/airflow/example_dags/example_external_task_marker_dag.py
[2021-07-14 23:53:23,583] {scheduler_job.py:633} INFO - Processing file /home/airflow/sandbox/lib/python3.8/site-packages/airflow/example_dags/example_external_task_marker_dag.py for tasks to queue
[2021-07-14 23:53:23,584] {logging_mixin.py:104} INFO - [2021-07-14 23:53:23,583] {dagbag.py:487} INFO - Filling up the DagBag from /home/airflow/sandbox/lib/python3.8/site-packages/airflow/example_dags/example_external_task_marker_dag.py
[2021-07-14 23:53:23,592] {scheduler_job.py:643} INFO - DAG(s) dict_keys(['example_external_task_marker_parent', 'example_external_task_marker_child']) retrieved from /home/airflow/sandbox/lib/python3.8/site-packages/airflow/example_dags/example_external_task_marker_dag.py
[2021-07-14 23:53:23,605] {logging_mixin.py:104} INFO - [2021-07-14 23:53:23,605] {dag.py:1832} INFO - Sync 2 DAGs
[2021-07-14 23:53:23,621] {logging_mixin.py:104} INFO - [2021-07-14 23:53:23,621] {dag.py:2305} INFO - Setting next_dagrun for example_external_task_marker_child to None
[2021-07-14 23:53:23,622] {logging_mixin.py:104} INFO - [2021-07-14 23:53:23,622] {dag.py:2305} INFO - Setting next_dagrun for example_external_task_marker_parent to None
[2021-07-14 23:53:23,640] {scheduler_job.py:190} INFO - Processing /home/airflow/sandbox/lib/python3.8/site-packages/airflow/example_dags/example_external_task_marker_dag.py took 0.060 seconds
[2021-07-14 23:53:57,763] {scheduler_job.py:182} INFO - Started process (PID=2127) to work on /home/airflow/sandbox/lib/python3.8/site-packages/airflow/example_dags/example_external_task_marker_dag.py
[2021-07-14 23:53:57,764] {scheduler_job.py:633} INFO - Processing file /home/airflow/sandbox/lib/python3.8/site-packages/airflow/example_dags/example_external_task_marker_dag.py for tasks to queue
[2021-07-14 23:53:57,765] {logging_mixin.py:104} INFO - [2021-07-14 23:53:57,765] {dagbag.py:487} INFO - Filling up the DagBag from /home/airflow/sandbox/lib/python3.8/site-packages/airflow/example_dags/example_external_task_marker_dag.py
[2021-07-14 23:53:57,776] {scheduler_job.py:643} INFO - DAG(s) dict_keys(['example_external_task_marker_parent', 'example_external_task_marker_child']) retrieved from /home/airflow/sandbox/lib/python3.8/site-packages/airflow/example_dags/example_external_task_marker_dag.py
[2021-07-14 23:53:58,034] {logging_mixin.py:104} INFO - [2021-07-14 23:53:58,034] {dag.py:1832} INFO - Sync 2 DAGs
[2021-07-14 23:53:58,044] {logging_mixin.py:104} INFO - [2021-07-14 23:53:58,044] {dag.py:2305} INFO - Setting next_dagrun for example_external_task_marker_child to None
[2021-07-14 23:53:58,046] {logging_mixin.py:104} INFO - [2021-07-14 23:53:58,045] {dag.py:2305} INFO - Setting next_dagrun for example_external_task_marker_parent to None
[2021-07-14 23:53:58,069] {scheduler_job.py:190} INFO - Processing /home/airflow/sandbox/lib/python3.8/site-packages/airflow/example_dags/example_external_task_marker_dag.py took 0.310 seconds
[2021-07-14 23:54:28,961] {scheduler_job.py:182} INFO - Started process (PID=2158) to work on /home/airflow/sandbox/lib/python3.8/site-packages/airflow/example_dags/example_external_task_marker_dag.py
[2021-07-14 23:54:28,962] {scheduler_job.py:633} INFO - Processing file /home/airflow/sandbox/lib/python3.8/site-packages/airflow/example_dags/example_external_task_marker_dag.py for tasks to queue
[2021-07-14 23:54:28,963] {logging_mixin.py:104} INFO - [2021-07-14 23:54:28,963] {dagbag.py:487} INFO - Filling up the DagBag from /home/airflow/sandbox/lib/python3.8/site-packages/airflow/example_dags/example_external_task_marker_dag.py
[2021-07-14 23:54:28,973] {scheduler_job.py:643} INFO - DAG(s) dict_keys(['example_external_task_marker_parent', 'example_external_task_marker_child']) retrieved from /home/airflow/sandbox/lib/python3.8/site-packages/airflow/example_dags/example_external_task_marker_dag.py
[2021-07-14 23:54:29,175] {logging_mixin.py:104} INFO - [2021-07-14 23:54:29,174] {dag.py:1832} INFO - Sync 2 DAGs
[2021-07-14 23:54:29,182] {logging_mixin.py:104} INFO - [2021-07-14 23:54:29,182] {dag.py:2305} INFO - Setting next_dagrun for example_external_task_marker_child to None
[2021-07-14 23:54:29,183] {logging_mixin.py:104} INFO - [2021-07-14 23:54:29,183] {dag.py:2305} INFO - Setting next_dagrun for example_external_task_marker_parent to None
[2021-07-14 23:54:29,204] {scheduler_job.py:190} INFO - Processing /home/airflow/sandbox/lib/python3.8/site-packages/airflow/example_dags/example_external_task_marker_dag.py took 0.245 seconds
[2021-07-14 23:55:00,063] {scheduler_job.py:182} INFO - Started process (PID=2188) to work on /home/airflow/sandbox/lib/python3.8/site-packages/airflow/example_dags/example_external_task_marker_dag.py
[2021-07-14 23:55:00,064] {scheduler_job.py:633} INFO - Processing file /home/airflow/sandbox/lib/python3.8/site-packages/airflow/example_dags/example_external_task_marker_dag.py for tasks to queue
[2021-07-14 23:55:00,065] {logging_mixin.py:104} INFO - [2021-07-14 23:55:00,065] {dagbag.py:487} INFO - Filling up the DagBag from /home/airflow/sandbox/lib/python3.8/site-packages/airflow/example_dags/example_external_task_marker_dag.py
[2021-07-14 23:55:00,076] {scheduler_job.py:643} INFO - DAG(s) dict_keys(['example_external_task_marker_parent', 'example_external_task_marker_child']) retrieved from /home/airflow/sandbox/lib/python3.8/site-packages/airflow/example_dags/example_external_task_marker_dag.py
[2021-07-14 23:55:00,309] {logging_mixin.py:104} INFO - [2021-07-14 23:55:00,309] {dag.py:1832} INFO - Sync 2 DAGs
[2021-07-14 23:55:00,324] {logging_mixin.py:104} INFO - [2021-07-14 23:55:00,324] {dag.py:2305} INFO - Setting next_dagrun for example_external_task_marker_child to None
[2021-07-14 23:55:00,325] {logging_mixin.py:104} INFO - [2021-07-14 23:55:00,324] {dag.py:2305} INFO - Setting next_dagrun for example_external_task_marker_parent to None
[2021-07-14 23:55:00,346] {scheduler_job.py:190} INFO - Processing /home/airflow/sandbox/lib/python3.8/site-packages/airflow/example_dags/example_external_task_marker_dag.py took 0.287 seconds
[2021-07-14 23:56:04,395] {scheduler_job.py:182} INFO - Started process (PID=2260) to work on /home/airflow/sandbox/lib/python3.8/site-packages/airflow/example_dags/example_external_task_marker_dag.py
[2021-07-14 23:56:04,396] {scheduler_job.py:633} INFO - Processing file /home/airflow/sandbox/lib/python3.8/site-packages/airflow/example_dags/example_external_task_marker_dag.py for tasks to queue
[2021-07-14 23:56:04,397] {logging_mixin.py:104} INFO - [2021-07-14 23:56:04,397] {dagbag.py:487} INFO - Filling up the DagBag from /home/airflow/sandbox/lib/python3.8/site-packages/airflow/example_dags/example_external_task_marker_dag.py
[2021-07-14 23:56:04,406] {scheduler_job.py:643} INFO - DAG(s) dict_keys(['example_external_task_marker_parent', 'example_external_task_marker_child']) retrieved from /home/airflow/sandbox/lib/python3.8/site-packages/airflow/example_dags/example_external_task_marker_dag.py
[2021-07-14 23:56:04,608] {logging_mixin.py:104} INFO - [2021-07-14 23:56:04,608] {dag.py:1832} INFO - Sync 2 DAGs
[2021-07-14 23:56:04,620] {logging_mixin.py:104} INFO - [2021-07-14 23:56:04,620] {dag.py:2305} INFO - Setting next_dagrun for example_external_task_marker_child to None
[2021-07-14 23:56:04,621] {logging_mixin.py:104} INFO - [2021-07-14 23:56:04,621] {dag.py:2305} INFO - Setting next_dagrun for example_external_task_marker_parent to None
[2021-07-14 23:56:04,640] {scheduler_job.py:190} INFO - Processing /home/airflow/sandbox/lib/python3.8/site-packages/airflow/example_dags/example_external_task_marker_dag.py took 0.248 seconds
[2021-07-14 23:56:38,069] {scheduler_job.py:182} INFO - Started process (PID=2291) to work on /home/airflow/sandbox/lib/python3.8/site-packages/airflow/example_dags/example_external_task_marker_dag.py
[2021-07-14 23:56:38,093] {scheduler_job.py:633} INFO - Processing file /home/airflow/sandbox/lib/python3.8/site-packages/airflow/example_dags/example_external_task_marker_dag.py for tasks to queue
[2021-07-14 23:56:38,112] {logging_mixin.py:104} INFO - [2021-07-14 23:56:38,110] {dagbag.py:487} INFO - Filling up the DagBag from /home/airflow/sandbox/lib/python3.8/site-packages/airflow/example_dags/example_external_task_marker_dag.py
[2021-07-14 23:56:38,247] {scheduler_job.py:643} INFO - DAG(s) dict_keys(['example_external_task_marker_parent', 'example_external_task_marker_child']) retrieved from /home/airflow/sandbox/lib/python3.8/site-packages/airflow/example_dags/example_external_task_marker_dag.py
[2021-07-14 23:56:38,476] {logging_mixin.py:104} INFO - [2021-07-14 23:56:38,470] {dag.py:1832} INFO - Sync 2 DAGs
[2021-07-14 23:56:38,500] {logging_mixin.py:104} INFO - [2021-07-14 23:56:38,500] {dag.py:2305} INFO - Setting next_dagrun for example_external_task_marker_child to None
[2021-07-14 23:56:38,502] {logging_mixin.py:104} INFO - [2021-07-14 23:56:38,501] {dag.py:2305} INFO - Setting next_dagrun for example_external_task_marker_parent to None
[2021-07-14 23:56:38,524] {scheduler_job.py:190} INFO - Processing /home/airflow/sandbox/lib/python3.8/site-packages/airflow/example_dags/example_external_task_marker_dag.py took 0.485 seconds
[2021-07-14 23:57:11,593] {scheduler_job.py:182} INFO - Started process (PID=2323) to work on /home/airflow/sandbox/lib/python3.8/site-packages/airflow/example_dags/example_external_task_marker_dag.py
[2021-07-14 23:57:11,594] {scheduler_job.py:633} INFO - Processing file /home/airflow/sandbox/lib/python3.8/site-packages/airflow/example_dags/example_external_task_marker_dag.py for tasks to queue
[2021-07-14 23:57:11,595] {logging_mixin.py:104} INFO - [2021-07-14 23:57:11,595] {dagbag.py:487} INFO - Filling up the DagBag from /home/airflow/sandbox/lib/python3.8/site-packages/airflow/example_dags/example_external_task_marker_dag.py
[2021-07-14 23:57:11,605] {scheduler_job.py:643} INFO - DAG(s) dict_keys(['example_external_task_marker_parent', 'example_external_task_marker_child']) retrieved from /home/airflow/sandbox/lib/python3.8/site-packages/airflow/example_dags/example_external_task_marker_dag.py
[2021-07-14 23:57:11,904] {logging_mixin.py:104} INFO - [2021-07-14 23:57:11,904] {dag.py:1832} INFO - Sync 2 DAGs
[2021-07-14 23:57:11,916] {logging_mixin.py:104} INFO - [2021-07-14 23:57:11,916] {dag.py:2305} INFO - Setting next_dagrun for example_external_task_marker_child to None
[2021-07-14 23:57:11,917] {logging_mixin.py:104} INFO - [2021-07-14 23:57:11,917] {dag.py:2305} INFO - Setting next_dagrun for example_external_task_marker_parent to None
[2021-07-14 23:57:11,938] {scheduler_job.py:190} INFO - Processing /home/airflow/sandbox/lib/python3.8/site-packages/airflow/example_dags/example_external_task_marker_dag.py took 0.347 seconds
[2021-07-14 23:57:43,908] {scheduler_job.py:182} INFO - Started process (PID=2354) to work on /home/airflow/sandbox/lib/python3.8/site-packages/airflow/example_dags/example_external_task_marker_dag.py
[2021-07-14 23:57:43,909] {scheduler_job.py:633} INFO - Processing file /home/airflow/sandbox/lib/python3.8/site-packages/airflow/example_dags/example_external_task_marker_dag.py for tasks to queue
[2021-07-14 23:57:43,909] {logging_mixin.py:104} INFO - [2021-07-14 23:57:43,909] {dagbag.py:487} INFO - Filling up the DagBag from /home/airflow/sandbox/lib/python3.8/site-packages/airflow/example_dags/example_external_task_marker_dag.py
[2021-07-14 23:57:43,920] {scheduler_job.py:643} INFO - DAG(s) dict_keys(['example_external_task_marker_parent', 'example_external_task_marker_child']) retrieved from /home/airflow/sandbox/lib/python3.8/site-packages/airflow/example_dags/example_external_task_marker_dag.py
[2021-07-14 23:57:44,149] {logging_mixin.py:104} INFO - [2021-07-14 23:57:44,149] {dag.py:1832} INFO - Sync 2 DAGs
[2021-07-14 23:57:44,161] {logging_mixin.py:104} INFO - [2021-07-14 23:57:44,161] {dag.py:2305} INFO - Setting next_dagrun for example_external_task_marker_child to None
[2021-07-14 23:57:44,162] {logging_mixin.py:104} INFO - [2021-07-14 23:57:44,162] {dag.py:2305} INFO - Setting next_dagrun for example_external_task_marker_parent to None
[2021-07-14 23:57:44,182] {scheduler_job.py:190} INFO - Processing /home/airflow/sandbox/lib/python3.8/site-packages/airflow/example_dags/example_external_task_marker_dag.py took 0.277 seconds
[2021-07-14 23:58:16,373] {scheduler_job.py:182} INFO - Started process (PID=2385) to work on /home/airflow/sandbox/lib/python3.8/site-packages/airflow/example_dags/example_external_task_marker_dag.py
[2021-07-14 23:58:16,374] {scheduler_job.py:633} INFO - Processing file /home/airflow/sandbox/lib/python3.8/site-packages/airflow/example_dags/example_external_task_marker_dag.py for tasks to queue
[2021-07-14 23:58:16,375] {logging_mixin.py:104} INFO - [2021-07-14 23:58:16,375] {dagbag.py:487} INFO - Filling up the DagBag from /home/airflow/sandbox/lib/python3.8/site-packages/airflow/example_dags/example_external_task_marker_dag.py
[2021-07-14 23:58:16,385] {scheduler_job.py:643} INFO - DAG(s) dict_keys(['example_external_task_marker_parent', 'example_external_task_marker_child']) retrieved from /home/airflow/sandbox/lib/python3.8/site-packages/airflow/example_dags/example_external_task_marker_dag.py
[2021-07-14 23:58:16,617] {logging_mixin.py:104} INFO - [2021-07-14 23:58:16,617] {dag.py:1832} INFO - Sync 2 DAGs
[2021-07-14 23:58:16,629] {logging_mixin.py:104} INFO - [2021-07-14 23:58:16,629] {dag.py:2305} INFO - Setting next_dagrun for example_external_task_marker_child to None
[2021-07-14 23:58:16,630] {logging_mixin.py:104} INFO - [2021-07-14 23:58:16,630] {dag.py:2305} INFO - Setting next_dagrun for example_external_task_marker_parent to None
[2021-07-14 23:58:16,644] {scheduler_job.py:190} INFO - Processing /home/airflow/sandbox/lib/python3.8/site-packages/airflow/example_dags/example_external_task_marker_dag.py took 0.275 seconds
[2021-07-14 23:58:47,457] {scheduler_job.py:182} INFO - Started process (PID=2416) to work on /home/airflow/sandbox/lib/python3.8/site-packages/airflow/example_dags/example_external_task_marker_dag.py
[2021-07-14 23:58:47,457] {scheduler_job.py:633} INFO - Processing file /home/airflow/sandbox/lib/python3.8/site-packages/airflow/example_dags/example_external_task_marker_dag.py for tasks to queue
[2021-07-14 23:58:47,458] {logging_mixin.py:104} INFO - [2021-07-14 23:58:47,458] {dagbag.py:487} INFO - Filling up the DagBag from /home/airflow/sandbox/lib/python3.8/site-packages/airflow/example_dags/example_external_task_marker_dag.py
[2021-07-14 23:58:47,466] {scheduler_job.py:643} INFO - DAG(s) dict_keys(['example_external_task_marker_parent', 'example_external_task_marker_child']) retrieved from /home/airflow/sandbox/lib/python3.8/site-packages/airflow/example_dags/example_external_task_marker_dag.py
[2021-07-14 23:58:47,633] {logging_mixin.py:104} INFO - [2021-07-14 23:58:47,633] {dag.py:1832} INFO - Sync 2 DAGs
[2021-07-14 23:58:47,640] {logging_mixin.py:104} INFO - [2021-07-14 23:58:47,640] {dag.py:2305} INFO - Setting next_dagrun for example_external_task_marker_child to None
[2021-07-14 23:58:47,640] {logging_mixin.py:104} INFO - [2021-07-14 23:58:47,640] {dag.py:2305} INFO - Setting next_dagrun for example_external_task_marker_parent to None
[2021-07-14 23:58:47,658] {scheduler_job.py:190} INFO - Processing /home/airflow/sandbox/lib/python3.8/site-packages/airflow/example_dags/example_external_task_marker_dag.py took 0.204 seconds
[2021-07-14 23:59:18,506] {scheduler_job.py:182} INFO - Started process (PID=2447) to work on /home/airflow/sandbox/lib/python3.8/site-packages/airflow/example_dags/example_external_task_marker_dag.py
[2021-07-14 23:59:18,507] {scheduler_job.py:633} INFO - Processing file /home/airflow/sandbox/lib/python3.8/site-packages/airflow/example_dags/example_external_task_marker_dag.py for tasks to queue
[2021-07-14 23:59:18,507] {logging_mixin.py:104} INFO - [2021-07-14 23:59:18,507] {dagbag.py:487} INFO - Filling up the DagBag from /home/airflow/sandbox/lib/python3.8/site-packages/airflow/example_dags/example_external_task_marker_dag.py
[2021-07-14 23:59:18,515] {scheduler_job.py:643} INFO - DAG(s) dict_keys(['example_external_task_marker_parent', 'example_external_task_marker_child']) retrieved from /home/airflow/sandbox/lib/python3.8/site-packages/airflow/example_dags/example_external_task_marker_dag.py
[2021-07-14 23:59:18,527] {logging_mixin.py:104} INFO - [2021-07-14 23:59:18,527] {dag.py:1832} INFO - Sync 2 DAGs
[2021-07-14 23:59:18,536] {logging_mixin.py:104} INFO - [2021-07-14 23:59:18,536] {dag.py:2305} INFO - Setting next_dagrun for example_external_task_marker_child to None
[2021-07-14 23:59:18,537] {logging_mixin.py:104} INFO - [2021-07-14 23:59:18,536] {dag.py:2305} INFO - Setting next_dagrun for example_external_task_marker_parent to None
[2021-07-14 23:59:18,554] {scheduler_job.py:190} INFO - Processing /home/airflow/sandbox/lib/python3.8/site-packages/airflow/example_dags/example_external_task_marker_dag.py took 0.050 seconds
[2021-07-14 23:59:50,485] {scheduler_job.py:182} INFO - Started process (PID=2480) to work on /home/airflow/sandbox/lib/python3.8/site-packages/airflow/example_dags/example_external_task_marker_dag.py
[2021-07-14 23:59:50,485] {scheduler_job.py:633} INFO - Processing file /home/airflow/sandbox/lib/python3.8/site-packages/airflow/example_dags/example_external_task_marker_dag.py for tasks to queue
[2021-07-14 23:59:50,486] {logging_mixin.py:104} INFO - [2021-07-14 23:59:50,486] {dagbag.py:487} INFO - Filling up the DagBag from /home/airflow/sandbox/lib/python3.8/site-packages/airflow/example_dags/example_external_task_marker_dag.py
[2021-07-14 23:59:50,494] {scheduler_job.py:643} INFO - DAG(s) dict_keys(['example_external_task_marker_parent', 'example_external_task_marker_child']) retrieved from /home/airflow/sandbox/lib/python3.8/site-packages/airflow/example_dags/example_external_task_marker_dag.py
[2021-07-14 23:59:50,659] {logging_mixin.py:104} INFO - [2021-07-14 23:59:50,659] {dag.py:1832} INFO - Sync 2 DAGs
[2021-07-14 23:59:50,666] {logging_mixin.py:104} INFO - [2021-07-14 23:59:50,666] {dag.py:2305} INFO - Setting next_dagrun for example_external_task_marker_child to None
[2021-07-14 23:59:50,666] {logging_mixin.py:104} INFO - [2021-07-14 23:59:50,666] {dag.py:2305} INFO - Setting next_dagrun for example_external_task_marker_parent to None
[2021-07-14 23:59:50,685] {scheduler_job.py:190} INFO - Processing /home/airflow/sandbox/lib/python3.8/site-packages/airflow/example_dags/example_external_task_marker_dag.py took 0.203 seconds
