[2021-07-14 23:03:09,526] {scheduler_job.py:182} INFO - Started process (PID=1595) to work on /home/airflow/sandbox/lib/python3.8/site-packages/airflow/example_dags/example_xcom.py
[2021-07-14 23:03:09,527] {scheduler_job.py:633} INFO - Processing file /home/airflow/sandbox/lib/python3.8/site-packages/airflow/example_dags/example_xcom.py for tasks to queue
[2021-07-14 23:03:09,528] {logging_mixin.py:104} INFO - [2021-07-14 23:03:09,528] {dagbag.py:487} INFO - Filling up the DagBag from /home/airflow/sandbox/lib/python3.8/site-packages/airflow/example_dags/example_xcom.py
[2021-07-14 23:03:09,549] {scheduler_job.py:643} INFO - DAG(s) dict_keys(['example_xcom']) retrieved from /home/airflow/sandbox/lib/python3.8/site-packages/airflow/example_dags/example_xcom.py
[2021-07-14 23:03:09,562] {logging_mixin.py:104} INFO - [2021-07-14 23:03:09,562] {dag.py:1832} INFO - Sync 1 DAGs
[2021-07-14 23:03:09,579] {logging_mixin.py:104} INFO - [2021-07-14 23:03:09,579] {dag.py:2305} INFO - Setting next_dagrun for example_xcom to 2021-07-12 00:00:00+00:00
[2021-07-14 23:03:09,605] {scheduler_job.py:190} INFO - Processing /home/airflow/sandbox/lib/python3.8/site-packages/airflow/example_dags/example_xcom.py took 0.081 seconds
[2021-07-14 23:03:49,432] {scheduler_job.py:182} INFO - Started process (PID=1642) to work on /home/airflow/sandbox/lib/python3.8/site-packages/airflow/example_dags/example_xcom.py
[2021-07-14 23:03:49,433] {scheduler_job.py:633} INFO - Processing file /home/airflow/sandbox/lib/python3.8/site-packages/airflow/example_dags/example_xcom.py for tasks to queue
[2021-07-14 23:03:49,434] {logging_mixin.py:104} INFO - [2021-07-14 23:03:49,434] {dagbag.py:487} INFO - Filling up the DagBag from /home/airflow/sandbox/lib/python3.8/site-packages/airflow/example_dags/example_xcom.py
[2021-07-14 23:03:49,448] {scheduler_job.py:643} INFO - DAG(s) dict_keys(['example_xcom']) retrieved from /home/airflow/sandbox/lib/python3.8/site-packages/airflow/example_dags/example_xcom.py
[2021-07-14 23:03:49,463] {logging_mixin.py:104} INFO - [2021-07-14 23:03:49,463] {dag.py:1832} INFO - Sync 1 DAGs
[2021-07-14 23:03:49,472] {logging_mixin.py:104} INFO - [2021-07-14 23:03:49,472] {dag.py:2305} INFO - Setting next_dagrun for example_xcom to 2021-07-12 00:00:00+00:00
[2021-07-14 23:03:49,497] {scheduler_job.py:190} INFO - Processing /home/airflow/sandbox/lib/python3.8/site-packages/airflow/example_dags/example_xcom.py took 0.068 seconds
[2021-07-14 23:04:35,890] {scheduler_job.py:182} INFO - Started process (PID=1698) to work on /home/airflow/sandbox/lib/python3.8/site-packages/airflow/example_dags/example_xcom.py
[2021-07-14 23:04:35,898] {scheduler_job.py:633} INFO - Processing file /home/airflow/sandbox/lib/python3.8/site-packages/airflow/example_dags/example_xcom.py for tasks to queue
[2021-07-14 23:04:35,904] {logging_mixin.py:104} INFO - [2021-07-14 23:04:35,904] {dagbag.py:487} INFO - Filling up the DagBag from /home/airflow/sandbox/lib/python3.8/site-packages/airflow/example_dags/example_xcom.py
[2021-07-14 23:04:36,091] {scheduler_job.py:643} INFO - DAG(s) dict_keys(['example_xcom']) retrieved from /home/airflow/sandbox/lib/python3.8/site-packages/airflow/example_dags/example_xcom.py
[2021-07-14 23:04:36,218] {logging_mixin.py:104} INFO - [2021-07-14 23:04:36,217] {dag.py:1832} INFO - Sync 1 DAGs
[2021-07-14 23:04:36,295] {logging_mixin.py:104} INFO - [2021-07-14 23:04:36,286] {dag.py:2305} INFO - Setting next_dagrun for example_xcom to 2021-07-12 00:00:00+00:00
[2021-07-14 23:04:36,446] {scheduler_job.py:190} INFO - Processing /home/airflow/sandbox/lib/python3.8/site-packages/airflow/example_dags/example_xcom.py took 0.569 seconds
[2021-07-14 23:04:49,885] {scheduler_job.py:182} INFO - Started process (PID=1726) to work on /home/airflow/sandbox/lib/python3.8/site-packages/airflow/example_dags/example_xcom.py
[2021-07-14 23:04:49,894] {scheduler_job.py:633} INFO - Processing file /home/airflow/sandbox/lib/python3.8/site-packages/airflow/example_dags/example_xcom.py for tasks to queue
[2021-07-14 23:04:49,897] {logging_mixin.py:104} INFO - [2021-07-14 23:04:49,897] {dagbag.py:487} INFO - Filling up the DagBag from /home/airflow/sandbox/lib/python3.8/site-packages/airflow/example_dags/example_xcom.py
[2021-07-14 23:04:49,983] {scheduler_job.py:643} INFO - DAG(s) dict_keys(['example_xcom']) retrieved from /home/airflow/sandbox/lib/python3.8/site-packages/airflow/example_dags/example_xcom.py
[2021-07-14 23:04:50,053] {logging_mixin.py:104} INFO - [2021-07-14 23:04:50,053] {dag.py:1832} INFO - Sync 1 DAGs
[2021-07-14 23:04:50,101] {logging_mixin.py:104} INFO - [2021-07-14 23:04:50,101] {dag.py:2305} INFO - Setting next_dagrun for example_xcom to 2021-07-12 00:00:00+00:00
[2021-07-14 23:04:50,142] {scheduler_job.py:190} INFO - Processing /home/airflow/sandbox/lib/python3.8/site-packages/airflow/example_dags/example_xcom.py took 0.277 seconds
[2021-07-14 23:05:27,732] {scheduler_job.py:182} INFO - Started process (PID=1778) to work on /home/airflow/sandbox/lib/python3.8/site-packages/airflow/example_dags/example_xcom.py
[2021-07-14 23:05:27,734] {scheduler_job.py:633} INFO - Processing file /home/airflow/sandbox/lib/python3.8/site-packages/airflow/example_dags/example_xcom.py for tasks to queue
[2021-07-14 23:05:27,735] {logging_mixin.py:104} INFO - [2021-07-14 23:05:27,735] {dagbag.py:487} INFO - Filling up the DagBag from /home/airflow/sandbox/lib/python3.8/site-packages/airflow/example_dags/example_xcom.py
[2021-07-14 23:05:27,753] {scheduler_job.py:643} INFO - DAG(s) dict_keys(['example_xcom']) retrieved from /home/airflow/sandbox/lib/python3.8/site-packages/airflow/example_dags/example_xcom.py
[2021-07-14 23:05:27,775] {logging_mixin.py:104} INFO - [2021-07-14 23:05:27,775] {dag.py:1832} INFO - Sync 1 DAGs
[2021-07-14 23:05:27,803] {logging_mixin.py:104} INFO - [2021-07-14 23:05:27,803] {dag.py:2305} INFO - Setting next_dagrun for example_xcom to 2021-07-12 00:00:00+00:00
[2021-07-14 23:05:27,823] {scheduler_job.py:190} INFO - Processing /home/airflow/sandbox/lib/python3.8/site-packages/airflow/example_dags/example_xcom.py took 0.098 seconds
[2021-07-14 23:05:33,652] {scheduler_job.py:182} INFO - Started process (PID=1789) to work on /home/airflow/sandbox/lib/python3.8/site-packages/airflow/example_dags/example_xcom.py
[2021-07-14 23:05:33,653] {scheduler_job.py:633} INFO - Processing file /home/airflow/sandbox/lib/python3.8/site-packages/airflow/example_dags/example_xcom.py for tasks to queue
[2021-07-14 23:05:33,654] {logging_mixin.py:104} INFO - [2021-07-14 23:05:33,654] {dagbag.py:487} INFO - Filling up the DagBag from /home/airflow/sandbox/lib/python3.8/site-packages/airflow/example_dags/example_xcom.py
[2021-07-14 23:05:33,674] {scheduler_job.py:643} INFO - DAG(s) dict_keys(['example_xcom']) retrieved from /home/airflow/sandbox/lib/python3.8/site-packages/airflow/example_dags/example_xcom.py
[2021-07-14 23:05:33,694] {logging_mixin.py:104} INFO - [2021-07-14 23:05:33,694] {dag.py:1832} INFO - Sync 1 DAGs
[2021-07-14 23:05:33,709] {logging_mixin.py:104} INFO - [2021-07-14 23:05:33,709] {dag.py:2305} INFO - Setting next_dagrun for example_xcom to 2021-07-12 00:00:00+00:00
[2021-07-14 23:05:33,724] {scheduler_job.py:190} INFO - Processing /home/airflow/sandbox/lib/python3.8/site-packages/airflow/example_dags/example_xcom.py took 0.078 seconds
[2021-07-14 23:06:02,856] {scheduler_job.py:182} INFO - Started process (PID=1842) to work on /home/airflow/sandbox/lib/python3.8/site-packages/airflow/example_dags/example_xcom.py
[2021-07-14 23:06:02,857] {scheduler_job.py:633} INFO - Processing file /home/airflow/sandbox/lib/python3.8/site-packages/airflow/example_dags/example_xcom.py for tasks to queue
[2021-07-14 23:06:02,857] {logging_mixin.py:104} INFO - [2021-07-14 23:06:02,857] {dagbag.py:487} INFO - Filling up the DagBag from /home/airflow/sandbox/lib/python3.8/site-packages/airflow/example_dags/example_xcom.py
[2021-07-14 23:06:02,868] {scheduler_job.py:643} INFO - DAG(s) dict_keys(['example_xcom']) retrieved from /home/airflow/sandbox/lib/python3.8/site-packages/airflow/example_dags/example_xcom.py
[2021-07-14 23:06:02,880] {logging_mixin.py:104} INFO - [2021-07-14 23:06:02,880] {dag.py:1832} INFO - Sync 1 DAGs
[2021-07-14 23:06:02,891] {logging_mixin.py:104} INFO - [2021-07-14 23:06:02,890] {dag.py:2305} INFO - Setting next_dagrun for example_xcom to 2021-07-12 00:00:00+00:00
[2021-07-14 23:06:02,908] {scheduler_job.py:190} INFO - Processing /home/airflow/sandbox/lib/python3.8/site-packages/airflow/example_dags/example_xcom.py took 0.054 seconds
[2021-07-14 23:06:06,224] {scheduler_job.py:182} INFO - Started process (PID=1849) to work on /home/airflow/sandbox/lib/python3.8/site-packages/airflow/example_dags/example_xcom.py
[2021-07-14 23:06:06,225] {scheduler_job.py:633} INFO - Processing file /home/airflow/sandbox/lib/python3.8/site-packages/airflow/example_dags/example_xcom.py for tasks to queue
[2021-07-14 23:06:06,226] {logging_mixin.py:104} INFO - [2021-07-14 23:06:06,226] {dagbag.py:487} INFO - Filling up the DagBag from /home/airflow/sandbox/lib/python3.8/site-packages/airflow/example_dags/example_xcom.py
[2021-07-14 23:06:06,254] {scheduler_job.py:643} INFO - DAG(s) dict_keys(['example_xcom']) retrieved from /home/airflow/sandbox/lib/python3.8/site-packages/airflow/example_dags/example_xcom.py
[2021-07-14 23:06:06,272] {logging_mixin.py:104} INFO - [2021-07-14 23:06:06,272] {dag.py:1832} INFO - Sync 1 DAGs
[2021-07-14 23:06:06,285] {logging_mixin.py:104} INFO - [2021-07-14 23:06:06,285] {dag.py:2305} INFO - Setting next_dagrun for example_xcom to 2021-07-12 00:00:00+00:00
[2021-07-14 23:06:06,304] {scheduler_job.py:190} INFO - Processing /home/airflow/sandbox/lib/python3.8/site-packages/airflow/example_dags/example_xcom.py took 0.087 seconds
[2021-07-14 23:06:36,783] {scheduler_job.py:182} INFO - Started process (PID=1903) to work on /home/airflow/sandbox/lib/python3.8/site-packages/airflow/example_dags/example_xcom.py
[2021-07-14 23:06:36,784] {scheduler_job.py:633} INFO - Processing file /home/airflow/sandbox/lib/python3.8/site-packages/airflow/example_dags/example_xcom.py for tasks to queue
[2021-07-14 23:06:36,785] {logging_mixin.py:104} INFO - [2021-07-14 23:06:36,785] {dagbag.py:487} INFO - Filling up the DagBag from /home/airflow/sandbox/lib/python3.8/site-packages/airflow/example_dags/example_xcom.py
[2021-07-14 23:06:36,796] {scheduler_job.py:643} INFO - DAG(s) dict_keys(['example_xcom']) retrieved from /home/airflow/sandbox/lib/python3.8/site-packages/airflow/example_dags/example_xcom.py
[2021-07-14 23:06:36,811] {logging_mixin.py:104} INFO - [2021-07-14 23:06:36,811] {dag.py:1832} INFO - Sync 1 DAGs
[2021-07-14 23:06:36,822] {logging_mixin.py:104} INFO - [2021-07-14 23:06:36,822] {dag.py:2305} INFO - Setting next_dagrun for example_xcom to 2021-07-12 00:00:00+00:00
[2021-07-14 23:06:36,833] {scheduler_job.py:190} INFO - Processing /home/airflow/sandbox/lib/python3.8/site-packages/airflow/example_dags/example_xcom.py took 0.053 seconds
[2021-07-14 23:06:41,751] {scheduler_job.py:182} INFO - Started process (PID=1912) to work on /home/airflow/sandbox/lib/python3.8/site-packages/airflow/example_dags/example_xcom.py
[2021-07-14 23:06:41,752] {scheduler_job.py:633} INFO - Processing file /home/airflow/sandbox/lib/python3.8/site-packages/airflow/example_dags/example_xcom.py for tasks to queue
[2021-07-14 23:06:41,752] {logging_mixin.py:104} INFO - [2021-07-14 23:06:41,752] {dagbag.py:487} INFO - Filling up the DagBag from /home/airflow/sandbox/lib/python3.8/site-packages/airflow/example_dags/example_xcom.py
[2021-07-14 23:06:41,765] {scheduler_job.py:643} INFO - DAG(s) dict_keys(['example_xcom']) retrieved from /home/airflow/sandbox/lib/python3.8/site-packages/airflow/example_dags/example_xcom.py
[2021-07-14 23:06:41,780] {logging_mixin.py:104} INFO - [2021-07-14 23:06:41,780] {dag.py:1832} INFO - Sync 1 DAGs
[2021-07-14 23:06:41,791] {logging_mixin.py:104} INFO - [2021-07-14 23:06:41,791] {dag.py:2305} INFO - Setting next_dagrun for example_xcom to 2021-07-12 00:00:00+00:00
[2021-07-14 23:06:41,811] {scheduler_job.py:190} INFO - Processing /home/airflow/sandbox/lib/python3.8/site-packages/airflow/example_dags/example_xcom.py took 0.063 seconds
[2021-07-14 23:07:20,639] {scheduler_job.py:182} INFO - Started process (PID=1976) to work on /home/airflow/sandbox/lib/python3.8/site-packages/airflow/example_dags/example_xcom.py
[2021-07-14 23:07:20,640] {scheduler_job.py:633} INFO - Processing file /home/airflow/sandbox/lib/python3.8/site-packages/airflow/example_dags/example_xcom.py for tasks to queue
[2021-07-14 23:07:20,641] {logging_mixin.py:104} INFO - [2021-07-14 23:07:20,641] {dagbag.py:487} INFO - Filling up the DagBag from /home/airflow/sandbox/lib/python3.8/site-packages/airflow/example_dags/example_xcom.py
[2021-07-14 23:07:20,649] {scheduler_job.py:643} INFO - DAG(s) dict_keys(['example_xcom']) retrieved from /home/airflow/sandbox/lib/python3.8/site-packages/airflow/example_dags/example_xcom.py
[2021-07-14 23:07:20,660] {logging_mixin.py:104} INFO - [2021-07-14 23:07:20,660] {dag.py:1832} INFO - Sync 1 DAGs
[2021-07-14 23:07:20,668] {logging_mixin.py:104} INFO - [2021-07-14 23:07:20,668] {dag.py:2305} INFO - Setting next_dagrun for example_xcom to 2021-07-12 00:00:00+00:00
[2021-07-14 23:07:20,678] {scheduler_job.py:190} INFO - Processing /home/airflow/sandbox/lib/python3.8/site-packages/airflow/example_dags/example_xcom.py took 0.041 seconds
[2021-07-14 23:07:23,750] {scheduler_job.py:182} INFO - Started process (PID=1981) to work on /home/airflow/sandbox/lib/python3.8/site-packages/airflow/example_dags/example_xcom.py
[2021-07-14 23:07:23,750] {scheduler_job.py:633} INFO - Processing file /home/airflow/sandbox/lib/python3.8/site-packages/airflow/example_dags/example_xcom.py for tasks to queue
[2021-07-14 23:07:23,751] {logging_mixin.py:104} INFO - [2021-07-14 23:07:23,751] {dagbag.py:487} INFO - Filling up the DagBag from /home/airflow/sandbox/lib/python3.8/site-packages/airflow/example_dags/example_xcom.py
[2021-07-14 23:07:23,760] {scheduler_job.py:643} INFO - DAG(s) dict_keys(['example_xcom']) retrieved from /home/airflow/sandbox/lib/python3.8/site-packages/airflow/example_dags/example_xcom.py
[2021-07-14 23:07:23,771] {logging_mixin.py:104} INFO - [2021-07-14 23:07:23,771] {dag.py:1832} INFO - Sync 1 DAGs
[2021-07-14 23:07:23,780] {logging_mixin.py:104} INFO - [2021-07-14 23:07:23,779] {dag.py:2305} INFO - Setting next_dagrun for example_xcom to 2021-07-12 00:00:00+00:00
[2021-07-14 23:07:23,789] {scheduler_job.py:190} INFO - Processing /home/airflow/sandbox/lib/python3.8/site-packages/airflow/example_dags/example_xcom.py took 0.042 seconds
[2021-07-14 23:07:52,188] {scheduler_job.py:182} INFO - Started process (PID=2040) to work on /home/airflow/sandbox/lib/python3.8/site-packages/airflow/example_dags/example_xcom.py
[2021-07-14 23:07:52,189] {scheduler_job.py:633} INFO - Processing file /home/airflow/sandbox/lib/python3.8/site-packages/airflow/example_dags/example_xcom.py for tasks to queue
[2021-07-14 23:07:52,189] {logging_mixin.py:104} INFO - [2021-07-14 23:07:52,189] {dagbag.py:487} INFO - Filling up the DagBag from /home/airflow/sandbox/lib/python3.8/site-packages/airflow/example_dags/example_xcom.py
[2021-07-14 23:07:52,199] {scheduler_job.py:643} INFO - DAG(s) dict_keys(['example_xcom']) retrieved from /home/airflow/sandbox/lib/python3.8/site-packages/airflow/example_dags/example_xcom.py
[2021-07-14 23:07:52,213] {logging_mixin.py:104} INFO - [2021-07-14 23:07:52,213] {dag.py:1832} INFO - Sync 1 DAGs
[2021-07-14 23:07:52,222] {logging_mixin.py:104} INFO - [2021-07-14 23:07:52,222] {dag.py:2305} INFO - Setting next_dagrun for example_xcom to 2021-07-12 00:00:00+00:00
[2021-07-14 23:07:52,232] {scheduler_job.py:190} INFO - Processing /home/airflow/sandbox/lib/python3.8/site-packages/airflow/example_dags/example_xcom.py took 0.047 seconds
[2021-07-14 23:07:56,214] {scheduler_job.py:182} INFO - Started process (PID=2047) to work on /home/airflow/sandbox/lib/python3.8/site-packages/airflow/example_dags/example_xcom.py
[2021-07-14 23:07:56,215] {scheduler_job.py:633} INFO - Processing file /home/airflow/sandbox/lib/python3.8/site-packages/airflow/example_dags/example_xcom.py for tasks to queue
[2021-07-14 23:07:56,215] {logging_mixin.py:104} INFO - [2021-07-14 23:07:56,215] {dagbag.py:487} INFO - Filling up the DagBag from /home/airflow/sandbox/lib/python3.8/site-packages/airflow/example_dags/example_xcom.py
[2021-07-14 23:07:56,224] {scheduler_job.py:643} INFO - DAG(s) dict_keys(['example_xcom']) retrieved from /home/airflow/sandbox/lib/python3.8/site-packages/airflow/example_dags/example_xcom.py
[2021-07-14 23:07:56,235] {logging_mixin.py:104} INFO - [2021-07-14 23:07:56,235] {dag.py:1832} INFO - Sync 1 DAGs
[2021-07-14 23:07:56,245] {logging_mixin.py:104} INFO - [2021-07-14 23:07:56,245] {dag.py:2305} INFO - Setting next_dagrun for example_xcom to 2021-07-12 00:00:00+00:00
[2021-07-14 23:07:56,255] {scheduler_job.py:190} INFO - Processing /home/airflow/sandbox/lib/python3.8/site-packages/airflow/example_dags/example_xcom.py took 0.045 seconds
[2021-07-14 23:08:24,625] {scheduler_job.py:182} INFO - Started process (PID=2104) to work on /home/airflow/sandbox/lib/python3.8/site-packages/airflow/example_dags/example_xcom.py
[2021-07-14 23:08:24,626] {scheduler_job.py:633} INFO - Processing file /home/airflow/sandbox/lib/python3.8/site-packages/airflow/example_dags/example_xcom.py for tasks to queue
[2021-07-14 23:08:24,626] {logging_mixin.py:104} INFO - [2021-07-14 23:08:24,626] {dagbag.py:487} INFO - Filling up the DagBag from /home/airflow/sandbox/lib/python3.8/site-packages/airflow/example_dags/example_xcom.py
[2021-07-14 23:08:24,644] {scheduler_job.py:643} INFO - DAG(s) dict_keys(['example_xcom']) retrieved from /home/airflow/sandbox/lib/python3.8/site-packages/airflow/example_dags/example_xcom.py
[2021-07-14 23:08:24,673] {logging_mixin.py:104} INFO - [2021-07-14 23:08:24,673] {dag.py:1832} INFO - Sync 1 DAGs
[2021-07-14 23:08:24,682] {logging_mixin.py:104} INFO - [2021-07-14 23:08:24,682] {dag.py:2305} INFO - Setting next_dagrun for example_xcom to 2021-07-12 00:00:00+00:00
[2021-07-14 23:08:24,691] {scheduler_job.py:190} INFO - Processing /home/airflow/sandbox/lib/python3.8/site-packages/airflow/example_dags/example_xcom.py took 0.068 seconds
[2021-07-14 23:08:26,858] {scheduler_job.py:182} INFO - Started process (PID=2107) to work on /home/airflow/sandbox/lib/python3.8/site-packages/airflow/example_dags/example_xcom.py
[2021-07-14 23:08:26,859] {scheduler_job.py:633} INFO - Processing file /home/airflow/sandbox/lib/python3.8/site-packages/airflow/example_dags/example_xcom.py for tasks to queue
[2021-07-14 23:08:26,860] {logging_mixin.py:104} INFO - [2021-07-14 23:08:26,860] {dagbag.py:487} INFO - Filling up the DagBag from /home/airflow/sandbox/lib/python3.8/site-packages/airflow/example_dags/example_xcom.py
[2021-07-14 23:08:26,871] {scheduler_job.py:643} INFO - DAG(s) dict_keys(['example_xcom']) retrieved from /home/airflow/sandbox/lib/python3.8/site-packages/airflow/example_dags/example_xcom.py
[2021-07-14 23:08:26,891] {logging_mixin.py:104} INFO - [2021-07-14 23:08:26,891] {dag.py:1832} INFO - Sync 1 DAGs
[2021-07-14 23:08:26,913] {logging_mixin.py:104} INFO - [2021-07-14 23:08:26,913] {dag.py:2305} INFO - Setting next_dagrun for example_xcom to 2021-07-12 00:00:00+00:00
[2021-07-14 23:08:26,933] {scheduler_job.py:190} INFO - Processing /home/airflow/sandbox/lib/python3.8/site-packages/airflow/example_dags/example_xcom.py took 0.077 seconds
[2021-07-14 23:08:57,872] {scheduler_job.py:182} INFO - Started process (PID=2166) to work on /home/airflow/sandbox/lib/python3.8/site-packages/airflow/example_dags/example_xcom.py
[2021-07-14 23:08:57,872] {scheduler_job.py:633} INFO - Processing file /home/airflow/sandbox/lib/python3.8/site-packages/airflow/example_dags/example_xcom.py for tasks to queue
[2021-07-14 23:08:57,873] {logging_mixin.py:104} INFO - [2021-07-14 23:08:57,873] {dagbag.py:487} INFO - Filling up the DagBag from /home/airflow/sandbox/lib/python3.8/site-packages/airflow/example_dags/example_xcom.py
[2021-07-14 23:08:57,881] {scheduler_job.py:643} INFO - DAG(s) dict_keys(['example_xcom']) retrieved from /home/airflow/sandbox/lib/python3.8/site-packages/airflow/example_dags/example_xcom.py
[2021-07-14 23:08:57,893] {logging_mixin.py:104} INFO - [2021-07-14 23:08:57,893] {dag.py:1832} INFO - Sync 1 DAGs
[2021-07-14 23:08:57,903] {logging_mixin.py:104} INFO - [2021-07-14 23:08:57,903] {dag.py:2305} INFO - Setting next_dagrun for example_xcom to 2021-07-12 00:00:00+00:00
[2021-07-14 23:08:57,919] {scheduler_job.py:190} INFO - Processing /home/airflow/sandbox/lib/python3.8/site-packages/airflow/example_dags/example_xcom.py took 0.050 seconds
[2021-07-14 23:08:59,261] {scheduler_job.py:182} INFO - Started process (PID=2169) to work on /home/airflow/sandbox/lib/python3.8/site-packages/airflow/example_dags/example_xcom.py
[2021-07-14 23:08:59,262] {scheduler_job.py:633} INFO - Processing file /home/airflow/sandbox/lib/python3.8/site-packages/airflow/example_dags/example_xcom.py for tasks to queue
[2021-07-14 23:08:59,262] {logging_mixin.py:104} INFO - [2021-07-14 23:08:59,262] {dagbag.py:487} INFO - Filling up the DagBag from /home/airflow/sandbox/lib/python3.8/site-packages/airflow/example_dags/example_xcom.py
[2021-07-14 23:08:59,271] {scheduler_job.py:643} INFO - DAG(s) dict_keys(['example_xcom']) retrieved from /home/airflow/sandbox/lib/python3.8/site-packages/airflow/example_dags/example_xcom.py
[2021-07-14 23:08:59,281] {logging_mixin.py:104} INFO - [2021-07-14 23:08:59,281] {dag.py:1832} INFO - Sync 1 DAGs
[2021-07-14 23:08:59,291] {logging_mixin.py:104} INFO - [2021-07-14 23:08:59,290] {dag.py:2305} INFO - Setting next_dagrun for example_xcom to 2021-07-12 00:00:00+00:00
[2021-07-14 23:08:59,303] {scheduler_job.py:190} INFO - Processing /home/airflow/sandbox/lib/python3.8/site-packages/airflow/example_dags/example_xcom.py took 0.045 seconds
[2021-07-14 23:09:30,702] {scheduler_job.py:182} INFO - Started process (PID=2230) to work on /home/airflow/sandbox/lib/python3.8/site-packages/airflow/example_dags/example_xcom.py
[2021-07-14 23:09:30,703] {scheduler_job.py:633} INFO - Processing file /home/airflow/sandbox/lib/python3.8/site-packages/airflow/example_dags/example_xcom.py for tasks to queue
[2021-07-14 23:09:30,704] {logging_mixin.py:104} INFO - [2021-07-14 23:09:30,704] {dagbag.py:487} INFO - Filling up the DagBag from /home/airflow/sandbox/lib/python3.8/site-packages/airflow/example_dags/example_xcom.py
[2021-07-14 23:09:30,714] {scheduler_job.py:643} INFO - DAG(s) dict_keys(['example_xcom']) retrieved from /home/airflow/sandbox/lib/python3.8/site-packages/airflow/example_dags/example_xcom.py
[2021-07-14 23:09:30,733] {logging_mixin.py:104} INFO - [2021-07-14 23:09:30,733] {dag.py:1832} INFO - Sync 1 DAGs
[2021-07-14 23:09:30,744] {logging_mixin.py:104} INFO - [2021-07-14 23:09:30,744] {dag.py:2305} INFO - Setting next_dagrun for example_xcom to 2021-07-12 00:00:00+00:00
[2021-07-14 23:09:30,757] {scheduler_job.py:190} INFO - Processing /home/airflow/sandbox/lib/python3.8/site-packages/airflow/example_dags/example_xcom.py took 0.059 seconds
[2021-07-14 23:09:30,943] {scheduler_job.py:182} INFO - Started process (PID=2231) to work on /home/airflow/sandbox/lib/python3.8/site-packages/airflow/example_dags/example_xcom.py
[2021-07-14 23:09:30,944] {scheduler_job.py:633} INFO - Processing file /home/airflow/sandbox/lib/python3.8/site-packages/airflow/example_dags/example_xcom.py for tasks to queue
[2021-07-14 23:09:30,945] {logging_mixin.py:104} INFO - [2021-07-14 23:09:30,944] {dagbag.py:487} INFO - Filling up the DagBag from /home/airflow/sandbox/lib/python3.8/site-packages/airflow/example_dags/example_xcom.py
[2021-07-14 23:09:30,959] {scheduler_job.py:643} INFO - DAG(s) dict_keys(['example_xcom']) retrieved from /home/airflow/sandbox/lib/python3.8/site-packages/airflow/example_dags/example_xcom.py
[2021-07-14 23:09:30,973] {logging_mixin.py:104} INFO - [2021-07-14 23:09:30,973] {dag.py:1832} INFO - Sync 1 DAGs
[2021-07-14 23:09:30,984] {logging_mixin.py:104} INFO - [2021-07-14 23:09:30,984] {dag.py:2305} INFO - Setting next_dagrun for example_xcom to 2021-07-12 00:00:00+00:00
[2021-07-14 23:09:31,004] {scheduler_job.py:190} INFO - Processing /home/airflow/sandbox/lib/python3.8/site-packages/airflow/example_dags/example_xcom.py took 0.064 seconds
[2021-07-14 23:10:03,098] {scheduler_job.py:182} INFO - Started process (PID=2294) to work on /home/airflow/sandbox/lib/python3.8/site-packages/airflow/example_dags/example_xcom.py
[2021-07-14 23:10:03,099] {scheduler_job.py:633} INFO - Processing file /home/airflow/sandbox/lib/python3.8/site-packages/airflow/example_dags/example_xcom.py for tasks to queue
[2021-07-14 23:10:03,100] {logging_mixin.py:104} INFO - [2021-07-14 23:10:03,099] {dagbag.py:487} INFO - Filling up the DagBag from /home/airflow/sandbox/lib/python3.8/site-packages/airflow/example_dags/example_xcom.py
[2021-07-14 23:10:03,116] {scheduler_job.py:643} INFO - DAG(s) dict_keys(['example_xcom']) retrieved from /home/airflow/sandbox/lib/python3.8/site-packages/airflow/example_dags/example_xcom.py
[2021-07-14 23:10:03,147] {logging_mixin.py:104} INFO - [2021-07-14 23:10:03,146] {dag.py:1832} INFO - Sync 1 DAGs
[2021-07-14 23:10:03,167] {logging_mixin.py:104} INFO - [2021-07-14 23:10:03,167] {dag.py:2305} INFO - Setting next_dagrun for example_xcom to 2021-07-12 00:00:00+00:00
[2021-07-14 23:10:03,189] {scheduler_job.py:190} INFO - Processing /home/airflow/sandbox/lib/python3.8/site-packages/airflow/example_dags/example_xcom.py took 0.096 seconds
[2021-07-14 23:10:04,213] {scheduler_job.py:182} INFO - Started process (PID=2295) to work on /home/airflow/sandbox/lib/python3.8/site-packages/airflow/example_dags/example_xcom.py
[2021-07-14 23:10:04,215] {scheduler_job.py:633} INFO - Processing file /home/airflow/sandbox/lib/python3.8/site-packages/airflow/example_dags/example_xcom.py for tasks to queue
[2021-07-14 23:10:04,215] {logging_mixin.py:104} INFO - [2021-07-14 23:10:04,215] {dagbag.py:487} INFO - Filling up the DagBag from /home/airflow/sandbox/lib/python3.8/site-packages/airflow/example_dags/example_xcom.py
[2021-07-14 23:10:04,225] {scheduler_job.py:643} INFO - DAG(s) dict_keys(['example_xcom']) retrieved from /home/airflow/sandbox/lib/python3.8/site-packages/airflow/example_dags/example_xcom.py
[2021-07-14 23:10:04,239] {logging_mixin.py:104} INFO - [2021-07-14 23:10:04,239] {dag.py:1832} INFO - Sync 1 DAGs
[2021-07-14 23:10:04,249] {logging_mixin.py:104} INFO - [2021-07-14 23:10:04,249] {dag.py:2305} INFO - Setting next_dagrun for example_xcom to 2021-07-12 00:00:00+00:00
[2021-07-14 23:10:04,272] {scheduler_job.py:190} INFO - Processing /home/airflow/sandbox/lib/python3.8/site-packages/airflow/example_dags/example_xcom.py took 0.062 seconds
[2021-07-14 23:10:36,004] {scheduler_job.py:182} INFO - Started process (PID=2354) to work on /home/airflow/sandbox/lib/python3.8/site-packages/airflow/example_dags/example_xcom.py
[2021-07-14 23:10:36,005] {scheduler_job.py:633} INFO - Processing file /home/airflow/sandbox/lib/python3.8/site-packages/airflow/example_dags/example_xcom.py for tasks to queue
[2021-07-14 23:10:36,006] {logging_mixin.py:104} INFO - [2021-07-14 23:10:36,005] {dagbag.py:487} INFO - Filling up the DagBag from /home/airflow/sandbox/lib/python3.8/site-packages/airflow/example_dags/example_xcom.py
[2021-07-14 23:10:36,019] {scheduler_job.py:643} INFO - DAG(s) dict_keys(['example_xcom']) retrieved from /home/airflow/sandbox/lib/python3.8/site-packages/airflow/example_dags/example_xcom.py
[2021-07-14 23:10:36,036] {logging_mixin.py:104} INFO - [2021-07-14 23:10:36,036] {dag.py:1832} INFO - Sync 1 DAGs
[2021-07-14 23:10:36,048] {logging_mixin.py:104} INFO - [2021-07-14 23:10:36,048] {dag.py:2305} INFO - Setting next_dagrun for example_xcom to 2021-07-12 00:00:00+00:00
[2021-07-14 23:10:36,072] {scheduler_job.py:190} INFO - Processing /home/airflow/sandbox/lib/python3.8/site-packages/airflow/example_dags/example_xcom.py took 0.072 seconds
[2021-07-14 23:10:42,138] {scheduler_job.py:182} INFO - Started process (PID=2363) to work on /home/airflow/sandbox/lib/python3.8/site-packages/airflow/example_dags/example_xcom.py
[2021-07-14 23:10:42,160] {scheduler_job.py:633} INFO - Processing file /home/airflow/sandbox/lib/python3.8/site-packages/airflow/example_dags/example_xcom.py for tasks to queue
[2021-07-14 23:10:42,173] {logging_mixin.py:104} INFO - [2021-07-14 23:10:42,163] {dagbag.py:487} INFO - Filling up the DagBag from /home/airflow/sandbox/lib/python3.8/site-packages/airflow/example_dags/example_xcom.py
[2021-07-14 23:10:42,437] {scheduler_job.py:643} INFO - DAG(s) dict_keys(['example_xcom']) retrieved from /home/airflow/sandbox/lib/python3.8/site-packages/airflow/example_dags/example_xcom.py
[2021-07-14 23:10:42,699] {logging_mixin.py:104} INFO - [2021-07-14 23:10:42,698] {dag.py:1832} INFO - Sync 1 DAGs
[2021-07-14 23:10:42,863] {logging_mixin.py:104} INFO - [2021-07-14 23:10:42,862] {dag.py:2305} INFO - Setting next_dagrun for example_xcom to 2021-07-12 00:00:00+00:00
[2021-07-14 23:10:43,004] {scheduler_job.py:190} INFO - Processing /home/airflow/sandbox/lib/python3.8/site-packages/airflow/example_dags/example_xcom.py took 0.921 seconds
[2021-07-14 23:11:23,287] {scheduler_job.py:182} INFO - Started process (PID=2415) to work on /home/airflow/sandbox/lib/python3.8/site-packages/airflow/example_dags/example_xcom.py
[2021-07-14 23:11:23,289] {scheduler_job.py:633} INFO - Processing file /home/airflow/sandbox/lib/python3.8/site-packages/airflow/example_dags/example_xcom.py for tasks to queue
[2021-07-14 23:11:23,290] {logging_mixin.py:104} INFO - [2021-07-14 23:11:23,289] {dagbag.py:487} INFO - Filling up the DagBag from /home/airflow/sandbox/lib/python3.8/site-packages/airflow/example_dags/example_xcom.py
[2021-07-14 23:11:23,322] {scheduler_job.py:643} INFO - DAG(s) dict_keys(['example_xcom']) retrieved from /home/airflow/sandbox/lib/python3.8/site-packages/airflow/example_dags/example_xcom.py
[2021-07-14 23:11:23,363] {logging_mixin.py:104} INFO - [2021-07-14 23:11:23,363] {dag.py:1832} INFO - Sync 1 DAGs
[2021-07-14 23:11:23,409] {logging_mixin.py:104} INFO - [2021-07-14 23:11:23,409] {dag.py:2305} INFO - Setting next_dagrun for example_xcom to 2021-07-12 00:00:00+00:00
[2021-07-14 23:11:23,448] {scheduler_job.py:190} INFO - Processing /home/airflow/sandbox/lib/python3.8/site-packages/airflow/example_dags/example_xcom.py took 0.171 seconds
[2021-07-14 23:11:34,313] {scheduler_job.py:182} INFO - Started process (PID=2436) to work on /home/airflow/sandbox/lib/python3.8/site-packages/airflow/example_dags/example_xcom.py
[2021-07-14 23:11:34,314] {scheduler_job.py:633} INFO - Processing file /home/airflow/sandbox/lib/python3.8/site-packages/airflow/example_dags/example_xcom.py for tasks to queue
[2021-07-14 23:11:34,315] {logging_mixin.py:104} INFO - [2021-07-14 23:11:34,315] {dagbag.py:487} INFO - Filling up the DagBag from /home/airflow/sandbox/lib/python3.8/site-packages/airflow/example_dags/example_xcom.py
[2021-07-14 23:11:34,324] {scheduler_job.py:643} INFO - DAG(s) dict_keys(['example_xcom']) retrieved from /home/airflow/sandbox/lib/python3.8/site-packages/airflow/example_dags/example_xcom.py
[2021-07-14 23:11:34,337] {logging_mixin.py:104} INFO - [2021-07-14 23:11:34,337] {dag.py:1832} INFO - Sync 1 DAGs
[2021-07-14 23:11:34,348] {logging_mixin.py:104} INFO - [2021-07-14 23:11:34,348] {dag.py:2305} INFO - Setting next_dagrun for example_xcom to 2021-07-12 00:00:00+00:00
[2021-07-14 23:11:34,361] {scheduler_job.py:190} INFO - Processing /home/airflow/sandbox/lib/python3.8/site-packages/airflow/example_dags/example_xcom.py took 0.051 seconds
[2021-07-14 23:11:55,824] {scheduler_job.py:182} INFO - Started process (PID=2477) to work on /home/airflow/sandbox/lib/python3.8/site-packages/airflow/example_dags/example_xcom.py
[2021-07-14 23:11:55,825] {scheduler_job.py:633} INFO - Processing file /home/airflow/sandbox/lib/python3.8/site-packages/airflow/example_dags/example_xcom.py for tasks to queue
[2021-07-14 23:11:55,825] {logging_mixin.py:104} INFO - [2021-07-14 23:11:55,825] {dagbag.py:487} INFO - Filling up the DagBag from /home/airflow/sandbox/lib/python3.8/site-packages/airflow/example_dags/example_xcom.py
[2021-07-14 23:11:55,834] {scheduler_job.py:643} INFO - DAG(s) dict_keys(['example_xcom']) retrieved from /home/airflow/sandbox/lib/python3.8/site-packages/airflow/example_dags/example_xcom.py
[2021-07-14 23:11:55,846] {logging_mixin.py:104} INFO - [2021-07-14 23:11:55,846] {dag.py:1832} INFO - Sync 1 DAGs
[2021-07-14 23:11:55,857] {logging_mixin.py:104} INFO - [2021-07-14 23:11:55,857] {dag.py:2305} INFO - Setting next_dagrun for example_xcom to 2021-07-12 00:00:00+00:00
[2021-07-14 23:11:55,873] {scheduler_job.py:190} INFO - Processing /home/airflow/sandbox/lib/python3.8/site-packages/airflow/example_dags/example_xcom.py took 0.051 seconds
[2021-07-14 23:12:06,638] {scheduler_job.py:182} INFO - Started process (PID=2499) to work on /home/airflow/sandbox/lib/python3.8/site-packages/airflow/example_dags/example_xcom.py
[2021-07-14 23:12:06,639] {scheduler_job.py:633} INFO - Processing file /home/airflow/sandbox/lib/python3.8/site-packages/airflow/example_dags/example_xcom.py for tasks to queue
[2021-07-14 23:12:06,640] {logging_mixin.py:104} INFO - [2021-07-14 23:12:06,640] {dagbag.py:487} INFO - Filling up the DagBag from /home/airflow/sandbox/lib/python3.8/site-packages/airflow/example_dags/example_xcom.py
[2021-07-14 23:12:06,651] {scheduler_job.py:643} INFO - DAG(s) dict_keys(['example_xcom']) retrieved from /home/airflow/sandbox/lib/python3.8/site-packages/airflow/example_dags/example_xcom.py
[2021-07-14 23:12:06,662] {logging_mixin.py:104} INFO - [2021-07-14 23:12:06,661] {dag.py:1832} INFO - Sync 1 DAGs
[2021-07-14 23:12:06,671] {logging_mixin.py:104} INFO - [2021-07-14 23:12:06,671] {dag.py:2305} INFO - Setting next_dagrun for example_xcom to 2021-07-12 00:00:00+00:00
[2021-07-14 23:12:06,682] {scheduler_job.py:190} INFO - Processing /home/airflow/sandbox/lib/python3.8/site-packages/airflow/example_dags/example_xcom.py took 0.046 seconds
[2021-07-14 23:12:27,816] {scheduler_job.py:182} INFO - Started process (PID=2540) to work on /home/airflow/sandbox/lib/python3.8/site-packages/airflow/example_dags/example_xcom.py
[2021-07-14 23:12:27,820] {scheduler_job.py:633} INFO - Processing file /home/airflow/sandbox/lib/python3.8/site-packages/airflow/example_dags/example_xcom.py for tasks to queue
[2021-07-14 23:12:27,825] {logging_mixin.py:104} INFO - [2021-07-14 23:12:27,824] {dagbag.py:487} INFO - Filling up the DagBag from /home/airflow/sandbox/lib/python3.8/site-packages/airflow/example_dags/example_xcom.py
[2021-07-14 23:12:27,887] {scheduler_job.py:643} INFO - DAG(s) dict_keys(['example_xcom']) retrieved from /home/airflow/sandbox/lib/python3.8/site-packages/airflow/example_dags/example_xcom.py
[2021-07-14 23:12:27,941] {logging_mixin.py:104} INFO - [2021-07-14 23:12:27,938] {dag.py:1832} INFO - Sync 1 DAGs
[2021-07-14 23:12:27,978] {logging_mixin.py:104} INFO - [2021-07-14 23:12:27,978] {dag.py:2305} INFO - Setting next_dagrun for example_xcom to 2021-07-12 00:00:00+00:00
[2021-07-14 23:12:28,016] {scheduler_job.py:190} INFO - Processing /home/airflow/sandbox/lib/python3.8/site-packages/airflow/example_dags/example_xcom.py took 0.209 seconds
[2021-07-14 23:12:41,445] {scheduler_job.py:182} INFO - Started process (PID=2565) to work on /home/airflow/sandbox/lib/python3.8/site-packages/airflow/example_dags/example_xcom.py
[2021-07-14 23:12:41,446] {scheduler_job.py:633} INFO - Processing file /home/airflow/sandbox/lib/python3.8/site-packages/airflow/example_dags/example_xcom.py for tasks to queue
[2021-07-14 23:12:41,446] {logging_mixin.py:104} INFO - [2021-07-14 23:12:41,446] {dagbag.py:487} INFO - Filling up the DagBag from /home/airflow/sandbox/lib/python3.8/site-packages/airflow/example_dags/example_xcom.py
[2021-07-14 23:12:41,457] {scheduler_job.py:643} INFO - DAG(s) dict_keys(['example_xcom']) retrieved from /home/airflow/sandbox/lib/python3.8/site-packages/airflow/example_dags/example_xcom.py
[2021-07-14 23:12:41,474] {logging_mixin.py:104} INFO - [2021-07-14 23:12:41,474] {dag.py:1832} INFO - Sync 1 DAGs
[2021-07-14 23:12:41,498] {logging_mixin.py:104} INFO - [2021-07-14 23:12:41,498] {dag.py:2305} INFO - Setting next_dagrun for example_xcom to 2021-07-12 00:00:00+00:00
[2021-07-14 23:12:41,515] {scheduler_job.py:190} INFO - Processing /home/airflow/sandbox/lib/python3.8/site-packages/airflow/example_dags/example_xcom.py took 0.073 seconds
[2021-07-14 23:13:00,863] {scheduler_job.py:182} INFO - Started process (PID=2602) to work on /home/airflow/sandbox/lib/python3.8/site-packages/airflow/example_dags/example_xcom.py
[2021-07-14 23:13:00,864] {scheduler_job.py:633} INFO - Processing file /home/airflow/sandbox/lib/python3.8/site-packages/airflow/example_dags/example_xcom.py for tasks to queue
[2021-07-14 23:13:00,865] {logging_mixin.py:104} INFO - [2021-07-14 23:13:00,865] {dagbag.py:487} INFO - Filling up the DagBag from /home/airflow/sandbox/lib/python3.8/site-packages/airflow/example_dags/example_xcom.py
[2021-07-14 23:13:00,876] {scheduler_job.py:643} INFO - DAG(s) dict_keys(['example_xcom']) retrieved from /home/airflow/sandbox/lib/python3.8/site-packages/airflow/example_dags/example_xcom.py
[2021-07-14 23:13:00,888] {logging_mixin.py:104} INFO - [2021-07-14 23:13:00,888] {dag.py:1832} INFO - Sync 1 DAGs
[2021-07-14 23:13:00,899] {logging_mixin.py:104} INFO - [2021-07-14 23:13:00,899] {dag.py:2305} INFO - Setting next_dagrun for example_xcom to 2021-07-12 00:00:00+00:00
[2021-07-14 23:13:00,922] {scheduler_job.py:190} INFO - Processing /home/airflow/sandbox/lib/python3.8/site-packages/airflow/example_dags/example_xcom.py took 0.062 seconds
[2021-07-14 23:49:12,240] {scheduler_job.py:182} INFO - Started process (PID=1867) to work on /home/airflow/sandbox/lib/python3.8/site-packages/airflow/example_dags/example_xcom.py
[2021-07-14 23:49:12,251] {scheduler_job.py:633} INFO - Processing file /home/airflow/sandbox/lib/python3.8/site-packages/airflow/example_dags/example_xcom.py for tasks to queue
[2021-07-14 23:49:12,253] {logging_mixin.py:104} INFO - [2021-07-14 23:49:12,252] {dagbag.py:487} INFO - Filling up the DagBag from /home/airflow/sandbox/lib/python3.8/site-packages/airflow/example_dags/example_xcom.py
[2021-07-14 23:49:12,263] {scheduler_job.py:643} INFO - DAG(s) dict_keys(['example_xcom']) retrieved from /home/airflow/sandbox/lib/python3.8/site-packages/airflow/example_dags/example_xcom.py
[2021-07-14 23:49:12,279] {logging_mixin.py:104} INFO - [2021-07-14 23:49:12,279] {dag.py:1832} INFO - Sync 1 DAGs
[2021-07-14 23:49:12,291] {logging_mixin.py:104} INFO - [2021-07-14 23:49:12,291] {dag.py:2305} INFO - Setting next_dagrun for example_xcom to 2021-07-12 00:00:00+00:00
[2021-07-14 23:49:12,304] {scheduler_job.py:190} INFO - Processing /home/airflow/sandbox/lib/python3.8/site-packages/airflow/example_dags/example_xcom.py took 0.067 seconds
[2021-07-14 23:49:45,056] {scheduler_job.py:182} INFO - Started process (PID=1898) to work on /home/airflow/sandbox/lib/python3.8/site-packages/airflow/example_dags/example_xcom.py
[2021-07-14 23:49:45,057] {scheduler_job.py:633} INFO - Processing file /home/airflow/sandbox/lib/python3.8/site-packages/airflow/example_dags/example_xcom.py for tasks to queue
[2021-07-14 23:49:45,057] {logging_mixin.py:104} INFO - [2021-07-14 23:49:45,057] {dagbag.py:487} INFO - Filling up the DagBag from /home/airflow/sandbox/lib/python3.8/site-packages/airflow/example_dags/example_xcom.py
[2021-07-14 23:49:45,066] {scheduler_job.py:643} INFO - DAG(s) dict_keys(['example_xcom']) retrieved from /home/airflow/sandbox/lib/python3.8/site-packages/airflow/example_dags/example_xcom.py
[2021-07-14 23:49:45,084] {logging_mixin.py:104} INFO - [2021-07-14 23:49:45,084] {dag.py:1832} INFO - Sync 1 DAGs
[2021-07-14 23:49:45,097] {logging_mixin.py:104} INFO - [2021-07-14 23:49:45,097] {dag.py:2305} INFO - Setting next_dagrun for example_xcom to 2021-07-12 00:00:00+00:00
[2021-07-14 23:49:45,107] {scheduler_job.py:190} INFO - Processing /home/airflow/sandbox/lib/python3.8/site-packages/airflow/example_dags/example_xcom.py took 0.053 seconds
[2021-07-14 23:50:17,078] {scheduler_job.py:182} INFO - Started process (PID=1929) to work on /home/airflow/sandbox/lib/python3.8/site-packages/airflow/example_dags/example_xcom.py
[2021-07-14 23:50:17,080] {scheduler_job.py:633} INFO - Processing file /home/airflow/sandbox/lib/python3.8/site-packages/airflow/example_dags/example_xcom.py for tasks to queue
[2021-07-14 23:50:17,080] {logging_mixin.py:104} INFO - [2021-07-14 23:50:17,080] {dagbag.py:487} INFO - Filling up the DagBag from /home/airflow/sandbox/lib/python3.8/site-packages/airflow/example_dags/example_xcom.py
[2021-07-14 23:50:17,090] {scheduler_job.py:643} INFO - DAG(s) dict_keys(['example_xcom']) retrieved from /home/airflow/sandbox/lib/python3.8/site-packages/airflow/example_dags/example_xcom.py
[2021-07-14 23:50:17,102] {logging_mixin.py:104} INFO - [2021-07-14 23:50:17,101] {dag.py:1832} INFO - Sync 1 DAGs
[2021-07-14 23:50:17,113] {logging_mixin.py:104} INFO - [2021-07-14 23:50:17,112] {dag.py:2305} INFO - Setting next_dagrun for example_xcom to 2021-07-12 00:00:00+00:00
[2021-07-14 23:50:17,123] {scheduler_job.py:190} INFO - Processing /home/airflow/sandbox/lib/python3.8/site-packages/airflow/example_dags/example_xcom.py took 0.047 seconds
[2021-07-14 23:50:49,842] {scheduler_job.py:182} INFO - Started process (PID=1961) to work on /home/airflow/sandbox/lib/python3.8/site-packages/airflow/example_dags/example_xcom.py
[2021-07-14 23:50:49,843] {scheduler_job.py:633} INFO - Processing file /home/airflow/sandbox/lib/python3.8/site-packages/airflow/example_dags/example_xcom.py for tasks to queue
[2021-07-14 23:50:49,844] {logging_mixin.py:104} INFO - [2021-07-14 23:50:49,844] {dagbag.py:487} INFO - Filling up the DagBag from /home/airflow/sandbox/lib/python3.8/site-packages/airflow/example_dags/example_xcom.py
[2021-07-14 23:50:49,856] {scheduler_job.py:643} INFO - DAG(s) dict_keys(['example_xcom']) retrieved from /home/airflow/sandbox/lib/python3.8/site-packages/airflow/example_dags/example_xcom.py
[2021-07-14 23:50:49,874] {logging_mixin.py:104} INFO - [2021-07-14 23:50:49,874] {dag.py:1832} INFO - Sync 1 DAGs
[2021-07-14 23:50:49,891] {logging_mixin.py:104} INFO - [2021-07-14 23:50:49,891] {dag.py:2305} INFO - Setting next_dagrun for example_xcom to 2021-07-12 00:00:00+00:00
[2021-07-14 23:50:49,910] {scheduler_job.py:190} INFO - Processing /home/airflow/sandbox/lib/python3.8/site-packages/airflow/example_dags/example_xcom.py took 0.072 seconds
[2021-07-14 23:51:33,904] {scheduler_job.py:182} INFO - Started process (PID=1995) to work on /home/airflow/sandbox/lib/python3.8/site-packages/airflow/example_dags/example_xcom.py
[2021-07-14 23:51:33,908] {scheduler_job.py:633} INFO - Processing file /home/airflow/sandbox/lib/python3.8/site-packages/airflow/example_dags/example_xcom.py for tasks to queue
[2021-07-14 23:51:33,910] {logging_mixin.py:104} INFO - [2021-07-14 23:51:33,910] {dagbag.py:487} INFO - Filling up the DagBag from /home/airflow/sandbox/lib/python3.8/site-packages/airflow/example_dags/example_xcom.py
[2021-07-14 23:51:33,957] {scheduler_job.py:643} INFO - DAG(s) dict_keys(['example_xcom']) retrieved from /home/airflow/sandbox/lib/python3.8/site-packages/airflow/example_dags/example_xcom.py
[2021-07-14 23:51:34,018] {logging_mixin.py:104} INFO - [2021-07-14 23:51:34,018] {dag.py:1832} INFO - Sync 1 DAGs
[2021-07-14 23:51:34,083] {logging_mixin.py:104} INFO - [2021-07-14 23:51:34,082] {dag.py:2305} INFO - Setting next_dagrun for example_xcom to 2021-07-12 00:00:00+00:00
[2021-07-14 23:51:34,146] {scheduler_job.py:190} INFO - Processing /home/airflow/sandbox/lib/python3.8/site-packages/airflow/example_dags/example_xcom.py took 0.253 seconds
[2021-07-14 23:52:13,945] {scheduler_job.py:182} INFO - Started process (PID=2026) to work on /home/airflow/sandbox/lib/python3.8/site-packages/airflow/example_dags/example_xcom.py
[2021-07-14 23:52:13,946] {scheduler_job.py:633} INFO - Processing file /home/airflow/sandbox/lib/python3.8/site-packages/airflow/example_dags/example_xcom.py for tasks to queue
[2021-07-14 23:52:13,949] {logging_mixin.py:104} INFO - [2021-07-14 23:52:13,949] {dagbag.py:487} INFO - Filling up the DagBag from /home/airflow/sandbox/lib/python3.8/site-packages/airflow/example_dags/example_xcom.py
[2021-07-14 23:52:13,960] {scheduler_job.py:643} INFO - DAG(s) dict_keys(['example_xcom']) retrieved from /home/airflow/sandbox/lib/python3.8/site-packages/airflow/example_dags/example_xcom.py
[2021-07-14 23:52:13,973] {logging_mixin.py:104} INFO - [2021-07-14 23:52:13,973] {dag.py:1832} INFO - Sync 1 DAGs
[2021-07-14 23:52:13,985] {logging_mixin.py:104} INFO - [2021-07-14 23:52:13,985] {dag.py:2305} INFO - Setting next_dagrun for example_xcom to 2021-07-12 00:00:00+00:00
[2021-07-14 23:52:14,006] {scheduler_job.py:190} INFO - Processing /home/airflow/sandbox/lib/python3.8/site-packages/airflow/example_dags/example_xcom.py took 0.068 seconds
[2021-07-14 23:52:45,136] {scheduler_job.py:182} INFO - Started process (PID=2057) to work on /home/airflow/sandbox/lib/python3.8/site-packages/airflow/example_dags/example_xcom.py
[2021-07-14 23:52:45,137] {scheduler_job.py:633} INFO - Processing file /home/airflow/sandbox/lib/python3.8/site-packages/airflow/example_dags/example_xcom.py for tasks to queue
[2021-07-14 23:52:45,137] {logging_mixin.py:104} INFO - [2021-07-14 23:52:45,137] {dagbag.py:487} INFO - Filling up the DagBag from /home/airflow/sandbox/lib/python3.8/site-packages/airflow/example_dags/example_xcom.py
[2021-07-14 23:52:45,148] {scheduler_job.py:643} INFO - DAG(s) dict_keys(['example_xcom']) retrieved from /home/airflow/sandbox/lib/python3.8/site-packages/airflow/example_dags/example_xcom.py
[2021-07-14 23:52:45,159] {logging_mixin.py:104} INFO - [2021-07-14 23:52:45,159] {dag.py:1832} INFO - Sync 1 DAGs
[2021-07-14 23:52:45,169] {logging_mixin.py:104} INFO - [2021-07-14 23:52:45,169] {dag.py:2305} INFO - Setting next_dagrun for example_xcom to 2021-07-12 00:00:00+00:00
[2021-07-14 23:52:45,188] {scheduler_job.py:190} INFO - Processing /home/airflow/sandbox/lib/python3.8/site-packages/airflow/example_dags/example_xcom.py took 0.055 seconds
[2021-07-14 23:53:17,113] {scheduler_job.py:182} INFO - Started process (PID=2088) to work on /home/airflow/sandbox/lib/python3.8/site-packages/airflow/example_dags/example_xcom.py
[2021-07-14 23:53:17,114] {scheduler_job.py:633} INFO - Processing file /home/airflow/sandbox/lib/python3.8/site-packages/airflow/example_dags/example_xcom.py for tasks to queue
[2021-07-14 23:53:17,114] {logging_mixin.py:104} INFO - [2021-07-14 23:53:17,114] {dagbag.py:487} INFO - Filling up the DagBag from /home/airflow/sandbox/lib/python3.8/site-packages/airflow/example_dags/example_xcom.py
[2021-07-14 23:53:17,123] {scheduler_job.py:643} INFO - DAG(s) dict_keys(['example_xcom']) retrieved from /home/airflow/sandbox/lib/python3.8/site-packages/airflow/example_dags/example_xcom.py
[2021-07-14 23:53:17,134] {logging_mixin.py:104} INFO - [2021-07-14 23:53:17,134] {dag.py:1832} INFO - Sync 1 DAGs
[2021-07-14 23:53:17,144] {logging_mixin.py:104} INFO - [2021-07-14 23:53:17,144] {dag.py:2305} INFO - Setting next_dagrun for example_xcom to 2021-07-12 00:00:00+00:00
[2021-07-14 23:53:17,163] {scheduler_job.py:190} INFO - Processing /home/airflow/sandbox/lib/python3.8/site-packages/airflow/example_dags/example_xcom.py took 0.052 seconds
[2021-07-14 23:53:51,964] {scheduler_job.py:182} INFO - Started process (PID=2122) to work on /home/airflow/sandbox/lib/python3.8/site-packages/airflow/example_dags/example_xcom.py
[2021-07-14 23:53:51,965] {scheduler_job.py:633} INFO - Processing file /home/airflow/sandbox/lib/python3.8/site-packages/airflow/example_dags/example_xcom.py for tasks to queue
[2021-07-14 23:53:51,965] {logging_mixin.py:104} INFO - [2021-07-14 23:53:51,965] {dagbag.py:487} INFO - Filling up the DagBag from /home/airflow/sandbox/lib/python3.8/site-packages/airflow/example_dags/example_xcom.py
[2021-07-14 23:53:51,976] {scheduler_job.py:643} INFO - DAG(s) dict_keys(['example_xcom']) retrieved from /home/airflow/sandbox/lib/python3.8/site-packages/airflow/example_dags/example_xcom.py
[2021-07-14 23:53:51,989] {logging_mixin.py:104} INFO - [2021-07-14 23:53:51,989] {dag.py:1832} INFO - Sync 1 DAGs
[2021-07-14 23:53:52,002] {logging_mixin.py:104} INFO - [2021-07-14 23:53:52,002] {dag.py:2305} INFO - Setting next_dagrun for example_xcom to 2021-07-12 00:00:00+00:00
[2021-07-14 23:53:52,012] {scheduler_job.py:190} INFO - Processing /home/airflow/sandbox/lib/python3.8/site-packages/airflow/example_dags/example_xcom.py took 0.051 seconds
[2021-07-14 23:54:23,822] {scheduler_job.py:182} INFO - Started process (PID=2153) to work on /home/airflow/sandbox/lib/python3.8/site-packages/airflow/example_dags/example_xcom.py
[2021-07-14 23:54:23,823] {scheduler_job.py:633} INFO - Processing file /home/airflow/sandbox/lib/python3.8/site-packages/airflow/example_dags/example_xcom.py for tasks to queue
[2021-07-14 23:54:23,824] {logging_mixin.py:104} INFO - [2021-07-14 23:54:23,823] {dagbag.py:487} INFO - Filling up the DagBag from /home/airflow/sandbox/lib/python3.8/site-packages/airflow/example_dags/example_xcom.py
[2021-07-14 23:54:23,834] {scheduler_job.py:643} INFO - DAG(s) dict_keys(['example_xcom']) retrieved from /home/airflow/sandbox/lib/python3.8/site-packages/airflow/example_dags/example_xcom.py
[2021-07-14 23:54:23,847] {logging_mixin.py:104} INFO - [2021-07-14 23:54:23,846] {dag.py:1832} INFO - Sync 1 DAGs
[2021-07-14 23:54:23,858] {logging_mixin.py:104} INFO - [2021-07-14 23:54:23,858] {dag.py:2305} INFO - Setting next_dagrun for example_xcom to 2021-07-12 00:00:00+00:00
[2021-07-14 23:54:23,876] {scheduler_job.py:190} INFO - Processing /home/airflow/sandbox/lib/python3.8/site-packages/airflow/example_dags/example_xcom.py took 0.056 seconds
[2021-07-14 23:54:56,063] {scheduler_job.py:182} INFO - Started process (PID=2184) to work on /home/airflow/sandbox/lib/python3.8/site-packages/airflow/example_dags/example_xcom.py
[2021-07-14 23:54:56,064] {scheduler_job.py:633} INFO - Processing file /home/airflow/sandbox/lib/python3.8/site-packages/airflow/example_dags/example_xcom.py for tasks to queue
[2021-07-14 23:54:56,064] {logging_mixin.py:104} INFO - [2021-07-14 23:54:56,064] {dagbag.py:487} INFO - Filling up the DagBag from /home/airflow/sandbox/lib/python3.8/site-packages/airflow/example_dags/example_xcom.py
[2021-07-14 23:54:56,075] {scheduler_job.py:643} INFO - DAG(s) dict_keys(['example_xcom']) retrieved from /home/airflow/sandbox/lib/python3.8/site-packages/airflow/example_dags/example_xcom.py
[2021-07-14 23:54:56,088] {logging_mixin.py:104} INFO - [2021-07-14 23:54:56,088] {dag.py:1832} INFO - Sync 1 DAGs
[2021-07-14 23:54:56,099] {logging_mixin.py:104} INFO - [2021-07-14 23:54:56,099] {dag.py:2305} INFO - Setting next_dagrun for example_xcom to 2021-07-12 00:00:00+00:00
[2021-07-14 23:54:56,120] {scheduler_job.py:190} INFO - Processing /home/airflow/sandbox/lib/python3.8/site-packages/airflow/example_dags/example_xcom.py took 0.060 seconds
[2021-07-14 23:56:09,643] {scheduler_job.py:182} INFO - Started process (PID=2264) to work on /home/airflow/sandbox/lib/python3.8/site-packages/airflow/example_dags/example_xcom.py
[2021-07-14 23:56:09,644] {scheduler_job.py:633} INFO - Processing file /home/airflow/sandbox/lib/python3.8/site-packages/airflow/example_dags/example_xcom.py for tasks to queue
[2021-07-14 23:56:09,644] {logging_mixin.py:104} INFO - [2021-07-14 23:56:09,644] {dagbag.py:487} INFO - Filling up the DagBag from /home/airflow/sandbox/lib/python3.8/site-packages/airflow/example_dags/example_xcom.py
[2021-07-14 23:56:09,655] {scheduler_job.py:643} INFO - DAG(s) dict_keys(['example_xcom']) retrieved from /home/airflow/sandbox/lib/python3.8/site-packages/airflow/example_dags/example_xcom.py
[2021-07-14 23:56:09,675] {logging_mixin.py:104} INFO - [2021-07-14 23:56:09,675] {dag.py:1832} INFO - Sync 1 DAGs
[2021-07-14 23:56:09,688] {logging_mixin.py:104} INFO - [2021-07-14 23:56:09,688] {dag.py:2305} INFO - Setting next_dagrun for example_xcom to 2021-07-12 00:00:00+00:00
[2021-07-14 23:56:09,711] {scheduler_job.py:190} INFO - Processing /home/airflow/sandbox/lib/python3.8/site-packages/airflow/example_dags/example_xcom.py took 0.072 seconds
[2021-07-14 23:56:43,039] {scheduler_job.py:182} INFO - Started process (PID=2295) to work on /home/airflow/sandbox/lib/python3.8/site-packages/airflow/example_dags/example_xcom.py
[2021-07-14 23:56:43,041] {scheduler_job.py:633} INFO - Processing file /home/airflow/sandbox/lib/python3.8/site-packages/airflow/example_dags/example_xcom.py for tasks to queue
[2021-07-14 23:56:43,042] {logging_mixin.py:104} INFO - [2021-07-14 23:56:43,041] {dagbag.py:487} INFO - Filling up the DagBag from /home/airflow/sandbox/lib/python3.8/site-packages/airflow/example_dags/example_xcom.py
[2021-07-14 23:56:43,052] {scheduler_job.py:643} INFO - DAG(s) dict_keys(['example_xcom']) retrieved from /home/airflow/sandbox/lib/python3.8/site-packages/airflow/example_dags/example_xcom.py
[2021-07-14 23:56:43,066] {logging_mixin.py:104} INFO - [2021-07-14 23:56:43,066] {dag.py:1832} INFO - Sync 1 DAGs
[2021-07-14 23:56:43,078] {logging_mixin.py:104} INFO - [2021-07-14 23:56:43,078] {dag.py:2305} INFO - Setting next_dagrun for example_xcom to 2021-07-12 00:00:00+00:00
[2021-07-14 23:56:43,089] {scheduler_job.py:190} INFO - Processing /home/airflow/sandbox/lib/python3.8/site-packages/airflow/example_dags/example_xcom.py took 0.052 seconds
[2021-07-14 23:57:16,754] {scheduler_job.py:182} INFO - Started process (PID=2328) to work on /home/airflow/sandbox/lib/python3.8/site-packages/airflow/example_dags/example_xcom.py
[2021-07-14 23:57:16,755] {scheduler_job.py:633} INFO - Processing file /home/airflow/sandbox/lib/python3.8/site-packages/airflow/example_dags/example_xcom.py for tasks to queue
[2021-07-14 23:57:16,756] {logging_mixin.py:104} INFO - [2021-07-14 23:57:16,756] {dagbag.py:487} INFO - Filling up the DagBag from /home/airflow/sandbox/lib/python3.8/site-packages/airflow/example_dags/example_xcom.py
[2021-07-14 23:57:16,768] {scheduler_job.py:643} INFO - DAG(s) dict_keys(['example_xcom']) retrieved from /home/airflow/sandbox/lib/python3.8/site-packages/airflow/example_dags/example_xcom.py
[2021-07-14 23:57:16,784] {logging_mixin.py:104} INFO - [2021-07-14 23:57:16,784] {dag.py:1832} INFO - Sync 1 DAGs
[2021-07-14 23:57:16,799] {logging_mixin.py:104} INFO - [2021-07-14 23:57:16,799] {dag.py:2305} INFO - Setting next_dagrun for example_xcom to 2021-07-12 00:00:00+00:00
[2021-07-14 23:57:16,818] {scheduler_job.py:190} INFO - Processing /home/airflow/sandbox/lib/python3.8/site-packages/airflow/example_dags/example_xcom.py took 0.066 seconds
[2021-07-14 23:57:51,767] {scheduler_job.py:182} INFO - Started process (PID=2361) to work on /home/airflow/sandbox/lib/python3.8/site-packages/airflow/example_dags/example_xcom.py
[2021-07-14 23:57:51,769] {scheduler_job.py:633} INFO - Processing file /home/airflow/sandbox/lib/python3.8/site-packages/airflow/example_dags/example_xcom.py for tasks to queue
[2021-07-14 23:57:51,769] {logging_mixin.py:104} INFO - [2021-07-14 23:57:51,769] {dagbag.py:487} INFO - Filling up the DagBag from /home/airflow/sandbox/lib/python3.8/site-packages/airflow/example_dags/example_xcom.py
[2021-07-14 23:57:51,781] {scheduler_job.py:643} INFO - DAG(s) dict_keys(['example_xcom']) retrieved from /home/airflow/sandbox/lib/python3.8/site-packages/airflow/example_dags/example_xcom.py
[2021-07-14 23:57:51,796] {logging_mixin.py:104} INFO - [2021-07-14 23:57:51,796] {dag.py:1832} INFO - Sync 1 DAGs
[2021-07-14 23:57:51,807] {logging_mixin.py:104} INFO - [2021-07-14 23:57:51,807] {dag.py:2305} INFO - Setting next_dagrun for example_xcom to 2021-07-12 00:00:00+00:00
[2021-07-14 23:57:51,820] {scheduler_job.py:190} INFO - Processing /home/airflow/sandbox/lib/python3.8/site-packages/airflow/example_dags/example_xcom.py took 0.056 seconds
[2021-07-14 23:58:24,002] {scheduler_job.py:182} INFO - Started process (PID=2392) to work on /home/airflow/sandbox/lib/python3.8/site-packages/airflow/example_dags/example_xcom.py
[2021-07-14 23:58:24,003] {scheduler_job.py:633} INFO - Processing file /home/airflow/sandbox/lib/python3.8/site-packages/airflow/example_dags/example_xcom.py for tasks to queue
[2021-07-14 23:58:24,004] {logging_mixin.py:104} INFO - [2021-07-14 23:58:24,003] {dagbag.py:487} INFO - Filling up the DagBag from /home/airflow/sandbox/lib/python3.8/site-packages/airflow/example_dags/example_xcom.py
[2021-07-14 23:58:24,014] {scheduler_job.py:643} INFO - DAG(s) dict_keys(['example_xcom']) retrieved from /home/airflow/sandbox/lib/python3.8/site-packages/airflow/example_dags/example_xcom.py
[2021-07-14 23:58:24,027] {logging_mixin.py:104} INFO - [2021-07-14 23:58:24,027] {dag.py:1832} INFO - Sync 1 DAGs
[2021-07-14 23:58:24,038] {logging_mixin.py:104} INFO - [2021-07-14 23:58:24,038] {dag.py:2305} INFO - Setting next_dagrun for example_xcom to 2021-07-12 00:00:00+00:00
[2021-07-14 23:58:24,048] {scheduler_job.py:190} INFO - Processing /home/airflow/sandbox/lib/python3.8/site-packages/airflow/example_dags/example_xcom.py took 0.049 seconds
[2021-07-14 23:58:55,067] {scheduler_job.py:182} INFO - Started process (PID=2423) to work on /home/airflow/sandbox/lib/python3.8/site-packages/airflow/example_dags/example_xcom.py
[2021-07-14 23:58:55,068] {scheduler_job.py:633} INFO - Processing file /home/airflow/sandbox/lib/python3.8/site-packages/airflow/example_dags/example_xcom.py for tasks to queue
[2021-07-14 23:58:55,068] {logging_mixin.py:104} INFO - [2021-07-14 23:58:55,068] {dagbag.py:487} INFO - Filling up the DagBag from /home/airflow/sandbox/lib/python3.8/site-packages/airflow/example_dags/example_xcom.py
[2021-07-14 23:58:55,077] {scheduler_job.py:643} INFO - DAG(s) dict_keys(['example_xcom']) retrieved from /home/airflow/sandbox/lib/python3.8/site-packages/airflow/example_dags/example_xcom.py
[2021-07-14 23:58:55,088] {logging_mixin.py:104} INFO - [2021-07-14 23:58:55,088] {dag.py:1832} INFO - Sync 1 DAGs
[2021-07-14 23:58:55,096] {logging_mixin.py:104} INFO - [2021-07-14 23:58:55,096] {dag.py:2305} INFO - Setting next_dagrun for example_xcom to 2021-07-12 00:00:00+00:00
[2021-07-14 23:58:55,114] {scheduler_job.py:190} INFO - Processing /home/airflow/sandbox/lib/python3.8/site-packages/airflow/example_dags/example_xcom.py took 0.049 seconds
[2021-07-14 23:59:25,913] {scheduler_job.py:182} INFO - Started process (PID=2454) to work on /home/airflow/sandbox/lib/python3.8/site-packages/airflow/example_dags/example_xcom.py
[2021-07-14 23:59:25,914] {scheduler_job.py:633} INFO - Processing file /home/airflow/sandbox/lib/python3.8/site-packages/airflow/example_dags/example_xcom.py for tasks to queue
[2021-07-14 23:59:25,915] {logging_mixin.py:104} INFO - [2021-07-14 23:59:25,915] {dagbag.py:487} INFO - Filling up the DagBag from /home/airflow/sandbox/lib/python3.8/site-packages/airflow/example_dags/example_xcom.py
[2021-07-14 23:59:25,923] {scheduler_job.py:643} INFO - DAG(s) dict_keys(['example_xcom']) retrieved from /home/airflow/sandbox/lib/python3.8/site-packages/airflow/example_dags/example_xcom.py
[2021-07-14 23:59:25,933] {logging_mixin.py:104} INFO - [2021-07-14 23:59:25,933] {dag.py:1832} INFO - Sync 1 DAGs
[2021-07-14 23:59:25,941] {logging_mixin.py:104} INFO - [2021-07-14 23:59:25,941] {dag.py:2305} INFO - Setting next_dagrun for example_xcom to 2021-07-12 00:00:00+00:00
[2021-07-14 23:59:25,958] {scheduler_job.py:190} INFO - Processing /home/airflow/sandbox/lib/python3.8/site-packages/airflow/example_dags/example_xcom.py took 0.047 seconds
[2021-07-14 23:59:58,080] {scheduler_job.py:182} INFO - Started process (PID=2487) to work on /home/airflow/sandbox/lib/python3.8/site-packages/airflow/example_dags/example_xcom.py
[2021-07-14 23:59:58,080] {scheduler_job.py:633} INFO - Processing file /home/airflow/sandbox/lib/python3.8/site-packages/airflow/example_dags/example_xcom.py for tasks to queue
[2021-07-14 23:59:58,081] {logging_mixin.py:104} INFO - [2021-07-14 23:59:58,081] {dagbag.py:487} INFO - Filling up the DagBag from /home/airflow/sandbox/lib/python3.8/site-packages/airflow/example_dags/example_xcom.py
[2021-07-14 23:59:58,090] {scheduler_job.py:643} INFO - DAG(s) dict_keys(['example_xcom']) retrieved from /home/airflow/sandbox/lib/python3.8/site-packages/airflow/example_dags/example_xcom.py
[2021-07-14 23:59:58,100] {logging_mixin.py:104} INFO - [2021-07-14 23:59:58,100] {dag.py:1832} INFO - Sync 1 DAGs
[2021-07-14 23:59:58,109] {logging_mixin.py:104} INFO - [2021-07-14 23:59:58,109] {dag.py:2305} INFO - Setting next_dagrun for example_xcom to 2021-07-12 00:00:00+00:00
[2021-07-14 23:59:58,117] {scheduler_job.py:190} INFO - Processing /home/airflow/sandbox/lib/python3.8/site-packages/airflow/example_dags/example_xcom.py took 0.040 seconds
