[2021-07-14 23:02:54,940] {scheduler_job.py:182} INFO - Started process (PID=1580) to work on /home/airflow/sandbox/lib/python3.8/site-packages/airflow/example_dags/example_kubernetes_executor.py
[2021-07-14 23:02:54,941] {scheduler_job.py:633} INFO - Processing file /home/airflow/sandbox/lib/python3.8/site-packages/airflow/example_dags/example_kubernetes_executor.py for tasks to queue
[2021-07-14 23:02:54,942] {logging_mixin.py:104} INFO - [2021-07-14 23:02:54,942] {dagbag.py:487} INFO - Filling up the DagBag from /home/airflow/sandbox/lib/python3.8/site-packages/airflow/example_dags/example_kubernetes_executor.py
[2021-07-14 23:02:54,956] {scheduler_job.py:643} INFO - DAG(s) dict_keys(['example_kubernetes_executor']) retrieved from /home/airflow/sandbox/lib/python3.8/site-packages/airflow/example_dags/example_kubernetes_executor.py
[2021-07-14 23:02:54,968] {logging_mixin.py:104} INFO - [2021-07-14 23:02:54,968] {dag.py:1832} INFO - Sync 1 DAGs
[2021-07-14 23:02:54,978] {logging_mixin.py:104} INFO - [2021-07-14 23:02:54,978] {dag.py:2305} INFO - Setting next_dagrun for example_kubernetes_executor to None
[2021-07-14 23:02:54,995] {scheduler_job.py:190} INFO - Processing /home/airflow/sandbox/lib/python3.8/site-packages/airflow/example_dags/example_kubernetes_executor.py took 0.057 seconds
[2021-07-14 23:03:31,182] {scheduler_job.py:182} INFO - Started process (PID=1620) to work on /home/airflow/sandbox/lib/python3.8/site-packages/airflow/example_dags/example_kubernetes_executor.py
[2021-07-14 23:03:31,184] {scheduler_job.py:633} INFO - Processing file /home/airflow/sandbox/lib/python3.8/site-packages/airflow/example_dags/example_kubernetes_executor.py for tasks to queue
[2021-07-14 23:03:31,184] {logging_mixin.py:104} INFO - [2021-07-14 23:03:31,184] {dagbag.py:487} INFO - Filling up the DagBag from /home/airflow/sandbox/lib/python3.8/site-packages/airflow/example_dags/example_kubernetes_executor.py
[2021-07-14 23:03:31,201] {scheduler_job.py:643} INFO - DAG(s) dict_keys(['example_kubernetes_executor']) retrieved from /home/airflow/sandbox/lib/python3.8/site-packages/airflow/example_dags/example_kubernetes_executor.py
[2021-07-14 23:03:31,218] {logging_mixin.py:104} INFO - [2021-07-14 23:03:31,218] {dag.py:1832} INFO - Sync 1 DAGs
[2021-07-14 23:03:31,231] {logging_mixin.py:104} INFO - [2021-07-14 23:03:31,231] {dag.py:2305} INFO - Setting next_dagrun for example_kubernetes_executor to None
[2021-07-14 23:03:31,247] {scheduler_job.py:190} INFO - Processing /home/airflow/sandbox/lib/python3.8/site-packages/airflow/example_dags/example_kubernetes_executor.py took 0.067 seconds
[2021-07-14 23:04:07,343] {scheduler_job.py:182} INFO - Started process (PID=1659) to work on /home/airflow/sandbox/lib/python3.8/site-packages/airflow/example_dags/example_kubernetes_executor.py
[2021-07-14 23:04:07,344] {scheduler_job.py:633} INFO - Processing file /home/airflow/sandbox/lib/python3.8/site-packages/airflow/example_dags/example_kubernetes_executor.py for tasks to queue
[2021-07-14 23:04:07,346] {logging_mixin.py:104} INFO - [2021-07-14 23:04:07,345] {dagbag.py:487} INFO - Filling up the DagBag from /home/airflow/sandbox/lib/python3.8/site-packages/airflow/example_dags/example_kubernetes_executor.py
[2021-07-14 23:04:07,367] {scheduler_job.py:643} INFO - DAG(s) dict_keys(['example_kubernetes_executor']) retrieved from /home/airflow/sandbox/lib/python3.8/site-packages/airflow/example_dags/example_kubernetes_executor.py
[2021-07-14 23:04:07,386] {logging_mixin.py:104} INFO - [2021-07-14 23:04:07,386] {dag.py:1832} INFO - Sync 1 DAGs
[2021-07-14 23:04:07,402] {logging_mixin.py:104} INFO - [2021-07-14 23:04:07,402] {dag.py:2305} INFO - Setting next_dagrun for example_kubernetes_executor to None
[2021-07-14 23:04:07,424] {scheduler_job.py:190} INFO - Processing /home/airflow/sandbox/lib/python3.8/site-packages/airflow/example_dags/example_kubernetes_executor.py took 0.084 seconds
[2021-07-14 23:04:32,764] {scheduler_job.py:182} INFO - Started process (PID=1694) to work on /home/airflow/sandbox/lib/python3.8/site-packages/airflow/example_dags/example_kubernetes_executor.py
[2021-07-14 23:04:32,766] {scheduler_job.py:633} INFO - Processing file /home/airflow/sandbox/lib/python3.8/site-packages/airflow/example_dags/example_kubernetes_executor.py for tasks to queue
[2021-07-14 23:04:32,767] {logging_mixin.py:104} INFO - [2021-07-14 23:04:32,767] {dagbag.py:487} INFO - Filling up the DagBag from /home/airflow/sandbox/lib/python3.8/site-packages/airflow/example_dags/example_kubernetes_executor.py
[2021-07-14 23:04:32,862] {scheduler_job.py:643} INFO - DAG(s) dict_keys(['example_kubernetes_executor']) retrieved from /home/airflow/sandbox/lib/python3.8/site-packages/airflow/example_dags/example_kubernetes_executor.py
[2021-07-14 23:04:32,948] {logging_mixin.py:104} INFO - [2021-07-14 23:04:32,948] {dag.py:1832} INFO - Sync 1 DAGs
[2021-07-14 23:04:33,008] {logging_mixin.py:104} INFO - [2021-07-14 23:04:33,003] {dag.py:2305} INFO - Setting next_dagrun for example_kubernetes_executor to None
[2021-07-14 23:04:33,078] {scheduler_job.py:190} INFO - Processing /home/airflow/sandbox/lib/python3.8/site-packages/airflow/example_dags/example_kubernetes_executor.py took 0.329 seconds
[2021-07-14 23:04:52,906] {scheduler_job.py:182} INFO - Started process (PID=1731) to work on /home/airflow/sandbox/lib/python3.8/site-packages/airflow/example_dags/example_kubernetes_executor.py
[2021-07-14 23:04:52,907] {scheduler_job.py:633} INFO - Processing file /home/airflow/sandbox/lib/python3.8/site-packages/airflow/example_dags/example_kubernetes_executor.py for tasks to queue
[2021-07-14 23:04:52,908] {logging_mixin.py:104} INFO - [2021-07-14 23:04:52,908] {dagbag.py:487} INFO - Filling up the DagBag from /home/airflow/sandbox/lib/python3.8/site-packages/airflow/example_dags/example_kubernetes_executor.py
[2021-07-14 23:04:52,941] {scheduler_job.py:643} INFO - DAG(s) dict_keys(['example_kubernetes_executor']) retrieved from /home/airflow/sandbox/lib/python3.8/site-packages/airflow/example_dags/example_kubernetes_executor.py
[2021-07-14 23:04:52,971] {logging_mixin.py:104} INFO - [2021-07-14 23:04:52,970] {dag.py:1832} INFO - Sync 1 DAGs
[2021-07-14 23:04:53,001] {logging_mixin.py:104} INFO - [2021-07-14 23:04:53,000] {dag.py:2305} INFO - Setting next_dagrun for example_kubernetes_executor to None
[2021-07-14 23:04:53,038] {scheduler_job.py:190} INFO - Processing /home/airflow/sandbox/lib/python3.8/site-packages/airflow/example_dags/example_kubernetes_executor.py took 0.138 seconds
[2021-07-14 23:05:17,046] {scheduler_job.py:182} INFO - Started process (PID=1764) to work on /home/airflow/sandbox/lib/python3.8/site-packages/airflow/example_dags/example_kubernetes_executor.py
[2021-07-14 23:05:17,053] {scheduler_job.py:633} INFO - Processing file /home/airflow/sandbox/lib/python3.8/site-packages/airflow/example_dags/example_kubernetes_executor.py for tasks to queue
[2021-07-14 23:05:17,054] {logging_mixin.py:104} INFO - [2021-07-14 23:05:17,054] {dagbag.py:487} INFO - Filling up the DagBag from /home/airflow/sandbox/lib/python3.8/site-packages/airflow/example_dags/example_kubernetes_executor.py
[2021-07-14 23:05:17,126] {scheduler_job.py:643} INFO - DAG(s) dict_keys(['example_kubernetes_executor']) retrieved from /home/airflow/sandbox/lib/python3.8/site-packages/airflow/example_dags/example_kubernetes_executor.py
[2021-07-14 23:05:17,167] {logging_mixin.py:104} INFO - [2021-07-14 23:05:17,167] {dag.py:1832} INFO - Sync 1 DAGs
[2021-07-14 23:05:17,187] {logging_mixin.py:104} INFO - [2021-07-14 23:05:17,186] {dag.py:2305} INFO - Setting next_dagrun for example_kubernetes_executor to None
[2021-07-14 23:05:17,226] {scheduler_job.py:190} INFO - Processing /home/airflow/sandbox/lib/python3.8/site-packages/airflow/example_dags/example_kubernetes_executor.py took 0.217 seconds
[2021-07-14 23:05:38,643] {scheduler_job.py:182} INFO - Started process (PID=1798) to work on /home/airflow/sandbox/lib/python3.8/site-packages/airflow/example_dags/example_kubernetes_executor.py
[2021-07-14 23:05:38,644] {scheduler_job.py:633} INFO - Processing file /home/airflow/sandbox/lib/python3.8/site-packages/airflow/example_dags/example_kubernetes_executor.py for tasks to queue
[2021-07-14 23:05:38,644] {logging_mixin.py:104} INFO - [2021-07-14 23:05:38,644] {dagbag.py:487} INFO - Filling up the DagBag from /home/airflow/sandbox/lib/python3.8/site-packages/airflow/example_dags/example_kubernetes_executor.py
[2021-07-14 23:05:38,654] {scheduler_job.py:643} INFO - DAG(s) dict_keys(['example_kubernetes_executor']) retrieved from /home/airflow/sandbox/lib/python3.8/site-packages/airflow/example_dags/example_kubernetes_executor.py
[2021-07-14 23:05:38,667] {logging_mixin.py:104} INFO - [2021-07-14 23:05:38,667] {dag.py:1832} INFO - Sync 1 DAGs
[2021-07-14 23:05:38,677] {logging_mixin.py:104} INFO - [2021-07-14 23:05:38,677] {dag.py:2305} INFO - Setting next_dagrun for example_kubernetes_executor to None
[2021-07-14 23:05:38,695] {scheduler_job.py:190} INFO - Processing /home/airflow/sandbox/lib/python3.8/site-packages/airflow/example_dags/example_kubernetes_executor.py took 0.055 seconds
[2021-07-14 23:05:53,052] {scheduler_job.py:182} INFO - Started process (PID=1824) to work on /home/airflow/sandbox/lib/python3.8/site-packages/airflow/example_dags/example_kubernetes_executor.py
[2021-07-14 23:05:53,053] {scheduler_job.py:633} INFO - Processing file /home/airflow/sandbox/lib/python3.8/site-packages/airflow/example_dags/example_kubernetes_executor.py for tasks to queue
[2021-07-14 23:05:53,053] {logging_mixin.py:104} INFO - [2021-07-14 23:05:53,053] {dagbag.py:487} INFO - Filling up the DagBag from /home/airflow/sandbox/lib/python3.8/site-packages/airflow/example_dags/example_kubernetes_executor.py
[2021-07-14 23:05:53,068] {scheduler_job.py:643} INFO - DAG(s) dict_keys(['example_kubernetes_executor']) retrieved from /home/airflow/sandbox/lib/python3.8/site-packages/airflow/example_dags/example_kubernetes_executor.py
[2021-07-14 23:05:53,082] {logging_mixin.py:104} INFO - [2021-07-14 23:05:53,082] {dag.py:1832} INFO - Sync 1 DAGs
[2021-07-14 23:05:53,093] {logging_mixin.py:104} INFO - [2021-07-14 23:05:53,093] {dag.py:2305} INFO - Setting next_dagrun for example_kubernetes_executor to None
[2021-07-14 23:05:53,104] {scheduler_job.py:190} INFO - Processing /home/airflow/sandbox/lib/python3.8/site-packages/airflow/example_dags/example_kubernetes_executor.py took 0.055 seconds
[2021-07-14 23:06:12,864] {scheduler_job.py:182} INFO - Started process (PID=1862) to work on /home/airflow/sandbox/lib/python3.8/site-packages/airflow/example_dags/example_kubernetes_executor.py
[2021-07-14 23:06:12,865] {scheduler_job.py:633} INFO - Processing file /home/airflow/sandbox/lib/python3.8/site-packages/airflow/example_dags/example_kubernetes_executor.py for tasks to queue
[2021-07-14 23:06:12,865] {logging_mixin.py:104} INFO - [2021-07-14 23:06:12,865] {dagbag.py:487} INFO - Filling up the DagBag from /home/airflow/sandbox/lib/python3.8/site-packages/airflow/example_dags/example_kubernetes_executor.py
[2021-07-14 23:06:12,876] {scheduler_job.py:643} INFO - DAG(s) dict_keys(['example_kubernetes_executor']) retrieved from /home/airflow/sandbox/lib/python3.8/site-packages/airflow/example_dags/example_kubernetes_executor.py
[2021-07-14 23:06:12,889] {logging_mixin.py:104} INFO - [2021-07-14 23:06:12,889] {dag.py:1832} INFO - Sync 1 DAGs
[2021-07-14 23:06:12,900] {logging_mixin.py:104} INFO - [2021-07-14 23:06:12,900] {dag.py:2305} INFO - Setting next_dagrun for example_kubernetes_executor to None
[2021-07-14 23:06:12,919] {scheduler_job.py:190} INFO - Processing /home/airflow/sandbox/lib/python3.8/site-packages/airflow/example_dags/example_kubernetes_executor.py took 0.058 seconds
[2021-07-14 23:06:26,668] {scheduler_job.py:182} INFO - Started process (PID=1887) to work on /home/airflow/sandbox/lib/python3.8/site-packages/airflow/example_dags/example_kubernetes_executor.py
[2021-07-14 23:06:26,671] {scheduler_job.py:633} INFO - Processing file /home/airflow/sandbox/lib/python3.8/site-packages/airflow/example_dags/example_kubernetes_executor.py for tasks to queue
[2021-07-14 23:06:26,673] {logging_mixin.py:104} INFO - [2021-07-14 23:06:26,672] {dagbag.py:487} INFO - Filling up the DagBag from /home/airflow/sandbox/lib/python3.8/site-packages/airflow/example_dags/example_kubernetes_executor.py
[2021-07-14 23:06:26,698] {scheduler_job.py:643} INFO - DAG(s) dict_keys(['example_kubernetes_executor']) retrieved from /home/airflow/sandbox/lib/python3.8/site-packages/airflow/example_dags/example_kubernetes_executor.py
[2021-07-14 23:06:26,725] {logging_mixin.py:104} INFO - [2021-07-14 23:06:26,724] {dag.py:1832} INFO - Sync 1 DAGs
[2021-07-14 23:06:26,748] {logging_mixin.py:104} INFO - [2021-07-14 23:06:26,747] {dag.py:2305} INFO - Setting next_dagrun for example_kubernetes_executor to None
[2021-07-14 23:06:26,767] {scheduler_job.py:190} INFO - Processing /home/airflow/sandbox/lib/python3.8/site-packages/airflow/example_dags/example_kubernetes_executor.py took 0.104 seconds
[2021-07-14 23:06:46,040] {scheduler_job.py:182} INFO - Started process (PID=1920) to work on /home/airflow/sandbox/lib/python3.8/site-packages/airflow/example_dags/example_kubernetes_executor.py
[2021-07-14 23:06:46,050] {scheduler_job.py:633} INFO - Processing file /home/airflow/sandbox/lib/python3.8/site-packages/airflow/example_dags/example_kubernetes_executor.py for tasks to queue
[2021-07-14 23:06:46,054] {logging_mixin.py:104} INFO - [2021-07-14 23:06:46,053] {dagbag.py:487} INFO - Filling up the DagBag from /home/airflow/sandbox/lib/python3.8/site-packages/airflow/example_dags/example_kubernetes_executor.py
[2021-07-14 23:06:46,288] {scheduler_job.py:643} INFO - DAG(s) dict_keys(['example_kubernetes_executor']) retrieved from /home/airflow/sandbox/lib/python3.8/site-packages/airflow/example_dags/example_kubernetes_executor.py
[2021-07-14 23:06:46,640] {logging_mixin.py:104} INFO - [2021-07-14 23:06:46,635] {dag.py:1832} INFO - Sync 1 DAGs
[2021-07-14 23:06:46,822] {logging_mixin.py:104} INFO - [2021-07-14 23:06:46,821] {dag.py:2305} INFO - Setting next_dagrun for example_kubernetes_executor to None
[2021-07-14 23:06:47,005] {scheduler_job.py:190} INFO - Processing /home/airflow/sandbox/lib/python3.8/site-packages/airflow/example_dags/example_kubernetes_executor.py took 1.004 seconds
[2021-07-14 23:07:04,507] {scheduler_job.py:182} INFO - Started process (PID=1946) to work on /home/airflow/sandbox/lib/python3.8/site-packages/airflow/example_dags/example_kubernetes_executor.py
[2021-07-14 23:07:04,508] {scheduler_job.py:633} INFO - Processing file /home/airflow/sandbox/lib/python3.8/site-packages/airflow/example_dags/example_kubernetes_executor.py for tasks to queue
[2021-07-14 23:07:04,509] {logging_mixin.py:104} INFO - [2021-07-14 23:07:04,509] {dagbag.py:487} INFO - Filling up the DagBag from /home/airflow/sandbox/lib/python3.8/site-packages/airflow/example_dags/example_kubernetes_executor.py
[2021-07-14 23:07:04,524] {scheduler_job.py:643} INFO - DAG(s) dict_keys(['example_kubernetes_executor']) retrieved from /home/airflow/sandbox/lib/python3.8/site-packages/airflow/example_dags/example_kubernetes_executor.py
[2021-07-14 23:07:04,543] {logging_mixin.py:104} INFO - [2021-07-14 23:07:04,543] {dag.py:1832} INFO - Sync 1 DAGs
[2021-07-14 23:07:04,558] {logging_mixin.py:104} INFO - [2021-07-14 23:07:04,558] {dag.py:2305} INFO - Setting next_dagrun for example_kubernetes_executor to None
[2021-07-14 23:07:04,585] {scheduler_job.py:190} INFO - Processing /home/airflow/sandbox/lib/python3.8/site-packages/airflow/example_dags/example_kubernetes_executor.py took 0.082 seconds
[2021-07-14 23:07:28,073] {scheduler_job.py:182} INFO - Started process (PID=1990) to work on /home/airflow/sandbox/lib/python3.8/site-packages/airflow/example_dags/example_kubernetes_executor.py
[2021-07-14 23:07:28,074] {scheduler_job.py:633} INFO - Processing file /home/airflow/sandbox/lib/python3.8/site-packages/airflow/example_dags/example_kubernetes_executor.py for tasks to queue
[2021-07-14 23:07:28,075] {logging_mixin.py:104} INFO - [2021-07-14 23:07:28,075] {dagbag.py:487} INFO - Filling up the DagBag from /home/airflow/sandbox/lib/python3.8/site-packages/airflow/example_dags/example_kubernetes_executor.py
[2021-07-14 23:07:28,092] {scheduler_job.py:643} INFO - DAG(s) dict_keys(['example_kubernetes_executor']) retrieved from /home/airflow/sandbox/lib/python3.8/site-packages/airflow/example_dags/example_kubernetes_executor.py
[2021-07-14 23:07:28,118] {logging_mixin.py:104} INFO - [2021-07-14 23:07:28,118] {dag.py:1832} INFO - Sync 1 DAGs
[2021-07-14 23:07:28,134] {logging_mixin.py:104} INFO - [2021-07-14 23:07:28,134] {dag.py:2305} INFO - Setting next_dagrun for example_kubernetes_executor to None
[2021-07-14 23:07:28,153] {scheduler_job.py:190} INFO - Processing /home/airflow/sandbox/lib/python3.8/site-packages/airflow/example_dags/example_kubernetes_executor.py took 0.089 seconds
[2021-07-14 23:07:38,467] {scheduler_job.py:182} INFO - Started process (PID=2013) to work on /home/airflow/sandbox/lib/python3.8/site-packages/airflow/example_dags/example_kubernetes_executor.py
[2021-07-14 23:07:38,468] {scheduler_job.py:633} INFO - Processing file /home/airflow/sandbox/lib/python3.8/site-packages/airflow/example_dags/example_kubernetes_executor.py for tasks to queue
[2021-07-14 23:07:38,469] {logging_mixin.py:104} INFO - [2021-07-14 23:07:38,469] {dagbag.py:487} INFO - Filling up the DagBag from /home/airflow/sandbox/lib/python3.8/site-packages/airflow/example_dags/example_kubernetes_executor.py
[2021-07-14 23:07:38,479] {scheduler_job.py:643} INFO - DAG(s) dict_keys(['example_kubernetes_executor']) retrieved from /home/airflow/sandbox/lib/python3.8/site-packages/airflow/example_dags/example_kubernetes_executor.py
[2021-07-14 23:07:38,495] {logging_mixin.py:104} INFO - [2021-07-14 23:07:38,494] {dag.py:1832} INFO - Sync 1 DAGs
[2021-07-14 23:07:38,517] {logging_mixin.py:104} INFO - [2021-07-14 23:07:38,517] {dag.py:2305} INFO - Setting next_dagrun for example_kubernetes_executor to None
[2021-07-14 23:07:38,541] {scheduler_job.py:190} INFO - Processing /home/airflow/sandbox/lib/python3.8/site-packages/airflow/example_dags/example_kubernetes_executor.py took 0.077 seconds
[2021-07-14 23:07:59,642] {scheduler_job.py:182} INFO - Started process (PID=2054) to work on /home/airflow/sandbox/lib/python3.8/site-packages/airflow/example_dags/example_kubernetes_executor.py
[2021-07-14 23:07:59,645] {scheduler_job.py:633} INFO - Processing file /home/airflow/sandbox/lib/python3.8/site-packages/airflow/example_dags/example_kubernetes_executor.py for tasks to queue
[2021-07-14 23:07:59,647] {logging_mixin.py:104} INFO - [2021-07-14 23:07:59,646] {dagbag.py:487} INFO - Filling up the DagBag from /home/airflow/sandbox/lib/python3.8/site-packages/airflow/example_dags/example_kubernetes_executor.py
[2021-07-14 23:07:59,666] {scheduler_job.py:643} INFO - DAG(s) dict_keys(['example_kubernetes_executor']) retrieved from /home/airflow/sandbox/lib/python3.8/site-packages/airflow/example_dags/example_kubernetes_executor.py
[2021-07-14 23:07:59,698] {logging_mixin.py:104} INFO - [2021-07-14 23:07:59,698] {dag.py:1832} INFO - Sync 1 DAGs
[2021-07-14 23:07:59,718] {logging_mixin.py:104} INFO - [2021-07-14 23:07:59,718] {dag.py:2305} INFO - Setting next_dagrun for example_kubernetes_executor to None
[2021-07-14 23:07:59,742] {scheduler_job.py:190} INFO - Processing /home/airflow/sandbox/lib/python3.8/site-packages/airflow/example_dags/example_kubernetes_executor.py took 0.105 seconds
[2021-07-14 23:08:09,798] {scheduler_job.py:182} INFO - Started process (PID=2074) to work on /home/airflow/sandbox/lib/python3.8/site-packages/airflow/example_dags/example_kubernetes_executor.py
[2021-07-14 23:08:09,799] {scheduler_job.py:633} INFO - Processing file /home/airflow/sandbox/lib/python3.8/site-packages/airflow/example_dags/example_kubernetes_executor.py for tasks to queue
[2021-07-14 23:08:09,799] {logging_mixin.py:104} INFO - [2021-07-14 23:08:09,799] {dagbag.py:487} INFO - Filling up the DagBag from /home/airflow/sandbox/lib/python3.8/site-packages/airflow/example_dags/example_kubernetes_executor.py
[2021-07-14 23:08:09,808] {scheduler_job.py:643} INFO - DAG(s) dict_keys(['example_kubernetes_executor']) retrieved from /home/airflow/sandbox/lib/python3.8/site-packages/airflow/example_dags/example_kubernetes_executor.py
[2021-07-14 23:08:09,823] {logging_mixin.py:104} INFO - [2021-07-14 23:08:09,823] {dag.py:1832} INFO - Sync 1 DAGs
[2021-07-14 23:08:09,835] {logging_mixin.py:104} INFO - [2021-07-14 23:08:09,835] {dag.py:2305} INFO - Setting next_dagrun for example_kubernetes_executor to None
[2021-07-14 23:08:09,854] {scheduler_job.py:190} INFO - Processing /home/airflow/sandbox/lib/python3.8/site-packages/airflow/example_dags/example_kubernetes_executor.py took 0.059 seconds
[2021-07-14 23:08:31,162] {scheduler_job.py:182} INFO - Started process (PID=2117) to work on /home/airflow/sandbox/lib/python3.8/site-packages/airflow/example_dags/example_kubernetes_executor.py
[2021-07-14 23:08:31,163] {scheduler_job.py:633} INFO - Processing file /home/airflow/sandbox/lib/python3.8/site-packages/airflow/example_dags/example_kubernetes_executor.py for tasks to queue
[2021-07-14 23:08:31,163] {logging_mixin.py:104} INFO - [2021-07-14 23:08:31,163] {dagbag.py:487} INFO - Filling up the DagBag from /home/airflow/sandbox/lib/python3.8/site-packages/airflow/example_dags/example_kubernetes_executor.py
[2021-07-14 23:08:31,173] {scheduler_job.py:643} INFO - DAG(s) dict_keys(['example_kubernetes_executor']) retrieved from /home/airflow/sandbox/lib/python3.8/site-packages/airflow/example_dags/example_kubernetes_executor.py
[2021-07-14 23:08:31,186] {logging_mixin.py:104} INFO - [2021-07-14 23:08:31,186] {dag.py:1832} INFO - Sync 1 DAGs
[2021-07-14 23:08:31,196] {logging_mixin.py:104} INFO - [2021-07-14 23:08:31,196] {dag.py:2305} INFO - Setting next_dagrun for example_kubernetes_executor to None
[2021-07-14 23:08:31,214] {scheduler_job.py:190} INFO - Processing /home/airflow/sandbox/lib/python3.8/site-packages/airflow/example_dags/example_kubernetes_executor.py took 0.054 seconds
[2021-07-14 23:08:41,708] {scheduler_job.py:182} INFO - Started process (PID=2136) to work on /home/airflow/sandbox/lib/python3.8/site-packages/airflow/example_dags/example_kubernetes_executor.py
[2021-07-14 23:08:41,709] {scheduler_job.py:633} INFO - Processing file /home/airflow/sandbox/lib/python3.8/site-packages/airflow/example_dags/example_kubernetes_executor.py for tasks to queue
[2021-07-14 23:08:41,710] {logging_mixin.py:104} INFO - [2021-07-14 23:08:41,710] {dagbag.py:487} INFO - Filling up the DagBag from /home/airflow/sandbox/lib/python3.8/site-packages/airflow/example_dags/example_kubernetes_executor.py
[2021-07-14 23:08:41,719] {scheduler_job.py:643} INFO - DAG(s) dict_keys(['example_kubernetes_executor']) retrieved from /home/airflow/sandbox/lib/python3.8/site-packages/airflow/example_dags/example_kubernetes_executor.py
[2021-07-14 23:08:41,731] {logging_mixin.py:104} INFO - [2021-07-14 23:08:41,731] {dag.py:1832} INFO - Sync 1 DAGs
[2021-07-14 23:08:41,740] {logging_mixin.py:104} INFO - [2021-07-14 23:08:41,739] {dag.py:2305} INFO - Setting next_dagrun for example_kubernetes_executor to None
[2021-07-14 23:08:41,751] {scheduler_job.py:190} INFO - Processing /home/airflow/sandbox/lib/python3.8/site-packages/airflow/example_dags/example_kubernetes_executor.py took 0.045 seconds
[2021-07-14 23:09:04,834] {scheduler_job.py:182} INFO - Started process (PID=2180) to work on /home/airflow/sandbox/lib/python3.8/site-packages/airflow/example_dags/example_kubernetes_executor.py
[2021-07-14 23:09:04,835] {scheduler_job.py:633} INFO - Processing file /home/airflow/sandbox/lib/python3.8/site-packages/airflow/example_dags/example_kubernetes_executor.py for tasks to queue
[2021-07-14 23:09:04,835] {logging_mixin.py:104} INFO - [2021-07-14 23:09:04,835] {dagbag.py:487} INFO - Filling up the DagBag from /home/airflow/sandbox/lib/python3.8/site-packages/airflow/example_dags/example_kubernetes_executor.py
[2021-07-14 23:09:04,845] {scheduler_job.py:643} INFO - DAG(s) dict_keys(['example_kubernetes_executor']) retrieved from /home/airflow/sandbox/lib/python3.8/site-packages/airflow/example_dags/example_kubernetes_executor.py
[2021-07-14 23:09:04,856] {logging_mixin.py:104} INFO - [2021-07-14 23:09:04,856] {dag.py:1832} INFO - Sync 1 DAGs
[2021-07-14 23:09:04,864] {logging_mixin.py:104} INFO - [2021-07-14 23:09:04,864] {dag.py:2305} INFO - Setting next_dagrun for example_kubernetes_executor to None
[2021-07-14 23:09:04,874] {scheduler_job.py:190} INFO - Processing /home/airflow/sandbox/lib/python3.8/site-packages/airflow/example_dags/example_kubernetes_executor.py took 0.042 seconds
[2021-07-14 23:09:13,529] {scheduler_job.py:182} INFO - Started process (PID=2197) to work on /home/airflow/sandbox/lib/python3.8/site-packages/airflow/example_dags/example_kubernetes_executor.py
[2021-07-14 23:09:13,530] {scheduler_job.py:633} INFO - Processing file /home/airflow/sandbox/lib/python3.8/site-packages/airflow/example_dags/example_kubernetes_executor.py for tasks to queue
[2021-07-14 23:09:13,531] {logging_mixin.py:104} INFO - [2021-07-14 23:09:13,531] {dagbag.py:487} INFO - Filling up the DagBag from /home/airflow/sandbox/lib/python3.8/site-packages/airflow/example_dags/example_kubernetes_executor.py
[2021-07-14 23:09:13,541] {scheduler_job.py:643} INFO - DAG(s) dict_keys(['example_kubernetes_executor']) retrieved from /home/airflow/sandbox/lib/python3.8/site-packages/airflow/example_dags/example_kubernetes_executor.py
[2021-07-14 23:09:13,554] {logging_mixin.py:104} INFO - [2021-07-14 23:09:13,554] {dag.py:1832} INFO - Sync 1 DAGs
[2021-07-14 23:09:13,567] {logging_mixin.py:104} INFO - [2021-07-14 23:09:13,567] {dag.py:2305} INFO - Setting next_dagrun for example_kubernetes_executor to None
[2021-07-14 23:09:13,576] {scheduler_job.py:190} INFO - Processing /home/airflow/sandbox/lib/python3.8/site-packages/airflow/example_dags/example_kubernetes_executor.py took 0.050 seconds
[2021-07-14 23:09:37,610] {scheduler_job.py:182} INFO - Started process (PID=2244) to work on /home/airflow/sandbox/lib/python3.8/site-packages/airflow/example_dags/example_kubernetes_executor.py
[2021-07-14 23:09:37,611] {scheduler_job.py:633} INFO - Processing file /home/airflow/sandbox/lib/python3.8/site-packages/airflow/example_dags/example_kubernetes_executor.py for tasks to queue
[2021-07-14 23:09:37,612] {logging_mixin.py:104} INFO - [2021-07-14 23:09:37,611] {dagbag.py:487} INFO - Filling up the DagBag from /home/airflow/sandbox/lib/python3.8/site-packages/airflow/example_dags/example_kubernetes_executor.py
[2021-07-14 23:09:37,621] {scheduler_job.py:643} INFO - DAG(s) dict_keys(['example_kubernetes_executor']) retrieved from /home/airflow/sandbox/lib/python3.8/site-packages/airflow/example_dags/example_kubernetes_executor.py
[2021-07-14 23:09:37,635] {logging_mixin.py:104} INFO - [2021-07-14 23:09:37,635] {dag.py:1832} INFO - Sync 1 DAGs
[2021-07-14 23:09:37,644] {logging_mixin.py:104} INFO - [2021-07-14 23:09:37,644] {dag.py:2305} INFO - Setting next_dagrun for example_kubernetes_executor to None
[2021-07-14 23:09:37,662] {scheduler_job.py:190} INFO - Processing /home/airflow/sandbox/lib/python3.8/site-packages/airflow/example_dags/example_kubernetes_executor.py took 0.055 seconds
[2021-07-14 23:09:45,073] {scheduler_job.py:182} INFO - Started process (PID=2257) to work on /home/airflow/sandbox/lib/python3.8/site-packages/airflow/example_dags/example_kubernetes_executor.py
[2021-07-14 23:09:45,074] {scheduler_job.py:633} INFO - Processing file /home/airflow/sandbox/lib/python3.8/site-packages/airflow/example_dags/example_kubernetes_executor.py for tasks to queue
[2021-07-14 23:09:45,074] {logging_mixin.py:104} INFO - [2021-07-14 23:09:45,074] {dagbag.py:487} INFO - Filling up the DagBag from /home/airflow/sandbox/lib/python3.8/site-packages/airflow/example_dags/example_kubernetes_executor.py
[2021-07-14 23:09:45,085] {scheduler_job.py:643} INFO - DAG(s) dict_keys(['example_kubernetes_executor']) retrieved from /home/airflow/sandbox/lib/python3.8/site-packages/airflow/example_dags/example_kubernetes_executor.py
[2021-07-14 23:09:45,097] {logging_mixin.py:104} INFO - [2021-07-14 23:09:45,097] {dag.py:1832} INFO - Sync 1 DAGs
[2021-07-14 23:09:45,106] {logging_mixin.py:104} INFO - [2021-07-14 23:09:45,106] {dag.py:2305} INFO - Setting next_dagrun for example_kubernetes_executor to None
[2021-07-14 23:09:45,126] {scheduler_job.py:190} INFO - Processing /home/airflow/sandbox/lib/python3.8/site-packages/airflow/example_dags/example_kubernetes_executor.py took 0.056 seconds
[2021-07-14 23:10:10,708] {scheduler_job.py:182} INFO - Started process (PID=2308) to work on /home/airflow/sandbox/lib/python3.8/site-packages/airflow/example_dags/example_kubernetes_executor.py
[2021-07-14 23:10:10,710] {scheduler_job.py:633} INFO - Processing file /home/airflow/sandbox/lib/python3.8/site-packages/airflow/example_dags/example_kubernetes_executor.py for tasks to queue
[2021-07-14 23:10:10,711] {logging_mixin.py:104} INFO - [2021-07-14 23:10:10,711] {dagbag.py:487} INFO - Filling up the DagBag from /home/airflow/sandbox/lib/python3.8/site-packages/airflow/example_dags/example_kubernetes_executor.py
[2021-07-14 23:10:10,724] {scheduler_job.py:643} INFO - DAG(s) dict_keys(['example_kubernetes_executor']) retrieved from /home/airflow/sandbox/lib/python3.8/site-packages/airflow/example_dags/example_kubernetes_executor.py
[2021-07-14 23:10:10,754] {logging_mixin.py:104} INFO - [2021-07-14 23:10:10,754] {dag.py:1832} INFO - Sync 1 DAGs
[2021-07-14 23:10:10,773] {logging_mixin.py:104} INFO - [2021-07-14 23:10:10,772] {dag.py:2305} INFO - Setting next_dagrun for example_kubernetes_executor to None
[2021-07-14 23:10:10,801] {scheduler_job.py:190} INFO - Processing /home/airflow/sandbox/lib/python3.8/site-packages/airflow/example_dags/example_kubernetes_executor.py took 0.096 seconds
[2021-07-14 23:10:15,712] {scheduler_job.py:182} INFO - Started process (PID=2318) to work on /home/airflow/sandbox/lib/python3.8/site-packages/airflow/example_dags/example_kubernetes_executor.py
[2021-07-14 23:10:15,713] {scheduler_job.py:633} INFO - Processing file /home/airflow/sandbox/lib/python3.8/site-packages/airflow/example_dags/example_kubernetes_executor.py for tasks to queue
[2021-07-14 23:10:15,714] {logging_mixin.py:104} INFO - [2021-07-14 23:10:15,714] {dagbag.py:487} INFO - Filling up the DagBag from /home/airflow/sandbox/lib/python3.8/site-packages/airflow/example_dags/example_kubernetes_executor.py
[2021-07-14 23:10:15,725] {scheduler_job.py:643} INFO - DAG(s) dict_keys(['example_kubernetes_executor']) retrieved from /home/airflow/sandbox/lib/python3.8/site-packages/airflow/example_dags/example_kubernetes_executor.py
[2021-07-14 23:10:15,741] {logging_mixin.py:104} INFO - [2021-07-14 23:10:15,741] {dag.py:1832} INFO - Sync 1 DAGs
[2021-07-14 23:10:15,752] {logging_mixin.py:104} INFO - [2021-07-14 23:10:15,752] {dag.py:2305} INFO - Setting next_dagrun for example_kubernetes_executor to None
[2021-07-14 23:10:15,764] {scheduler_job.py:190} INFO - Processing /home/airflow/sandbox/lib/python3.8/site-packages/airflow/example_dags/example_kubernetes_executor.py took 0.056 seconds
[2021-07-14 23:10:52,210] {scheduler_job.py:182} INFO - Started process (PID=2374) to work on /home/airflow/sandbox/lib/python3.8/site-packages/airflow/example_dags/example_kubernetes_executor.py
[2021-07-14 23:10:52,229] {scheduler_job.py:633} INFO - Processing file /home/airflow/sandbox/lib/python3.8/site-packages/airflow/example_dags/example_kubernetes_executor.py for tasks to queue
[2021-07-14 23:10:52,236] {logging_mixin.py:104} INFO - [2021-07-14 23:10:52,231] {dagbag.py:487} INFO - Filling up the DagBag from /home/airflow/sandbox/lib/python3.8/site-packages/airflow/example_dags/example_kubernetes_executor.py
[2021-07-14 23:10:52,501] {scheduler_job.py:643} INFO - DAG(s) dict_keys(['example_kubernetes_executor']) retrieved from /home/airflow/sandbox/lib/python3.8/site-packages/airflow/example_dags/example_kubernetes_executor.py
[2021-07-14 23:10:52,690] {logging_mixin.py:104} INFO - [2021-07-14 23:10:52,689] {dag.py:1832} INFO - Sync 1 DAGs
[2021-07-14 23:10:52,890] {logging_mixin.py:104} INFO - [2021-07-14 23:10:52,889] {dag.py:2305} INFO - Setting next_dagrun for example_kubernetes_executor to None
[2021-07-14 23:10:53,069] {scheduler_job.py:190} INFO - Processing /home/airflow/sandbox/lib/python3.8/site-packages/airflow/example_dags/example_kubernetes_executor.py took 0.890 seconds
[2021-07-14 23:10:57,969] {scheduler_job.py:182} INFO - Started process (PID=2379) to work on /home/airflow/sandbox/lib/python3.8/site-packages/airflow/example_dags/example_kubernetes_executor.py
[2021-07-14 23:10:57,974] {scheduler_job.py:633} INFO - Processing file /home/airflow/sandbox/lib/python3.8/site-packages/airflow/example_dags/example_kubernetes_executor.py for tasks to queue
[2021-07-14 23:10:57,977] {logging_mixin.py:104} INFO - [2021-07-14 23:10:57,976] {dagbag.py:487} INFO - Filling up the DagBag from /home/airflow/sandbox/lib/python3.8/site-packages/airflow/example_dags/example_kubernetes_executor.py
[2021-07-14 23:10:58,030] {scheduler_job.py:643} INFO - DAG(s) dict_keys(['example_kubernetes_executor']) retrieved from /home/airflow/sandbox/lib/python3.8/site-packages/airflow/example_dags/example_kubernetes_executor.py
[2021-07-14 23:10:58,097] {logging_mixin.py:104} INFO - [2021-07-14 23:10:58,096] {dag.py:1832} INFO - Sync 1 DAGs
[2021-07-14 23:10:58,173] {logging_mixin.py:104} INFO - [2021-07-14 23:10:58,172] {dag.py:2305} INFO - Setting next_dagrun for example_kubernetes_executor to None
[2021-07-14 23:10:58,257] {scheduler_job.py:190} INFO - Processing /home/airflow/sandbox/lib/python3.8/site-packages/airflow/example_dags/example_kubernetes_executor.py took 0.301 seconds
[2021-07-14 23:11:34,022] {scheduler_job.py:182} INFO - Started process (PID=2435) to work on /home/airflow/sandbox/lib/python3.8/site-packages/airflow/example_dags/example_kubernetes_executor.py
[2021-07-14 23:11:34,023] {scheduler_job.py:633} INFO - Processing file /home/airflow/sandbox/lib/python3.8/site-packages/airflow/example_dags/example_kubernetes_executor.py for tasks to queue
[2021-07-14 23:11:34,023] {logging_mixin.py:104} INFO - [2021-07-14 23:11:34,023] {dagbag.py:487} INFO - Filling up the DagBag from /home/airflow/sandbox/lib/python3.8/site-packages/airflow/example_dags/example_kubernetes_executor.py
[2021-07-14 23:11:34,033] {scheduler_job.py:643} INFO - DAG(s) dict_keys(['example_kubernetes_executor']) retrieved from /home/airflow/sandbox/lib/python3.8/site-packages/airflow/example_dags/example_kubernetes_executor.py
[2021-07-14 23:11:34,046] {logging_mixin.py:104} INFO - [2021-07-14 23:11:34,046] {dag.py:1832} INFO - Sync 1 DAGs
[2021-07-14 23:11:34,056] {logging_mixin.py:104} INFO - [2021-07-14 23:11:34,056] {dag.py:2305} INFO - Setting next_dagrun for example_kubernetes_executor to None
[2021-07-14 23:11:34,069] {scheduler_job.py:190} INFO - Processing /home/airflow/sandbox/lib/python3.8/site-packages/airflow/example_dags/example_kubernetes_executor.py took 0.050 seconds
[2021-07-14 23:11:36,031] {scheduler_job.py:182} INFO - Started process (PID=2439) to work on /home/airflow/sandbox/lib/python3.8/site-packages/airflow/example_dags/example_kubernetes_executor.py
[2021-07-14 23:11:36,033] {scheduler_job.py:633} INFO - Processing file /home/airflow/sandbox/lib/python3.8/site-packages/airflow/example_dags/example_kubernetes_executor.py for tasks to queue
[2021-07-14 23:11:36,033] {logging_mixin.py:104} INFO - [2021-07-14 23:11:36,033] {dagbag.py:487} INFO - Filling up the DagBag from /home/airflow/sandbox/lib/python3.8/site-packages/airflow/example_dags/example_kubernetes_executor.py
[2021-07-14 23:11:36,042] {scheduler_job.py:643} INFO - DAG(s) dict_keys(['example_kubernetes_executor']) retrieved from /home/airflow/sandbox/lib/python3.8/site-packages/airflow/example_dags/example_kubernetes_executor.py
[2021-07-14 23:11:36,055] {logging_mixin.py:104} INFO - [2021-07-14 23:11:36,055] {dag.py:1832} INFO - Sync 1 DAGs
[2021-07-14 23:11:36,064] {logging_mixin.py:104} INFO - [2021-07-14 23:11:36,064] {dag.py:2305} INFO - Setting next_dagrun for example_kubernetes_executor to None
[2021-07-14 23:11:36,074] {scheduler_job.py:190} INFO - Processing /home/airflow/sandbox/lib/python3.8/site-packages/airflow/example_dags/example_kubernetes_executor.py took 0.046 seconds
[2021-07-14 23:12:05,497] {scheduler_job.py:182} INFO - Started process (PID=2496) to work on /home/airflow/sandbox/lib/python3.8/site-packages/airflow/example_dags/example_kubernetes_executor.py
[2021-07-14 23:12:05,498] {scheduler_job.py:633} INFO - Processing file /home/airflow/sandbox/lib/python3.8/site-packages/airflow/example_dags/example_kubernetes_executor.py for tasks to queue
[2021-07-14 23:12:05,499] {logging_mixin.py:104} INFO - [2021-07-14 23:12:05,499] {dagbag.py:487} INFO - Filling up the DagBag from /home/airflow/sandbox/lib/python3.8/site-packages/airflow/example_dags/example_kubernetes_executor.py
[2021-07-14 23:12:05,508] {scheduler_job.py:643} INFO - DAG(s) dict_keys(['example_kubernetes_executor']) retrieved from /home/airflow/sandbox/lib/python3.8/site-packages/airflow/example_dags/example_kubernetes_executor.py
[2021-07-14 23:12:05,521] {logging_mixin.py:104} INFO - [2021-07-14 23:12:05,521] {dag.py:1832} INFO - Sync 1 DAGs
[2021-07-14 23:12:05,529] {logging_mixin.py:104} INFO - [2021-07-14 23:12:05,529] {dag.py:2305} INFO - Setting next_dagrun for example_kubernetes_executor to None
[2021-07-14 23:12:05,549] {scheduler_job.py:190} INFO - Processing /home/airflow/sandbox/lib/python3.8/site-packages/airflow/example_dags/example_kubernetes_executor.py took 0.055 seconds
[2021-07-14 23:12:07,561] {scheduler_job.py:182} INFO - Started process (PID=2501) to work on /home/airflow/sandbox/lib/python3.8/site-packages/airflow/example_dags/example_kubernetes_executor.py
[2021-07-14 23:12:07,562] {scheduler_job.py:633} INFO - Processing file /home/airflow/sandbox/lib/python3.8/site-packages/airflow/example_dags/example_kubernetes_executor.py for tasks to queue
[2021-07-14 23:12:07,562] {logging_mixin.py:104} INFO - [2021-07-14 23:12:07,562] {dagbag.py:487} INFO - Filling up the DagBag from /home/airflow/sandbox/lib/python3.8/site-packages/airflow/example_dags/example_kubernetes_executor.py
[2021-07-14 23:12:07,572] {scheduler_job.py:643} INFO - DAG(s) dict_keys(['example_kubernetes_executor']) retrieved from /home/airflow/sandbox/lib/python3.8/site-packages/airflow/example_dags/example_kubernetes_executor.py
[2021-07-14 23:12:07,584] {logging_mixin.py:104} INFO - [2021-07-14 23:12:07,584] {dag.py:1832} INFO - Sync 1 DAGs
[2021-07-14 23:12:07,592] {logging_mixin.py:104} INFO - [2021-07-14 23:12:07,592] {dag.py:2305} INFO - Setting next_dagrun for example_kubernetes_executor to None
[2021-07-14 23:12:07,604] {scheduler_job.py:190} INFO - Processing /home/airflow/sandbox/lib/python3.8/site-packages/airflow/example_dags/example_kubernetes_executor.py took 0.046 seconds
[2021-07-14 23:12:40,845] {scheduler_job.py:182} INFO - Started process (PID=2562) to work on /home/airflow/sandbox/lib/python3.8/site-packages/airflow/example_dags/example_kubernetes_executor.py
[2021-07-14 23:12:40,846] {scheduler_job.py:633} INFO - Processing file /home/airflow/sandbox/lib/python3.8/site-packages/airflow/example_dags/example_kubernetes_executor.py for tasks to queue
[2021-07-14 23:12:40,846] {logging_mixin.py:104} INFO - [2021-07-14 23:12:40,846] {dagbag.py:487} INFO - Filling up the DagBag from /home/airflow/sandbox/lib/python3.8/site-packages/airflow/example_dags/example_kubernetes_executor.py
[2021-07-14 23:12:40,858] {scheduler_job.py:643} INFO - DAG(s) dict_keys(['example_kubernetes_executor']) retrieved from /home/airflow/sandbox/lib/python3.8/site-packages/airflow/example_dags/example_kubernetes_executor.py
[2021-07-14 23:12:40,874] {logging_mixin.py:104} INFO - [2021-07-14 23:12:40,874] {dag.py:1832} INFO - Sync 1 DAGs
[2021-07-14 23:12:40,893] {logging_mixin.py:104} INFO - [2021-07-14 23:12:40,892] {dag.py:2305} INFO - Setting next_dagrun for example_kubernetes_executor to None
[2021-07-14 23:12:40,904] {scheduler_job.py:190} INFO - Processing /home/airflow/sandbox/lib/python3.8/site-packages/airflow/example_dags/example_kubernetes_executor.py took 0.061 seconds
[2021-07-14 23:12:41,045] {scheduler_job.py:182} INFO - Started process (PID=2563) to work on /home/airflow/sandbox/lib/python3.8/site-packages/airflow/example_dags/example_kubernetes_executor.py
[2021-07-14 23:12:41,046] {scheduler_job.py:633} INFO - Processing file /home/airflow/sandbox/lib/python3.8/site-packages/airflow/example_dags/example_kubernetes_executor.py for tasks to queue
[2021-07-14 23:12:41,047] {logging_mixin.py:104} INFO - [2021-07-14 23:12:41,047] {dagbag.py:487} INFO - Filling up the DagBag from /home/airflow/sandbox/lib/python3.8/site-packages/airflow/example_dags/example_kubernetes_executor.py
[2021-07-14 23:12:41,058] {scheduler_job.py:643} INFO - DAG(s) dict_keys(['example_kubernetes_executor']) retrieved from /home/airflow/sandbox/lib/python3.8/site-packages/airflow/example_dags/example_kubernetes_executor.py
[2021-07-14 23:12:41,072] {logging_mixin.py:104} INFO - [2021-07-14 23:12:41,072] {dag.py:1832} INFO - Sync 1 DAGs
[2021-07-14 23:12:41,081] {logging_mixin.py:104} INFO - [2021-07-14 23:12:41,081] {dag.py:2305} INFO - Setting next_dagrun for example_kubernetes_executor to None
[2021-07-14 23:12:41,097] {scheduler_job.py:190} INFO - Processing /home/airflow/sandbox/lib/python3.8/site-packages/airflow/example_dags/example_kubernetes_executor.py took 0.055 seconds
[2021-07-14 23:48:58,354] {scheduler_job.py:182} INFO - Started process (PID=1854) to work on /home/airflow/sandbox/lib/python3.8/site-packages/airflow/example_dags/example_kubernetes_executor.py
[2021-07-14 23:48:58,356] {scheduler_job.py:633} INFO - Processing file /home/airflow/sandbox/lib/python3.8/site-packages/airflow/example_dags/example_kubernetes_executor.py for tasks to queue
[2021-07-14 23:48:58,356] {logging_mixin.py:104} INFO - [2021-07-14 23:48:58,356] {dagbag.py:487} INFO - Filling up the DagBag from /home/airflow/sandbox/lib/python3.8/site-packages/airflow/example_dags/example_kubernetes_executor.py
[2021-07-14 23:48:58,366] {scheduler_job.py:643} INFO - DAG(s) dict_keys(['example_kubernetes_executor']) retrieved from /home/airflow/sandbox/lib/python3.8/site-packages/airflow/example_dags/example_kubernetes_executor.py
[2021-07-14 23:48:58,377] {logging_mixin.py:104} INFO - [2021-07-14 23:48:58,377] {dag.py:1832} INFO - Sync 1 DAGs
[2021-07-14 23:48:58,385] {logging_mixin.py:104} INFO - [2021-07-14 23:48:58,385] {dag.py:2305} INFO - Setting next_dagrun for example_kubernetes_executor to None
[2021-07-14 23:48:58,395] {scheduler_job.py:190} INFO - Processing /home/airflow/sandbox/lib/python3.8/site-packages/airflow/example_dags/example_kubernetes_executor.py took 0.043 seconds
[2021-07-14 23:49:31,910] {scheduler_job.py:182} INFO - Started process (PID=1885) to work on /home/airflow/sandbox/lib/python3.8/site-packages/airflow/example_dags/example_kubernetes_executor.py
[2021-07-14 23:49:31,922] {scheduler_job.py:633} INFO - Processing file /home/airflow/sandbox/lib/python3.8/site-packages/airflow/example_dags/example_kubernetes_executor.py for tasks to queue
[2021-07-14 23:49:31,932] {logging_mixin.py:104} INFO - [2021-07-14 23:49:31,930] {dagbag.py:487} INFO - Filling up the DagBag from /home/airflow/sandbox/lib/python3.8/site-packages/airflow/example_dags/example_kubernetes_executor.py
[2021-07-14 23:49:31,978] {scheduler_job.py:643} INFO - DAG(s) dict_keys(['example_kubernetes_executor']) retrieved from /home/airflow/sandbox/lib/python3.8/site-packages/airflow/example_dags/example_kubernetes_executor.py
[2021-07-14 23:49:32,020] {logging_mixin.py:104} INFO - [2021-07-14 23:49:32,020] {dag.py:1832} INFO - Sync 1 DAGs
[2021-07-14 23:49:32,062] {logging_mixin.py:104} INFO - [2021-07-14 23:49:32,062] {dag.py:2305} INFO - Setting next_dagrun for example_kubernetes_executor to None
[2021-07-14 23:49:32,102] {scheduler_job.py:190} INFO - Processing /home/airflow/sandbox/lib/python3.8/site-packages/airflow/example_dags/example_kubernetes_executor.py took 0.196 seconds
[2021-07-14 23:50:04,216] {scheduler_job.py:182} INFO - Started process (PID=1916) to work on /home/airflow/sandbox/lib/python3.8/site-packages/airflow/example_dags/example_kubernetes_executor.py
[2021-07-14 23:50:04,217] {scheduler_job.py:633} INFO - Processing file /home/airflow/sandbox/lib/python3.8/site-packages/airflow/example_dags/example_kubernetes_executor.py for tasks to queue
[2021-07-14 23:50:04,217] {logging_mixin.py:104} INFO - [2021-07-14 23:50:04,217] {dagbag.py:487} INFO - Filling up the DagBag from /home/airflow/sandbox/lib/python3.8/site-packages/airflow/example_dags/example_kubernetes_executor.py
[2021-07-14 23:50:04,239] {scheduler_job.py:643} INFO - DAG(s) dict_keys(['example_kubernetes_executor']) retrieved from /home/airflow/sandbox/lib/python3.8/site-packages/airflow/example_dags/example_kubernetes_executor.py
[2021-07-14 23:50:04,267] {logging_mixin.py:104} INFO - [2021-07-14 23:50:04,267] {dag.py:1832} INFO - Sync 1 DAGs
[2021-07-14 23:50:04,290] {logging_mixin.py:104} INFO - [2021-07-14 23:50:04,290] {dag.py:2305} INFO - Setting next_dagrun for example_kubernetes_executor to None
[2021-07-14 23:50:04,313] {scheduler_job.py:190} INFO - Processing /home/airflow/sandbox/lib/python3.8/site-packages/airflow/example_dags/example_kubernetes_executor.py took 0.101 seconds
[2021-07-14 23:50:36,297] {scheduler_job.py:182} INFO - Started process (PID=1947) to work on /home/airflow/sandbox/lib/python3.8/site-packages/airflow/example_dags/example_kubernetes_executor.py
[2021-07-14 23:50:36,298] {scheduler_job.py:633} INFO - Processing file /home/airflow/sandbox/lib/python3.8/site-packages/airflow/example_dags/example_kubernetes_executor.py for tasks to queue
[2021-07-14 23:50:36,299] {logging_mixin.py:104} INFO - [2021-07-14 23:50:36,299] {dagbag.py:487} INFO - Filling up the DagBag from /home/airflow/sandbox/lib/python3.8/site-packages/airflow/example_dags/example_kubernetes_executor.py
[2021-07-14 23:50:36,309] {scheduler_job.py:643} INFO - DAG(s) dict_keys(['example_kubernetes_executor']) retrieved from /home/airflow/sandbox/lib/python3.8/site-packages/airflow/example_dags/example_kubernetes_executor.py
[2021-07-14 23:50:36,323] {logging_mixin.py:104} INFO - [2021-07-14 23:50:36,323] {dag.py:1832} INFO - Sync 1 DAGs
[2021-07-14 23:50:36,333] {logging_mixin.py:104} INFO - [2021-07-14 23:50:36,333] {dag.py:2305} INFO - Setting next_dagrun for example_kubernetes_executor to None
[2021-07-14 23:50:36,342] {scheduler_job.py:190} INFO - Processing /home/airflow/sandbox/lib/python3.8/site-packages/airflow/example_dags/example_kubernetes_executor.py took 0.048 seconds
[2021-07-14 23:51:13,517] {scheduler_job.py:182} INFO - Started process (PID=1980) to work on /home/airflow/sandbox/lib/python3.8/site-packages/airflow/example_dags/example_kubernetes_executor.py
[2021-07-14 23:51:13,520] {scheduler_job.py:633} INFO - Processing file /home/airflow/sandbox/lib/python3.8/site-packages/airflow/example_dags/example_kubernetes_executor.py for tasks to queue
[2021-07-14 23:51:13,521] {logging_mixin.py:104} INFO - [2021-07-14 23:51:13,521] {dagbag.py:487} INFO - Filling up the DagBag from /home/airflow/sandbox/lib/python3.8/site-packages/airflow/example_dags/example_kubernetes_executor.py
[2021-07-14 23:51:13,541] {scheduler_job.py:643} INFO - DAG(s) dict_keys(['example_kubernetes_executor']) retrieved from /home/airflow/sandbox/lib/python3.8/site-packages/airflow/example_dags/example_kubernetes_executor.py
[2021-07-14 23:51:13,566] {logging_mixin.py:104} INFO - [2021-07-14 23:51:13,566] {dag.py:1832} INFO - Sync 1 DAGs
[2021-07-14 23:51:13,588] {logging_mixin.py:104} INFO - [2021-07-14 23:51:13,587] {dag.py:2305} INFO - Setting next_dagrun for example_kubernetes_executor to None
[2021-07-14 23:51:13,609] {scheduler_job.py:190} INFO - Processing /home/airflow/sandbox/lib/python3.8/site-packages/airflow/example_dags/example_kubernetes_executor.py took 0.096 seconds
[2021-07-14 23:51:57,994] {scheduler_job.py:182} INFO - Started process (PID=2011) to work on /home/airflow/sandbox/lib/python3.8/site-packages/airflow/example_dags/example_kubernetes_executor.py
[2021-07-14 23:51:57,999] {scheduler_job.py:633} INFO - Processing file /home/airflow/sandbox/lib/python3.8/site-packages/airflow/example_dags/example_kubernetes_executor.py for tasks to queue
[2021-07-14 23:51:58,001] {logging_mixin.py:104} INFO - [2021-07-14 23:51:58,001] {dagbag.py:487} INFO - Filling up the DagBag from /home/airflow/sandbox/lib/python3.8/site-packages/airflow/example_dags/example_kubernetes_executor.py
[2021-07-14 23:51:58,056] {scheduler_job.py:643} INFO - DAG(s) dict_keys(['example_kubernetes_executor']) retrieved from /home/airflow/sandbox/lib/python3.8/site-packages/airflow/example_dags/example_kubernetes_executor.py
[2021-07-14 23:51:58,128] {logging_mixin.py:104} INFO - [2021-07-14 23:51:58,128] {dag.py:1832} INFO - Sync 1 DAGs
[2021-07-14 23:51:58,182] {logging_mixin.py:104} INFO - [2021-07-14 23:51:58,182] {dag.py:2305} INFO - Setting next_dagrun for example_kubernetes_executor to None
[2021-07-14 23:51:58,225] {scheduler_job.py:190} INFO - Processing /home/airflow/sandbox/lib/python3.8/site-packages/airflow/example_dags/example_kubernetes_executor.py took 0.241 seconds
[2021-07-14 23:52:29,693] {scheduler_job.py:182} INFO - Started process (PID=2042) to work on /home/airflow/sandbox/lib/python3.8/site-packages/airflow/example_dags/example_kubernetes_executor.py
[2021-07-14 23:52:29,694] {scheduler_job.py:633} INFO - Processing file /home/airflow/sandbox/lib/python3.8/site-packages/airflow/example_dags/example_kubernetes_executor.py for tasks to queue
[2021-07-14 23:52:29,698] {logging_mixin.py:104} INFO - [2021-07-14 23:52:29,698] {dagbag.py:487} INFO - Filling up the DagBag from /home/airflow/sandbox/lib/python3.8/site-packages/airflow/example_dags/example_kubernetes_executor.py
[2021-07-14 23:52:29,708] {scheduler_job.py:643} INFO - DAG(s) dict_keys(['example_kubernetes_executor']) retrieved from /home/airflow/sandbox/lib/python3.8/site-packages/airflow/example_dags/example_kubernetes_executor.py
[2021-07-14 23:52:29,722] {logging_mixin.py:104} INFO - [2021-07-14 23:52:29,722] {dag.py:1832} INFO - Sync 1 DAGs
[2021-07-14 23:52:29,732] {logging_mixin.py:104} INFO - [2021-07-14 23:52:29,732] {dag.py:2305} INFO - Setting next_dagrun for example_kubernetes_executor to None
[2021-07-14 23:52:29,751] {scheduler_job.py:190} INFO - Processing /home/airflow/sandbox/lib/python3.8/site-packages/airflow/example_dags/example_kubernetes_executor.py took 0.060 seconds
[2021-07-14 23:53:01,672] {scheduler_job.py:182} INFO - Started process (PID=2073) to work on /home/airflow/sandbox/lib/python3.8/site-packages/airflow/example_dags/example_kubernetes_executor.py
[2021-07-14 23:53:01,673] {scheduler_job.py:633} INFO - Processing file /home/airflow/sandbox/lib/python3.8/site-packages/airflow/example_dags/example_kubernetes_executor.py for tasks to queue
[2021-07-14 23:53:01,674] {logging_mixin.py:104} INFO - [2021-07-14 23:53:01,674] {dagbag.py:487} INFO - Filling up the DagBag from /home/airflow/sandbox/lib/python3.8/site-packages/airflow/example_dags/example_kubernetes_executor.py
[2021-07-14 23:53:01,684] {scheduler_job.py:643} INFO - DAG(s) dict_keys(['example_kubernetes_executor']) retrieved from /home/airflow/sandbox/lib/python3.8/site-packages/airflow/example_dags/example_kubernetes_executor.py
[2021-07-14 23:53:01,696] {logging_mixin.py:104} INFO - [2021-07-14 23:53:01,696] {dag.py:1832} INFO - Sync 1 DAGs
[2021-07-14 23:53:01,704] {logging_mixin.py:104} INFO - [2021-07-14 23:53:01,704] {dag.py:2305} INFO - Setting next_dagrun for example_kubernetes_executor to None
[2021-07-14 23:53:01,714] {scheduler_job.py:190} INFO - Processing /home/airflow/sandbox/lib/python3.8/site-packages/airflow/example_dags/example_kubernetes_executor.py took 0.044 seconds
[2021-07-14 23:53:34,238] {scheduler_job.py:182} INFO - Started process (PID=2104) to work on /home/airflow/sandbox/lib/python3.8/site-packages/airflow/example_dags/example_kubernetes_executor.py
[2021-07-14 23:53:34,239] {scheduler_job.py:633} INFO - Processing file /home/airflow/sandbox/lib/python3.8/site-packages/airflow/example_dags/example_kubernetes_executor.py for tasks to queue
[2021-07-14 23:53:34,240] {logging_mixin.py:104} INFO - [2021-07-14 23:53:34,239] {dagbag.py:487} INFO - Filling up the DagBag from /home/airflow/sandbox/lib/python3.8/site-packages/airflow/example_dags/example_kubernetes_executor.py
[2021-07-14 23:53:34,250] {scheduler_job.py:643} INFO - DAG(s) dict_keys(['example_kubernetes_executor']) retrieved from /home/airflow/sandbox/lib/python3.8/site-packages/airflow/example_dags/example_kubernetes_executor.py
[2021-07-14 23:53:34,262] {logging_mixin.py:104} INFO - [2021-07-14 23:53:34,262] {dag.py:1832} INFO - Sync 1 DAGs
[2021-07-14 23:53:34,272] {logging_mixin.py:104} INFO - [2021-07-14 23:53:34,272] {dag.py:2305} INFO - Setting next_dagrun for example_kubernetes_executor to None
[2021-07-14 23:53:34,290] {scheduler_job.py:190} INFO - Processing /home/airflow/sandbox/lib/python3.8/site-packages/airflow/example_dags/example_kubernetes_executor.py took 0.054 seconds
[2021-07-14 23:54:08,353] {scheduler_job.py:182} INFO - Started process (PID=2137) to work on /home/airflow/sandbox/lib/python3.8/site-packages/airflow/example_dags/example_kubernetes_executor.py
[2021-07-14 23:54:08,354] {scheduler_job.py:633} INFO - Processing file /home/airflow/sandbox/lib/python3.8/site-packages/airflow/example_dags/example_kubernetes_executor.py for tasks to queue
[2021-07-14 23:54:08,355] {logging_mixin.py:104} INFO - [2021-07-14 23:54:08,355] {dagbag.py:487} INFO - Filling up the DagBag from /home/airflow/sandbox/lib/python3.8/site-packages/airflow/example_dags/example_kubernetes_executor.py
[2021-07-14 23:54:08,364] {scheduler_job.py:643} INFO - DAG(s) dict_keys(['example_kubernetes_executor']) retrieved from /home/airflow/sandbox/lib/python3.8/site-packages/airflow/example_dags/example_kubernetes_executor.py
[2021-07-14 23:54:08,378] {logging_mixin.py:104} INFO - [2021-07-14 23:54:08,378] {dag.py:1832} INFO - Sync 1 DAGs
[2021-07-14 23:54:08,389] {logging_mixin.py:104} INFO - [2021-07-14 23:54:08,389] {dag.py:2305} INFO - Setting next_dagrun for example_kubernetes_executor to None
[2021-07-14 23:54:08,407] {scheduler_job.py:190} INFO - Processing /home/airflow/sandbox/lib/python3.8/site-packages/airflow/example_dags/example_kubernetes_executor.py took 0.056 seconds
[2021-07-14 23:54:39,450] {scheduler_job.py:182} INFO - Started process (PID=2168) to work on /home/airflow/sandbox/lib/python3.8/site-packages/airflow/example_dags/example_kubernetes_executor.py
[2021-07-14 23:54:39,451] {scheduler_job.py:633} INFO - Processing file /home/airflow/sandbox/lib/python3.8/site-packages/airflow/example_dags/example_kubernetes_executor.py for tasks to queue
[2021-07-14 23:54:39,452] {logging_mixin.py:104} INFO - [2021-07-14 23:54:39,451] {dagbag.py:487} INFO - Filling up the DagBag from /home/airflow/sandbox/lib/python3.8/site-packages/airflow/example_dags/example_kubernetes_executor.py
[2021-07-14 23:54:39,461] {scheduler_job.py:643} INFO - DAG(s) dict_keys(['example_kubernetes_executor']) retrieved from /home/airflow/sandbox/lib/python3.8/site-packages/airflow/example_dags/example_kubernetes_executor.py
[2021-07-14 23:54:39,474] {logging_mixin.py:104} INFO - [2021-07-14 23:54:39,474] {dag.py:1832} INFO - Sync 1 DAGs
[2021-07-14 23:54:39,484] {logging_mixin.py:104} INFO - [2021-07-14 23:54:39,484] {dag.py:2305} INFO - Setting next_dagrun for example_kubernetes_executor to None
[2021-07-14 23:54:39,502] {scheduler_job.py:190} INFO - Processing /home/airflow/sandbox/lib/python3.8/site-packages/airflow/example_dags/example_kubernetes_executor.py took 0.054 seconds
[2021-07-14 23:55:50,062] {scheduler_job.py:182} INFO - Started process (PID=2245) to work on /home/airflow/sandbox/lib/python3.8/site-packages/airflow/example_dags/example_kubernetes_executor.py
[2021-07-14 23:55:50,063] {scheduler_job.py:633} INFO - Processing file /home/airflow/sandbox/lib/python3.8/site-packages/airflow/example_dags/example_kubernetes_executor.py for tasks to queue
[2021-07-14 23:55:50,063] {logging_mixin.py:104} INFO - [2021-07-14 23:55:50,063] {dagbag.py:487} INFO - Filling up the DagBag from /home/airflow/sandbox/lib/python3.8/site-packages/airflow/example_dags/example_kubernetes_executor.py
[2021-07-14 23:55:50,074] {scheduler_job.py:643} INFO - DAG(s) dict_keys(['example_kubernetes_executor']) retrieved from /home/airflow/sandbox/lib/python3.8/site-packages/airflow/example_dags/example_kubernetes_executor.py
[2021-07-14 23:55:50,087] {logging_mixin.py:104} INFO - [2021-07-14 23:55:50,087] {dag.py:1832} INFO - Sync 1 DAGs
[2021-07-14 23:55:50,098] {logging_mixin.py:104} INFO - [2021-07-14 23:55:50,098] {dag.py:2305} INFO - Setting next_dagrun for example_kubernetes_executor to None
[2021-07-14 23:55:50,114] {scheduler_job.py:190} INFO - Processing /home/airflow/sandbox/lib/python3.8/site-packages/airflow/example_dags/example_kubernetes_executor.py took 0.055 seconds
[2021-07-14 23:56:22,407] {scheduler_job.py:182} INFO - Started process (PID=2276) to work on /home/airflow/sandbox/lib/python3.8/site-packages/airflow/example_dags/example_kubernetes_executor.py
[2021-07-14 23:56:22,408] {scheduler_job.py:633} INFO - Processing file /home/airflow/sandbox/lib/python3.8/site-packages/airflow/example_dags/example_kubernetes_executor.py for tasks to queue
[2021-07-14 23:56:22,409] {logging_mixin.py:104} INFO - [2021-07-14 23:56:22,409] {dagbag.py:487} INFO - Filling up the DagBag from /home/airflow/sandbox/lib/python3.8/site-packages/airflow/example_dags/example_kubernetes_executor.py
[2021-07-14 23:56:22,420] {scheduler_job.py:643} INFO - DAG(s) dict_keys(['example_kubernetes_executor']) retrieved from /home/airflow/sandbox/lib/python3.8/site-packages/airflow/example_dags/example_kubernetes_executor.py
[2021-07-14 23:56:22,432] {logging_mixin.py:104} INFO - [2021-07-14 23:56:22,432] {dag.py:1832} INFO - Sync 1 DAGs
[2021-07-14 23:56:22,441] {logging_mixin.py:104} INFO - [2021-07-14 23:56:22,440] {dag.py:2305} INFO - Setting next_dagrun for example_kubernetes_executor to None
[2021-07-14 23:56:22,459] {scheduler_job.py:190} INFO - Processing /home/airflow/sandbox/lib/python3.8/site-packages/airflow/example_dags/example_kubernetes_executor.py took 0.055 seconds
[2021-07-14 23:56:55,119] {scheduler_job.py:182} INFO - Started process (PID=2308) to work on /home/airflow/sandbox/lib/python3.8/site-packages/airflow/example_dags/example_kubernetes_executor.py
[2021-07-14 23:56:55,120] {scheduler_job.py:633} INFO - Processing file /home/airflow/sandbox/lib/python3.8/site-packages/airflow/example_dags/example_kubernetes_executor.py for tasks to queue
[2021-07-14 23:56:55,120] {logging_mixin.py:104} INFO - [2021-07-14 23:56:55,120] {dagbag.py:487} INFO - Filling up the DagBag from /home/airflow/sandbox/lib/python3.8/site-packages/airflow/example_dags/example_kubernetes_executor.py
[2021-07-14 23:56:55,130] {scheduler_job.py:643} INFO - DAG(s) dict_keys(['example_kubernetes_executor']) retrieved from /home/airflow/sandbox/lib/python3.8/site-packages/airflow/example_dags/example_kubernetes_executor.py
[2021-07-14 23:56:55,142] {logging_mixin.py:104} INFO - [2021-07-14 23:56:55,142] {dag.py:1832} INFO - Sync 1 DAGs
[2021-07-14 23:56:55,153] {logging_mixin.py:104} INFO - [2021-07-14 23:56:55,153] {dag.py:2305} INFO - Setting next_dagrun for example_kubernetes_executor to None
[2021-07-14 23:56:55,172] {scheduler_job.py:190} INFO - Processing /home/airflow/sandbox/lib/python3.8/site-packages/airflow/example_dags/example_kubernetes_executor.py took 0.056 seconds
[2021-07-14 23:57:27,625] {scheduler_job.py:182} INFO - Started process (PID=2339) to work on /home/airflow/sandbox/lib/python3.8/site-packages/airflow/example_dags/example_kubernetes_executor.py
[2021-07-14 23:57:27,626] {scheduler_job.py:633} INFO - Processing file /home/airflow/sandbox/lib/python3.8/site-packages/airflow/example_dags/example_kubernetes_executor.py for tasks to queue
[2021-07-14 23:57:27,627] {logging_mixin.py:104} INFO - [2021-07-14 23:57:27,626] {dagbag.py:487} INFO - Filling up the DagBag from /home/airflow/sandbox/lib/python3.8/site-packages/airflow/example_dags/example_kubernetes_executor.py
[2021-07-14 23:57:27,639] {scheduler_job.py:643} INFO - DAG(s) dict_keys(['example_kubernetes_executor']) retrieved from /home/airflow/sandbox/lib/python3.8/site-packages/airflow/example_dags/example_kubernetes_executor.py
[2021-07-14 23:57:27,654] {logging_mixin.py:104} INFO - [2021-07-14 23:57:27,654] {dag.py:1832} INFO - Sync 1 DAGs
[2021-07-14 23:57:27,665] {logging_mixin.py:104} INFO - [2021-07-14 23:57:27,665] {dag.py:2305} INFO - Setting next_dagrun for example_kubernetes_executor to None
[2021-07-14 23:57:27,686] {scheduler_job.py:190} INFO - Processing /home/airflow/sandbox/lib/python3.8/site-packages/airflow/example_dags/example_kubernetes_executor.py took 0.064 seconds
[2021-07-14 23:58:00,918] {scheduler_job.py:182} INFO - Started process (PID=2370) to work on /home/airflow/sandbox/lib/python3.8/site-packages/airflow/example_dags/example_kubernetes_executor.py
[2021-07-14 23:58:00,919] {scheduler_job.py:633} INFO - Processing file /home/airflow/sandbox/lib/python3.8/site-packages/airflow/example_dags/example_kubernetes_executor.py for tasks to queue
[2021-07-14 23:58:00,920] {logging_mixin.py:104} INFO - [2021-07-14 23:58:00,920] {dagbag.py:487} INFO - Filling up the DagBag from /home/airflow/sandbox/lib/python3.8/site-packages/airflow/example_dags/example_kubernetes_executor.py
[2021-07-14 23:58:00,931] {scheduler_job.py:643} INFO - DAG(s) dict_keys(['example_kubernetes_executor']) retrieved from /home/airflow/sandbox/lib/python3.8/site-packages/airflow/example_dags/example_kubernetes_executor.py
[2021-07-14 23:58:00,944] {logging_mixin.py:104} INFO - [2021-07-14 23:58:00,944] {dag.py:1832} INFO - Sync 1 DAGs
[2021-07-14 23:58:00,956] {logging_mixin.py:104} INFO - [2021-07-14 23:58:00,956] {dag.py:2305} INFO - Setting next_dagrun for example_kubernetes_executor to None
[2021-07-14 23:58:00,966] {scheduler_job.py:190} INFO - Processing /home/airflow/sandbox/lib/python3.8/site-packages/airflow/example_dags/example_kubernetes_executor.py took 0.050 seconds
[2021-07-14 23:58:32,022] {scheduler_job.py:182} INFO - Started process (PID=2401) to work on /home/airflow/sandbox/lib/python3.8/site-packages/airflow/example_dags/example_kubernetes_executor.py
[2021-07-14 23:58:32,023] {scheduler_job.py:633} INFO - Processing file /home/airflow/sandbox/lib/python3.8/site-packages/airflow/example_dags/example_kubernetes_executor.py for tasks to queue
[2021-07-14 23:58:32,023] {logging_mixin.py:104} INFO - [2021-07-14 23:58:32,023] {dagbag.py:487} INFO - Filling up the DagBag from /home/airflow/sandbox/lib/python3.8/site-packages/airflow/example_dags/example_kubernetes_executor.py
[2021-07-14 23:58:32,033] {scheduler_job.py:643} INFO - DAG(s) dict_keys(['example_kubernetes_executor']) retrieved from /home/airflow/sandbox/lib/python3.8/site-packages/airflow/example_dags/example_kubernetes_executor.py
[2021-07-14 23:58:32,048] {logging_mixin.py:104} INFO - [2021-07-14 23:58:32,048] {dag.py:1832} INFO - Sync 1 DAGs
[2021-07-14 23:58:32,058] {logging_mixin.py:104} INFO - [2021-07-14 23:58:32,058] {dag.py:2305} INFO - Setting next_dagrun for example_kubernetes_executor to None
[2021-07-14 23:58:32,070] {scheduler_job.py:190} INFO - Processing /home/airflow/sandbox/lib/python3.8/site-packages/airflow/example_dags/example_kubernetes_executor.py took 0.051 seconds
[2021-07-14 23:59:04,225] {scheduler_job.py:182} INFO - Started process (PID=2432) to work on /home/airflow/sandbox/lib/python3.8/site-packages/airflow/example_dags/example_kubernetes_executor.py
[2021-07-14 23:59:04,226] {scheduler_job.py:633} INFO - Processing file /home/airflow/sandbox/lib/python3.8/site-packages/airflow/example_dags/example_kubernetes_executor.py for tasks to queue
[2021-07-14 23:59:04,226] {logging_mixin.py:104} INFO - [2021-07-14 23:59:04,226] {dagbag.py:487} INFO - Filling up the DagBag from /home/airflow/sandbox/lib/python3.8/site-packages/airflow/example_dags/example_kubernetes_executor.py
[2021-07-14 23:59:04,235] {scheduler_job.py:643} INFO - DAG(s) dict_keys(['example_kubernetes_executor']) retrieved from /home/airflow/sandbox/lib/python3.8/site-packages/airflow/example_dags/example_kubernetes_executor.py
[2021-07-14 23:59:04,247] {logging_mixin.py:104} INFO - [2021-07-14 23:59:04,247] {dag.py:1832} INFO - Sync 1 DAGs
[2021-07-14 23:59:04,255] {logging_mixin.py:104} INFO - [2021-07-14 23:59:04,255] {dag.py:2305} INFO - Setting next_dagrun for example_kubernetes_executor to None
[2021-07-14 23:59:04,273] {scheduler_job.py:190} INFO - Processing /home/airflow/sandbox/lib/python3.8/site-packages/airflow/example_dags/example_kubernetes_executor.py took 0.050 seconds
[2021-07-14 23:59:35,039] {scheduler_job.py:182} INFO - Started process (PID=2463) to work on /home/airflow/sandbox/lib/python3.8/site-packages/airflow/example_dags/example_kubernetes_executor.py
[2021-07-14 23:59:35,040] {scheduler_job.py:633} INFO - Processing file /home/airflow/sandbox/lib/python3.8/site-packages/airflow/example_dags/example_kubernetes_executor.py for tasks to queue
[2021-07-14 23:59:35,040] {logging_mixin.py:104} INFO - [2021-07-14 23:59:35,040] {dagbag.py:487} INFO - Filling up the DagBag from /home/airflow/sandbox/lib/python3.8/site-packages/airflow/example_dags/example_kubernetes_executor.py
[2021-07-14 23:59:35,049] {scheduler_job.py:643} INFO - DAG(s) dict_keys(['example_kubernetes_executor']) retrieved from /home/airflow/sandbox/lib/python3.8/site-packages/airflow/example_dags/example_kubernetes_executor.py
[2021-07-14 23:59:35,060] {logging_mixin.py:104} INFO - [2021-07-14 23:59:35,060] {dag.py:1832} INFO - Sync 1 DAGs
[2021-07-14 23:59:35,068] {logging_mixin.py:104} INFO - [2021-07-14 23:59:35,068] {dag.py:2305} INFO - Setting next_dagrun for example_kubernetes_executor to None
[2021-07-14 23:59:35,085] {scheduler_job.py:190} INFO - Processing /home/airflow/sandbox/lib/python3.8/site-packages/airflow/example_dags/example_kubernetes_executor.py took 0.048 seconds
