[2021-07-14 23:02:38,610] {scheduler_job.py:182} INFO - Started process (PID=1566) to work on /home/airflow/sandbox/lib/python3.8/site-packages/airflow/example_dags/tutorial_taskflow_api_etl_virtualenv.py
[2021-07-14 23:02:38,612] {scheduler_job.py:633} INFO - Processing file /home/airflow/sandbox/lib/python3.8/site-packages/airflow/example_dags/tutorial_taskflow_api_etl_virtualenv.py for tasks to queue
[2021-07-14 23:02:38,612] {logging_mixin.py:104} INFO - [2021-07-14 23:02:38,612] {dagbag.py:487} INFO - Filling up the DagBag from /home/airflow/sandbox/lib/python3.8/site-packages/airflow/example_dags/tutorial_taskflow_api_etl_virtualenv.py
[2021-07-14 23:02:38,656] {scheduler_job.py:643} INFO - DAG(s) dict_keys(['tutorial_taskflow_api_etl_virtualenv']) retrieved from /home/airflow/sandbox/lib/python3.8/site-packages/airflow/example_dags/tutorial_taskflow_api_etl_virtualenv.py
[2021-07-14 23:02:39,157] {logging_mixin.py:104} INFO - [2021-07-14 23:02:39,157] {dag.py:1832} INFO - Sync 1 DAGs
[2021-07-14 23:02:39,165] {logging_mixin.py:104} INFO - [2021-07-14 23:02:39,165] {dag.py:2305} INFO - Setting next_dagrun for tutorial_taskflow_api_etl_virtualenv to None
[2021-07-14 23:02:39,190] {scheduler_job.py:190} INFO - Processing /home/airflow/sandbox/lib/python3.8/site-packages/airflow/example_dags/tutorial_taskflow_api_etl_virtualenv.py took 0.588 seconds
[2021-07-14 23:03:14,201] {scheduler_job.py:182} INFO - Started process (PID=1599) to work on /home/airflow/sandbox/lib/python3.8/site-packages/airflow/example_dags/tutorial_taskflow_api_etl_virtualenv.py
[2021-07-14 23:03:14,202] {scheduler_job.py:633} INFO - Processing file /home/airflow/sandbox/lib/python3.8/site-packages/airflow/example_dags/tutorial_taskflow_api_etl_virtualenv.py for tasks to queue
[2021-07-14 23:03:14,203] {logging_mixin.py:104} INFO - [2021-07-14 23:03:14,203] {dagbag.py:487} INFO - Filling up the DagBag from /home/airflow/sandbox/lib/python3.8/site-packages/airflow/example_dags/tutorial_taskflow_api_etl_virtualenv.py
[2021-07-14 23:03:14,223] {scheduler_job.py:643} INFO - DAG(s) dict_keys(['tutorial_taskflow_api_etl_virtualenv']) retrieved from /home/airflow/sandbox/lib/python3.8/site-packages/airflow/example_dags/tutorial_taskflow_api_etl_virtualenv.py
[2021-07-14 23:03:14,587] {logging_mixin.py:104} INFO - [2021-07-14 23:03:14,587] {dag.py:1832} INFO - Sync 1 DAGs
[2021-07-14 23:03:14,601] {logging_mixin.py:104} INFO - [2021-07-14 23:03:14,601] {dag.py:2305} INFO - Setting next_dagrun for tutorial_taskflow_api_etl_virtualenv to None
[2021-07-14 23:03:14,620] {scheduler_job.py:190} INFO - Processing /home/airflow/sandbox/lib/python3.8/site-packages/airflow/example_dags/tutorial_taskflow_api_etl_virtualenv.py took 0.421 seconds
[2021-07-14 23:03:46,651] {scheduler_job.py:182} INFO - Started process (PID=1640) to work on /home/airflow/sandbox/lib/python3.8/site-packages/airflow/example_dags/tutorial_taskflow_api_etl_virtualenv.py
[2021-07-14 23:03:46,652] {scheduler_job.py:633} INFO - Processing file /home/airflow/sandbox/lib/python3.8/site-packages/airflow/example_dags/tutorial_taskflow_api_etl_virtualenv.py for tasks to queue
[2021-07-14 23:03:46,653] {logging_mixin.py:104} INFO - [2021-07-14 23:03:46,653] {dagbag.py:487} INFO - Filling up the DagBag from /home/airflow/sandbox/lib/python3.8/site-packages/airflow/example_dags/tutorial_taskflow_api_etl_virtualenv.py
[2021-07-14 23:03:46,679] {scheduler_job.py:643} INFO - DAG(s) dict_keys(['tutorial_taskflow_api_etl_virtualenv']) retrieved from /home/airflow/sandbox/lib/python3.8/site-packages/airflow/example_dags/tutorial_taskflow_api_etl_virtualenv.py
[2021-07-14 23:03:47,119] {logging_mixin.py:104} INFO - [2021-07-14 23:03:47,119] {dag.py:1832} INFO - Sync 1 DAGs
[2021-07-14 23:03:47,132] {logging_mixin.py:104} INFO - [2021-07-14 23:03:47,132] {dag.py:2305} INFO - Setting next_dagrun for tutorial_taskflow_api_etl_virtualenv to None
[2021-07-14 23:03:47,149] {scheduler_job.py:190} INFO - Processing /home/airflow/sandbox/lib/python3.8/site-packages/airflow/example_dags/tutorial_taskflow_api_etl_virtualenv.py took 0.501 seconds
[2021-07-14 23:04:12,698] {scheduler_job.py:182} INFO - Started process (PID=1668) to work on /home/airflow/sandbox/lib/python3.8/site-packages/airflow/example_dags/tutorial_taskflow_api_etl_virtualenv.py
[2021-07-14 23:04:12,705] {scheduler_job.py:633} INFO - Processing file /home/airflow/sandbox/lib/python3.8/site-packages/airflow/example_dags/tutorial_taskflow_api_etl_virtualenv.py for tasks to queue
[2021-07-14 23:04:12,707] {logging_mixin.py:104} INFO - [2021-07-14 23:04:12,707] {dagbag.py:487} INFO - Filling up the DagBag from /home/airflow/sandbox/lib/python3.8/site-packages/airflow/example_dags/tutorial_taskflow_api_etl_virtualenv.py
[2021-07-14 23:04:12,809] {scheduler_job.py:643} INFO - DAG(s) dict_keys(['tutorial_taskflow_api_etl_virtualenv']) retrieved from /home/airflow/sandbox/lib/python3.8/site-packages/airflow/example_dags/tutorial_taskflow_api_etl_virtualenv.py
[2021-07-14 23:04:12,848] {logging_mixin.py:104} INFO - [2021-07-14 23:04:12,848] {dag.py:1832} INFO - Sync 1 DAGs
[2021-07-14 23:04:12,914] {logging_mixin.py:104} INFO - [2021-07-14 23:04:12,914] {dag.py:2305} INFO - Setting next_dagrun for tutorial_taskflow_api_etl_virtualenv to None
[2021-07-14 23:04:12,962] {scheduler_job.py:190} INFO - Processing /home/airflow/sandbox/lib/python3.8/site-packages/airflow/example_dags/tutorial_taskflow_api_etl_virtualenv.py took 0.280 seconds
[2021-07-14 23:04:26,307] {scheduler_job.py:182} INFO - Started process (PID=1687) to work on /home/airflow/sandbox/lib/python3.8/site-packages/airflow/example_dags/tutorial_taskflow_api_etl_virtualenv.py
[2021-07-14 23:04:26,310] {scheduler_job.py:633} INFO - Processing file /home/airflow/sandbox/lib/python3.8/site-packages/airflow/example_dags/tutorial_taskflow_api_etl_virtualenv.py for tasks to queue
[2021-07-14 23:04:26,313] {logging_mixin.py:104} INFO - [2021-07-14 23:04:26,312] {dagbag.py:487} INFO - Filling up the DagBag from /home/airflow/sandbox/lib/python3.8/site-packages/airflow/example_dags/tutorial_taskflow_api_etl_virtualenv.py
[2021-07-14 23:04:26,367] {scheduler_job.py:643} INFO - DAG(s) dict_keys(['tutorial_taskflow_api_etl_virtualenv']) retrieved from /home/airflow/sandbox/lib/python3.8/site-packages/airflow/example_dags/tutorial_taskflow_api_etl_virtualenv.py
[2021-07-14 23:04:27,555] {logging_mixin.py:104} INFO - [2021-07-14 23:04:27,555] {dag.py:1832} INFO - Sync 1 DAGs
[2021-07-14 23:04:27,610] {logging_mixin.py:104} INFO - [2021-07-14 23:04:27,610] {dag.py:2305} INFO - Setting next_dagrun for tutorial_taskflow_api_etl_virtualenv to None
[2021-07-14 23:04:27,674] {scheduler_job.py:190} INFO - Processing /home/airflow/sandbox/lib/python3.8/site-packages/airflow/example_dags/tutorial_taskflow_api_etl_virtualenv.py took 1.376 seconds
[2021-07-14 23:04:55,162] {scheduler_job.py:182} INFO - Started process (PID=1734) to work on /home/airflow/sandbox/lib/python3.8/site-packages/airflow/example_dags/tutorial_taskflow_api_etl_virtualenv.py
[2021-07-14 23:04:55,165] {scheduler_job.py:633} INFO - Processing file /home/airflow/sandbox/lib/python3.8/site-packages/airflow/example_dags/tutorial_taskflow_api_etl_virtualenv.py for tasks to queue
[2021-07-14 23:04:55,168] {logging_mixin.py:104} INFO - [2021-07-14 23:04:55,168] {dagbag.py:487} INFO - Filling up the DagBag from /home/airflow/sandbox/lib/python3.8/site-packages/airflow/example_dags/tutorial_taskflow_api_etl_virtualenv.py
[2021-07-14 23:04:55,231] {scheduler_job.py:643} INFO - DAG(s) dict_keys(['tutorial_taskflow_api_etl_virtualenv']) retrieved from /home/airflow/sandbox/lib/python3.8/site-packages/airflow/example_dags/tutorial_taskflow_api_etl_virtualenv.py
[2021-07-14 23:04:55,256] {logging_mixin.py:104} INFO - [2021-07-14 23:04:55,256] {dag.py:1832} INFO - Sync 1 DAGs
[2021-07-14 23:04:55,290] {logging_mixin.py:104} INFO - [2021-07-14 23:04:55,290] {dag.py:2305} INFO - Setting next_dagrun for tutorial_taskflow_api_etl_virtualenv to None
[2021-07-14 23:04:55,332] {scheduler_job.py:190} INFO - Processing /home/airflow/sandbox/lib/python3.8/site-packages/airflow/example_dags/tutorial_taskflow_api_etl_virtualenv.py took 0.180 seconds
[2021-07-14 23:05:15,045] {scheduler_job.py:182} INFO - Started process (PID=1761) to work on /home/airflow/sandbox/lib/python3.8/site-packages/airflow/example_dags/tutorial_taskflow_api_etl_virtualenv.py
[2021-07-14 23:05:15,054] {scheduler_job.py:633} INFO - Processing file /home/airflow/sandbox/lib/python3.8/site-packages/airflow/example_dags/tutorial_taskflow_api_etl_virtualenv.py for tasks to queue
[2021-07-14 23:05:15,056] {logging_mixin.py:104} INFO - [2021-07-14 23:05:15,055] {dagbag.py:487} INFO - Filling up the DagBag from /home/airflow/sandbox/lib/python3.8/site-packages/airflow/example_dags/tutorial_taskflow_api_etl_virtualenv.py
[2021-07-14 23:05:15,080] {scheduler_job.py:643} INFO - DAG(s) dict_keys(['tutorial_taskflow_api_etl_virtualenv']) retrieved from /home/airflow/sandbox/lib/python3.8/site-packages/airflow/example_dags/tutorial_taskflow_api_etl_virtualenv.py
[2021-07-14 23:05:15,632] {logging_mixin.py:104} INFO - [2021-07-14 23:05:15,631] {dag.py:1832} INFO - Sync 1 DAGs
[2021-07-14 23:05:15,650] {logging_mixin.py:104} INFO - [2021-07-14 23:05:15,650] {dag.py:2305} INFO - Setting next_dagrun for tutorial_taskflow_api_etl_virtualenv to None
[2021-07-14 23:05:15,679] {scheduler_job.py:190} INFO - Processing /home/airflow/sandbox/lib/python3.8/site-packages/airflow/example_dags/tutorial_taskflow_api_etl_virtualenv.py took 0.639 seconds
[2021-07-14 23:05:36,844] {scheduler_job.py:182} INFO - Started process (PID=1794) to work on /home/airflow/sandbox/lib/python3.8/site-packages/airflow/example_dags/tutorial_taskflow_api_etl_virtualenv.py
[2021-07-14 23:05:36,845] {scheduler_job.py:633} INFO - Processing file /home/airflow/sandbox/lib/python3.8/site-packages/airflow/example_dags/tutorial_taskflow_api_etl_virtualenv.py for tasks to queue
[2021-07-14 23:05:36,845] {logging_mixin.py:104} INFO - [2021-07-14 23:05:36,845] {dagbag.py:487} INFO - Filling up the DagBag from /home/airflow/sandbox/lib/python3.8/site-packages/airflow/example_dags/tutorial_taskflow_api_etl_virtualenv.py
[2021-07-14 23:05:36,862] {scheduler_job.py:643} INFO - DAG(s) dict_keys(['tutorial_taskflow_api_etl_virtualenv']) retrieved from /home/airflow/sandbox/lib/python3.8/site-packages/airflow/example_dags/tutorial_taskflow_api_etl_virtualenv.py
[2021-07-14 23:05:36,868] {logging_mixin.py:104} INFO - [2021-07-14 23:05:36,868] {dag.py:1832} INFO - Sync 1 DAGs
[2021-07-14 23:05:36,879] {logging_mixin.py:104} INFO - [2021-07-14 23:05:36,879] {dag.py:2305} INFO - Setting next_dagrun for tutorial_taskflow_api_etl_virtualenv to None
[2021-07-14 23:05:36,897] {scheduler_job.py:190} INFO - Processing /home/airflow/sandbox/lib/python3.8/site-packages/airflow/example_dags/tutorial_taskflow_api_etl_virtualenv.py took 0.056 seconds
[2021-07-14 23:05:46,201] {scheduler_job.py:182} INFO - Started process (PID=1813) to work on /home/airflow/sandbox/lib/python3.8/site-packages/airflow/example_dags/tutorial_taskflow_api_etl_virtualenv.py
[2021-07-14 23:05:46,202] {scheduler_job.py:633} INFO - Processing file /home/airflow/sandbox/lib/python3.8/site-packages/airflow/example_dags/tutorial_taskflow_api_etl_virtualenv.py for tasks to queue
[2021-07-14 23:05:46,202] {logging_mixin.py:104} INFO - [2021-07-14 23:05:46,202] {dagbag.py:487} INFO - Filling up the DagBag from /home/airflow/sandbox/lib/python3.8/site-packages/airflow/example_dags/tutorial_taskflow_api_etl_virtualenv.py
[2021-07-14 23:05:46,215] {scheduler_job.py:643} INFO - DAG(s) dict_keys(['tutorial_taskflow_api_etl_virtualenv']) retrieved from /home/airflow/sandbox/lib/python3.8/site-packages/airflow/example_dags/tutorial_taskflow_api_etl_virtualenv.py
[2021-07-14 23:05:46,552] {logging_mixin.py:104} INFO - [2021-07-14 23:05:46,552] {dag.py:1832} INFO - Sync 1 DAGs
[2021-07-14 23:05:46,566] {logging_mixin.py:104} INFO - [2021-07-14 23:05:46,566] {dag.py:2305} INFO - Setting next_dagrun for tutorial_taskflow_api_etl_virtualenv to None
[2021-07-14 23:05:46,578] {scheduler_job.py:190} INFO - Processing /home/airflow/sandbox/lib/python3.8/site-packages/airflow/example_dags/tutorial_taskflow_api_etl_virtualenv.py took 0.380 seconds
[2021-07-14 23:06:08,518] {scheduler_job.py:182} INFO - Started process (PID=1853) to work on /home/airflow/sandbox/lib/python3.8/site-packages/airflow/example_dags/tutorial_taskflow_api_etl_virtualenv.py
[2021-07-14 23:06:08,519] {scheduler_job.py:633} INFO - Processing file /home/airflow/sandbox/lib/python3.8/site-packages/airflow/example_dags/tutorial_taskflow_api_etl_virtualenv.py for tasks to queue
[2021-07-14 23:06:08,520] {logging_mixin.py:104} INFO - [2021-07-14 23:06:08,519] {dagbag.py:487} INFO - Filling up the DagBag from /home/airflow/sandbox/lib/python3.8/site-packages/airflow/example_dags/tutorial_taskflow_api_etl_virtualenv.py
[2021-07-14 23:06:08,547] {scheduler_job.py:643} INFO - DAG(s) dict_keys(['tutorial_taskflow_api_etl_virtualenv']) retrieved from /home/airflow/sandbox/lib/python3.8/site-packages/airflow/example_dags/tutorial_taskflow_api_etl_virtualenv.py
[2021-07-14 23:06:08,557] {logging_mixin.py:104} INFO - [2021-07-14 23:06:08,557] {dag.py:1832} INFO - Sync 1 DAGs
[2021-07-14 23:06:08,576] {logging_mixin.py:104} INFO - [2021-07-14 23:06:08,576] {dag.py:2305} INFO - Setting next_dagrun for tutorial_taskflow_api_etl_virtualenv to None
[2021-07-14 23:06:08,600] {scheduler_job.py:190} INFO - Processing /home/airflow/sandbox/lib/python3.8/site-packages/airflow/example_dags/tutorial_taskflow_api_etl_virtualenv.py took 0.085 seconds
[2021-07-14 23:06:17,000] {scheduler_job.py:182} INFO - Started process (PID=1870) to work on /home/airflow/sandbox/lib/python3.8/site-packages/airflow/example_dags/tutorial_taskflow_api_etl_virtualenv.py
[2021-07-14 23:06:17,001] {scheduler_job.py:633} INFO - Processing file /home/airflow/sandbox/lib/python3.8/site-packages/airflow/example_dags/tutorial_taskflow_api_etl_virtualenv.py for tasks to queue
[2021-07-14 23:06:17,002] {logging_mixin.py:104} INFO - [2021-07-14 23:06:17,002] {dagbag.py:487} INFO - Filling up the DagBag from /home/airflow/sandbox/lib/python3.8/site-packages/airflow/example_dags/tutorial_taskflow_api_etl_virtualenv.py
[2021-07-14 23:06:17,023] {scheduler_job.py:643} INFO - DAG(s) dict_keys(['tutorial_taskflow_api_etl_virtualenv']) retrieved from /home/airflow/sandbox/lib/python3.8/site-packages/airflow/example_dags/tutorial_taskflow_api_etl_virtualenv.py
[2021-07-14 23:06:17,467] {logging_mixin.py:104} INFO - [2021-07-14 23:06:17,467] {dag.py:1832} INFO - Sync 1 DAGs
[2021-07-14 23:06:17,478] {logging_mixin.py:104} INFO - [2021-07-14 23:06:17,478] {dag.py:2305} INFO - Setting next_dagrun for tutorial_taskflow_api_etl_virtualenv to None
[2021-07-14 23:06:17,492] {scheduler_job.py:190} INFO - Processing /home/airflow/sandbox/lib/python3.8/site-packages/airflow/example_dags/tutorial_taskflow_api_etl_virtualenv.py took 0.497 seconds
[2021-07-14 23:06:42,353] {scheduler_job.py:182} INFO - Started process (PID=1914) to work on /home/airflow/sandbox/lib/python3.8/site-packages/airflow/example_dags/tutorial_taskflow_api_etl_virtualenv.py
[2021-07-14 23:06:42,354] {scheduler_job.py:633} INFO - Processing file /home/airflow/sandbox/lib/python3.8/site-packages/airflow/example_dags/tutorial_taskflow_api_etl_virtualenv.py for tasks to queue
[2021-07-14 23:06:42,355] {logging_mixin.py:104} INFO - [2021-07-14 23:06:42,354] {dagbag.py:487} INFO - Filling up the DagBag from /home/airflow/sandbox/lib/python3.8/site-packages/airflow/example_dags/tutorial_taskflow_api_etl_virtualenv.py
[2021-07-14 23:06:42,373] {scheduler_job.py:643} INFO - DAG(s) dict_keys(['tutorial_taskflow_api_etl_virtualenv']) retrieved from /home/airflow/sandbox/lib/python3.8/site-packages/airflow/example_dags/tutorial_taskflow_api_etl_virtualenv.py
[2021-07-14 23:06:42,382] {logging_mixin.py:104} INFO - [2021-07-14 23:06:42,382] {dag.py:1832} INFO - Sync 1 DAGs
[2021-07-14 23:06:42,394] {logging_mixin.py:104} INFO - [2021-07-14 23:06:42,394] {dag.py:2305} INFO - Setting next_dagrun for tutorial_taskflow_api_etl_virtualenv to None
[2021-07-14 23:06:42,414] {scheduler_job.py:190} INFO - Processing /home/airflow/sandbox/lib/python3.8/site-packages/airflow/example_dags/tutorial_taskflow_api_etl_virtualenv.py took 0.064 seconds
[2021-07-14 23:06:50,615] {scheduler_job.py:182} INFO - Started process (PID=1925) to work on /home/airflow/sandbox/lib/python3.8/site-packages/airflow/example_dags/tutorial_taskflow_api_etl_virtualenv.py
[2021-07-14 23:06:50,618] {scheduler_job.py:633} INFO - Processing file /home/airflow/sandbox/lib/python3.8/site-packages/airflow/example_dags/tutorial_taskflow_api_etl_virtualenv.py for tasks to queue
[2021-07-14 23:06:50,620] {logging_mixin.py:104} INFO - [2021-07-14 23:06:50,620] {dagbag.py:487} INFO - Filling up the DagBag from /home/airflow/sandbox/lib/python3.8/site-packages/airflow/example_dags/tutorial_taskflow_api_etl_virtualenv.py
[2021-07-14 23:06:50,669] {scheduler_job.py:643} INFO - DAG(s) dict_keys(['tutorial_taskflow_api_etl_virtualenv']) retrieved from /home/airflow/sandbox/lib/python3.8/site-packages/airflow/example_dags/tutorial_taskflow_api_etl_virtualenv.py
[2021-07-14 23:06:52,763] {logging_mixin.py:104} INFO - [2021-07-14 23:06:52,762] {dag.py:1832} INFO - Sync 1 DAGs
[2021-07-14 23:06:52,834] {logging_mixin.py:104} INFO - [2021-07-14 23:06:52,833] {dag.py:2305} INFO - Setting next_dagrun for tutorial_taskflow_api_etl_virtualenv to None
[2021-07-14 23:06:52,920] {scheduler_job.py:190} INFO - Processing /home/airflow/sandbox/lib/python3.8/site-packages/airflow/example_dags/tutorial_taskflow_api_etl_virtualenv.py took 2.314 seconds
[2021-07-14 23:07:17,610] {scheduler_job.py:182} INFO - Started process (PID=1969) to work on /home/airflow/sandbox/lib/python3.8/site-packages/airflow/example_dags/tutorial_taskflow_api_etl_virtualenv.py
[2021-07-14 23:07:17,611] {scheduler_job.py:633} INFO - Processing file /home/airflow/sandbox/lib/python3.8/site-packages/airflow/example_dags/tutorial_taskflow_api_etl_virtualenv.py for tasks to queue
[2021-07-14 23:07:17,612] {logging_mixin.py:104} INFO - [2021-07-14 23:07:17,612] {dagbag.py:487} INFO - Filling up the DagBag from /home/airflow/sandbox/lib/python3.8/site-packages/airflow/example_dags/tutorial_taskflow_api_etl_virtualenv.py
[2021-07-14 23:07:17,629] {scheduler_job.py:643} INFO - DAG(s) dict_keys(['tutorial_taskflow_api_etl_virtualenv']) retrieved from /home/airflow/sandbox/lib/python3.8/site-packages/airflow/example_dags/tutorial_taskflow_api_etl_virtualenv.py
[2021-07-14 23:07:17,640] {logging_mixin.py:104} INFO - [2021-07-14 23:07:17,640] {dag.py:1832} INFO - Sync 1 DAGs
[2021-07-14 23:07:17,655] {logging_mixin.py:104} INFO - [2021-07-14 23:07:17,655] {dag.py:2305} INFO - Setting next_dagrun for tutorial_taskflow_api_etl_virtualenv to None
[2021-07-14 23:07:17,681] {scheduler_job.py:190} INFO - Processing /home/airflow/sandbox/lib/python3.8/site-packages/airflow/example_dags/tutorial_taskflow_api_etl_virtualenv.py took 0.088 seconds
[2021-07-14 23:07:24,055] {scheduler_job.py:182} INFO - Started process (PID=1982) to work on /home/airflow/sandbox/lib/python3.8/site-packages/airflow/example_dags/tutorial_taskflow_api_etl_virtualenv.py
[2021-07-14 23:07:24,056] {scheduler_job.py:633} INFO - Processing file /home/airflow/sandbox/lib/python3.8/site-packages/airflow/example_dags/tutorial_taskflow_api_etl_virtualenv.py for tasks to queue
[2021-07-14 23:07:24,057] {logging_mixin.py:104} INFO - [2021-07-14 23:07:24,057] {dagbag.py:487} INFO - Filling up the DagBag from /home/airflow/sandbox/lib/python3.8/site-packages/airflow/example_dags/tutorial_taskflow_api_etl_virtualenv.py
[2021-07-14 23:07:24,069] {scheduler_job.py:643} INFO - DAG(s) dict_keys(['tutorial_taskflow_api_etl_virtualenv']) retrieved from /home/airflow/sandbox/lib/python3.8/site-packages/airflow/example_dags/tutorial_taskflow_api_etl_virtualenv.py
[2021-07-14 23:07:24,347] {logging_mixin.py:104} INFO - [2021-07-14 23:07:24,346] {dag.py:1832} INFO - Sync 1 DAGs
[2021-07-14 23:07:24,355] {logging_mixin.py:104} INFO - [2021-07-14 23:07:24,355] {dag.py:2305} INFO - Setting next_dagrun for tutorial_taskflow_api_etl_virtualenv to None
[2021-07-14 23:07:24,367] {scheduler_job.py:190} INFO - Processing /home/airflow/sandbox/lib/python3.8/site-packages/airflow/example_dags/tutorial_taskflow_api_etl_virtualenv.py took 0.314 seconds
[2021-07-14 23:07:48,297] {scheduler_job.py:182} INFO - Started process (PID=2033) to work on /home/airflow/sandbox/lib/python3.8/site-packages/airflow/example_dags/tutorial_taskflow_api_etl_virtualenv.py
[2021-07-14 23:07:48,298] {scheduler_job.py:633} INFO - Processing file /home/airflow/sandbox/lib/python3.8/site-packages/airflow/example_dags/tutorial_taskflow_api_etl_virtualenv.py for tasks to queue
[2021-07-14 23:07:48,299] {logging_mixin.py:104} INFO - [2021-07-14 23:07:48,299] {dagbag.py:487} INFO - Filling up the DagBag from /home/airflow/sandbox/lib/python3.8/site-packages/airflow/example_dags/tutorial_taskflow_api_etl_virtualenv.py
[2021-07-14 23:07:48,332] {scheduler_job.py:643} INFO - DAG(s) dict_keys(['tutorial_taskflow_api_etl_virtualenv']) retrieved from /home/airflow/sandbox/lib/python3.8/site-packages/airflow/example_dags/tutorial_taskflow_api_etl_virtualenv.py
[2021-07-14 23:07:48,341] {logging_mixin.py:104} INFO - [2021-07-14 23:07:48,341] {dag.py:1832} INFO - Sync 1 DAGs
[2021-07-14 23:07:48,352] {logging_mixin.py:104} INFO - [2021-07-14 23:07:48,352] {dag.py:2305} INFO - Setting next_dagrun for tutorial_taskflow_api_etl_virtualenv to None
[2021-07-14 23:07:48,364] {scheduler_job.py:190} INFO - Processing /home/airflow/sandbox/lib/python3.8/site-packages/airflow/example_dags/tutorial_taskflow_api_etl_virtualenv.py took 0.077 seconds
[2021-07-14 23:07:55,597] {scheduler_job.py:182} INFO - Started process (PID=2046) to work on /home/airflow/sandbox/lib/python3.8/site-packages/airflow/example_dags/tutorial_taskflow_api_etl_virtualenv.py
[2021-07-14 23:07:55,599] {scheduler_job.py:633} INFO - Processing file /home/airflow/sandbox/lib/python3.8/site-packages/airflow/example_dags/tutorial_taskflow_api_etl_virtualenv.py for tasks to queue
[2021-07-14 23:07:55,599] {logging_mixin.py:104} INFO - [2021-07-14 23:07:55,599] {dagbag.py:487} INFO - Filling up the DagBag from /home/airflow/sandbox/lib/python3.8/site-packages/airflow/example_dags/tutorial_taskflow_api_etl_virtualenv.py
[2021-07-14 23:07:55,613] {scheduler_job.py:643} INFO - DAG(s) dict_keys(['tutorial_taskflow_api_etl_virtualenv']) retrieved from /home/airflow/sandbox/lib/python3.8/site-packages/airflow/example_dags/tutorial_taskflow_api_etl_virtualenv.py
[2021-07-14 23:07:55,900] {logging_mixin.py:104} INFO - [2021-07-14 23:07:55,899] {dag.py:1832} INFO - Sync 1 DAGs
[2021-07-14 23:07:55,907] {logging_mixin.py:104} INFO - [2021-07-14 23:07:55,907] {dag.py:2305} INFO - Setting next_dagrun for tutorial_taskflow_api_etl_virtualenv to None
[2021-07-14 23:07:55,924] {scheduler_job.py:190} INFO - Processing /home/airflow/sandbox/lib/python3.8/site-packages/airflow/example_dags/tutorial_taskflow_api_etl_virtualenv.py took 0.330 seconds
[2021-07-14 23:08:18,560] {scheduler_job.py:182} INFO - Started process (PID=2092) to work on /home/airflow/sandbox/lib/python3.8/site-packages/airflow/example_dags/tutorial_taskflow_api_etl_virtualenv.py
[2021-07-14 23:08:18,561] {scheduler_job.py:633} INFO - Processing file /home/airflow/sandbox/lib/python3.8/site-packages/airflow/example_dags/tutorial_taskflow_api_etl_virtualenv.py for tasks to queue
[2021-07-14 23:08:18,562] {logging_mixin.py:104} INFO - [2021-07-14 23:08:18,562] {dagbag.py:487} INFO - Filling up the DagBag from /home/airflow/sandbox/lib/python3.8/site-packages/airflow/example_dags/tutorial_taskflow_api_etl_virtualenv.py
[2021-07-14 23:08:18,575] {scheduler_job.py:643} INFO - DAG(s) dict_keys(['tutorial_taskflow_api_etl_virtualenv']) retrieved from /home/airflow/sandbox/lib/python3.8/site-packages/airflow/example_dags/tutorial_taskflow_api_etl_virtualenv.py
[2021-07-14 23:08:18,581] {logging_mixin.py:104} INFO - [2021-07-14 23:08:18,581] {dag.py:1832} INFO - Sync 1 DAGs
[2021-07-14 23:08:18,590] {logging_mixin.py:104} INFO - [2021-07-14 23:08:18,590] {dag.py:2305} INFO - Setting next_dagrun for tutorial_taskflow_api_etl_virtualenv to None
[2021-07-14 23:08:18,601] {scheduler_job.py:190} INFO - Processing /home/airflow/sandbox/lib/python3.8/site-packages/airflow/example_dags/tutorial_taskflow_api_etl_virtualenv.py took 0.043 seconds
[2021-07-14 23:08:26,885] {scheduler_job.py:182} INFO - Started process (PID=2108) to work on /home/airflow/sandbox/lib/python3.8/site-packages/airflow/example_dags/tutorial_taskflow_api_etl_virtualenv.py
[2021-07-14 23:08:26,886] {scheduler_job.py:633} INFO - Processing file /home/airflow/sandbox/lib/python3.8/site-packages/airflow/example_dags/tutorial_taskflow_api_etl_virtualenv.py for tasks to queue
[2021-07-14 23:08:26,886] {logging_mixin.py:104} INFO - [2021-07-14 23:08:26,886] {dagbag.py:487} INFO - Filling up the DagBag from /home/airflow/sandbox/lib/python3.8/site-packages/airflow/example_dags/tutorial_taskflow_api_etl_virtualenv.py
[2021-07-14 23:08:26,910] {scheduler_job.py:643} INFO - DAG(s) dict_keys(['tutorial_taskflow_api_etl_virtualenv']) retrieved from /home/airflow/sandbox/lib/python3.8/site-packages/airflow/example_dags/tutorial_taskflow_api_etl_virtualenv.py
[2021-07-14 23:08:27,196] {logging_mixin.py:104} INFO - [2021-07-14 23:08:27,196] {dag.py:1832} INFO - Sync 1 DAGs
[2021-07-14 23:08:27,203] {logging_mixin.py:104} INFO - [2021-07-14 23:08:27,203] {dag.py:2305} INFO - Setting next_dagrun for tutorial_taskflow_api_etl_virtualenv to None
[2021-07-14 23:08:27,213] {scheduler_job.py:190} INFO - Processing /home/airflow/sandbox/lib/python3.8/site-packages/airflow/example_dags/tutorial_taskflow_api_etl_virtualenv.py took 0.335 seconds
[2021-07-14 23:08:48,898] {scheduler_job.py:182} INFO - Started process (PID=2150) to work on /home/airflow/sandbox/lib/python3.8/site-packages/airflow/example_dags/tutorial_taskflow_api_etl_virtualenv.py
[2021-07-14 23:08:48,899] {scheduler_job.py:633} INFO - Processing file /home/airflow/sandbox/lib/python3.8/site-packages/airflow/example_dags/tutorial_taskflow_api_etl_virtualenv.py for tasks to queue
[2021-07-14 23:08:48,900] {logging_mixin.py:104} INFO - [2021-07-14 23:08:48,900] {dagbag.py:487} INFO - Filling up the DagBag from /home/airflow/sandbox/lib/python3.8/site-packages/airflow/example_dags/tutorial_taskflow_api_etl_virtualenv.py
[2021-07-14 23:08:48,922] {scheduler_job.py:643} INFO - DAG(s) dict_keys(['tutorial_taskflow_api_etl_virtualenv']) retrieved from /home/airflow/sandbox/lib/python3.8/site-packages/airflow/example_dags/tutorial_taskflow_api_etl_virtualenv.py
[2021-07-14 23:08:48,929] {logging_mixin.py:104} INFO - [2021-07-14 23:08:48,929] {dag.py:1832} INFO - Sync 1 DAGs
[2021-07-14 23:08:48,938] {logging_mixin.py:104} INFO - [2021-07-14 23:08:48,938] {dag.py:2305} INFO - Setting next_dagrun for tutorial_taskflow_api_etl_virtualenv to None
[2021-07-14 23:08:48,948] {scheduler_job.py:190} INFO - Processing /home/airflow/sandbox/lib/python3.8/site-packages/airflow/example_dags/tutorial_taskflow_api_etl_virtualenv.py took 0.054 seconds
[2021-07-14 23:08:59,609] {scheduler_job.py:182} INFO - Started process (PID=2170) to work on /home/airflow/sandbox/lib/python3.8/site-packages/airflow/example_dags/tutorial_taskflow_api_etl_virtualenv.py
[2021-07-14 23:08:59,609] {scheduler_job.py:633} INFO - Processing file /home/airflow/sandbox/lib/python3.8/site-packages/airflow/example_dags/tutorial_taskflow_api_etl_virtualenv.py for tasks to queue
[2021-07-14 23:08:59,610] {logging_mixin.py:104} INFO - [2021-07-14 23:08:59,610] {dagbag.py:487} INFO - Filling up the DagBag from /home/airflow/sandbox/lib/python3.8/site-packages/airflow/example_dags/tutorial_taskflow_api_etl_virtualenv.py
[2021-07-14 23:08:59,624] {scheduler_job.py:643} INFO - DAG(s) dict_keys(['tutorial_taskflow_api_etl_virtualenv']) retrieved from /home/airflow/sandbox/lib/python3.8/site-packages/airflow/example_dags/tutorial_taskflow_api_etl_virtualenv.py
[2021-07-14 23:08:59,954] {logging_mixin.py:104} INFO - [2021-07-14 23:08:59,954] {dag.py:1832} INFO - Sync 1 DAGs
[2021-07-14 23:08:59,973] {logging_mixin.py:104} INFO - [2021-07-14 23:08:59,973] {dag.py:2305} INFO - Setting next_dagrun for tutorial_taskflow_api_etl_virtualenv to None
[2021-07-14 23:08:59,987] {scheduler_job.py:190} INFO - Processing /home/airflow/sandbox/lib/python3.8/site-packages/airflow/example_dags/tutorial_taskflow_api_etl_virtualenv.py took 0.380 seconds
[2021-07-14 23:09:19,175] {scheduler_job.py:182} INFO - Started process (PID=2209) to work on /home/airflow/sandbox/lib/python3.8/site-packages/airflow/example_dags/tutorial_taskflow_api_etl_virtualenv.py
[2021-07-14 23:09:19,176] {scheduler_job.py:633} INFO - Processing file /home/airflow/sandbox/lib/python3.8/site-packages/airflow/example_dags/tutorial_taskflow_api_etl_virtualenv.py for tasks to queue
[2021-07-14 23:09:19,177] {logging_mixin.py:104} INFO - [2021-07-14 23:09:19,176] {dagbag.py:487} INFO - Filling up the DagBag from /home/airflow/sandbox/lib/python3.8/site-packages/airflow/example_dags/tutorial_taskflow_api_etl_virtualenv.py
[2021-07-14 23:09:19,195] {scheduler_job.py:643} INFO - DAG(s) dict_keys(['tutorial_taskflow_api_etl_virtualenv']) retrieved from /home/airflow/sandbox/lib/python3.8/site-packages/airflow/example_dags/tutorial_taskflow_api_etl_virtualenv.py
[2021-07-14 23:09:19,206] {logging_mixin.py:104} INFO - [2021-07-14 23:09:19,206] {dag.py:1832} INFO - Sync 1 DAGs
[2021-07-14 23:09:19,218] {logging_mixin.py:104} INFO - [2021-07-14 23:09:19,218] {dag.py:2305} INFO - Setting next_dagrun for tutorial_taskflow_api_etl_virtualenv to None
[2021-07-14 23:09:19,231] {scheduler_job.py:190} INFO - Processing /home/airflow/sandbox/lib/python3.8/site-packages/airflow/example_dags/tutorial_taskflow_api_etl_virtualenv.py took 0.061 seconds
[2021-07-14 23:09:31,720] {scheduler_job.py:182} INFO - Started process (PID=2233) to work on /home/airflow/sandbox/lib/python3.8/site-packages/airflow/example_dags/tutorial_taskflow_api_etl_virtualenv.py
[2021-07-14 23:09:31,721] {scheduler_job.py:633} INFO - Processing file /home/airflow/sandbox/lib/python3.8/site-packages/airflow/example_dags/tutorial_taskflow_api_etl_virtualenv.py for tasks to queue
[2021-07-14 23:09:31,728] {logging_mixin.py:104} INFO - [2021-07-14 23:09:31,727] {dagbag.py:487} INFO - Filling up the DagBag from /home/airflow/sandbox/lib/python3.8/site-packages/airflow/example_dags/tutorial_taskflow_api_etl_virtualenv.py
[2021-07-14 23:09:31,757] {scheduler_job.py:643} INFO - DAG(s) dict_keys(['tutorial_taskflow_api_etl_virtualenv']) retrieved from /home/airflow/sandbox/lib/python3.8/site-packages/airflow/example_dags/tutorial_taskflow_api_etl_virtualenv.py
[2021-07-14 23:09:32,156] {logging_mixin.py:104} INFO - [2021-07-14 23:09:32,156] {dag.py:1832} INFO - Sync 1 DAGs
[2021-07-14 23:09:32,165] {logging_mixin.py:104} INFO - [2021-07-14 23:09:32,165] {dag.py:2305} INFO - Setting next_dagrun for tutorial_taskflow_api_etl_virtualenv to None
[2021-07-14 23:09:32,179] {scheduler_job.py:190} INFO - Processing /home/airflow/sandbox/lib/python3.8/site-packages/airflow/example_dags/tutorial_taskflow_api_etl_virtualenv.py took 0.466 seconds
[2021-07-14 23:09:50,612] {scheduler_job.py:182} INFO - Started process (PID=2269) to work on /home/airflow/sandbox/lib/python3.8/site-packages/airflow/example_dags/tutorial_taskflow_api_etl_virtualenv.py
[2021-07-14 23:09:50,613] {scheduler_job.py:633} INFO - Processing file /home/airflow/sandbox/lib/python3.8/site-packages/airflow/example_dags/tutorial_taskflow_api_etl_virtualenv.py for tasks to queue
[2021-07-14 23:09:50,613] {logging_mixin.py:104} INFO - [2021-07-14 23:09:50,613] {dagbag.py:487} INFO - Filling up the DagBag from /home/airflow/sandbox/lib/python3.8/site-packages/airflow/example_dags/tutorial_taskflow_api_etl_virtualenv.py
[2021-07-14 23:09:50,626] {scheduler_job.py:643} INFO - DAG(s) dict_keys(['tutorial_taskflow_api_etl_virtualenv']) retrieved from /home/airflow/sandbox/lib/python3.8/site-packages/airflow/example_dags/tutorial_taskflow_api_etl_virtualenv.py
[2021-07-14 23:09:50,633] {logging_mixin.py:104} INFO - [2021-07-14 23:09:50,633] {dag.py:1832} INFO - Sync 1 DAGs
[2021-07-14 23:09:50,643] {logging_mixin.py:104} INFO - [2021-07-14 23:09:50,643] {dag.py:2305} INFO - Setting next_dagrun for tutorial_taskflow_api_etl_virtualenv to None
[2021-07-14 23:09:50,653] {scheduler_job.py:190} INFO - Processing /home/airflow/sandbox/lib/python3.8/site-packages/airflow/example_dags/tutorial_taskflow_api_etl_virtualenv.py took 0.044 seconds
[2021-07-14 23:10:02,419] {scheduler_job.py:182} INFO - Started process (PID=2292) to work on /home/airflow/sandbox/lib/python3.8/site-packages/airflow/example_dags/tutorial_taskflow_api_etl_virtualenv.py
[2021-07-14 23:10:02,420] {scheduler_job.py:633} INFO - Processing file /home/airflow/sandbox/lib/python3.8/site-packages/airflow/example_dags/tutorial_taskflow_api_etl_virtualenv.py for tasks to queue
[2021-07-14 23:10:02,421] {logging_mixin.py:104} INFO - [2021-07-14 23:10:02,421] {dagbag.py:487} INFO - Filling up the DagBag from /home/airflow/sandbox/lib/python3.8/site-packages/airflow/example_dags/tutorial_taskflow_api_etl_virtualenv.py
[2021-07-14 23:10:02,436] {scheduler_job.py:643} INFO - DAG(s) dict_keys(['tutorial_taskflow_api_etl_virtualenv']) retrieved from /home/airflow/sandbox/lib/python3.8/site-packages/airflow/example_dags/tutorial_taskflow_api_etl_virtualenv.py
[2021-07-14 23:10:02,804] {logging_mixin.py:104} INFO - [2021-07-14 23:10:02,804] {dag.py:1832} INFO - Sync 1 DAGs
[2021-07-14 23:10:02,813] {logging_mixin.py:104} INFO - [2021-07-14 23:10:02,813] {dag.py:2305} INFO - Setting next_dagrun for tutorial_taskflow_api_etl_virtualenv to None
[2021-07-14 23:10:02,836] {scheduler_job.py:190} INFO - Processing /home/airflow/sandbox/lib/python3.8/site-packages/airflow/example_dags/tutorial_taskflow_api_etl_virtualenv.py took 0.422 seconds
[2021-07-14 23:10:21,999] {scheduler_job.py:182} INFO - Started process (PID=2330) to work on /home/airflow/sandbox/lib/python3.8/site-packages/airflow/example_dags/tutorial_taskflow_api_etl_virtualenv.py
[2021-07-14 23:10:22,000] {scheduler_job.py:633} INFO - Processing file /home/airflow/sandbox/lib/python3.8/site-packages/airflow/example_dags/tutorial_taskflow_api_etl_virtualenv.py for tasks to queue
[2021-07-14 23:10:22,001] {logging_mixin.py:104} INFO - [2021-07-14 23:10:22,001] {dagbag.py:487} INFO - Filling up the DagBag from /home/airflow/sandbox/lib/python3.8/site-packages/airflow/example_dags/tutorial_taskflow_api_etl_virtualenv.py
[2021-07-14 23:10:22,017] {scheduler_job.py:643} INFO - DAG(s) dict_keys(['tutorial_taskflow_api_etl_virtualenv']) retrieved from /home/airflow/sandbox/lib/python3.8/site-packages/airflow/example_dags/tutorial_taskflow_api_etl_virtualenv.py
[2021-07-14 23:10:22,028] {logging_mixin.py:104} INFO - [2021-07-14 23:10:22,028] {dag.py:1832} INFO - Sync 1 DAGs
[2021-07-14 23:10:22,040] {logging_mixin.py:104} INFO - [2021-07-14 23:10:22,040] {dag.py:2305} INFO - Setting next_dagrun for tutorial_taskflow_api_etl_virtualenv to None
[2021-07-14 23:10:22,060] {scheduler_job.py:190} INFO - Processing /home/airflow/sandbox/lib/python3.8/site-packages/airflow/example_dags/tutorial_taskflow_api_etl_virtualenv.py took 0.064 seconds
[2021-07-14 23:10:37,668] {scheduler_job.py:182} INFO - Started process (PID=2357) to work on /home/airflow/sandbox/lib/python3.8/site-packages/airflow/example_dags/tutorial_taskflow_api_etl_virtualenv.py
[2021-07-14 23:10:37,670] {scheduler_job.py:633} INFO - Processing file /home/airflow/sandbox/lib/python3.8/site-packages/airflow/example_dags/tutorial_taskflow_api_etl_virtualenv.py for tasks to queue
[2021-07-14 23:10:37,670] {logging_mixin.py:104} INFO - [2021-07-14 23:10:37,670] {dagbag.py:487} INFO - Filling up the DagBag from /home/airflow/sandbox/lib/python3.8/site-packages/airflow/example_dags/tutorial_taskflow_api_etl_virtualenv.py
[2021-07-14 23:10:37,688] {scheduler_job.py:643} INFO - DAG(s) dict_keys(['tutorial_taskflow_api_etl_virtualenv']) retrieved from /home/airflow/sandbox/lib/python3.8/site-packages/airflow/example_dags/tutorial_taskflow_api_etl_virtualenv.py
[2021-07-14 23:10:38,215] {logging_mixin.py:104} INFO - [2021-07-14 23:10:38,212] {dag.py:1832} INFO - Sync 1 DAGs
[2021-07-14 23:10:38,240] {logging_mixin.py:104} INFO - [2021-07-14 23:10:38,240] {dag.py:2305} INFO - Setting next_dagrun for tutorial_taskflow_api_etl_virtualenv to None
[2021-07-14 23:10:38,287] {scheduler_job.py:190} INFO - Processing /home/airflow/sandbox/lib/python3.8/site-packages/airflow/example_dags/tutorial_taskflow_api_etl_virtualenv.py took 0.623 seconds
[2021-07-14 23:10:54,208] {scheduler_job.py:182} INFO - Started process (PID=2375) to work on /home/airflow/sandbox/lib/python3.8/site-packages/airflow/example_dags/tutorial_taskflow_api_etl_virtualenv.py
[2021-07-14 23:10:54,217] {scheduler_job.py:633} INFO - Processing file /home/airflow/sandbox/lib/python3.8/site-packages/airflow/example_dags/tutorial_taskflow_api_etl_virtualenv.py for tasks to queue
[2021-07-14 23:10:54,222] {logging_mixin.py:104} INFO - [2021-07-14 23:10:54,222] {dagbag.py:487} INFO - Filling up the DagBag from /home/airflow/sandbox/lib/python3.8/site-packages/airflow/example_dags/tutorial_taskflow_api_etl_virtualenv.py
[2021-07-14 23:10:54,366] {scheduler_job.py:643} INFO - DAG(s) dict_keys(['tutorial_taskflow_api_etl_virtualenv']) retrieved from /home/airflow/sandbox/lib/python3.8/site-packages/airflow/example_dags/tutorial_taskflow_api_etl_virtualenv.py
[2021-07-14 23:10:54,497] {logging_mixin.py:104} INFO - [2021-07-14 23:10:54,497] {dag.py:1832} INFO - Sync 1 DAGs
[2021-07-14 23:10:54,722] {logging_mixin.py:104} INFO - [2021-07-14 23:10:54,722] {dag.py:2305} INFO - Setting next_dagrun for tutorial_taskflow_api_etl_virtualenv to None
[2021-07-14 23:10:54,994] {scheduler_job.py:190} INFO - Processing /home/airflow/sandbox/lib/python3.8/site-packages/airflow/example_dags/tutorial_taskflow_api_etl_virtualenv.py took 0.812 seconds
[2021-07-14 23:11:23,312] {scheduler_job.py:182} INFO - Started process (PID=2416) to work on /home/airflow/sandbox/lib/python3.8/site-packages/airflow/example_dags/tutorial_taskflow_api_etl_virtualenv.py
[2021-07-14 23:11:23,313] {scheduler_job.py:633} INFO - Processing file /home/airflow/sandbox/lib/python3.8/site-packages/airflow/example_dags/tutorial_taskflow_api_etl_virtualenv.py for tasks to queue
[2021-07-14 23:11:23,314] {logging_mixin.py:104} INFO - [2021-07-14 23:11:23,314] {dagbag.py:487} INFO - Filling up the DagBag from /home/airflow/sandbox/lib/python3.8/site-packages/airflow/example_dags/tutorial_taskflow_api_etl_virtualenv.py
[2021-07-14 23:11:23,365] {scheduler_job.py:643} INFO - DAG(s) dict_keys(['tutorial_taskflow_api_etl_virtualenv']) retrieved from /home/airflow/sandbox/lib/python3.8/site-packages/airflow/example_dags/tutorial_taskflow_api_etl_virtualenv.py
[2021-07-14 23:11:23,992] {logging_mixin.py:104} INFO - [2021-07-14 23:11:23,992] {dag.py:1832} INFO - Sync 1 DAGs
[2021-07-14 23:11:24,007] {logging_mixin.py:104} INFO - [2021-07-14 23:11:24,007] {dag.py:2305} INFO - Setting next_dagrun for tutorial_taskflow_api_etl_virtualenv to None
[2021-07-14 23:11:24,028] {scheduler_job.py:190} INFO - Processing /home/airflow/sandbox/lib/python3.8/site-packages/airflow/example_dags/tutorial_taskflow_api_etl_virtualenv.py took 0.727 seconds
[2021-07-14 23:11:25,811] {scheduler_job.py:182} INFO - Started process (PID=2419) to work on /home/airflow/sandbox/lib/python3.8/site-packages/airflow/example_dags/tutorial_taskflow_api_etl_virtualenv.py
[2021-07-14 23:11:25,814] {scheduler_job.py:633} INFO - Processing file /home/airflow/sandbox/lib/python3.8/site-packages/airflow/example_dags/tutorial_taskflow_api_etl_virtualenv.py for tasks to queue
[2021-07-14 23:11:25,815] {logging_mixin.py:104} INFO - [2021-07-14 23:11:25,815] {dagbag.py:487} INFO - Filling up the DagBag from /home/airflow/sandbox/lib/python3.8/site-packages/airflow/example_dags/tutorial_taskflow_api_etl_virtualenv.py
[2021-07-14 23:11:25,850] {scheduler_job.py:643} INFO - DAG(s) dict_keys(['tutorial_taskflow_api_etl_virtualenv']) retrieved from /home/airflow/sandbox/lib/python3.8/site-packages/airflow/example_dags/tutorial_taskflow_api_etl_virtualenv.py
[2021-07-14 23:11:25,869] {logging_mixin.py:104} INFO - [2021-07-14 23:11:25,869] {dag.py:1832} INFO - Sync 1 DAGs
[2021-07-14 23:11:25,894] {logging_mixin.py:104} INFO - [2021-07-14 23:11:25,894] {dag.py:2305} INFO - Setting next_dagrun for tutorial_taskflow_api_etl_virtualenv to None
[2021-07-14 23:11:25,916] {scheduler_job.py:190} INFO - Processing /home/airflow/sandbox/lib/python3.8/site-packages/airflow/example_dags/tutorial_taskflow_api_etl_virtualenv.py took 0.111 seconds
[2021-07-14 23:11:56,356] {scheduler_job.py:182} INFO - Started process (PID=2478) to work on /home/airflow/sandbox/lib/python3.8/site-packages/airflow/example_dags/tutorial_taskflow_api_etl_virtualenv.py
[2021-07-14 23:11:56,357] {scheduler_job.py:633} INFO - Processing file /home/airflow/sandbox/lib/python3.8/site-packages/airflow/example_dags/tutorial_taskflow_api_etl_virtualenv.py for tasks to queue
[2021-07-14 23:11:56,357] {logging_mixin.py:104} INFO - [2021-07-14 23:11:56,357] {dagbag.py:487} INFO - Filling up the DagBag from /home/airflow/sandbox/lib/python3.8/site-packages/airflow/example_dags/tutorial_taskflow_api_etl_virtualenv.py
[2021-07-14 23:11:56,369] {scheduler_job.py:643} INFO - DAG(s) dict_keys(['tutorial_taskflow_api_etl_virtualenv']) retrieved from /home/airflow/sandbox/lib/python3.8/site-packages/airflow/example_dags/tutorial_taskflow_api_etl_virtualenv.py
[2021-07-14 23:11:56,658] {logging_mixin.py:104} INFO - [2021-07-14 23:11:56,658] {dag.py:1832} INFO - Sync 1 DAGs
[2021-07-14 23:11:56,666] {logging_mixin.py:104} INFO - [2021-07-14 23:11:56,666] {dag.py:2305} INFO - Setting next_dagrun for tutorial_taskflow_api_etl_virtualenv to None
[2021-07-14 23:11:56,677] {scheduler_job.py:190} INFO - Processing /home/airflow/sandbox/lib/python3.8/site-packages/airflow/example_dags/tutorial_taskflow_api_etl_virtualenv.py took 0.325 seconds
[2021-07-14 23:11:56,963] {scheduler_job.py:182} INFO - Started process (PID=2479) to work on /home/airflow/sandbox/lib/python3.8/site-packages/airflow/example_dags/tutorial_taskflow_api_etl_virtualenv.py
[2021-07-14 23:11:56,964] {scheduler_job.py:633} INFO - Processing file /home/airflow/sandbox/lib/python3.8/site-packages/airflow/example_dags/tutorial_taskflow_api_etl_virtualenv.py for tasks to queue
[2021-07-14 23:11:56,964] {logging_mixin.py:104} INFO - [2021-07-14 23:11:56,964] {dagbag.py:487} INFO - Filling up the DagBag from /home/airflow/sandbox/lib/python3.8/site-packages/airflow/example_dags/tutorial_taskflow_api_etl_virtualenv.py
[2021-07-14 23:11:56,977] {scheduler_job.py:643} INFO - DAG(s) dict_keys(['tutorial_taskflow_api_etl_virtualenv']) retrieved from /home/airflow/sandbox/lib/python3.8/site-packages/airflow/example_dags/tutorial_taskflow_api_etl_virtualenv.py
[2021-07-14 23:11:56,983] {logging_mixin.py:104} INFO - [2021-07-14 23:11:56,983] {dag.py:1832} INFO - Sync 1 DAGs
[2021-07-14 23:11:56,994] {logging_mixin.py:104} INFO - [2021-07-14 23:11:56,994] {dag.py:2305} INFO - Setting next_dagrun for tutorial_taskflow_api_etl_virtualenv to None
[2021-07-14 23:11:57,006] {scheduler_job.py:190} INFO - Processing /home/airflow/sandbox/lib/python3.8/site-packages/airflow/example_dags/tutorial_taskflow_api_etl_virtualenv.py took 0.046 seconds
[2021-07-14 23:12:29,145] {scheduler_job.py:182} INFO - Started process (PID=2542) to work on /home/airflow/sandbox/lib/python3.8/site-packages/airflow/example_dags/tutorial_taskflow_api_etl_virtualenv.py
[2021-07-14 23:12:29,146] {scheduler_job.py:633} INFO - Processing file /home/airflow/sandbox/lib/python3.8/site-packages/airflow/example_dags/tutorial_taskflow_api_etl_virtualenv.py for tasks to queue
[2021-07-14 23:12:29,146] {logging_mixin.py:104} INFO - [2021-07-14 23:12:29,146] {dagbag.py:487} INFO - Filling up the DagBag from /home/airflow/sandbox/lib/python3.8/site-packages/airflow/example_dags/tutorial_taskflow_api_etl_virtualenv.py
[2021-07-14 23:12:29,164] {scheduler_job.py:643} INFO - DAG(s) dict_keys(['tutorial_taskflow_api_etl_virtualenv']) retrieved from /home/airflow/sandbox/lib/python3.8/site-packages/airflow/example_dags/tutorial_taskflow_api_etl_virtualenv.py
[2021-07-14 23:12:29,462] {scheduler_job.py:182} INFO - Started process (PID=2543) to work on /home/airflow/sandbox/lib/python3.8/site-packages/airflow/example_dags/tutorial_taskflow_api_etl_virtualenv.py
[2021-07-14 23:12:29,463] {scheduler_job.py:633} INFO - Processing file /home/airflow/sandbox/lib/python3.8/site-packages/airflow/example_dags/tutorial_taskflow_api_etl_virtualenv.py for tasks to queue
[2021-07-14 23:12:29,468] {logging_mixin.py:104} INFO - [2021-07-14 23:12:29,468] {dagbag.py:487} INFO - Filling up the DagBag from /home/airflow/sandbox/lib/python3.8/site-packages/airflow/example_dags/tutorial_taskflow_api_etl_virtualenv.py
[2021-07-14 23:12:29,495] {scheduler_job.py:643} INFO - DAG(s) dict_keys(['tutorial_taskflow_api_etl_virtualenv']) retrieved from /home/airflow/sandbox/lib/python3.8/site-packages/airflow/example_dags/tutorial_taskflow_api_etl_virtualenv.py
[2021-07-14 23:12:29,594] {logging_mixin.py:104} INFO - [2021-07-14 23:12:29,594] {dag.py:1832} INFO - Sync 1 DAGs
[2021-07-14 23:12:29,612] {logging_mixin.py:104} INFO - [2021-07-14 23:12:29,611] {dag.py:2305} INFO - Setting next_dagrun for tutorial_taskflow_api_etl_virtualenv to None
[2021-07-14 23:12:29,647] {scheduler_job.py:190} INFO - Processing /home/airflow/sandbox/lib/python3.8/site-packages/airflow/example_dags/tutorial_taskflow_api_etl_virtualenv.py took 0.507 seconds
[2021-07-14 23:12:30,034] {logging_mixin.py:104} INFO - [2021-07-14 23:12:30,034] {dag.py:1832} INFO - Sync 1 DAGs
[2021-07-14 23:12:30,052] {logging_mixin.py:104} INFO - [2021-07-14 23:12:30,052] {dag.py:2305} INFO - Setting next_dagrun for tutorial_taskflow_api_etl_virtualenv to None
[2021-07-14 23:12:30,087] {scheduler_job.py:190} INFO - Processing /home/airflow/sandbox/lib/python3.8/site-packages/airflow/example_dags/tutorial_taskflow_api_etl_virtualenv.py took 0.631 seconds
[2021-07-14 23:13:00,405] {scheduler_job.py:182} INFO - Started process (PID=2601) to work on /home/airflow/sandbox/lib/python3.8/site-packages/airflow/example_dags/tutorial_taskflow_api_etl_virtualenv.py
[2021-07-14 23:13:00,406] {scheduler_job.py:633} INFO - Processing file /home/airflow/sandbox/lib/python3.8/site-packages/airflow/example_dags/tutorial_taskflow_api_etl_virtualenv.py for tasks to queue
[2021-07-14 23:13:00,406] {logging_mixin.py:104} INFO - [2021-07-14 23:13:00,406] {dagbag.py:487} INFO - Filling up the DagBag from /home/airflow/sandbox/lib/python3.8/site-packages/airflow/example_dags/tutorial_taskflow_api_etl_virtualenv.py
[2021-07-14 23:13:00,421] {scheduler_job.py:643} INFO - DAG(s) dict_keys(['tutorial_taskflow_api_etl_virtualenv']) retrieved from /home/airflow/sandbox/lib/python3.8/site-packages/airflow/example_dags/tutorial_taskflow_api_etl_virtualenv.py
[2021-07-14 23:13:00,789] {logging_mixin.py:104} INFO - [2021-07-14 23:13:00,789] {dag.py:1832} INFO - Sync 1 DAGs
[2021-07-14 23:13:00,798] {logging_mixin.py:104} INFO - [2021-07-14 23:13:00,797] {dag.py:2305} INFO - Setting next_dagrun for tutorial_taskflow_api_etl_virtualenv to None
[2021-07-14 23:13:00,818] {scheduler_job.py:190} INFO - Processing /home/airflow/sandbox/lib/python3.8/site-packages/airflow/example_dags/tutorial_taskflow_api_etl_virtualenv.py took 0.416 seconds
[2021-07-14 23:13:02,002] {scheduler_job.py:182} INFO - Started process (PID=2604) to work on /home/airflow/sandbox/lib/python3.8/site-packages/airflow/example_dags/tutorial_taskflow_api_etl_virtualenv.py
[2021-07-14 23:13:02,003] {scheduler_job.py:633} INFO - Processing file /home/airflow/sandbox/lib/python3.8/site-packages/airflow/example_dags/tutorial_taskflow_api_etl_virtualenv.py for tasks to queue
[2021-07-14 23:13:02,003] {logging_mixin.py:104} INFO - [2021-07-14 23:13:02,003] {dagbag.py:487} INFO - Filling up the DagBag from /home/airflow/sandbox/lib/python3.8/site-packages/airflow/example_dags/tutorial_taskflow_api_etl_virtualenv.py
[2021-07-14 23:13:02,024] {scheduler_job.py:643} INFO - DAG(s) dict_keys(['tutorial_taskflow_api_etl_virtualenv']) retrieved from /home/airflow/sandbox/lib/python3.8/site-packages/airflow/example_dags/tutorial_taskflow_api_etl_virtualenv.py
[2021-07-14 23:13:02,032] {logging_mixin.py:104} INFO - [2021-07-14 23:13:02,032] {dag.py:1832} INFO - Sync 1 DAGs
[2021-07-14 23:13:02,046] {logging_mixin.py:104} INFO - [2021-07-14 23:13:02,046] {dag.py:2305} INFO - Setting next_dagrun for tutorial_taskflow_api_etl_virtualenv to None
[2021-07-14 23:13:02,067] {scheduler_job.py:190} INFO - Processing /home/airflow/sandbox/lib/python3.8/site-packages/airflow/example_dags/tutorial_taskflow_api_etl_virtualenv.py took 0.068 seconds
[2021-07-14 23:48:43,249] {scheduler_job.py:182} INFO - Started process (PID=1838) to work on /home/airflow/sandbox/lib/python3.8/site-packages/airflow/example_dags/tutorial_taskflow_api_etl_virtualenv.py
[2021-07-14 23:48:43,250] {scheduler_job.py:633} INFO - Processing file /home/airflow/sandbox/lib/python3.8/site-packages/airflow/example_dags/tutorial_taskflow_api_etl_virtualenv.py for tasks to queue
[2021-07-14 23:48:43,251] {logging_mixin.py:104} INFO - [2021-07-14 23:48:43,251] {dagbag.py:487} INFO - Filling up the DagBag from /home/airflow/sandbox/lib/python3.8/site-packages/airflow/example_dags/tutorial_taskflow_api_etl_virtualenv.py
[2021-07-14 23:48:43,280] {scheduler_job.py:643} INFO - DAG(s) dict_keys(['tutorial_taskflow_api_etl_virtualenv']) retrieved from /home/airflow/sandbox/lib/python3.8/site-packages/airflow/example_dags/tutorial_taskflow_api_etl_virtualenv.py
[2021-07-14 23:48:43,517] {logging_mixin.py:104} INFO - [2021-07-14 23:48:43,517] {dag.py:1832} INFO - Sync 1 DAGs
[2021-07-14 23:48:43,533] {logging_mixin.py:104} INFO - [2021-07-14 23:48:43,533] {dag.py:2305} INFO - Setting next_dagrun for tutorial_taskflow_api_etl_virtualenv to None
[2021-07-14 23:48:43,545] {scheduler_job.py:190} INFO - Processing /home/airflow/sandbox/lib/python3.8/site-packages/airflow/example_dags/tutorial_taskflow_api_etl_virtualenv.py took 0.306 seconds
[2021-07-14 23:49:17,417] {scheduler_job.py:182} INFO - Started process (PID=1871) to work on /home/airflow/sandbox/lib/python3.8/site-packages/airflow/example_dags/tutorial_taskflow_api_etl_virtualenv.py
[2021-07-14 23:49:17,418] {scheduler_job.py:633} INFO - Processing file /home/airflow/sandbox/lib/python3.8/site-packages/airflow/example_dags/tutorial_taskflow_api_etl_virtualenv.py for tasks to queue
[2021-07-14 23:49:17,419] {logging_mixin.py:104} INFO - [2021-07-14 23:49:17,419] {dagbag.py:487} INFO - Filling up the DagBag from /home/airflow/sandbox/lib/python3.8/site-packages/airflow/example_dags/tutorial_taskflow_api_etl_virtualenv.py
[2021-07-14 23:49:17,431] {scheduler_job.py:643} INFO - DAG(s) dict_keys(['tutorial_taskflow_api_etl_virtualenv']) retrieved from /home/airflow/sandbox/lib/python3.8/site-packages/airflow/example_dags/tutorial_taskflow_api_etl_virtualenv.py
[2021-07-14 23:49:17,604] {logging_mixin.py:104} INFO - [2021-07-14 23:49:17,604] {dag.py:1832} INFO - Sync 1 DAGs
[2021-07-14 23:49:17,613] {logging_mixin.py:104} INFO - [2021-07-14 23:49:17,613] {dag.py:2305} INFO - Setting next_dagrun for tutorial_taskflow_api_etl_virtualenv to None
[2021-07-14 23:49:17,632] {scheduler_job.py:190} INFO - Processing /home/airflow/sandbox/lib/python3.8/site-packages/airflow/example_dags/tutorial_taskflow_api_etl_virtualenv.py took 0.218 seconds
[2021-07-14 23:49:49,620] {scheduler_job.py:182} INFO - Started process (PID=1902) to work on /home/airflow/sandbox/lib/python3.8/site-packages/airflow/example_dags/tutorial_taskflow_api_etl_virtualenv.py
[2021-07-14 23:49:49,621] {scheduler_job.py:633} INFO - Processing file /home/airflow/sandbox/lib/python3.8/site-packages/airflow/example_dags/tutorial_taskflow_api_etl_virtualenv.py for tasks to queue
[2021-07-14 23:49:49,621] {logging_mixin.py:104} INFO - [2021-07-14 23:49:49,621] {dagbag.py:487} INFO - Filling up the DagBag from /home/airflow/sandbox/lib/python3.8/site-packages/airflow/example_dags/tutorial_taskflow_api_etl_virtualenv.py
[2021-07-14 23:49:49,634] {scheduler_job.py:643} INFO - DAG(s) dict_keys(['tutorial_taskflow_api_etl_virtualenv']) retrieved from /home/airflow/sandbox/lib/python3.8/site-packages/airflow/example_dags/tutorial_taskflow_api_etl_virtualenv.py
[2021-07-14 23:49:49,850] {logging_mixin.py:104} INFO - [2021-07-14 23:49:49,850] {dag.py:1832} INFO - Sync 1 DAGs
[2021-07-14 23:49:49,860] {logging_mixin.py:104} INFO - [2021-07-14 23:49:49,860] {dag.py:2305} INFO - Setting next_dagrun for tutorial_taskflow_api_etl_virtualenv to None
[2021-07-14 23:49:49,875] {scheduler_job.py:190} INFO - Processing /home/airflow/sandbox/lib/python3.8/site-packages/airflow/example_dags/tutorial_taskflow_api_etl_virtualenv.py took 0.257 seconds
[2021-07-14 23:50:21,072] {scheduler_job.py:182} INFO - Started process (PID=1933) to work on /home/airflow/sandbox/lib/python3.8/site-packages/airflow/example_dags/tutorial_taskflow_api_etl_virtualenv.py
[2021-07-14 23:50:21,073] {scheduler_job.py:633} INFO - Processing file /home/airflow/sandbox/lib/python3.8/site-packages/airflow/example_dags/tutorial_taskflow_api_etl_virtualenv.py for tasks to queue
[2021-07-14 23:50:21,073] {logging_mixin.py:104} INFO - [2021-07-14 23:50:21,073] {dagbag.py:487} INFO - Filling up the DagBag from /home/airflow/sandbox/lib/python3.8/site-packages/airflow/example_dags/tutorial_taskflow_api_etl_virtualenv.py
[2021-07-14 23:50:21,091] {scheduler_job.py:643} INFO - DAG(s) dict_keys(['tutorial_taskflow_api_etl_virtualenv']) retrieved from /home/airflow/sandbox/lib/python3.8/site-packages/airflow/example_dags/tutorial_taskflow_api_etl_virtualenv.py
[2021-07-14 23:50:21,319] {logging_mixin.py:104} INFO - [2021-07-14 23:50:21,318] {dag.py:1832} INFO - Sync 1 DAGs
[2021-07-14 23:50:21,332] {logging_mixin.py:104} INFO - [2021-07-14 23:50:21,332] {dag.py:2305} INFO - Setting next_dagrun for tutorial_taskflow_api_etl_virtualenv to None
[2021-07-14 23:50:21,351] {scheduler_job.py:190} INFO - Processing /home/airflow/sandbox/lib/python3.8/site-packages/airflow/example_dags/tutorial_taskflow_api_etl_virtualenv.py took 0.282 seconds
[2021-07-14 23:50:52,698] {scheduler_job.py:182} INFO - Started process (PID=1964) to work on /home/airflow/sandbox/lib/python3.8/site-packages/airflow/example_dags/tutorial_taskflow_api_etl_virtualenv.py
[2021-07-14 23:50:52,699] {scheduler_job.py:633} INFO - Processing file /home/airflow/sandbox/lib/python3.8/site-packages/airflow/example_dags/tutorial_taskflow_api_etl_virtualenv.py for tasks to queue
[2021-07-14 23:50:52,700] {logging_mixin.py:104} INFO - [2021-07-14 23:50:52,700] {dagbag.py:487} INFO - Filling up the DagBag from /home/airflow/sandbox/lib/python3.8/site-packages/airflow/example_dags/tutorial_taskflow_api_etl_virtualenv.py
[2021-07-14 23:50:52,719] {scheduler_job.py:643} INFO - DAG(s) dict_keys(['tutorial_taskflow_api_etl_virtualenv']) retrieved from /home/airflow/sandbox/lib/python3.8/site-packages/airflow/example_dags/tutorial_taskflow_api_etl_virtualenv.py
[2021-07-14 23:50:53,008] {logging_mixin.py:104} INFO - [2021-07-14 23:50:53,008] {dag.py:1832} INFO - Sync 1 DAGs
[2021-07-14 23:50:53,025] {logging_mixin.py:104} INFO - [2021-07-14 23:50:53,025] {dag.py:2305} INFO - Setting next_dagrun for tutorial_taskflow_api_etl_virtualenv to None
[2021-07-14 23:50:53,051] {scheduler_job.py:190} INFO - Processing /home/airflow/sandbox/lib/python3.8/site-packages/airflow/example_dags/tutorial_taskflow_api_etl_virtualenv.py took 0.357 seconds
[2021-07-14 23:51:26,448] {scheduler_job.py:182} INFO - Started process (PID=1991) to work on /home/airflow/sandbox/lib/python3.8/site-packages/airflow/example_dags/tutorial_taskflow_api_etl_virtualenv.py
[2021-07-14 23:51:26,452] {scheduler_job.py:633} INFO - Processing file /home/airflow/sandbox/lib/python3.8/site-packages/airflow/example_dags/tutorial_taskflow_api_etl_virtualenv.py for tasks to queue
[2021-07-14 23:51:26,456] {logging_mixin.py:104} INFO - [2021-07-14 23:51:26,456] {dagbag.py:487} INFO - Filling up the DagBag from /home/airflow/sandbox/lib/python3.8/site-packages/airflow/example_dags/tutorial_taskflow_api_etl_virtualenv.py
[2021-07-14 23:51:26,511] {scheduler_job.py:643} INFO - DAG(s) dict_keys(['tutorial_taskflow_api_etl_virtualenv']) retrieved from /home/airflow/sandbox/lib/python3.8/site-packages/airflow/example_dags/tutorial_taskflow_api_etl_virtualenv.py
[2021-07-14 23:51:27,245] {logging_mixin.py:104} INFO - [2021-07-14 23:51:27,245] {dag.py:1832} INFO - Sync 1 DAGs
[2021-07-14 23:51:27,276] {logging_mixin.py:104} INFO - [2021-07-14 23:51:27,276] {dag.py:2305} INFO - Setting next_dagrun for tutorial_taskflow_api_etl_virtualenv to None
[2021-07-14 23:51:27,312] {scheduler_job.py:190} INFO - Processing /home/airflow/sandbox/lib/python3.8/site-packages/airflow/example_dags/tutorial_taskflow_api_etl_virtualenv.py took 0.876 seconds
[2021-07-14 23:52:07,359] {scheduler_job.py:182} INFO - Started process (PID=2020) to work on /home/airflow/sandbox/lib/python3.8/site-packages/airflow/example_dags/tutorial_taskflow_api_etl_virtualenv.py
[2021-07-14 23:52:07,360] {scheduler_job.py:633} INFO - Processing file /home/airflow/sandbox/lib/python3.8/site-packages/airflow/example_dags/tutorial_taskflow_api_etl_virtualenv.py for tasks to queue
[2021-07-14 23:52:07,361] {logging_mixin.py:104} INFO - [2021-07-14 23:52:07,360] {dagbag.py:487} INFO - Filling up the DagBag from /home/airflow/sandbox/lib/python3.8/site-packages/airflow/example_dags/tutorial_taskflow_api_etl_virtualenv.py
[2021-07-14 23:52:07,377] {scheduler_job.py:643} INFO - DAG(s) dict_keys(['tutorial_taskflow_api_etl_virtualenv']) retrieved from /home/airflow/sandbox/lib/python3.8/site-packages/airflow/example_dags/tutorial_taskflow_api_etl_virtualenv.py
[2021-07-14 23:52:07,636] {logging_mixin.py:104} INFO - [2021-07-14 23:52:07,635] {dag.py:1832} INFO - Sync 1 DAGs
[2021-07-14 23:52:07,647] {logging_mixin.py:104} INFO - [2021-07-14 23:52:07,647] {dag.py:2305} INFO - Setting next_dagrun for tutorial_taskflow_api_etl_virtualenv to None
[2021-07-14 23:52:07,672] {scheduler_job.py:190} INFO - Processing /home/airflow/sandbox/lib/python3.8/site-packages/airflow/example_dags/tutorial_taskflow_api_etl_virtualenv.py took 0.317 seconds
[2021-07-14 23:52:39,410] {scheduler_job.py:182} INFO - Started process (PID=2051) to work on /home/airflow/sandbox/lib/python3.8/site-packages/airflow/example_dags/tutorial_taskflow_api_etl_virtualenv.py
[2021-07-14 23:52:39,411] {scheduler_job.py:633} INFO - Processing file /home/airflow/sandbox/lib/python3.8/site-packages/airflow/example_dags/tutorial_taskflow_api_etl_virtualenv.py for tasks to queue
[2021-07-14 23:52:39,411] {logging_mixin.py:104} INFO - [2021-07-14 23:52:39,411] {dagbag.py:487} INFO - Filling up the DagBag from /home/airflow/sandbox/lib/python3.8/site-packages/airflow/example_dags/tutorial_taskflow_api_etl_virtualenv.py
[2021-07-14 23:52:39,425] {scheduler_job.py:643} INFO - DAG(s) dict_keys(['tutorial_taskflow_api_etl_virtualenv']) retrieved from /home/airflow/sandbox/lib/python3.8/site-packages/airflow/example_dags/tutorial_taskflow_api_etl_virtualenv.py
[2021-07-14 23:52:39,640] {logging_mixin.py:104} INFO - [2021-07-14 23:52:39,639] {dag.py:1832} INFO - Sync 1 DAGs
[2021-07-14 23:52:39,649] {logging_mixin.py:104} INFO - [2021-07-14 23:52:39,649] {dag.py:2305} INFO - Setting next_dagrun for tutorial_taskflow_api_etl_virtualenv to None
[2021-07-14 23:52:39,673] {scheduler_job.py:190} INFO - Processing /home/airflow/sandbox/lib/python3.8/site-packages/airflow/example_dags/tutorial_taskflow_api_etl_virtualenv.py took 0.265 seconds
[2021-07-14 23:53:10,225] {scheduler_job.py:182} INFO - Started process (PID=2081) to work on /home/airflow/sandbox/lib/python3.8/site-packages/airflow/example_dags/tutorial_taskflow_api_etl_virtualenv.py
[2021-07-14 23:53:10,225] {scheduler_job.py:633} INFO - Processing file /home/airflow/sandbox/lib/python3.8/site-packages/airflow/example_dags/tutorial_taskflow_api_etl_virtualenv.py for tasks to queue
[2021-07-14 23:53:10,226] {logging_mixin.py:104} INFO - [2021-07-14 23:53:10,226] {dagbag.py:487} INFO - Filling up the DagBag from /home/airflow/sandbox/lib/python3.8/site-packages/airflow/example_dags/tutorial_taskflow_api_etl_virtualenv.py
[2021-07-14 23:53:10,238] {scheduler_job.py:643} INFO - DAG(s) dict_keys(['tutorial_taskflow_api_etl_virtualenv']) retrieved from /home/airflow/sandbox/lib/python3.8/site-packages/airflow/example_dags/tutorial_taskflow_api_etl_virtualenv.py
[2021-07-14 23:53:10,424] {logging_mixin.py:104} INFO - [2021-07-14 23:53:10,424] {dag.py:1832} INFO - Sync 1 DAGs
[2021-07-14 23:53:10,432] {logging_mixin.py:104} INFO - [2021-07-14 23:53:10,432] {dag.py:2305} INFO - Setting next_dagrun for tutorial_taskflow_api_etl_virtualenv to None
[2021-07-14 23:53:10,452] {scheduler_job.py:190} INFO - Processing /home/airflow/sandbox/lib/python3.8/site-packages/airflow/example_dags/tutorial_taskflow_api_etl_virtualenv.py took 0.231 seconds
[2021-07-14 23:53:42,516] {scheduler_job.py:182} INFO - Started process (PID=2111) to work on /home/airflow/sandbox/lib/python3.8/site-packages/airflow/example_dags/tutorial_taskflow_api_etl_virtualenv.py
[2021-07-14 23:53:42,517] {scheduler_job.py:633} INFO - Processing file /home/airflow/sandbox/lib/python3.8/site-packages/airflow/example_dags/tutorial_taskflow_api_etl_virtualenv.py for tasks to queue
[2021-07-14 23:53:42,517] {logging_mixin.py:104} INFO - [2021-07-14 23:53:42,517] {dagbag.py:487} INFO - Filling up the DagBag from /home/airflow/sandbox/lib/python3.8/site-packages/airflow/example_dags/tutorial_taskflow_api_etl_virtualenv.py
[2021-07-14 23:53:42,530] {scheduler_job.py:643} INFO - DAG(s) dict_keys(['tutorial_taskflow_api_etl_virtualenv']) retrieved from /home/airflow/sandbox/lib/python3.8/site-packages/airflow/example_dags/tutorial_taskflow_api_etl_virtualenv.py
[2021-07-14 23:53:42,761] {logging_mixin.py:104} INFO - [2021-07-14 23:53:42,761] {dag.py:1832} INFO - Sync 1 DAGs
[2021-07-14 23:53:42,771] {logging_mixin.py:104} INFO - [2021-07-14 23:53:42,771] {dag.py:2305} INFO - Setting next_dagrun for tutorial_taskflow_api_etl_virtualenv to None
[2021-07-14 23:53:42,785] {scheduler_job.py:190} INFO - Processing /home/airflow/sandbox/lib/python3.8/site-packages/airflow/example_dags/tutorial_taskflow_api_etl_virtualenv.py took 0.271 seconds
[2021-07-14 23:54:12,948] {scheduler_job.py:182} INFO - Started process (PID=2141) to work on /home/airflow/sandbox/lib/python3.8/site-packages/airflow/example_dags/tutorial_taskflow_api_etl_virtualenv.py
[2021-07-14 23:54:12,950] {scheduler_job.py:633} INFO - Processing file /home/airflow/sandbox/lib/python3.8/site-packages/airflow/example_dags/tutorial_taskflow_api_etl_virtualenv.py for tasks to queue
[2021-07-14 23:54:12,950] {logging_mixin.py:104} INFO - [2021-07-14 23:54:12,950] {dagbag.py:487} INFO - Filling up the DagBag from /home/airflow/sandbox/lib/python3.8/site-packages/airflow/example_dags/tutorial_taskflow_api_etl_virtualenv.py
[2021-07-14 23:54:12,967] {scheduler_job.py:643} INFO - DAG(s) dict_keys(['tutorial_taskflow_api_etl_virtualenv']) retrieved from /home/airflow/sandbox/lib/python3.8/site-packages/airflow/example_dags/tutorial_taskflow_api_etl_virtualenv.py
[2021-07-14 23:54:13,223] {logging_mixin.py:104} INFO - [2021-07-14 23:54:13,223] {dag.py:1832} INFO - Sync 1 DAGs
[2021-07-14 23:54:13,236] {logging_mixin.py:104} INFO - [2021-07-14 23:54:13,236] {dag.py:2305} INFO - Setting next_dagrun for tutorial_taskflow_api_etl_virtualenv to None
[2021-07-14 23:54:13,250] {scheduler_job.py:190} INFO - Processing /home/airflow/sandbox/lib/python3.8/site-packages/airflow/example_dags/tutorial_taskflow_api_etl_virtualenv.py took 0.306 seconds
[2021-07-14 23:54:44,004] {scheduler_job.py:182} INFO - Started process (PID=2172) to work on /home/airflow/sandbox/lib/python3.8/site-packages/airflow/example_dags/tutorial_taskflow_api_etl_virtualenv.py
[2021-07-14 23:54:44,005] {scheduler_job.py:633} INFO - Processing file /home/airflow/sandbox/lib/python3.8/site-packages/airflow/example_dags/tutorial_taskflow_api_etl_virtualenv.py for tasks to queue
[2021-07-14 23:54:44,006] {logging_mixin.py:104} INFO - [2021-07-14 23:54:44,006] {dagbag.py:487} INFO - Filling up the DagBag from /home/airflow/sandbox/lib/python3.8/site-packages/airflow/example_dags/tutorial_taskflow_api_etl_virtualenv.py
[2021-07-14 23:54:44,022] {scheduler_job.py:643} INFO - DAG(s) dict_keys(['tutorial_taskflow_api_etl_virtualenv']) retrieved from /home/airflow/sandbox/lib/python3.8/site-packages/airflow/example_dags/tutorial_taskflow_api_etl_virtualenv.py
[2021-07-14 23:54:44,241] {logging_mixin.py:104} INFO - [2021-07-14 23:54:44,241] {dag.py:1832} INFO - Sync 1 DAGs
[2021-07-14 23:54:44,253] {logging_mixin.py:104} INFO - [2021-07-14 23:54:44,253] {dag.py:2305} INFO - Setting next_dagrun for tutorial_taskflow_api_etl_virtualenv to None
[2021-07-14 23:54:44,274] {scheduler_job.py:190} INFO - Processing /home/airflow/sandbox/lib/python3.8/site-packages/airflow/example_dags/tutorial_taskflow_api_etl_virtualenv.py took 0.274 seconds
[2021-07-14 23:55:22,365] {scheduler_job.py:182} INFO - Started process (PID=2212) to work on /home/airflow/sandbox/lib/python3.8/site-packages/airflow/example_dags/tutorial_taskflow_api_etl_virtualenv.py
[2021-07-14 23:55:22,366] {scheduler_job.py:633} INFO - Processing file /home/airflow/sandbox/lib/python3.8/site-packages/airflow/example_dags/tutorial_taskflow_api_etl_virtualenv.py for tasks to queue
[2021-07-14 23:55:22,367] {logging_mixin.py:104} INFO - [2021-07-14 23:55:22,366] {dagbag.py:487} INFO - Filling up the DagBag from /home/airflow/sandbox/lib/python3.8/site-packages/airflow/example_dags/tutorial_taskflow_api_etl_virtualenv.py
[2021-07-14 23:55:22,385] {scheduler_job.py:643} INFO - DAG(s) dict_keys(['tutorial_taskflow_api_etl_virtualenv']) retrieved from /home/airflow/sandbox/lib/python3.8/site-packages/airflow/example_dags/tutorial_taskflow_api_etl_virtualenv.py
[2021-07-14 23:55:22,653] {logging_mixin.py:104} INFO - [2021-07-14 23:55:22,653] {dag.py:1832} INFO - Sync 1 DAGs
[2021-07-14 23:55:22,668] {logging_mixin.py:104} INFO - [2021-07-14 23:55:22,667] {dag.py:2305} INFO - Setting next_dagrun for tutorial_taskflow_api_etl_virtualenv to None
[2021-07-14 23:55:22,683] {scheduler_job.py:190} INFO - Processing /home/airflow/sandbox/lib/python3.8/site-packages/airflow/example_dags/tutorial_taskflow_api_etl_virtualenv.py took 0.321 seconds
[2021-07-14 23:56:00,173] {scheduler_job.py:182} INFO - Started process (PID=2256) to work on /home/airflow/sandbox/lib/python3.8/site-packages/airflow/example_dags/tutorial_taskflow_api_etl_virtualenv.py
[2021-07-14 23:56:00,174] {scheduler_job.py:633} INFO - Processing file /home/airflow/sandbox/lib/python3.8/site-packages/airflow/example_dags/tutorial_taskflow_api_etl_virtualenv.py for tasks to queue
[2021-07-14 23:56:00,175] {logging_mixin.py:104} INFO - [2021-07-14 23:56:00,175] {dagbag.py:487} INFO - Filling up the DagBag from /home/airflow/sandbox/lib/python3.8/site-packages/airflow/example_dags/tutorial_taskflow_api_etl_virtualenv.py
[2021-07-14 23:56:00,189] {scheduler_job.py:643} INFO - DAG(s) dict_keys(['tutorial_taskflow_api_etl_virtualenv']) retrieved from /home/airflow/sandbox/lib/python3.8/site-packages/airflow/example_dags/tutorial_taskflow_api_etl_virtualenv.py
[2021-07-14 23:56:00,417] {logging_mixin.py:104} INFO - [2021-07-14 23:56:00,416] {dag.py:1832} INFO - Sync 1 DAGs
[2021-07-14 23:56:00,429] {logging_mixin.py:104} INFO - [2021-07-14 23:56:00,428] {dag.py:2305} INFO - Setting next_dagrun for tutorial_taskflow_api_etl_virtualenv to None
[2021-07-14 23:56:00,443] {scheduler_job.py:190} INFO - Processing /home/airflow/sandbox/lib/python3.8/site-packages/airflow/example_dags/tutorial_taskflow_api_etl_virtualenv.py took 0.273 seconds
[2021-07-14 23:56:33,046] {scheduler_job.py:182} INFO - Started process (PID=2287) to work on /home/airflow/sandbox/lib/python3.8/site-packages/airflow/example_dags/tutorial_taskflow_api_etl_virtualenv.py
[2021-07-14 23:56:33,047] {scheduler_job.py:633} INFO - Processing file /home/airflow/sandbox/lib/python3.8/site-packages/airflow/example_dags/tutorial_taskflow_api_etl_virtualenv.py for tasks to queue
[2021-07-14 23:56:33,048] {logging_mixin.py:104} INFO - [2021-07-14 23:56:33,048] {dagbag.py:487} INFO - Filling up the DagBag from /home/airflow/sandbox/lib/python3.8/site-packages/airflow/example_dags/tutorial_taskflow_api_etl_virtualenv.py
[2021-07-14 23:56:33,061] {scheduler_job.py:643} INFO - DAG(s) dict_keys(['tutorial_taskflow_api_etl_virtualenv']) retrieved from /home/airflow/sandbox/lib/python3.8/site-packages/airflow/example_dags/tutorial_taskflow_api_etl_virtualenv.py
[2021-07-14 23:56:33,282] {logging_mixin.py:104} INFO - [2021-07-14 23:56:33,282] {dag.py:1832} INFO - Sync 1 DAGs
[2021-07-14 23:56:33,293] {logging_mixin.py:104} INFO - [2021-07-14 23:56:33,293] {dag.py:2305} INFO - Setting next_dagrun for tutorial_taskflow_api_etl_virtualenv to None
[2021-07-14 23:56:33,313] {scheduler_job.py:190} INFO - Processing /home/airflow/sandbox/lib/python3.8/site-packages/airflow/example_dags/tutorial_taskflow_api_etl_virtualenv.py took 0.270 seconds
[2021-07-14 23:57:05,416] {scheduler_job.py:182} INFO - Started process (PID=2318) to work on /home/airflow/sandbox/lib/python3.8/site-packages/airflow/example_dags/tutorial_taskflow_api_etl_virtualenv.py
[2021-07-14 23:57:05,417] {scheduler_job.py:633} INFO - Processing file /home/airflow/sandbox/lib/python3.8/site-packages/airflow/example_dags/tutorial_taskflow_api_etl_virtualenv.py for tasks to queue
[2021-07-14 23:57:05,421] {logging_mixin.py:104} INFO - [2021-07-14 23:57:05,421] {dagbag.py:487} INFO - Filling up the DagBag from /home/airflow/sandbox/lib/python3.8/site-packages/airflow/example_dags/tutorial_taskflow_api_etl_virtualenv.py
[2021-07-14 23:57:05,434] {scheduler_job.py:643} INFO - DAG(s) dict_keys(['tutorial_taskflow_api_etl_virtualenv']) retrieved from /home/airflow/sandbox/lib/python3.8/site-packages/airflow/example_dags/tutorial_taskflow_api_etl_virtualenv.py
[2021-07-14 23:57:05,633] {logging_mixin.py:104} INFO - [2021-07-14 23:57:05,633] {dag.py:1832} INFO - Sync 1 DAGs
[2021-07-14 23:57:05,662] {logging_mixin.py:104} INFO - [2021-07-14 23:57:05,662] {dag.py:2305} INFO - Setting next_dagrun for tutorial_taskflow_api_etl_virtualenv to None
[2021-07-14 23:57:05,676] {scheduler_job.py:190} INFO - Processing /home/airflow/sandbox/lib/python3.8/site-packages/airflow/example_dags/tutorial_taskflow_api_etl_virtualenv.py took 0.263 seconds
[2021-07-14 23:57:38,478] {scheduler_job.py:182} INFO - Started process (PID=2349) to work on /home/airflow/sandbox/lib/python3.8/site-packages/airflow/example_dags/tutorial_taskflow_api_etl_virtualenv.py
[2021-07-14 23:57:38,479] {scheduler_job.py:633} INFO - Processing file /home/airflow/sandbox/lib/python3.8/site-packages/airflow/example_dags/tutorial_taskflow_api_etl_virtualenv.py for tasks to queue
[2021-07-14 23:57:38,480] {logging_mixin.py:104} INFO - [2021-07-14 23:57:38,480] {dagbag.py:487} INFO - Filling up the DagBag from /home/airflow/sandbox/lib/python3.8/site-packages/airflow/example_dags/tutorial_taskflow_api_etl_virtualenv.py
[2021-07-14 23:57:38,494] {scheduler_job.py:643} INFO - DAG(s) dict_keys(['tutorial_taskflow_api_etl_virtualenv']) retrieved from /home/airflow/sandbox/lib/python3.8/site-packages/airflow/example_dags/tutorial_taskflow_api_etl_virtualenv.py
[2021-07-14 23:57:38,795] {logging_mixin.py:104} INFO - [2021-07-14 23:57:38,795] {dag.py:1832} INFO - Sync 1 DAGs
[2021-07-14 23:57:38,806] {logging_mixin.py:104} INFO - [2021-07-14 23:57:38,806] {dag.py:2305} INFO - Setting next_dagrun for tutorial_taskflow_api_etl_virtualenv to None
[2021-07-14 23:57:38,822] {scheduler_job.py:190} INFO - Processing /home/airflow/sandbox/lib/python3.8/site-packages/airflow/example_dags/tutorial_taskflow_api_etl_virtualenv.py took 0.347 seconds
[2021-07-14 23:58:10,631] {scheduler_job.py:182} INFO - Started process (PID=2379) to work on /home/airflow/sandbox/lib/python3.8/site-packages/airflow/example_dags/tutorial_taskflow_api_etl_virtualenv.py
[2021-07-14 23:58:10,632] {scheduler_job.py:633} INFO - Processing file /home/airflow/sandbox/lib/python3.8/site-packages/airflow/example_dags/tutorial_taskflow_api_etl_virtualenv.py for tasks to queue
[2021-07-14 23:58:10,632] {logging_mixin.py:104} INFO - [2021-07-14 23:58:10,632] {dagbag.py:487} INFO - Filling up the DagBag from /home/airflow/sandbox/lib/python3.8/site-packages/airflow/example_dags/tutorial_taskflow_api_etl_virtualenv.py
[2021-07-14 23:58:10,646] {scheduler_job.py:643} INFO - DAG(s) dict_keys(['tutorial_taskflow_api_etl_virtualenv']) retrieved from /home/airflow/sandbox/lib/python3.8/site-packages/airflow/example_dags/tutorial_taskflow_api_etl_virtualenv.py
[2021-07-14 23:58:10,659] {logging_mixin.py:104} INFO - [2021-07-14 23:58:10,659] {dag.py:1832} INFO - Sync 1 DAGs
[2021-07-14 23:58:10,670] {logging_mixin.py:104} INFO - [2021-07-14 23:58:10,670] {dag.py:2305} INFO - Setting next_dagrun for tutorial_taskflow_api_etl_virtualenv to None
[2021-07-14 23:58:10,689] {scheduler_job.py:190} INFO - Processing /home/airflow/sandbox/lib/python3.8/site-packages/airflow/example_dags/tutorial_taskflow_api_etl_virtualenv.py took 0.061 seconds
[2021-07-14 23:58:41,738] {scheduler_job.py:182} INFO - Started process (PID=2410) to work on /home/airflow/sandbox/lib/python3.8/site-packages/airflow/example_dags/tutorial_taskflow_api_etl_virtualenv.py
[2021-07-14 23:58:41,739] {scheduler_job.py:633} INFO - Processing file /home/airflow/sandbox/lib/python3.8/site-packages/airflow/example_dags/tutorial_taskflow_api_etl_virtualenv.py for tasks to queue
[2021-07-14 23:58:41,740] {logging_mixin.py:104} INFO - [2021-07-14 23:58:41,740] {dagbag.py:487} INFO - Filling up the DagBag from /home/airflow/sandbox/lib/python3.8/site-packages/airflow/example_dags/tutorial_taskflow_api_etl_virtualenv.py
[2021-07-14 23:58:41,751] {scheduler_job.py:643} INFO - DAG(s) dict_keys(['tutorial_taskflow_api_etl_virtualenv']) retrieved from /home/airflow/sandbox/lib/python3.8/site-packages/airflow/example_dags/tutorial_taskflow_api_etl_virtualenv.py
[2021-07-14 23:58:41,917] {logging_mixin.py:104} INFO - [2021-07-14 23:58:41,917] {dag.py:1832} INFO - Sync 1 DAGs
[2021-07-14 23:58:41,924] {logging_mixin.py:104} INFO - [2021-07-14 23:58:41,924] {dag.py:2305} INFO - Setting next_dagrun for tutorial_taskflow_api_etl_virtualenv to None
[2021-07-14 23:58:41,936] {scheduler_job.py:190} INFO - Processing /home/airflow/sandbox/lib/python3.8/site-packages/airflow/example_dags/tutorial_taskflow_api_etl_virtualenv.py took 0.200 seconds
[2021-07-14 23:59:12,755] {scheduler_job.py:182} INFO - Started process (PID=2440) to work on /home/airflow/sandbox/lib/python3.8/site-packages/airflow/example_dags/tutorial_taskflow_api_etl_virtualenv.py
[2021-07-14 23:59:12,756] {scheduler_job.py:633} INFO - Processing file /home/airflow/sandbox/lib/python3.8/site-packages/airflow/example_dags/tutorial_taskflow_api_etl_virtualenv.py for tasks to queue
[2021-07-14 23:59:12,756] {logging_mixin.py:104} INFO - [2021-07-14 23:59:12,756] {dagbag.py:487} INFO - Filling up the DagBag from /home/airflow/sandbox/lib/python3.8/site-packages/airflow/example_dags/tutorial_taskflow_api_etl_virtualenv.py
[2021-07-14 23:59:12,767] {scheduler_job.py:643} INFO - DAG(s) dict_keys(['tutorial_taskflow_api_etl_virtualenv']) retrieved from /home/airflow/sandbox/lib/python3.8/site-packages/airflow/example_dags/tutorial_taskflow_api_etl_virtualenv.py
[2021-07-14 23:59:12,930] {logging_mixin.py:104} INFO - [2021-07-14 23:59:12,930] {dag.py:1832} INFO - Sync 1 DAGs
[2021-07-14 23:59:12,936] {logging_mixin.py:104} INFO - [2021-07-14 23:59:12,936] {dag.py:2305} INFO - Setting next_dagrun for tutorial_taskflow_api_etl_virtualenv to None
[2021-07-14 23:59:12,955] {scheduler_job.py:190} INFO - Processing /home/airflow/sandbox/lib/python3.8/site-packages/airflow/example_dags/tutorial_taskflow_api_etl_virtualenv.py took 0.203 seconds
[2021-07-14 23:59:43,572] {scheduler_job.py:182} INFO - Started process (PID=2472) to work on /home/airflow/sandbox/lib/python3.8/site-packages/airflow/example_dags/tutorial_taskflow_api_etl_virtualenv.py
[2021-07-14 23:59:43,573] {scheduler_job.py:633} INFO - Processing file /home/airflow/sandbox/lib/python3.8/site-packages/airflow/example_dags/tutorial_taskflow_api_etl_virtualenv.py for tasks to queue
[2021-07-14 23:59:43,573] {logging_mixin.py:104} INFO - [2021-07-14 23:59:43,573] {dagbag.py:487} INFO - Filling up the DagBag from /home/airflow/sandbox/lib/python3.8/site-packages/airflow/example_dags/tutorial_taskflow_api_etl_virtualenv.py
[2021-07-14 23:59:43,585] {scheduler_job.py:643} INFO - DAG(s) dict_keys(['tutorial_taskflow_api_etl_virtualenv']) retrieved from /home/airflow/sandbox/lib/python3.8/site-packages/airflow/example_dags/tutorial_taskflow_api_etl_virtualenv.py
[2021-07-14 23:59:43,748] {logging_mixin.py:104} INFO - [2021-07-14 23:59:43,748] {dag.py:1832} INFO - Sync 1 DAGs
[2021-07-14 23:59:43,755] {logging_mixin.py:104} INFO - [2021-07-14 23:59:43,755] {dag.py:2305} INFO - Setting next_dagrun for tutorial_taskflow_api_etl_virtualenv to None
[2021-07-14 23:59:43,774] {scheduler_job.py:190} INFO - Processing /home/airflow/sandbox/lib/python3.8/site-packages/airflow/example_dags/tutorial_taskflow_api_etl_virtualenv.py took 0.204 seconds
