[2021-07-14 23:02:42,538] {scheduler_job.py:182} INFO - Started process (PID=1569) to work on /home/airflow/sandbox/lib/python3.8/site-packages/airflow/example_dags/tutorial_taskflow_api_etl.py
[2021-07-14 23:02:42,539] {scheduler_job.py:633} INFO - Processing file /home/airflow/sandbox/lib/python3.8/site-packages/airflow/example_dags/tutorial_taskflow_api_etl.py for tasks to queue
[2021-07-14 23:02:42,540] {logging_mixin.py:104} INFO - [2021-07-14 23:02:42,540] {dagbag.py:487} INFO - Filling up the DagBag from /home/airflow/sandbox/lib/python3.8/site-packages/airflow/example_dags/tutorial_taskflow_api_etl.py
[2021-07-14 23:02:42,555] {scheduler_job.py:643} INFO - DAG(s) dict_keys(['tutorial_taskflow_api_etl']) retrieved from /home/airflow/sandbox/lib/python3.8/site-packages/airflow/example_dags/tutorial_taskflow_api_etl.py
[2021-07-14 23:02:42,889] {logging_mixin.py:104} INFO - [2021-07-14 23:02:42,888] {dag.py:1832} INFO - Sync 1 DAGs
[2021-07-14 23:02:42,897] {logging_mixin.py:104} INFO - [2021-07-14 23:02:42,897] {dag.py:2305} INFO - Setting next_dagrun for tutorial_taskflow_api_etl to None
[2021-07-14 23:02:42,916] {scheduler_job.py:190} INFO - Processing /home/airflow/sandbox/lib/python3.8/site-packages/airflow/example_dags/tutorial_taskflow_api_etl.py took 0.382 seconds
[2021-07-14 23:03:18,139] {scheduler_job.py:182} INFO - Started process (PID=1602) to work on /home/airflow/sandbox/lib/python3.8/site-packages/airflow/example_dags/tutorial_taskflow_api_etl.py
[2021-07-14 23:03:18,140] {scheduler_job.py:633} INFO - Processing file /home/airflow/sandbox/lib/python3.8/site-packages/airflow/example_dags/tutorial_taskflow_api_etl.py for tasks to queue
[2021-07-14 23:03:18,140] {logging_mixin.py:104} INFO - [2021-07-14 23:03:18,140] {dagbag.py:487} INFO - Filling up the DagBag from /home/airflow/sandbox/lib/python3.8/site-packages/airflow/example_dags/tutorial_taskflow_api_etl.py
[2021-07-14 23:03:18,161] {scheduler_job.py:643} INFO - DAG(s) dict_keys(['tutorial_taskflow_api_etl']) retrieved from /home/airflow/sandbox/lib/python3.8/site-packages/airflow/example_dags/tutorial_taskflow_api_etl.py
[2021-07-14 23:03:18,551] {logging_mixin.py:104} INFO - [2021-07-14 23:03:18,551] {dag.py:1832} INFO - Sync 1 DAGs
[2021-07-14 23:03:18,562] {logging_mixin.py:104} INFO - [2021-07-14 23:03:18,562] {dag.py:2305} INFO - Setting next_dagrun for tutorial_taskflow_api_etl to None
[2021-07-14 23:03:18,584] {scheduler_job.py:190} INFO - Processing /home/airflow/sandbox/lib/python3.8/site-packages/airflow/example_dags/tutorial_taskflow_api_etl.py took 0.448 seconds
[2021-07-14 23:03:54,306] {scheduler_job.py:182} INFO - Started process (PID=1648) to work on /home/airflow/sandbox/lib/python3.8/site-packages/airflow/example_dags/tutorial_taskflow_api_etl.py
[2021-07-14 23:03:54,307] {scheduler_job.py:633} INFO - Processing file /home/airflow/sandbox/lib/python3.8/site-packages/airflow/example_dags/tutorial_taskflow_api_etl.py for tasks to queue
[2021-07-14 23:03:54,308] {logging_mixin.py:104} INFO - [2021-07-14 23:03:54,308] {dagbag.py:487} INFO - Filling up the DagBag from /home/airflow/sandbox/lib/python3.8/site-packages/airflow/example_dags/tutorial_taskflow_api_etl.py
[2021-07-14 23:03:54,333] {scheduler_job.py:643} INFO - DAG(s) dict_keys(['tutorial_taskflow_api_etl']) retrieved from /home/airflow/sandbox/lib/python3.8/site-packages/airflow/example_dags/tutorial_taskflow_api_etl.py
[2021-07-14 23:03:54,779] {logging_mixin.py:104} INFO - [2021-07-14 23:03:54,779] {dag.py:1832} INFO - Sync 1 DAGs
[2021-07-14 23:03:54,792] {logging_mixin.py:104} INFO - [2021-07-14 23:03:54,792] {dag.py:2305} INFO - Setting next_dagrun for tutorial_taskflow_api_etl to None
[2021-07-14 23:03:54,820] {scheduler_job.py:190} INFO - Processing /home/airflow/sandbox/lib/python3.8/site-packages/airflow/example_dags/tutorial_taskflow_api_etl.py took 0.517 seconds
[2021-07-14 23:04:16,583] {scheduler_job.py:182} INFO - Started process (PID=1674) to work on /home/airflow/sandbox/lib/python3.8/site-packages/airflow/example_dags/tutorial_taskflow_api_etl.py
[2021-07-14 23:04:16,584] {scheduler_job.py:633} INFO - Processing file /home/airflow/sandbox/lib/python3.8/site-packages/airflow/example_dags/tutorial_taskflow_api_etl.py for tasks to queue
[2021-07-14 23:04:16,592] {logging_mixin.py:104} INFO - [2021-07-14 23:04:16,591] {dagbag.py:487} INFO - Filling up the DagBag from /home/airflow/sandbox/lib/python3.8/site-packages/airflow/example_dags/tutorial_taskflow_api_etl.py
[2021-07-14 23:04:16,626] {scheduler_job.py:643} INFO - DAG(s) dict_keys(['tutorial_taskflow_api_etl']) retrieved from /home/airflow/sandbox/lib/python3.8/site-packages/airflow/example_dags/tutorial_taskflow_api_etl.py
[2021-07-14 23:04:16,636] {logging_mixin.py:104} INFO - [2021-07-14 23:04:16,635] {dag.py:1832} INFO - Sync 1 DAGs
[2021-07-14 23:04:16,651] {logging_mixin.py:104} INFO - [2021-07-14 23:04:16,651] {dag.py:2305} INFO - Setting next_dagrun for tutorial_taskflow_api_etl to None
[2021-07-14 23:04:16,666] {scheduler_job.py:190} INFO - Processing /home/airflow/sandbox/lib/python3.8/site-packages/airflow/example_dags/tutorial_taskflow_api_etl.py took 0.086 seconds
[2021-07-14 23:04:31,800] {scheduler_job.py:182} INFO - Started process (PID=1693) to work on /home/airflow/sandbox/lib/python3.8/site-packages/airflow/example_dags/tutorial_taskflow_api_etl.py
[2021-07-14 23:04:31,803] {scheduler_job.py:633} INFO - Processing file /home/airflow/sandbox/lib/python3.8/site-packages/airflow/example_dags/tutorial_taskflow_api_etl.py for tasks to queue
[2021-07-14 23:04:31,804] {logging_mixin.py:104} INFO - [2021-07-14 23:04:31,804] {dagbag.py:487} INFO - Filling up the DagBag from /home/airflow/sandbox/lib/python3.8/site-packages/airflow/example_dags/tutorial_taskflow_api_etl.py
[2021-07-14 23:04:31,973] {scheduler_job.py:643} INFO - DAG(s) dict_keys(['tutorial_taskflow_api_etl']) retrieved from /home/airflow/sandbox/lib/python3.8/site-packages/airflow/example_dags/tutorial_taskflow_api_etl.py
[2021-07-14 23:04:33,326] {logging_mixin.py:104} INFO - [2021-07-14 23:04:33,326] {dag.py:1832} INFO - Sync 1 DAGs
[2021-07-14 23:04:33,350] {logging_mixin.py:104} INFO - [2021-07-14 23:04:33,350] {dag.py:2305} INFO - Setting next_dagrun for tutorial_taskflow_api_etl to None
[2021-07-14 23:04:33,385] {scheduler_job.py:190} INFO - Processing /home/airflow/sandbox/lib/python3.8/site-packages/airflow/example_dags/tutorial_taskflow_api_etl.py took 1.593 seconds
[2021-07-14 23:04:59,909] {scheduler_job.py:182} INFO - Started process (PID=1741) to work on /home/airflow/sandbox/lib/python3.8/site-packages/airflow/example_dags/tutorial_taskflow_api_etl.py
[2021-07-14 23:04:59,932] {scheduler_job.py:633} INFO - Processing file /home/airflow/sandbox/lib/python3.8/site-packages/airflow/example_dags/tutorial_taskflow_api_etl.py for tasks to queue
[2021-07-14 23:04:59,934] {logging_mixin.py:104} INFO - [2021-07-14 23:04:59,933] {dagbag.py:487} INFO - Filling up the DagBag from /home/airflow/sandbox/lib/python3.8/site-packages/airflow/example_dags/tutorial_taskflow_api_etl.py
[2021-07-14 23:05:00,088] {scheduler_job.py:643} INFO - DAG(s) dict_keys(['tutorial_taskflow_api_etl']) retrieved from /home/airflow/sandbox/lib/python3.8/site-packages/airflow/example_dags/tutorial_taskflow_api_etl.py
[2021-07-14 23:05:00,122] {logging_mixin.py:104} INFO - [2021-07-14 23:05:00,121] {dag.py:1832} INFO - Sync 1 DAGs
[2021-07-14 23:05:00,192] {logging_mixin.py:104} INFO - [2021-07-14 23:05:00,191] {dag.py:2305} INFO - Setting next_dagrun for tutorial_taskflow_api_etl to None
[2021-07-14 23:05:00,246] {scheduler_job.py:190} INFO - Processing /home/airflow/sandbox/lib/python3.8/site-packages/airflow/example_dags/tutorial_taskflow_api_etl.py took 0.365 seconds
[2021-07-14 23:05:19,125] {scheduler_job.py:182} INFO - Started process (PID=1767) to work on /home/airflow/sandbox/lib/python3.8/site-packages/airflow/example_dags/tutorial_taskflow_api_etl.py
[2021-07-14 23:05:19,133] {scheduler_job.py:633} INFO - Processing file /home/airflow/sandbox/lib/python3.8/site-packages/airflow/example_dags/tutorial_taskflow_api_etl.py for tasks to queue
[2021-07-14 23:05:19,134] {logging_mixin.py:104} INFO - [2021-07-14 23:05:19,134] {dagbag.py:487} INFO - Filling up the DagBag from /home/airflow/sandbox/lib/python3.8/site-packages/airflow/example_dags/tutorial_taskflow_api_etl.py
[2021-07-14 23:05:19,178] {scheduler_job.py:643} INFO - DAG(s) dict_keys(['tutorial_taskflow_api_etl']) retrieved from /home/airflow/sandbox/lib/python3.8/site-packages/airflow/example_dags/tutorial_taskflow_api_etl.py
[2021-07-14 23:05:19,936] {logging_mixin.py:104} INFO - [2021-07-14 23:05:19,935] {dag.py:1832} INFO - Sync 1 DAGs
[2021-07-14 23:05:19,973] {logging_mixin.py:104} INFO - [2021-07-14 23:05:19,972] {dag.py:2305} INFO - Setting next_dagrun for tutorial_taskflow_api_etl to None
[2021-07-14 23:05:20,014] {scheduler_job.py:190} INFO - Processing /home/airflow/sandbox/lib/python3.8/site-packages/airflow/example_dags/tutorial_taskflow_api_etl.py took 0.896 seconds
[2021-07-14 23:05:39,703] {scheduler_job.py:182} INFO - Started process (PID=1800) to work on /home/airflow/sandbox/lib/python3.8/site-packages/airflow/example_dags/tutorial_taskflow_api_etl.py
[2021-07-14 23:05:39,704] {scheduler_job.py:633} INFO - Processing file /home/airflow/sandbox/lib/python3.8/site-packages/airflow/example_dags/tutorial_taskflow_api_etl.py for tasks to queue
[2021-07-14 23:05:39,705] {logging_mixin.py:104} INFO - [2021-07-14 23:05:39,705] {dagbag.py:487} INFO - Filling up the DagBag from /home/airflow/sandbox/lib/python3.8/site-packages/airflow/example_dags/tutorial_taskflow_api_etl.py
[2021-07-14 23:05:39,722] {scheduler_job.py:643} INFO - DAG(s) dict_keys(['tutorial_taskflow_api_etl']) retrieved from /home/airflow/sandbox/lib/python3.8/site-packages/airflow/example_dags/tutorial_taskflow_api_etl.py
[2021-07-14 23:05:39,729] {logging_mixin.py:104} INFO - [2021-07-14 23:05:39,729] {dag.py:1832} INFO - Sync 1 DAGs
[2021-07-14 23:05:39,739] {logging_mixin.py:104} INFO - [2021-07-14 23:05:39,739] {dag.py:2305} INFO - Setting next_dagrun for tutorial_taskflow_api_etl to None
[2021-07-14 23:05:39,749] {scheduler_job.py:190} INFO - Processing /home/airflow/sandbox/lib/python3.8/site-packages/airflow/example_dags/tutorial_taskflow_api_etl.py took 0.047 seconds
[2021-07-14 23:05:57,406] {scheduler_job.py:182} INFO - Started process (PID=1832) to work on /home/airflow/sandbox/lib/python3.8/site-packages/airflow/example_dags/tutorial_taskflow_api_etl.py
[2021-07-14 23:05:57,407] {scheduler_job.py:633} INFO - Processing file /home/airflow/sandbox/lib/python3.8/site-packages/airflow/example_dags/tutorial_taskflow_api_etl.py for tasks to queue
[2021-07-14 23:05:57,408] {logging_mixin.py:104} INFO - [2021-07-14 23:05:57,408] {dagbag.py:487} INFO - Filling up the DagBag from /home/airflow/sandbox/lib/python3.8/site-packages/airflow/example_dags/tutorial_taskflow_api_etl.py
[2021-07-14 23:05:57,423] {scheduler_job.py:643} INFO - DAG(s) dict_keys(['tutorial_taskflow_api_etl']) retrieved from /home/airflow/sandbox/lib/python3.8/site-packages/airflow/example_dags/tutorial_taskflow_api_etl.py
[2021-07-14 23:05:57,762] {logging_mixin.py:104} INFO - [2021-07-14 23:05:57,761] {dag.py:1832} INFO - Sync 1 DAGs
[2021-07-14 23:05:57,771] {logging_mixin.py:104} INFO - [2021-07-14 23:05:57,771] {dag.py:2305} INFO - Setting next_dagrun for tutorial_taskflow_api_etl to None
[2021-07-14 23:05:57,785] {scheduler_job.py:190} INFO - Processing /home/airflow/sandbox/lib/python3.8/site-packages/airflow/example_dags/tutorial_taskflow_api_etl.py took 0.381 seconds
[2021-07-14 23:06:12,542] {scheduler_job.py:182} INFO - Started process (PID=1861) to work on /home/airflow/sandbox/lib/python3.8/site-packages/airflow/example_dags/tutorial_taskflow_api_etl.py
[2021-07-14 23:06:12,543] {scheduler_job.py:633} INFO - Processing file /home/airflow/sandbox/lib/python3.8/site-packages/airflow/example_dags/tutorial_taskflow_api_etl.py for tasks to queue
[2021-07-14 23:06:12,543] {logging_mixin.py:104} INFO - [2021-07-14 23:06:12,543] {dagbag.py:487} INFO - Filling up the DagBag from /home/airflow/sandbox/lib/python3.8/site-packages/airflow/example_dags/tutorial_taskflow_api_etl.py
[2021-07-14 23:06:12,559] {scheduler_job.py:643} INFO - DAG(s) dict_keys(['tutorial_taskflow_api_etl']) retrieved from /home/airflow/sandbox/lib/python3.8/site-packages/airflow/example_dags/tutorial_taskflow_api_etl.py
[2021-07-14 23:06:12,566] {logging_mixin.py:104} INFO - [2021-07-14 23:06:12,566] {dag.py:1832} INFO - Sync 1 DAGs
[2021-07-14 23:06:12,576] {logging_mixin.py:104} INFO - [2021-07-14 23:06:12,576] {dag.py:2305} INFO - Setting next_dagrun for tutorial_taskflow_api_etl to None
[2021-07-14 23:06:12,595] {scheduler_job.py:190} INFO - Processing /home/airflow/sandbox/lib/python3.8/site-packages/airflow/example_dags/tutorial_taskflow_api_etl.py took 0.056 seconds
[2021-07-14 23:06:29,597] {scheduler_job.py:182} INFO - Started process (PID=1892) to work on /home/airflow/sandbox/lib/python3.8/site-packages/airflow/example_dags/tutorial_taskflow_api_etl.py
[2021-07-14 23:06:29,599] {scheduler_job.py:633} INFO - Processing file /home/airflow/sandbox/lib/python3.8/site-packages/airflow/example_dags/tutorial_taskflow_api_etl.py for tasks to queue
[2021-07-14 23:06:29,600] {logging_mixin.py:104} INFO - [2021-07-14 23:06:29,600] {dagbag.py:487} INFO - Filling up the DagBag from /home/airflow/sandbox/lib/python3.8/site-packages/airflow/example_dags/tutorial_taskflow_api_etl.py
[2021-07-14 23:06:29,630] {scheduler_job.py:643} INFO - DAG(s) dict_keys(['tutorial_taskflow_api_etl']) retrieved from /home/airflow/sandbox/lib/python3.8/site-packages/airflow/example_dags/tutorial_taskflow_api_etl.py
[2021-07-14 23:06:30,446] {logging_mixin.py:104} INFO - [2021-07-14 23:06:30,446] {dag.py:1832} INFO - Sync 1 DAGs
[2021-07-14 23:06:30,482] {logging_mixin.py:104} INFO - [2021-07-14 23:06:30,481] {dag.py:2305} INFO - Setting next_dagrun for tutorial_taskflow_api_etl to None
[2021-07-14 23:06:30,525] {scheduler_job.py:190} INFO - Processing /home/airflow/sandbox/lib/python3.8/site-packages/airflow/example_dags/tutorial_taskflow_api_etl.py took 0.934 seconds
[2021-07-14 23:06:49,664] {scheduler_job.py:182} INFO - Started process (PID=1924) to work on /home/airflow/sandbox/lib/python3.8/site-packages/airflow/example_dags/tutorial_taskflow_api_etl.py
[2021-07-14 23:06:49,669] {scheduler_job.py:633} INFO - Processing file /home/airflow/sandbox/lib/python3.8/site-packages/airflow/example_dags/tutorial_taskflow_api_etl.py for tasks to queue
[2021-07-14 23:06:49,672] {logging_mixin.py:104} INFO - [2021-07-14 23:06:49,672] {dagbag.py:487} INFO - Filling up the DagBag from /home/airflow/sandbox/lib/python3.8/site-packages/airflow/example_dags/tutorial_taskflow_api_etl.py
[2021-07-14 23:06:49,755] {scheduler_job.py:643} INFO - DAG(s) dict_keys(['tutorial_taskflow_api_etl']) retrieved from /home/airflow/sandbox/lib/python3.8/site-packages/airflow/example_dags/tutorial_taskflow_api_etl.py
[2021-07-14 23:06:49,788] {logging_mixin.py:104} INFO - [2021-07-14 23:06:49,787] {dag.py:1832} INFO - Sync 1 DAGs
[2021-07-14 23:06:49,853] {logging_mixin.py:104} INFO - [2021-07-14 23:06:49,853] {dag.py:2305} INFO - Setting next_dagrun for tutorial_taskflow_api_etl to None
[2021-07-14 23:06:49,907] {scheduler_job.py:190} INFO - Processing /home/airflow/sandbox/lib/python3.8/site-packages/airflow/example_dags/tutorial_taskflow_api_etl.py took 0.256 seconds
[2021-07-14 23:07:03,371] {scheduler_job.py:182} INFO - Started process (PID=1944) to work on /home/airflow/sandbox/lib/python3.8/site-packages/airflow/example_dags/tutorial_taskflow_api_etl.py
[2021-07-14 23:07:03,372] {scheduler_job.py:633} INFO - Processing file /home/airflow/sandbox/lib/python3.8/site-packages/airflow/example_dags/tutorial_taskflow_api_etl.py for tasks to queue
[2021-07-14 23:07:03,373] {logging_mixin.py:104} INFO - [2021-07-14 23:07:03,373] {dagbag.py:487} INFO - Filling up the DagBag from /home/airflow/sandbox/lib/python3.8/site-packages/airflow/example_dags/tutorial_taskflow_api_etl.py
[2021-07-14 23:07:03,392] {scheduler_job.py:643} INFO - DAG(s) dict_keys(['tutorial_taskflow_api_etl']) retrieved from /home/airflow/sandbox/lib/python3.8/site-packages/airflow/example_dags/tutorial_taskflow_api_etl.py
[2021-07-14 23:07:03,865] {logging_mixin.py:104} INFO - [2021-07-14 23:07:03,865] {dag.py:1832} INFO - Sync 1 DAGs
[2021-07-14 23:07:03,877] {logging_mixin.py:104} INFO - [2021-07-14 23:07:03,876] {dag.py:2305} INFO - Setting next_dagrun for tutorial_taskflow_api_etl to None
[2021-07-14 23:07:03,903] {scheduler_job.py:190} INFO - Processing /home/airflow/sandbox/lib/python3.8/site-packages/airflow/example_dags/tutorial_taskflow_api_etl.py took 0.536 seconds
[2021-07-14 23:07:25,494] {scheduler_job.py:182} INFO - Started process (PID=1985) to work on /home/airflow/sandbox/lib/python3.8/site-packages/airflow/example_dags/tutorial_taskflow_api_etl.py
[2021-07-14 23:07:25,495] {scheduler_job.py:633} INFO - Processing file /home/airflow/sandbox/lib/python3.8/site-packages/airflow/example_dags/tutorial_taskflow_api_etl.py for tasks to queue
[2021-07-14 23:07:25,500] {logging_mixin.py:104} INFO - [2021-07-14 23:07:25,500] {dagbag.py:487} INFO - Filling up the DagBag from /home/airflow/sandbox/lib/python3.8/site-packages/airflow/example_dags/tutorial_taskflow_api_etl.py
[2021-07-14 23:07:25,520] {scheduler_job.py:643} INFO - DAG(s) dict_keys(['tutorial_taskflow_api_etl']) retrieved from /home/airflow/sandbox/lib/python3.8/site-packages/airflow/example_dags/tutorial_taskflow_api_etl.py
[2021-07-14 23:07:25,535] {logging_mixin.py:104} INFO - [2021-07-14 23:07:25,535] {dag.py:1832} INFO - Sync 1 DAGs
[2021-07-14 23:07:25,556] {logging_mixin.py:104} INFO - [2021-07-14 23:07:25,556] {dag.py:2305} INFO - Setting next_dagrun for tutorial_taskflow_api_etl to None
[2021-07-14 23:07:25,591] {scheduler_job.py:190} INFO - Processing /home/airflow/sandbox/lib/python3.8/site-packages/airflow/example_dags/tutorial_taskflow_api_etl.py took 0.099 seconds
[2021-07-14 23:07:36,365] {scheduler_job.py:182} INFO - Started process (PID=2009) to work on /home/airflow/sandbox/lib/python3.8/site-packages/airflow/example_dags/tutorial_taskflow_api_etl.py
[2021-07-14 23:07:36,366] {scheduler_job.py:633} INFO - Processing file /home/airflow/sandbox/lib/python3.8/site-packages/airflow/example_dags/tutorial_taskflow_api_etl.py for tasks to queue
[2021-07-14 23:07:36,367] {logging_mixin.py:104} INFO - [2021-07-14 23:07:36,367] {dagbag.py:487} INFO - Filling up the DagBag from /home/airflow/sandbox/lib/python3.8/site-packages/airflow/example_dags/tutorial_taskflow_api_etl.py
[2021-07-14 23:07:36,378] {scheduler_job.py:643} INFO - DAG(s) dict_keys(['tutorial_taskflow_api_etl']) retrieved from /home/airflow/sandbox/lib/python3.8/site-packages/airflow/example_dags/tutorial_taskflow_api_etl.py
[2021-07-14 23:07:36,632] {logging_mixin.py:104} INFO - [2021-07-14 23:07:36,632] {dag.py:1832} INFO - Sync 1 DAGs
[2021-07-14 23:07:36,639] {logging_mixin.py:104} INFO - [2021-07-14 23:07:36,639] {dag.py:2305} INFO - Setting next_dagrun for tutorial_taskflow_api_etl to None
[2021-07-14 23:07:36,658] {scheduler_job.py:190} INFO - Processing /home/airflow/sandbox/lib/python3.8/site-packages/airflow/example_dags/tutorial_taskflow_api_etl.py took 0.295 seconds
[2021-07-14 23:07:57,956] {scheduler_job.py:182} INFO - Started process (PID=2051) to work on /home/airflow/sandbox/lib/python3.8/site-packages/airflow/example_dags/tutorial_taskflow_api_etl.py
[2021-07-14 23:07:57,958] {scheduler_job.py:633} INFO - Processing file /home/airflow/sandbox/lib/python3.8/site-packages/airflow/example_dags/tutorial_taskflow_api_etl.py for tasks to queue
[2021-07-14 23:07:57,959] {logging_mixin.py:104} INFO - [2021-07-14 23:07:57,959] {dagbag.py:487} INFO - Filling up the DagBag from /home/airflow/sandbox/lib/python3.8/site-packages/airflow/example_dags/tutorial_taskflow_api_etl.py
[2021-07-14 23:07:57,982] {scheduler_job.py:643} INFO - DAG(s) dict_keys(['tutorial_taskflow_api_etl']) retrieved from /home/airflow/sandbox/lib/python3.8/site-packages/airflow/example_dags/tutorial_taskflow_api_etl.py
[2021-07-14 23:07:57,997] {logging_mixin.py:104} INFO - [2021-07-14 23:07:57,997] {dag.py:1832} INFO - Sync 1 DAGs
[2021-07-14 23:07:58,013] {logging_mixin.py:104} INFO - [2021-07-14 23:07:58,013] {dag.py:2305} INFO - Setting next_dagrun for tutorial_taskflow_api_etl to None
[2021-07-14 23:07:58,029] {scheduler_job.py:190} INFO - Processing /home/airflow/sandbox/lib/python3.8/site-packages/airflow/example_dags/tutorial_taskflow_api_etl.py took 0.078 seconds
[2021-07-14 23:08:08,775] {scheduler_job.py:182} INFO - Started process (PID=2073) to work on /home/airflow/sandbox/lib/python3.8/site-packages/airflow/example_dags/tutorial_taskflow_api_etl.py
[2021-07-14 23:08:08,778] {scheduler_job.py:633} INFO - Processing file /home/airflow/sandbox/lib/python3.8/site-packages/airflow/example_dags/tutorial_taskflow_api_etl.py for tasks to queue
[2021-07-14 23:08:08,778] {logging_mixin.py:104} INFO - [2021-07-14 23:08:08,778] {dagbag.py:487} INFO - Filling up the DagBag from /home/airflow/sandbox/lib/python3.8/site-packages/airflow/example_dags/tutorial_taskflow_api_etl.py
[2021-07-14 23:08:08,789] {scheduler_job.py:643} INFO - DAG(s) dict_keys(['tutorial_taskflow_api_etl']) retrieved from /home/airflow/sandbox/lib/python3.8/site-packages/airflow/example_dags/tutorial_taskflow_api_etl.py
[2021-07-14 23:08:09,049] {logging_mixin.py:104} INFO - [2021-07-14 23:08:09,048] {dag.py:1832} INFO - Sync 1 DAGs
[2021-07-14 23:08:09,060] {logging_mixin.py:104} INFO - [2021-07-14 23:08:09,060] {dag.py:2305} INFO - Setting next_dagrun for tutorial_taskflow_api_etl to None
[2021-07-14 23:08:09,070] {scheduler_job.py:190} INFO - Processing /home/airflow/sandbox/lib/python3.8/site-packages/airflow/example_dags/tutorial_taskflow_api_etl.py took 0.298 seconds
[2021-07-14 23:08:28,598] {scheduler_job.py:182} INFO - Started process (PID=2111) to work on /home/airflow/sandbox/lib/python3.8/site-packages/airflow/example_dags/tutorial_taskflow_api_etl.py
[2021-07-14 23:08:28,599] {scheduler_job.py:633} INFO - Processing file /home/airflow/sandbox/lib/python3.8/site-packages/airflow/example_dags/tutorial_taskflow_api_etl.py for tasks to queue
[2021-07-14 23:08:28,600] {logging_mixin.py:104} INFO - [2021-07-14 23:08:28,600] {dagbag.py:487} INFO - Filling up the DagBag from /home/airflow/sandbox/lib/python3.8/site-packages/airflow/example_dags/tutorial_taskflow_api_etl.py
[2021-07-14 23:08:28,615] {scheduler_job.py:643} INFO - DAG(s) dict_keys(['tutorial_taskflow_api_etl']) retrieved from /home/airflow/sandbox/lib/python3.8/site-packages/airflow/example_dags/tutorial_taskflow_api_etl.py
[2021-07-14 23:08:28,626] {logging_mixin.py:104} INFO - [2021-07-14 23:08:28,626] {dag.py:1832} INFO - Sync 1 DAGs
[2021-07-14 23:08:28,643] {logging_mixin.py:104} INFO - [2021-07-14 23:08:28,643] {dag.py:2305} INFO - Setting next_dagrun for tutorial_taskflow_api_etl to None
[2021-07-14 23:08:28,659] {scheduler_job.py:190} INFO - Processing /home/airflow/sandbox/lib/python3.8/site-packages/airflow/example_dags/tutorial_taskflow_api_etl.py took 0.064 seconds
[2021-07-14 23:08:40,290] {scheduler_job.py:182} INFO - Started process (PID=2134) to work on /home/airflow/sandbox/lib/python3.8/site-packages/airflow/example_dags/tutorial_taskflow_api_etl.py
[2021-07-14 23:08:40,291] {scheduler_job.py:633} INFO - Processing file /home/airflow/sandbox/lib/python3.8/site-packages/airflow/example_dags/tutorial_taskflow_api_etl.py for tasks to queue
[2021-07-14 23:08:40,292] {logging_mixin.py:104} INFO - [2021-07-14 23:08:40,292] {dagbag.py:487} INFO - Filling up the DagBag from /home/airflow/sandbox/lib/python3.8/site-packages/airflow/example_dags/tutorial_taskflow_api_etl.py
[2021-07-14 23:08:40,310] {scheduler_job.py:643} INFO - DAG(s) dict_keys(['tutorial_taskflow_api_etl']) retrieved from /home/airflow/sandbox/lib/python3.8/site-packages/airflow/example_dags/tutorial_taskflow_api_etl.py
[2021-07-14 23:08:40,816] {logging_mixin.py:104} INFO - [2021-07-14 23:08:40,816] {dag.py:1832} INFO - Sync 1 DAGs
[2021-07-14 23:08:40,825] {logging_mixin.py:104} INFO - [2021-07-14 23:08:40,825] {dag.py:2305} INFO - Setting next_dagrun for tutorial_taskflow_api_etl to None
[2021-07-14 23:08:40,851] {scheduler_job.py:190} INFO - Processing /home/airflow/sandbox/lib/python3.8/site-packages/airflow/example_dags/tutorial_taskflow_api_etl.py took 0.565 seconds
[2021-07-14 23:08:59,871] {scheduler_job.py:182} INFO - Started process (PID=2171) to work on /home/airflow/sandbox/lib/python3.8/site-packages/airflow/example_dags/tutorial_taskflow_api_etl.py
[2021-07-14 23:08:59,872] {scheduler_job.py:633} INFO - Processing file /home/airflow/sandbox/lib/python3.8/site-packages/airflow/example_dags/tutorial_taskflow_api_etl.py for tasks to queue
[2021-07-14 23:08:59,873] {logging_mixin.py:104} INFO - [2021-07-14 23:08:59,873] {dagbag.py:487} INFO - Filling up the DagBag from /home/airflow/sandbox/lib/python3.8/site-packages/airflow/example_dags/tutorial_taskflow_api_etl.py
[2021-07-14 23:08:59,901] {scheduler_job.py:643} INFO - DAG(s) dict_keys(['tutorial_taskflow_api_etl']) retrieved from /home/airflow/sandbox/lib/python3.8/site-packages/airflow/example_dags/tutorial_taskflow_api_etl.py
[2021-07-14 23:08:59,913] {logging_mixin.py:104} INFO - [2021-07-14 23:08:59,913] {dag.py:1832} INFO - Sync 1 DAGs
[2021-07-14 23:08:59,933] {logging_mixin.py:104} INFO - [2021-07-14 23:08:59,933] {dag.py:2305} INFO - Setting next_dagrun for tutorial_taskflow_api_etl to None
[2021-07-14 23:08:59,952] {scheduler_job.py:190} INFO - Processing /home/airflow/sandbox/lib/python3.8/site-packages/airflow/example_dags/tutorial_taskflow_api_etl.py took 0.087 seconds
[2021-07-14 23:09:13,720] {scheduler_job.py:182} INFO - Started process (PID=2198) to work on /home/airflow/sandbox/lib/python3.8/site-packages/airflow/example_dags/tutorial_taskflow_api_etl.py
[2021-07-14 23:09:13,720] {scheduler_job.py:633} INFO - Processing file /home/airflow/sandbox/lib/python3.8/site-packages/airflow/example_dags/tutorial_taskflow_api_etl.py for tasks to queue
[2021-07-14 23:09:13,721] {logging_mixin.py:104} INFO - [2021-07-14 23:09:13,721] {dagbag.py:487} INFO - Filling up the DagBag from /home/airflow/sandbox/lib/python3.8/site-packages/airflow/example_dags/tutorial_taskflow_api_etl.py
[2021-07-14 23:09:13,732] {scheduler_job.py:643} INFO - DAG(s) dict_keys(['tutorial_taskflow_api_etl']) retrieved from /home/airflow/sandbox/lib/python3.8/site-packages/airflow/example_dags/tutorial_taskflow_api_etl.py
[2021-07-14 23:09:13,993] {logging_mixin.py:104} INFO - [2021-07-14 23:09:13,993] {dag.py:1832} INFO - Sync 1 DAGs
[2021-07-14 23:09:14,000] {logging_mixin.py:104} INFO - [2021-07-14 23:09:14,000] {dag.py:2305} INFO - Setting next_dagrun for tutorial_taskflow_api_etl to None
[2021-07-14 23:09:14,011] {scheduler_job.py:190} INFO - Processing /home/airflow/sandbox/lib/python3.8/site-packages/airflow/example_dags/tutorial_taskflow_api_etl.py took 0.294 seconds
[2021-07-14 23:09:30,357] {scheduler_job.py:182} INFO - Started process (PID=2229) to work on /home/airflow/sandbox/lib/python3.8/site-packages/airflow/example_dags/tutorial_taskflow_api_etl.py
[2021-07-14 23:09:30,358] {scheduler_job.py:633} INFO - Processing file /home/airflow/sandbox/lib/python3.8/site-packages/airflow/example_dags/tutorial_taskflow_api_etl.py for tasks to queue
[2021-07-14 23:09:30,358] {logging_mixin.py:104} INFO - [2021-07-14 23:09:30,358] {dagbag.py:487} INFO - Filling up the DagBag from /home/airflow/sandbox/lib/python3.8/site-packages/airflow/example_dags/tutorial_taskflow_api_etl.py
[2021-07-14 23:09:30,372] {scheduler_job.py:643} INFO - DAG(s) dict_keys(['tutorial_taskflow_api_etl']) retrieved from /home/airflow/sandbox/lib/python3.8/site-packages/airflow/example_dags/tutorial_taskflow_api_etl.py
[2021-07-14 23:09:30,379] {logging_mixin.py:104} INFO - [2021-07-14 23:09:30,379] {dag.py:1832} INFO - Sync 1 DAGs
[2021-07-14 23:09:30,394] {logging_mixin.py:104} INFO - [2021-07-14 23:09:30,394] {dag.py:2305} INFO - Setting next_dagrun for tutorial_taskflow_api_etl to None
[2021-07-14 23:09:30,413] {scheduler_job.py:190} INFO - Processing /home/airflow/sandbox/lib/python3.8/site-packages/airflow/example_dags/tutorial_taskflow_api_etl.py took 0.059 seconds
[2021-07-14 23:09:46,752] {scheduler_job.py:182} INFO - Started process (PID=2262) to work on /home/airflow/sandbox/lib/python3.8/site-packages/airflow/example_dags/tutorial_taskflow_api_etl.py
[2021-07-14 23:09:46,753] {scheduler_job.py:633} INFO - Processing file /home/airflow/sandbox/lib/python3.8/site-packages/airflow/example_dags/tutorial_taskflow_api_etl.py for tasks to queue
[2021-07-14 23:09:46,754] {logging_mixin.py:104} INFO - [2021-07-14 23:09:46,754] {dagbag.py:487} INFO - Filling up the DagBag from /home/airflow/sandbox/lib/python3.8/site-packages/airflow/example_dags/tutorial_taskflow_api_etl.py
[2021-07-14 23:09:46,765] {scheduler_job.py:643} INFO - DAG(s) dict_keys(['tutorial_taskflow_api_etl']) retrieved from /home/airflow/sandbox/lib/python3.8/site-packages/airflow/example_dags/tutorial_taskflow_api_etl.py
[2021-07-14 23:09:47,059] {logging_mixin.py:104} INFO - [2021-07-14 23:09:47,059] {dag.py:1832} INFO - Sync 1 DAGs
[2021-07-14 23:09:47,068] {logging_mixin.py:104} INFO - [2021-07-14 23:09:47,068] {dag.py:2305} INFO - Setting next_dagrun for tutorial_taskflow_api_etl to None
[2021-07-14 23:09:47,079] {scheduler_job.py:190} INFO - Processing /home/airflow/sandbox/lib/python3.8/site-packages/airflow/example_dags/tutorial_taskflow_api_etl.py took 0.330 seconds
[2021-07-14 23:10:01,448] {scheduler_job.py:182} INFO - Started process (PID=2290) to work on /home/airflow/sandbox/lib/python3.8/site-packages/airflow/example_dags/tutorial_taskflow_api_etl.py
[2021-07-14 23:10:01,449] {scheduler_job.py:633} INFO - Processing file /home/airflow/sandbox/lib/python3.8/site-packages/airflow/example_dags/tutorial_taskflow_api_etl.py for tasks to queue
[2021-07-14 23:10:01,450] {logging_mixin.py:104} INFO - [2021-07-14 23:10:01,450] {dagbag.py:487} INFO - Filling up the DagBag from /home/airflow/sandbox/lib/python3.8/site-packages/airflow/example_dags/tutorial_taskflow_api_etl.py
[2021-07-14 23:10:01,464] {scheduler_job.py:643} INFO - DAG(s) dict_keys(['tutorial_taskflow_api_etl']) retrieved from /home/airflow/sandbox/lib/python3.8/site-packages/airflow/example_dags/tutorial_taskflow_api_etl.py
[2021-07-14 23:10:01,473] {logging_mixin.py:104} INFO - [2021-07-14 23:10:01,473] {dag.py:1832} INFO - Sync 1 DAGs
[2021-07-14 23:10:01,484] {logging_mixin.py:104} INFO - [2021-07-14 23:10:01,484] {dag.py:2305} INFO - Setting next_dagrun for tutorial_taskflow_api_etl to None
[2021-07-14 23:10:01,495] {scheduler_job.py:190} INFO - Processing /home/airflow/sandbox/lib/python3.8/site-packages/airflow/example_dags/tutorial_taskflow_api_etl.py took 0.050 seconds
[2021-07-14 23:10:19,879] {scheduler_job.py:182} INFO - Started process (PID=2327) to work on /home/airflow/sandbox/lib/python3.8/site-packages/airflow/example_dags/tutorial_taskflow_api_etl.py
[2021-07-14 23:10:19,880] {scheduler_job.py:633} INFO - Processing file /home/airflow/sandbox/lib/python3.8/site-packages/airflow/example_dags/tutorial_taskflow_api_etl.py for tasks to queue
[2021-07-14 23:10:19,881] {logging_mixin.py:104} INFO - [2021-07-14 23:10:19,881] {dagbag.py:487} INFO - Filling up the DagBag from /home/airflow/sandbox/lib/python3.8/site-packages/airflow/example_dags/tutorial_taskflow_api_etl.py
[2021-07-14 23:10:19,898] {scheduler_job.py:643} INFO - DAG(s) dict_keys(['tutorial_taskflow_api_etl']) retrieved from /home/airflow/sandbox/lib/python3.8/site-packages/airflow/example_dags/tutorial_taskflow_api_etl.py
[2021-07-14 23:10:20,299] {logging_mixin.py:104} INFO - [2021-07-14 23:10:20,299] {dag.py:1832} INFO - Sync 1 DAGs
[2021-07-14 23:10:20,310] {logging_mixin.py:104} INFO - [2021-07-14 23:10:20,310] {dag.py:2305} INFO - Setting next_dagrun for tutorial_taskflow_api_etl to None
[2021-07-14 23:10:20,333] {scheduler_job.py:190} INFO - Processing /home/airflow/sandbox/lib/python3.8/site-packages/airflow/example_dags/tutorial_taskflow_api_etl.py took 0.457 seconds
[2021-07-14 23:10:32,779] {scheduler_job.py:182} INFO - Started process (PID=2349) to work on /home/airflow/sandbox/lib/python3.8/site-packages/airflow/example_dags/tutorial_taskflow_api_etl.py
[2021-07-14 23:10:32,785] {scheduler_job.py:633} INFO - Processing file /home/airflow/sandbox/lib/python3.8/site-packages/airflow/example_dags/tutorial_taskflow_api_etl.py for tasks to queue
[2021-07-14 23:10:32,786] {logging_mixin.py:104} INFO - [2021-07-14 23:10:32,785] {dagbag.py:487} INFO - Filling up the DagBag from /home/airflow/sandbox/lib/python3.8/site-packages/airflow/example_dags/tutorial_taskflow_api_etl.py
[2021-07-14 23:10:32,821] {scheduler_job.py:643} INFO - DAG(s) dict_keys(['tutorial_taskflow_api_etl']) retrieved from /home/airflow/sandbox/lib/python3.8/site-packages/airflow/example_dags/tutorial_taskflow_api_etl.py
[2021-07-14 23:10:32,839] {logging_mixin.py:104} INFO - [2021-07-14 23:10:32,839] {dag.py:1832} INFO - Sync 1 DAGs
[2021-07-14 23:10:32,870] {logging_mixin.py:104} INFO - [2021-07-14 23:10:32,869] {dag.py:2305} INFO - Setting next_dagrun for tutorial_taskflow_api_etl to None
[2021-07-14 23:10:32,899] {scheduler_job.py:190} INFO - Processing /home/airflow/sandbox/lib/python3.8/site-packages/airflow/example_dags/tutorial_taskflow_api_etl.py took 0.123 seconds
[2021-07-14 23:11:05,175] {scheduler_job.py:182} INFO - Started process (PID=2389) to work on /home/airflow/sandbox/lib/python3.8/site-packages/airflow/example_dags/tutorial_taskflow_api_etl.py
[2021-07-14 23:11:05,182] {scheduler_job.py:633} INFO - Processing file /home/airflow/sandbox/lib/python3.8/site-packages/airflow/example_dags/tutorial_taskflow_api_etl.py for tasks to queue
[2021-07-14 23:11:05,183] {logging_mixin.py:104} INFO - [2021-07-14 23:11:05,183] {dagbag.py:487} INFO - Filling up the DagBag from /home/airflow/sandbox/lib/python3.8/site-packages/airflow/example_dags/tutorial_taskflow_api_etl.py
[2021-07-14 23:11:05,270] {scheduler_job.py:643} INFO - DAG(s) dict_keys(['tutorial_taskflow_api_etl']) retrieved from /home/airflow/sandbox/lib/python3.8/site-packages/airflow/example_dags/tutorial_taskflow_api_etl.py
[2021-07-14 23:11:06,184] {logging_mixin.py:104} INFO - [2021-07-14 23:11:06,184] {dag.py:1832} INFO - Sync 1 DAGs
[2021-07-14 23:11:06,208] {logging_mixin.py:104} INFO - [2021-07-14 23:11:06,208] {dag.py:2305} INFO - Setting next_dagrun for tutorial_taskflow_api_etl to None
[2021-07-14 23:11:06,234] {scheduler_job.py:190} INFO - Processing /home/airflow/sandbox/lib/python3.8/site-packages/airflow/example_dags/tutorial_taskflow_api_etl.py took 1.074 seconds
[2021-07-14 23:11:11,378] {scheduler_job.py:182} INFO - Started process (PID=2397) to work on /home/airflow/sandbox/lib/python3.8/site-packages/airflow/example_dags/tutorial_taskflow_api_etl.py
[2021-07-14 23:11:11,381] {scheduler_job.py:633} INFO - Processing file /home/airflow/sandbox/lib/python3.8/site-packages/airflow/example_dags/tutorial_taskflow_api_etl.py for tasks to queue
[2021-07-14 23:11:11,382] {logging_mixin.py:104} INFO - [2021-07-14 23:11:11,382] {dagbag.py:487} INFO - Filling up the DagBag from /home/airflow/sandbox/lib/python3.8/site-packages/airflow/example_dags/tutorial_taskflow_api_etl.py
[2021-07-14 23:11:11,422] {scheduler_job.py:643} INFO - DAG(s) dict_keys(['tutorial_taskflow_api_etl']) retrieved from /home/airflow/sandbox/lib/python3.8/site-packages/airflow/example_dags/tutorial_taskflow_api_etl.py
[2021-07-14 23:11:11,444] {logging_mixin.py:104} INFO - [2021-07-14 23:11:11,444] {dag.py:1832} INFO - Sync 1 DAGs
[2021-07-14 23:11:11,474] {logging_mixin.py:104} INFO - [2021-07-14 23:11:11,474] {dag.py:2305} INFO - Setting next_dagrun for tutorial_taskflow_api_etl to None
[2021-07-14 23:11:11,503] {scheduler_job.py:190} INFO - Processing /home/airflow/sandbox/lib/python3.8/site-packages/airflow/example_dags/tutorial_taskflow_api_etl.py took 0.131 seconds
[2021-07-14 23:11:37,729] {scheduler_job.py:182} INFO - Started process (PID=2442) to work on /home/airflow/sandbox/lib/python3.8/site-packages/airflow/example_dags/tutorial_taskflow_api_etl.py
[2021-07-14 23:11:37,730] {scheduler_job.py:633} INFO - Processing file /home/airflow/sandbox/lib/python3.8/site-packages/airflow/example_dags/tutorial_taskflow_api_etl.py for tasks to queue
[2021-07-14 23:11:37,730] {logging_mixin.py:104} INFO - [2021-07-14 23:11:37,730] {dagbag.py:487} INFO - Filling up the DagBag from /home/airflow/sandbox/lib/python3.8/site-packages/airflow/example_dags/tutorial_taskflow_api_etl.py
[2021-07-14 23:11:37,742] {scheduler_job.py:643} INFO - DAG(s) dict_keys(['tutorial_taskflow_api_etl']) retrieved from /home/airflow/sandbox/lib/python3.8/site-packages/airflow/example_dags/tutorial_taskflow_api_etl.py
[2021-07-14 23:11:38,028] {logging_mixin.py:104} INFO - [2021-07-14 23:11:38,028] {dag.py:1832} INFO - Sync 1 DAGs
[2021-07-14 23:11:38,037] {logging_mixin.py:104} INFO - [2021-07-14 23:11:38,037] {dag.py:2305} INFO - Setting next_dagrun for tutorial_taskflow_api_etl to None
[2021-07-14 23:11:38,047] {scheduler_job.py:190} INFO - Processing /home/airflow/sandbox/lib/python3.8/site-packages/airflow/example_dags/tutorial_taskflow_api_etl.py took 0.320 seconds
[2021-07-14 23:11:46,709] {scheduler_job.py:182} INFO - Started process (PID=2459) to work on /home/airflow/sandbox/lib/python3.8/site-packages/airflow/example_dags/tutorial_taskflow_api_etl.py
[2021-07-14 23:11:46,711] {scheduler_job.py:633} INFO - Processing file /home/airflow/sandbox/lib/python3.8/site-packages/airflow/example_dags/tutorial_taskflow_api_etl.py for tasks to queue
[2021-07-14 23:11:46,711] {logging_mixin.py:104} INFO - [2021-07-14 23:11:46,711] {dagbag.py:487} INFO - Filling up the DagBag from /home/airflow/sandbox/lib/python3.8/site-packages/airflow/example_dags/tutorial_taskflow_api_etl.py
[2021-07-14 23:11:46,723] {scheduler_job.py:643} INFO - DAG(s) dict_keys(['tutorial_taskflow_api_etl']) retrieved from /home/airflow/sandbox/lib/python3.8/site-packages/airflow/example_dags/tutorial_taskflow_api_etl.py
[2021-07-14 23:11:46,732] {logging_mixin.py:104} INFO - [2021-07-14 23:11:46,732] {dag.py:1832} INFO - Sync 1 DAGs
[2021-07-14 23:11:46,742] {logging_mixin.py:104} INFO - [2021-07-14 23:11:46,742] {dag.py:2305} INFO - Setting next_dagrun for tutorial_taskflow_api_etl to None
[2021-07-14 23:11:46,754] {scheduler_job.py:190} INFO - Processing /home/airflow/sandbox/lib/python3.8/site-packages/airflow/example_dags/tutorial_taskflow_api_etl.py took 0.047 seconds
[2021-07-14 23:12:09,129] {scheduler_job.py:182} INFO - Started process (PID=2504) to work on /home/airflow/sandbox/lib/python3.8/site-packages/airflow/example_dags/tutorial_taskflow_api_etl.py
[2021-07-14 23:12:09,130] {scheduler_job.py:633} INFO - Processing file /home/airflow/sandbox/lib/python3.8/site-packages/airflow/example_dags/tutorial_taskflow_api_etl.py for tasks to queue
[2021-07-14 23:12:09,130] {logging_mixin.py:104} INFO - [2021-07-14 23:12:09,130] {dagbag.py:487} INFO - Filling up the DagBag from /home/airflow/sandbox/lib/python3.8/site-packages/airflow/example_dags/tutorial_taskflow_api_etl.py
[2021-07-14 23:12:09,143] {scheduler_job.py:643} INFO - DAG(s) dict_keys(['tutorial_taskflow_api_etl']) retrieved from /home/airflow/sandbox/lib/python3.8/site-packages/airflow/example_dags/tutorial_taskflow_api_etl.py
[2021-07-14 23:12:09,417] {logging_mixin.py:104} INFO - [2021-07-14 23:12:09,417] {dag.py:1832} INFO - Sync 1 DAGs
[2021-07-14 23:12:09,425] {logging_mixin.py:104} INFO - [2021-07-14 23:12:09,425] {dag.py:2305} INFO - Setting next_dagrun for tutorial_taskflow_api_etl to None
[2021-07-14 23:12:09,444] {scheduler_job.py:190} INFO - Processing /home/airflow/sandbox/lib/python3.8/site-packages/airflow/example_dags/tutorial_taskflow_api_etl.py took 0.317 seconds
[2021-07-14 23:12:17,535] {scheduler_job.py:182} INFO - Started process (PID=2521) to work on /home/airflow/sandbox/lib/python3.8/site-packages/airflow/example_dags/tutorial_taskflow_api_etl.py
[2021-07-14 23:12:17,536] {scheduler_job.py:633} INFO - Processing file /home/airflow/sandbox/lib/python3.8/site-packages/airflow/example_dags/tutorial_taskflow_api_etl.py for tasks to queue
[2021-07-14 23:12:17,537] {logging_mixin.py:104} INFO - [2021-07-14 23:12:17,536] {dagbag.py:487} INFO - Filling up the DagBag from /home/airflow/sandbox/lib/python3.8/site-packages/airflow/example_dags/tutorial_taskflow_api_etl.py
[2021-07-14 23:12:17,551] {scheduler_job.py:643} INFO - DAG(s) dict_keys(['tutorial_taskflow_api_etl']) retrieved from /home/airflow/sandbox/lib/python3.8/site-packages/airflow/example_dags/tutorial_taskflow_api_etl.py
[2021-07-14 23:12:17,560] {logging_mixin.py:104} INFO - [2021-07-14 23:12:17,560] {dag.py:1832} INFO - Sync 1 DAGs
[2021-07-14 23:12:17,574] {logging_mixin.py:104} INFO - [2021-07-14 23:12:17,574] {dag.py:2305} INFO - Setting next_dagrun for tutorial_taskflow_api_etl to None
[2021-07-14 23:12:17,587] {scheduler_job.py:190} INFO - Processing /home/airflow/sandbox/lib/python3.8/site-packages/airflow/example_dags/tutorial_taskflow_api_etl.py took 0.055 seconds
[2021-07-14 23:12:43,761] {scheduler_job.py:182} INFO - Started process (PID=2569) to work on /home/airflow/sandbox/lib/python3.8/site-packages/airflow/example_dags/tutorial_taskflow_api_etl.py
[2021-07-14 23:12:43,762] {scheduler_job.py:633} INFO - Processing file /home/airflow/sandbox/lib/python3.8/site-packages/airflow/example_dags/tutorial_taskflow_api_etl.py for tasks to queue
[2021-07-14 23:12:43,762] {logging_mixin.py:104} INFO - [2021-07-14 23:12:43,762] {dagbag.py:487} INFO - Filling up the DagBag from /home/airflow/sandbox/lib/python3.8/site-packages/airflow/example_dags/tutorial_taskflow_api_etl.py
[2021-07-14 23:12:43,775] {scheduler_job.py:643} INFO - DAG(s) dict_keys(['tutorial_taskflow_api_etl']) retrieved from /home/airflow/sandbox/lib/python3.8/site-packages/airflow/example_dags/tutorial_taskflow_api_etl.py
[2021-07-14 23:12:44,094] {logging_mixin.py:104} INFO - [2021-07-14 23:12:44,094] {dag.py:1832} INFO - Sync 1 DAGs
[2021-07-14 23:12:44,103] {logging_mixin.py:104} INFO - [2021-07-14 23:12:44,103] {dag.py:2305} INFO - Setting next_dagrun for tutorial_taskflow_api_etl to None
[2021-07-14 23:12:44,125] {scheduler_job.py:190} INFO - Processing /home/airflow/sandbox/lib/python3.8/site-packages/airflow/example_dags/tutorial_taskflow_api_etl.py took 0.367 seconds
[2021-07-14 23:12:51,624] {scheduler_job.py:182} INFO - Started process (PID=2584) to work on /home/airflow/sandbox/lib/python3.8/site-packages/airflow/example_dags/tutorial_taskflow_api_etl.py
[2021-07-14 23:12:51,625] {scheduler_job.py:633} INFO - Processing file /home/airflow/sandbox/lib/python3.8/site-packages/airflow/example_dags/tutorial_taskflow_api_etl.py for tasks to queue
[2021-07-14 23:12:51,626] {logging_mixin.py:104} INFO - [2021-07-14 23:12:51,626] {dagbag.py:487} INFO - Filling up the DagBag from /home/airflow/sandbox/lib/python3.8/site-packages/airflow/example_dags/tutorial_taskflow_api_etl.py
[2021-07-14 23:12:51,657] {scheduler_job.py:643} INFO - DAG(s) dict_keys(['tutorial_taskflow_api_etl']) retrieved from /home/airflow/sandbox/lib/python3.8/site-packages/airflow/example_dags/tutorial_taskflow_api_etl.py
[2021-07-14 23:12:51,673] {logging_mixin.py:104} INFO - [2021-07-14 23:12:51,673] {dag.py:1832} INFO - Sync 1 DAGs
[2021-07-14 23:12:51,700] {logging_mixin.py:104} INFO - [2021-07-14 23:12:51,696] {dag.py:2305} INFO - Setting next_dagrun for tutorial_taskflow_api_etl to None
[2021-07-14 23:12:51,718] {scheduler_job.py:190} INFO - Processing /home/airflow/sandbox/lib/python3.8/site-packages/airflow/example_dags/tutorial_taskflow_api_etl.py took 0.101 seconds
[2021-07-14 23:48:46,935] {scheduler_job.py:182} INFO - Started process (PID=1841) to work on /home/airflow/sandbox/lib/python3.8/site-packages/airflow/example_dags/tutorial_taskflow_api_etl.py
[2021-07-14 23:48:46,937] {scheduler_job.py:633} INFO - Processing file /home/airflow/sandbox/lib/python3.8/site-packages/airflow/example_dags/tutorial_taskflow_api_etl.py for tasks to queue
[2021-07-14 23:48:46,937] {logging_mixin.py:104} INFO - [2021-07-14 23:48:46,937] {dagbag.py:487} INFO - Filling up the DagBag from /home/airflow/sandbox/lib/python3.8/site-packages/airflow/example_dags/tutorial_taskflow_api_etl.py
[2021-07-14 23:48:46,953] {scheduler_job.py:643} INFO - DAG(s) dict_keys(['tutorial_taskflow_api_etl']) retrieved from /home/airflow/sandbox/lib/python3.8/site-packages/airflow/example_dags/tutorial_taskflow_api_etl.py
[2021-07-14 23:48:47,157] {logging_mixin.py:104} INFO - [2021-07-14 23:48:47,157] {dag.py:1832} INFO - Sync 1 DAGs
[2021-07-14 23:48:47,169] {logging_mixin.py:104} INFO - [2021-07-14 23:48:47,169] {dag.py:2305} INFO - Setting next_dagrun for tutorial_taskflow_api_etl to None
[2021-07-14 23:48:47,189] {scheduler_job.py:190} INFO - Processing /home/airflow/sandbox/lib/python3.8/site-packages/airflow/example_dags/tutorial_taskflow_api_etl.py took 0.256 seconds
[2021-07-14 23:49:20,293] {scheduler_job.py:182} INFO - Started process (PID=1874) to work on /home/airflow/sandbox/lib/python3.8/site-packages/airflow/example_dags/tutorial_taskflow_api_etl.py
[2021-07-14 23:49:20,294] {scheduler_job.py:633} INFO - Processing file /home/airflow/sandbox/lib/python3.8/site-packages/airflow/example_dags/tutorial_taskflow_api_etl.py for tasks to queue
[2021-07-14 23:49:20,294] {logging_mixin.py:104} INFO - [2021-07-14 23:49:20,294] {dagbag.py:487} INFO - Filling up the DagBag from /home/airflow/sandbox/lib/python3.8/site-packages/airflow/example_dags/tutorial_taskflow_api_etl.py
[2021-07-14 23:49:20,306] {scheduler_job.py:643} INFO - DAG(s) dict_keys(['tutorial_taskflow_api_etl']) retrieved from /home/airflow/sandbox/lib/python3.8/site-packages/airflow/example_dags/tutorial_taskflow_api_etl.py
[2021-07-14 23:49:20,485] {logging_mixin.py:104} INFO - [2021-07-14 23:49:20,484] {dag.py:1832} INFO - Sync 1 DAGs
[2021-07-14 23:49:20,493] {logging_mixin.py:104} INFO - [2021-07-14 23:49:20,493] {dag.py:2305} INFO - Setting next_dagrun for tutorial_taskflow_api_etl to None
[2021-07-14 23:49:20,515] {scheduler_job.py:190} INFO - Processing /home/airflow/sandbox/lib/python3.8/site-packages/airflow/example_dags/tutorial_taskflow_api_etl.py took 0.224 seconds
[2021-07-14 23:49:52,490] {scheduler_job.py:182} INFO - Started process (PID=1905) to work on /home/airflow/sandbox/lib/python3.8/site-packages/airflow/example_dags/tutorial_taskflow_api_etl.py
[2021-07-14 23:49:52,491] {scheduler_job.py:633} INFO - Processing file /home/airflow/sandbox/lib/python3.8/site-packages/airflow/example_dags/tutorial_taskflow_api_etl.py for tasks to queue
[2021-07-14 23:49:52,492] {logging_mixin.py:104} INFO - [2021-07-14 23:49:52,492] {dagbag.py:487} INFO - Filling up the DagBag from /home/airflow/sandbox/lib/python3.8/site-packages/airflow/example_dags/tutorial_taskflow_api_etl.py
[2021-07-14 23:49:52,505] {scheduler_job.py:643} INFO - DAG(s) dict_keys(['tutorial_taskflow_api_etl']) retrieved from /home/airflow/sandbox/lib/python3.8/site-packages/airflow/example_dags/tutorial_taskflow_api_etl.py
[2021-07-14 23:49:52,707] {logging_mixin.py:104} INFO - [2021-07-14 23:49:52,707] {dag.py:1832} INFO - Sync 1 DAGs
[2021-07-14 23:49:52,717] {logging_mixin.py:104} INFO - [2021-07-14 23:49:52,717] {dag.py:2305} INFO - Setting next_dagrun for tutorial_taskflow_api_etl to None
[2021-07-14 23:49:52,728] {scheduler_job.py:190} INFO - Processing /home/airflow/sandbox/lib/python3.8/site-packages/airflow/example_dags/tutorial_taskflow_api_etl.py took 0.240 seconds
[2021-07-14 23:50:24,671] {scheduler_job.py:182} INFO - Started process (PID=1936) to work on /home/airflow/sandbox/lib/python3.8/site-packages/airflow/example_dags/tutorial_taskflow_api_etl.py
[2021-07-14 23:50:24,672] {scheduler_job.py:633} INFO - Processing file /home/airflow/sandbox/lib/python3.8/site-packages/airflow/example_dags/tutorial_taskflow_api_etl.py for tasks to queue
[2021-07-14 23:50:24,672] {logging_mixin.py:104} INFO - [2021-07-14 23:50:24,672] {dagbag.py:487} INFO - Filling up the DagBag from /home/airflow/sandbox/lib/python3.8/site-packages/airflow/example_dags/tutorial_taskflow_api_etl.py
[2021-07-14 23:50:24,686] {scheduler_job.py:643} INFO - DAG(s) dict_keys(['tutorial_taskflow_api_etl']) retrieved from /home/airflow/sandbox/lib/python3.8/site-packages/airflow/example_dags/tutorial_taskflow_api_etl.py
[2021-07-14 23:50:24,875] {logging_mixin.py:104} INFO - [2021-07-14 23:50:24,874] {dag.py:1832} INFO - Sync 1 DAGs
[2021-07-14 23:50:24,885] {logging_mixin.py:104} INFO - [2021-07-14 23:50:24,885] {dag.py:2305} INFO - Setting next_dagrun for tutorial_taskflow_api_etl to None
[2021-07-14 23:50:24,904] {scheduler_job.py:190} INFO - Processing /home/airflow/sandbox/lib/python3.8/site-packages/airflow/example_dags/tutorial_taskflow_api_etl.py took 0.235 seconds
[2021-07-14 23:50:57,776] {scheduler_job.py:182} INFO - Started process (PID=1968) to work on /home/airflow/sandbox/lib/python3.8/site-packages/airflow/example_dags/tutorial_taskflow_api_etl.py
[2021-07-14 23:50:57,777] {scheduler_job.py:633} INFO - Processing file /home/airflow/sandbox/lib/python3.8/site-packages/airflow/example_dags/tutorial_taskflow_api_etl.py for tasks to queue
[2021-07-14 23:50:57,778] {logging_mixin.py:104} INFO - [2021-07-14 23:50:57,778] {dagbag.py:487} INFO - Filling up the DagBag from /home/airflow/sandbox/lib/python3.8/site-packages/airflow/example_dags/tutorial_taskflow_api_etl.py
[2021-07-14 23:50:57,805] {scheduler_job.py:643} INFO - DAG(s) dict_keys(['tutorial_taskflow_api_etl']) retrieved from /home/airflow/sandbox/lib/python3.8/site-packages/airflow/example_dags/tutorial_taskflow_api_etl.py
[2021-07-14 23:50:58,175] {logging_mixin.py:104} INFO - [2021-07-14 23:50:58,175] {dag.py:1832} INFO - Sync 1 DAGs
[2021-07-14 23:50:58,192] {logging_mixin.py:104} INFO - [2021-07-14 23:50:58,191] {dag.py:2305} INFO - Setting next_dagrun for tutorial_taskflow_api_etl to None
[2021-07-14 23:50:58,217] {scheduler_job.py:190} INFO - Processing /home/airflow/sandbox/lib/python3.8/site-packages/airflow/example_dags/tutorial_taskflow_api_etl.py took 0.446 seconds
[2021-07-14 23:51:40,734] {scheduler_job.py:182} INFO - Started process (PID=2000) to work on /home/airflow/sandbox/lib/python3.8/site-packages/airflow/example_dags/tutorial_taskflow_api_etl.py
[2021-07-14 23:51:40,737] {scheduler_job.py:633} INFO - Processing file /home/airflow/sandbox/lib/python3.8/site-packages/airflow/example_dags/tutorial_taskflow_api_etl.py for tasks to queue
[2021-07-14 23:51:40,738] {logging_mixin.py:104} INFO - [2021-07-14 23:51:40,738] {dagbag.py:487} INFO - Filling up the DagBag from /home/airflow/sandbox/lib/python3.8/site-packages/airflow/example_dags/tutorial_taskflow_api_etl.py
[2021-07-14 23:51:40,783] {scheduler_job.py:643} INFO - DAG(s) dict_keys(['tutorial_taskflow_api_etl']) retrieved from /home/airflow/sandbox/lib/python3.8/site-packages/airflow/example_dags/tutorial_taskflow_api_etl.py
[2021-07-14 23:51:41,473] {logging_mixin.py:104} INFO - [2021-07-14 23:51:41,473] {dag.py:1832} INFO - Sync 1 DAGs
[2021-07-14 23:51:41,500] {logging_mixin.py:104} INFO - [2021-07-14 23:51:41,500] {dag.py:2305} INFO - Setting next_dagrun for tutorial_taskflow_api_etl to None
[2021-07-14 23:51:41,531] {scheduler_job.py:190} INFO - Processing /home/airflow/sandbox/lib/python3.8/site-packages/airflow/example_dags/tutorial_taskflow_api_etl.py took 0.804 seconds
[2021-07-14 23:52:17,023] {scheduler_job.py:182} INFO - Started process (PID=2030) to work on /home/airflow/sandbox/lib/python3.8/site-packages/airflow/example_dags/tutorial_taskflow_api_etl.py
[2021-07-14 23:52:17,024] {scheduler_job.py:633} INFO - Processing file /home/airflow/sandbox/lib/python3.8/site-packages/airflow/example_dags/tutorial_taskflow_api_etl.py for tasks to queue
[2021-07-14 23:52:17,025] {logging_mixin.py:104} INFO - [2021-07-14 23:52:17,025] {dagbag.py:487} INFO - Filling up the DagBag from /home/airflow/sandbox/lib/python3.8/site-packages/airflow/example_dags/tutorial_taskflow_api_etl.py
[2021-07-14 23:52:17,047] {scheduler_job.py:643} INFO - DAG(s) dict_keys(['tutorial_taskflow_api_etl']) retrieved from /home/airflow/sandbox/lib/python3.8/site-packages/airflow/example_dags/tutorial_taskflow_api_etl.py
[2021-07-14 23:52:17,392] {logging_mixin.py:104} INFO - [2021-07-14 23:52:17,392] {dag.py:1832} INFO - Sync 1 DAGs
[2021-07-14 23:52:17,410] {logging_mixin.py:104} INFO - [2021-07-14 23:52:17,409] {dag.py:2305} INFO - Setting next_dagrun for tutorial_taskflow_api_etl to None
[2021-07-14 23:52:17,436] {scheduler_job.py:190} INFO - Processing /home/airflow/sandbox/lib/python3.8/site-packages/airflow/example_dags/tutorial_taskflow_api_etl.py took 0.418 seconds
[2021-07-14 23:52:48,851] {scheduler_job.py:182} INFO - Started process (PID=2061) to work on /home/airflow/sandbox/lib/python3.8/site-packages/airflow/example_dags/tutorial_taskflow_api_etl.py
[2021-07-14 23:52:48,852] {scheduler_job.py:633} INFO - Processing file /home/airflow/sandbox/lib/python3.8/site-packages/airflow/example_dags/tutorial_taskflow_api_etl.py for tasks to queue
[2021-07-14 23:52:48,852] {logging_mixin.py:104} INFO - [2021-07-14 23:52:48,852] {dagbag.py:487} INFO - Filling up the DagBag from /home/airflow/sandbox/lib/python3.8/site-packages/airflow/example_dags/tutorial_taskflow_api_etl.py
[2021-07-14 23:52:48,865] {scheduler_job.py:643} INFO - DAG(s) dict_keys(['tutorial_taskflow_api_etl']) retrieved from /home/airflow/sandbox/lib/python3.8/site-packages/airflow/example_dags/tutorial_taskflow_api_etl.py
[2021-07-14 23:52:49,056] {logging_mixin.py:104} INFO - [2021-07-14 23:52:49,056] {dag.py:1832} INFO - Sync 1 DAGs
[2021-07-14 23:52:49,064] {logging_mixin.py:104} INFO - [2021-07-14 23:52:49,064] {dag.py:2305} INFO - Setting next_dagrun for tutorial_taskflow_api_etl to None
[2021-07-14 23:52:49,086] {scheduler_job.py:190} INFO - Processing /home/airflow/sandbox/lib/python3.8/site-packages/airflow/example_dags/tutorial_taskflow_api_etl.py took 0.237 seconds
[2021-07-14 23:53:21,106] {scheduler_job.py:182} INFO - Started process (PID=2092) to work on /home/airflow/sandbox/lib/python3.8/site-packages/airflow/example_dags/tutorial_taskflow_api_etl.py
[2021-07-14 23:53:21,106] {scheduler_job.py:633} INFO - Processing file /home/airflow/sandbox/lib/python3.8/site-packages/airflow/example_dags/tutorial_taskflow_api_etl.py for tasks to queue
[2021-07-14 23:53:21,107] {logging_mixin.py:104} INFO - [2021-07-14 23:53:21,107] {dagbag.py:487} INFO - Filling up the DagBag from /home/airflow/sandbox/lib/python3.8/site-packages/airflow/example_dags/tutorial_taskflow_api_etl.py
[2021-07-14 23:53:21,120] {scheduler_job.py:643} INFO - DAG(s) dict_keys(['tutorial_taskflow_api_etl']) retrieved from /home/airflow/sandbox/lib/python3.8/site-packages/airflow/example_dags/tutorial_taskflow_api_etl.py
[2021-07-14 23:53:21,312] {logging_mixin.py:104} INFO - [2021-07-14 23:53:21,312] {dag.py:1832} INFO - Sync 1 DAGs
[2021-07-14 23:53:21,321] {logging_mixin.py:104} INFO - [2021-07-14 23:53:21,321] {dag.py:2305} INFO - Setting next_dagrun for tutorial_taskflow_api_etl to None
[2021-07-14 23:53:21,334] {scheduler_job.py:190} INFO - Processing /home/airflow/sandbox/lib/python3.8/site-packages/airflow/example_dags/tutorial_taskflow_api_etl.py took 0.232 seconds
[2021-07-14 23:53:55,184] {scheduler_job.py:182} INFO - Started process (PID=2125) to work on /home/airflow/sandbox/lib/python3.8/site-packages/airflow/example_dags/tutorial_taskflow_api_etl.py
[2021-07-14 23:53:55,186] {scheduler_job.py:633} INFO - Processing file /home/airflow/sandbox/lib/python3.8/site-packages/airflow/example_dags/tutorial_taskflow_api_etl.py for tasks to queue
[2021-07-14 23:53:55,187] {logging_mixin.py:104} INFO - [2021-07-14 23:53:55,187] {dagbag.py:487} INFO - Filling up the DagBag from /home/airflow/sandbox/lib/python3.8/site-packages/airflow/example_dags/tutorial_taskflow_api_etl.py
[2021-07-14 23:53:55,208] {scheduler_job.py:643} INFO - DAG(s) dict_keys(['tutorial_taskflow_api_etl']) retrieved from /home/airflow/sandbox/lib/python3.8/site-packages/airflow/example_dags/tutorial_taskflow_api_etl.py
[2021-07-14 23:53:55,491] {logging_mixin.py:104} INFO - [2021-07-14 23:53:55,491] {dag.py:1832} INFO - Sync 1 DAGs
[2021-07-14 23:53:55,506] {logging_mixin.py:104} INFO - [2021-07-14 23:53:55,506] {dag.py:2305} INFO - Setting next_dagrun for tutorial_taskflow_api_etl to None
[2021-07-14 23:53:55,522] {scheduler_job.py:190} INFO - Processing /home/airflow/sandbox/lib/python3.8/site-packages/airflow/example_dags/tutorial_taskflow_api_etl.py took 0.343 seconds
[2021-07-14 23:54:26,094] {scheduler_job.py:182} INFO - Started process (PID=2155) to work on /home/airflow/sandbox/lib/python3.8/site-packages/airflow/example_dags/tutorial_taskflow_api_etl.py
[2021-07-14 23:54:26,095] {scheduler_job.py:633} INFO - Processing file /home/airflow/sandbox/lib/python3.8/site-packages/airflow/example_dags/tutorial_taskflow_api_etl.py for tasks to queue
[2021-07-14 23:54:26,095] {logging_mixin.py:104} INFO - [2021-07-14 23:54:26,095] {dagbag.py:487} INFO - Filling up the DagBag from /home/airflow/sandbox/lib/python3.8/site-packages/airflow/example_dags/tutorial_taskflow_api_etl.py
[2021-07-14 23:54:26,110] {scheduler_job.py:643} INFO - DAG(s) dict_keys(['tutorial_taskflow_api_etl']) retrieved from /home/airflow/sandbox/lib/python3.8/site-packages/airflow/example_dags/tutorial_taskflow_api_etl.py
[2021-07-14 23:54:26,325] {logging_mixin.py:104} INFO - [2021-07-14 23:54:26,324] {dag.py:1832} INFO - Sync 1 DAGs
[2021-07-14 23:54:26,335] {logging_mixin.py:104} INFO - [2021-07-14 23:54:26,335] {dag.py:2305} INFO - Setting next_dagrun for tutorial_taskflow_api_etl to None
[2021-07-14 23:54:26,346] {scheduler_job.py:190} INFO - Processing /home/airflow/sandbox/lib/python3.8/site-packages/airflow/example_dags/tutorial_taskflow_api_etl.py took 0.254 seconds
[2021-07-14 23:54:57,193] {scheduler_job.py:182} INFO - Started process (PID=2185) to work on /home/airflow/sandbox/lib/python3.8/site-packages/airflow/example_dags/tutorial_taskflow_api_etl.py
[2021-07-14 23:54:57,194] {scheduler_job.py:633} INFO - Processing file /home/airflow/sandbox/lib/python3.8/site-packages/airflow/example_dags/tutorial_taskflow_api_etl.py for tasks to queue
[2021-07-14 23:54:57,195] {logging_mixin.py:104} INFO - [2021-07-14 23:54:57,195] {dagbag.py:487} INFO - Filling up the DagBag from /home/airflow/sandbox/lib/python3.8/site-packages/airflow/example_dags/tutorial_taskflow_api_etl.py
[2021-07-14 23:54:57,209] {scheduler_job.py:643} INFO - DAG(s) dict_keys(['tutorial_taskflow_api_etl']) retrieved from /home/airflow/sandbox/lib/python3.8/site-packages/airflow/example_dags/tutorial_taskflow_api_etl.py
[2021-07-14 23:54:57,405] {logging_mixin.py:104} INFO - [2021-07-14 23:54:57,405] {dag.py:1832} INFO - Sync 1 DAGs
[2021-07-14 23:54:57,416] {logging_mixin.py:104} INFO - [2021-07-14 23:54:57,416] {dag.py:2305} INFO - Setting next_dagrun for tutorial_taskflow_api_etl to None
[2021-07-14 23:54:57,427] {scheduler_job.py:190} INFO - Processing /home/airflow/sandbox/lib/python3.8/site-packages/airflow/example_dags/tutorial_taskflow_api_etl.py took 0.236 seconds
[2021-07-14 23:56:01,925] {scheduler_job.py:182} INFO - Started process (PID=2258) to work on /home/airflow/sandbox/lib/python3.8/site-packages/airflow/example_dags/tutorial_taskflow_api_etl.py
[2021-07-14 23:56:01,925] {scheduler_job.py:633} INFO - Processing file /home/airflow/sandbox/lib/python3.8/site-packages/airflow/example_dags/tutorial_taskflow_api_etl.py for tasks to queue
[2021-07-14 23:56:01,926] {logging_mixin.py:104} INFO - [2021-07-14 23:56:01,926] {dagbag.py:487} INFO - Filling up the DagBag from /home/airflow/sandbox/lib/python3.8/site-packages/airflow/example_dags/tutorial_taskflow_api_etl.py
[2021-07-14 23:56:01,939] {scheduler_job.py:643} INFO - DAG(s) dict_keys(['tutorial_taskflow_api_etl']) retrieved from /home/airflow/sandbox/lib/python3.8/site-packages/airflow/example_dags/tutorial_taskflow_api_etl.py
[2021-07-14 23:56:02,151] {logging_mixin.py:104} INFO - [2021-07-14 23:56:02,151] {dag.py:1832} INFO - Sync 1 DAGs
[2021-07-14 23:56:02,162] {logging_mixin.py:104} INFO - [2021-07-14 23:56:02,162] {dag.py:2305} INFO - Setting next_dagrun for tutorial_taskflow_api_etl to None
[2021-07-14 23:56:02,175] {scheduler_job.py:190} INFO - Processing /home/airflow/sandbox/lib/python3.8/site-packages/airflow/example_dags/tutorial_taskflow_api_etl.py took 0.254 seconds
[2021-07-14 23:56:35,527] {scheduler_job.py:182} INFO - Started process (PID=2289) to work on /home/airflow/sandbox/lib/python3.8/site-packages/airflow/example_dags/tutorial_taskflow_api_etl.py
[2021-07-14 23:56:35,528] {scheduler_job.py:633} INFO - Processing file /home/airflow/sandbox/lib/python3.8/site-packages/airflow/example_dags/tutorial_taskflow_api_etl.py for tasks to queue
[2021-07-14 23:56:35,528] {logging_mixin.py:104} INFO - [2021-07-14 23:56:35,528] {dagbag.py:487} INFO - Filling up the DagBag from /home/airflow/sandbox/lib/python3.8/site-packages/airflow/example_dags/tutorial_taskflow_api_etl.py
[2021-07-14 23:56:35,541] {scheduler_job.py:643} INFO - DAG(s) dict_keys(['tutorial_taskflow_api_etl']) retrieved from /home/airflow/sandbox/lib/python3.8/site-packages/airflow/example_dags/tutorial_taskflow_api_etl.py
[2021-07-14 23:56:35,760] {logging_mixin.py:104} INFO - [2021-07-14 23:56:35,760] {dag.py:1832} INFO - Sync 1 DAGs
[2021-07-14 23:56:35,776] {logging_mixin.py:104} INFO - [2021-07-14 23:56:35,776] {dag.py:2305} INFO - Setting next_dagrun for tutorial_taskflow_api_etl to None
[2021-07-14 23:56:35,796] {scheduler_job.py:190} INFO - Processing /home/airflow/sandbox/lib/python3.8/site-packages/airflow/example_dags/tutorial_taskflow_api_etl.py took 0.272 seconds
[2021-07-14 23:57:09,012] {scheduler_job.py:182} INFO - Started process (PID=2321) to work on /home/airflow/sandbox/lib/python3.8/site-packages/airflow/example_dags/tutorial_taskflow_api_etl.py
[2021-07-14 23:57:09,013] {scheduler_job.py:633} INFO - Processing file /home/airflow/sandbox/lib/python3.8/site-packages/airflow/example_dags/tutorial_taskflow_api_etl.py for tasks to queue
[2021-07-14 23:57:09,014] {logging_mixin.py:104} INFO - [2021-07-14 23:57:09,014] {dagbag.py:487} INFO - Filling up the DagBag from /home/airflow/sandbox/lib/python3.8/site-packages/airflow/example_dags/tutorial_taskflow_api_etl.py
[2021-07-14 23:57:09,028] {scheduler_job.py:643} INFO - DAG(s) dict_keys(['tutorial_taskflow_api_etl']) retrieved from /home/airflow/sandbox/lib/python3.8/site-packages/airflow/example_dags/tutorial_taskflow_api_etl.py
[2021-07-14 23:57:09,276] {logging_mixin.py:104} INFO - [2021-07-14 23:57:09,276] {dag.py:1832} INFO - Sync 1 DAGs
[2021-07-14 23:57:09,287] {logging_mixin.py:104} INFO - [2021-07-14 23:57:09,287] {dag.py:2305} INFO - Setting next_dagrun for tutorial_taskflow_api_etl to None
[2021-07-14 23:57:09,308] {scheduler_job.py:190} INFO - Processing /home/airflow/sandbox/lib/python3.8/site-packages/airflow/example_dags/tutorial_taskflow_api_etl.py took 0.300 seconds
[2021-07-14 23:57:41,364] {scheduler_job.py:182} INFO - Started process (PID=2352) to work on /home/airflow/sandbox/lib/python3.8/site-packages/airflow/example_dags/tutorial_taskflow_api_etl.py
[2021-07-14 23:57:41,365] {scheduler_job.py:633} INFO - Processing file /home/airflow/sandbox/lib/python3.8/site-packages/airflow/example_dags/tutorial_taskflow_api_etl.py for tasks to queue
[2021-07-14 23:57:41,366] {logging_mixin.py:104} INFO - [2021-07-14 23:57:41,366] {dagbag.py:487} INFO - Filling up the DagBag from /home/airflow/sandbox/lib/python3.8/site-packages/airflow/example_dags/tutorial_taskflow_api_etl.py
[2021-07-14 23:57:41,382] {scheduler_job.py:643} INFO - DAG(s) dict_keys(['tutorial_taskflow_api_etl']) retrieved from /home/airflow/sandbox/lib/python3.8/site-packages/airflow/example_dags/tutorial_taskflow_api_etl.py
[2021-07-14 23:57:41,637] {logging_mixin.py:104} INFO - [2021-07-14 23:57:41,636] {dag.py:1832} INFO - Sync 1 DAGs
[2021-07-14 23:57:41,674] {logging_mixin.py:104} INFO - [2021-07-14 23:57:41,670] {dag.py:2305} INFO - Setting next_dagrun for tutorial_taskflow_api_etl to None
[2021-07-14 23:57:41,698] {scheduler_job.py:190} INFO - Processing /home/airflow/sandbox/lib/python3.8/site-packages/airflow/example_dags/tutorial_taskflow_api_etl.py took 0.332 seconds
[2021-07-14 23:58:14,190] {scheduler_job.py:182} INFO - Started process (PID=2383) to work on /home/airflow/sandbox/lib/python3.8/site-packages/airflow/example_dags/tutorial_taskflow_api_etl.py
[2021-07-14 23:58:14,191] {scheduler_job.py:633} INFO - Processing file /home/airflow/sandbox/lib/python3.8/site-packages/airflow/example_dags/tutorial_taskflow_api_etl.py for tasks to queue
[2021-07-14 23:58:14,192] {logging_mixin.py:104} INFO - [2021-07-14 23:58:14,192] {dagbag.py:487} INFO - Filling up the DagBag from /home/airflow/sandbox/lib/python3.8/site-packages/airflow/example_dags/tutorial_taskflow_api_etl.py
[2021-07-14 23:58:14,205] {scheduler_job.py:643} INFO - DAG(s) dict_keys(['tutorial_taskflow_api_etl']) retrieved from /home/airflow/sandbox/lib/python3.8/site-packages/airflow/example_dags/tutorial_taskflow_api_etl.py
[2021-07-14 23:58:14,425] {logging_mixin.py:104} INFO - [2021-07-14 23:58:14,425] {dag.py:1832} INFO - Sync 1 DAGs
[2021-07-14 23:58:14,439] {logging_mixin.py:104} INFO - [2021-07-14 23:58:14,439] {dag.py:2305} INFO - Setting next_dagrun for tutorial_taskflow_api_etl to None
[2021-07-14 23:58:14,461] {scheduler_job.py:190} INFO - Processing /home/airflow/sandbox/lib/python3.8/site-packages/airflow/example_dags/tutorial_taskflow_api_etl.py took 0.274 seconds
[2021-07-14 23:58:45,635] {scheduler_job.py:182} INFO - Started process (PID=2414) to work on /home/airflow/sandbox/lib/python3.8/site-packages/airflow/example_dags/tutorial_taskflow_api_etl.py
[2021-07-14 23:58:45,636] {scheduler_job.py:633} INFO - Processing file /home/airflow/sandbox/lib/python3.8/site-packages/airflow/example_dags/tutorial_taskflow_api_etl.py for tasks to queue
[2021-07-14 23:58:45,636] {logging_mixin.py:104} INFO - [2021-07-14 23:58:45,636] {dagbag.py:487} INFO - Filling up the DagBag from /home/airflow/sandbox/lib/python3.8/site-packages/airflow/example_dags/tutorial_taskflow_api_etl.py
[2021-07-14 23:58:45,647] {scheduler_job.py:643} INFO - DAG(s) dict_keys(['tutorial_taskflow_api_etl']) retrieved from /home/airflow/sandbox/lib/python3.8/site-packages/airflow/example_dags/tutorial_taskflow_api_etl.py
[2021-07-14 23:58:45,819] {logging_mixin.py:104} INFO - [2021-07-14 23:58:45,819] {dag.py:1832} INFO - Sync 1 DAGs
[2021-07-14 23:58:45,826] {logging_mixin.py:104} INFO - [2021-07-14 23:58:45,826] {dag.py:2305} INFO - Setting next_dagrun for tutorial_taskflow_api_etl to None
[2021-07-14 23:58:45,846] {scheduler_job.py:190} INFO - Processing /home/airflow/sandbox/lib/python3.8/site-packages/airflow/example_dags/tutorial_taskflow_api_etl.py took 0.214 seconds
[2021-07-14 23:59:17,020] {scheduler_job.py:182} INFO - Started process (PID=2445) to work on /home/airflow/sandbox/lib/python3.8/site-packages/airflow/example_dags/tutorial_taskflow_api_etl.py
[2021-07-14 23:59:17,021] {scheduler_job.py:633} INFO - Processing file /home/airflow/sandbox/lib/python3.8/site-packages/airflow/example_dags/tutorial_taskflow_api_etl.py for tasks to queue
[2021-07-14 23:59:17,021] {logging_mixin.py:104} INFO - [2021-07-14 23:59:17,021] {dagbag.py:487} INFO - Filling up the DagBag from /home/airflow/sandbox/lib/python3.8/site-packages/airflow/example_dags/tutorial_taskflow_api_etl.py
[2021-07-14 23:59:17,032] {scheduler_job.py:643} INFO - DAG(s) dict_keys(['tutorial_taskflow_api_etl']) retrieved from /home/airflow/sandbox/lib/python3.8/site-packages/airflow/example_dags/tutorial_taskflow_api_etl.py
[2021-07-14 23:59:17,196] {logging_mixin.py:104} INFO - [2021-07-14 23:59:17,196] {dag.py:1832} INFO - Sync 1 DAGs
[2021-07-14 23:59:17,203] {logging_mixin.py:104} INFO - [2021-07-14 23:59:17,203] {dag.py:2305} INFO - Setting next_dagrun for tutorial_taskflow_api_etl to None
[2021-07-14 23:59:17,221] {scheduler_job.py:190} INFO - Processing /home/airflow/sandbox/lib/python3.8/site-packages/airflow/example_dags/tutorial_taskflow_api_etl.py took 0.203 seconds
[2021-07-14 23:59:47,584] {scheduler_job.py:182} INFO - Started process (PID=2477) to work on /home/airflow/sandbox/lib/python3.8/site-packages/airflow/example_dags/tutorial_taskflow_api_etl.py
[2021-07-14 23:59:47,585] {scheduler_job.py:633} INFO - Processing file /home/airflow/sandbox/lib/python3.8/site-packages/airflow/example_dags/tutorial_taskflow_api_etl.py for tasks to queue
[2021-07-14 23:59:47,585] {logging_mixin.py:104} INFO - [2021-07-14 23:59:47,585] {dagbag.py:487} INFO - Filling up the DagBag from /home/airflow/sandbox/lib/python3.8/site-packages/airflow/example_dags/tutorial_taskflow_api_etl.py
[2021-07-14 23:59:47,596] {scheduler_job.py:643} INFO - DAG(s) dict_keys(['tutorial_taskflow_api_etl']) retrieved from /home/airflow/sandbox/lib/python3.8/site-packages/airflow/example_dags/tutorial_taskflow_api_etl.py
[2021-07-14 23:59:47,757] {logging_mixin.py:104} INFO - [2021-07-14 23:59:47,757] {dag.py:1832} INFO - Sync 1 DAGs
[2021-07-14 23:59:47,764] {logging_mixin.py:104} INFO - [2021-07-14 23:59:47,764] {dag.py:2305} INFO - Setting next_dagrun for tutorial_taskflow_api_etl to None
[2021-07-14 23:59:47,781] {scheduler_job.py:190} INFO - Processing /home/airflow/sandbox/lib/python3.8/site-packages/airflow/example_dags/tutorial_taskflow_api_etl.py took 0.199 seconds
