[2021-07-20 16:28:46,772] {taskinstance.py:876} INFO - Dependencies all met for <TaskInstance: xcom_dag.downloading_data 2021-07-20T16:28:45.651114+00:00 [queued]>
[2021-07-20 16:28:46,794] {taskinstance.py:876} INFO - Dependencies all met for <TaskInstance: xcom_dag.downloading_data 2021-07-20T16:28:45.651114+00:00 [queued]>
[2021-07-20 16:28:46,795] {taskinstance.py:1067} INFO - 
--------------------------------------------------------------------------------
[2021-07-20 16:28:46,795] {taskinstance.py:1068} INFO - Starting attempt 1 of 1
[2021-07-20 16:28:46,797] {taskinstance.py:1069} INFO - 
--------------------------------------------------------------------------------
[2021-07-20 16:28:46,809] {taskinstance.py:1087} INFO - Executing <Task(BashOperator): downloading_data> on 2021-07-20T16:28:45.651114+00:00
[2021-07-20 16:28:46,812] {standard_task_runner.py:52} INFO - Started process 10336 to run task
[2021-07-20 16:28:46,821] {standard_task_runner.py:76} INFO - Running: ['airflow', 'tasks', 'run', 'xcom_dag', 'downloading_data', '2021-07-20T16:28:45.651114+00:00', '--job-id', '249', '--pool', 'default_pool', '--raw', '--subdir', 'DAGS_FOLDER/xcom_dag.py', '--cfg-path', '/tmp/tmp39__dco5', '--error-file', '/tmp/tmpokq9nij4']
[2021-07-20 16:28:46,822] {standard_task_runner.py:77} INFO - Job 249: Subtask downloading_data
[2021-07-20 16:28:46,900] {logging_mixin.py:104} INFO - Running <TaskInstance: xcom_dag.downloading_data 2021-07-20T16:28:45.651114+00:00 [running]> on host airflowvm
[2021-07-20 16:28:47,020] {taskinstance.py:1280} INFO - Exporting the following env vars:
AIRFLOW_CTX_DAG_OWNER=airflow
AIRFLOW_CTX_DAG_ID=xcom_dag
AIRFLOW_CTX_TASK_ID=downloading_data
AIRFLOW_CTX_EXECUTION_DATE=2021-07-20T16:28:45.651114+00:00
AIRFLOW_CTX_DAG_RUN_ID=manual__2021-07-20T16:28:45.651114+00:00
[2021-07-20 16:28:47,021] {subprocess.py:52} INFO - Tmp dir root location: 
 /tmp
[2021-07-20 16:28:47,022] {subprocess.py:63} INFO - Running command: ['bash', '-c', 'sleep 3']
[2021-07-20 16:28:47,033] {subprocess.py:75} INFO - Output:
[2021-07-20 16:28:50,037] {subprocess.py:83} INFO - Command exited with return code 0
[2021-07-20 16:28:50,053] {taskinstance.py:1184} INFO - Marking task as SUCCESS. dag_id=xcom_dag, task_id=downloading_data, execution_date=20210720T162845, start_date=20210720T162846, end_date=20210720T162850
[2021-07-20 16:28:50,098] {taskinstance.py:1245} INFO - 3 downstream tasks scheduled from follow-on schedule check
[2021-07-20 16:28:50,142] {local_task_job.py:151} INFO - Task exited with return code 0
